[2023-04-29T22:23:31.269+0000] {processor.py:153} INFO - Started process (PID=34) to work on /opt/airflow/dags/preparo_receita_almoco_dag.py
[2023-04-29T22:23:31.280+0000] {processor.py:743} INFO - Processing file /opt/airflow/dags/preparo_receita_almoco_dag.py for tasks to queue
[2023-04-29T22:23:31.286+0000] {logging_mixin.py:137} INFO - [2023-04-29T22:23:31.286+0000] {dagbag.py:532} INFO - Filling up the DagBag from /opt/airflow/dags/preparo_receita_almoco_dag.py
[2023-04-29T22:23:31.381+0000] {processor.py:753} INFO - DAG(s) dict_keys(['preparo_receita_almoco']) retrieved from /opt/airflow/dags/preparo_receita_almoco_dag.py
[2023-04-29T22:23:31.684+0000] {logging_mixin.py:137} INFO - [2023-04-29T22:23:31.684+0000] {dag.py:2693} INFO - Sync 1 DAGs
[2023-04-29T22:23:31.723+0000] {logging_mixin.py:137} INFO - [2023-04-29T22:23:31.722+0000] {dag.py:3444} INFO - Setting next_dagrun for preparo_receita_almoco to None, run_after=None
[2023-04-29T22:23:31.792+0000] {processor.py:175} INFO - Processing /opt/airflow/dags/preparo_receita_almoco_dag.py took 0.526 seconds
[2023-04-29T22:24:02.639+0000] {processor.py:153} INFO - Started process (PID=85) to work on /opt/airflow/dags/preparo_receita_almoco_dag.py
[2023-04-29T22:24:02.642+0000] {processor.py:743} INFO - Processing file /opt/airflow/dags/preparo_receita_almoco_dag.py for tasks to queue
[2023-04-29T22:24:02.643+0000] {logging_mixin.py:137} INFO - [2023-04-29T22:24:02.643+0000] {dagbag.py:532} INFO - Filling up the DagBag from /opt/airflow/dags/preparo_receita_almoco_dag.py
[2023-04-29T22:24:02.677+0000] {processor.py:753} INFO - DAG(s) dict_keys(['preparo_receita_almoco']) retrieved from /opt/airflow/dags/preparo_receita_almoco_dag.py
[2023-04-29T22:24:02.706+0000] {logging_mixin.py:137} INFO - [2023-04-29T22:24:02.706+0000] {dag.py:2693} INFO - Sync 1 DAGs
[2023-04-29T22:24:02.733+0000] {logging_mixin.py:137} INFO - [2023-04-29T22:24:02.733+0000] {dag.py:3444} INFO - Setting next_dagrun for preparo_receita_almoco to None, run_after=None
[2023-04-29T22:24:02.747+0000] {processor.py:175} INFO - Processing /opt/airflow/dags/preparo_receita_almoco_dag.py took 0.115 seconds
[2023-04-29T22:24:33.293+0000] {processor.py:153} INFO - Started process (PID=137) to work on /opt/airflow/dags/preparo_receita_almoco_dag.py
[2023-04-29T22:24:33.295+0000] {processor.py:743} INFO - Processing file /opt/airflow/dags/preparo_receita_almoco_dag.py for tasks to queue
[2023-04-29T22:24:33.298+0000] {logging_mixin.py:137} INFO - [2023-04-29T22:24:33.297+0000] {dagbag.py:532} INFO - Filling up the DagBag from /opt/airflow/dags/preparo_receita_almoco_dag.py
[2023-04-29T22:24:33.327+0000] {processor.py:753} INFO - DAG(s) dict_keys(['preparo_receita_almoco']) retrieved from /opt/airflow/dags/preparo_receita_almoco_dag.py
[2023-04-29T22:24:33.385+0000] {logging_mixin.py:137} INFO - [2023-04-29T22:24:33.385+0000] {dag.py:2693} INFO - Sync 1 DAGs
[2023-04-29T22:24:33.425+0000] {logging_mixin.py:137} INFO - [2023-04-29T22:24:33.425+0000] {dag.py:3444} INFO - Setting next_dagrun for preparo_receita_almoco to None, run_after=None
[2023-04-29T22:24:33.445+0000] {processor.py:175} INFO - Processing /opt/airflow/dags/preparo_receita_almoco_dag.py took 0.157 seconds
[2023-04-29T22:25:03.836+0000] {processor.py:153} INFO - Started process (PID=188) to work on /opt/airflow/dags/preparo_receita_almoco_dag.py
[2023-04-29T22:25:03.838+0000] {processor.py:743} INFO - Processing file /opt/airflow/dags/preparo_receita_almoco_dag.py for tasks to queue
[2023-04-29T22:25:03.839+0000] {logging_mixin.py:137} INFO - [2023-04-29T22:25:03.839+0000] {dagbag.py:532} INFO - Filling up the DagBag from /opt/airflow/dags/preparo_receita_almoco_dag.py
[2023-04-29T22:25:03.891+0000] {processor.py:753} INFO - DAG(s) dict_keys(['preparo_receita_almoco']) retrieved from /opt/airflow/dags/preparo_receita_almoco_dag.py
[2023-04-29T22:25:03.923+0000] {logging_mixin.py:137} INFO - [2023-04-29T22:25:03.922+0000] {dag.py:2693} INFO - Sync 1 DAGs
[2023-04-29T22:25:03.946+0000] {logging_mixin.py:137} INFO - [2023-04-29T22:25:03.946+0000] {dag.py:3444} INFO - Setting next_dagrun for preparo_receita_almoco to None, run_after=None
[2023-04-29T22:25:03.960+0000] {processor.py:175} INFO - Processing /opt/airflow/dags/preparo_receita_almoco_dag.py took 0.128 seconds
[2023-04-29T22:25:34.840+0000] {processor.py:153} INFO - Started process (PID=239) to work on /opt/airflow/dags/preparo_receita_almoco_dag.py
[2023-04-29T22:25:34.843+0000] {processor.py:743} INFO - Processing file /opt/airflow/dags/preparo_receita_almoco_dag.py for tasks to queue
[2023-04-29T22:25:34.845+0000] {logging_mixin.py:137} INFO - [2023-04-29T22:25:34.845+0000] {dagbag.py:532} INFO - Filling up the DagBag from /opt/airflow/dags/preparo_receita_almoco_dag.py
[2023-04-29T22:25:34.873+0000] {processor.py:753} INFO - DAG(s) dict_keys(['preparo_receita_almoco']) retrieved from /opt/airflow/dags/preparo_receita_almoco_dag.py
[2023-04-29T22:25:34.899+0000] {logging_mixin.py:137} INFO - [2023-04-29T22:25:34.899+0000] {dag.py:2693} INFO - Sync 1 DAGs
[2023-04-29T22:25:34.920+0000] {logging_mixin.py:137} INFO - [2023-04-29T22:25:34.920+0000] {dag.py:3444} INFO - Setting next_dagrun for preparo_receita_almoco to None, run_after=None
[2023-04-29T22:25:34.933+0000] {processor.py:175} INFO - Processing /opt/airflow/dags/preparo_receita_almoco_dag.py took 0.099 seconds
[2023-04-29T22:26:05.701+0000] {processor.py:153} INFO - Started process (PID=290) to work on /opt/airflow/dags/preparo_receita_almoco_dag.py
[2023-04-29T22:26:05.704+0000] {processor.py:743} INFO - Processing file /opt/airflow/dags/preparo_receita_almoco_dag.py for tasks to queue
[2023-04-29T22:26:05.705+0000] {logging_mixin.py:137} INFO - [2023-04-29T22:26:05.705+0000] {dagbag.py:532} INFO - Filling up the DagBag from /opt/airflow/dags/preparo_receita_almoco_dag.py
[2023-04-29T22:26:05.731+0000] {processor.py:753} INFO - DAG(s) dict_keys(['preparo_receita_almoco']) retrieved from /opt/airflow/dags/preparo_receita_almoco_dag.py
[2023-04-29T22:26:05.756+0000] {logging_mixin.py:137} INFO - [2023-04-29T22:26:05.756+0000] {dag.py:2693} INFO - Sync 1 DAGs
[2023-04-29T22:26:05.776+0000] {logging_mixin.py:137} INFO - [2023-04-29T22:26:05.776+0000] {dag.py:3444} INFO - Setting next_dagrun for preparo_receita_almoco to None, run_after=None
[2023-04-29T22:26:05.788+0000] {processor.py:175} INFO - Processing /opt/airflow/dags/preparo_receita_almoco_dag.py took 0.092 seconds
[2023-04-29T22:26:36.340+0000] {processor.py:153} INFO - Started process (PID=341) to work on /opt/airflow/dags/preparo_receita_almoco_dag.py
[2023-04-29T22:26:36.345+0000] {processor.py:743} INFO - Processing file /opt/airflow/dags/preparo_receita_almoco_dag.py for tasks to queue
[2023-04-29T22:26:36.346+0000] {logging_mixin.py:137} INFO - [2023-04-29T22:26:36.346+0000] {dagbag.py:532} INFO - Filling up the DagBag from /opt/airflow/dags/preparo_receita_almoco_dag.py
[2023-04-29T22:26:36.372+0000] {processor.py:753} INFO - DAG(s) dict_keys(['preparo_receita_almoco']) retrieved from /opt/airflow/dags/preparo_receita_almoco_dag.py
[2023-04-29T22:26:36.454+0000] {logging_mixin.py:137} INFO - [2023-04-29T22:26:36.454+0000] {dag.py:2693} INFO - Sync 1 DAGs
[2023-04-29T22:26:36.499+0000] {logging_mixin.py:137} INFO - [2023-04-29T22:26:36.499+0000] {dag.py:3444} INFO - Setting next_dagrun for preparo_receita_almoco to None, run_after=None
[2023-04-29T22:26:36.558+0000] {processor.py:175} INFO - Processing /opt/airflow/dags/preparo_receita_almoco_dag.py took 0.225 seconds
[2023-04-29T22:27:07.094+0000] {processor.py:153} INFO - Started process (PID=392) to work on /opt/airflow/dags/preparo_receita_almoco_dag.py
[2023-04-29T22:27:07.095+0000] {processor.py:743} INFO - Processing file /opt/airflow/dags/preparo_receita_almoco_dag.py for tasks to queue
[2023-04-29T22:27:07.096+0000] {logging_mixin.py:137} INFO - [2023-04-29T22:27:07.096+0000] {dagbag.py:532} INFO - Filling up the DagBag from /opt/airflow/dags/preparo_receita_almoco_dag.py
[2023-04-29T22:27:07.117+0000] {processor.py:753} INFO - DAG(s) dict_keys(['preparo_receita_almoco']) retrieved from /opt/airflow/dags/preparo_receita_almoco_dag.py
[2023-04-29T22:27:07.149+0000] {logging_mixin.py:137} INFO - [2023-04-29T22:27:07.149+0000] {dag.py:2693} INFO - Sync 1 DAGs
[2023-04-29T22:27:07.173+0000] {logging_mixin.py:137} INFO - [2023-04-29T22:27:07.173+0000] {dag.py:3444} INFO - Setting next_dagrun for preparo_receita_almoco to None, run_after=None
[2023-04-29T22:27:07.187+0000] {processor.py:175} INFO - Processing /opt/airflow/dags/preparo_receita_almoco_dag.py took 0.098 seconds
[2023-04-29T22:27:37.790+0000] {processor.py:153} INFO - Started process (PID=443) to work on /opt/airflow/dags/preparo_receita_almoco_dag.py
[2023-04-29T22:27:37.792+0000] {processor.py:743} INFO - Processing file /opt/airflow/dags/preparo_receita_almoco_dag.py for tasks to queue
[2023-04-29T22:27:37.793+0000] {logging_mixin.py:137} INFO - [2023-04-29T22:27:37.793+0000] {dagbag.py:532} INFO - Filling up the DagBag from /opt/airflow/dags/preparo_receita_almoco_dag.py
[2023-04-29T22:27:37.824+0000] {processor.py:753} INFO - DAG(s) dict_keys(['preparo_receita_almoco']) retrieved from /opt/airflow/dags/preparo_receita_almoco_dag.py
[2023-04-29T22:27:37.855+0000] {logging_mixin.py:137} INFO - [2023-04-29T22:27:37.854+0000] {dag.py:2693} INFO - Sync 1 DAGs
[2023-04-29T22:27:37.882+0000] {logging_mixin.py:137} INFO - [2023-04-29T22:27:37.881+0000] {dag.py:3444} INFO - Setting next_dagrun for preparo_receita_almoco to None, run_after=None
[2023-04-29T22:27:37.910+0000] {processor.py:175} INFO - Processing /opt/airflow/dags/preparo_receita_almoco_dag.py took 0.123 seconds
[2023-04-29T22:28:08.425+0000] {processor.py:153} INFO - Started process (PID=494) to work on /opt/airflow/dags/preparo_receita_almoco_dag.py
[2023-04-29T22:28:08.426+0000] {processor.py:743} INFO - Processing file /opt/airflow/dags/preparo_receita_almoco_dag.py for tasks to queue
[2023-04-29T22:28:08.427+0000] {logging_mixin.py:137} INFO - [2023-04-29T22:28:08.427+0000] {dagbag.py:532} INFO - Filling up the DagBag from /opt/airflow/dags/preparo_receita_almoco_dag.py
[2023-04-29T22:28:08.459+0000] {processor.py:753} INFO - DAG(s) dict_keys(['preparo_receita_almoco']) retrieved from /opt/airflow/dags/preparo_receita_almoco_dag.py
[2023-04-29T22:28:08.517+0000] {logging_mixin.py:137} INFO - [2023-04-29T22:28:08.517+0000] {dag.py:2693} INFO - Sync 1 DAGs
[2023-04-29T22:28:08.549+0000] {logging_mixin.py:137} INFO - [2023-04-29T22:28:08.548+0000] {dag.py:3444} INFO - Setting next_dagrun for preparo_receita_almoco to None, run_after=None
[2023-04-29T22:28:08.575+0000] {processor.py:175} INFO - Processing /opt/airflow/dags/preparo_receita_almoco_dag.py took 0.154 seconds
[2023-04-29T22:28:39.336+0000] {processor.py:153} INFO - Started process (PID=545) to work on /opt/airflow/dags/preparo_receita_almoco_dag.py
[2023-04-29T22:28:39.337+0000] {processor.py:743} INFO - Processing file /opt/airflow/dags/preparo_receita_almoco_dag.py for tasks to queue
[2023-04-29T22:28:39.338+0000] {logging_mixin.py:137} INFO - [2023-04-29T22:28:39.338+0000] {dagbag.py:532} INFO - Filling up the DagBag from /opt/airflow/dags/preparo_receita_almoco_dag.py
[2023-04-29T22:28:39.382+0000] {processor.py:753} INFO - DAG(s) dict_keys(['preparo_receita_almoco']) retrieved from /opt/airflow/dags/preparo_receita_almoco_dag.py
[2023-04-29T22:28:39.414+0000] {logging_mixin.py:137} INFO - [2023-04-29T22:28:39.413+0000] {dag.py:2693} INFO - Sync 1 DAGs
[2023-04-29T22:28:39.463+0000] {logging_mixin.py:137} INFO - [2023-04-29T22:28:39.463+0000] {dag.py:3444} INFO - Setting next_dagrun for preparo_receita_almoco to None, run_after=None
[2023-04-29T22:28:39.481+0000] {processor.py:175} INFO - Processing /opt/airflow/dags/preparo_receita_almoco_dag.py took 0.149 seconds
[2023-04-29T22:29:10.225+0000] {processor.py:153} INFO - Started process (PID=596) to work on /opt/airflow/dags/preparo_receita_almoco_dag.py
[2023-04-29T22:29:10.226+0000] {processor.py:743} INFO - Processing file /opt/airflow/dags/preparo_receita_almoco_dag.py for tasks to queue
[2023-04-29T22:29:10.228+0000] {logging_mixin.py:137} INFO - [2023-04-29T22:29:10.227+0000] {dagbag.py:532} INFO - Filling up the DagBag from /opt/airflow/dags/preparo_receita_almoco_dag.py
[2023-04-29T22:29:10.247+0000] {processor.py:753} INFO - DAG(s) dict_keys(['preparo_receita_almoco']) retrieved from /opt/airflow/dags/preparo_receita_almoco_dag.py
[2023-04-29T22:29:10.272+0000] {logging_mixin.py:137} INFO - [2023-04-29T22:29:10.272+0000] {dag.py:2693} INFO - Sync 1 DAGs
[2023-04-29T22:29:10.292+0000] {logging_mixin.py:137} INFO - [2023-04-29T22:29:10.292+0000] {dag.py:3444} INFO - Setting next_dagrun for preparo_receita_almoco to None, run_after=None
[2023-04-29T22:29:10.305+0000] {processor.py:175} INFO - Processing /opt/airflow/dags/preparo_receita_almoco_dag.py took 0.085 seconds
[2023-04-29T22:29:40.828+0000] {processor.py:153} INFO - Started process (PID=647) to work on /opt/airflow/dags/preparo_receita_almoco_dag.py
[2023-04-29T22:29:40.830+0000] {processor.py:743} INFO - Processing file /opt/airflow/dags/preparo_receita_almoco_dag.py for tasks to queue
[2023-04-29T22:29:40.831+0000] {logging_mixin.py:137} INFO - [2023-04-29T22:29:40.831+0000] {dagbag.py:532} INFO - Filling up the DagBag from /opt/airflow/dags/preparo_receita_almoco_dag.py
[2023-04-29T22:29:40.858+0000] {processor.py:753} INFO - DAG(s) dict_keys(['preparo_receita_almoco']) retrieved from /opt/airflow/dags/preparo_receita_almoco_dag.py
[2023-04-29T22:29:40.885+0000] {logging_mixin.py:137} INFO - [2023-04-29T22:29:40.885+0000] {dag.py:2693} INFO - Sync 1 DAGs
[2023-04-29T22:29:40.909+0000] {logging_mixin.py:137} INFO - [2023-04-29T22:29:40.909+0000] {dag.py:3444} INFO - Setting next_dagrun for preparo_receita_almoco to None, run_after=None
[2023-04-29T22:29:40.922+0000] {processor.py:175} INFO - Processing /opt/airflow/dags/preparo_receita_almoco_dag.py took 0.098 seconds
[2023-04-29T22:30:11.803+0000] {processor.py:153} INFO - Started process (PID=698) to work on /opt/airflow/dags/preparo_receita_almoco_dag.py
[2023-04-29T22:30:11.805+0000] {processor.py:743} INFO - Processing file /opt/airflow/dags/preparo_receita_almoco_dag.py for tasks to queue
[2023-04-29T22:30:11.806+0000] {logging_mixin.py:137} INFO - [2023-04-29T22:30:11.806+0000] {dagbag.py:532} INFO - Filling up the DagBag from /opt/airflow/dags/preparo_receita_almoco_dag.py
[2023-04-29T22:30:11.827+0000] {processor.py:753} INFO - DAG(s) dict_keys(['preparo_receita_almoco']) retrieved from /opt/airflow/dags/preparo_receita_almoco_dag.py
[2023-04-29T22:30:11.852+0000] {logging_mixin.py:137} INFO - [2023-04-29T22:30:11.852+0000] {dag.py:2693} INFO - Sync 1 DAGs
[2023-04-29T22:30:11.871+0000] {logging_mixin.py:137} INFO - [2023-04-29T22:30:11.871+0000] {dag.py:3444} INFO - Setting next_dagrun for preparo_receita_almoco to None, run_after=None
[2023-04-29T22:30:11.883+0000] {processor.py:175} INFO - Processing /opt/airflow/dags/preparo_receita_almoco_dag.py took 0.085 seconds
[2023-04-29T22:30:42.519+0000] {processor.py:153} INFO - Started process (PID=749) to work on /opt/airflow/dags/preparo_receita_almoco_dag.py
[2023-04-29T22:30:42.521+0000] {processor.py:743} INFO - Processing file /opt/airflow/dags/preparo_receita_almoco_dag.py for tasks to queue
[2023-04-29T22:30:42.522+0000] {logging_mixin.py:137} INFO - [2023-04-29T22:30:42.522+0000] {dagbag.py:532} INFO - Filling up the DagBag from /opt/airflow/dags/preparo_receita_almoco_dag.py
[2023-04-29T22:30:42.544+0000] {processor.py:753} INFO - DAG(s) dict_keys(['preparo_receita_almoco']) retrieved from /opt/airflow/dags/preparo_receita_almoco_dag.py
[2023-04-29T22:30:42.582+0000] {logging_mixin.py:137} INFO - [2023-04-29T22:30:42.582+0000] {dag.py:2693} INFO - Sync 1 DAGs
[2023-04-29T22:30:42.617+0000] {logging_mixin.py:137} INFO - [2023-04-29T22:30:42.617+0000] {dag.py:3444} INFO - Setting next_dagrun for preparo_receita_almoco to None, run_after=None
[2023-04-29T22:30:42.632+0000] {processor.py:175} INFO - Processing /opt/airflow/dags/preparo_receita_almoco_dag.py took 0.119 seconds
[2023-04-29T22:31:13.221+0000] {processor.py:153} INFO - Started process (PID=800) to work on /opt/airflow/dags/preparo_receita_almoco_dag.py
[2023-04-29T22:31:13.222+0000] {processor.py:743} INFO - Processing file /opt/airflow/dags/preparo_receita_almoco_dag.py for tasks to queue
[2023-04-29T22:31:13.224+0000] {logging_mixin.py:137} INFO - [2023-04-29T22:31:13.224+0000] {dagbag.py:532} INFO - Filling up the DagBag from /opt/airflow/dags/preparo_receita_almoco_dag.py
[2023-04-29T22:31:13.247+0000] {processor.py:753} INFO - DAG(s) dict_keys(['preparo_receita_almoco']) retrieved from /opt/airflow/dags/preparo_receita_almoco_dag.py
[2023-04-29T22:31:13.269+0000] {logging_mixin.py:137} INFO - [2023-04-29T22:31:13.269+0000] {dag.py:2693} INFO - Sync 1 DAGs
[2023-04-29T22:31:13.288+0000] {logging_mixin.py:137} INFO - [2023-04-29T22:31:13.288+0000] {dag.py:3444} INFO - Setting next_dagrun for preparo_receita_almoco to None, run_after=None
[2023-04-29T22:31:13.300+0000] {processor.py:175} INFO - Processing /opt/airflow/dags/preparo_receita_almoco_dag.py took 0.083 seconds
[2023-04-29T22:31:44.060+0000] {processor.py:153} INFO - Started process (PID=850) to work on /opt/airflow/dags/preparo_receita_almoco_dag.py
[2023-04-29T22:31:44.061+0000] {processor.py:743} INFO - Processing file /opt/airflow/dags/preparo_receita_almoco_dag.py for tasks to queue
[2023-04-29T22:31:44.063+0000] {logging_mixin.py:137} INFO - [2023-04-29T22:31:44.062+0000] {dagbag.py:532} INFO - Filling up the DagBag from /opt/airflow/dags/preparo_receita_almoco_dag.py
[2023-04-29T22:31:44.085+0000] {processor.py:753} INFO - DAG(s) dict_keys(['preparo_receita_almoco']) retrieved from /opt/airflow/dags/preparo_receita_almoco_dag.py
[2023-04-29T22:31:44.110+0000] {logging_mixin.py:137} INFO - [2023-04-29T22:31:44.110+0000] {dag.py:2693} INFO - Sync 1 DAGs
[2023-04-29T22:31:44.132+0000] {logging_mixin.py:137} INFO - [2023-04-29T22:31:44.132+0000] {dag.py:3444} INFO - Setting next_dagrun for preparo_receita_almoco to None, run_after=None
[2023-04-29T22:31:44.146+0000] {processor.py:175} INFO - Processing /opt/airflow/dags/preparo_receita_almoco_dag.py took 0.090 seconds
[2023-04-29T22:32:14.645+0000] {processor.py:153} INFO - Started process (PID=902) to work on /opt/airflow/dags/preparo_receita_almoco_dag.py
[2023-04-29T22:32:14.647+0000] {processor.py:743} INFO - Processing file /opt/airflow/dags/preparo_receita_almoco_dag.py for tasks to queue
[2023-04-29T22:32:14.648+0000] {logging_mixin.py:137} INFO - [2023-04-29T22:32:14.648+0000] {dagbag.py:532} INFO - Filling up the DagBag from /opt/airflow/dags/preparo_receita_almoco_dag.py
[2023-04-29T22:32:14.677+0000] {processor.py:753} INFO - DAG(s) dict_keys(['preparo_receita_almoco']) retrieved from /opt/airflow/dags/preparo_receita_almoco_dag.py
[2023-04-29T22:32:14.731+0000] {logging_mixin.py:137} INFO - [2023-04-29T22:32:14.731+0000] {dag.py:2693} INFO - Sync 1 DAGs
[2023-04-29T22:32:14.761+0000] {logging_mixin.py:137} INFO - [2023-04-29T22:32:14.761+0000] {dag.py:3444} INFO - Setting next_dagrun for preparo_receita_almoco to None, run_after=None
[2023-04-29T22:32:14.778+0000] {processor.py:175} INFO - Processing /opt/airflow/dags/preparo_receita_almoco_dag.py took 0.137 seconds
[2023-04-29T22:32:45.314+0000] {processor.py:153} INFO - Started process (PID=954) to work on /opt/airflow/dags/preparo_receita_almoco_dag.py
[2023-04-29T22:32:45.317+0000] {processor.py:743} INFO - Processing file /opt/airflow/dags/preparo_receita_almoco_dag.py for tasks to queue
[2023-04-29T22:32:45.318+0000] {logging_mixin.py:137} INFO - [2023-04-29T22:32:45.318+0000] {dagbag.py:532} INFO - Filling up the DagBag from /opt/airflow/dags/preparo_receita_almoco_dag.py
[2023-04-29T22:32:45.349+0000] {processor.py:753} INFO - DAG(s) dict_keys(['preparo_receita_almoco']) retrieved from /opt/airflow/dags/preparo_receita_almoco_dag.py
[2023-04-29T22:32:45.408+0000] {logging_mixin.py:137} INFO - [2023-04-29T22:32:45.407+0000] {dag.py:2693} INFO - Sync 1 DAGs
[2023-04-29T22:32:45.434+0000] {logging_mixin.py:137} INFO - [2023-04-29T22:32:45.434+0000] {dag.py:3444} INFO - Setting next_dagrun for preparo_receita_almoco to None, run_after=None
[2023-04-29T22:32:45.450+0000] {processor.py:175} INFO - Processing /opt/airflow/dags/preparo_receita_almoco_dag.py took 0.141 seconds
[2023-04-29T22:33:16.000+0000] {processor.py:153} INFO - Started process (PID=1005) to work on /opt/airflow/dags/preparo_receita_almoco_dag.py
[2023-04-29T22:33:16.002+0000] {processor.py:743} INFO - Processing file /opt/airflow/dags/preparo_receita_almoco_dag.py for tasks to queue
[2023-04-29T22:33:16.003+0000] {logging_mixin.py:137} INFO - [2023-04-29T22:33:16.003+0000] {dagbag.py:532} INFO - Filling up the DagBag from /opt/airflow/dags/preparo_receita_almoco_dag.py
[2023-04-29T22:33:16.044+0000] {processor.py:753} INFO - DAG(s) dict_keys(['preparo_receita_almoco']) retrieved from /opt/airflow/dags/preparo_receita_almoco_dag.py
[2023-04-29T22:33:16.074+0000] {logging_mixin.py:137} INFO - [2023-04-29T22:33:16.074+0000] {dag.py:2693} INFO - Sync 1 DAGs
[2023-04-29T22:33:16.098+0000] {logging_mixin.py:137} INFO - [2023-04-29T22:33:16.098+0000] {dag.py:3444} INFO - Setting next_dagrun for preparo_receita_almoco to None, run_after=None
[2023-04-29T22:33:16.112+0000] {processor.py:175} INFO - Processing /opt/airflow/dags/preparo_receita_almoco_dag.py took 0.116 seconds
[2023-04-29T22:33:46.608+0000] {processor.py:153} INFO - Started process (PID=1056) to work on /opt/airflow/dags/preparo_receita_almoco_dag.py
[2023-04-29T22:33:46.610+0000] {processor.py:743} INFO - Processing file /opt/airflow/dags/preparo_receita_almoco_dag.py for tasks to queue
[2023-04-29T22:33:46.611+0000] {logging_mixin.py:137} INFO - [2023-04-29T22:33:46.611+0000] {dagbag.py:532} INFO - Filling up the DagBag from /opt/airflow/dags/preparo_receita_almoco_dag.py
[2023-04-29T22:33:46.629+0000] {processor.py:753} INFO - DAG(s) dict_keys(['preparo_receita_almoco']) retrieved from /opt/airflow/dags/preparo_receita_almoco_dag.py
[2023-04-29T22:33:46.657+0000] {logging_mixin.py:137} INFO - [2023-04-29T22:33:46.657+0000] {dag.py:2693} INFO - Sync 1 DAGs
[2023-04-29T22:33:46.677+0000] {logging_mixin.py:137} INFO - [2023-04-29T22:33:46.677+0000] {dag.py:3444} INFO - Setting next_dagrun for preparo_receita_almoco to None, run_after=None
[2023-04-29T22:33:46.690+0000] {processor.py:175} INFO - Processing /opt/airflow/dags/preparo_receita_almoco_dag.py took 0.085 seconds
[2023-04-29T22:34:17.070+0000] {processor.py:153} INFO - Started process (PID=1107) to work on /opt/airflow/dags/preparo_receita_almoco_dag.py
[2023-04-29T22:34:17.072+0000] {processor.py:743} INFO - Processing file /opt/airflow/dags/preparo_receita_almoco_dag.py for tasks to queue
[2023-04-29T22:34:17.073+0000] {logging_mixin.py:137} INFO - [2023-04-29T22:34:17.073+0000] {dagbag.py:532} INFO - Filling up the DagBag from /opt/airflow/dags/preparo_receita_almoco_dag.py
[2023-04-29T22:34:17.103+0000] {processor.py:753} INFO - DAG(s) dict_keys(['preparo_receita_almoco']) retrieved from /opt/airflow/dags/preparo_receita_almoco_dag.py
[2023-04-29T22:34:17.148+0000] {logging_mixin.py:137} INFO - [2023-04-29T22:34:17.147+0000] {dag.py:2693} INFO - Sync 1 DAGs
[2023-04-29T22:34:17.175+0000] {logging_mixin.py:137} INFO - [2023-04-29T22:34:17.174+0000] {dag.py:3444} INFO - Setting next_dagrun for preparo_receita_almoco to None, run_after=None
[2023-04-29T22:34:17.189+0000] {processor.py:175} INFO - Processing /opt/airflow/dags/preparo_receita_almoco_dag.py took 0.123 seconds
[2023-04-29T22:34:47.693+0000] {processor.py:153} INFO - Started process (PID=1158) to work on /opt/airflow/dags/preparo_receita_almoco_dag.py
[2023-04-29T22:34:47.696+0000] {processor.py:743} INFO - Processing file /opt/airflow/dags/preparo_receita_almoco_dag.py for tasks to queue
[2023-04-29T22:34:47.697+0000] {logging_mixin.py:137} INFO - [2023-04-29T22:34:47.697+0000] {dagbag.py:532} INFO - Filling up the DagBag from /opt/airflow/dags/preparo_receita_almoco_dag.py
[2023-04-29T22:34:47.725+0000] {processor.py:753} INFO - DAG(s) dict_keys(['preparo_receita_almoco']) retrieved from /opt/airflow/dags/preparo_receita_almoco_dag.py
[2023-04-29T22:34:47.752+0000] {logging_mixin.py:137} INFO - [2023-04-29T22:34:47.752+0000] {dag.py:2693} INFO - Sync 1 DAGs
[2023-04-29T22:34:47.785+0000] {logging_mixin.py:137} INFO - [2023-04-29T22:34:47.785+0000] {dag.py:3444} INFO - Setting next_dagrun for preparo_receita_almoco to None, run_after=None
[2023-04-29T22:34:47.804+0000] {processor.py:175} INFO - Processing /opt/airflow/dags/preparo_receita_almoco_dag.py took 0.115 seconds
[2023-04-29T22:35:18.228+0000] {processor.py:153} INFO - Started process (PID=1209) to work on /opt/airflow/dags/preparo_receita_almoco_dag.py
[2023-04-29T22:35:18.231+0000] {processor.py:743} INFO - Processing file /opt/airflow/dags/preparo_receita_almoco_dag.py for tasks to queue
[2023-04-29T22:35:18.232+0000] {logging_mixin.py:137} INFO - [2023-04-29T22:35:18.232+0000] {dagbag.py:532} INFO - Filling up the DagBag from /opt/airflow/dags/preparo_receita_almoco_dag.py
[2023-04-29T22:35:18.261+0000] {processor.py:753} INFO - DAG(s) dict_keys(['preparo_receita_almoco']) retrieved from /opt/airflow/dags/preparo_receita_almoco_dag.py
[2023-04-29T22:35:18.292+0000] {logging_mixin.py:137} INFO - [2023-04-29T22:35:18.292+0000] {dag.py:2693} INFO - Sync 1 DAGs
[2023-04-29T22:35:18.317+0000] {logging_mixin.py:137} INFO - [2023-04-29T22:35:18.316+0000] {dag.py:3444} INFO - Setting next_dagrun for preparo_receita_almoco to None, run_after=None
[2023-04-29T22:35:18.330+0000] {processor.py:175} INFO - Processing /opt/airflow/dags/preparo_receita_almoco_dag.py took 0.106 seconds
[2023-04-29T22:35:48.961+0000] {processor.py:153} INFO - Started process (PID=1260) to work on /opt/airflow/dags/preparo_receita_almoco_dag.py
[2023-04-29T22:35:48.963+0000] {processor.py:743} INFO - Processing file /opt/airflow/dags/preparo_receita_almoco_dag.py for tasks to queue
[2023-04-29T22:35:48.964+0000] {logging_mixin.py:137} INFO - [2023-04-29T22:35:48.964+0000] {dagbag.py:532} INFO - Filling up the DagBag from /opt/airflow/dags/preparo_receita_almoco_dag.py
[2023-04-29T22:35:48.991+0000] {processor.py:753} INFO - DAG(s) dict_keys(['preparo_receita_almoco']) retrieved from /opt/airflow/dags/preparo_receita_almoco_dag.py
[2023-04-29T22:35:49.044+0000] {logging_mixin.py:137} INFO - [2023-04-29T22:35:49.044+0000] {dag.py:2693} INFO - Sync 1 DAGs
[2023-04-29T22:35:49.070+0000] {logging_mixin.py:137} INFO - [2023-04-29T22:35:49.070+0000] {dag.py:3444} INFO - Setting next_dagrun for preparo_receita_almoco to None, run_after=None
[2023-04-29T22:35:49.084+0000] {processor.py:175} INFO - Processing /opt/airflow/dags/preparo_receita_almoco_dag.py took 0.127 seconds
[2023-04-29T22:36:19.709+0000] {processor.py:153} INFO - Started process (PID=1311) to work on /opt/airflow/dags/preparo_receita_almoco_dag.py
[2023-04-29T22:36:19.710+0000] {processor.py:743} INFO - Processing file /opt/airflow/dags/preparo_receita_almoco_dag.py for tasks to queue
[2023-04-29T22:36:19.711+0000] {logging_mixin.py:137} INFO - [2023-04-29T22:36:19.711+0000] {dagbag.py:532} INFO - Filling up the DagBag from /opt/airflow/dags/preparo_receita_almoco_dag.py
[2023-04-29T22:36:19.752+0000] {processor.py:753} INFO - DAG(s) dict_keys(['preparo_receita_almoco']) retrieved from /opt/airflow/dags/preparo_receita_almoco_dag.py
[2023-04-29T22:36:19.786+0000] {logging_mixin.py:137} INFO - [2023-04-29T22:36:19.786+0000] {dag.py:2693} INFO - Sync 1 DAGs
[2023-04-29T22:36:19.825+0000] {logging_mixin.py:137} INFO - [2023-04-29T22:36:19.825+0000] {dag.py:3444} INFO - Setting next_dagrun for preparo_receita_almoco to None, run_after=None
[2023-04-29T22:36:19.843+0000] {processor.py:175} INFO - Processing /opt/airflow/dags/preparo_receita_almoco_dag.py took 0.141 seconds
[2023-04-29T22:36:50.280+0000] {processor.py:153} INFO - Started process (PID=1361) to work on /opt/airflow/dags/preparo_receita_almoco_dag.py
[2023-04-29T22:36:50.283+0000] {processor.py:743} INFO - Processing file /opt/airflow/dags/preparo_receita_almoco_dag.py for tasks to queue
[2023-04-29T22:36:50.284+0000] {logging_mixin.py:137} INFO - [2023-04-29T22:36:50.284+0000] {dagbag.py:532} INFO - Filling up the DagBag from /opt/airflow/dags/preparo_receita_almoco_dag.py
[2023-04-29T22:36:50.313+0000] {processor.py:753} INFO - DAG(s) dict_keys(['preparo_receita_almoco']) retrieved from /opt/airflow/dags/preparo_receita_almoco_dag.py
[2023-04-29T22:36:50.357+0000] {logging_mixin.py:137} INFO - [2023-04-29T22:36:50.357+0000] {dag.py:2693} INFO - Sync 1 DAGs
[2023-04-29T22:36:50.398+0000] {logging_mixin.py:137} INFO - [2023-04-29T22:36:50.398+0000] {dag.py:3444} INFO - Setting next_dagrun for preparo_receita_almoco to None, run_after=None
[2023-04-29T22:36:50.415+0000] {processor.py:175} INFO - Processing /opt/airflow/dags/preparo_receita_almoco_dag.py took 0.141 seconds
[2023-04-29T22:37:20.883+0000] {processor.py:153} INFO - Started process (PID=1412) to work on /opt/airflow/dags/preparo_receita_almoco_dag.py
[2023-04-29T22:37:20.886+0000] {processor.py:743} INFO - Processing file /opt/airflow/dags/preparo_receita_almoco_dag.py for tasks to queue
[2023-04-29T22:37:20.889+0000] {logging_mixin.py:137} INFO - [2023-04-29T22:37:20.889+0000] {dagbag.py:532} INFO - Filling up the DagBag from /opt/airflow/dags/preparo_receita_almoco_dag.py
[2023-04-29T22:37:20.918+0000] {processor.py:753} INFO - DAG(s) dict_keys(['preparo_receita_almoco']) retrieved from /opt/airflow/dags/preparo_receita_almoco_dag.py
[2023-04-29T22:37:20.959+0000] {logging_mixin.py:137} INFO - [2023-04-29T22:37:20.959+0000] {dag.py:2693} INFO - Sync 1 DAGs
[2023-04-29T22:37:20.994+0000] {logging_mixin.py:137} INFO - [2023-04-29T22:37:20.994+0000] {dag.py:3444} INFO - Setting next_dagrun for preparo_receita_almoco to None, run_after=None
[2023-04-29T22:37:21.012+0000] {processor.py:175} INFO - Processing /opt/airflow/dags/preparo_receita_almoco_dag.py took 0.133 seconds
[2023-04-29T22:37:51.364+0000] {processor.py:153} INFO - Started process (PID=1463) to work on /opt/airflow/dags/preparo_receita_almoco_dag.py
[2023-04-29T22:37:51.367+0000] {processor.py:743} INFO - Processing file /opt/airflow/dags/preparo_receita_almoco_dag.py for tasks to queue
[2023-04-29T22:37:51.368+0000] {logging_mixin.py:137} INFO - [2023-04-29T22:37:51.368+0000] {dagbag.py:532} INFO - Filling up the DagBag from /opt/airflow/dags/preparo_receita_almoco_dag.py
[2023-04-29T22:37:51.391+0000] {processor.py:753} INFO - DAG(s) dict_keys(['preparo_receita_almoco']) retrieved from /opt/airflow/dags/preparo_receita_almoco_dag.py
[2023-04-29T22:37:51.435+0000] {logging_mixin.py:137} INFO - [2023-04-29T22:37:51.435+0000] {dag.py:2693} INFO - Sync 1 DAGs
[2023-04-29T22:37:51.469+0000] {logging_mixin.py:137} INFO - [2023-04-29T22:37:51.469+0000] {dag.py:3444} INFO - Setting next_dagrun for preparo_receita_almoco to None, run_after=None
[2023-04-29T22:37:51.483+0000] {processor.py:175} INFO - Processing /opt/airflow/dags/preparo_receita_almoco_dag.py took 0.122 seconds
[2023-04-29T22:38:21.918+0000] {processor.py:153} INFO - Started process (PID=1514) to work on /opt/airflow/dags/preparo_receita_almoco_dag.py
[2023-04-29T22:38:21.920+0000] {processor.py:743} INFO - Processing file /opt/airflow/dags/preparo_receita_almoco_dag.py for tasks to queue
[2023-04-29T22:38:21.921+0000] {logging_mixin.py:137} INFO - [2023-04-29T22:38:21.921+0000] {dagbag.py:532} INFO - Filling up the DagBag from /opt/airflow/dags/preparo_receita_almoco_dag.py
[2023-04-29T22:38:21.945+0000] {processor.py:753} INFO - DAG(s) dict_keys(['preparo_receita_almoco']) retrieved from /opt/airflow/dags/preparo_receita_almoco_dag.py
[2023-04-29T22:38:22.001+0000] {logging_mixin.py:137} INFO - [2023-04-29T22:38:22.001+0000] {dag.py:2693} INFO - Sync 1 DAGs
[2023-04-29T22:38:22.029+0000] {logging_mixin.py:137} INFO - [2023-04-29T22:38:22.029+0000] {dag.py:3444} INFO - Setting next_dagrun for preparo_receita_almoco to None, run_after=None
[2023-04-29T22:38:22.043+0000] {processor.py:175} INFO - Processing /opt/airflow/dags/preparo_receita_almoco_dag.py took 0.132 seconds
[2023-04-29T22:38:52.655+0000] {processor.py:153} INFO - Started process (PID=1565) to work on /opt/airflow/dags/preparo_receita_almoco_dag.py
[2023-04-29T22:38:52.657+0000] {processor.py:743} INFO - Processing file /opt/airflow/dags/preparo_receita_almoco_dag.py for tasks to queue
[2023-04-29T22:38:52.658+0000] {logging_mixin.py:137} INFO - [2023-04-29T22:38:52.658+0000] {dagbag.py:532} INFO - Filling up the DagBag from /opt/airflow/dags/preparo_receita_almoco_dag.py
[2023-04-29T22:38:52.693+0000] {processor.py:753} INFO - DAG(s) dict_keys(['preparo_receita_almoco']) retrieved from /opt/airflow/dags/preparo_receita_almoco_dag.py
[2023-04-29T22:38:52.725+0000] {logging_mixin.py:137} INFO - [2023-04-29T22:38:52.725+0000] {dag.py:2693} INFO - Sync 1 DAGs
[2023-04-29T22:38:52.753+0000] {logging_mixin.py:137} INFO - [2023-04-29T22:38:52.753+0000] {dag.py:3444} INFO - Setting next_dagrun for preparo_receita_almoco to None, run_after=None
[2023-04-29T22:38:52.776+0000] {processor.py:175} INFO - Processing /opt/airflow/dags/preparo_receita_almoco_dag.py took 0.125 seconds
[2023-04-29T22:39:23.263+0000] {processor.py:153} INFO - Started process (PID=1616) to work on /opt/airflow/dags/preparo_receita_almoco_dag.py
[2023-04-29T22:39:23.265+0000] {processor.py:743} INFO - Processing file /opt/airflow/dags/preparo_receita_almoco_dag.py for tasks to queue
[2023-04-29T22:39:23.269+0000] {logging_mixin.py:137} INFO - [2023-04-29T22:39:23.269+0000] {dagbag.py:532} INFO - Filling up the DagBag from /opt/airflow/dags/preparo_receita_almoco_dag.py
[2023-04-29T22:39:23.305+0000] {processor.py:753} INFO - DAG(s) dict_keys(['preparo_receita_almoco']) retrieved from /opt/airflow/dags/preparo_receita_almoco_dag.py
[2023-04-29T22:39:23.333+0000] {logging_mixin.py:137} INFO - [2023-04-29T22:39:23.333+0000] {dag.py:2693} INFO - Sync 1 DAGs
[2023-04-29T22:39:23.354+0000] {logging_mixin.py:137} INFO - [2023-04-29T22:39:23.354+0000] {dag.py:3444} INFO - Setting next_dagrun for preparo_receita_almoco to None, run_after=None
[2023-04-29T22:39:23.369+0000] {processor.py:175} INFO - Processing /opt/airflow/dags/preparo_receita_almoco_dag.py took 0.112 seconds
[2023-04-29T22:39:53.808+0000] {processor.py:153} INFO - Started process (PID=1668) to work on /opt/airflow/dags/preparo_receita_almoco_dag.py
[2023-04-29T22:39:53.810+0000] {processor.py:743} INFO - Processing file /opt/airflow/dags/preparo_receita_almoco_dag.py for tasks to queue
[2023-04-29T22:39:53.812+0000] {logging_mixin.py:137} INFO - [2023-04-29T22:39:53.812+0000] {dagbag.py:532} INFO - Filling up the DagBag from /opt/airflow/dags/preparo_receita_almoco_dag.py
[2023-04-29T22:39:53.837+0000] {processor.py:753} INFO - DAG(s) dict_keys(['preparo_receita_almoco']) retrieved from /opt/airflow/dags/preparo_receita_almoco_dag.py
[2023-04-29T22:39:53.865+0000] {logging_mixin.py:137} INFO - [2023-04-29T22:39:53.865+0000] {dag.py:2693} INFO - Sync 1 DAGs
[2023-04-29T22:39:53.907+0000] {logging_mixin.py:137} INFO - [2023-04-29T22:39:53.907+0000] {dag.py:3444} INFO - Setting next_dagrun for preparo_receita_almoco to None, run_after=None
[2023-04-29T22:39:53.924+0000] {processor.py:175} INFO - Processing /opt/airflow/dags/preparo_receita_almoco_dag.py took 0.122 seconds
[2023-04-29T22:40:24.552+0000] {processor.py:153} INFO - Started process (PID=1719) to work on /opt/airflow/dags/preparo_receita_almoco_dag.py
[2023-04-29T22:40:24.554+0000] {processor.py:743} INFO - Processing file /opt/airflow/dags/preparo_receita_almoco_dag.py for tasks to queue
[2023-04-29T22:40:24.555+0000] {logging_mixin.py:137} INFO - [2023-04-29T22:40:24.555+0000] {dagbag.py:532} INFO - Filling up the DagBag from /opt/airflow/dags/preparo_receita_almoco_dag.py
[2023-04-29T22:40:24.601+0000] {processor.py:753} INFO - DAG(s) dict_keys(['preparo_receita_almoco']) retrieved from /opt/airflow/dags/preparo_receita_almoco_dag.py
[2023-04-29T22:40:24.644+0000] {logging_mixin.py:137} INFO - [2023-04-29T22:40:24.644+0000] {dag.py:2693} INFO - Sync 1 DAGs
[2023-04-29T22:40:24.672+0000] {logging_mixin.py:137} INFO - [2023-04-29T22:40:24.672+0000] {dag.py:3444} INFO - Setting next_dagrun for preparo_receita_almoco to None, run_after=None
[2023-04-29T22:40:24.686+0000] {processor.py:175} INFO - Processing /opt/airflow/dags/preparo_receita_almoco_dag.py took 0.141 seconds
[2023-04-29T22:40:55.400+0000] {processor.py:153} INFO - Started process (PID=1770) to work on /opt/airflow/dags/preparo_receita_almoco_dag.py
[2023-04-29T22:40:55.402+0000] {processor.py:743} INFO - Processing file /opt/airflow/dags/preparo_receita_almoco_dag.py for tasks to queue
[2023-04-29T22:40:55.403+0000] {logging_mixin.py:137} INFO - [2023-04-29T22:40:55.403+0000] {dagbag.py:532} INFO - Filling up the DagBag from /opt/airflow/dags/preparo_receita_almoco_dag.py
[2023-04-29T22:40:55.442+0000] {processor.py:753} INFO - DAG(s) dict_keys(['preparo_receita_almoco']) retrieved from /opt/airflow/dags/preparo_receita_almoco_dag.py
[2023-04-29T22:40:55.495+0000] {logging_mixin.py:137} INFO - [2023-04-29T22:40:55.495+0000] {dag.py:2693} INFO - Sync 1 DAGs
[2023-04-29T22:40:55.525+0000] {logging_mixin.py:137} INFO - [2023-04-29T22:40:55.525+0000] {dag.py:3444} INFO - Setting next_dagrun for preparo_receita_almoco to None, run_after=None
[2023-04-29T22:40:55.540+0000] {processor.py:175} INFO - Processing /opt/airflow/dags/preparo_receita_almoco_dag.py took 0.146 seconds
[2023-04-29T22:41:25.882+0000] {processor.py:153} INFO - Started process (PID=1822) to work on /opt/airflow/dags/preparo_receita_almoco_dag.py
[2023-04-29T22:41:25.884+0000] {processor.py:743} INFO - Processing file /opt/airflow/dags/preparo_receita_almoco_dag.py for tasks to queue
[2023-04-29T22:41:25.885+0000] {logging_mixin.py:137} INFO - [2023-04-29T22:41:25.885+0000] {dagbag.py:532} INFO - Filling up the DagBag from /opt/airflow/dags/preparo_receita_almoco_dag.py
[2023-04-29T22:41:25.911+0000] {processor.py:753} INFO - DAG(s) dict_keys(['preparo_receita_almoco']) retrieved from /opt/airflow/dags/preparo_receita_almoco_dag.py
[2023-04-29T22:41:25.936+0000] {logging_mixin.py:137} INFO - [2023-04-29T22:41:25.936+0000] {dag.py:2693} INFO - Sync 1 DAGs
[2023-04-29T22:41:25.956+0000] {logging_mixin.py:137} INFO - [2023-04-29T22:41:25.955+0000] {dag.py:3444} INFO - Setting next_dagrun for preparo_receita_almoco to None, run_after=None
[2023-04-29T22:41:25.968+0000] {processor.py:175} INFO - Processing /opt/airflow/dags/preparo_receita_almoco_dag.py took 0.091 seconds
[2023-04-29T22:41:56.345+0000] {processor.py:153} INFO - Started process (PID=1873) to work on /opt/airflow/dags/preparo_receita_almoco_dag.py
[2023-04-29T22:41:56.346+0000] {processor.py:743} INFO - Processing file /opt/airflow/dags/preparo_receita_almoco_dag.py for tasks to queue
[2023-04-29T22:41:56.348+0000] {logging_mixin.py:137} INFO - [2023-04-29T22:41:56.347+0000] {dagbag.py:532} INFO - Filling up the DagBag from /opt/airflow/dags/preparo_receita_almoco_dag.py
[2023-04-29T22:41:56.373+0000] {processor.py:753} INFO - DAG(s) dict_keys(['preparo_receita_almoco']) retrieved from /opt/airflow/dags/preparo_receita_almoco_dag.py
[2023-04-29T22:41:56.399+0000] {logging_mixin.py:137} INFO - [2023-04-29T22:41:56.399+0000] {dag.py:2693} INFO - Sync 1 DAGs
[2023-04-29T22:41:56.417+0000] {logging_mixin.py:137} INFO - [2023-04-29T22:41:56.417+0000] {dag.py:3444} INFO - Setting next_dagrun for preparo_receita_almoco to None, run_after=None
[2023-04-29T22:41:56.430+0000] {processor.py:175} INFO - Processing /opt/airflow/dags/preparo_receita_almoco_dag.py took 0.090 seconds
[2023-04-29T22:42:26.826+0000] {processor.py:153} INFO - Started process (PID=1924) to work on /opt/airflow/dags/preparo_receita_almoco_dag.py
[2023-04-29T22:42:26.827+0000] {processor.py:743} INFO - Processing file /opt/airflow/dags/preparo_receita_almoco_dag.py for tasks to queue
[2023-04-29T22:42:26.828+0000] {logging_mixin.py:137} INFO - [2023-04-29T22:42:26.827+0000] {dagbag.py:532} INFO - Filling up the DagBag from /opt/airflow/dags/preparo_receita_almoco_dag.py
[2023-04-29T22:42:26.849+0000] {processor.py:753} INFO - DAG(s) dict_keys(['preparo_receita_almoco']) retrieved from /opt/airflow/dags/preparo_receita_almoco_dag.py
[2023-04-29T22:42:26.882+0000] {logging_mixin.py:137} INFO - [2023-04-29T22:42:26.882+0000] {dag.py:2693} INFO - Sync 1 DAGs
[2023-04-29T22:42:26.903+0000] {logging_mixin.py:137} INFO - [2023-04-29T22:42:26.903+0000] {dag.py:3444} INFO - Setting next_dagrun for preparo_receita_almoco to None, run_after=None
[2023-04-29T22:42:26.915+0000] {processor.py:175} INFO - Processing /opt/airflow/dags/preparo_receita_almoco_dag.py took 0.091 seconds
[2023-04-29T22:42:57.587+0000] {processor.py:153} INFO - Started process (PID=1975) to work on /opt/airflow/dags/preparo_receita_almoco_dag.py
[2023-04-29T22:42:57.589+0000] {processor.py:743} INFO - Processing file /opt/airflow/dags/preparo_receita_almoco_dag.py for tasks to queue
[2023-04-29T22:42:57.590+0000] {logging_mixin.py:137} INFO - [2023-04-29T22:42:57.590+0000] {dagbag.py:532} INFO - Filling up the DagBag from /opt/airflow/dags/preparo_receita_almoco_dag.py
[2023-04-29T22:42:57.612+0000] {processor.py:753} INFO - DAG(s) dict_keys(['preparo_receita_almoco']) retrieved from /opt/airflow/dags/preparo_receita_almoco_dag.py
[2023-04-29T22:42:57.641+0000] {logging_mixin.py:137} INFO - [2023-04-29T22:42:57.641+0000] {dag.py:2693} INFO - Sync 1 DAGs
[2023-04-29T22:42:57.663+0000] {logging_mixin.py:137} INFO - [2023-04-29T22:42:57.663+0000] {dag.py:3444} INFO - Setting next_dagrun for preparo_receita_almoco to None, run_after=None
[2023-04-29T22:42:57.681+0000] {processor.py:175} INFO - Processing /opt/airflow/dags/preparo_receita_almoco_dag.py took 0.103 seconds
[2023-04-29T22:43:28.271+0000] {processor.py:153} INFO - Started process (PID=2033) to work on /opt/airflow/dags/preparo_receita_almoco_dag.py
[2023-04-29T22:43:28.273+0000] {processor.py:743} INFO - Processing file /opt/airflow/dags/preparo_receita_almoco_dag.py for tasks to queue
[2023-04-29T22:43:28.273+0000] {logging_mixin.py:137} INFO - [2023-04-29T22:43:28.273+0000] {dagbag.py:532} INFO - Filling up the DagBag from /opt/airflow/dags/preparo_receita_almoco_dag.py
[2023-04-29T22:43:28.292+0000] {processor.py:753} INFO - DAG(s) dict_keys(['preparo_receita_almoco']) retrieved from /opt/airflow/dags/preparo_receita_almoco_dag.py
[2023-04-29T22:43:28.344+0000] {logging_mixin.py:137} INFO - [2023-04-29T22:43:28.343+0000] {dag.py:2693} INFO - Sync 1 DAGs
[2023-04-29T22:43:28.371+0000] {logging_mixin.py:137} INFO - [2023-04-29T22:43:28.370+0000] {dag.py:3444} INFO - Setting next_dagrun for preparo_receita_almoco to None, run_after=None
[2023-04-29T22:43:28.389+0000] {processor.py:175} INFO - Processing /opt/airflow/dags/preparo_receita_almoco_dag.py took 0.122 seconds
[2023-04-29T22:43:58.963+0000] {processor.py:153} INFO - Started process (PID=2084) to work on /opt/airflow/dags/preparo_receita_almoco_dag.py
[2023-04-29T22:43:58.965+0000] {processor.py:743} INFO - Processing file /opt/airflow/dags/preparo_receita_almoco_dag.py for tasks to queue
[2023-04-29T22:43:58.966+0000] {logging_mixin.py:137} INFO - [2023-04-29T22:43:58.966+0000] {dagbag.py:532} INFO - Filling up the DagBag from /opt/airflow/dags/preparo_receita_almoco_dag.py
[2023-04-29T22:43:58.985+0000] {processor.py:753} INFO - DAG(s) dict_keys(['preparo_receita_almoco']) retrieved from /opt/airflow/dags/preparo_receita_almoco_dag.py
[2023-04-29T22:43:59.008+0000] {logging_mixin.py:137} INFO - [2023-04-29T22:43:59.008+0000] {dag.py:2693} INFO - Sync 1 DAGs
[2023-04-29T22:43:59.025+0000] {logging_mixin.py:137} INFO - [2023-04-29T22:43:59.025+0000] {dag.py:3444} INFO - Setting next_dagrun for preparo_receita_almoco to None, run_after=None
[2023-04-29T22:43:59.036+0000] {processor.py:175} INFO - Processing /opt/airflow/dags/preparo_receita_almoco_dag.py took 0.077 seconds
[2023-04-29T22:44:29.767+0000] {processor.py:153} INFO - Started process (PID=2135) to work on /opt/airflow/dags/preparo_receita_almoco_dag.py
[2023-04-29T22:44:29.771+0000] {processor.py:743} INFO - Processing file /opt/airflow/dags/preparo_receita_almoco_dag.py for tasks to queue
[2023-04-29T22:44:29.773+0000] {logging_mixin.py:137} INFO - [2023-04-29T22:44:29.772+0000] {dagbag.py:532} INFO - Filling up the DagBag from /opt/airflow/dags/preparo_receita_almoco_dag.py
[2023-04-29T22:44:29.800+0000] {processor.py:753} INFO - DAG(s) dict_keys(['preparo_receita_almoco']) retrieved from /opt/airflow/dags/preparo_receita_almoco_dag.py
[2023-04-29T22:44:29.833+0000] {logging_mixin.py:137} INFO - [2023-04-29T22:44:29.833+0000] {dag.py:2693} INFO - Sync 1 DAGs
[2023-04-29T22:44:29.854+0000] {logging_mixin.py:137} INFO - [2023-04-29T22:44:29.854+0000] {dag.py:3444} INFO - Setting next_dagrun for preparo_receita_almoco to None, run_after=None
[2023-04-29T22:44:29.866+0000] {processor.py:175} INFO - Processing /opt/airflow/dags/preparo_receita_almoco_dag.py took 0.107 seconds
[2023-04-29T22:45:00.313+0000] {processor.py:153} INFO - Started process (PID=2186) to work on /opt/airflow/dags/preparo_receita_almoco_dag.py
[2023-04-29T22:45:00.314+0000] {processor.py:743} INFO - Processing file /opt/airflow/dags/preparo_receita_almoco_dag.py for tasks to queue
[2023-04-29T22:45:00.315+0000] {logging_mixin.py:137} INFO - [2023-04-29T22:45:00.315+0000] {dagbag.py:532} INFO - Filling up the DagBag from /opt/airflow/dags/preparo_receita_almoco_dag.py
[2023-04-29T22:45:00.344+0000] {processor.py:753} INFO - DAG(s) dict_keys(['preparo_receita_almoco']) retrieved from /opt/airflow/dags/preparo_receita_almoco_dag.py
[2023-04-29T22:45:00.402+0000] {logging_mixin.py:137} INFO - [2023-04-29T22:45:00.402+0000] {dag.py:2693} INFO - Sync 1 DAGs
[2023-04-29T22:45:00.426+0000] {logging_mixin.py:137} INFO - [2023-04-29T22:45:00.426+0000] {dag.py:3444} INFO - Setting next_dagrun for preparo_receita_almoco to None, run_after=None
[2023-04-29T22:45:00.439+0000] {processor.py:175} INFO - Processing /opt/airflow/dags/preparo_receita_almoco_dag.py took 0.131 seconds
[2023-04-29T22:45:30.934+0000] {processor.py:153} INFO - Started process (PID=2237) to work on /opt/airflow/dags/preparo_receita_almoco_dag.py
[2023-04-29T22:45:30.935+0000] {processor.py:743} INFO - Processing file /opt/airflow/dags/preparo_receita_almoco_dag.py for tasks to queue
[2023-04-29T22:45:30.936+0000] {logging_mixin.py:137} INFO - [2023-04-29T22:45:30.936+0000] {dagbag.py:532} INFO - Filling up the DagBag from /opt/airflow/dags/preparo_receita_almoco_dag.py
[2023-04-29T22:45:30.964+0000] {processor.py:753} INFO - DAG(s) dict_keys(['preparo_receita_almoco']) retrieved from /opt/airflow/dags/preparo_receita_almoco_dag.py
[2023-04-29T22:45:31.011+0000] {logging_mixin.py:137} INFO - [2023-04-29T22:45:31.011+0000] {dag.py:2693} INFO - Sync 1 DAGs
[2023-04-29T22:45:31.037+0000] {logging_mixin.py:137} INFO - [2023-04-29T22:45:31.036+0000] {dag.py:3444} INFO - Setting next_dagrun for preparo_receita_almoco to None, run_after=None
[2023-04-29T22:45:31.051+0000] {processor.py:175} INFO - Processing /opt/airflow/dags/preparo_receita_almoco_dag.py took 0.120 seconds
[2023-04-29T22:46:01.833+0000] {processor.py:153} INFO - Started process (PID=2288) to work on /opt/airflow/dags/preparo_receita_almoco_dag.py
[2023-04-29T22:46:01.835+0000] {processor.py:743} INFO - Processing file /opt/airflow/dags/preparo_receita_almoco_dag.py for tasks to queue
[2023-04-29T22:46:01.837+0000] {logging_mixin.py:137} INFO - [2023-04-29T22:46:01.837+0000] {dagbag.py:532} INFO - Filling up the DagBag from /opt/airflow/dags/preparo_receita_almoco_dag.py
[2023-04-29T22:46:01.867+0000] {processor.py:753} INFO - DAG(s) dict_keys(['preparo_receita_almoco']) retrieved from /opt/airflow/dags/preparo_receita_almoco_dag.py
[2023-04-29T22:46:01.955+0000] {logging_mixin.py:137} INFO - [2023-04-29T22:46:01.955+0000] {dag.py:2693} INFO - Sync 1 DAGs
[2023-04-29T22:46:01.985+0000] {logging_mixin.py:137} INFO - [2023-04-29T22:46:01.985+0000] {dag.py:3444} INFO - Setting next_dagrun for preparo_receita_almoco to None, run_after=None
[2023-04-29T22:46:02.011+0000] {processor.py:175} INFO - Processing /opt/airflow/dags/preparo_receita_almoco_dag.py took 0.184 seconds
