[2023-04-16T15:50:22.750+0000] {taskinstance.py:1084} INFO - Dependencies all met for dep_context=non-requeueable deps ti=<TaskInstance: preparo_receita_lanche_manha.formatar_receita manual__2023-04-16T15:50:20.847957+00:00 [queued]>
[2023-04-16T15:50:22.757+0000] {taskinstance.py:1084} INFO - Dependencies all met for dep_context=requeueable deps ti=<TaskInstance: preparo_receita_lanche_manha.formatar_receita manual__2023-04-16T15:50:20.847957+00:00 [queued]>
[2023-04-16T15:50:22.757+0000] {taskinstance.py:1282} INFO - 
--------------------------------------------------------------------------------
[2023-04-16T15:50:22.758+0000] {taskinstance.py:1283} INFO - Starting attempt 1 of 1
[2023-04-16T15:50:22.758+0000] {taskinstance.py:1284} INFO - 
--------------------------------------------------------------------------------
[2023-04-16T15:50:22.768+0000] {taskinstance.py:1303} INFO - Executing <Task(PythonOperator): formatar_receita> on 2023-04-16 15:50:20.847957+00:00
[2023-04-16T15:50:22.773+0000] {standard_task_runner.py:55} INFO - Started process 53 to run task
[2023-04-16T15:50:22.778+0000] {standard_task_runner.py:82} INFO - Running: ['***', 'tasks', 'run', 'preparo_receita_lanche_manha', 'formatar_receita', 'manual__2023-04-16T15:50:20.847957+00:00', '--job-id', '232', '--raw', '--subdir', 'DAGS_FOLDER/preparo_receita_lanche_manha_dag.py', '--cfg-path', '/tmp/tmp5kaq6ebo']
[2023-04-16T15:50:22.780+0000] {standard_task_runner.py:83} INFO - Job 232: Subtask formatar_receita
[2023-04-16T15:50:22.869+0000] {task_command.py:388} INFO - Running <TaskInstance: preparo_receita_lanche_manha.formatar_receita manual__2023-04-16T15:50:20.847957+00:00 [running]> on host 74f80fb1551d
[2023-04-16T15:50:22.941+0000] {taskinstance.py:1511} INFO - Exporting the following env vars:
AIRFLOW_CTX_DAG_OWNER=***
AIRFLOW_CTX_DAG_ID=preparo_receita_lanche_manha
AIRFLOW_CTX_TASK_ID=formatar_receita
AIRFLOW_CTX_EXECUTION_DATE=2023-04-16T15:50:20.847957+00:00
AIRFLOW_CTX_TRY_NUMBER=1
AIRFLOW_CTX_DAG_RUN_ID=manual__2023-04-16T15:50:20.847957+00:00
[2023-04-16T15:50:22.946+0000] {python.py:177} INFO - Done. Returned value was: None
[2023-04-16T15:50:22.957+0000] {taskinstance.py:1326} INFO - Marking task as SUCCESS. dag_id=preparo_receita_lanche_manha, task_id=formatar_receita, execution_date=20230416T155020, start_date=20230416T155022, end_date=20230416T155022
[2023-04-16T15:50:22.989+0000] {local_task_job.py:212} INFO - Task exited with return code 0
[2023-04-16T15:50:23.008+0000] {taskinstance.py:2585} INFO - 0 downstream tasks scheduled from follow-on schedule check
