[2023-04-15T12:39:58.218+0000] {taskinstance.py:1084} INFO - Dependencies all met for dep_context=non-requeueable deps ti=<TaskInstance: example_dag_basic.transform scheduled__2023-04-14T00:00:00+00:00 [queued]>
[2023-04-15T12:39:58.224+0000] {taskinstance.py:1084} INFO - Dependencies all met for dep_context=requeueable deps ti=<TaskInstance: example_dag_basic.transform scheduled__2023-04-14T00:00:00+00:00 [queued]>
[2023-04-15T12:39:58.225+0000] {taskinstance.py:1282} INFO - 
--------------------------------------------------------------------------------
[2023-04-15T12:39:58.225+0000] {taskinstance.py:1283} INFO - Starting attempt 1 of 3
[2023-04-15T12:39:58.225+0000] {taskinstance.py:1284} INFO - 
--------------------------------------------------------------------------------
[2023-04-15T12:39:58.233+0000] {taskinstance.py:1303} INFO - Executing <Task(_PythonDecoratedOperator): transform> on 2023-04-14 00:00:00+00:00
[2023-04-15T12:39:58.239+0000] {standard_task_runner.py:55} INFO - Started process 1546 to run task
[2023-04-15T12:39:58.243+0000] {standard_task_runner.py:82} INFO - Running: ['***', 'tasks', 'run', 'example_dag_basic', 'transform', 'scheduled__2023-04-14T00:00:00+00:00', '--job-id', '135', '--raw', '--subdir', 'DAGS_FOLDER/exemple_dag_basic.py', '--cfg-path', '/tmp/tmpe55ms0ux']
[2023-04-15T12:39:58.244+0000] {standard_task_runner.py:83} INFO - Job 135: Subtask transform
[2023-04-15T12:39:58.292+0000] {task_command.py:388} INFO - Running <TaskInstance: example_dag_basic.transform scheduled__2023-04-14T00:00:00+00:00 [running]> on host 229ecb906897
[2023-04-15T12:39:58.350+0000] {taskinstance.py:1511} INFO - Exporting the following env vars:
AIRFLOW_CTX_DAG_OWNER=***
AIRFLOW_CTX_DAG_ID=example_dag_basic
AIRFLOW_CTX_TASK_ID=transform
AIRFLOW_CTX_EXECUTION_DATE=2023-04-14T00:00:00+00:00
AIRFLOW_CTX_TRY_NUMBER=1
AIRFLOW_CTX_DAG_RUN_ID=scheduled__2023-04-14T00:00:00+00:00
[2023-04-15T12:39:58.352+0000] {python.py:177} INFO - Done. Returned value was: {'total_order_value': 1236.7}
[2023-04-15T12:39:58.384+0000] {taskinstance.py:1326} INFO - Marking task as SUCCESS. dag_id=example_dag_basic, task_id=transform, execution_date=20230414T000000, start_date=20230415T123958, end_date=20230415T123958
[2023-04-15T12:39:58.414+0000] {local_task_job.py:212} INFO - Task exited with return code 0
[2023-04-15T12:39:58.431+0000] {taskinstance.py:2585} INFO - 1 downstream tasks scheduled from follow-on schedule check
