[2023-04-15T12:43:14.197+0000] {taskinstance.py:1084} INFO - Dependencies all met for dep_context=non-requeueable deps ti=<TaskInstance: example_dag_advanced.weekend_activities.which_weekend_activity_day manual__2023-04-15T12:32:28.271226+00:00 [queued]>
[2023-04-15T12:43:14.205+0000] {taskinstance.py:1084} INFO - Dependencies all met for dep_context=requeueable deps ti=<TaskInstance: example_dag_advanced.weekend_activities.which_weekend_activity_day manual__2023-04-15T12:32:28.271226+00:00 [queued]>
[2023-04-15T12:43:14.205+0000] {taskinstance.py:1282} INFO - 
--------------------------------------------------------------------------------
[2023-04-15T12:43:14.206+0000] {taskinstance.py:1283} INFO - Starting attempt 2 of 3
[2023-04-15T12:43:14.206+0000] {taskinstance.py:1284} INFO - 
--------------------------------------------------------------------------------
[2023-04-15T12:43:14.215+0000] {taskinstance.py:1303} INFO - Executing <Task(BranchPythonOperator): weekend_activities.which_weekend_activity_day> on 2023-04-15 12:32:28.271226+00:00
[2023-04-15T12:43:14.219+0000] {standard_task_runner.py:55} INFO - Started process 1634 to run task
[2023-04-15T12:43:14.223+0000] {standard_task_runner.py:82} INFO - Running: ['***', 'tasks', 'run', 'example_dag_advanced', 'weekend_activities.which_weekend_activity_day', 'manual__2023-04-15T12:32:28.271226+00:00', '--job-id', '143', '--raw', '--subdir', 'DAGS_FOLDER/example_dag_advanced.py', '--cfg-path', '/tmp/tmpjt94yfiq']
[2023-04-15T12:43:14.224+0000] {standard_task_runner.py:83} INFO - Job 143: Subtask weekend_activities.which_weekend_activity_day
[2023-04-15T12:43:14.288+0000] {task_command.py:388} INFO - Running <TaskInstance: example_dag_advanced.weekend_activities.which_weekend_activity_day manual__2023-04-15T12:32:28.271226+00:00 [running]> on host 229ecb906897
[2023-04-15T12:43:14.342+0000] {taskinstance.py:1511} INFO - Exporting the following env vars:
AIRFLOW_CTX_DAG_OWNER=community
AIRFLOW_CTX_DAG_ID=example_dag_advanced
AIRFLOW_CTX_TASK_ID=weekend_activities.which_weekend_activity_day
AIRFLOW_CTX_EXECUTION_DATE=2023-04-15T12:32:28.271226+00:00
AIRFLOW_CTX_TRY_NUMBER=2
AIRFLOW_CTX_DAG_RUN_ID=manual__2023-04-15T12:32:28.271226+00:00
[2023-04-15T12:43:14.344+0000] {python.py:177} INFO - Done. Returned value was: weekend_activities.going_to_the_beach
[2023-04-15T12:43:14.344+0000] {python.py:211} INFO - Branch callable return weekend_activities.going_to_the_beach
[2023-04-15T12:43:14.345+0000] {skipmixin.py:155} INFO - Following branch weekend_activities.going_to_the_beach
[2023-04-15T12:43:14.354+0000] {taskinstance.py:1775} ERROR - Task failed with exception
Traceback (most recent call last):
  File "/home/airflow/.local/lib/python3.7/site-packages/airflow/operators/python.py", line 212, in execute
    self.skip_all_except(context["ti"], branch)
  File "/home/airflow/.local/lib/python3.7/site-packages/airflow/models/skipmixin.py", line 186, in skip_all_except
    "'branch_task_ids' must contain only valid task_ids. "
airflow.exceptions.AirflowException: 'branch_task_ids' must contain only valid task_ids. Invalid tasks found: {'weekend_activities.going_to_the_beach'}.
[2023-04-15T12:43:14.357+0000] {taskinstance.py:1326} INFO - Marking task as UP_FOR_RETRY. dag_id=example_dag_advanced, task_id=weekend_activities.which_weekend_activity_day, execution_date=20230415T123228, start_date=20230415T124314, end_date=20230415T124314
[2023-04-15T12:43:14.365+0000] {standard_task_runner.py:105} ERROR - Failed to execute job 143 for task weekend_activities.which_weekend_activity_day ('branch_task_ids' must contain only valid task_ids. Invalid tasks found: {'weekend_activities.going_to_the_beach'}.; 1634)
[2023-04-15T12:43:14.397+0000] {local_task_job.py:212} INFO - Task exited with return code 1
[2023-04-15T12:43:14.417+0000] {taskinstance.py:2585} INFO - 0 downstream tasks scheduled from follow-on schedule check
