[2023-03-31T12:42:37.578+0000] {taskinstance.py:1084} INFO - Dependencies all met for dep_context=non-requeueable deps ti=<TaskInstance: tutorial_executa_dag.is_suited scheduled__2023-03-31T11:30:00+00:00 [queued]>
[2023-03-31T12:42:37.599+0000] {taskinstance.py:1084} INFO - Dependencies all met for dep_context=requeueable deps ti=<TaskInstance: tutorial_executa_dag.is_suited scheduled__2023-03-31T11:30:00+00:00 [queued]>
[2023-03-31T12:42:37.601+0000] {taskinstance.py:1282} INFO - 
--------------------------------------------------------------------------------
[2023-03-31T12:42:37.603+0000] {taskinstance.py:1283} INFO - Starting attempt 1 of 1
[2023-03-31T12:42:37.605+0000] {taskinstance.py:1284} INFO - 
--------------------------------------------------------------------------------
[2023-03-31T12:42:37.620+0000] {taskinstance.py:1303} INFO - Executing <Task(BranchPythonOperator): is_suited> on 2023-03-31 11:30:00+00:00
[2023-03-31T12:42:37.631+0000] {standard_task_runner.py:55} INFO - Started process 132 to run task
[2023-03-31T12:42:37.639+0000] {standard_task_runner.py:82} INFO - Running: ['***', 'tasks', 'run', 'tutorial_executa_dag', 'is_suited', 'scheduled__2023-03-31T11:30:00+00:00', '--job-id', '5', '--raw', '--subdir', 'DAGS_FOLDER/tutorial_executa_dag.py', '--cfg-path', '/tmp/tmp37cwex1m']
[2023-03-31T12:42:37.640+0000] {standard_task_runner.py:83} INFO - Job 5: Subtask is_suited
[2023-03-31T12:42:37.725+0000] {task_command.py:388} INFO - Running <TaskInstance: tutorial_executa_dag.is_suited scheduled__2023-03-31T11:30:00+00:00 [running]> on host 7d652e404e13
[2023-03-31T12:42:37.798+0000] {taskinstance.py:1511} INFO - Exporting the following env vars:
AIRFLOW_CTX_DAG_OWNER=***
AIRFLOW_CTX_DAG_ID=tutorial_executa_dag
AIRFLOW_CTX_TASK_ID=is_suited
AIRFLOW_CTX_EXECUTION_DATE=2023-03-31T11:30:00+00:00
AIRFLOW_CTX_TRY_NUMBER=1
AIRFLOW_CTX_DAG_RUN_ID=scheduled__2023-03-31T11:30:00+00:00
[2023-03-31T12:42:37.816+0000] {python.py:177} INFO - Done. Returned value was: unsuited
[2023-03-31T12:42:37.817+0000] {python.py:211} INFO - Branch callable return unsuited
[2023-03-31T12:42:37.818+0000] {skipmixin.py:155} INFO - Following branch unsuited
[2023-03-31T12:42:37.819+0000] {skipmixin.py:211} INFO - Skipping tasks ['suited']
[2023-03-31T12:42:37.868+0000] {taskinstance.py:1326} INFO - Marking task as SUCCESS. dag_id=tutorial_executa_dag, task_id=is_suited, execution_date=20230331T113000, start_date=20230331T124237, end_date=20230331T124237
[2023-03-31T12:42:37.888+0000] {local_task_job.py:212} INFO - Task exited with return code 0
[2023-03-31T12:42:37.909+0000] {taskinstance.py:2585} INFO - 1 downstream tasks scheduled from follow-on schedule check
