[2023-04-15T12:34:03.966+0000] {taskinstance.py:1084} INFO - Dependencies all met for dep_context=non-requeueable deps ti=<TaskInstance: example_dag_advanced.weekend_activities.which_weekend_activity_day manual__2023-04-15T12:17:00.333604+00:00 [queued]>
[2023-04-15T12:34:03.973+0000] {taskinstance.py:1084} INFO - Dependencies all met for dep_context=requeueable deps ti=<TaskInstance: example_dag_advanced.weekend_activities.which_weekend_activity_day manual__2023-04-15T12:17:00.333604+00:00 [queued]>
[2023-04-15T12:34:03.974+0000] {taskinstance.py:1282} INFO - 
--------------------------------------------------------------------------------
[2023-04-15T12:34:03.975+0000] {taskinstance.py:1283} INFO - Starting attempt 1 of 3
[2023-04-15T12:34:03.975+0000] {taskinstance.py:1284} INFO - 
--------------------------------------------------------------------------------
[2023-04-15T12:34:03.983+0000] {taskinstance.py:1303} INFO - Executing <Task(BranchPythonOperator): weekend_activities.which_weekend_activity_day> on 2023-04-15 12:17:00.333604+00:00
[2023-04-15T12:34:03.988+0000] {standard_task_runner.py:55} INFO - Started process 1408 to run task
[2023-04-15T12:34:03.992+0000] {standard_task_runner.py:82} INFO - Running: ['***', 'tasks', 'run', 'example_dag_advanced', 'weekend_activities.which_weekend_activity_day', 'manual__2023-04-15T12:17:00.333604+00:00', '--job-id', '132', '--raw', '--subdir', 'DAGS_FOLDER/example_dag_advanced.py', '--cfg-path', '/tmp/tmpid8cai7j']
[2023-04-15T12:34:03.994+0000] {standard_task_runner.py:83} INFO - Job 132: Subtask weekend_activities.which_weekend_activity_day
[2023-04-15T12:34:04.060+0000] {task_command.py:388} INFO - Running <TaskInstance: example_dag_advanced.weekend_activities.which_weekend_activity_day manual__2023-04-15T12:17:00.333604+00:00 [running]> on host 229ecb906897
[2023-04-15T12:34:04.116+0000] {taskinstance.py:1511} INFO - Exporting the following env vars:
AIRFLOW_CTX_DAG_OWNER=community
AIRFLOW_CTX_DAG_ID=example_dag_advanced
AIRFLOW_CTX_TASK_ID=weekend_activities.which_weekend_activity_day
AIRFLOW_CTX_EXECUTION_DATE=2023-04-15T12:17:00.333604+00:00
AIRFLOW_CTX_TRY_NUMBER=1
AIRFLOW_CTX_DAG_RUN_ID=manual__2023-04-15T12:17:00.333604+00:00
[2023-04-15T12:34:04.118+0000] {python.py:177} INFO - Done. Returned value was: weekend_activities.going_to_the_beach
[2023-04-15T12:34:04.119+0000] {python.py:211} INFO - Branch callable return weekend_activities.going_to_the_beach
[2023-04-15T12:34:04.119+0000] {skipmixin.py:155} INFO - Following branch weekend_activities.going_to_the_beach
[2023-04-15T12:34:04.130+0000] {taskinstance.py:1775} ERROR - Task failed with exception
Traceback (most recent call last):
  File "/home/airflow/.local/lib/python3.7/site-packages/airflow/operators/python.py", line 212, in execute
    self.skip_all_except(context["ti"], branch)
  File "/home/airflow/.local/lib/python3.7/site-packages/airflow/models/skipmixin.py", line 186, in skip_all_except
    "'branch_task_ids' must contain only valid task_ids. "
airflow.exceptions.AirflowException: 'branch_task_ids' must contain only valid task_ids. Invalid tasks found: {'weekend_activities.going_to_the_beach'}.
[2023-04-15T12:34:04.133+0000] {taskinstance.py:1326} INFO - Marking task as UP_FOR_RETRY. dag_id=example_dag_advanced, task_id=weekend_activities.which_weekend_activity_day, execution_date=20230415T121700, start_date=20230415T123403, end_date=20230415T123404
[2023-04-15T12:34:04.140+0000] {standard_task_runner.py:105} ERROR - Failed to execute job 132 for task weekend_activities.which_weekend_activity_day ('branch_task_ids' must contain only valid task_ids. Invalid tasks found: {'weekend_activities.going_to_the_beach'}.; 1408)
[2023-04-15T12:34:04.164+0000] {local_task_job.py:212} INFO - Task exited with return code 1
[2023-04-15T12:34:04.185+0000] {taskinstance.py:2585} INFO - 0 downstream tasks scheduled from follow-on schedule check
