[2023-03-31T12:42:41.150+0000] {taskinstance.py:1084} INFO - Dependencies all met for dep_context=non-requeueable deps ti=<TaskInstance: tutorial_executa_dag.is_suited manual__2023-03-31T12:42:35.009598+00:00 [queued]>
[2023-03-31T12:42:41.157+0000] {taskinstance.py:1084} INFO - Dependencies all met for dep_context=requeueable deps ti=<TaskInstance: tutorial_executa_dag.is_suited manual__2023-03-31T12:42:35.009598+00:00 [queued]>
[2023-03-31T12:42:41.157+0000] {taskinstance.py:1282} INFO - 
--------------------------------------------------------------------------------
[2023-03-31T12:42:41.158+0000] {taskinstance.py:1283} INFO - Starting attempt 1 of 1
[2023-03-31T12:42:41.158+0000] {taskinstance.py:1284} INFO - 
--------------------------------------------------------------------------------
[2023-03-31T12:42:41.168+0000] {taskinstance.py:1303} INFO - Executing <Task(BranchPythonOperator): is_suited> on 2023-03-31 12:42:35.009598+00:00
[2023-03-31T12:42:41.174+0000] {standard_task_runner.py:55} INFO - Started process 140 to run task
[2023-03-31T12:42:41.179+0000] {standard_task_runner.py:82} INFO - Running: ['***', 'tasks', 'run', 'tutorial_executa_dag', 'is_suited', 'manual__2023-03-31T12:42:35.009598+00:00', '--job-id', '7', '--raw', '--subdir', 'DAGS_FOLDER/tutorial_executa_dag.py', '--cfg-path', '/tmp/tmpa2aivmqf']
[2023-03-31T12:42:41.180+0000] {standard_task_runner.py:83} INFO - Job 7: Subtask is_suited
[2023-03-31T12:42:41.267+0000] {task_command.py:388} INFO - Running <TaskInstance: tutorial_executa_dag.is_suited manual__2023-03-31T12:42:35.009598+00:00 [running]> on host 7d652e404e13
[2023-03-31T12:42:41.376+0000] {taskinstance.py:1511} INFO - Exporting the following env vars:
AIRFLOW_CTX_DAG_OWNER=***
AIRFLOW_CTX_DAG_ID=tutorial_executa_dag
AIRFLOW_CTX_TASK_ID=is_suited
AIRFLOW_CTX_EXECUTION_DATE=2023-03-31T12:42:35.009598+00:00
AIRFLOW_CTX_TRY_NUMBER=1
AIRFLOW_CTX_DAG_RUN_ID=manual__2023-03-31T12:42:35.009598+00:00
[2023-03-31T12:42:41.401+0000] {python.py:177} INFO - Done. Returned value was: unsuited
[2023-03-31T12:42:41.415+0000] {python.py:211} INFO - Branch callable return unsuited
[2023-03-31T12:42:41.419+0000] {skipmixin.py:155} INFO - Following branch unsuited
[2023-03-31T12:42:41.423+0000] {skipmixin.py:211} INFO - Skipping tasks ['suited']
[2023-03-31T12:42:41.631+0000] {taskinstance.py:1326} INFO - Marking task as SUCCESS. dag_id=tutorial_executa_dag, task_id=is_suited, execution_date=20230331T124235, start_date=20230331T124241, end_date=20230331T124241
[2023-03-31T12:42:41.678+0000] {local_task_job.py:212} INFO - Task exited with return code 0
[2023-03-31T12:42:41.719+0000] {taskinstance.py:2585} INFO - 1 downstream tasks scheduled from follow-on schedule check
