[2023-04-15T00:30:06.394+0000] {taskinstance.py:1084} INFO - Dependencies all met for dep_context=non-requeueable deps ti=<TaskInstance: tutorial_executa_dag.unsuited scheduled__2023-04-14T23:30:00+00:00 [queued]>
[2023-04-15T00:30:06.401+0000] {taskinstance.py:1084} INFO - Dependencies all met for dep_context=requeueable deps ti=<TaskInstance: tutorial_executa_dag.unsuited scheduled__2023-04-14T23:30:00+00:00 [queued]>
[2023-04-15T00:30:06.401+0000] {taskinstance.py:1282} INFO - 
--------------------------------------------------------------------------------
[2023-04-15T00:30:06.402+0000] {taskinstance.py:1283} INFO - Starting attempt 1 of 1
[2023-04-15T00:30:06.402+0000] {taskinstance.py:1284} INFO - 
--------------------------------------------------------------------------------
[2023-04-15T00:30:06.411+0000] {taskinstance.py:1303} INFO - Executing <Task(BashOperator): unsuited> on 2023-04-14 23:30:00+00:00
[2023-04-15T00:30:06.416+0000] {standard_task_runner.py:55} INFO - Started process 426 to run task
[2023-04-15T00:30:06.420+0000] {standard_task_runner.py:82} INFO - Running: ['***', 'tasks', 'run', 'tutorial_executa_dag', 'unsuited', 'scheduled__2023-04-14T23:30:00+00:00', '--job-id', '76', '--raw', '--subdir', 'DAGS_FOLDER/tutorial_executa_dag.py', '--cfg-path', '/tmp/tmpghsc6q8e']
[2023-04-15T00:30:06.421+0000] {standard_task_runner.py:83} INFO - Job 76: Subtask unsuited
[2023-04-15T00:30:06.474+0000] {task_command.py:388} INFO - Running <TaskInstance: tutorial_executa_dag.unsuited scheduled__2023-04-14T23:30:00+00:00 [running]> on host 229ecb906897
[2023-04-15T00:30:06.520+0000] {taskinstance.py:1511} INFO - Exporting the following env vars:
AIRFLOW_CTX_DAG_OWNER=***
AIRFLOW_CTX_DAG_ID=tutorial_executa_dag
AIRFLOW_CTX_TASK_ID=unsuited
AIRFLOW_CTX_EXECUTION_DATE=2023-04-14T23:30:00+00:00
AIRFLOW_CTX_TRY_NUMBER=1
AIRFLOW_CTX_DAG_RUN_ID=scheduled__2023-04-14T23:30:00+00:00
[2023-04-15T00:30:06.524+0000] {subprocess.py:63} INFO - Tmp dir root location: 
 /tmp
[2023-04-15T00:30:06.525+0000] {subprocess.py:75} INFO - Running command: ['/bin/bash', '-c', "echo 'Quantidade não OK'"]
[2023-04-15T00:30:06.535+0000] {subprocess.py:86} INFO - Output:
[2023-04-15T00:30:06.540+0000] {subprocess.py:93} INFO - Quantidade não OK
[2023-04-15T00:30:06.541+0000] {subprocess.py:97} INFO - Command exited with return code 0
[2023-04-15T00:30:06.561+0000] {taskinstance.py:1326} INFO - Marking task as SUCCESS. dag_id=tutorial_executa_dag, task_id=unsuited, execution_date=20230414T233000, start_date=20230415T003006, end_date=20230415T003006
[2023-04-15T00:30:06.593+0000] {local_task_job.py:212} INFO - Task exited with return code 0
[2023-04-15T00:30:06.606+0000] {taskinstance.py:2585} INFO - 0 downstream tasks scheduled from follow-on schedule check
