[2023-04-29T22:23:37.398+0000] {processor.py:153} INFO - Started process (PID=53) to work on /home/airflow/.local/lib/python3.7/site-packages/airflow/example_dags/example_branch_python_dop_operator_3.py
[2023-04-29T22:23:37.401+0000] {processor.py:743} INFO - Processing file /home/airflow/.local/lib/python3.7/site-packages/airflow/example_dags/example_branch_python_dop_operator_3.py for tasks to queue
[2023-04-29T22:23:37.403+0000] {logging_mixin.py:137} INFO - [2023-04-29T22:23:37.403+0000] {dagbag.py:532} INFO - Filling up the DagBag from /home/airflow/.local/lib/python3.7/site-packages/airflow/example_dags/example_branch_python_dop_operator_3.py
[2023-04-29T22:23:37.490+0000] {processor.py:753} INFO - DAG(s) dict_keys(['example_branch_dop_operator_v3']) retrieved from /home/airflow/.local/lib/python3.7/site-packages/airflow/example_dags/example_branch_python_dop_operator_3.py
[2023-04-29T22:23:37.544+0000] {logging_mixin.py:137} INFO - [2023-04-29T22:23:37.543+0000] {dag.py:2693} INFO - Sync 1 DAGs
[2023-04-29T22:23:37.616+0000] {logging_mixin.py:137} INFO - [2023-04-29T22:23:37.616+0000] {dag.py:3444} INFO - Setting next_dagrun for example_branch_dop_operator_v3 to 2023-04-29T22:22:00+00:00, run_after=2023-04-29T22:23:00+00:00
[2023-04-29T22:23:37.663+0000] {processor.py:175} INFO - Processing /home/airflow/.local/lib/python3.7/site-packages/airflow/example_dags/example_branch_python_dop_operator_3.py took 0.269 seconds
[2023-04-29T22:24:07.767+0000] {processor.py:153} INFO - Started process (PID=104) to work on /home/airflow/.local/lib/python3.7/site-packages/airflow/example_dags/example_branch_python_dop_operator_3.py
[2023-04-29T22:24:07.768+0000] {processor.py:743} INFO - Processing file /home/airflow/.local/lib/python3.7/site-packages/airflow/example_dags/example_branch_python_dop_operator_3.py for tasks to queue
[2023-04-29T22:24:07.769+0000] {logging_mixin.py:137} INFO - [2023-04-29T22:24:07.769+0000] {dagbag.py:532} INFO - Filling up the DagBag from /home/airflow/.local/lib/python3.7/site-packages/airflow/example_dags/example_branch_python_dop_operator_3.py
[2023-04-29T22:24:07.784+0000] {processor.py:753} INFO - DAG(s) dict_keys(['example_branch_dop_operator_v3']) retrieved from /home/airflow/.local/lib/python3.7/site-packages/airflow/example_dags/example_branch_python_dop_operator_3.py
[2023-04-29T22:24:07.803+0000] {logging_mixin.py:137} INFO - [2023-04-29T22:24:07.803+0000] {dag.py:2693} INFO - Sync 1 DAGs
[2023-04-29T22:24:07.820+0000] {logging_mixin.py:137} INFO - [2023-04-29T22:24:07.820+0000] {dag.py:3444} INFO - Setting next_dagrun for example_branch_dop_operator_v3 to 2023-04-29T22:23:00+00:00, run_after=2023-04-29T22:24:00+00:00
[2023-04-29T22:24:07.830+0000] {processor.py:175} INFO - Processing /home/airflow/.local/lib/python3.7/site-packages/airflow/example_dags/example_branch_python_dop_operator_3.py took 0.066 seconds
[2023-04-29T22:24:38.271+0000] {processor.py:153} INFO - Started process (PID=156) to work on /home/airflow/.local/lib/python3.7/site-packages/airflow/example_dags/example_branch_python_dop_operator_3.py
[2023-04-29T22:24:38.272+0000] {processor.py:743} INFO - Processing file /home/airflow/.local/lib/python3.7/site-packages/airflow/example_dags/example_branch_python_dop_operator_3.py for tasks to queue
[2023-04-29T22:24:38.272+0000] {logging_mixin.py:137} INFO - [2023-04-29T22:24:38.272+0000] {dagbag.py:532} INFO - Filling up the DagBag from /home/airflow/.local/lib/python3.7/site-packages/airflow/example_dags/example_branch_python_dop_operator_3.py
[2023-04-29T22:24:38.288+0000] {processor.py:753} INFO - DAG(s) dict_keys(['example_branch_dop_operator_v3']) retrieved from /home/airflow/.local/lib/python3.7/site-packages/airflow/example_dags/example_branch_python_dop_operator_3.py
[2023-04-29T22:24:38.307+0000] {logging_mixin.py:137} INFO - [2023-04-29T22:24:38.307+0000] {dag.py:2693} INFO - Sync 1 DAGs
[2023-04-29T22:24:38.325+0000] {logging_mixin.py:137} INFO - [2023-04-29T22:24:38.325+0000] {dag.py:3444} INFO - Setting next_dagrun for example_branch_dop_operator_v3 to 2023-04-29T22:23:00+00:00, run_after=2023-04-29T22:24:00+00:00
[2023-04-29T22:24:38.337+0000] {processor.py:175} INFO - Processing /home/airflow/.local/lib/python3.7/site-packages/airflow/example_dags/example_branch_python_dop_operator_3.py took 0.070 seconds
[2023-04-29T22:25:09.070+0000] {processor.py:153} INFO - Started process (PID=207) to work on /home/airflow/.local/lib/python3.7/site-packages/airflow/example_dags/example_branch_python_dop_operator_3.py
[2023-04-29T22:25:09.071+0000] {processor.py:743} INFO - Processing file /home/airflow/.local/lib/python3.7/site-packages/airflow/example_dags/example_branch_python_dop_operator_3.py for tasks to queue
[2023-04-29T22:25:09.072+0000] {logging_mixin.py:137} INFO - [2023-04-29T22:25:09.072+0000] {dagbag.py:532} INFO - Filling up the DagBag from /home/airflow/.local/lib/python3.7/site-packages/airflow/example_dags/example_branch_python_dop_operator_3.py
[2023-04-29T22:25:09.094+0000] {processor.py:753} INFO - DAG(s) dict_keys(['example_branch_dop_operator_v3']) retrieved from /home/airflow/.local/lib/python3.7/site-packages/airflow/example_dags/example_branch_python_dop_operator_3.py
[2023-04-29T22:25:09.117+0000] {logging_mixin.py:137} INFO - [2023-04-29T22:25:09.117+0000] {dag.py:2693} INFO - Sync 1 DAGs
[2023-04-29T22:25:09.136+0000] {logging_mixin.py:137} INFO - [2023-04-29T22:25:09.136+0000] {dag.py:3444} INFO - Setting next_dagrun for example_branch_dop_operator_v3 to 2023-04-29T22:24:00+00:00, run_after=2023-04-29T22:25:00+00:00
[2023-04-29T22:25:09.147+0000] {processor.py:175} INFO - Processing /home/airflow/.local/lib/python3.7/site-packages/airflow/example_dags/example_branch_python_dop_operator_3.py took 0.079 seconds
[2023-04-29T22:25:39.941+0000] {processor.py:153} INFO - Started process (PID=258) to work on /home/airflow/.local/lib/python3.7/site-packages/airflow/example_dags/example_branch_python_dop_operator_3.py
[2023-04-29T22:25:39.943+0000] {processor.py:743} INFO - Processing file /home/airflow/.local/lib/python3.7/site-packages/airflow/example_dags/example_branch_python_dop_operator_3.py for tasks to queue
[2023-04-29T22:25:39.944+0000] {logging_mixin.py:137} INFO - [2023-04-29T22:25:39.943+0000] {dagbag.py:532} INFO - Filling up the DagBag from /home/airflow/.local/lib/python3.7/site-packages/airflow/example_dags/example_branch_python_dop_operator_3.py
[2023-04-29T22:25:39.959+0000] {processor.py:753} INFO - DAG(s) dict_keys(['example_branch_dop_operator_v3']) retrieved from /home/airflow/.local/lib/python3.7/site-packages/airflow/example_dags/example_branch_python_dop_operator_3.py
[2023-04-29T22:25:39.979+0000] {logging_mixin.py:137} INFO - [2023-04-29T22:25:39.979+0000] {dag.py:2693} INFO - Sync 1 DAGs
[2023-04-29T22:25:39.998+0000] {logging_mixin.py:137} INFO - [2023-04-29T22:25:39.998+0000] {dag.py:3444} INFO - Setting next_dagrun for example_branch_dop_operator_v3 to 2023-04-29T22:24:00+00:00, run_after=2023-04-29T22:25:00+00:00
[2023-04-29T22:25:40.009+0000] {processor.py:175} INFO - Processing /home/airflow/.local/lib/python3.7/site-packages/airflow/example_dags/example_branch_python_dop_operator_3.py took 0.070 seconds
[2023-04-29T22:26:10.836+0000] {processor.py:153} INFO - Started process (PID=309) to work on /home/airflow/.local/lib/python3.7/site-packages/airflow/example_dags/example_branch_python_dop_operator_3.py
[2023-04-29T22:26:10.837+0000] {processor.py:743} INFO - Processing file /home/airflow/.local/lib/python3.7/site-packages/airflow/example_dags/example_branch_python_dop_operator_3.py for tasks to queue
[2023-04-29T22:26:10.838+0000] {logging_mixin.py:137} INFO - [2023-04-29T22:26:10.838+0000] {dagbag.py:532} INFO - Filling up the DagBag from /home/airflow/.local/lib/python3.7/site-packages/airflow/example_dags/example_branch_python_dop_operator_3.py
[2023-04-29T22:26:10.852+0000] {processor.py:753} INFO - DAG(s) dict_keys(['example_branch_dop_operator_v3']) retrieved from /home/airflow/.local/lib/python3.7/site-packages/airflow/example_dags/example_branch_python_dop_operator_3.py
[2023-04-29T22:26:10.871+0000] {logging_mixin.py:137} INFO - [2023-04-29T22:26:10.871+0000] {dag.py:2693} INFO - Sync 1 DAGs
[2023-04-29T22:26:10.888+0000] {logging_mixin.py:137} INFO - [2023-04-29T22:26:10.887+0000] {dag.py:3444} INFO - Setting next_dagrun for example_branch_dop_operator_v3 to 2023-04-29T22:25:00+00:00, run_after=2023-04-29T22:26:00+00:00
[2023-04-29T22:26:10.898+0000] {processor.py:175} INFO - Processing /home/airflow/.local/lib/python3.7/site-packages/airflow/example_dags/example_branch_python_dop_operator_3.py took 0.064 seconds
[2023-04-29T22:26:41.654+0000] {processor.py:153} INFO - Started process (PID=360) to work on /home/airflow/.local/lib/python3.7/site-packages/airflow/example_dags/example_branch_python_dop_operator_3.py
[2023-04-29T22:26:41.655+0000] {processor.py:743} INFO - Processing file /home/airflow/.local/lib/python3.7/site-packages/airflow/example_dags/example_branch_python_dop_operator_3.py for tasks to queue
[2023-04-29T22:26:41.656+0000] {logging_mixin.py:137} INFO - [2023-04-29T22:26:41.656+0000] {dagbag.py:532} INFO - Filling up the DagBag from /home/airflow/.local/lib/python3.7/site-packages/airflow/example_dags/example_branch_python_dop_operator_3.py
[2023-04-29T22:26:41.671+0000] {processor.py:753} INFO - DAG(s) dict_keys(['example_branch_dop_operator_v3']) retrieved from /home/airflow/.local/lib/python3.7/site-packages/airflow/example_dags/example_branch_python_dop_operator_3.py
[2023-04-29T22:26:41.689+0000] {logging_mixin.py:137} INFO - [2023-04-29T22:26:41.689+0000] {dag.py:2693} INFO - Sync 1 DAGs
[2023-04-29T22:26:41.706+0000] {logging_mixin.py:137} INFO - [2023-04-29T22:26:41.705+0000] {dag.py:3444} INFO - Setting next_dagrun for example_branch_dop_operator_v3 to 2023-04-29T22:25:00+00:00, run_after=2023-04-29T22:26:00+00:00
[2023-04-29T22:26:41.716+0000] {processor.py:175} INFO - Processing /home/airflow/.local/lib/python3.7/site-packages/airflow/example_dags/example_branch_python_dop_operator_3.py took 0.065 seconds
[2023-04-29T22:27:12.274+0000] {processor.py:153} INFO - Started process (PID=411) to work on /home/airflow/.local/lib/python3.7/site-packages/airflow/example_dags/example_branch_python_dop_operator_3.py
[2023-04-29T22:27:12.275+0000] {processor.py:743} INFO - Processing file /home/airflow/.local/lib/python3.7/site-packages/airflow/example_dags/example_branch_python_dop_operator_3.py for tasks to queue
[2023-04-29T22:27:12.276+0000] {logging_mixin.py:137} INFO - [2023-04-29T22:27:12.276+0000] {dagbag.py:532} INFO - Filling up the DagBag from /home/airflow/.local/lib/python3.7/site-packages/airflow/example_dags/example_branch_python_dop_operator_3.py
[2023-04-29T22:27:12.290+0000] {processor.py:753} INFO - DAG(s) dict_keys(['example_branch_dop_operator_v3']) retrieved from /home/airflow/.local/lib/python3.7/site-packages/airflow/example_dags/example_branch_python_dop_operator_3.py
[2023-04-29T22:27:12.309+0000] {logging_mixin.py:137} INFO - [2023-04-29T22:27:12.309+0000] {dag.py:2693} INFO - Sync 1 DAGs
[2023-04-29T22:27:12.326+0000] {logging_mixin.py:137} INFO - [2023-04-29T22:27:12.326+0000] {dag.py:3444} INFO - Setting next_dagrun for example_branch_dop_operator_v3 to 2023-04-29T22:26:00+00:00, run_after=2023-04-29T22:27:00+00:00
[2023-04-29T22:27:12.336+0000] {processor.py:175} INFO - Processing /home/airflow/.local/lib/python3.7/site-packages/airflow/example_dags/example_branch_python_dop_operator_3.py took 0.065 seconds
[2023-04-29T22:27:42.903+0000] {processor.py:153} INFO - Started process (PID=462) to work on /home/airflow/.local/lib/python3.7/site-packages/airflow/example_dags/example_branch_python_dop_operator_3.py
[2023-04-29T22:27:42.904+0000] {processor.py:743} INFO - Processing file /home/airflow/.local/lib/python3.7/site-packages/airflow/example_dags/example_branch_python_dop_operator_3.py for tasks to queue
[2023-04-29T22:27:42.905+0000] {logging_mixin.py:137} INFO - [2023-04-29T22:27:42.905+0000] {dagbag.py:532} INFO - Filling up the DagBag from /home/airflow/.local/lib/python3.7/site-packages/airflow/example_dags/example_branch_python_dop_operator_3.py
[2023-04-29T22:27:42.920+0000] {processor.py:753} INFO - DAG(s) dict_keys(['example_branch_dop_operator_v3']) retrieved from /home/airflow/.local/lib/python3.7/site-packages/airflow/example_dags/example_branch_python_dop_operator_3.py
[2023-04-29T22:27:42.939+0000] {logging_mixin.py:137} INFO - [2023-04-29T22:27:42.939+0000] {dag.py:2693} INFO - Sync 1 DAGs
[2023-04-29T22:27:42.958+0000] {logging_mixin.py:137} INFO - [2023-04-29T22:27:42.957+0000] {dag.py:3444} INFO - Setting next_dagrun for example_branch_dop_operator_v3 to 2023-04-29T22:26:00+00:00, run_after=2023-04-29T22:27:00+00:00
[2023-04-29T22:27:42.969+0000] {processor.py:175} INFO - Processing /home/airflow/.local/lib/python3.7/site-packages/airflow/example_dags/example_branch_python_dop_operator_3.py took 0.068 seconds
[2023-04-29T22:28:13.719+0000] {processor.py:153} INFO - Started process (PID=513) to work on /home/airflow/.local/lib/python3.7/site-packages/airflow/example_dags/example_branch_python_dop_operator_3.py
[2023-04-29T22:28:13.720+0000] {processor.py:743} INFO - Processing file /home/airflow/.local/lib/python3.7/site-packages/airflow/example_dags/example_branch_python_dop_operator_3.py for tasks to queue
[2023-04-29T22:28:13.721+0000] {logging_mixin.py:137} INFO - [2023-04-29T22:28:13.721+0000] {dagbag.py:532} INFO - Filling up the DagBag from /home/airflow/.local/lib/python3.7/site-packages/airflow/example_dags/example_branch_python_dop_operator_3.py
[2023-04-29T22:28:13.736+0000] {processor.py:753} INFO - DAG(s) dict_keys(['example_branch_dop_operator_v3']) retrieved from /home/airflow/.local/lib/python3.7/site-packages/airflow/example_dags/example_branch_python_dop_operator_3.py
[2023-04-29T22:28:13.763+0000] {logging_mixin.py:137} INFO - [2023-04-29T22:28:13.763+0000] {dag.py:2693} INFO - Sync 1 DAGs
[2023-04-29T22:28:13.781+0000] {logging_mixin.py:137} INFO - [2023-04-29T22:28:13.781+0000] {dag.py:3444} INFO - Setting next_dagrun for example_branch_dop_operator_v3 to 2023-04-29T22:27:00+00:00, run_after=2023-04-29T22:28:00+00:00
[2023-04-29T22:28:13.792+0000] {processor.py:175} INFO - Processing /home/airflow/.local/lib/python3.7/site-packages/airflow/example_dags/example_branch_python_dop_operator_3.py took 0.076 seconds
[2023-04-29T22:28:44.824+0000] {processor.py:153} INFO - Started process (PID=564) to work on /home/airflow/.local/lib/python3.7/site-packages/airflow/example_dags/example_branch_python_dop_operator_3.py
[2023-04-29T22:28:44.825+0000] {processor.py:743} INFO - Processing file /home/airflow/.local/lib/python3.7/site-packages/airflow/example_dags/example_branch_python_dop_operator_3.py for tasks to queue
[2023-04-29T22:28:44.826+0000] {logging_mixin.py:137} INFO - [2023-04-29T22:28:44.826+0000] {dagbag.py:532} INFO - Filling up the DagBag from /home/airflow/.local/lib/python3.7/site-packages/airflow/example_dags/example_branch_python_dop_operator_3.py
[2023-04-29T22:28:44.841+0000] {processor.py:753} INFO - DAG(s) dict_keys(['example_branch_dop_operator_v3']) retrieved from /home/airflow/.local/lib/python3.7/site-packages/airflow/example_dags/example_branch_python_dop_operator_3.py
[2023-04-29T22:28:44.859+0000] {logging_mixin.py:137} INFO - [2023-04-29T22:28:44.859+0000] {dag.py:2693} INFO - Sync 1 DAGs
[2023-04-29T22:28:44.875+0000] {logging_mixin.py:137} INFO - [2023-04-29T22:28:44.875+0000] {dag.py:3444} INFO - Setting next_dagrun for example_branch_dop_operator_v3 to 2023-04-29T22:27:00+00:00, run_after=2023-04-29T22:28:00+00:00
[2023-04-29T22:28:44.886+0000] {processor.py:175} INFO - Processing /home/airflow/.local/lib/python3.7/site-packages/airflow/example_dags/example_branch_python_dop_operator_3.py took 0.065 seconds
[2023-04-29T22:29:15.272+0000] {processor.py:153} INFO - Started process (PID=615) to work on /home/airflow/.local/lib/python3.7/site-packages/airflow/example_dags/example_branch_python_dop_operator_3.py
[2023-04-29T22:29:15.273+0000] {processor.py:743} INFO - Processing file /home/airflow/.local/lib/python3.7/site-packages/airflow/example_dags/example_branch_python_dop_operator_3.py for tasks to queue
[2023-04-29T22:29:15.274+0000] {logging_mixin.py:137} INFO - [2023-04-29T22:29:15.274+0000] {dagbag.py:532} INFO - Filling up the DagBag from /home/airflow/.local/lib/python3.7/site-packages/airflow/example_dags/example_branch_python_dop_operator_3.py
[2023-04-29T22:29:15.292+0000] {processor.py:753} INFO - DAG(s) dict_keys(['example_branch_dop_operator_v3']) retrieved from /home/airflow/.local/lib/python3.7/site-packages/airflow/example_dags/example_branch_python_dop_operator_3.py
[2023-04-29T22:29:15.314+0000] {logging_mixin.py:137} INFO - [2023-04-29T22:29:15.313+0000] {dag.py:2693} INFO - Sync 1 DAGs
[2023-04-29T22:29:15.333+0000] {logging_mixin.py:137} INFO - [2023-04-29T22:29:15.333+0000] {dag.py:3444} INFO - Setting next_dagrun for example_branch_dop_operator_v3 to 2023-04-29T22:28:00+00:00, run_after=2023-04-29T22:29:00+00:00
[2023-04-29T22:29:15.344+0000] {processor.py:175} INFO - Processing /home/airflow/.local/lib/python3.7/site-packages/airflow/example_dags/example_branch_python_dop_operator_3.py took 0.075 seconds
[2023-04-29T22:29:46.106+0000] {processor.py:153} INFO - Started process (PID=666) to work on /home/airflow/.local/lib/python3.7/site-packages/airflow/example_dags/example_branch_python_dop_operator_3.py
[2023-04-29T22:29:46.107+0000] {processor.py:743} INFO - Processing file /home/airflow/.local/lib/python3.7/site-packages/airflow/example_dags/example_branch_python_dop_operator_3.py for tasks to queue
[2023-04-29T22:29:46.108+0000] {logging_mixin.py:137} INFO - [2023-04-29T22:29:46.108+0000] {dagbag.py:532} INFO - Filling up the DagBag from /home/airflow/.local/lib/python3.7/site-packages/airflow/example_dags/example_branch_python_dop_operator_3.py
[2023-04-29T22:29:46.124+0000] {processor.py:753} INFO - DAG(s) dict_keys(['example_branch_dop_operator_v3']) retrieved from /home/airflow/.local/lib/python3.7/site-packages/airflow/example_dags/example_branch_python_dop_operator_3.py
[2023-04-29T22:29:46.145+0000] {logging_mixin.py:137} INFO - [2023-04-29T22:29:46.145+0000] {dag.py:2693} INFO - Sync 1 DAGs
[2023-04-29T22:29:46.164+0000] {logging_mixin.py:137} INFO - [2023-04-29T22:29:46.164+0000] {dag.py:3444} INFO - Setting next_dagrun for example_branch_dop_operator_v3 to 2023-04-29T22:28:00+00:00, run_after=2023-04-29T22:29:00+00:00
[2023-04-29T22:29:46.177+0000] {processor.py:175} INFO - Processing /home/airflow/.local/lib/python3.7/site-packages/airflow/example_dags/example_branch_python_dop_operator_3.py took 0.075 seconds
[2023-04-29T22:30:16.812+0000] {processor.py:153} INFO - Started process (PID=717) to work on /home/airflow/.local/lib/python3.7/site-packages/airflow/example_dags/example_branch_python_dop_operator_3.py
[2023-04-29T22:30:16.814+0000] {processor.py:743} INFO - Processing file /home/airflow/.local/lib/python3.7/site-packages/airflow/example_dags/example_branch_python_dop_operator_3.py for tasks to queue
[2023-04-29T22:30:16.814+0000] {logging_mixin.py:137} INFO - [2023-04-29T22:30:16.814+0000] {dagbag.py:532} INFO - Filling up the DagBag from /home/airflow/.local/lib/python3.7/site-packages/airflow/example_dags/example_branch_python_dop_operator_3.py
[2023-04-29T22:30:16.830+0000] {processor.py:753} INFO - DAG(s) dict_keys(['example_branch_dop_operator_v3']) retrieved from /home/airflow/.local/lib/python3.7/site-packages/airflow/example_dags/example_branch_python_dop_operator_3.py
[2023-04-29T22:30:16.849+0000] {logging_mixin.py:137} INFO - [2023-04-29T22:30:16.849+0000] {dag.py:2693} INFO - Sync 1 DAGs
[2023-04-29T22:30:16.867+0000] {logging_mixin.py:137} INFO - [2023-04-29T22:30:16.867+0000] {dag.py:3444} INFO - Setting next_dagrun for example_branch_dop_operator_v3 to 2023-04-29T22:29:00+00:00, run_after=2023-04-29T22:30:00+00:00
[2023-04-29T22:30:16.877+0000] {processor.py:175} INFO - Processing /home/airflow/.local/lib/python3.7/site-packages/airflow/example_dags/example_branch_python_dop_operator_3.py took 0.068 seconds
[2023-04-29T22:30:47.517+0000] {processor.py:153} INFO - Started process (PID=768) to work on /home/airflow/.local/lib/python3.7/site-packages/airflow/example_dags/example_branch_python_dop_operator_3.py
[2023-04-29T22:30:47.518+0000] {processor.py:743} INFO - Processing file /home/airflow/.local/lib/python3.7/site-packages/airflow/example_dags/example_branch_python_dop_operator_3.py for tasks to queue
[2023-04-29T22:30:47.519+0000] {logging_mixin.py:137} INFO - [2023-04-29T22:30:47.519+0000] {dagbag.py:532} INFO - Filling up the DagBag from /home/airflow/.local/lib/python3.7/site-packages/airflow/example_dags/example_branch_python_dop_operator_3.py
[2023-04-29T22:30:47.534+0000] {processor.py:753} INFO - DAG(s) dict_keys(['example_branch_dop_operator_v3']) retrieved from /home/airflow/.local/lib/python3.7/site-packages/airflow/example_dags/example_branch_python_dop_operator_3.py
[2023-04-29T22:30:47.552+0000] {logging_mixin.py:137} INFO - [2023-04-29T22:30:47.552+0000] {dag.py:2693} INFO - Sync 1 DAGs
[2023-04-29T22:30:47.569+0000] {logging_mixin.py:137} INFO - [2023-04-29T22:30:47.569+0000] {dag.py:3444} INFO - Setting next_dagrun for example_branch_dop_operator_v3 to 2023-04-29T22:29:00+00:00, run_after=2023-04-29T22:30:00+00:00
[2023-04-29T22:30:47.579+0000] {processor.py:175} INFO - Processing /home/airflow/.local/lib/python3.7/site-packages/airflow/example_dags/example_branch_python_dop_operator_3.py took 0.065 seconds
[2023-04-29T22:31:18.280+0000] {processor.py:153} INFO - Started process (PID=819) to work on /home/airflow/.local/lib/python3.7/site-packages/airflow/example_dags/example_branch_python_dop_operator_3.py
[2023-04-29T22:31:18.281+0000] {processor.py:743} INFO - Processing file /home/airflow/.local/lib/python3.7/site-packages/airflow/example_dags/example_branch_python_dop_operator_3.py for tasks to queue
[2023-04-29T22:31:18.282+0000] {logging_mixin.py:137} INFO - [2023-04-29T22:31:18.282+0000] {dagbag.py:532} INFO - Filling up the DagBag from /home/airflow/.local/lib/python3.7/site-packages/airflow/example_dags/example_branch_python_dop_operator_3.py
[2023-04-29T22:31:18.296+0000] {processor.py:753} INFO - DAG(s) dict_keys(['example_branch_dop_operator_v3']) retrieved from /home/airflow/.local/lib/python3.7/site-packages/airflow/example_dags/example_branch_python_dop_operator_3.py
[2023-04-29T22:31:18.314+0000] {logging_mixin.py:137} INFO - [2023-04-29T22:31:18.314+0000] {dag.py:2693} INFO - Sync 1 DAGs
[2023-04-29T22:31:18.330+0000] {logging_mixin.py:137} INFO - [2023-04-29T22:31:18.330+0000] {dag.py:3444} INFO - Setting next_dagrun for example_branch_dop_operator_v3 to 2023-04-29T22:30:00+00:00, run_after=2023-04-29T22:31:00+00:00
[2023-04-29T22:31:18.340+0000] {processor.py:175} INFO - Processing /home/airflow/.local/lib/python3.7/site-packages/airflow/example_dags/example_branch_python_dop_operator_3.py took 0.063 seconds
[2023-04-29T22:31:49.147+0000] {processor.py:153} INFO - Started process (PID=869) to work on /home/airflow/.local/lib/python3.7/site-packages/airflow/example_dags/example_branch_python_dop_operator_3.py
[2023-04-29T22:31:49.148+0000] {processor.py:743} INFO - Processing file /home/airflow/.local/lib/python3.7/site-packages/airflow/example_dags/example_branch_python_dop_operator_3.py for tasks to queue
[2023-04-29T22:31:49.148+0000] {logging_mixin.py:137} INFO - [2023-04-29T22:31:49.148+0000] {dagbag.py:532} INFO - Filling up the DagBag from /home/airflow/.local/lib/python3.7/site-packages/airflow/example_dags/example_branch_python_dop_operator_3.py
[2023-04-29T22:31:49.162+0000] {processor.py:753} INFO - DAG(s) dict_keys(['example_branch_dop_operator_v3']) retrieved from /home/airflow/.local/lib/python3.7/site-packages/airflow/example_dags/example_branch_python_dop_operator_3.py
[2023-04-29T22:31:49.181+0000] {logging_mixin.py:137} INFO - [2023-04-29T22:31:49.181+0000] {dag.py:2693} INFO - Sync 1 DAGs
[2023-04-29T22:31:49.198+0000] {logging_mixin.py:137} INFO - [2023-04-29T22:31:49.198+0000] {dag.py:3444} INFO - Setting next_dagrun for example_branch_dop_operator_v3 to 2023-04-29T22:30:00+00:00, run_after=2023-04-29T22:31:00+00:00
[2023-04-29T22:31:49.208+0000] {processor.py:175} INFO - Processing /home/airflow/.local/lib/python3.7/site-packages/airflow/example_dags/example_branch_python_dop_operator_3.py took 0.064 seconds
[2023-04-29T22:32:19.817+0000] {processor.py:153} INFO - Started process (PID=921) to work on /home/airflow/.local/lib/python3.7/site-packages/airflow/example_dags/example_branch_python_dop_operator_3.py
[2023-04-29T22:32:19.818+0000] {processor.py:743} INFO - Processing file /home/airflow/.local/lib/python3.7/site-packages/airflow/example_dags/example_branch_python_dop_operator_3.py for tasks to queue
[2023-04-29T22:32:19.819+0000] {logging_mixin.py:137} INFO - [2023-04-29T22:32:19.818+0000] {dagbag.py:532} INFO - Filling up the DagBag from /home/airflow/.local/lib/python3.7/site-packages/airflow/example_dags/example_branch_python_dop_operator_3.py
[2023-04-29T22:32:19.833+0000] {processor.py:753} INFO - DAG(s) dict_keys(['example_branch_dop_operator_v3']) retrieved from /home/airflow/.local/lib/python3.7/site-packages/airflow/example_dags/example_branch_python_dop_operator_3.py
[2023-04-29T22:32:19.852+0000] {logging_mixin.py:137} INFO - [2023-04-29T22:32:19.852+0000] {dag.py:2693} INFO - Sync 1 DAGs
[2023-04-29T22:32:19.869+0000] {logging_mixin.py:137} INFO - [2023-04-29T22:32:19.869+0000] {dag.py:3444} INFO - Setting next_dagrun for example_branch_dop_operator_v3 to 2023-04-29T22:31:00+00:00, run_after=2023-04-29T22:32:00+00:00
[2023-04-29T22:32:19.880+0000] {processor.py:175} INFO - Processing /home/airflow/.local/lib/python3.7/site-packages/airflow/example_dags/example_branch_python_dop_operator_3.py took 0.066 seconds
[2023-04-29T22:32:50.497+0000] {processor.py:153} INFO - Started process (PID=973) to work on /home/airflow/.local/lib/python3.7/site-packages/airflow/example_dags/example_branch_python_dop_operator_3.py
[2023-04-29T22:32:50.498+0000] {processor.py:743} INFO - Processing file /home/airflow/.local/lib/python3.7/site-packages/airflow/example_dags/example_branch_python_dop_operator_3.py for tasks to queue
[2023-04-29T22:32:50.499+0000] {logging_mixin.py:137} INFO - [2023-04-29T22:32:50.499+0000] {dagbag.py:532} INFO - Filling up the DagBag from /home/airflow/.local/lib/python3.7/site-packages/airflow/example_dags/example_branch_python_dop_operator_3.py
[2023-04-29T22:32:50.513+0000] {processor.py:753} INFO - DAG(s) dict_keys(['example_branch_dop_operator_v3']) retrieved from /home/airflow/.local/lib/python3.7/site-packages/airflow/example_dags/example_branch_python_dop_operator_3.py
[2023-04-29T22:32:50.532+0000] {logging_mixin.py:137} INFO - [2023-04-29T22:32:50.532+0000] {dag.py:2693} INFO - Sync 1 DAGs
[2023-04-29T22:32:50.549+0000] {logging_mixin.py:137} INFO - [2023-04-29T22:32:50.549+0000] {dag.py:3444} INFO - Setting next_dagrun for example_branch_dop_operator_v3 to 2023-04-29T22:31:00+00:00, run_after=2023-04-29T22:32:00+00:00
[2023-04-29T22:32:50.559+0000] {processor.py:175} INFO - Processing /home/airflow/.local/lib/python3.7/site-packages/airflow/example_dags/example_branch_python_dop_operator_3.py took 0.065 seconds
[2023-04-29T22:33:21.000+0000] {processor.py:153} INFO - Started process (PID=1024) to work on /home/airflow/.local/lib/python3.7/site-packages/airflow/example_dags/example_branch_python_dop_operator_3.py
[2023-04-29T22:33:21.001+0000] {processor.py:743} INFO - Processing file /home/airflow/.local/lib/python3.7/site-packages/airflow/example_dags/example_branch_python_dop_operator_3.py for tasks to queue
[2023-04-29T22:33:21.002+0000] {logging_mixin.py:137} INFO - [2023-04-29T22:33:21.002+0000] {dagbag.py:532} INFO - Filling up the DagBag from /home/airflow/.local/lib/python3.7/site-packages/airflow/example_dags/example_branch_python_dop_operator_3.py
[2023-04-29T22:33:21.018+0000] {processor.py:753} INFO - DAG(s) dict_keys(['example_branch_dop_operator_v3']) retrieved from /home/airflow/.local/lib/python3.7/site-packages/airflow/example_dags/example_branch_python_dop_operator_3.py
[2023-04-29T22:33:21.038+0000] {logging_mixin.py:137} INFO - [2023-04-29T22:33:21.038+0000] {dag.py:2693} INFO - Sync 1 DAGs
[2023-04-29T22:33:21.056+0000] {logging_mixin.py:137} INFO - [2023-04-29T22:33:21.056+0000] {dag.py:3444} INFO - Setting next_dagrun for example_branch_dop_operator_v3 to 2023-04-29T22:32:00+00:00, run_after=2023-04-29T22:33:00+00:00
[2023-04-29T22:33:21.068+0000] {processor.py:175} INFO - Processing /home/airflow/.local/lib/python3.7/site-packages/airflow/example_dags/example_branch_python_dop_operator_3.py took 0.070 seconds
[2023-04-29T22:33:51.593+0000] {processor.py:153} INFO - Started process (PID=1075) to work on /home/airflow/.local/lib/python3.7/site-packages/airflow/example_dags/example_branch_python_dop_operator_3.py
[2023-04-29T22:33:51.594+0000] {processor.py:743} INFO - Processing file /home/airflow/.local/lib/python3.7/site-packages/airflow/example_dags/example_branch_python_dop_operator_3.py for tasks to queue
[2023-04-29T22:33:51.595+0000] {logging_mixin.py:137} INFO - [2023-04-29T22:33:51.595+0000] {dagbag.py:532} INFO - Filling up the DagBag from /home/airflow/.local/lib/python3.7/site-packages/airflow/example_dags/example_branch_python_dop_operator_3.py
[2023-04-29T22:33:51.609+0000] {processor.py:753} INFO - DAG(s) dict_keys(['example_branch_dop_operator_v3']) retrieved from /home/airflow/.local/lib/python3.7/site-packages/airflow/example_dags/example_branch_python_dop_operator_3.py
[2023-04-29T22:33:51.628+0000] {logging_mixin.py:137} INFO - [2023-04-29T22:33:51.627+0000] {dag.py:2693} INFO - Sync 1 DAGs
[2023-04-29T22:33:51.644+0000] {logging_mixin.py:137} INFO - [2023-04-29T22:33:51.644+0000] {dag.py:3444} INFO - Setting next_dagrun for example_branch_dop_operator_v3 to 2023-04-29T22:32:00+00:00, run_after=2023-04-29T22:33:00+00:00
[2023-04-29T22:33:51.654+0000] {processor.py:175} INFO - Processing /home/airflow/.local/lib/python3.7/site-packages/airflow/example_dags/example_branch_python_dop_operator_3.py took 0.064 seconds
[2023-04-29T22:34:22.159+0000] {processor.py:153} INFO - Started process (PID=1126) to work on /home/airflow/.local/lib/python3.7/site-packages/airflow/example_dags/example_branch_python_dop_operator_3.py
[2023-04-29T22:34:22.160+0000] {processor.py:743} INFO - Processing file /home/airflow/.local/lib/python3.7/site-packages/airflow/example_dags/example_branch_python_dop_operator_3.py for tasks to queue
[2023-04-29T22:34:22.160+0000] {logging_mixin.py:137} INFO - [2023-04-29T22:34:22.160+0000] {dagbag.py:532} INFO - Filling up the DagBag from /home/airflow/.local/lib/python3.7/site-packages/airflow/example_dags/example_branch_python_dop_operator_3.py
[2023-04-29T22:34:22.175+0000] {processor.py:753} INFO - DAG(s) dict_keys(['example_branch_dop_operator_v3']) retrieved from /home/airflow/.local/lib/python3.7/site-packages/airflow/example_dags/example_branch_python_dop_operator_3.py
[2023-04-29T22:34:22.193+0000] {logging_mixin.py:137} INFO - [2023-04-29T22:34:22.193+0000] {dag.py:2693} INFO - Sync 1 DAGs
[2023-04-29T22:34:22.210+0000] {logging_mixin.py:137} INFO - [2023-04-29T22:34:22.210+0000] {dag.py:3444} INFO - Setting next_dagrun for example_branch_dop_operator_v3 to 2023-04-29T22:33:00+00:00, run_after=2023-04-29T22:34:00+00:00
[2023-04-29T22:34:22.220+0000] {processor.py:175} INFO - Processing /home/airflow/.local/lib/python3.7/site-packages/airflow/example_dags/example_branch_python_dop_operator_3.py took 0.064 seconds
[2023-04-29T22:34:52.771+0000] {processor.py:153} INFO - Started process (PID=1177) to work on /home/airflow/.local/lib/python3.7/site-packages/airflow/example_dags/example_branch_python_dop_operator_3.py
[2023-04-29T22:34:52.772+0000] {processor.py:743} INFO - Processing file /home/airflow/.local/lib/python3.7/site-packages/airflow/example_dags/example_branch_python_dop_operator_3.py for tasks to queue
[2023-04-29T22:34:52.773+0000] {logging_mixin.py:137} INFO - [2023-04-29T22:34:52.773+0000] {dagbag.py:532} INFO - Filling up the DagBag from /home/airflow/.local/lib/python3.7/site-packages/airflow/example_dags/example_branch_python_dop_operator_3.py
[2023-04-29T22:34:52.788+0000] {processor.py:753} INFO - DAG(s) dict_keys(['example_branch_dop_operator_v3']) retrieved from /home/airflow/.local/lib/python3.7/site-packages/airflow/example_dags/example_branch_python_dop_operator_3.py
[2023-04-29T22:34:52.807+0000] {logging_mixin.py:137} INFO - [2023-04-29T22:34:52.807+0000] {dag.py:2693} INFO - Sync 1 DAGs
[2023-04-29T22:34:52.824+0000] {logging_mixin.py:137} INFO - [2023-04-29T22:34:52.824+0000] {dag.py:3444} INFO - Setting next_dagrun for example_branch_dop_operator_v3 to 2023-04-29T22:33:00+00:00, run_after=2023-04-29T22:34:00+00:00
[2023-04-29T22:34:52.834+0000] {processor.py:175} INFO - Processing /home/airflow/.local/lib/python3.7/site-packages/airflow/example_dags/example_branch_python_dop_operator_3.py took 0.066 seconds
[2023-04-29T22:35:23.343+0000] {processor.py:153} INFO - Started process (PID=1228) to work on /home/airflow/.local/lib/python3.7/site-packages/airflow/example_dags/example_branch_python_dop_operator_3.py
[2023-04-29T22:35:23.344+0000] {processor.py:743} INFO - Processing file /home/airflow/.local/lib/python3.7/site-packages/airflow/example_dags/example_branch_python_dop_operator_3.py for tasks to queue
[2023-04-29T22:35:23.346+0000] {logging_mixin.py:137} INFO - [2023-04-29T22:35:23.345+0000] {dagbag.py:532} INFO - Filling up the DagBag from /home/airflow/.local/lib/python3.7/site-packages/airflow/example_dags/example_branch_python_dop_operator_3.py
[2023-04-29T22:35:23.363+0000] {processor.py:753} INFO - DAG(s) dict_keys(['example_branch_dop_operator_v3']) retrieved from /home/airflow/.local/lib/python3.7/site-packages/airflow/example_dags/example_branch_python_dop_operator_3.py
[2023-04-29T22:35:23.383+0000] {logging_mixin.py:137} INFO - [2023-04-29T22:35:23.383+0000] {dag.py:2693} INFO - Sync 1 DAGs
[2023-04-29T22:35:23.399+0000] {logging_mixin.py:137} INFO - [2023-04-29T22:35:23.399+0000] {dag.py:3444} INFO - Setting next_dagrun for example_branch_dop_operator_v3 to 2023-04-29T22:34:00+00:00, run_after=2023-04-29T22:35:00+00:00
[2023-04-29T22:35:23.410+0000] {processor.py:175} INFO - Processing /home/airflow/.local/lib/python3.7/site-packages/airflow/example_dags/example_branch_python_dop_operator_3.py took 0.070 seconds
[2023-04-29T22:35:54.061+0000] {processor.py:153} INFO - Started process (PID=1279) to work on /home/airflow/.local/lib/python3.7/site-packages/airflow/example_dags/example_branch_python_dop_operator_3.py
[2023-04-29T22:35:54.062+0000] {processor.py:743} INFO - Processing file /home/airflow/.local/lib/python3.7/site-packages/airflow/example_dags/example_branch_python_dop_operator_3.py for tasks to queue
[2023-04-29T22:35:54.063+0000] {logging_mixin.py:137} INFO - [2023-04-29T22:35:54.063+0000] {dagbag.py:532} INFO - Filling up the DagBag from /home/airflow/.local/lib/python3.7/site-packages/airflow/example_dags/example_branch_python_dop_operator_3.py
[2023-04-29T22:35:54.078+0000] {processor.py:753} INFO - DAG(s) dict_keys(['example_branch_dop_operator_v3']) retrieved from /home/airflow/.local/lib/python3.7/site-packages/airflow/example_dags/example_branch_python_dop_operator_3.py
[2023-04-29T22:35:54.097+0000] {logging_mixin.py:137} INFO - [2023-04-29T22:35:54.097+0000] {dag.py:2693} INFO - Sync 1 DAGs
[2023-04-29T22:35:54.116+0000] {logging_mixin.py:137} INFO - [2023-04-29T22:35:54.116+0000] {dag.py:3444} INFO - Setting next_dagrun for example_branch_dop_operator_v3 to 2023-04-29T22:34:00+00:00, run_after=2023-04-29T22:35:00+00:00
[2023-04-29T22:35:54.129+0000] {processor.py:175} INFO - Processing /home/airflow/.local/lib/python3.7/site-packages/airflow/example_dags/example_branch_python_dop_operator_3.py took 0.071 seconds
[2023-04-29T22:36:24.766+0000] {processor.py:153} INFO - Started process (PID=1330) to work on /home/airflow/.local/lib/python3.7/site-packages/airflow/example_dags/example_branch_python_dop_operator_3.py
[2023-04-29T22:36:24.767+0000] {processor.py:743} INFO - Processing file /home/airflow/.local/lib/python3.7/site-packages/airflow/example_dags/example_branch_python_dop_operator_3.py for tasks to queue
[2023-04-29T22:36:24.768+0000] {logging_mixin.py:137} INFO - [2023-04-29T22:36:24.768+0000] {dagbag.py:532} INFO - Filling up the DagBag from /home/airflow/.local/lib/python3.7/site-packages/airflow/example_dags/example_branch_python_dop_operator_3.py
[2023-04-29T22:36:24.783+0000] {processor.py:753} INFO - DAG(s) dict_keys(['example_branch_dop_operator_v3']) retrieved from /home/airflow/.local/lib/python3.7/site-packages/airflow/example_dags/example_branch_python_dop_operator_3.py
[2023-04-29T22:36:24.802+0000] {logging_mixin.py:137} INFO - [2023-04-29T22:36:24.802+0000] {dag.py:2693} INFO - Sync 1 DAGs
[2023-04-29T22:36:24.819+0000] {logging_mixin.py:137} INFO - [2023-04-29T22:36:24.819+0000] {dag.py:3444} INFO - Setting next_dagrun for example_branch_dop_operator_v3 to 2023-04-29T22:35:00+00:00, run_after=2023-04-29T22:36:00+00:00
[2023-04-29T22:36:24.829+0000] {processor.py:175} INFO - Processing /home/airflow/.local/lib/python3.7/site-packages/airflow/example_dags/example_branch_python_dop_operator_3.py took 0.066 seconds
[2023-04-29T22:36:55.295+0000] {processor.py:153} INFO - Started process (PID=1380) to work on /home/airflow/.local/lib/python3.7/site-packages/airflow/example_dags/example_branch_python_dop_operator_3.py
[2023-04-29T22:36:55.296+0000] {processor.py:743} INFO - Processing file /home/airflow/.local/lib/python3.7/site-packages/airflow/example_dags/example_branch_python_dop_operator_3.py for tasks to queue
[2023-04-29T22:36:55.296+0000] {logging_mixin.py:137} INFO - [2023-04-29T22:36:55.296+0000] {dagbag.py:532} INFO - Filling up the DagBag from /home/airflow/.local/lib/python3.7/site-packages/airflow/example_dags/example_branch_python_dop_operator_3.py
[2023-04-29T22:36:55.310+0000] {processor.py:753} INFO - DAG(s) dict_keys(['example_branch_dop_operator_v3']) retrieved from /home/airflow/.local/lib/python3.7/site-packages/airflow/example_dags/example_branch_python_dop_operator_3.py
[2023-04-29T22:36:55.329+0000] {logging_mixin.py:137} INFO - [2023-04-29T22:36:55.329+0000] {dag.py:2693} INFO - Sync 1 DAGs
[2023-04-29T22:36:55.346+0000] {logging_mixin.py:137} INFO - [2023-04-29T22:36:55.346+0000] {dag.py:3444} INFO - Setting next_dagrun for example_branch_dop_operator_v3 to 2023-04-29T22:35:00+00:00, run_after=2023-04-29T22:36:00+00:00
[2023-04-29T22:36:55.358+0000] {processor.py:175} INFO - Processing /home/airflow/.local/lib/python3.7/site-packages/airflow/example_dags/example_branch_python_dop_operator_3.py took 0.065 seconds
[2023-04-29T22:37:25.878+0000] {processor.py:153} INFO - Started process (PID=1431) to work on /home/airflow/.local/lib/python3.7/site-packages/airflow/example_dags/example_branch_python_dop_operator_3.py
[2023-04-29T22:37:25.879+0000] {processor.py:743} INFO - Processing file /home/airflow/.local/lib/python3.7/site-packages/airflow/example_dags/example_branch_python_dop_operator_3.py for tasks to queue
[2023-04-29T22:37:25.880+0000] {logging_mixin.py:137} INFO - [2023-04-29T22:37:25.880+0000] {dagbag.py:532} INFO - Filling up the DagBag from /home/airflow/.local/lib/python3.7/site-packages/airflow/example_dags/example_branch_python_dop_operator_3.py
[2023-04-29T22:37:25.895+0000] {processor.py:753} INFO - DAG(s) dict_keys(['example_branch_dop_operator_v3']) retrieved from /home/airflow/.local/lib/python3.7/site-packages/airflow/example_dags/example_branch_python_dop_operator_3.py
[2023-04-29T22:37:25.914+0000] {logging_mixin.py:137} INFO - [2023-04-29T22:37:25.914+0000] {dag.py:2693} INFO - Sync 1 DAGs
[2023-04-29T22:37:25.931+0000] {logging_mixin.py:137} INFO - [2023-04-29T22:37:25.931+0000] {dag.py:3444} INFO - Setting next_dagrun for example_branch_dop_operator_v3 to 2023-04-29T22:36:00+00:00, run_after=2023-04-29T22:37:00+00:00
[2023-04-29T22:37:25.944+0000] {processor.py:175} INFO - Processing /home/airflow/.local/lib/python3.7/site-packages/airflow/example_dags/example_branch_python_dop_operator_3.py took 0.070 seconds
[2023-04-29T22:37:56.361+0000] {processor.py:153} INFO - Started process (PID=1482) to work on /home/airflow/.local/lib/python3.7/site-packages/airflow/example_dags/example_branch_python_dop_operator_3.py
[2023-04-29T22:37:56.362+0000] {processor.py:743} INFO - Processing file /home/airflow/.local/lib/python3.7/site-packages/airflow/example_dags/example_branch_python_dop_operator_3.py for tasks to queue
[2023-04-29T22:37:56.364+0000] {logging_mixin.py:137} INFO - [2023-04-29T22:37:56.364+0000] {dagbag.py:532} INFO - Filling up the DagBag from /home/airflow/.local/lib/python3.7/site-packages/airflow/example_dags/example_branch_python_dop_operator_3.py
[2023-04-29T22:37:56.385+0000] {processor.py:753} INFO - DAG(s) dict_keys(['example_branch_dop_operator_v3']) retrieved from /home/airflow/.local/lib/python3.7/site-packages/airflow/example_dags/example_branch_python_dop_operator_3.py
[2023-04-29T22:37:56.408+0000] {logging_mixin.py:137} INFO - [2023-04-29T22:37:56.408+0000] {dag.py:2693} INFO - Sync 1 DAGs
[2023-04-29T22:37:56.432+0000] {logging_mixin.py:137} INFO - [2023-04-29T22:37:56.431+0000] {dag.py:3444} INFO - Setting next_dagrun for example_branch_dop_operator_v3 to 2023-04-29T22:36:00+00:00, run_after=2023-04-29T22:37:00+00:00
[2023-04-29T22:37:56.443+0000] {processor.py:175} INFO - Processing /home/airflow/.local/lib/python3.7/site-packages/airflow/example_dags/example_branch_python_dop_operator_3.py took 0.085 seconds
[2023-04-29T22:38:27.075+0000] {processor.py:153} INFO - Started process (PID=1540) to work on /home/airflow/.local/lib/python3.7/site-packages/airflow/example_dags/example_branch_python_dop_operator_3.py
[2023-04-29T22:38:27.076+0000] {processor.py:743} INFO - Processing file /home/airflow/.local/lib/python3.7/site-packages/airflow/example_dags/example_branch_python_dop_operator_3.py for tasks to queue
[2023-04-29T22:38:27.077+0000] {logging_mixin.py:137} INFO - [2023-04-29T22:38:27.076+0000] {dagbag.py:532} INFO - Filling up the DagBag from /home/airflow/.local/lib/python3.7/site-packages/airflow/example_dags/example_branch_python_dop_operator_3.py
[2023-04-29T22:38:27.091+0000] {processor.py:753} INFO - DAG(s) dict_keys(['example_branch_dop_operator_v3']) retrieved from /home/airflow/.local/lib/python3.7/site-packages/airflow/example_dags/example_branch_python_dop_operator_3.py
[2023-04-29T22:38:27.110+0000] {logging_mixin.py:137} INFO - [2023-04-29T22:38:27.109+0000] {dag.py:2693} INFO - Sync 1 DAGs
[2023-04-29T22:38:27.126+0000] {logging_mixin.py:137} INFO - [2023-04-29T22:38:27.126+0000] {dag.py:3444} INFO - Setting next_dagrun for example_branch_dop_operator_v3 to 2023-04-29T22:37:00+00:00, run_after=2023-04-29T22:38:00+00:00
[2023-04-29T22:38:27.137+0000] {processor.py:175} INFO - Processing /home/airflow/.local/lib/python3.7/site-packages/airflow/example_dags/example_branch_python_dop_operator_3.py took 0.065 seconds
[2023-04-29T22:38:57.778+0000] {processor.py:153} INFO - Started process (PID=1591) to work on /home/airflow/.local/lib/python3.7/site-packages/airflow/example_dags/example_branch_python_dop_operator_3.py
[2023-04-29T22:38:57.779+0000] {processor.py:743} INFO - Processing file /home/airflow/.local/lib/python3.7/site-packages/airflow/example_dags/example_branch_python_dop_operator_3.py for tasks to queue
[2023-04-29T22:38:57.779+0000] {logging_mixin.py:137} INFO - [2023-04-29T22:38:57.779+0000] {dagbag.py:532} INFO - Filling up the DagBag from /home/airflow/.local/lib/python3.7/site-packages/airflow/example_dags/example_branch_python_dop_operator_3.py
[2023-04-29T22:38:57.794+0000] {processor.py:753} INFO - DAG(s) dict_keys(['example_branch_dop_operator_v3']) retrieved from /home/airflow/.local/lib/python3.7/site-packages/airflow/example_dags/example_branch_python_dop_operator_3.py
[2023-04-29T22:38:57.813+0000] {logging_mixin.py:137} INFO - [2023-04-29T22:38:57.813+0000] {dag.py:2693} INFO - Sync 1 DAGs
[2023-04-29T22:38:57.829+0000] {logging_mixin.py:137} INFO - [2023-04-29T22:38:57.829+0000] {dag.py:3444} INFO - Setting next_dagrun for example_branch_dop_operator_v3 to 2023-04-29T22:37:00+00:00, run_after=2023-04-29T22:38:00+00:00
[2023-04-29T22:38:57.840+0000] {processor.py:175} INFO - Processing /home/airflow/.local/lib/python3.7/site-packages/airflow/example_dags/example_branch_python_dop_operator_3.py took 0.065 seconds
[2023-04-29T22:39:28.422+0000] {processor.py:153} INFO - Started process (PID=1643) to work on /home/airflow/.local/lib/python3.7/site-packages/airflow/example_dags/example_branch_python_dop_operator_3.py
[2023-04-29T22:39:28.423+0000] {processor.py:743} INFO - Processing file /home/airflow/.local/lib/python3.7/site-packages/airflow/example_dags/example_branch_python_dop_operator_3.py for tasks to queue
[2023-04-29T22:39:28.424+0000] {logging_mixin.py:137} INFO - [2023-04-29T22:39:28.424+0000] {dagbag.py:532} INFO - Filling up the DagBag from /home/airflow/.local/lib/python3.7/site-packages/airflow/example_dags/example_branch_python_dop_operator_3.py
[2023-04-29T22:39:28.439+0000] {processor.py:753} INFO - DAG(s) dict_keys(['example_branch_dop_operator_v3']) retrieved from /home/airflow/.local/lib/python3.7/site-packages/airflow/example_dags/example_branch_python_dop_operator_3.py
[2023-04-29T22:39:28.457+0000] {logging_mixin.py:137} INFO - [2023-04-29T22:39:28.457+0000] {dag.py:2693} INFO - Sync 1 DAGs
[2023-04-29T22:39:28.473+0000] {logging_mixin.py:137} INFO - [2023-04-29T22:39:28.473+0000] {dag.py:3444} INFO - Setting next_dagrun for example_branch_dop_operator_v3 to 2023-04-29T22:38:00+00:00, run_after=2023-04-29T22:39:00+00:00
[2023-04-29T22:39:28.485+0000] {processor.py:175} INFO - Processing /home/airflow/.local/lib/python3.7/site-packages/airflow/example_dags/example_branch_python_dop_operator_3.py took 0.066 seconds
[2023-04-29T22:39:59.039+0000] {processor.py:153} INFO - Started process (PID=1694) to work on /home/airflow/.local/lib/python3.7/site-packages/airflow/example_dags/example_branch_python_dop_operator_3.py
[2023-04-29T22:39:59.040+0000] {processor.py:743} INFO - Processing file /home/airflow/.local/lib/python3.7/site-packages/airflow/example_dags/example_branch_python_dop_operator_3.py for tasks to queue
[2023-04-29T22:39:59.041+0000] {logging_mixin.py:137} INFO - [2023-04-29T22:39:59.041+0000] {dagbag.py:532} INFO - Filling up the DagBag from /home/airflow/.local/lib/python3.7/site-packages/airflow/example_dags/example_branch_python_dop_operator_3.py
[2023-04-29T22:39:59.055+0000] {processor.py:753} INFO - DAG(s) dict_keys(['example_branch_dop_operator_v3']) retrieved from /home/airflow/.local/lib/python3.7/site-packages/airflow/example_dags/example_branch_python_dop_operator_3.py
[2023-04-29T22:39:59.075+0000] {logging_mixin.py:137} INFO - [2023-04-29T22:39:59.075+0000] {dag.py:2693} INFO - Sync 1 DAGs
[2023-04-29T22:39:59.092+0000] {logging_mixin.py:137} INFO - [2023-04-29T22:39:59.092+0000] {dag.py:3444} INFO - Setting next_dagrun for example_branch_dop_operator_v3 to 2023-04-29T22:38:00+00:00, run_after=2023-04-29T22:39:00+00:00
[2023-04-29T22:39:59.102+0000] {processor.py:175} INFO - Processing /home/airflow/.local/lib/python3.7/site-packages/airflow/example_dags/example_branch_python_dop_operator_3.py took 0.066 seconds
[2023-04-29T22:40:29.674+0000] {processor.py:153} INFO - Started process (PID=1745) to work on /home/airflow/.local/lib/python3.7/site-packages/airflow/example_dags/example_branch_python_dop_operator_3.py
[2023-04-29T22:40:29.675+0000] {processor.py:743} INFO - Processing file /home/airflow/.local/lib/python3.7/site-packages/airflow/example_dags/example_branch_python_dop_operator_3.py for tasks to queue
[2023-04-29T22:40:29.676+0000] {logging_mixin.py:137} INFO - [2023-04-29T22:40:29.676+0000] {dagbag.py:532} INFO - Filling up the DagBag from /home/airflow/.local/lib/python3.7/site-packages/airflow/example_dags/example_branch_python_dop_operator_3.py
[2023-04-29T22:40:29.691+0000] {processor.py:753} INFO - DAG(s) dict_keys(['example_branch_dop_operator_v3']) retrieved from /home/airflow/.local/lib/python3.7/site-packages/airflow/example_dags/example_branch_python_dop_operator_3.py
[2023-04-29T22:40:29.710+0000] {logging_mixin.py:137} INFO - [2023-04-29T22:40:29.710+0000] {dag.py:2693} INFO - Sync 1 DAGs
[2023-04-29T22:40:29.726+0000] {logging_mixin.py:137} INFO - [2023-04-29T22:40:29.726+0000] {dag.py:3444} INFO - Setting next_dagrun for example_branch_dop_operator_v3 to 2023-04-29T22:39:00+00:00, run_after=2023-04-29T22:40:00+00:00
[2023-04-29T22:40:29.737+0000] {processor.py:175} INFO - Processing /home/airflow/.local/lib/python3.7/site-packages/airflow/example_dags/example_branch_python_dop_operator_3.py took 0.065 seconds
[2023-04-29T22:41:00.525+0000] {processor.py:153} INFO - Started process (PID=1797) to work on /home/airflow/.local/lib/python3.7/site-packages/airflow/example_dags/example_branch_python_dop_operator_3.py
[2023-04-29T22:41:00.526+0000] {processor.py:743} INFO - Processing file /home/airflow/.local/lib/python3.7/site-packages/airflow/example_dags/example_branch_python_dop_operator_3.py for tasks to queue
[2023-04-29T22:41:00.527+0000] {logging_mixin.py:137} INFO - [2023-04-29T22:41:00.527+0000] {dagbag.py:532} INFO - Filling up the DagBag from /home/airflow/.local/lib/python3.7/site-packages/airflow/example_dags/example_branch_python_dop_operator_3.py
[2023-04-29T22:41:00.543+0000] {processor.py:753} INFO - DAG(s) dict_keys(['example_branch_dop_operator_v3']) retrieved from /home/airflow/.local/lib/python3.7/site-packages/airflow/example_dags/example_branch_python_dop_operator_3.py
[2023-04-29T22:41:00.561+0000] {logging_mixin.py:137} INFO - [2023-04-29T22:41:00.561+0000] {dag.py:2693} INFO - Sync 1 DAGs
[2023-04-29T22:41:00.577+0000] {logging_mixin.py:137} INFO - [2023-04-29T22:41:00.577+0000] {dag.py:3444} INFO - Setting next_dagrun for example_branch_dop_operator_v3 to 2023-04-29T22:40:00+00:00, run_after=2023-04-29T22:41:00+00:00
[2023-04-29T22:41:00.589+0000] {processor.py:175} INFO - Processing /home/airflow/.local/lib/python3.7/site-packages/airflow/example_dags/example_branch_python_dop_operator_3.py took 0.066 seconds
[2023-04-29T22:41:30.866+0000] {processor.py:153} INFO - Started process (PID=1848) to work on /home/airflow/.local/lib/python3.7/site-packages/airflow/example_dags/example_branch_python_dop_operator_3.py
[2023-04-29T22:41:30.866+0000] {processor.py:743} INFO - Processing file /home/airflow/.local/lib/python3.7/site-packages/airflow/example_dags/example_branch_python_dop_operator_3.py for tasks to queue
[2023-04-29T22:41:30.867+0000] {logging_mixin.py:137} INFO - [2023-04-29T22:41:30.867+0000] {dagbag.py:532} INFO - Filling up the DagBag from /home/airflow/.local/lib/python3.7/site-packages/airflow/example_dags/example_branch_python_dop_operator_3.py
[2023-04-29T22:41:30.882+0000] {processor.py:753} INFO - DAG(s) dict_keys(['example_branch_dop_operator_v3']) retrieved from /home/airflow/.local/lib/python3.7/site-packages/airflow/example_dags/example_branch_python_dop_operator_3.py
[2023-04-29T22:41:30.899+0000] {logging_mixin.py:137} INFO - [2023-04-29T22:41:30.899+0000] {dag.py:2693} INFO - Sync 1 DAGs
[2023-04-29T22:41:30.917+0000] {logging_mixin.py:137} INFO - [2023-04-29T22:41:30.917+0000] {dag.py:3444} INFO - Setting next_dagrun for example_branch_dop_operator_v3 to 2023-04-29T22:40:00+00:00, run_after=2023-04-29T22:41:00+00:00
[2023-04-29T22:41:30.929+0000] {processor.py:175} INFO - Processing /home/airflow/.local/lib/python3.7/site-packages/airflow/example_dags/example_branch_python_dop_operator_3.py took 0.066 seconds
[2023-04-29T22:42:01.345+0000] {processor.py:153} INFO - Started process (PID=1899) to work on /home/airflow/.local/lib/python3.7/site-packages/airflow/example_dags/example_branch_python_dop_operator_3.py
[2023-04-29T22:42:01.346+0000] {processor.py:743} INFO - Processing file /home/airflow/.local/lib/python3.7/site-packages/airflow/example_dags/example_branch_python_dop_operator_3.py for tasks to queue
[2023-04-29T22:42:01.347+0000] {logging_mixin.py:137} INFO - [2023-04-29T22:42:01.347+0000] {dagbag.py:532} INFO - Filling up the DagBag from /home/airflow/.local/lib/python3.7/site-packages/airflow/example_dags/example_branch_python_dop_operator_3.py
[2023-04-29T22:42:01.361+0000] {processor.py:753} INFO - DAG(s) dict_keys(['example_branch_dop_operator_v3']) retrieved from /home/airflow/.local/lib/python3.7/site-packages/airflow/example_dags/example_branch_python_dop_operator_3.py
[2023-04-29T22:42:01.380+0000] {logging_mixin.py:137} INFO - [2023-04-29T22:42:01.380+0000] {dag.py:2693} INFO - Sync 1 DAGs
[2023-04-29T22:42:01.397+0000] {logging_mixin.py:137} INFO - [2023-04-29T22:42:01.397+0000] {dag.py:3444} INFO - Setting next_dagrun for example_branch_dop_operator_v3 to 2023-04-29T22:41:00+00:00, run_after=2023-04-29T22:42:00+00:00
[2023-04-29T22:42:01.407+0000] {processor.py:175} INFO - Processing /home/airflow/.local/lib/python3.7/site-packages/airflow/example_dags/example_branch_python_dop_operator_3.py took 0.065 seconds
[2023-04-29T22:42:32.144+0000] {processor.py:153} INFO - Started process (PID=1950) to work on /home/airflow/.local/lib/python3.7/site-packages/airflow/example_dags/example_branch_python_dop_operator_3.py
[2023-04-29T22:42:32.145+0000] {processor.py:743} INFO - Processing file /home/airflow/.local/lib/python3.7/site-packages/airflow/example_dags/example_branch_python_dop_operator_3.py for tasks to queue
[2023-04-29T22:42:32.146+0000] {logging_mixin.py:137} INFO - [2023-04-29T22:42:32.146+0000] {dagbag.py:532} INFO - Filling up the DagBag from /home/airflow/.local/lib/python3.7/site-packages/airflow/example_dags/example_branch_python_dop_operator_3.py
[2023-04-29T22:42:32.163+0000] {processor.py:753} INFO - DAG(s) dict_keys(['example_branch_dop_operator_v3']) retrieved from /home/airflow/.local/lib/python3.7/site-packages/airflow/example_dags/example_branch_python_dop_operator_3.py
[2023-04-29T22:42:32.187+0000] {logging_mixin.py:137} INFO - [2023-04-29T22:42:32.187+0000] {dag.py:2693} INFO - Sync 1 DAGs
[2023-04-29T22:42:32.206+0000] {logging_mixin.py:137} INFO - [2023-04-29T22:42:32.206+0000] {dag.py:3444} INFO - Setting next_dagrun for example_branch_dop_operator_v3 to 2023-04-29T22:41:00+00:00, run_after=2023-04-29T22:42:00+00:00
[2023-04-29T22:42:32.219+0000] {processor.py:175} INFO - Processing /home/airflow/.local/lib/python3.7/site-packages/airflow/example_dags/example_branch_python_dop_operator_3.py took 0.079 seconds
[2023-04-29T22:43:02.730+0000] {processor.py:153} INFO - Started process (PID=2001) to work on /home/airflow/.local/lib/python3.7/site-packages/airflow/example_dags/example_branch_python_dop_operator_3.py
[2023-04-29T22:43:02.731+0000] {processor.py:743} INFO - Processing file /home/airflow/.local/lib/python3.7/site-packages/airflow/example_dags/example_branch_python_dop_operator_3.py for tasks to queue
[2023-04-29T22:43:02.731+0000] {logging_mixin.py:137} INFO - [2023-04-29T22:43:02.731+0000] {dagbag.py:532} INFO - Filling up the DagBag from /home/airflow/.local/lib/python3.7/site-packages/airflow/example_dags/example_branch_python_dop_operator_3.py
[2023-04-29T22:43:02.746+0000] {processor.py:753} INFO - DAG(s) dict_keys(['example_branch_dop_operator_v3']) retrieved from /home/airflow/.local/lib/python3.7/site-packages/airflow/example_dags/example_branch_python_dop_operator_3.py
[2023-04-29T22:43:02.764+0000] {logging_mixin.py:137} INFO - [2023-04-29T22:43:02.764+0000] {dag.py:2693} INFO - Sync 1 DAGs
[2023-04-29T22:43:02.780+0000] {logging_mixin.py:137} INFO - [2023-04-29T22:43:02.780+0000] {dag.py:3444} INFO - Setting next_dagrun for example_branch_dop_operator_v3 to 2023-04-29T22:42:00+00:00, run_after=2023-04-29T22:43:00+00:00
[2023-04-29T22:43:02.791+0000] {processor.py:175} INFO - Processing /home/airflow/.local/lib/python3.7/site-packages/airflow/example_dags/example_branch_python_dop_operator_3.py took 0.064 seconds
[2023-04-29T22:43:33.432+0000] {processor.py:153} INFO - Started process (PID=2052) to work on /home/airflow/.local/lib/python3.7/site-packages/airflow/example_dags/example_branch_python_dop_operator_3.py
[2023-04-29T22:43:33.433+0000] {processor.py:743} INFO - Processing file /home/airflow/.local/lib/python3.7/site-packages/airflow/example_dags/example_branch_python_dop_operator_3.py for tasks to queue
[2023-04-29T22:43:33.434+0000] {logging_mixin.py:137} INFO - [2023-04-29T22:43:33.434+0000] {dagbag.py:532} INFO - Filling up the DagBag from /home/airflow/.local/lib/python3.7/site-packages/airflow/example_dags/example_branch_python_dop_operator_3.py
[2023-04-29T22:43:33.448+0000] {processor.py:753} INFO - DAG(s) dict_keys(['example_branch_dop_operator_v3']) retrieved from /home/airflow/.local/lib/python3.7/site-packages/airflow/example_dags/example_branch_python_dop_operator_3.py
[2023-04-29T22:43:33.466+0000] {logging_mixin.py:137} INFO - [2023-04-29T22:43:33.466+0000] {dag.py:2693} INFO - Sync 1 DAGs
[2023-04-29T22:43:33.484+0000] {logging_mixin.py:137} INFO - [2023-04-29T22:43:33.484+0000] {dag.py:3444} INFO - Setting next_dagrun for example_branch_dop_operator_v3 to 2023-04-29T22:42:00+00:00, run_after=2023-04-29T22:43:00+00:00
[2023-04-29T22:43:33.495+0000] {processor.py:175} INFO - Processing /home/airflow/.local/lib/python3.7/site-packages/airflow/example_dags/example_branch_python_dop_operator_3.py took 0.065 seconds
[2023-04-29T22:44:04.188+0000] {processor.py:153} INFO - Started process (PID=2103) to work on /home/airflow/.local/lib/python3.7/site-packages/airflow/example_dags/example_branch_python_dop_operator_3.py
[2023-04-29T22:44:04.189+0000] {processor.py:743} INFO - Processing file /home/airflow/.local/lib/python3.7/site-packages/airflow/example_dags/example_branch_python_dop_operator_3.py for tasks to queue
[2023-04-29T22:44:04.190+0000] {logging_mixin.py:137} INFO - [2023-04-29T22:44:04.189+0000] {dagbag.py:532} INFO - Filling up the DagBag from /home/airflow/.local/lib/python3.7/site-packages/airflow/example_dags/example_branch_python_dop_operator_3.py
[2023-04-29T22:44:04.205+0000] {processor.py:753} INFO - DAG(s) dict_keys(['example_branch_dop_operator_v3']) retrieved from /home/airflow/.local/lib/python3.7/site-packages/airflow/example_dags/example_branch_python_dop_operator_3.py
[2023-04-29T22:44:04.224+0000] {logging_mixin.py:137} INFO - [2023-04-29T22:44:04.224+0000] {dag.py:2693} INFO - Sync 1 DAGs
[2023-04-29T22:44:04.242+0000] {logging_mixin.py:137} INFO - [2023-04-29T22:44:04.242+0000] {dag.py:3444} INFO - Setting next_dagrun for example_branch_dop_operator_v3 to 2023-04-29T22:43:00+00:00, run_after=2023-04-29T22:44:00+00:00
[2023-04-29T22:44:04.252+0000] {processor.py:175} INFO - Processing /home/airflow/.local/lib/python3.7/site-packages/airflow/example_dags/example_branch_python_dop_operator_3.py took 0.068 seconds
[2023-04-29T22:44:34.744+0000] {processor.py:153} INFO - Started process (PID=2154) to work on /home/airflow/.local/lib/python3.7/site-packages/airflow/example_dags/example_branch_python_dop_operator_3.py
[2023-04-29T22:44:34.745+0000] {processor.py:743} INFO - Processing file /home/airflow/.local/lib/python3.7/site-packages/airflow/example_dags/example_branch_python_dop_operator_3.py for tasks to queue
[2023-04-29T22:44:34.745+0000] {logging_mixin.py:137} INFO - [2023-04-29T22:44:34.745+0000] {dagbag.py:532} INFO - Filling up the DagBag from /home/airflow/.local/lib/python3.7/site-packages/airflow/example_dags/example_branch_python_dop_operator_3.py
[2023-04-29T22:44:34.760+0000] {processor.py:753} INFO - DAG(s) dict_keys(['example_branch_dop_operator_v3']) retrieved from /home/airflow/.local/lib/python3.7/site-packages/airflow/example_dags/example_branch_python_dop_operator_3.py
[2023-04-29T22:44:34.779+0000] {logging_mixin.py:137} INFO - [2023-04-29T22:44:34.778+0000] {dag.py:2693} INFO - Sync 1 DAGs
[2023-04-29T22:44:34.795+0000] {logging_mixin.py:137} INFO - [2023-04-29T22:44:34.795+0000] {dag.py:3444} INFO - Setting next_dagrun for example_branch_dop_operator_v3 to 2023-04-29T22:43:00+00:00, run_after=2023-04-29T22:44:00+00:00
[2023-04-29T22:44:34.805+0000] {processor.py:175} INFO - Processing /home/airflow/.local/lib/python3.7/site-packages/airflow/example_dags/example_branch_python_dop_operator_3.py took 0.064 seconds
[2023-04-29T22:45:05.337+0000] {processor.py:153} INFO - Started process (PID=2205) to work on /home/airflow/.local/lib/python3.7/site-packages/airflow/example_dags/example_branch_python_dop_operator_3.py
[2023-04-29T22:45:05.338+0000] {processor.py:743} INFO - Processing file /home/airflow/.local/lib/python3.7/site-packages/airflow/example_dags/example_branch_python_dop_operator_3.py for tasks to queue
[2023-04-29T22:45:05.339+0000] {logging_mixin.py:137} INFO - [2023-04-29T22:45:05.339+0000] {dagbag.py:532} INFO - Filling up the DagBag from /home/airflow/.local/lib/python3.7/site-packages/airflow/example_dags/example_branch_python_dop_operator_3.py
[2023-04-29T22:45:05.362+0000] {processor.py:753} INFO - DAG(s) dict_keys(['example_branch_dop_operator_v3']) retrieved from /home/airflow/.local/lib/python3.7/site-packages/airflow/example_dags/example_branch_python_dop_operator_3.py
[2023-04-29T22:45:05.384+0000] {logging_mixin.py:137} INFO - [2023-04-29T22:45:05.384+0000] {dag.py:2693} INFO - Sync 1 DAGs
[2023-04-29T22:45:05.405+0000] {logging_mixin.py:137} INFO - [2023-04-29T22:45:05.405+0000] {dag.py:3444} INFO - Setting next_dagrun for example_branch_dop_operator_v3 to 2023-04-29T22:44:00+00:00, run_after=2023-04-29T22:45:00+00:00
[2023-04-29T22:45:05.420+0000] {processor.py:175} INFO - Processing /home/airflow/.local/lib/python3.7/site-packages/airflow/example_dags/example_branch_python_dop_operator_3.py took 0.085 seconds
[2023-04-29T22:45:36.110+0000] {processor.py:153} INFO - Started process (PID=2256) to work on /home/airflow/.local/lib/python3.7/site-packages/airflow/example_dags/example_branch_python_dop_operator_3.py
[2023-04-29T22:45:36.112+0000] {processor.py:743} INFO - Processing file /home/airflow/.local/lib/python3.7/site-packages/airflow/example_dags/example_branch_python_dop_operator_3.py for tasks to queue
[2023-04-29T22:45:36.113+0000] {logging_mixin.py:137} INFO - [2023-04-29T22:45:36.113+0000] {dagbag.py:532} INFO - Filling up the DagBag from /home/airflow/.local/lib/python3.7/site-packages/airflow/example_dags/example_branch_python_dop_operator_3.py
[2023-04-29T22:45:36.129+0000] {processor.py:753} INFO - DAG(s) dict_keys(['example_branch_dop_operator_v3']) retrieved from /home/airflow/.local/lib/python3.7/site-packages/airflow/example_dags/example_branch_python_dop_operator_3.py
[2023-04-29T22:45:36.150+0000] {logging_mixin.py:137} INFO - [2023-04-29T22:45:36.150+0000] {dag.py:2693} INFO - Sync 1 DAGs
[2023-04-29T22:45:36.168+0000] {logging_mixin.py:137} INFO - [2023-04-29T22:45:36.168+0000] {dag.py:3444} INFO - Setting next_dagrun for example_branch_dop_operator_v3 to 2023-04-29T22:44:00+00:00, run_after=2023-04-29T22:45:00+00:00
[2023-04-29T22:45:36.180+0000] {processor.py:175} INFO - Processing /home/airflow/.local/lib/python3.7/site-packages/airflow/example_dags/example_branch_python_dop_operator_3.py took 0.072 seconds
[2023-04-29T22:46:07.253+0000] {processor.py:153} INFO - Started process (PID=2307) to work on /home/airflow/.local/lib/python3.7/site-packages/airflow/example_dags/example_branch_python_dop_operator_3.py
[2023-04-29T22:46:07.255+0000] {processor.py:743} INFO - Processing file /home/airflow/.local/lib/python3.7/site-packages/airflow/example_dags/example_branch_python_dop_operator_3.py for tasks to queue
[2023-04-29T22:46:07.256+0000] {logging_mixin.py:137} INFO - [2023-04-29T22:46:07.255+0000] {dagbag.py:532} INFO - Filling up the DagBag from /home/airflow/.local/lib/python3.7/site-packages/airflow/example_dags/example_branch_python_dop_operator_3.py
[2023-04-29T22:46:07.277+0000] {processor.py:753} INFO - DAG(s) dict_keys(['example_branch_dop_operator_v3']) retrieved from /home/airflow/.local/lib/python3.7/site-packages/airflow/example_dags/example_branch_python_dop_operator_3.py
[2023-04-29T22:46:07.306+0000] {logging_mixin.py:137} INFO - [2023-04-29T22:46:07.306+0000] {dag.py:2693} INFO - Sync 1 DAGs
[2023-04-29T22:46:07.335+0000] {logging_mixin.py:137} INFO - [2023-04-29T22:46:07.335+0000] {dag.py:3444} INFO - Setting next_dagrun for example_branch_dop_operator_v3 to 2023-04-29T22:45:00+00:00, run_after=2023-04-29T22:46:00+00:00
[2023-04-29T22:46:07.360+0000] {processor.py:175} INFO - Processing /home/airflow/.local/lib/python3.7/site-packages/airflow/example_dags/example_branch_python_dop_operator_3.py took 0.111 seconds
