[2023-04-29T22:23:32.330+0000] {processor.py:153} INFO - Started process (PID=37) to work on /home/airflow/.local/lib/python3.7/site-packages/airflow/example_dags/example_sensors.py
[2023-04-29T22:23:32.334+0000] {processor.py:743} INFO - Processing file /home/airflow/.local/lib/python3.7/site-packages/airflow/example_dags/example_sensors.py for tasks to queue
[2023-04-29T22:23:32.337+0000] {logging_mixin.py:137} INFO - [2023-04-29T22:23:32.337+0000] {dagbag.py:532} INFO - Filling up the DagBag from /home/airflow/.local/lib/python3.7/site-packages/airflow/example_dags/example_sensors.py
[2023-04-29T22:23:32.420+0000] {processor.py:753} INFO - DAG(s) dict_keys(['example_sensors']) retrieved from /home/airflow/.local/lib/python3.7/site-packages/airflow/example_dags/example_sensors.py
[2023-04-29T22:23:32.467+0000] {logging_mixin.py:137} INFO - [2023-04-29T22:23:32.467+0000] {dag.py:2693} INFO - Sync 1 DAGs
[2023-04-29T22:23:32.534+0000] {logging_mixin.py:137} INFO - [2023-04-29T22:23:32.534+0000] {dag.py:3444} INFO - Setting next_dagrun for example_sensors to None, run_after=None
[2023-04-29T22:23:32.610+0000] {processor.py:175} INFO - Processing /home/airflow/.local/lib/python3.7/site-packages/airflow/example_dags/example_sensors.py took 0.287 seconds
[2023-04-29T22:24:02.861+0000] {processor.py:153} INFO - Started process (PID=88) to work on /home/airflow/.local/lib/python3.7/site-packages/airflow/example_dags/example_sensors.py
[2023-04-29T22:24:02.863+0000] {processor.py:743} INFO - Processing file /home/airflow/.local/lib/python3.7/site-packages/airflow/example_dags/example_sensors.py for tasks to queue
[2023-04-29T22:24:02.863+0000] {logging_mixin.py:137} INFO - [2023-04-29T22:24:02.863+0000] {dagbag.py:532} INFO - Filling up the DagBag from /home/airflow/.local/lib/python3.7/site-packages/airflow/example_dags/example_sensors.py
[2023-04-29T22:24:02.877+0000] {processor.py:753} INFO - DAG(s) dict_keys(['example_sensors']) retrieved from /home/airflow/.local/lib/python3.7/site-packages/airflow/example_dags/example_sensors.py
[2023-04-29T22:24:02.899+0000] {logging_mixin.py:137} INFO - [2023-04-29T22:24:02.898+0000] {dag.py:2693} INFO - Sync 1 DAGs
[2023-04-29T22:24:02.913+0000] {logging_mixin.py:137} INFO - [2023-04-29T22:24:02.913+0000] {dag.py:3444} INFO - Setting next_dagrun for example_sensors to None, run_after=None
[2023-04-29T22:24:02.923+0000] {processor.py:175} INFO - Processing /home/airflow/.local/lib/python3.7/site-packages/airflow/example_dags/example_sensors.py took 0.064 seconds
[2023-04-29T22:24:33.561+0000] {processor.py:153} INFO - Started process (PID=140) to work on /home/airflow/.local/lib/python3.7/site-packages/airflow/example_dags/example_sensors.py
[2023-04-29T22:24:33.562+0000] {processor.py:743} INFO - Processing file /home/airflow/.local/lib/python3.7/site-packages/airflow/example_dags/example_sensors.py for tasks to queue
[2023-04-29T22:24:33.563+0000] {logging_mixin.py:137} INFO - [2023-04-29T22:24:33.563+0000] {dagbag.py:532} INFO - Filling up the DagBag from /home/airflow/.local/lib/python3.7/site-packages/airflow/example_dags/example_sensors.py
[2023-04-29T22:24:33.577+0000] {processor.py:753} INFO - DAG(s) dict_keys(['example_sensors']) retrieved from /home/airflow/.local/lib/python3.7/site-packages/airflow/example_dags/example_sensors.py
[2023-04-29T22:24:33.601+0000] {logging_mixin.py:137} INFO - [2023-04-29T22:24:33.601+0000] {dag.py:2693} INFO - Sync 1 DAGs
[2023-04-29T22:24:33.617+0000] {logging_mixin.py:137} INFO - [2023-04-29T22:24:33.617+0000] {dag.py:3444} INFO - Setting next_dagrun for example_sensors to None, run_after=None
[2023-04-29T22:24:33.629+0000] {processor.py:175} INFO - Processing /home/airflow/.local/lib/python3.7/site-packages/airflow/example_dags/example_sensors.py took 0.071 seconds
[2023-04-29T22:25:04.086+0000] {processor.py:153} INFO - Started process (PID=191) to work on /home/airflow/.local/lib/python3.7/site-packages/airflow/example_dags/example_sensors.py
[2023-04-29T22:25:04.087+0000] {processor.py:743} INFO - Processing file /home/airflow/.local/lib/python3.7/site-packages/airflow/example_dags/example_sensors.py for tasks to queue
[2023-04-29T22:25:04.088+0000] {logging_mixin.py:137} INFO - [2023-04-29T22:25:04.088+0000] {dagbag.py:532} INFO - Filling up the DagBag from /home/airflow/.local/lib/python3.7/site-packages/airflow/example_dags/example_sensors.py
[2023-04-29T22:25:04.102+0000] {processor.py:753} INFO - DAG(s) dict_keys(['example_sensors']) retrieved from /home/airflow/.local/lib/python3.7/site-packages/airflow/example_dags/example_sensors.py
[2023-04-29T22:25:04.124+0000] {logging_mixin.py:137} INFO - [2023-04-29T22:25:04.124+0000] {dag.py:2693} INFO - Sync 1 DAGs
[2023-04-29T22:25:04.140+0000] {logging_mixin.py:137} INFO - [2023-04-29T22:25:04.139+0000] {dag.py:3444} INFO - Setting next_dagrun for example_sensors to None, run_after=None
[2023-04-29T22:25:04.153+0000] {processor.py:175} INFO - Processing /home/airflow/.local/lib/python3.7/site-packages/airflow/example_dags/example_sensors.py took 0.070 seconds
[2023-04-29T22:25:35.046+0000] {processor.py:153} INFO - Started process (PID=242) to work on /home/airflow/.local/lib/python3.7/site-packages/airflow/example_dags/example_sensors.py
[2023-04-29T22:25:35.047+0000] {processor.py:743} INFO - Processing file /home/airflow/.local/lib/python3.7/site-packages/airflow/example_dags/example_sensors.py for tasks to queue
[2023-04-29T22:25:35.048+0000] {logging_mixin.py:137} INFO - [2023-04-29T22:25:35.048+0000] {dagbag.py:532} INFO - Filling up the DagBag from /home/airflow/.local/lib/python3.7/site-packages/airflow/example_dags/example_sensors.py
[2023-04-29T22:25:35.061+0000] {processor.py:753} INFO - DAG(s) dict_keys(['example_sensors']) retrieved from /home/airflow/.local/lib/python3.7/site-packages/airflow/example_dags/example_sensors.py
[2023-04-29T22:25:35.082+0000] {logging_mixin.py:137} INFO - [2023-04-29T22:25:35.081+0000] {dag.py:2693} INFO - Sync 1 DAGs
[2023-04-29T22:25:35.096+0000] {logging_mixin.py:137} INFO - [2023-04-29T22:25:35.096+0000] {dag.py:3444} INFO - Setting next_dagrun for example_sensors to None, run_after=None
[2023-04-29T22:25:35.106+0000] {processor.py:175} INFO - Processing /home/airflow/.local/lib/python3.7/site-packages/airflow/example_dags/example_sensors.py took 0.063 seconds
[2023-04-29T22:26:05.911+0000] {processor.py:153} INFO - Started process (PID=293) to work on /home/airflow/.local/lib/python3.7/site-packages/airflow/example_dags/example_sensors.py
[2023-04-29T22:26:05.912+0000] {processor.py:743} INFO - Processing file /home/airflow/.local/lib/python3.7/site-packages/airflow/example_dags/example_sensors.py for tasks to queue
[2023-04-29T22:26:05.912+0000] {logging_mixin.py:137} INFO - [2023-04-29T22:26:05.912+0000] {dagbag.py:532} INFO - Filling up the DagBag from /home/airflow/.local/lib/python3.7/site-packages/airflow/example_dags/example_sensors.py
[2023-04-29T22:26:05.926+0000] {processor.py:753} INFO - DAG(s) dict_keys(['example_sensors']) retrieved from /home/airflow/.local/lib/python3.7/site-packages/airflow/example_dags/example_sensors.py
[2023-04-29T22:26:05.951+0000] {logging_mixin.py:137} INFO - [2023-04-29T22:26:05.951+0000] {dag.py:2693} INFO - Sync 1 DAGs
[2023-04-29T22:26:05.966+0000] {logging_mixin.py:137} INFO - [2023-04-29T22:26:05.966+0000] {dag.py:3444} INFO - Setting next_dagrun for example_sensors to None, run_after=None
[2023-04-29T22:26:05.977+0000] {processor.py:175} INFO - Processing /home/airflow/.local/lib/python3.7/site-packages/airflow/example_dags/example_sensors.py took 0.069 seconds
[2023-04-29T22:26:36.698+0000] {processor.py:153} INFO - Started process (PID=344) to work on /home/airflow/.local/lib/python3.7/site-packages/airflow/example_dags/example_sensors.py
[2023-04-29T22:26:36.700+0000] {processor.py:743} INFO - Processing file /home/airflow/.local/lib/python3.7/site-packages/airflow/example_dags/example_sensors.py for tasks to queue
[2023-04-29T22:26:36.701+0000] {logging_mixin.py:137} INFO - [2023-04-29T22:26:36.701+0000] {dagbag.py:532} INFO - Filling up the DagBag from /home/airflow/.local/lib/python3.7/site-packages/airflow/example_dags/example_sensors.py
[2023-04-29T22:26:36.719+0000] {processor.py:753} INFO - DAG(s) dict_keys(['example_sensors']) retrieved from /home/airflow/.local/lib/python3.7/site-packages/airflow/example_dags/example_sensors.py
[2023-04-29T22:26:36.750+0000] {logging_mixin.py:137} INFO - [2023-04-29T22:26:36.750+0000] {dag.py:2693} INFO - Sync 1 DAGs
[2023-04-29T22:26:36.769+0000] {logging_mixin.py:137} INFO - [2023-04-29T22:26:36.769+0000] {dag.py:3444} INFO - Setting next_dagrun for example_sensors to None, run_after=None
[2023-04-29T22:26:36.787+0000] {processor.py:175} INFO - Processing /home/airflow/.local/lib/python3.7/site-packages/airflow/example_dags/example_sensors.py took 0.091 seconds
[2023-04-29T22:27:07.330+0000] {processor.py:153} INFO - Started process (PID=395) to work on /home/airflow/.local/lib/python3.7/site-packages/airflow/example_dags/example_sensors.py
[2023-04-29T22:27:07.331+0000] {processor.py:743} INFO - Processing file /home/airflow/.local/lib/python3.7/site-packages/airflow/example_dags/example_sensors.py for tasks to queue
[2023-04-29T22:27:07.332+0000] {logging_mixin.py:137} INFO - [2023-04-29T22:27:07.332+0000] {dagbag.py:532} INFO - Filling up the DagBag from /home/airflow/.local/lib/python3.7/site-packages/airflow/example_dags/example_sensors.py
[2023-04-29T22:27:07.349+0000] {processor.py:753} INFO - DAG(s) dict_keys(['example_sensors']) retrieved from /home/airflow/.local/lib/python3.7/site-packages/airflow/example_dags/example_sensors.py
[2023-04-29T22:27:07.381+0000] {logging_mixin.py:137} INFO - [2023-04-29T22:27:07.380+0000] {dag.py:2693} INFO - Sync 1 DAGs
[2023-04-29T22:27:07.404+0000] {logging_mixin.py:137} INFO - [2023-04-29T22:27:07.404+0000] {dag.py:3444} INFO - Setting next_dagrun for example_sensors to None, run_after=None
[2023-04-29T22:27:07.429+0000] {processor.py:175} INFO - Processing /home/airflow/.local/lib/python3.7/site-packages/airflow/example_dags/example_sensors.py took 0.103 seconds
[2023-04-29T22:27:38.024+0000] {processor.py:153} INFO - Started process (PID=446) to work on /home/airflow/.local/lib/python3.7/site-packages/airflow/example_dags/example_sensors.py
[2023-04-29T22:27:38.025+0000] {processor.py:743} INFO - Processing file /home/airflow/.local/lib/python3.7/site-packages/airflow/example_dags/example_sensors.py for tasks to queue
[2023-04-29T22:27:38.026+0000] {logging_mixin.py:137} INFO - [2023-04-29T22:27:38.026+0000] {dagbag.py:532} INFO - Filling up the DagBag from /home/airflow/.local/lib/python3.7/site-packages/airflow/example_dags/example_sensors.py
[2023-04-29T22:27:38.039+0000] {processor.py:753} INFO - DAG(s) dict_keys(['example_sensors']) retrieved from /home/airflow/.local/lib/python3.7/site-packages/airflow/example_dags/example_sensors.py
[2023-04-29T22:27:38.062+0000] {logging_mixin.py:137} INFO - [2023-04-29T22:27:38.062+0000] {dag.py:2693} INFO - Sync 1 DAGs
[2023-04-29T22:27:38.088+0000] {logging_mixin.py:137} INFO - [2023-04-29T22:27:38.088+0000] {dag.py:3444} INFO - Setting next_dagrun for example_sensors to None, run_after=None
[2023-04-29T22:27:38.101+0000] {processor.py:175} INFO - Processing /home/airflow/.local/lib/python3.7/site-packages/airflow/example_dags/example_sensors.py took 0.079 seconds
[2023-04-29T22:28:08.691+0000] {processor.py:153} INFO - Started process (PID=497) to work on /home/airflow/.local/lib/python3.7/site-packages/airflow/example_dags/example_sensors.py
[2023-04-29T22:28:08.692+0000] {processor.py:743} INFO - Processing file /home/airflow/.local/lib/python3.7/site-packages/airflow/example_dags/example_sensors.py for tasks to queue
[2023-04-29T22:28:08.693+0000] {logging_mixin.py:137} INFO - [2023-04-29T22:28:08.693+0000] {dagbag.py:532} INFO - Filling up the DagBag from /home/airflow/.local/lib/python3.7/site-packages/airflow/example_dags/example_sensors.py
[2023-04-29T22:28:08.706+0000] {processor.py:753} INFO - DAG(s) dict_keys(['example_sensors']) retrieved from /home/airflow/.local/lib/python3.7/site-packages/airflow/example_dags/example_sensors.py
[2023-04-29T22:28:08.729+0000] {logging_mixin.py:137} INFO - [2023-04-29T22:28:08.729+0000] {dag.py:2693} INFO - Sync 1 DAGs
[2023-04-29T22:28:08.748+0000] {logging_mixin.py:137} INFO - [2023-04-29T22:28:08.748+0000] {dag.py:3444} INFO - Setting next_dagrun for example_sensors to None, run_after=None
[2023-04-29T22:28:08.762+0000] {processor.py:175} INFO - Processing /home/airflow/.local/lib/python3.7/site-packages/airflow/example_dags/example_sensors.py took 0.074 seconds
[2023-04-29T22:28:39.603+0000] {processor.py:153} INFO - Started process (PID=548) to work on /home/airflow/.local/lib/python3.7/site-packages/airflow/example_dags/example_sensors.py
[2023-04-29T22:28:39.604+0000] {processor.py:743} INFO - Processing file /home/airflow/.local/lib/python3.7/site-packages/airflow/example_dags/example_sensors.py for tasks to queue
[2023-04-29T22:28:39.605+0000] {logging_mixin.py:137} INFO - [2023-04-29T22:28:39.605+0000] {dagbag.py:532} INFO - Filling up the DagBag from /home/airflow/.local/lib/python3.7/site-packages/airflow/example_dags/example_sensors.py
[2023-04-29T22:28:39.620+0000] {processor.py:753} INFO - DAG(s) dict_keys(['example_sensors']) retrieved from /home/airflow/.local/lib/python3.7/site-packages/airflow/example_dags/example_sensors.py
[2023-04-29T22:28:39.656+0000] {logging_mixin.py:137} INFO - [2023-04-29T22:28:39.656+0000] {dag.py:2693} INFO - Sync 1 DAGs
[2023-04-29T22:28:39.691+0000] {logging_mixin.py:137} INFO - [2023-04-29T22:28:39.691+0000] {dag.py:3444} INFO - Setting next_dagrun for example_sensors to None, run_after=None
[2023-04-29T22:28:39.711+0000] {processor.py:175} INFO - Processing /home/airflow/.local/lib/python3.7/site-packages/airflow/example_dags/example_sensors.py took 0.111 seconds
[2023-04-29T22:29:10.419+0000] {processor.py:153} INFO - Started process (PID=599) to work on /home/airflow/.local/lib/python3.7/site-packages/airflow/example_dags/example_sensors.py
[2023-04-29T22:29:10.420+0000] {processor.py:743} INFO - Processing file /home/airflow/.local/lib/python3.7/site-packages/airflow/example_dags/example_sensors.py for tasks to queue
[2023-04-29T22:29:10.420+0000] {logging_mixin.py:137} INFO - [2023-04-29T22:29:10.420+0000] {dagbag.py:532} INFO - Filling up the DagBag from /home/airflow/.local/lib/python3.7/site-packages/airflow/example_dags/example_sensors.py
[2023-04-29T22:29:10.434+0000] {processor.py:753} INFO - DAG(s) dict_keys(['example_sensors']) retrieved from /home/airflow/.local/lib/python3.7/site-packages/airflow/example_dags/example_sensors.py
[2023-04-29T22:29:10.455+0000] {logging_mixin.py:137} INFO - [2023-04-29T22:29:10.455+0000] {dag.py:2693} INFO - Sync 1 DAGs
[2023-04-29T22:29:10.473+0000] {logging_mixin.py:137} INFO - [2023-04-29T22:29:10.473+0000] {dag.py:3444} INFO - Setting next_dagrun for example_sensors to None, run_after=None
[2023-04-29T22:29:10.484+0000] {processor.py:175} INFO - Processing /home/airflow/.local/lib/python3.7/site-packages/airflow/example_dags/example_sensors.py took 0.068 seconds
[2023-04-29T22:29:41.043+0000] {processor.py:153} INFO - Started process (PID=650) to work on /home/airflow/.local/lib/python3.7/site-packages/airflow/example_dags/example_sensors.py
[2023-04-29T22:29:41.044+0000] {processor.py:743} INFO - Processing file /home/airflow/.local/lib/python3.7/site-packages/airflow/example_dags/example_sensors.py for tasks to queue
[2023-04-29T22:29:41.045+0000] {logging_mixin.py:137} INFO - [2023-04-29T22:29:41.045+0000] {dagbag.py:532} INFO - Filling up the DagBag from /home/airflow/.local/lib/python3.7/site-packages/airflow/example_dags/example_sensors.py
[2023-04-29T22:29:41.058+0000] {processor.py:753} INFO - DAG(s) dict_keys(['example_sensors']) retrieved from /home/airflow/.local/lib/python3.7/site-packages/airflow/example_dags/example_sensors.py
[2023-04-29T22:29:41.081+0000] {logging_mixin.py:137} INFO - [2023-04-29T22:29:41.081+0000] {dag.py:2693} INFO - Sync 1 DAGs
[2023-04-29T22:29:41.098+0000] {logging_mixin.py:137} INFO - [2023-04-29T22:29:41.098+0000] {dag.py:3444} INFO - Setting next_dagrun for example_sensors to None, run_after=None
[2023-04-29T22:29:41.109+0000] {processor.py:175} INFO - Processing /home/airflow/.local/lib/python3.7/site-packages/airflow/example_dags/example_sensors.py took 0.069 seconds
[2023-04-29T22:30:12.002+0000] {processor.py:153} INFO - Started process (PID=701) to work on /home/airflow/.local/lib/python3.7/site-packages/airflow/example_dags/example_sensors.py
[2023-04-29T22:30:12.003+0000] {processor.py:743} INFO - Processing file /home/airflow/.local/lib/python3.7/site-packages/airflow/example_dags/example_sensors.py for tasks to queue
[2023-04-29T22:30:12.004+0000] {logging_mixin.py:137} INFO - [2023-04-29T22:30:12.004+0000] {dagbag.py:532} INFO - Filling up the DagBag from /home/airflow/.local/lib/python3.7/site-packages/airflow/example_dags/example_sensors.py
[2023-04-29T22:30:12.017+0000] {processor.py:753} INFO - DAG(s) dict_keys(['example_sensors']) retrieved from /home/airflow/.local/lib/python3.7/site-packages/airflow/example_dags/example_sensors.py
[2023-04-29T22:30:12.037+0000] {logging_mixin.py:137} INFO - [2023-04-29T22:30:12.037+0000] {dag.py:2693} INFO - Sync 1 DAGs
[2023-04-29T22:30:12.052+0000] {logging_mixin.py:137} INFO - [2023-04-29T22:30:12.051+0000] {dag.py:3444} INFO - Setting next_dagrun for example_sensors to None, run_after=None
[2023-04-29T22:30:12.062+0000] {processor.py:175} INFO - Processing /home/airflow/.local/lib/python3.7/site-packages/airflow/example_dags/example_sensors.py took 0.062 seconds
[2023-04-29T22:30:42.749+0000] {processor.py:153} INFO - Started process (PID=752) to work on /home/airflow/.local/lib/python3.7/site-packages/airflow/example_dags/example_sensors.py
[2023-04-29T22:30:42.750+0000] {processor.py:743} INFO - Processing file /home/airflow/.local/lib/python3.7/site-packages/airflow/example_dags/example_sensors.py for tasks to queue
[2023-04-29T22:30:42.750+0000] {logging_mixin.py:137} INFO - [2023-04-29T22:30:42.750+0000] {dagbag.py:532} INFO - Filling up the DagBag from /home/airflow/.local/lib/python3.7/site-packages/airflow/example_dags/example_sensors.py
[2023-04-29T22:30:42.763+0000] {processor.py:753} INFO - DAG(s) dict_keys(['example_sensors']) retrieved from /home/airflow/.local/lib/python3.7/site-packages/airflow/example_dags/example_sensors.py
[2023-04-29T22:30:42.784+0000] {logging_mixin.py:137} INFO - [2023-04-29T22:30:42.783+0000] {dag.py:2693} INFO - Sync 1 DAGs
[2023-04-29T22:30:42.798+0000] {logging_mixin.py:137} INFO - [2023-04-29T22:30:42.798+0000] {dag.py:3444} INFO - Setting next_dagrun for example_sensors to None, run_after=None
[2023-04-29T22:30:42.808+0000] {processor.py:175} INFO - Processing /home/airflow/.local/lib/python3.7/site-packages/airflow/example_dags/example_sensors.py took 0.062 seconds
[2023-04-29T22:31:13.411+0000] {processor.py:153} INFO - Started process (PID=803) to work on /home/airflow/.local/lib/python3.7/site-packages/airflow/example_dags/example_sensors.py
[2023-04-29T22:31:13.412+0000] {processor.py:743} INFO - Processing file /home/airflow/.local/lib/python3.7/site-packages/airflow/example_dags/example_sensors.py for tasks to queue
[2023-04-29T22:31:13.413+0000] {logging_mixin.py:137} INFO - [2023-04-29T22:31:13.413+0000] {dagbag.py:532} INFO - Filling up the DagBag from /home/airflow/.local/lib/python3.7/site-packages/airflow/example_dags/example_sensors.py
[2023-04-29T22:31:13.426+0000] {processor.py:753} INFO - DAG(s) dict_keys(['example_sensors']) retrieved from /home/airflow/.local/lib/python3.7/site-packages/airflow/example_dags/example_sensors.py
[2023-04-29T22:31:13.446+0000] {logging_mixin.py:137} INFO - [2023-04-29T22:31:13.446+0000] {dag.py:2693} INFO - Sync 1 DAGs
[2023-04-29T22:31:13.463+0000] {logging_mixin.py:137} INFO - [2023-04-29T22:31:13.463+0000] {dag.py:3444} INFO - Setting next_dagrun for example_sensors to None, run_after=None
[2023-04-29T22:31:13.473+0000] {processor.py:175} INFO - Processing /home/airflow/.local/lib/python3.7/site-packages/airflow/example_dags/example_sensors.py took 0.065 seconds
[2023-04-29T22:31:44.254+0000] {processor.py:153} INFO - Started process (PID=853) to work on /home/airflow/.local/lib/python3.7/site-packages/airflow/example_dags/example_sensors.py
[2023-04-29T22:31:44.255+0000] {processor.py:743} INFO - Processing file /home/airflow/.local/lib/python3.7/site-packages/airflow/example_dags/example_sensors.py for tasks to queue
[2023-04-29T22:31:44.256+0000] {logging_mixin.py:137} INFO - [2023-04-29T22:31:44.255+0000] {dagbag.py:532} INFO - Filling up the DagBag from /home/airflow/.local/lib/python3.7/site-packages/airflow/example_dags/example_sensors.py
[2023-04-29T22:31:44.269+0000] {processor.py:753} INFO - DAG(s) dict_keys(['example_sensors']) retrieved from /home/airflow/.local/lib/python3.7/site-packages/airflow/example_dags/example_sensors.py
[2023-04-29T22:31:44.290+0000] {logging_mixin.py:137} INFO - [2023-04-29T22:31:44.290+0000] {dag.py:2693} INFO - Sync 1 DAGs
[2023-04-29T22:31:44.305+0000] {logging_mixin.py:137} INFO - [2023-04-29T22:31:44.305+0000] {dag.py:3444} INFO - Setting next_dagrun for example_sensors to None, run_after=None
[2023-04-29T22:31:44.317+0000] {processor.py:175} INFO - Processing /home/airflow/.local/lib/python3.7/site-packages/airflow/example_dags/example_sensors.py took 0.066 seconds
[2023-04-29T22:32:14.890+0000] {processor.py:153} INFO - Started process (PID=905) to work on /home/airflow/.local/lib/python3.7/site-packages/airflow/example_dags/example_sensors.py
[2023-04-29T22:32:14.891+0000] {processor.py:743} INFO - Processing file /home/airflow/.local/lib/python3.7/site-packages/airflow/example_dags/example_sensors.py for tasks to queue
[2023-04-29T22:32:14.891+0000] {logging_mixin.py:137} INFO - [2023-04-29T22:32:14.891+0000] {dagbag.py:532} INFO - Filling up the DagBag from /home/airflow/.local/lib/python3.7/site-packages/airflow/example_dags/example_sensors.py
[2023-04-29T22:32:14.905+0000] {processor.py:753} INFO - DAG(s) dict_keys(['example_sensors']) retrieved from /home/airflow/.local/lib/python3.7/site-packages/airflow/example_dags/example_sensors.py
[2023-04-29T22:32:14.927+0000] {logging_mixin.py:137} INFO - [2023-04-29T22:32:14.927+0000] {dag.py:2693} INFO - Sync 1 DAGs
[2023-04-29T22:32:14.943+0000] {logging_mixin.py:137} INFO - [2023-04-29T22:32:14.943+0000] {dag.py:3444} INFO - Setting next_dagrun for example_sensors to None, run_after=None
[2023-04-29T22:32:14.954+0000] {processor.py:175} INFO - Processing /home/airflow/.local/lib/python3.7/site-packages/airflow/example_dags/example_sensors.py took 0.068 seconds
[2023-04-29T22:32:45.572+0000] {processor.py:153} INFO - Started process (PID=957) to work on /home/airflow/.local/lib/python3.7/site-packages/airflow/example_dags/example_sensors.py
[2023-04-29T22:32:45.573+0000] {processor.py:743} INFO - Processing file /home/airflow/.local/lib/python3.7/site-packages/airflow/example_dags/example_sensors.py for tasks to queue
[2023-04-29T22:32:45.574+0000] {logging_mixin.py:137} INFO - [2023-04-29T22:32:45.574+0000] {dagbag.py:532} INFO - Filling up the DagBag from /home/airflow/.local/lib/python3.7/site-packages/airflow/example_dags/example_sensors.py
[2023-04-29T22:32:45.590+0000] {processor.py:753} INFO - DAG(s) dict_keys(['example_sensors']) retrieved from /home/airflow/.local/lib/python3.7/site-packages/airflow/example_dags/example_sensors.py
[2023-04-29T22:32:45.614+0000] {logging_mixin.py:137} INFO - [2023-04-29T22:32:45.614+0000] {dag.py:2693} INFO - Sync 1 DAGs
[2023-04-29T22:32:45.631+0000] {logging_mixin.py:137} INFO - [2023-04-29T22:32:45.631+0000] {dag.py:3444} INFO - Setting next_dagrun for example_sensors to None, run_after=None
[2023-04-29T22:32:45.642+0000] {processor.py:175} INFO - Processing /home/airflow/.local/lib/python3.7/site-packages/airflow/example_dags/example_sensors.py took 0.074 seconds
[2023-04-29T22:33:16.222+0000] {processor.py:153} INFO - Started process (PID=1008) to work on /home/airflow/.local/lib/python3.7/site-packages/airflow/example_dags/example_sensors.py
[2023-04-29T22:33:16.223+0000] {processor.py:743} INFO - Processing file /home/airflow/.local/lib/python3.7/site-packages/airflow/example_dags/example_sensors.py for tasks to queue
[2023-04-29T22:33:16.224+0000] {logging_mixin.py:137} INFO - [2023-04-29T22:33:16.223+0000] {dagbag.py:532} INFO - Filling up the DagBag from /home/airflow/.local/lib/python3.7/site-packages/airflow/example_dags/example_sensors.py
[2023-04-29T22:33:16.237+0000] {processor.py:753} INFO - DAG(s) dict_keys(['example_sensors']) retrieved from /home/airflow/.local/lib/python3.7/site-packages/airflow/example_dags/example_sensors.py
[2023-04-29T22:33:16.259+0000] {logging_mixin.py:137} INFO - [2023-04-29T22:33:16.259+0000] {dag.py:2693} INFO - Sync 1 DAGs
[2023-04-29T22:33:16.276+0000] {logging_mixin.py:137} INFO - [2023-04-29T22:33:16.276+0000] {dag.py:3444} INFO - Setting next_dagrun for example_sensors to None, run_after=None
[2023-04-29T22:33:16.291+0000] {processor.py:175} INFO - Processing /home/airflow/.local/lib/python3.7/site-packages/airflow/example_dags/example_sensors.py took 0.071 seconds
[2023-04-29T22:33:46.818+0000] {processor.py:153} INFO - Started process (PID=1059) to work on /home/airflow/.local/lib/python3.7/site-packages/airflow/example_dags/example_sensors.py
[2023-04-29T22:33:46.819+0000] {processor.py:743} INFO - Processing file /home/airflow/.local/lib/python3.7/site-packages/airflow/example_dags/example_sensors.py for tasks to queue
[2023-04-29T22:33:46.820+0000] {logging_mixin.py:137} INFO - [2023-04-29T22:33:46.819+0000] {dagbag.py:532} INFO - Filling up the DagBag from /home/airflow/.local/lib/python3.7/site-packages/airflow/example_dags/example_sensors.py
[2023-04-29T22:33:46.833+0000] {processor.py:753} INFO - DAG(s) dict_keys(['example_sensors']) retrieved from /home/airflow/.local/lib/python3.7/site-packages/airflow/example_dags/example_sensors.py
[2023-04-29T22:33:46.854+0000] {logging_mixin.py:137} INFO - [2023-04-29T22:33:46.854+0000] {dag.py:2693} INFO - Sync 1 DAGs
[2023-04-29T22:33:46.869+0000] {logging_mixin.py:137} INFO - [2023-04-29T22:33:46.869+0000] {dag.py:3444} INFO - Setting next_dagrun for example_sensors to None, run_after=None
[2023-04-29T22:33:46.880+0000] {processor.py:175} INFO - Processing /home/airflow/.local/lib/python3.7/site-packages/airflow/example_dags/example_sensors.py took 0.065 seconds
[2023-04-29T22:34:17.309+0000] {processor.py:153} INFO - Started process (PID=1110) to work on /home/airflow/.local/lib/python3.7/site-packages/airflow/example_dags/example_sensors.py
[2023-04-29T22:34:17.311+0000] {processor.py:743} INFO - Processing file /home/airflow/.local/lib/python3.7/site-packages/airflow/example_dags/example_sensors.py for tasks to queue
[2023-04-29T22:34:17.311+0000] {logging_mixin.py:137} INFO - [2023-04-29T22:34:17.311+0000] {dagbag.py:532} INFO - Filling up the DagBag from /home/airflow/.local/lib/python3.7/site-packages/airflow/example_dags/example_sensors.py
[2023-04-29T22:34:17.325+0000] {processor.py:753} INFO - DAG(s) dict_keys(['example_sensors']) retrieved from /home/airflow/.local/lib/python3.7/site-packages/airflow/example_dags/example_sensors.py
[2023-04-29T22:34:17.346+0000] {logging_mixin.py:137} INFO - [2023-04-29T22:34:17.346+0000] {dag.py:2693} INFO - Sync 1 DAGs
[2023-04-29T22:34:17.363+0000] {logging_mixin.py:137} INFO - [2023-04-29T22:34:17.363+0000] {dag.py:3444} INFO - Setting next_dagrun for example_sensors to None, run_after=None
[2023-04-29T22:34:17.375+0000] {processor.py:175} INFO - Processing /home/airflow/.local/lib/python3.7/site-packages/airflow/example_dags/example_sensors.py took 0.068 seconds
[2023-04-29T22:34:47.918+0000] {processor.py:153} INFO - Started process (PID=1161) to work on /home/airflow/.local/lib/python3.7/site-packages/airflow/example_dags/example_sensors.py
[2023-04-29T22:34:47.920+0000] {processor.py:743} INFO - Processing file /home/airflow/.local/lib/python3.7/site-packages/airflow/example_dags/example_sensors.py for tasks to queue
[2023-04-29T22:34:47.920+0000] {logging_mixin.py:137} INFO - [2023-04-29T22:34:47.920+0000] {dagbag.py:532} INFO - Filling up the DagBag from /home/airflow/.local/lib/python3.7/site-packages/airflow/example_dags/example_sensors.py
[2023-04-29T22:34:47.933+0000] {processor.py:753} INFO - DAG(s) dict_keys(['example_sensors']) retrieved from /home/airflow/.local/lib/python3.7/site-packages/airflow/example_dags/example_sensors.py
[2023-04-29T22:34:47.954+0000] {logging_mixin.py:137} INFO - [2023-04-29T22:34:47.953+0000] {dag.py:2693} INFO - Sync 1 DAGs
[2023-04-29T22:34:47.968+0000] {logging_mixin.py:137} INFO - [2023-04-29T22:34:47.968+0000] {dag.py:3444} INFO - Setting next_dagrun for example_sensors to None, run_after=None
[2023-04-29T22:34:47.978+0000] {processor.py:175} INFO - Processing /home/airflow/.local/lib/python3.7/site-packages/airflow/example_dags/example_sensors.py took 0.062 seconds
[2023-04-29T22:35:18.450+0000] {processor.py:153} INFO - Started process (PID=1212) to work on /home/airflow/.local/lib/python3.7/site-packages/airflow/example_dags/example_sensors.py
[2023-04-29T22:35:18.451+0000] {processor.py:743} INFO - Processing file /home/airflow/.local/lib/python3.7/site-packages/airflow/example_dags/example_sensors.py for tasks to queue
[2023-04-29T22:35:18.451+0000] {logging_mixin.py:137} INFO - [2023-04-29T22:35:18.451+0000] {dagbag.py:532} INFO - Filling up the DagBag from /home/airflow/.local/lib/python3.7/site-packages/airflow/example_dags/example_sensors.py
[2023-04-29T22:35:18.465+0000] {processor.py:753} INFO - DAG(s) dict_keys(['example_sensors']) retrieved from /home/airflow/.local/lib/python3.7/site-packages/airflow/example_dags/example_sensors.py
[2023-04-29T22:35:18.488+0000] {logging_mixin.py:137} INFO - [2023-04-29T22:35:18.488+0000] {dag.py:2693} INFO - Sync 1 DAGs
[2023-04-29T22:35:18.504+0000] {logging_mixin.py:137} INFO - [2023-04-29T22:35:18.504+0000] {dag.py:3444} INFO - Setting next_dagrun for example_sensors to None, run_after=None
[2023-04-29T22:35:18.515+0000] {processor.py:175} INFO - Processing /home/airflow/.local/lib/python3.7/site-packages/airflow/example_dags/example_sensors.py took 0.068 seconds
[2023-04-29T22:35:49.196+0000] {processor.py:153} INFO - Started process (PID=1263) to work on /home/airflow/.local/lib/python3.7/site-packages/airflow/example_dags/example_sensors.py
[2023-04-29T22:35:49.197+0000] {processor.py:743} INFO - Processing file /home/airflow/.local/lib/python3.7/site-packages/airflow/example_dags/example_sensors.py for tasks to queue
[2023-04-29T22:35:49.198+0000] {logging_mixin.py:137} INFO - [2023-04-29T22:35:49.197+0000] {dagbag.py:532} INFO - Filling up the DagBag from /home/airflow/.local/lib/python3.7/site-packages/airflow/example_dags/example_sensors.py
[2023-04-29T22:35:49.218+0000] {processor.py:753} INFO - DAG(s) dict_keys(['example_sensors']) retrieved from /home/airflow/.local/lib/python3.7/site-packages/airflow/example_dags/example_sensors.py
[2023-04-29T22:35:49.242+0000] {logging_mixin.py:137} INFO - [2023-04-29T22:35:49.242+0000] {dag.py:2693} INFO - Sync 1 DAGs
[2023-04-29T22:35:49.258+0000] {logging_mixin.py:137} INFO - [2023-04-29T22:35:49.258+0000] {dag.py:3444} INFO - Setting next_dagrun for example_sensors to None, run_after=None
[2023-04-29T22:35:49.271+0000] {processor.py:175} INFO - Processing /home/airflow/.local/lib/python3.7/site-packages/airflow/example_dags/example_sensors.py took 0.078 seconds
[2023-04-29T22:36:19.962+0000] {processor.py:153} INFO - Started process (PID=1314) to work on /home/airflow/.local/lib/python3.7/site-packages/airflow/example_dags/example_sensors.py
[2023-04-29T22:36:19.964+0000] {processor.py:743} INFO - Processing file /home/airflow/.local/lib/python3.7/site-packages/airflow/example_dags/example_sensors.py for tasks to queue
[2023-04-29T22:36:19.964+0000] {logging_mixin.py:137} INFO - [2023-04-29T22:36:19.964+0000] {dagbag.py:532} INFO - Filling up the DagBag from /home/airflow/.local/lib/python3.7/site-packages/airflow/example_dags/example_sensors.py
[2023-04-29T22:36:19.977+0000] {processor.py:753} INFO - DAG(s) dict_keys(['example_sensors']) retrieved from /home/airflow/.local/lib/python3.7/site-packages/airflow/example_dags/example_sensors.py
[2023-04-29T22:36:19.998+0000] {logging_mixin.py:137} INFO - [2023-04-29T22:36:19.998+0000] {dag.py:2693} INFO - Sync 1 DAGs
[2023-04-29T22:36:20.014+0000] {logging_mixin.py:137} INFO - [2023-04-29T22:36:20.013+0000] {dag.py:3444} INFO - Setting next_dagrun for example_sensors to None, run_after=None
[2023-04-29T22:36:20.025+0000] {processor.py:175} INFO - Processing /home/airflow/.local/lib/python3.7/site-packages/airflow/example_dags/example_sensors.py took 0.065 seconds
[2023-04-29T22:36:50.530+0000] {processor.py:153} INFO - Started process (PID=1364) to work on /home/airflow/.local/lib/python3.7/site-packages/airflow/example_dags/example_sensors.py
[2023-04-29T22:36:50.531+0000] {processor.py:743} INFO - Processing file /home/airflow/.local/lib/python3.7/site-packages/airflow/example_dags/example_sensors.py for tasks to queue
[2023-04-29T22:36:50.532+0000] {logging_mixin.py:137} INFO - [2023-04-29T22:36:50.532+0000] {dagbag.py:532} INFO - Filling up the DagBag from /home/airflow/.local/lib/python3.7/site-packages/airflow/example_dags/example_sensors.py
[2023-04-29T22:36:50.546+0000] {processor.py:753} INFO - DAG(s) dict_keys(['example_sensors']) retrieved from /home/airflow/.local/lib/python3.7/site-packages/airflow/example_dags/example_sensors.py
[2023-04-29T22:36:50.567+0000] {logging_mixin.py:137} INFO - [2023-04-29T22:36:50.567+0000] {dag.py:2693} INFO - Sync 1 DAGs
[2023-04-29T22:36:50.584+0000] {logging_mixin.py:137} INFO - [2023-04-29T22:36:50.584+0000] {dag.py:3444} INFO - Setting next_dagrun for example_sensors to None, run_after=None
[2023-04-29T22:36:50.595+0000] {processor.py:175} INFO - Processing /home/airflow/.local/lib/python3.7/site-packages/airflow/example_dags/example_sensors.py took 0.067 seconds
[2023-04-29T22:37:21.134+0000] {processor.py:153} INFO - Started process (PID=1415) to work on /home/airflow/.local/lib/python3.7/site-packages/airflow/example_dags/example_sensors.py
[2023-04-29T22:37:21.135+0000] {processor.py:743} INFO - Processing file /home/airflow/.local/lib/python3.7/site-packages/airflow/example_dags/example_sensors.py for tasks to queue
[2023-04-29T22:37:21.136+0000] {logging_mixin.py:137} INFO - [2023-04-29T22:37:21.136+0000] {dagbag.py:532} INFO - Filling up the DagBag from /home/airflow/.local/lib/python3.7/site-packages/airflow/example_dags/example_sensors.py
[2023-04-29T22:37:21.151+0000] {processor.py:753} INFO - DAG(s) dict_keys(['example_sensors']) retrieved from /home/airflow/.local/lib/python3.7/site-packages/airflow/example_dags/example_sensors.py
[2023-04-29T22:37:21.176+0000] {logging_mixin.py:137} INFO - [2023-04-29T22:37:21.176+0000] {dag.py:2693} INFO - Sync 1 DAGs
[2023-04-29T22:37:21.194+0000] {logging_mixin.py:137} INFO - [2023-04-29T22:37:21.194+0000] {dag.py:3444} INFO - Setting next_dagrun for example_sensors to None, run_after=None
[2023-04-29T22:37:21.207+0000] {processor.py:175} INFO - Processing /home/airflow/.local/lib/python3.7/site-packages/airflow/example_dags/example_sensors.py took 0.076 seconds
[2023-04-29T22:37:51.602+0000] {processor.py:153} INFO - Started process (PID=1466) to work on /home/airflow/.local/lib/python3.7/site-packages/airflow/example_dags/example_sensors.py
[2023-04-29T22:37:51.603+0000] {processor.py:743} INFO - Processing file /home/airflow/.local/lib/python3.7/site-packages/airflow/example_dags/example_sensors.py for tasks to queue
[2023-04-29T22:37:51.604+0000] {logging_mixin.py:137} INFO - [2023-04-29T22:37:51.604+0000] {dagbag.py:532} INFO - Filling up the DagBag from /home/airflow/.local/lib/python3.7/site-packages/airflow/example_dags/example_sensors.py
[2023-04-29T22:37:51.617+0000] {processor.py:753} INFO - DAG(s) dict_keys(['example_sensors']) retrieved from /home/airflow/.local/lib/python3.7/site-packages/airflow/example_dags/example_sensors.py
[2023-04-29T22:37:51.637+0000] {logging_mixin.py:137} INFO - [2023-04-29T22:37:51.637+0000] {dag.py:2693} INFO - Sync 1 DAGs
[2023-04-29T22:37:51.652+0000] {logging_mixin.py:137} INFO - [2023-04-29T22:37:51.651+0000] {dag.py:3444} INFO - Setting next_dagrun for example_sensors to None, run_after=None
[2023-04-29T22:37:51.663+0000] {processor.py:175} INFO - Processing /home/airflow/.local/lib/python3.7/site-packages/airflow/example_dags/example_sensors.py took 0.063 seconds
[2023-04-29T22:38:22.167+0000] {processor.py:153} INFO - Started process (PID=1517) to work on /home/airflow/.local/lib/python3.7/site-packages/airflow/example_dags/example_sensors.py
[2023-04-29T22:38:22.168+0000] {processor.py:743} INFO - Processing file /home/airflow/.local/lib/python3.7/site-packages/airflow/example_dags/example_sensors.py for tasks to queue
[2023-04-29T22:38:22.169+0000] {logging_mixin.py:137} INFO - [2023-04-29T22:38:22.169+0000] {dagbag.py:532} INFO - Filling up the DagBag from /home/airflow/.local/lib/python3.7/site-packages/airflow/example_dags/example_sensors.py
[2023-04-29T22:38:22.183+0000] {processor.py:753} INFO - DAG(s) dict_keys(['example_sensors']) retrieved from /home/airflow/.local/lib/python3.7/site-packages/airflow/example_dags/example_sensors.py
[2023-04-29T22:38:22.206+0000] {logging_mixin.py:137} INFO - [2023-04-29T22:38:22.206+0000] {dag.py:2693} INFO - Sync 1 DAGs
[2023-04-29T22:38:22.222+0000] {logging_mixin.py:137} INFO - [2023-04-29T22:38:22.222+0000] {dag.py:3444} INFO - Setting next_dagrun for example_sensors to None, run_after=None
[2023-04-29T22:38:22.234+0000] {processor.py:175} INFO - Processing /home/airflow/.local/lib/python3.7/site-packages/airflow/example_dags/example_sensors.py took 0.070 seconds
[2023-04-29T22:38:52.889+0000] {processor.py:153} INFO - Started process (PID=1568) to work on /home/airflow/.local/lib/python3.7/site-packages/airflow/example_dags/example_sensors.py
[2023-04-29T22:38:52.890+0000] {processor.py:743} INFO - Processing file /home/airflow/.local/lib/python3.7/site-packages/airflow/example_dags/example_sensors.py for tasks to queue
[2023-04-29T22:38:52.891+0000] {logging_mixin.py:137} INFO - [2023-04-29T22:38:52.891+0000] {dagbag.py:532} INFO - Filling up the DagBag from /home/airflow/.local/lib/python3.7/site-packages/airflow/example_dags/example_sensors.py
[2023-04-29T22:38:52.905+0000] {processor.py:753} INFO - DAG(s) dict_keys(['example_sensors']) retrieved from /home/airflow/.local/lib/python3.7/site-packages/airflow/example_dags/example_sensors.py
[2023-04-29T22:38:52.928+0000] {logging_mixin.py:137} INFO - [2023-04-29T22:38:52.928+0000] {dag.py:2693} INFO - Sync 1 DAGs
[2023-04-29T22:38:52.945+0000] {logging_mixin.py:137} INFO - [2023-04-29T22:38:52.945+0000] {dag.py:3444} INFO - Setting next_dagrun for example_sensors to None, run_after=None
[2023-04-29T22:38:52.959+0000] {processor.py:175} INFO - Processing /home/airflow/.local/lib/python3.7/site-packages/airflow/example_dags/example_sensors.py took 0.073 seconds
[2023-04-29T22:39:23.501+0000] {processor.py:153} INFO - Started process (PID=1619) to work on /home/airflow/.local/lib/python3.7/site-packages/airflow/example_dags/example_sensors.py
[2023-04-29T22:39:23.502+0000] {processor.py:743} INFO - Processing file /home/airflow/.local/lib/python3.7/site-packages/airflow/example_dags/example_sensors.py for tasks to queue
[2023-04-29T22:39:23.504+0000] {logging_mixin.py:137} INFO - [2023-04-29T22:39:23.503+0000] {dagbag.py:532} INFO - Filling up the DagBag from /home/airflow/.local/lib/python3.7/site-packages/airflow/example_dags/example_sensors.py
[2023-04-29T22:39:23.519+0000] {processor.py:753} INFO - DAG(s) dict_keys(['example_sensors']) retrieved from /home/airflow/.local/lib/python3.7/site-packages/airflow/example_dags/example_sensors.py
[2023-04-29T22:39:23.546+0000] {logging_mixin.py:137} INFO - [2023-04-29T22:39:23.545+0000] {dag.py:2693} INFO - Sync 1 DAGs
[2023-04-29T22:39:23.564+0000] {logging_mixin.py:137} INFO - [2023-04-29T22:39:23.564+0000] {dag.py:3444} INFO - Setting next_dagrun for example_sensors to None, run_after=None
[2023-04-29T22:39:23.577+0000] {processor.py:175} INFO - Processing /home/airflow/.local/lib/python3.7/site-packages/airflow/example_dags/example_sensors.py took 0.080 seconds
[2023-04-29T22:39:54.040+0000] {processor.py:153} INFO - Started process (PID=1671) to work on /home/airflow/.local/lib/python3.7/site-packages/airflow/example_dags/example_sensors.py
[2023-04-29T22:39:54.042+0000] {processor.py:743} INFO - Processing file /home/airflow/.local/lib/python3.7/site-packages/airflow/example_dags/example_sensors.py for tasks to queue
[2023-04-29T22:39:54.043+0000] {logging_mixin.py:137} INFO - [2023-04-29T22:39:54.043+0000] {dagbag.py:532} INFO - Filling up the DagBag from /home/airflow/.local/lib/python3.7/site-packages/airflow/example_dags/example_sensors.py
[2023-04-29T22:39:54.057+0000] {processor.py:753} INFO - DAG(s) dict_keys(['example_sensors']) retrieved from /home/airflow/.local/lib/python3.7/site-packages/airflow/example_dags/example_sensors.py
[2023-04-29T22:39:54.079+0000] {logging_mixin.py:137} INFO - [2023-04-29T22:39:54.079+0000] {dag.py:2693} INFO - Sync 1 DAGs
[2023-04-29T22:39:54.097+0000] {logging_mixin.py:137} INFO - [2023-04-29T22:39:54.097+0000] {dag.py:3444} INFO - Setting next_dagrun for example_sensors to None, run_after=None
[2023-04-29T22:39:54.109+0000] {processor.py:175} INFO - Processing /home/airflow/.local/lib/python3.7/site-packages/airflow/example_dags/example_sensors.py took 0.071 seconds
[2023-04-29T22:40:24.803+0000] {processor.py:153} INFO - Started process (PID=1722) to work on /home/airflow/.local/lib/python3.7/site-packages/airflow/example_dags/example_sensors.py
[2023-04-29T22:40:24.804+0000] {processor.py:743} INFO - Processing file /home/airflow/.local/lib/python3.7/site-packages/airflow/example_dags/example_sensors.py for tasks to queue
[2023-04-29T22:40:24.805+0000] {logging_mixin.py:137} INFO - [2023-04-29T22:40:24.805+0000] {dagbag.py:532} INFO - Filling up the DagBag from /home/airflow/.local/lib/python3.7/site-packages/airflow/example_dags/example_sensors.py
[2023-04-29T22:40:24.818+0000] {processor.py:753} INFO - DAG(s) dict_keys(['example_sensors']) retrieved from /home/airflow/.local/lib/python3.7/site-packages/airflow/example_dags/example_sensors.py
[2023-04-29T22:40:24.839+0000] {logging_mixin.py:137} INFO - [2023-04-29T22:40:24.839+0000] {dag.py:2693} INFO - Sync 1 DAGs
[2023-04-29T22:40:24.853+0000] {logging_mixin.py:137} INFO - [2023-04-29T22:40:24.853+0000] {dag.py:3444} INFO - Setting next_dagrun for example_sensors to None, run_after=None
[2023-04-29T22:40:24.864+0000] {processor.py:175} INFO - Processing /home/airflow/.local/lib/python3.7/site-packages/airflow/example_dags/example_sensors.py took 0.063 seconds
[2023-04-29T22:40:55.665+0000] {processor.py:153} INFO - Started process (PID=1773) to work on /home/airflow/.local/lib/python3.7/site-packages/airflow/example_dags/example_sensors.py
[2023-04-29T22:40:55.667+0000] {processor.py:743} INFO - Processing file /home/airflow/.local/lib/python3.7/site-packages/airflow/example_dags/example_sensors.py for tasks to queue
[2023-04-29T22:40:55.667+0000] {logging_mixin.py:137} INFO - [2023-04-29T22:40:55.667+0000] {dagbag.py:532} INFO - Filling up the DagBag from /home/airflow/.local/lib/python3.7/site-packages/airflow/example_dags/example_sensors.py
[2023-04-29T22:40:55.681+0000] {processor.py:753} INFO - DAG(s) dict_keys(['example_sensors']) retrieved from /home/airflow/.local/lib/python3.7/site-packages/airflow/example_dags/example_sensors.py
[2023-04-29T22:40:55.704+0000] {logging_mixin.py:137} INFO - [2023-04-29T22:40:55.703+0000] {dag.py:2693} INFO - Sync 1 DAGs
[2023-04-29T22:40:55.721+0000] {logging_mixin.py:137} INFO - [2023-04-29T22:40:55.721+0000] {dag.py:3444} INFO - Setting next_dagrun for example_sensors to None, run_after=None
[2023-04-29T22:40:55.734+0000] {processor.py:175} INFO - Processing /home/airflow/.local/lib/python3.7/site-packages/airflow/example_dags/example_sensors.py took 0.071 seconds
[2023-04-29T22:41:26.081+0000] {processor.py:153} INFO - Started process (PID=1825) to work on /home/airflow/.local/lib/python3.7/site-packages/airflow/example_dags/example_sensors.py
[2023-04-29T22:41:26.083+0000] {processor.py:743} INFO - Processing file /home/airflow/.local/lib/python3.7/site-packages/airflow/example_dags/example_sensors.py for tasks to queue
[2023-04-29T22:41:26.083+0000] {logging_mixin.py:137} INFO - [2023-04-29T22:41:26.083+0000] {dagbag.py:532} INFO - Filling up the DagBag from /home/airflow/.local/lib/python3.7/site-packages/airflow/example_dags/example_sensors.py
[2023-04-29T22:41:26.097+0000] {processor.py:753} INFO - DAG(s) dict_keys(['example_sensors']) retrieved from /home/airflow/.local/lib/python3.7/site-packages/airflow/example_dags/example_sensors.py
[2023-04-29T22:41:26.117+0000] {logging_mixin.py:137} INFO - [2023-04-29T22:41:26.117+0000] {dag.py:2693} INFO - Sync 1 DAGs
[2023-04-29T22:41:26.131+0000] {logging_mixin.py:137} INFO - [2023-04-29T22:41:26.131+0000] {dag.py:3444} INFO - Setting next_dagrun for example_sensors to None, run_after=None
[2023-04-29T22:41:26.141+0000] {processor.py:175} INFO - Processing /home/airflow/.local/lib/python3.7/site-packages/airflow/example_dags/example_sensors.py took 0.062 seconds
[2023-04-29T22:41:56.541+0000] {processor.py:153} INFO - Started process (PID=1876) to work on /home/airflow/.local/lib/python3.7/site-packages/airflow/example_dags/example_sensors.py
[2023-04-29T22:41:56.542+0000] {processor.py:743} INFO - Processing file /home/airflow/.local/lib/python3.7/site-packages/airflow/example_dags/example_sensors.py for tasks to queue
[2023-04-29T22:41:56.543+0000] {logging_mixin.py:137} INFO - [2023-04-29T22:41:56.543+0000] {dagbag.py:532} INFO - Filling up the DagBag from /home/airflow/.local/lib/python3.7/site-packages/airflow/example_dags/example_sensors.py
[2023-04-29T22:41:56.556+0000] {processor.py:753} INFO - DAG(s) dict_keys(['example_sensors']) retrieved from /home/airflow/.local/lib/python3.7/site-packages/airflow/example_dags/example_sensors.py
[2023-04-29T22:41:56.576+0000] {logging_mixin.py:137} INFO - [2023-04-29T22:41:56.576+0000] {dag.py:2693} INFO - Sync 1 DAGs
[2023-04-29T22:41:56.591+0000] {logging_mixin.py:137} INFO - [2023-04-29T22:41:56.591+0000] {dag.py:3444} INFO - Setting next_dagrun for example_sensors to None, run_after=None
[2023-04-29T22:41:56.601+0000] {processor.py:175} INFO - Processing /home/airflow/.local/lib/python3.7/site-packages/airflow/example_dags/example_sensors.py took 0.063 seconds
[2023-04-29T22:42:27.024+0000] {processor.py:153} INFO - Started process (PID=1927) to work on /home/airflow/.local/lib/python3.7/site-packages/airflow/example_dags/example_sensors.py
[2023-04-29T22:42:27.025+0000] {processor.py:743} INFO - Processing file /home/airflow/.local/lib/python3.7/site-packages/airflow/example_dags/example_sensors.py for tasks to queue
[2023-04-29T22:42:27.026+0000] {logging_mixin.py:137} INFO - [2023-04-29T22:42:27.026+0000] {dagbag.py:532} INFO - Filling up the DagBag from /home/airflow/.local/lib/python3.7/site-packages/airflow/example_dags/example_sensors.py
[2023-04-29T22:42:27.039+0000] {processor.py:753} INFO - DAG(s) dict_keys(['example_sensors']) retrieved from /home/airflow/.local/lib/python3.7/site-packages/airflow/example_dags/example_sensors.py
[2023-04-29T22:42:27.062+0000] {logging_mixin.py:137} INFO - [2023-04-29T22:42:27.062+0000] {dag.py:2693} INFO - Sync 1 DAGs
[2023-04-29T22:42:27.080+0000] {logging_mixin.py:137} INFO - [2023-04-29T22:42:27.079+0000] {dag.py:3444} INFO - Setting next_dagrun for example_sensors to None, run_after=None
[2023-04-29T22:42:27.100+0000] {processor.py:175} INFO - Processing /home/airflow/.local/lib/python3.7/site-packages/airflow/example_dags/example_sensors.py took 0.079 seconds
[2023-04-29T22:42:57.906+0000] {processor.py:153} INFO - Started process (PID=1985) to work on /home/airflow/.local/lib/python3.7/site-packages/airflow/example_dags/example_sensors.py
[2023-04-29T22:42:57.908+0000] {processor.py:743} INFO - Processing file /home/airflow/.local/lib/python3.7/site-packages/airflow/example_dags/example_sensors.py for tasks to queue
[2023-04-29T22:42:57.908+0000] {logging_mixin.py:137} INFO - [2023-04-29T22:42:57.908+0000] {dagbag.py:532} INFO - Filling up the DagBag from /home/airflow/.local/lib/python3.7/site-packages/airflow/example_dags/example_sensors.py
[2023-04-29T22:42:57.923+0000] {processor.py:753} INFO - DAG(s) dict_keys(['example_sensors']) retrieved from /home/airflow/.local/lib/python3.7/site-packages/airflow/example_dags/example_sensors.py
[2023-04-29T22:42:57.944+0000] {logging_mixin.py:137} INFO - [2023-04-29T22:42:57.944+0000] {dag.py:2693} INFO - Sync 1 DAGs
[2023-04-29T22:42:57.960+0000] {logging_mixin.py:137} INFO - [2023-04-29T22:42:57.959+0000] {dag.py:3444} INFO - Setting next_dagrun for example_sensors to None, run_after=None
[2023-04-29T22:42:57.975+0000] {processor.py:175} INFO - Processing /home/airflow/.local/lib/python3.7/site-packages/airflow/example_dags/example_sensors.py took 0.074 seconds
[2023-04-29T22:43:28.519+0000] {processor.py:153} INFO - Started process (PID=2036) to work on /home/airflow/.local/lib/python3.7/site-packages/airflow/example_dags/example_sensors.py
[2023-04-29T22:43:28.520+0000] {processor.py:743} INFO - Processing file /home/airflow/.local/lib/python3.7/site-packages/airflow/example_dags/example_sensors.py for tasks to queue
[2023-04-29T22:43:28.521+0000] {logging_mixin.py:137} INFO - [2023-04-29T22:43:28.521+0000] {dagbag.py:532} INFO - Filling up the DagBag from /home/airflow/.local/lib/python3.7/site-packages/airflow/example_dags/example_sensors.py
[2023-04-29T22:43:28.537+0000] {processor.py:753} INFO - DAG(s) dict_keys(['example_sensors']) retrieved from /home/airflow/.local/lib/python3.7/site-packages/airflow/example_dags/example_sensors.py
[2023-04-29T22:43:28.588+0000] {logging_mixin.py:137} INFO - [2023-04-29T22:43:28.588+0000] {dag.py:2693} INFO - Sync 1 DAGs
[2023-04-29T22:43:28.612+0000] {logging_mixin.py:137} INFO - [2023-04-29T22:43:28.611+0000] {dag.py:3444} INFO - Setting next_dagrun for example_sensors to None, run_after=None
[2023-04-29T22:43:28.631+0000] {processor.py:175} INFO - Processing /home/airflow/.local/lib/python3.7/site-packages/airflow/example_dags/example_sensors.py took 0.118 seconds
[2023-04-29T22:43:59.144+0000] {processor.py:153} INFO - Started process (PID=2087) to work on /home/airflow/.local/lib/python3.7/site-packages/airflow/example_dags/example_sensors.py
[2023-04-29T22:43:59.145+0000] {processor.py:743} INFO - Processing file /home/airflow/.local/lib/python3.7/site-packages/airflow/example_dags/example_sensors.py for tasks to queue
[2023-04-29T22:43:59.145+0000] {logging_mixin.py:137} INFO - [2023-04-29T22:43:59.145+0000] {dagbag.py:532} INFO - Filling up the DagBag from /home/airflow/.local/lib/python3.7/site-packages/airflow/example_dags/example_sensors.py
[2023-04-29T22:43:59.158+0000] {processor.py:753} INFO - DAG(s) dict_keys(['example_sensors']) retrieved from /home/airflow/.local/lib/python3.7/site-packages/airflow/example_dags/example_sensors.py
[2023-04-29T22:43:59.179+0000] {logging_mixin.py:137} INFO - [2023-04-29T22:43:59.179+0000] {dag.py:2693} INFO - Sync 1 DAGs
[2023-04-29T22:43:59.196+0000] {logging_mixin.py:137} INFO - [2023-04-29T22:43:59.195+0000] {dag.py:3444} INFO - Setting next_dagrun for example_sensors to None, run_after=None
[2023-04-29T22:43:59.212+0000] {processor.py:175} INFO - Processing /home/airflow/.local/lib/python3.7/site-packages/airflow/example_dags/example_sensors.py took 0.071 seconds
[2023-04-29T22:44:29.975+0000] {processor.py:153} INFO - Started process (PID=2138) to work on /home/airflow/.local/lib/python3.7/site-packages/airflow/example_dags/example_sensors.py
[2023-04-29T22:44:29.976+0000] {processor.py:743} INFO - Processing file /home/airflow/.local/lib/python3.7/site-packages/airflow/example_dags/example_sensors.py for tasks to queue
[2023-04-29T22:44:29.977+0000] {logging_mixin.py:137} INFO - [2023-04-29T22:44:29.977+0000] {dagbag.py:532} INFO - Filling up the DagBag from /home/airflow/.local/lib/python3.7/site-packages/airflow/example_dags/example_sensors.py
[2023-04-29T22:44:29.990+0000] {processor.py:753} INFO - DAG(s) dict_keys(['example_sensors']) retrieved from /home/airflow/.local/lib/python3.7/site-packages/airflow/example_dags/example_sensors.py
[2023-04-29T22:44:30.013+0000] {logging_mixin.py:137} INFO - [2023-04-29T22:44:30.013+0000] {dag.py:2693} INFO - Sync 1 DAGs
[2023-04-29T22:44:30.027+0000] {logging_mixin.py:137} INFO - [2023-04-29T22:44:30.027+0000] {dag.py:3444} INFO - Setting next_dagrun for example_sensors to None, run_after=None
[2023-04-29T22:44:30.041+0000] {processor.py:175} INFO - Processing /home/airflow/.local/lib/python3.7/site-packages/airflow/example_dags/example_sensors.py took 0.068 seconds
[2023-04-29T22:45:00.551+0000] {processor.py:153} INFO - Started process (PID=2189) to work on /home/airflow/.local/lib/python3.7/site-packages/airflow/example_dags/example_sensors.py
[2023-04-29T22:45:00.552+0000] {processor.py:743} INFO - Processing file /home/airflow/.local/lib/python3.7/site-packages/airflow/example_dags/example_sensors.py for tasks to queue
[2023-04-29T22:45:00.553+0000] {logging_mixin.py:137} INFO - [2023-04-29T22:45:00.553+0000] {dagbag.py:532} INFO - Filling up the DagBag from /home/airflow/.local/lib/python3.7/site-packages/airflow/example_dags/example_sensors.py
[2023-04-29T22:45:00.569+0000] {processor.py:753} INFO - DAG(s) dict_keys(['example_sensors']) retrieved from /home/airflow/.local/lib/python3.7/site-packages/airflow/example_dags/example_sensors.py
[2023-04-29T22:45:00.591+0000] {logging_mixin.py:137} INFO - [2023-04-29T22:45:00.591+0000] {dag.py:2693} INFO - Sync 1 DAGs
[2023-04-29T22:45:00.606+0000] {logging_mixin.py:137} INFO - [2023-04-29T22:45:00.606+0000] {dag.py:3444} INFO - Setting next_dagrun for example_sensors to None, run_after=None
[2023-04-29T22:45:00.618+0000] {processor.py:175} INFO - Processing /home/airflow/.local/lib/python3.7/site-packages/airflow/example_dags/example_sensors.py took 0.070 seconds
[2023-04-29T22:45:31.162+0000] {processor.py:153} INFO - Started process (PID=2240) to work on /home/airflow/.local/lib/python3.7/site-packages/airflow/example_dags/example_sensors.py
[2023-04-29T22:45:31.163+0000] {processor.py:743} INFO - Processing file /home/airflow/.local/lib/python3.7/site-packages/airflow/example_dags/example_sensors.py for tasks to queue
[2023-04-29T22:45:31.163+0000] {logging_mixin.py:137} INFO - [2023-04-29T22:45:31.163+0000] {dagbag.py:532} INFO - Filling up the DagBag from /home/airflow/.local/lib/python3.7/site-packages/airflow/example_dags/example_sensors.py
[2023-04-29T22:45:31.177+0000] {processor.py:753} INFO - DAG(s) dict_keys(['example_sensors']) retrieved from /home/airflow/.local/lib/python3.7/site-packages/airflow/example_dags/example_sensors.py
[2023-04-29T22:45:31.206+0000] {logging_mixin.py:137} INFO - [2023-04-29T22:45:31.206+0000] {dag.py:2693} INFO - Sync 1 DAGs
[2023-04-29T22:45:31.231+0000] {logging_mixin.py:137} INFO - [2023-04-29T22:45:31.231+0000] {dag.py:3444} INFO - Setting next_dagrun for example_sensors to None, run_after=None
[2023-04-29T22:45:31.253+0000] {processor.py:175} INFO - Processing /home/airflow/.local/lib/python3.7/site-packages/airflow/example_dags/example_sensors.py took 0.094 seconds
[2023-04-29T22:46:02.154+0000] {processor.py:153} INFO - Started process (PID=2291) to work on /home/airflow/.local/lib/python3.7/site-packages/airflow/example_dags/example_sensors.py
[2023-04-29T22:46:02.155+0000] {processor.py:743} INFO - Processing file /home/airflow/.local/lib/python3.7/site-packages/airflow/example_dags/example_sensors.py for tasks to queue
[2023-04-29T22:46:02.156+0000] {logging_mixin.py:137} INFO - [2023-04-29T22:46:02.156+0000] {dagbag.py:532} INFO - Filling up the DagBag from /home/airflow/.local/lib/python3.7/site-packages/airflow/example_dags/example_sensors.py
[2023-04-29T22:46:02.171+0000] {processor.py:753} INFO - DAG(s) dict_keys(['example_sensors']) retrieved from /home/airflow/.local/lib/python3.7/site-packages/airflow/example_dags/example_sensors.py
[2023-04-29T22:46:02.197+0000] {logging_mixin.py:137} INFO - [2023-04-29T22:46:02.197+0000] {dag.py:2693} INFO - Sync 1 DAGs
[2023-04-29T22:46:02.219+0000] {logging_mixin.py:137} INFO - [2023-04-29T22:46:02.219+0000] {dag.py:3444} INFO - Setting next_dagrun for example_sensors to None, run_after=None
[2023-04-29T22:46:02.234+0000] {processor.py:175} INFO - Processing /home/airflow/.local/lib/python3.7/site-packages/airflow/example_dags/example_sensors.py took 0.084 seconds
