[2023-04-29T22:23:34.105+0000] {processor.py:153} INFO - Started process (PID=43) to work on /home/airflow/.local/lib/python3.7/site-packages/airflow/example_dags/example_branch_day_of_week_operator.py
[2023-04-29T22:23:34.110+0000] {processor.py:743} INFO - Processing file /home/airflow/.local/lib/python3.7/site-packages/airflow/example_dags/example_branch_day_of_week_operator.py for tasks to queue
[2023-04-29T22:23:34.115+0000] {logging_mixin.py:137} INFO - [2023-04-29T22:23:34.114+0000] {dagbag.py:532} INFO - Filling up the DagBag from /home/airflow/.local/lib/python3.7/site-packages/airflow/example_dags/example_branch_day_of_week_operator.py
[2023-04-29T22:23:34.165+0000] {processor.py:753} INFO - DAG(s) dict_keys(['example_weekday_branch_operator']) retrieved from /home/airflow/.local/lib/python3.7/site-packages/airflow/example_dags/example_branch_day_of_week_operator.py
[2023-04-29T22:23:34.242+0000] {logging_mixin.py:137} INFO - [2023-04-29T22:23:34.241+0000] {dag.py:2693} INFO - Sync 1 DAGs
[2023-04-29T22:23:34.333+0000] {logging_mixin.py:137} INFO - [2023-04-29T22:23:34.332+0000] {dag.py:3444} INFO - Setting next_dagrun for example_weekday_branch_operator to 2023-04-28T00:00:00+00:00, run_after=2023-04-29T00:00:00+00:00
[2023-04-29T22:23:34.383+0000] {processor.py:175} INFO - Processing /home/airflow/.local/lib/python3.7/site-packages/airflow/example_dags/example_branch_day_of_week_operator.py took 0.292 seconds
[2023-04-29T22:24:05.196+0000] {processor.py:153} INFO - Started process (PID=94) to work on /home/airflow/.local/lib/python3.7/site-packages/airflow/example_dags/example_branch_day_of_week_operator.py
[2023-04-29T22:24:05.199+0000] {processor.py:743} INFO - Processing file /home/airflow/.local/lib/python3.7/site-packages/airflow/example_dags/example_branch_day_of_week_operator.py for tasks to queue
[2023-04-29T22:24:05.200+0000] {logging_mixin.py:137} INFO - [2023-04-29T22:24:05.200+0000] {dagbag.py:532} INFO - Filling up the DagBag from /home/airflow/.local/lib/python3.7/site-packages/airflow/example_dags/example_branch_day_of_week_operator.py
[2023-04-29T22:24:05.226+0000] {processor.py:753} INFO - DAG(s) dict_keys(['example_weekday_branch_operator']) retrieved from /home/airflow/.local/lib/python3.7/site-packages/airflow/example_dags/example_branch_day_of_week_operator.py
[2023-04-29T22:24:05.250+0000] {logging_mixin.py:137} INFO - [2023-04-29T22:24:05.250+0000] {dag.py:2693} INFO - Sync 1 DAGs
[2023-04-29T22:24:05.268+0000] {logging_mixin.py:137} INFO - [2023-04-29T22:24:05.268+0000] {dag.py:3444} INFO - Setting next_dagrun for example_weekday_branch_operator to 2023-04-28T00:00:00+00:00, run_after=2023-04-29T00:00:00+00:00
[2023-04-29T22:24:05.281+0000] {processor.py:175} INFO - Processing /home/airflow/.local/lib/python3.7/site-packages/airflow/example_dags/example_branch_day_of_week_operator.py took 0.092 seconds
[2023-04-29T22:24:35.848+0000] {processor.py:153} INFO - Started process (PID=146) to work on /home/airflow/.local/lib/python3.7/site-packages/airflow/example_dags/example_branch_day_of_week_operator.py
[2023-04-29T22:24:35.851+0000] {processor.py:743} INFO - Processing file /home/airflow/.local/lib/python3.7/site-packages/airflow/example_dags/example_branch_day_of_week_operator.py for tasks to queue
[2023-04-29T22:24:35.852+0000] {logging_mixin.py:137} INFO - [2023-04-29T22:24:35.852+0000] {dagbag.py:532} INFO - Filling up the DagBag from /home/airflow/.local/lib/python3.7/site-packages/airflow/example_dags/example_branch_day_of_week_operator.py
[2023-04-29T22:24:35.873+0000] {processor.py:753} INFO - DAG(s) dict_keys(['example_weekday_branch_operator']) retrieved from /home/airflow/.local/lib/python3.7/site-packages/airflow/example_dags/example_branch_day_of_week_operator.py
[2023-04-29T22:24:35.897+0000] {logging_mixin.py:137} INFO - [2023-04-29T22:24:35.897+0000] {dag.py:2693} INFO - Sync 1 DAGs
[2023-04-29T22:24:35.914+0000] {logging_mixin.py:137} INFO - [2023-04-29T22:24:35.914+0000] {dag.py:3444} INFO - Setting next_dagrun for example_weekday_branch_operator to 2023-04-28T00:00:00+00:00, run_after=2023-04-29T00:00:00+00:00
[2023-04-29T22:24:35.925+0000] {processor.py:175} INFO - Processing /home/airflow/.local/lib/python3.7/site-packages/airflow/example_dags/example_branch_day_of_week_operator.py took 0.085 seconds
[2023-04-29T22:25:06.525+0000] {processor.py:153} INFO - Started process (PID=197) to work on /home/airflow/.local/lib/python3.7/site-packages/airflow/example_dags/example_branch_day_of_week_operator.py
[2023-04-29T22:25:06.528+0000] {processor.py:743} INFO - Processing file /home/airflow/.local/lib/python3.7/site-packages/airflow/example_dags/example_branch_day_of_week_operator.py for tasks to queue
[2023-04-29T22:25:06.530+0000] {logging_mixin.py:137} INFO - [2023-04-29T22:25:06.529+0000] {dagbag.py:532} INFO - Filling up the DagBag from /home/airflow/.local/lib/python3.7/site-packages/airflow/example_dags/example_branch_day_of_week_operator.py
[2023-04-29T22:25:06.550+0000] {processor.py:753} INFO - DAG(s) dict_keys(['example_weekday_branch_operator']) retrieved from /home/airflow/.local/lib/python3.7/site-packages/airflow/example_dags/example_branch_day_of_week_operator.py
[2023-04-29T22:25:06.575+0000] {logging_mixin.py:137} INFO - [2023-04-29T22:25:06.575+0000] {dag.py:2693} INFO - Sync 1 DAGs
[2023-04-29T22:25:06.591+0000] {logging_mixin.py:137} INFO - [2023-04-29T22:25:06.591+0000] {dag.py:3444} INFO - Setting next_dagrun for example_weekday_branch_operator to 2023-04-28T00:00:00+00:00, run_after=2023-04-29T00:00:00+00:00
[2023-04-29T22:25:06.602+0000] {processor.py:175} INFO - Processing /home/airflow/.local/lib/python3.7/site-packages/airflow/example_dags/example_branch_day_of_week_operator.py took 0.083 seconds
[2023-04-29T22:25:37.395+0000] {processor.py:153} INFO - Started process (PID=248) to work on /home/airflow/.local/lib/python3.7/site-packages/airflow/example_dags/example_branch_day_of_week_operator.py
[2023-04-29T22:25:37.398+0000] {processor.py:743} INFO - Processing file /home/airflow/.local/lib/python3.7/site-packages/airflow/example_dags/example_branch_day_of_week_operator.py for tasks to queue
[2023-04-29T22:25:37.400+0000] {logging_mixin.py:137} INFO - [2023-04-29T22:25:37.399+0000] {dagbag.py:532} INFO - Filling up the DagBag from /home/airflow/.local/lib/python3.7/site-packages/airflow/example_dags/example_branch_day_of_week_operator.py
[2023-04-29T22:25:37.420+0000] {processor.py:753} INFO - DAG(s) dict_keys(['example_weekday_branch_operator']) retrieved from /home/airflow/.local/lib/python3.7/site-packages/airflow/example_dags/example_branch_day_of_week_operator.py
[2023-04-29T22:25:37.444+0000] {logging_mixin.py:137} INFO - [2023-04-29T22:25:37.444+0000] {dag.py:2693} INFO - Sync 1 DAGs
[2023-04-29T22:25:37.461+0000] {logging_mixin.py:137} INFO - [2023-04-29T22:25:37.461+0000] {dag.py:3444} INFO - Setting next_dagrun for example_weekday_branch_operator to 2023-04-28T00:00:00+00:00, run_after=2023-04-29T00:00:00+00:00
[2023-04-29T22:25:37.473+0000] {processor.py:175} INFO - Processing /home/airflow/.local/lib/python3.7/site-packages/airflow/example_dags/example_branch_day_of_week_operator.py took 0.085 seconds
[2023-04-29T22:26:08.251+0000] {processor.py:153} INFO - Started process (PID=299) to work on /home/airflow/.local/lib/python3.7/site-packages/airflow/example_dags/example_branch_day_of_week_operator.py
[2023-04-29T22:26:08.254+0000] {processor.py:743} INFO - Processing file /home/airflow/.local/lib/python3.7/site-packages/airflow/example_dags/example_branch_day_of_week_operator.py for tasks to queue
[2023-04-29T22:26:08.255+0000] {logging_mixin.py:137} INFO - [2023-04-29T22:26:08.255+0000] {dagbag.py:532} INFO - Filling up the DagBag from /home/airflow/.local/lib/python3.7/site-packages/airflow/example_dags/example_branch_day_of_week_operator.py
[2023-04-29T22:26:08.275+0000] {processor.py:753} INFO - DAG(s) dict_keys(['example_weekday_branch_operator']) retrieved from /home/airflow/.local/lib/python3.7/site-packages/airflow/example_dags/example_branch_day_of_week_operator.py
[2023-04-29T22:26:08.302+0000] {logging_mixin.py:137} INFO - [2023-04-29T22:26:08.302+0000] {dag.py:2693} INFO - Sync 1 DAGs
[2023-04-29T22:26:08.322+0000] {logging_mixin.py:137} INFO - [2023-04-29T22:26:08.322+0000] {dag.py:3444} INFO - Setting next_dagrun for example_weekday_branch_operator to 2023-04-28T00:00:00+00:00, run_after=2023-04-29T00:00:00+00:00
[2023-04-29T22:26:08.334+0000] {processor.py:175} INFO - Processing /home/airflow/.local/lib/python3.7/site-packages/airflow/example_dags/example_branch_day_of_week_operator.py took 0.090 seconds
[2023-04-29T22:26:39.147+0000] {processor.py:153} INFO - Started process (PID=350) to work on /home/airflow/.local/lib/python3.7/site-packages/airflow/example_dags/example_branch_day_of_week_operator.py
[2023-04-29T22:26:39.149+0000] {processor.py:743} INFO - Processing file /home/airflow/.local/lib/python3.7/site-packages/airflow/example_dags/example_branch_day_of_week_operator.py for tasks to queue
[2023-04-29T22:26:39.151+0000] {logging_mixin.py:137} INFO - [2023-04-29T22:26:39.151+0000] {dagbag.py:532} INFO - Filling up the DagBag from /home/airflow/.local/lib/python3.7/site-packages/airflow/example_dags/example_branch_day_of_week_operator.py
[2023-04-29T22:26:39.171+0000] {processor.py:753} INFO - DAG(s) dict_keys(['example_weekday_branch_operator']) retrieved from /home/airflow/.local/lib/python3.7/site-packages/airflow/example_dags/example_branch_day_of_week_operator.py
[2023-04-29T22:26:39.196+0000] {logging_mixin.py:137} INFO - [2023-04-29T22:26:39.196+0000] {dag.py:2693} INFO - Sync 1 DAGs
[2023-04-29T22:26:39.214+0000] {logging_mixin.py:137} INFO - [2023-04-29T22:26:39.214+0000] {dag.py:3444} INFO - Setting next_dagrun for example_weekday_branch_operator to 2023-04-28T00:00:00+00:00, run_after=2023-04-29T00:00:00+00:00
[2023-04-29T22:26:39.226+0000] {processor.py:175} INFO - Processing /home/airflow/.local/lib/python3.7/site-packages/airflow/example_dags/example_branch_day_of_week_operator.py took 0.086 seconds
[2023-04-29T22:27:09.773+0000] {processor.py:153} INFO - Started process (PID=401) to work on /home/airflow/.local/lib/python3.7/site-packages/airflow/example_dags/example_branch_day_of_week_operator.py
[2023-04-29T22:27:09.775+0000] {processor.py:743} INFO - Processing file /home/airflow/.local/lib/python3.7/site-packages/airflow/example_dags/example_branch_day_of_week_operator.py for tasks to queue
[2023-04-29T22:27:09.777+0000] {logging_mixin.py:137} INFO - [2023-04-29T22:27:09.776+0000] {dagbag.py:532} INFO - Filling up the DagBag from /home/airflow/.local/lib/python3.7/site-packages/airflow/example_dags/example_branch_day_of_week_operator.py
[2023-04-29T22:27:09.792+0000] {processor.py:753} INFO - DAG(s) dict_keys(['example_weekday_branch_operator']) retrieved from /home/airflow/.local/lib/python3.7/site-packages/airflow/example_dags/example_branch_day_of_week_operator.py
[2023-04-29T22:27:09.815+0000] {logging_mixin.py:137} INFO - [2023-04-29T22:27:09.815+0000] {dag.py:2693} INFO - Sync 1 DAGs
[2023-04-29T22:27:09.831+0000] {logging_mixin.py:137} INFO - [2023-04-29T22:27:09.831+0000] {dag.py:3444} INFO - Setting next_dagrun for example_weekday_branch_operator to 2023-04-28T00:00:00+00:00, run_after=2023-04-29T00:00:00+00:00
[2023-04-29T22:27:09.843+0000] {processor.py:175} INFO - Processing /home/airflow/.local/lib/python3.7/site-packages/airflow/example_dags/example_branch_day_of_week_operator.py took 0.076 seconds
[2023-04-29T22:27:40.461+0000] {processor.py:153} INFO - Started process (PID=452) to work on /home/airflow/.local/lib/python3.7/site-packages/airflow/example_dags/example_branch_day_of_week_operator.py
[2023-04-29T22:27:40.464+0000] {processor.py:743} INFO - Processing file /home/airflow/.local/lib/python3.7/site-packages/airflow/example_dags/example_branch_day_of_week_operator.py for tasks to queue
[2023-04-29T22:27:40.466+0000] {logging_mixin.py:137} INFO - [2023-04-29T22:27:40.465+0000] {dagbag.py:532} INFO - Filling up the DagBag from /home/airflow/.local/lib/python3.7/site-packages/airflow/example_dags/example_branch_day_of_week_operator.py
[2023-04-29T22:27:40.485+0000] {processor.py:753} INFO - DAG(s) dict_keys(['example_weekday_branch_operator']) retrieved from /home/airflow/.local/lib/python3.7/site-packages/airflow/example_dags/example_branch_day_of_week_operator.py
[2023-04-29T22:27:40.511+0000] {logging_mixin.py:137} INFO - [2023-04-29T22:27:40.511+0000] {dag.py:2693} INFO - Sync 1 DAGs
[2023-04-29T22:27:40.532+0000] {logging_mixin.py:137} INFO - [2023-04-29T22:27:40.532+0000] {dag.py:3444} INFO - Setting next_dagrun for example_weekday_branch_operator to 2023-04-28T00:00:00+00:00, run_after=2023-04-29T00:00:00+00:00
[2023-04-29T22:27:40.544+0000] {processor.py:175} INFO - Processing /home/airflow/.local/lib/python3.7/site-packages/airflow/example_dags/example_branch_day_of_week_operator.py took 0.087 seconds
[2023-04-29T22:28:11.135+0000] {processor.py:153} INFO - Started process (PID=503) to work on /home/airflow/.local/lib/python3.7/site-packages/airflow/example_dags/example_branch_day_of_week_operator.py
[2023-04-29T22:28:11.139+0000] {processor.py:743} INFO - Processing file /home/airflow/.local/lib/python3.7/site-packages/airflow/example_dags/example_branch_day_of_week_operator.py for tasks to queue
[2023-04-29T22:28:11.148+0000] {logging_mixin.py:137} INFO - [2023-04-29T22:28:11.148+0000] {dagbag.py:532} INFO - Filling up the DagBag from /home/airflow/.local/lib/python3.7/site-packages/airflow/example_dags/example_branch_day_of_week_operator.py
[2023-04-29T22:28:11.209+0000] {processor.py:753} INFO - DAG(s) dict_keys(['example_weekday_branch_operator']) retrieved from /home/airflow/.local/lib/python3.7/site-packages/airflow/example_dags/example_branch_day_of_week_operator.py
[2023-04-29T22:28:11.278+0000] {logging_mixin.py:137} INFO - [2023-04-29T22:28:11.278+0000] {dag.py:2693} INFO - Sync 1 DAGs
[2023-04-29T22:28:11.303+0000] {logging_mixin.py:137} INFO - [2023-04-29T22:28:11.303+0000] {dag.py:3444} INFO - Setting next_dagrun for example_weekday_branch_operator to 2023-04-28T00:00:00+00:00, run_after=2023-04-29T00:00:00+00:00
[2023-04-29T22:28:11.321+0000] {processor.py:175} INFO - Processing /home/airflow/.local/lib/python3.7/site-packages/airflow/example_dags/example_branch_day_of_week_operator.py took 0.194 seconds
[2023-04-29T22:28:42.084+0000] {processor.py:153} INFO - Started process (PID=554) to work on /home/airflow/.local/lib/python3.7/site-packages/airflow/example_dags/example_branch_day_of_week_operator.py
[2023-04-29T22:28:42.090+0000] {processor.py:743} INFO - Processing file /home/airflow/.local/lib/python3.7/site-packages/airflow/example_dags/example_branch_day_of_week_operator.py for tasks to queue
[2023-04-29T22:28:42.092+0000] {logging_mixin.py:137} INFO - [2023-04-29T22:28:42.092+0000] {dagbag.py:532} INFO - Filling up the DagBag from /home/airflow/.local/lib/python3.7/site-packages/airflow/example_dags/example_branch_day_of_week_operator.py
[2023-04-29T22:28:42.123+0000] {processor.py:753} INFO - DAG(s) dict_keys(['example_weekday_branch_operator']) retrieved from /home/airflow/.local/lib/python3.7/site-packages/airflow/example_dags/example_branch_day_of_week_operator.py
[2023-04-29T22:28:42.179+0000] {logging_mixin.py:137} INFO - [2023-04-29T22:28:42.178+0000] {dag.py:2693} INFO - Sync 1 DAGs
[2023-04-29T22:28:42.244+0000] {logging_mixin.py:137} INFO - [2023-04-29T22:28:42.244+0000] {dag.py:3444} INFO - Setting next_dagrun for example_weekday_branch_operator to 2023-04-28T00:00:00+00:00, run_after=2023-04-29T00:00:00+00:00
[2023-04-29T22:28:42.278+0000] {processor.py:175} INFO - Processing /home/airflow/.local/lib/python3.7/site-packages/airflow/example_dags/example_branch_day_of_week_operator.py took 0.199 seconds
[2023-04-29T22:29:12.762+0000] {processor.py:153} INFO - Started process (PID=605) to work on /home/airflow/.local/lib/python3.7/site-packages/airflow/example_dags/example_branch_day_of_week_operator.py
[2023-04-29T22:29:12.764+0000] {processor.py:743} INFO - Processing file /home/airflow/.local/lib/python3.7/site-packages/airflow/example_dags/example_branch_day_of_week_operator.py for tasks to queue
[2023-04-29T22:29:12.765+0000] {logging_mixin.py:137} INFO - [2023-04-29T22:29:12.765+0000] {dagbag.py:532} INFO - Filling up the DagBag from /home/airflow/.local/lib/python3.7/site-packages/airflow/example_dags/example_branch_day_of_week_operator.py
[2023-04-29T22:29:12.782+0000] {processor.py:753} INFO - DAG(s) dict_keys(['example_weekday_branch_operator']) retrieved from /home/airflow/.local/lib/python3.7/site-packages/airflow/example_dags/example_branch_day_of_week_operator.py
[2023-04-29T22:29:12.805+0000] {logging_mixin.py:137} INFO - [2023-04-29T22:29:12.805+0000] {dag.py:2693} INFO - Sync 1 DAGs
[2023-04-29T22:29:12.822+0000] {logging_mixin.py:137} INFO - [2023-04-29T22:29:12.822+0000] {dag.py:3444} INFO - Setting next_dagrun for example_weekday_branch_operator to 2023-04-28T00:00:00+00:00, run_after=2023-04-29T00:00:00+00:00
[2023-04-29T22:29:12.832+0000] {processor.py:175} INFO - Processing /home/airflow/.local/lib/python3.7/site-packages/airflow/example_dags/example_branch_day_of_week_operator.py took 0.076 seconds
[2023-04-29T22:29:43.467+0000] {processor.py:153} INFO - Started process (PID=656) to work on /home/airflow/.local/lib/python3.7/site-packages/airflow/example_dags/example_branch_day_of_week_operator.py
[2023-04-29T22:29:43.469+0000] {processor.py:743} INFO - Processing file /home/airflow/.local/lib/python3.7/site-packages/airflow/example_dags/example_branch_day_of_week_operator.py for tasks to queue
[2023-04-29T22:29:43.471+0000] {logging_mixin.py:137} INFO - [2023-04-29T22:29:43.471+0000] {dagbag.py:532} INFO - Filling up the DagBag from /home/airflow/.local/lib/python3.7/site-packages/airflow/example_dags/example_branch_day_of_week_operator.py
[2023-04-29T22:29:43.488+0000] {processor.py:753} INFO - DAG(s) dict_keys(['example_weekday_branch_operator']) retrieved from /home/airflow/.local/lib/python3.7/site-packages/airflow/example_dags/example_branch_day_of_week_operator.py
[2023-04-29T22:29:43.513+0000] {logging_mixin.py:137} INFO - [2023-04-29T22:29:43.513+0000] {dag.py:2693} INFO - Sync 1 DAGs
[2023-04-29T22:29:43.530+0000] {logging_mixin.py:137} INFO - [2023-04-29T22:29:43.530+0000] {dag.py:3444} INFO - Setting next_dagrun for example_weekday_branch_operator to 2023-04-28T00:00:00+00:00, run_after=2023-04-29T00:00:00+00:00
[2023-04-29T22:29:43.540+0000] {processor.py:175} INFO - Processing /home/airflow/.local/lib/python3.7/site-packages/airflow/example_dags/example_branch_day_of_week_operator.py took 0.079 seconds
[2023-04-29T22:30:14.257+0000] {processor.py:153} INFO - Started process (PID=707) to work on /home/airflow/.local/lib/python3.7/site-packages/airflow/example_dags/example_branch_day_of_week_operator.py
[2023-04-29T22:30:14.259+0000] {processor.py:743} INFO - Processing file /home/airflow/.local/lib/python3.7/site-packages/airflow/example_dags/example_branch_day_of_week_operator.py for tasks to queue
[2023-04-29T22:30:14.261+0000] {logging_mixin.py:137} INFO - [2023-04-29T22:30:14.260+0000] {dagbag.py:532} INFO - Filling up the DagBag from /home/airflow/.local/lib/python3.7/site-packages/airflow/example_dags/example_branch_day_of_week_operator.py
[2023-04-29T22:30:14.280+0000] {processor.py:753} INFO - DAG(s) dict_keys(['example_weekday_branch_operator']) retrieved from /home/airflow/.local/lib/python3.7/site-packages/airflow/example_dags/example_branch_day_of_week_operator.py
[2023-04-29T22:30:14.305+0000] {logging_mixin.py:137} INFO - [2023-04-29T22:30:14.305+0000] {dag.py:2693} INFO - Sync 1 DAGs
[2023-04-29T22:30:14.322+0000] {logging_mixin.py:137} INFO - [2023-04-29T22:30:14.322+0000] {dag.py:3444} INFO - Setting next_dagrun for example_weekday_branch_operator to 2023-04-28T00:00:00+00:00, run_after=2023-04-29T00:00:00+00:00
[2023-04-29T22:30:14.332+0000] {processor.py:175} INFO - Processing /home/airflow/.local/lib/python3.7/site-packages/airflow/example_dags/example_branch_day_of_week_operator.py took 0.082 seconds
[2023-04-29T22:30:45.017+0000] {processor.py:153} INFO - Started process (PID=758) to work on /home/airflow/.local/lib/python3.7/site-packages/airflow/example_dags/example_branch_day_of_week_operator.py
[2023-04-29T22:30:45.019+0000] {processor.py:743} INFO - Processing file /home/airflow/.local/lib/python3.7/site-packages/airflow/example_dags/example_branch_day_of_week_operator.py for tasks to queue
[2023-04-29T22:30:45.021+0000] {logging_mixin.py:137} INFO - [2023-04-29T22:30:45.021+0000] {dagbag.py:532} INFO - Filling up the DagBag from /home/airflow/.local/lib/python3.7/site-packages/airflow/example_dags/example_branch_day_of_week_operator.py
[2023-04-29T22:30:45.039+0000] {processor.py:753} INFO - DAG(s) dict_keys(['example_weekday_branch_operator']) retrieved from /home/airflow/.local/lib/python3.7/site-packages/airflow/example_dags/example_branch_day_of_week_operator.py
[2023-04-29T22:30:45.063+0000] {logging_mixin.py:137} INFO - [2023-04-29T22:30:45.063+0000] {dag.py:2693} INFO - Sync 1 DAGs
[2023-04-29T22:30:45.079+0000] {logging_mixin.py:137} INFO - [2023-04-29T22:30:45.079+0000] {dag.py:3444} INFO - Setting next_dagrun for example_weekday_branch_operator to 2023-04-28T00:00:00+00:00, run_after=2023-04-29T00:00:00+00:00
[2023-04-29T22:30:45.090+0000] {processor.py:175} INFO - Processing /home/airflow/.local/lib/python3.7/site-packages/airflow/example_dags/example_branch_day_of_week_operator.py took 0.079 seconds
[2023-04-29T22:31:15.787+0000] {processor.py:153} INFO - Started process (PID=809) to work on /home/airflow/.local/lib/python3.7/site-packages/airflow/example_dags/example_branch_day_of_week_operator.py
[2023-04-29T22:31:15.789+0000] {processor.py:743} INFO - Processing file /home/airflow/.local/lib/python3.7/site-packages/airflow/example_dags/example_branch_day_of_week_operator.py for tasks to queue
[2023-04-29T22:31:15.790+0000] {logging_mixin.py:137} INFO - [2023-04-29T22:31:15.790+0000] {dagbag.py:532} INFO - Filling up the DagBag from /home/airflow/.local/lib/python3.7/site-packages/airflow/example_dags/example_branch_day_of_week_operator.py
[2023-04-29T22:31:15.810+0000] {processor.py:753} INFO - DAG(s) dict_keys(['example_weekday_branch_operator']) retrieved from /home/airflow/.local/lib/python3.7/site-packages/airflow/example_dags/example_branch_day_of_week_operator.py
[2023-04-29T22:31:15.835+0000] {logging_mixin.py:137} INFO - [2023-04-29T22:31:15.835+0000] {dag.py:2693} INFO - Sync 1 DAGs
[2023-04-29T22:31:15.853+0000] {logging_mixin.py:137} INFO - [2023-04-29T22:31:15.853+0000] {dag.py:3444} INFO - Setting next_dagrun for example_weekday_branch_operator to 2023-04-28T00:00:00+00:00, run_after=2023-04-29T00:00:00+00:00
[2023-04-29T22:31:15.865+0000] {processor.py:175} INFO - Processing /home/airflow/.local/lib/python3.7/site-packages/airflow/example_dags/example_branch_day_of_week_operator.py took 0.086 seconds
[2023-04-29T22:31:46.600+0000] {processor.py:153} INFO - Started process (PID=859) to work on /home/airflow/.local/lib/python3.7/site-packages/airflow/example_dags/example_branch_day_of_week_operator.py
[2023-04-29T22:31:46.602+0000] {processor.py:743} INFO - Processing file /home/airflow/.local/lib/python3.7/site-packages/airflow/example_dags/example_branch_day_of_week_operator.py for tasks to queue
[2023-04-29T22:31:46.603+0000] {logging_mixin.py:137} INFO - [2023-04-29T22:31:46.603+0000] {dagbag.py:532} INFO - Filling up the DagBag from /home/airflow/.local/lib/python3.7/site-packages/airflow/example_dags/example_branch_day_of_week_operator.py
[2023-04-29T22:31:46.620+0000] {processor.py:753} INFO - DAG(s) dict_keys(['example_weekday_branch_operator']) retrieved from /home/airflow/.local/lib/python3.7/site-packages/airflow/example_dags/example_branch_day_of_week_operator.py
[2023-04-29T22:31:46.643+0000] {logging_mixin.py:137} INFO - [2023-04-29T22:31:46.643+0000] {dag.py:2693} INFO - Sync 1 DAGs
[2023-04-29T22:31:46.661+0000] {logging_mixin.py:137} INFO - [2023-04-29T22:31:46.660+0000] {dag.py:3444} INFO - Setting next_dagrun for example_weekday_branch_operator to 2023-04-28T00:00:00+00:00, run_after=2023-04-29T00:00:00+00:00
[2023-04-29T22:31:46.672+0000] {processor.py:175} INFO - Processing /home/airflow/.local/lib/python3.7/site-packages/airflow/example_dags/example_branch_day_of_week_operator.py took 0.078 seconds
[2023-04-29T22:32:17.235+0000] {processor.py:153} INFO - Started process (PID=911) to work on /home/airflow/.local/lib/python3.7/site-packages/airflow/example_dags/example_branch_day_of_week_operator.py
[2023-04-29T22:32:17.237+0000] {processor.py:743} INFO - Processing file /home/airflow/.local/lib/python3.7/site-packages/airflow/example_dags/example_branch_day_of_week_operator.py for tasks to queue
[2023-04-29T22:32:17.238+0000] {logging_mixin.py:137} INFO - [2023-04-29T22:32:17.238+0000] {dagbag.py:532} INFO - Filling up the DagBag from /home/airflow/.local/lib/python3.7/site-packages/airflow/example_dags/example_branch_day_of_week_operator.py
[2023-04-29T22:32:17.256+0000] {processor.py:753} INFO - DAG(s) dict_keys(['example_weekday_branch_operator']) retrieved from /home/airflow/.local/lib/python3.7/site-packages/airflow/example_dags/example_branch_day_of_week_operator.py
[2023-04-29T22:32:17.281+0000] {logging_mixin.py:137} INFO - [2023-04-29T22:32:17.281+0000] {dag.py:2693} INFO - Sync 1 DAGs
[2023-04-29T22:32:17.301+0000] {logging_mixin.py:137} INFO - [2023-04-29T22:32:17.300+0000] {dag.py:3444} INFO - Setting next_dagrun for example_weekday_branch_operator to 2023-04-28T00:00:00+00:00, run_after=2023-04-29T00:00:00+00:00
[2023-04-29T22:32:17.317+0000] {processor.py:175} INFO - Processing /home/airflow/.local/lib/python3.7/site-packages/airflow/example_dags/example_branch_day_of_week_operator.py took 0.088 seconds
[2023-04-29T22:32:47.996+0000] {processor.py:153} INFO - Started process (PID=963) to work on /home/airflow/.local/lib/python3.7/site-packages/airflow/example_dags/example_branch_day_of_week_operator.py
[2023-04-29T22:32:47.998+0000] {processor.py:743} INFO - Processing file /home/airflow/.local/lib/python3.7/site-packages/airflow/example_dags/example_branch_day_of_week_operator.py for tasks to queue
[2023-04-29T22:32:48.000+0000] {logging_mixin.py:137} INFO - [2023-04-29T22:32:48.000+0000] {dagbag.py:532} INFO - Filling up the DagBag from /home/airflow/.local/lib/python3.7/site-packages/airflow/example_dags/example_branch_day_of_week_operator.py
[2023-04-29T22:32:48.018+0000] {processor.py:753} INFO - DAG(s) dict_keys(['example_weekday_branch_operator']) retrieved from /home/airflow/.local/lib/python3.7/site-packages/airflow/example_dags/example_branch_day_of_week_operator.py
[2023-04-29T22:32:48.042+0000] {logging_mixin.py:137} INFO - [2023-04-29T22:32:48.042+0000] {dag.py:2693} INFO - Sync 1 DAGs
[2023-04-29T22:32:48.058+0000] {logging_mixin.py:137} INFO - [2023-04-29T22:32:48.058+0000] {dag.py:3444} INFO - Setting next_dagrun for example_weekday_branch_operator to 2023-04-28T00:00:00+00:00, run_after=2023-04-29T00:00:00+00:00
[2023-04-29T22:32:48.070+0000] {processor.py:175} INFO - Processing /home/airflow/.local/lib/python3.7/site-packages/airflow/example_dags/example_branch_day_of_week_operator.py took 0.079 seconds
[2023-04-29T22:33:18.577+0000] {processor.py:153} INFO - Started process (PID=1014) to work on /home/airflow/.local/lib/python3.7/site-packages/airflow/example_dags/example_branch_day_of_week_operator.py
[2023-04-29T22:33:18.579+0000] {processor.py:743} INFO - Processing file /home/airflow/.local/lib/python3.7/site-packages/airflow/example_dags/example_branch_day_of_week_operator.py for tasks to queue
[2023-04-29T22:33:18.581+0000] {logging_mixin.py:137} INFO - [2023-04-29T22:33:18.581+0000] {dagbag.py:532} INFO - Filling up the DagBag from /home/airflow/.local/lib/python3.7/site-packages/airflow/example_dags/example_branch_day_of_week_operator.py
[2023-04-29T22:33:18.599+0000] {processor.py:753} INFO - DAG(s) dict_keys(['example_weekday_branch_operator']) retrieved from /home/airflow/.local/lib/python3.7/site-packages/airflow/example_dags/example_branch_day_of_week_operator.py
[2023-04-29T22:33:18.623+0000] {logging_mixin.py:137} INFO - [2023-04-29T22:33:18.623+0000] {dag.py:2693} INFO - Sync 1 DAGs
[2023-04-29T22:33:18.639+0000] {logging_mixin.py:137} INFO - [2023-04-29T22:33:18.639+0000] {dag.py:3444} INFO - Setting next_dagrun for example_weekday_branch_operator to 2023-04-28T00:00:00+00:00, run_after=2023-04-29T00:00:00+00:00
[2023-04-29T22:33:18.651+0000] {processor.py:175} INFO - Processing /home/airflow/.local/lib/python3.7/site-packages/airflow/example_dags/example_branch_day_of_week_operator.py took 0.079 seconds
[2023-04-29T22:33:49.100+0000] {processor.py:153} INFO - Started process (PID=1065) to work on /home/airflow/.local/lib/python3.7/site-packages/airflow/example_dags/example_branch_day_of_week_operator.py
[2023-04-29T22:33:49.102+0000] {processor.py:743} INFO - Processing file /home/airflow/.local/lib/python3.7/site-packages/airflow/example_dags/example_branch_day_of_week_operator.py for tasks to queue
[2023-04-29T22:33:49.104+0000] {logging_mixin.py:137} INFO - [2023-04-29T22:33:49.103+0000] {dagbag.py:532} INFO - Filling up the DagBag from /home/airflow/.local/lib/python3.7/site-packages/airflow/example_dags/example_branch_day_of_week_operator.py
[2023-04-29T22:33:49.122+0000] {processor.py:753} INFO - DAG(s) dict_keys(['example_weekday_branch_operator']) retrieved from /home/airflow/.local/lib/python3.7/site-packages/airflow/example_dags/example_branch_day_of_week_operator.py
[2023-04-29T22:33:49.146+0000] {logging_mixin.py:137} INFO - [2023-04-29T22:33:49.146+0000] {dag.py:2693} INFO - Sync 1 DAGs
[2023-04-29T22:33:49.162+0000] {logging_mixin.py:137} INFO - [2023-04-29T22:33:49.162+0000] {dag.py:3444} INFO - Setting next_dagrun for example_weekday_branch_operator to 2023-04-28T00:00:00+00:00, run_after=2023-04-29T00:00:00+00:00
[2023-04-29T22:33:49.173+0000] {processor.py:175} INFO - Processing /home/airflow/.local/lib/python3.7/site-packages/airflow/example_dags/example_branch_day_of_week_operator.py took 0.078 seconds
[2023-04-29T22:34:19.649+0000] {processor.py:153} INFO - Started process (PID=1116) to work on /home/airflow/.local/lib/python3.7/site-packages/airflow/example_dags/example_branch_day_of_week_operator.py
[2023-04-29T22:34:19.651+0000] {processor.py:743} INFO - Processing file /home/airflow/.local/lib/python3.7/site-packages/airflow/example_dags/example_branch_day_of_week_operator.py for tasks to queue
[2023-04-29T22:34:19.652+0000] {logging_mixin.py:137} INFO - [2023-04-29T22:34:19.652+0000] {dagbag.py:532} INFO - Filling up the DagBag from /home/airflow/.local/lib/python3.7/site-packages/airflow/example_dags/example_branch_day_of_week_operator.py
[2023-04-29T22:34:19.671+0000] {processor.py:753} INFO - DAG(s) dict_keys(['example_weekday_branch_operator']) retrieved from /home/airflow/.local/lib/python3.7/site-packages/airflow/example_dags/example_branch_day_of_week_operator.py
[2023-04-29T22:34:19.694+0000] {logging_mixin.py:137} INFO - [2023-04-29T22:34:19.694+0000] {dag.py:2693} INFO - Sync 1 DAGs
[2023-04-29T22:34:19.711+0000] {logging_mixin.py:137} INFO - [2023-04-29T22:34:19.711+0000] {dag.py:3444} INFO - Setting next_dagrun for example_weekday_branch_operator to 2023-04-28T00:00:00+00:00, run_after=2023-04-29T00:00:00+00:00
[2023-04-29T22:34:19.722+0000] {processor.py:175} INFO - Processing /home/airflow/.local/lib/python3.7/site-packages/airflow/example_dags/example_branch_day_of_week_operator.py took 0.080 seconds
[2023-04-29T22:34:50.269+0000] {processor.py:153} INFO - Started process (PID=1167) to work on /home/airflow/.local/lib/python3.7/site-packages/airflow/example_dags/example_branch_day_of_week_operator.py
[2023-04-29T22:34:50.273+0000] {processor.py:743} INFO - Processing file /home/airflow/.local/lib/python3.7/site-packages/airflow/example_dags/example_branch_day_of_week_operator.py for tasks to queue
[2023-04-29T22:34:50.274+0000] {logging_mixin.py:137} INFO - [2023-04-29T22:34:50.274+0000] {dagbag.py:532} INFO - Filling up the DagBag from /home/airflow/.local/lib/python3.7/site-packages/airflow/example_dags/example_branch_day_of_week_operator.py
[2023-04-29T22:34:50.293+0000] {processor.py:753} INFO - DAG(s) dict_keys(['example_weekday_branch_operator']) retrieved from /home/airflow/.local/lib/python3.7/site-packages/airflow/example_dags/example_branch_day_of_week_operator.py
[2023-04-29T22:34:50.317+0000] {logging_mixin.py:137} INFO - [2023-04-29T22:34:50.317+0000] {dag.py:2693} INFO - Sync 1 DAGs
[2023-04-29T22:34:50.335+0000] {logging_mixin.py:137} INFO - [2023-04-29T22:34:50.335+0000] {dag.py:3444} INFO - Setting next_dagrun for example_weekday_branch_operator to 2023-04-28T00:00:00+00:00, run_after=2023-04-29T00:00:00+00:00
[2023-04-29T22:34:50.351+0000] {processor.py:175} INFO - Processing /home/airflow/.local/lib/python3.7/site-packages/airflow/example_dags/example_branch_day_of_week_operator.py took 0.088 seconds
[2023-04-29T22:35:20.790+0000] {processor.py:153} INFO - Started process (PID=1218) to work on /home/airflow/.local/lib/python3.7/site-packages/airflow/example_dags/example_branch_day_of_week_operator.py
[2023-04-29T22:35:20.793+0000] {processor.py:743} INFO - Processing file /home/airflow/.local/lib/python3.7/site-packages/airflow/example_dags/example_branch_day_of_week_operator.py for tasks to queue
[2023-04-29T22:35:20.794+0000] {logging_mixin.py:137} INFO - [2023-04-29T22:35:20.794+0000] {dagbag.py:532} INFO - Filling up the DagBag from /home/airflow/.local/lib/python3.7/site-packages/airflow/example_dags/example_branch_day_of_week_operator.py
[2023-04-29T22:35:20.813+0000] {processor.py:753} INFO - DAG(s) dict_keys(['example_weekday_branch_operator']) retrieved from /home/airflow/.local/lib/python3.7/site-packages/airflow/example_dags/example_branch_day_of_week_operator.py
[2023-04-29T22:35:20.837+0000] {logging_mixin.py:137} INFO - [2023-04-29T22:35:20.837+0000] {dag.py:2693} INFO - Sync 1 DAGs
[2023-04-29T22:35:20.854+0000] {logging_mixin.py:137} INFO - [2023-04-29T22:35:20.854+0000] {dag.py:3444} INFO - Setting next_dagrun for example_weekday_branch_operator to 2023-04-28T00:00:00+00:00, run_after=2023-04-29T00:00:00+00:00
[2023-04-29T22:35:20.865+0000] {processor.py:175} INFO - Processing /home/airflow/.local/lib/python3.7/site-packages/airflow/example_dags/example_branch_day_of_week_operator.py took 0.082 seconds
[2023-04-29T22:35:51.642+0000] {processor.py:153} INFO - Started process (PID=1269) to work on /home/airflow/.local/lib/python3.7/site-packages/airflow/example_dags/example_branch_day_of_week_operator.py
[2023-04-29T22:35:51.645+0000] {processor.py:743} INFO - Processing file /home/airflow/.local/lib/python3.7/site-packages/airflow/example_dags/example_branch_day_of_week_operator.py for tasks to queue
[2023-04-29T22:35:51.647+0000] {logging_mixin.py:137} INFO - [2023-04-29T22:35:51.646+0000] {dagbag.py:532} INFO - Filling up the DagBag from /home/airflow/.local/lib/python3.7/site-packages/airflow/example_dags/example_branch_day_of_week_operator.py
[2023-04-29T22:35:51.665+0000] {processor.py:753} INFO - DAG(s) dict_keys(['example_weekday_branch_operator']) retrieved from /home/airflow/.local/lib/python3.7/site-packages/airflow/example_dags/example_branch_day_of_week_operator.py
[2023-04-29T22:35:51.689+0000] {logging_mixin.py:137} INFO - [2023-04-29T22:35:51.689+0000] {dag.py:2693} INFO - Sync 1 DAGs
[2023-04-29T22:35:51.706+0000] {logging_mixin.py:137} INFO - [2023-04-29T22:35:51.706+0000] {dag.py:3444} INFO - Setting next_dagrun for example_weekday_branch_operator to 2023-04-28T00:00:00+00:00, run_after=2023-04-29T00:00:00+00:00
[2023-04-29T22:35:51.717+0000] {processor.py:175} INFO - Processing /home/airflow/.local/lib/python3.7/site-packages/airflow/example_dags/example_branch_day_of_week_operator.py took 0.082 seconds
[2023-04-29T22:36:22.307+0000] {processor.py:153} INFO - Started process (PID=1320) to work on /home/airflow/.local/lib/python3.7/site-packages/airflow/example_dags/example_branch_day_of_week_operator.py
[2023-04-29T22:36:22.309+0000] {processor.py:743} INFO - Processing file /home/airflow/.local/lib/python3.7/site-packages/airflow/example_dags/example_branch_day_of_week_operator.py for tasks to queue
[2023-04-29T22:36:22.310+0000] {logging_mixin.py:137} INFO - [2023-04-29T22:36:22.310+0000] {dagbag.py:532} INFO - Filling up the DagBag from /home/airflow/.local/lib/python3.7/site-packages/airflow/example_dags/example_branch_day_of_week_operator.py
[2023-04-29T22:36:22.329+0000] {processor.py:753} INFO - DAG(s) dict_keys(['example_weekday_branch_operator']) retrieved from /home/airflow/.local/lib/python3.7/site-packages/airflow/example_dags/example_branch_day_of_week_operator.py
[2023-04-29T22:36:22.357+0000] {logging_mixin.py:137} INFO - [2023-04-29T22:36:22.357+0000] {dag.py:2693} INFO - Sync 1 DAGs
[2023-04-29T22:36:22.374+0000] {logging_mixin.py:137} INFO - [2023-04-29T22:36:22.374+0000] {dag.py:3444} INFO - Setting next_dagrun for example_weekday_branch_operator to 2023-04-28T00:00:00+00:00, run_after=2023-04-29T00:00:00+00:00
[2023-04-29T22:36:22.386+0000] {processor.py:175} INFO - Processing /home/airflow/.local/lib/python3.7/site-packages/airflow/example_dags/example_branch_day_of_week_operator.py took 0.086 seconds
[2023-04-29T22:36:52.858+0000] {processor.py:153} INFO - Started process (PID=1370) to work on /home/airflow/.local/lib/python3.7/site-packages/airflow/example_dags/example_branch_day_of_week_operator.py
[2023-04-29T22:36:52.862+0000] {processor.py:743} INFO - Processing file /home/airflow/.local/lib/python3.7/site-packages/airflow/example_dags/example_branch_day_of_week_operator.py for tasks to queue
[2023-04-29T22:36:52.863+0000] {logging_mixin.py:137} INFO - [2023-04-29T22:36:52.863+0000] {dagbag.py:532} INFO - Filling up the DagBag from /home/airflow/.local/lib/python3.7/site-packages/airflow/example_dags/example_branch_day_of_week_operator.py
[2023-04-29T22:36:52.881+0000] {processor.py:753} INFO - DAG(s) dict_keys(['example_weekday_branch_operator']) retrieved from /home/airflow/.local/lib/python3.7/site-packages/airflow/example_dags/example_branch_day_of_week_operator.py
[2023-04-29T22:36:52.904+0000] {logging_mixin.py:137} INFO - [2023-04-29T22:36:52.904+0000] {dag.py:2693} INFO - Sync 1 DAGs
[2023-04-29T22:36:52.922+0000] {logging_mixin.py:137} INFO - [2023-04-29T22:36:52.922+0000] {dag.py:3444} INFO - Setting next_dagrun for example_weekday_branch_operator to 2023-04-28T00:00:00+00:00, run_after=2023-04-29T00:00:00+00:00
[2023-04-29T22:36:52.934+0000] {processor.py:175} INFO - Processing /home/airflow/.local/lib/python3.7/site-packages/airflow/example_dags/example_branch_day_of_week_operator.py took 0.081 seconds
[2023-04-29T22:37:23.457+0000] {processor.py:153} INFO - Started process (PID=1421) to work on /home/airflow/.local/lib/python3.7/site-packages/airflow/example_dags/example_branch_day_of_week_operator.py
[2023-04-29T22:37:23.459+0000] {processor.py:743} INFO - Processing file /home/airflow/.local/lib/python3.7/site-packages/airflow/example_dags/example_branch_day_of_week_operator.py for tasks to queue
[2023-04-29T22:37:23.460+0000] {logging_mixin.py:137} INFO - [2023-04-29T22:37:23.460+0000] {dagbag.py:532} INFO - Filling up the DagBag from /home/airflow/.local/lib/python3.7/site-packages/airflow/example_dags/example_branch_day_of_week_operator.py
[2023-04-29T22:37:23.478+0000] {processor.py:753} INFO - DAG(s) dict_keys(['example_weekday_branch_operator']) retrieved from /home/airflow/.local/lib/python3.7/site-packages/airflow/example_dags/example_branch_day_of_week_operator.py
[2023-04-29T22:37:23.502+0000] {logging_mixin.py:137} INFO - [2023-04-29T22:37:23.502+0000] {dag.py:2693} INFO - Sync 1 DAGs
[2023-04-29T22:37:23.518+0000] {logging_mixin.py:137} INFO - [2023-04-29T22:37:23.518+0000] {dag.py:3444} INFO - Setting next_dagrun for example_weekday_branch_operator to 2023-04-28T00:00:00+00:00, run_after=2023-04-29T00:00:00+00:00
[2023-04-29T22:37:23.529+0000] {processor.py:175} INFO - Processing /home/airflow/.local/lib/python3.7/site-packages/airflow/example_dags/example_branch_day_of_week_operator.py took 0.078 seconds
[2023-04-29T22:37:53.927+0000] {processor.py:153} INFO - Started process (PID=1472) to work on /home/airflow/.local/lib/python3.7/site-packages/airflow/example_dags/example_branch_day_of_week_operator.py
[2023-04-29T22:37:53.930+0000] {processor.py:743} INFO - Processing file /home/airflow/.local/lib/python3.7/site-packages/airflow/example_dags/example_branch_day_of_week_operator.py for tasks to queue
[2023-04-29T22:37:53.931+0000] {logging_mixin.py:137} INFO - [2023-04-29T22:37:53.931+0000] {dagbag.py:532} INFO - Filling up the DagBag from /home/airflow/.local/lib/python3.7/site-packages/airflow/example_dags/example_branch_day_of_week_operator.py
[2023-04-29T22:37:53.951+0000] {processor.py:753} INFO - DAG(s) dict_keys(['example_weekday_branch_operator']) retrieved from /home/airflow/.local/lib/python3.7/site-packages/airflow/example_dags/example_branch_day_of_week_operator.py
[2023-04-29T22:37:53.982+0000] {logging_mixin.py:137} INFO - [2023-04-29T22:37:53.982+0000] {dag.py:2693} INFO - Sync 1 DAGs
[2023-04-29T22:37:53.999+0000] {logging_mixin.py:137} INFO - [2023-04-29T22:37:53.999+0000] {dag.py:3444} INFO - Setting next_dagrun for example_weekday_branch_operator to 2023-04-28T00:00:00+00:00, run_after=2023-04-29T00:00:00+00:00
[2023-04-29T22:37:54.010+0000] {processor.py:175} INFO - Processing /home/airflow/.local/lib/python3.7/site-packages/airflow/example_dags/example_branch_day_of_week_operator.py took 0.089 seconds
[2023-04-29T22:38:24.621+0000] {processor.py:153} INFO - Started process (PID=1523) to work on /home/airflow/.local/lib/python3.7/site-packages/airflow/example_dags/example_branch_day_of_week_operator.py
[2023-04-29T22:38:24.623+0000] {processor.py:743} INFO - Processing file /home/airflow/.local/lib/python3.7/site-packages/airflow/example_dags/example_branch_day_of_week_operator.py for tasks to queue
[2023-04-29T22:38:24.625+0000] {logging_mixin.py:137} INFO - [2023-04-29T22:38:24.624+0000] {dagbag.py:532} INFO - Filling up the DagBag from /home/airflow/.local/lib/python3.7/site-packages/airflow/example_dags/example_branch_day_of_week_operator.py
[2023-04-29T22:38:24.642+0000] {processor.py:753} INFO - DAG(s) dict_keys(['example_weekday_branch_operator']) retrieved from /home/airflow/.local/lib/python3.7/site-packages/airflow/example_dags/example_branch_day_of_week_operator.py
[2023-04-29T22:38:24.666+0000] {logging_mixin.py:137} INFO - [2023-04-29T22:38:24.666+0000] {dag.py:2693} INFO - Sync 1 DAGs
[2023-04-29T22:38:24.683+0000] {logging_mixin.py:137} INFO - [2023-04-29T22:38:24.683+0000] {dag.py:3444} INFO - Setting next_dagrun for example_weekday_branch_operator to 2023-04-28T00:00:00+00:00, run_after=2023-04-29T00:00:00+00:00
[2023-04-29T22:38:24.694+0000] {processor.py:175} INFO - Processing /home/airflow/.local/lib/python3.7/site-packages/airflow/example_dags/example_branch_day_of_week_operator.py took 0.079 seconds
[2023-04-29T22:38:55.271+0000] {processor.py:153} INFO - Started process (PID=1574) to work on /home/airflow/.local/lib/python3.7/site-packages/airflow/example_dags/example_branch_day_of_week_operator.py
[2023-04-29T22:38:55.273+0000] {processor.py:743} INFO - Processing file /home/airflow/.local/lib/python3.7/site-packages/airflow/example_dags/example_branch_day_of_week_operator.py for tasks to queue
[2023-04-29T22:38:55.274+0000] {logging_mixin.py:137} INFO - [2023-04-29T22:38:55.274+0000] {dagbag.py:532} INFO - Filling up the DagBag from /home/airflow/.local/lib/python3.7/site-packages/airflow/example_dags/example_branch_day_of_week_operator.py
[2023-04-29T22:38:55.294+0000] {processor.py:753} INFO - DAG(s) dict_keys(['example_weekday_branch_operator']) retrieved from /home/airflow/.local/lib/python3.7/site-packages/airflow/example_dags/example_branch_day_of_week_operator.py
[2023-04-29T22:38:55.317+0000] {logging_mixin.py:137} INFO - [2023-04-29T22:38:55.317+0000] {dag.py:2693} INFO - Sync 1 DAGs
[2023-04-29T22:38:55.334+0000] {logging_mixin.py:137} INFO - [2023-04-29T22:38:55.334+0000] {dag.py:3444} INFO - Setting next_dagrun for example_weekday_branch_operator to 2023-04-28T00:00:00+00:00, run_after=2023-04-29T00:00:00+00:00
[2023-04-29T22:38:55.345+0000] {processor.py:175} INFO - Processing /home/airflow/.local/lib/python3.7/site-packages/airflow/example_dags/example_branch_day_of_week_operator.py took 0.083 seconds
[2023-04-29T22:39:25.870+0000] {processor.py:153} INFO - Started process (PID=1625) to work on /home/airflow/.local/lib/python3.7/site-packages/airflow/example_dags/example_branch_day_of_week_operator.py
[2023-04-29T22:39:25.872+0000] {processor.py:743} INFO - Processing file /home/airflow/.local/lib/python3.7/site-packages/airflow/example_dags/example_branch_day_of_week_operator.py for tasks to queue
[2023-04-29T22:39:25.875+0000] {logging_mixin.py:137} INFO - [2023-04-29T22:39:25.874+0000] {dagbag.py:532} INFO - Filling up the DagBag from /home/airflow/.local/lib/python3.7/site-packages/airflow/example_dags/example_branch_day_of_week_operator.py
[2023-04-29T22:39:25.893+0000] {processor.py:753} INFO - DAG(s) dict_keys(['example_weekday_branch_operator']) retrieved from /home/airflow/.local/lib/python3.7/site-packages/airflow/example_dags/example_branch_day_of_week_operator.py
[2023-04-29T22:39:25.919+0000] {logging_mixin.py:137} INFO - [2023-04-29T22:39:25.919+0000] {dag.py:2693} INFO - Sync 1 DAGs
[2023-04-29T22:39:25.938+0000] {logging_mixin.py:137} INFO - [2023-04-29T22:39:25.938+0000] {dag.py:3444} INFO - Setting next_dagrun for example_weekday_branch_operator to 2023-04-28T00:00:00+00:00, run_after=2023-04-29T00:00:00+00:00
[2023-04-29T22:39:25.949+0000] {processor.py:175} INFO - Processing /home/airflow/.local/lib/python3.7/site-packages/airflow/example_dags/example_branch_day_of_week_operator.py took 0.086 seconds
[2023-04-29T22:39:56.521+0000] {processor.py:153} INFO - Started process (PID=1677) to work on /home/airflow/.local/lib/python3.7/site-packages/airflow/example_dags/example_branch_day_of_week_operator.py
[2023-04-29T22:39:56.524+0000] {processor.py:743} INFO - Processing file /home/airflow/.local/lib/python3.7/site-packages/airflow/example_dags/example_branch_day_of_week_operator.py for tasks to queue
[2023-04-29T22:39:56.526+0000] {logging_mixin.py:137} INFO - [2023-04-29T22:39:56.526+0000] {dagbag.py:532} INFO - Filling up the DagBag from /home/airflow/.local/lib/python3.7/site-packages/airflow/example_dags/example_branch_day_of_week_operator.py
[2023-04-29T22:39:56.547+0000] {processor.py:753} INFO - DAG(s) dict_keys(['example_weekday_branch_operator']) retrieved from /home/airflow/.local/lib/python3.7/site-packages/airflow/example_dags/example_branch_day_of_week_operator.py
[2023-04-29T22:39:56.572+0000] {logging_mixin.py:137} INFO - [2023-04-29T22:39:56.572+0000] {dag.py:2693} INFO - Sync 1 DAGs
[2023-04-29T22:39:56.589+0000] {logging_mixin.py:137} INFO - [2023-04-29T22:39:56.589+0000] {dag.py:3444} INFO - Setting next_dagrun for example_weekday_branch_operator to 2023-04-28T00:00:00+00:00, run_after=2023-04-29T00:00:00+00:00
[2023-04-29T22:39:56.601+0000] {processor.py:175} INFO - Processing /home/airflow/.local/lib/python3.7/site-packages/airflow/example_dags/example_branch_day_of_week_operator.py took 0.087 seconds
[2023-04-29T22:40:27.141+0000] {processor.py:153} INFO - Started process (PID=1728) to work on /home/airflow/.local/lib/python3.7/site-packages/airflow/example_dags/example_branch_day_of_week_operator.py
[2023-04-29T22:40:27.143+0000] {processor.py:743} INFO - Processing file /home/airflow/.local/lib/python3.7/site-packages/airflow/example_dags/example_branch_day_of_week_operator.py for tasks to queue
[2023-04-29T22:40:27.144+0000] {logging_mixin.py:137} INFO - [2023-04-29T22:40:27.144+0000] {dagbag.py:532} INFO - Filling up the DagBag from /home/airflow/.local/lib/python3.7/site-packages/airflow/example_dags/example_branch_day_of_week_operator.py
[2023-04-29T22:40:27.159+0000] {processor.py:753} INFO - DAG(s) dict_keys(['example_weekday_branch_operator']) retrieved from /home/airflow/.local/lib/python3.7/site-packages/airflow/example_dags/example_branch_day_of_week_operator.py
[2023-04-29T22:40:27.197+0000] {logging_mixin.py:137} INFO - [2023-04-29T22:40:27.197+0000] {dag.py:2693} INFO - Sync 1 DAGs
[2023-04-29T22:40:27.235+0000] {logging_mixin.py:137} INFO - [2023-04-29T22:40:27.235+0000] {dag.py:3444} INFO - Setting next_dagrun for example_weekday_branch_operator to 2023-04-28T00:00:00+00:00, run_after=2023-04-29T00:00:00+00:00
[2023-04-29T22:40:27.246+0000] {processor.py:175} INFO - Processing /home/airflow/.local/lib/python3.7/site-packages/airflow/example_dags/example_branch_day_of_week_operator.py took 0.109 seconds
[2023-04-29T22:40:58.033+0000] {processor.py:153} INFO - Started process (PID=1787) to work on /home/airflow/.local/lib/python3.7/site-packages/airflow/example_dags/example_branch_day_of_week_operator.py
[2023-04-29T22:40:58.035+0000] {processor.py:743} INFO - Processing file /home/airflow/.local/lib/python3.7/site-packages/airflow/example_dags/example_branch_day_of_week_operator.py for tasks to queue
[2023-04-29T22:40:58.036+0000] {logging_mixin.py:137} INFO - [2023-04-29T22:40:58.036+0000] {dagbag.py:532} INFO - Filling up the DagBag from /home/airflow/.local/lib/python3.7/site-packages/airflow/example_dags/example_branch_day_of_week_operator.py
[2023-04-29T22:40:58.052+0000] {processor.py:753} INFO - DAG(s) dict_keys(['example_weekday_branch_operator']) retrieved from /home/airflow/.local/lib/python3.7/site-packages/airflow/example_dags/example_branch_day_of_week_operator.py
[2023-04-29T22:40:58.075+0000] {logging_mixin.py:137} INFO - [2023-04-29T22:40:58.075+0000] {dag.py:2693} INFO - Sync 1 DAGs
[2023-04-29T22:40:58.093+0000] {logging_mixin.py:137} INFO - [2023-04-29T22:40:58.093+0000] {dag.py:3444} INFO - Setting next_dagrun for example_weekday_branch_operator to 2023-04-28T00:00:00+00:00, run_after=2023-04-29T00:00:00+00:00
[2023-04-29T22:40:58.105+0000] {processor.py:175} INFO - Processing /home/airflow/.local/lib/python3.7/site-packages/airflow/example_dags/example_branch_day_of_week_operator.py took 0.078 seconds
[2023-04-29T22:41:28.446+0000] {processor.py:153} INFO - Started process (PID=1838) to work on /home/airflow/.local/lib/python3.7/site-packages/airflow/example_dags/example_branch_day_of_week_operator.py
[2023-04-29T22:41:28.448+0000] {processor.py:743} INFO - Processing file /home/airflow/.local/lib/python3.7/site-packages/airflow/example_dags/example_branch_day_of_week_operator.py for tasks to queue
[2023-04-29T22:41:28.450+0000] {logging_mixin.py:137} INFO - [2023-04-29T22:41:28.450+0000] {dagbag.py:532} INFO - Filling up the DagBag from /home/airflow/.local/lib/python3.7/site-packages/airflow/example_dags/example_branch_day_of_week_operator.py
[2023-04-29T22:41:28.468+0000] {processor.py:753} INFO - DAG(s) dict_keys(['example_weekday_branch_operator']) retrieved from /home/airflow/.local/lib/python3.7/site-packages/airflow/example_dags/example_branch_day_of_week_operator.py
[2023-04-29T22:41:28.492+0000] {logging_mixin.py:137} INFO - [2023-04-29T22:41:28.492+0000] {dag.py:2693} INFO - Sync 1 DAGs
[2023-04-29T22:41:28.508+0000] {logging_mixin.py:137} INFO - [2023-04-29T22:41:28.508+0000] {dag.py:3444} INFO - Setting next_dagrun for example_weekday_branch_operator to 2023-04-28T00:00:00+00:00, run_after=2023-04-29T00:00:00+00:00
[2023-04-29T22:41:28.520+0000] {processor.py:175} INFO - Processing /home/airflow/.local/lib/python3.7/site-packages/airflow/example_dags/example_branch_day_of_week_operator.py took 0.081 seconds
[2023-04-29T22:41:58.848+0000] {processor.py:153} INFO - Started process (PID=1889) to work on /home/airflow/.local/lib/python3.7/site-packages/airflow/example_dags/example_branch_day_of_week_operator.py
[2023-04-29T22:41:58.851+0000] {processor.py:743} INFO - Processing file /home/airflow/.local/lib/python3.7/site-packages/airflow/example_dags/example_branch_day_of_week_operator.py for tasks to queue
[2023-04-29T22:41:58.853+0000] {logging_mixin.py:137} INFO - [2023-04-29T22:41:58.852+0000] {dagbag.py:532} INFO - Filling up the DagBag from /home/airflow/.local/lib/python3.7/site-packages/airflow/example_dags/example_branch_day_of_week_operator.py
[2023-04-29T22:41:58.872+0000] {processor.py:753} INFO - DAG(s) dict_keys(['example_weekday_branch_operator']) retrieved from /home/airflow/.local/lib/python3.7/site-packages/airflow/example_dags/example_branch_day_of_week_operator.py
[2023-04-29T22:41:58.895+0000] {logging_mixin.py:137} INFO - [2023-04-29T22:41:58.895+0000] {dag.py:2693} INFO - Sync 1 DAGs
[2023-04-29T22:41:58.911+0000] {logging_mixin.py:137} INFO - [2023-04-29T22:41:58.911+0000] {dag.py:3444} INFO - Setting next_dagrun for example_weekday_branch_operator to 2023-04-28T00:00:00+00:00, run_after=2023-04-29T00:00:00+00:00
[2023-04-29T22:41:58.924+0000] {processor.py:175} INFO - Processing /home/airflow/.local/lib/python3.7/site-packages/airflow/example_dags/example_branch_day_of_week_operator.py took 0.083 seconds
[2023-04-29T22:42:29.542+0000] {processor.py:153} INFO - Started process (PID=1940) to work on /home/airflow/.local/lib/python3.7/site-packages/airflow/example_dags/example_branch_day_of_week_operator.py
[2023-04-29T22:42:29.546+0000] {processor.py:743} INFO - Processing file /home/airflow/.local/lib/python3.7/site-packages/airflow/example_dags/example_branch_day_of_week_operator.py for tasks to queue
[2023-04-29T22:42:29.549+0000] {logging_mixin.py:137} INFO - [2023-04-29T22:42:29.549+0000] {dagbag.py:532} INFO - Filling up the DagBag from /home/airflow/.local/lib/python3.7/site-packages/airflow/example_dags/example_branch_day_of_week_operator.py
[2023-04-29T22:42:29.576+0000] {processor.py:753} INFO - DAG(s) dict_keys(['example_weekday_branch_operator']) retrieved from /home/airflow/.local/lib/python3.7/site-packages/airflow/example_dags/example_branch_day_of_week_operator.py
[2023-04-29T22:42:29.612+0000] {logging_mixin.py:137} INFO - [2023-04-29T22:42:29.612+0000] {dag.py:2693} INFO - Sync 1 DAGs
[2023-04-29T22:42:29.635+0000] {logging_mixin.py:137} INFO - [2023-04-29T22:42:29.635+0000] {dag.py:3444} INFO - Setting next_dagrun for example_weekday_branch_operator to 2023-04-28T00:00:00+00:00, run_after=2023-04-29T00:00:00+00:00
[2023-04-29T22:42:29.648+0000] {processor.py:175} INFO - Processing /home/airflow/.local/lib/python3.7/site-packages/airflow/example_dags/example_branch_day_of_week_operator.py took 0.120 seconds
[2023-04-29T22:43:00.236+0000] {processor.py:153} INFO - Started process (PID=1991) to work on /home/airflow/.local/lib/python3.7/site-packages/airflow/example_dags/example_branch_day_of_week_operator.py
[2023-04-29T22:43:00.237+0000] {processor.py:743} INFO - Processing file /home/airflow/.local/lib/python3.7/site-packages/airflow/example_dags/example_branch_day_of_week_operator.py for tasks to queue
[2023-04-29T22:43:00.239+0000] {logging_mixin.py:137} INFO - [2023-04-29T22:43:00.238+0000] {dagbag.py:532} INFO - Filling up the DagBag from /home/airflow/.local/lib/python3.7/site-packages/airflow/example_dags/example_branch_day_of_week_operator.py
[2023-04-29T22:43:00.256+0000] {processor.py:753} INFO - DAG(s) dict_keys(['example_weekday_branch_operator']) retrieved from /home/airflow/.local/lib/python3.7/site-packages/airflow/example_dags/example_branch_day_of_week_operator.py
[2023-04-29T22:43:00.280+0000] {logging_mixin.py:137} INFO - [2023-04-29T22:43:00.280+0000] {dag.py:2693} INFO - Sync 1 DAGs
[2023-04-29T22:43:00.296+0000] {logging_mixin.py:137} INFO - [2023-04-29T22:43:00.296+0000] {dag.py:3444} INFO - Setting next_dagrun for example_weekday_branch_operator to 2023-04-28T00:00:00+00:00, run_after=2023-04-29T00:00:00+00:00
[2023-04-29T22:43:00.307+0000] {processor.py:175} INFO - Processing /home/airflow/.local/lib/python3.7/site-packages/airflow/example_dags/example_branch_day_of_week_operator.py took 0.078 seconds
[2023-04-29T22:43:30.951+0000] {processor.py:153} INFO - Started process (PID=2042) to work on /home/airflow/.local/lib/python3.7/site-packages/airflow/example_dags/example_branch_day_of_week_operator.py
[2023-04-29T22:43:30.954+0000] {processor.py:743} INFO - Processing file /home/airflow/.local/lib/python3.7/site-packages/airflow/example_dags/example_branch_day_of_week_operator.py for tasks to queue
[2023-04-29T22:43:30.956+0000] {logging_mixin.py:137} INFO - [2023-04-29T22:43:30.955+0000] {dagbag.py:532} INFO - Filling up the DagBag from /home/airflow/.local/lib/python3.7/site-packages/airflow/example_dags/example_branch_day_of_week_operator.py
[2023-04-29T22:43:30.974+0000] {processor.py:753} INFO - DAG(s) dict_keys(['example_weekday_branch_operator']) retrieved from /home/airflow/.local/lib/python3.7/site-packages/airflow/example_dags/example_branch_day_of_week_operator.py
[2023-04-29T22:43:31.001+0000] {logging_mixin.py:137} INFO - [2023-04-29T22:43:31.001+0000] {dag.py:2693} INFO - Sync 1 DAGs
[2023-04-29T22:43:31.020+0000] {logging_mixin.py:137} INFO - [2023-04-29T22:43:31.020+0000] {dag.py:3444} INFO - Setting next_dagrun for example_weekday_branch_operator to 2023-04-28T00:00:00+00:00, run_after=2023-04-29T00:00:00+00:00
[2023-04-29T22:43:31.032+0000] {processor.py:175} INFO - Processing /home/airflow/.local/lib/python3.7/site-packages/airflow/example_dags/example_branch_day_of_week_operator.py took 0.085 seconds
[2023-04-29T22:44:01.601+0000] {processor.py:153} INFO - Started process (PID=2093) to work on /home/airflow/.local/lib/python3.7/site-packages/airflow/example_dags/example_branch_day_of_week_operator.py
[2023-04-29T22:44:01.603+0000] {processor.py:743} INFO - Processing file /home/airflow/.local/lib/python3.7/site-packages/airflow/example_dags/example_branch_day_of_week_operator.py for tasks to queue
[2023-04-29T22:44:01.604+0000] {logging_mixin.py:137} INFO - [2023-04-29T22:44:01.604+0000] {dagbag.py:532} INFO - Filling up the DagBag from /home/airflow/.local/lib/python3.7/site-packages/airflow/example_dags/example_branch_day_of_week_operator.py
[2023-04-29T22:44:01.618+0000] {processor.py:753} INFO - DAG(s) dict_keys(['example_weekday_branch_operator']) retrieved from /home/airflow/.local/lib/python3.7/site-packages/airflow/example_dags/example_branch_day_of_week_operator.py
[2023-04-29T22:44:01.651+0000] {logging_mixin.py:137} INFO - [2023-04-29T22:44:01.650+0000] {dag.py:2693} INFO - Sync 1 DAGs
[2023-04-29T22:44:01.671+0000] {logging_mixin.py:137} INFO - [2023-04-29T22:44:01.671+0000] {dag.py:3444} INFO - Setting next_dagrun for example_weekday_branch_operator to 2023-04-28T00:00:00+00:00, run_after=2023-04-29T00:00:00+00:00
[2023-04-29T22:44:01.685+0000] {processor.py:175} INFO - Processing /home/airflow/.local/lib/python3.7/site-packages/airflow/example_dags/example_branch_day_of_week_operator.py took 0.087 seconds
[2023-04-29T22:44:32.228+0000] {processor.py:153} INFO - Started process (PID=2144) to work on /home/airflow/.local/lib/python3.7/site-packages/airflow/example_dags/example_branch_day_of_week_operator.py
[2023-04-29T22:44:32.231+0000] {processor.py:743} INFO - Processing file /home/airflow/.local/lib/python3.7/site-packages/airflow/example_dags/example_branch_day_of_week_operator.py for tasks to queue
[2023-04-29T22:44:32.235+0000] {logging_mixin.py:137} INFO - [2023-04-29T22:44:32.235+0000] {dagbag.py:532} INFO - Filling up the DagBag from /home/airflow/.local/lib/python3.7/site-packages/airflow/example_dags/example_branch_day_of_week_operator.py
[2023-04-29T22:44:32.270+0000] {processor.py:753} INFO - DAG(s) dict_keys(['example_weekday_branch_operator']) retrieved from /home/airflow/.local/lib/python3.7/site-packages/airflow/example_dags/example_branch_day_of_week_operator.py
[2023-04-29T22:44:32.315+0000] {logging_mixin.py:137} INFO - [2023-04-29T22:44:32.315+0000] {dag.py:2693} INFO - Sync 1 DAGs
[2023-04-29T22:44:32.346+0000] {logging_mixin.py:137} INFO - [2023-04-29T22:44:32.346+0000] {dag.py:3444} INFO - Setting next_dagrun for example_weekday_branch_operator to 2023-04-28T00:00:00+00:00, run_after=2023-04-29T00:00:00+00:00
[2023-04-29T22:44:32.362+0000] {processor.py:175} INFO - Processing /home/airflow/.local/lib/python3.7/site-packages/airflow/example_dags/example_branch_day_of_week_operator.py took 0.149 seconds
[2023-04-29T22:45:02.856+0000] {processor.py:153} INFO - Started process (PID=2195) to work on /home/airflow/.local/lib/python3.7/site-packages/airflow/example_dags/example_branch_day_of_week_operator.py
[2023-04-29T22:45:02.857+0000] {processor.py:743} INFO - Processing file /home/airflow/.local/lib/python3.7/site-packages/airflow/example_dags/example_branch_day_of_week_operator.py for tasks to queue
[2023-04-29T22:45:02.858+0000] {logging_mixin.py:137} INFO - [2023-04-29T22:45:02.858+0000] {dagbag.py:532} INFO - Filling up the DagBag from /home/airflow/.local/lib/python3.7/site-packages/airflow/example_dags/example_branch_day_of_week_operator.py
[2023-04-29T22:45:02.869+0000] {processor.py:753} INFO - DAG(s) dict_keys(['example_weekday_branch_operator']) retrieved from /home/airflow/.local/lib/python3.7/site-packages/airflow/example_dags/example_branch_day_of_week_operator.py
[2023-04-29T22:45:02.893+0000] {logging_mixin.py:137} INFO - [2023-04-29T22:45:02.893+0000] {dag.py:2693} INFO - Sync 1 DAGs
[2023-04-29T22:45:02.914+0000] {logging_mixin.py:137} INFO - [2023-04-29T22:45:02.914+0000] {dag.py:3444} INFO - Setting next_dagrun for example_weekday_branch_operator to 2023-04-28T00:00:00+00:00, run_after=2023-04-29T00:00:00+00:00
[2023-04-29T22:45:02.929+0000] {processor.py:175} INFO - Processing /home/airflow/.local/lib/python3.7/site-packages/airflow/example_dags/example_branch_day_of_week_operator.py took 0.076 seconds
[2023-04-29T22:45:33.525+0000] {processor.py:153} INFO - Started process (PID=2246) to work on /home/airflow/.local/lib/python3.7/site-packages/airflow/example_dags/example_branch_day_of_week_operator.py
[2023-04-29T22:45:33.528+0000] {processor.py:743} INFO - Processing file /home/airflow/.local/lib/python3.7/site-packages/airflow/example_dags/example_branch_day_of_week_operator.py for tasks to queue
[2023-04-29T22:45:33.530+0000] {logging_mixin.py:137} INFO - [2023-04-29T22:45:33.529+0000] {dagbag.py:532} INFO - Filling up the DagBag from /home/airflow/.local/lib/python3.7/site-packages/airflow/example_dags/example_branch_day_of_week_operator.py
[2023-04-29T22:45:33.549+0000] {processor.py:753} INFO - DAG(s) dict_keys(['example_weekday_branch_operator']) retrieved from /home/airflow/.local/lib/python3.7/site-packages/airflow/example_dags/example_branch_day_of_week_operator.py
[2023-04-29T22:45:33.574+0000] {logging_mixin.py:137} INFO - [2023-04-29T22:45:33.574+0000] {dag.py:2693} INFO - Sync 1 DAGs
[2023-04-29T22:45:33.590+0000] {logging_mixin.py:137} INFO - [2023-04-29T22:45:33.590+0000] {dag.py:3444} INFO - Setting next_dagrun for example_weekday_branch_operator to 2023-04-28T00:00:00+00:00, run_after=2023-04-29T00:00:00+00:00
[2023-04-29T22:45:33.602+0000] {processor.py:175} INFO - Processing /home/airflow/.local/lib/python3.7/site-packages/airflow/example_dags/example_branch_day_of_week_operator.py took 0.085 seconds
[2023-04-29T22:46:04.597+0000] {processor.py:153} INFO - Started process (PID=2297) to work on /home/airflow/.local/lib/python3.7/site-packages/airflow/example_dags/example_branch_day_of_week_operator.py
[2023-04-29T22:46:04.599+0000] {processor.py:743} INFO - Processing file /home/airflow/.local/lib/python3.7/site-packages/airflow/example_dags/example_branch_day_of_week_operator.py for tasks to queue
[2023-04-29T22:46:04.600+0000] {logging_mixin.py:137} INFO - [2023-04-29T22:46:04.600+0000] {dagbag.py:532} INFO - Filling up the DagBag from /home/airflow/.local/lib/python3.7/site-packages/airflow/example_dags/example_branch_day_of_week_operator.py
[2023-04-29T22:46:04.618+0000] {processor.py:753} INFO - DAG(s) dict_keys(['example_weekday_branch_operator']) retrieved from /home/airflow/.local/lib/python3.7/site-packages/airflow/example_dags/example_branch_day_of_week_operator.py
[2023-04-29T22:46:04.643+0000] {logging_mixin.py:137} INFO - [2023-04-29T22:46:04.643+0000] {dag.py:2693} INFO - Sync 1 DAGs
[2023-04-29T22:46:04.659+0000] {logging_mixin.py:137} INFO - [2023-04-29T22:46:04.659+0000] {dag.py:3444} INFO - Setting next_dagrun for example_weekday_branch_operator to 2023-04-28T00:00:00+00:00, run_after=2023-04-29T00:00:00+00:00
[2023-04-29T22:46:04.670+0000] {processor.py:175} INFO - Processing /home/airflow/.local/lib/python3.7/site-packages/airflow/example_dags/example_branch_day_of_week_operator.py took 0.079 seconds
