[2023-04-29T22:23:40.114+0000] {processor.py:153} INFO - Started process (PID=72) to work on /home/airflow/.local/lib/python3.7/site-packages/airflow/example_dags/example_short_circuit_decorator.py
[2023-04-29T22:23:40.116+0000] {processor.py:743} INFO - Processing file /home/airflow/.local/lib/python3.7/site-packages/airflow/example_dags/example_short_circuit_decorator.py for tasks to queue
[2023-04-29T22:23:40.117+0000] {logging_mixin.py:137} INFO - [2023-04-29T22:23:40.117+0000] {dagbag.py:532} INFO - Filling up the DagBag from /home/airflow/.local/lib/python3.7/site-packages/airflow/example_dags/example_short_circuit_decorator.py
[2023-04-29T22:23:40.137+0000] {processor.py:753} INFO - DAG(s) dict_keys(['example_short_circuit_decorator']) retrieved from /home/airflow/.local/lib/python3.7/site-packages/airflow/example_dags/example_short_circuit_decorator.py
[2023-04-29T22:23:40.152+0000] {logging_mixin.py:137} INFO - [2023-04-29T22:23:40.152+0000] {dag.py:2693} INFO - Sync 1 DAGs
[2023-04-29T22:23:40.172+0000] {logging_mixin.py:137} INFO - [2023-04-29T22:23:40.172+0000] {dag.py:3444} INFO - Setting next_dagrun for example_short_circuit_decorator to 2023-04-28T22:23:40.172259+00:00, run_after=2023-04-29T22:23:40.172259+00:00
[2023-04-29T22:23:40.185+0000] {processor.py:175} INFO - Processing /home/airflow/.local/lib/python3.7/site-packages/airflow/example_dags/example_short_circuit_decorator.py took 0.075 seconds
[2023-04-29T22:24:10.758+0000] {processor.py:153} INFO - Started process (PID=123) to work on /home/airflow/.local/lib/python3.7/site-packages/airflow/example_dags/example_short_circuit_decorator.py
[2023-04-29T22:24:10.759+0000] {processor.py:743} INFO - Processing file /home/airflow/.local/lib/python3.7/site-packages/airflow/example_dags/example_short_circuit_decorator.py for tasks to queue
[2023-04-29T22:24:10.760+0000] {logging_mixin.py:137} INFO - [2023-04-29T22:24:10.760+0000] {dagbag.py:532} INFO - Filling up the DagBag from /home/airflow/.local/lib/python3.7/site-packages/airflow/example_dags/example_short_circuit_decorator.py
[2023-04-29T22:24:10.777+0000] {processor.py:753} INFO - DAG(s) dict_keys(['example_short_circuit_decorator']) retrieved from /home/airflow/.local/lib/python3.7/site-packages/airflow/example_dags/example_short_circuit_decorator.py
[2023-04-29T22:24:10.797+0000] {logging_mixin.py:137} INFO - [2023-04-29T22:24:10.797+0000] {dag.py:2693} INFO - Sync 1 DAGs
[2023-04-29T22:24:10.813+0000] {logging_mixin.py:137} INFO - [2023-04-29T22:24:10.813+0000] {dag.py:3444} INFO - Setting next_dagrun for example_short_circuit_decorator to 2023-04-28T22:24:10.813353+00:00, run_after=2023-04-29T22:24:10.813353+00:00
[2023-04-29T22:24:10.825+0000] {processor.py:175} INFO - Processing /home/airflow/.local/lib/python3.7/site-packages/airflow/example_dags/example_short_circuit_decorator.py took 0.070 seconds
[2023-04-29T22:24:41.341+0000] {processor.py:153} INFO - Started process (PID=175) to work on /home/airflow/.local/lib/python3.7/site-packages/airflow/example_dags/example_short_circuit_decorator.py
[2023-04-29T22:24:41.343+0000] {processor.py:743} INFO - Processing file /home/airflow/.local/lib/python3.7/site-packages/airflow/example_dags/example_short_circuit_decorator.py for tasks to queue
[2023-04-29T22:24:41.344+0000] {logging_mixin.py:137} INFO - [2023-04-29T22:24:41.343+0000] {dagbag.py:532} INFO - Filling up the DagBag from /home/airflow/.local/lib/python3.7/site-packages/airflow/example_dags/example_short_circuit_decorator.py
[2023-04-29T22:24:41.361+0000] {processor.py:753} INFO - DAG(s) dict_keys(['example_short_circuit_decorator']) retrieved from /home/airflow/.local/lib/python3.7/site-packages/airflow/example_dags/example_short_circuit_decorator.py
[2023-04-29T22:24:41.382+0000] {logging_mixin.py:137} INFO - [2023-04-29T22:24:41.382+0000] {dag.py:2693} INFO - Sync 1 DAGs
[2023-04-29T22:24:41.398+0000] {logging_mixin.py:137} INFO - [2023-04-29T22:24:41.397+0000] {dag.py:3444} INFO - Setting next_dagrun for example_short_circuit_decorator to 2023-04-28T22:24:41.397713+00:00, run_after=2023-04-29T22:24:41.397713+00:00
[2023-04-29T22:24:41.410+0000] {processor.py:175} INFO - Processing /home/airflow/.local/lib/python3.7/site-packages/airflow/example_dags/example_short_circuit_decorator.py took 0.072 seconds
[2023-04-29T22:25:12.289+0000] {processor.py:153} INFO - Started process (PID=226) to work on /home/airflow/.local/lib/python3.7/site-packages/airflow/example_dags/example_short_circuit_decorator.py
[2023-04-29T22:25:12.290+0000] {processor.py:743} INFO - Processing file /home/airflow/.local/lib/python3.7/site-packages/airflow/example_dags/example_short_circuit_decorator.py for tasks to queue
[2023-04-29T22:25:12.291+0000] {logging_mixin.py:137} INFO - [2023-04-29T22:25:12.291+0000] {dagbag.py:532} INFO - Filling up the DagBag from /home/airflow/.local/lib/python3.7/site-packages/airflow/example_dags/example_short_circuit_decorator.py
[2023-04-29T22:25:12.312+0000] {processor.py:753} INFO - DAG(s) dict_keys(['example_short_circuit_decorator']) retrieved from /home/airflow/.local/lib/python3.7/site-packages/airflow/example_dags/example_short_circuit_decorator.py
[2023-04-29T22:25:12.334+0000] {logging_mixin.py:137} INFO - [2023-04-29T22:25:12.333+0000] {dag.py:2693} INFO - Sync 1 DAGs
[2023-04-29T22:25:12.350+0000] {logging_mixin.py:137} INFO - [2023-04-29T22:25:12.350+0000] {dag.py:3444} INFO - Setting next_dagrun for example_short_circuit_decorator to 2023-04-28T22:25:12.350310+00:00, run_after=2023-04-29T22:25:12.350310+00:00
[2023-04-29T22:25:12.362+0000] {processor.py:175} INFO - Processing /home/airflow/.local/lib/python3.7/site-packages/airflow/example_dags/example_short_circuit_decorator.py took 0.078 seconds
[2023-04-29T22:25:43.223+0000] {processor.py:153} INFO - Started process (PID=277) to work on /home/airflow/.local/lib/python3.7/site-packages/airflow/example_dags/example_short_circuit_decorator.py
[2023-04-29T22:25:43.224+0000] {processor.py:743} INFO - Processing file /home/airflow/.local/lib/python3.7/site-packages/airflow/example_dags/example_short_circuit_decorator.py for tasks to queue
[2023-04-29T22:25:43.225+0000] {logging_mixin.py:137} INFO - [2023-04-29T22:25:43.225+0000] {dagbag.py:532} INFO - Filling up the DagBag from /home/airflow/.local/lib/python3.7/site-packages/airflow/example_dags/example_short_circuit_decorator.py
[2023-04-29T22:25:43.243+0000] {processor.py:753} INFO - DAG(s) dict_keys(['example_short_circuit_decorator']) retrieved from /home/airflow/.local/lib/python3.7/site-packages/airflow/example_dags/example_short_circuit_decorator.py
[2023-04-29T22:25:43.268+0000] {logging_mixin.py:137} INFO - [2023-04-29T22:25:43.268+0000] {dag.py:2693} INFO - Sync 1 DAGs
[2023-04-29T22:25:43.284+0000] {logging_mixin.py:137} INFO - [2023-04-29T22:25:43.284+0000] {dag.py:3444} INFO - Setting next_dagrun for example_short_circuit_decorator to 2023-04-28T22:25:43.284438+00:00, run_after=2023-04-29T22:25:43.284438+00:00
[2023-04-29T22:25:43.298+0000] {processor.py:175} INFO - Processing /home/airflow/.local/lib/python3.7/site-packages/airflow/example_dags/example_short_circuit_decorator.py took 0.078 seconds
[2023-04-29T22:26:13.791+0000] {processor.py:153} INFO - Started process (PID=328) to work on /home/airflow/.local/lib/python3.7/site-packages/airflow/example_dags/example_short_circuit_decorator.py
[2023-04-29T22:26:13.792+0000] {processor.py:743} INFO - Processing file /home/airflow/.local/lib/python3.7/site-packages/airflow/example_dags/example_short_circuit_decorator.py for tasks to queue
[2023-04-29T22:26:13.793+0000] {logging_mixin.py:137} INFO - [2023-04-29T22:26:13.793+0000] {dagbag.py:532} INFO - Filling up the DagBag from /home/airflow/.local/lib/python3.7/site-packages/airflow/example_dags/example_short_circuit_decorator.py
[2023-04-29T22:26:13.811+0000] {processor.py:753} INFO - DAG(s) dict_keys(['example_short_circuit_decorator']) retrieved from /home/airflow/.local/lib/python3.7/site-packages/airflow/example_dags/example_short_circuit_decorator.py
[2023-04-29T22:26:13.831+0000] {logging_mixin.py:137} INFO - [2023-04-29T22:26:13.830+0000] {dag.py:2693} INFO - Sync 1 DAGs
[2023-04-29T22:26:13.848+0000] {logging_mixin.py:137} INFO - [2023-04-29T22:26:13.848+0000] {dag.py:3444} INFO - Setting next_dagrun for example_short_circuit_decorator to 2023-04-28T22:26:13.848036+00:00, run_after=2023-04-29T22:26:13.848036+00:00
[2023-04-29T22:26:13.859+0000] {processor.py:175} INFO - Processing /home/airflow/.local/lib/python3.7/site-packages/airflow/example_dags/example_short_circuit_decorator.py took 0.071 seconds
[2023-04-29T22:26:44.598+0000] {processor.py:153} INFO - Started process (PID=379) to work on /home/airflow/.local/lib/python3.7/site-packages/airflow/example_dags/example_short_circuit_decorator.py
[2023-04-29T22:26:44.599+0000] {processor.py:743} INFO - Processing file /home/airflow/.local/lib/python3.7/site-packages/airflow/example_dags/example_short_circuit_decorator.py for tasks to queue
[2023-04-29T22:26:44.600+0000] {logging_mixin.py:137} INFO - [2023-04-29T22:26:44.600+0000] {dagbag.py:532} INFO - Filling up the DagBag from /home/airflow/.local/lib/python3.7/site-packages/airflow/example_dags/example_short_circuit_decorator.py
[2023-04-29T22:26:44.616+0000] {processor.py:753} INFO - DAG(s) dict_keys(['example_short_circuit_decorator']) retrieved from /home/airflow/.local/lib/python3.7/site-packages/airflow/example_dags/example_short_circuit_decorator.py
[2023-04-29T22:26:44.636+0000] {logging_mixin.py:137} INFO - [2023-04-29T22:26:44.636+0000] {dag.py:2693} INFO - Sync 1 DAGs
[2023-04-29T22:26:44.656+0000] {logging_mixin.py:137} INFO - [2023-04-29T22:26:44.656+0000] {dag.py:3444} INFO - Setting next_dagrun for example_short_circuit_decorator to 2023-04-28T22:26:44.656495+00:00, run_after=2023-04-29T22:26:44.656495+00:00
[2023-04-29T22:26:44.669+0000] {processor.py:175} INFO - Processing /home/airflow/.local/lib/python3.7/site-packages/airflow/example_dags/example_short_circuit_decorator.py took 0.074 seconds
[2023-04-29T22:27:15.232+0000] {processor.py:153} INFO - Started process (PID=430) to work on /home/airflow/.local/lib/python3.7/site-packages/airflow/example_dags/example_short_circuit_decorator.py
[2023-04-29T22:27:15.234+0000] {processor.py:743} INFO - Processing file /home/airflow/.local/lib/python3.7/site-packages/airflow/example_dags/example_short_circuit_decorator.py for tasks to queue
[2023-04-29T22:27:15.234+0000] {logging_mixin.py:137} INFO - [2023-04-29T22:27:15.234+0000] {dagbag.py:532} INFO - Filling up the DagBag from /home/airflow/.local/lib/python3.7/site-packages/airflow/example_dags/example_short_circuit_decorator.py
[2023-04-29T22:27:15.251+0000] {processor.py:753} INFO - DAG(s) dict_keys(['example_short_circuit_decorator']) retrieved from /home/airflow/.local/lib/python3.7/site-packages/airflow/example_dags/example_short_circuit_decorator.py
[2023-04-29T22:27:15.273+0000] {logging_mixin.py:137} INFO - [2023-04-29T22:27:15.273+0000] {dag.py:2693} INFO - Sync 1 DAGs
[2023-04-29T22:27:15.289+0000] {logging_mixin.py:137} INFO - [2023-04-29T22:27:15.289+0000] {dag.py:3444} INFO - Setting next_dagrun for example_short_circuit_decorator to 2023-04-28T22:27:15.289001+00:00, run_after=2023-04-29T22:27:15.289001+00:00
[2023-04-29T22:27:15.302+0000] {processor.py:175} INFO - Processing /home/airflow/.local/lib/python3.7/site-packages/airflow/example_dags/example_short_circuit_decorator.py took 0.072 seconds
[2023-04-29T22:27:45.928+0000] {processor.py:153} INFO - Started process (PID=481) to work on /home/airflow/.local/lib/python3.7/site-packages/airflow/example_dags/example_short_circuit_decorator.py
[2023-04-29T22:27:45.929+0000] {processor.py:743} INFO - Processing file /home/airflow/.local/lib/python3.7/site-packages/airflow/example_dags/example_short_circuit_decorator.py for tasks to queue
[2023-04-29T22:27:45.930+0000] {logging_mixin.py:137} INFO - [2023-04-29T22:27:45.930+0000] {dagbag.py:532} INFO - Filling up the DagBag from /home/airflow/.local/lib/python3.7/site-packages/airflow/example_dags/example_short_circuit_decorator.py
[2023-04-29T22:27:45.946+0000] {processor.py:753} INFO - DAG(s) dict_keys(['example_short_circuit_decorator']) retrieved from /home/airflow/.local/lib/python3.7/site-packages/airflow/example_dags/example_short_circuit_decorator.py
[2023-04-29T22:27:45.968+0000] {logging_mixin.py:137} INFO - [2023-04-29T22:27:45.968+0000] {dag.py:2693} INFO - Sync 1 DAGs
[2023-04-29T22:27:45.983+0000] {logging_mixin.py:137} INFO - [2023-04-29T22:27:45.983+0000] {dag.py:3444} INFO - Setting next_dagrun for example_short_circuit_decorator to 2023-04-28T22:27:45.983471+00:00, run_after=2023-04-29T22:27:45.983471+00:00
[2023-04-29T22:27:45.995+0000] {processor.py:175} INFO - Processing /home/airflow/.local/lib/python3.7/site-packages/airflow/example_dags/example_short_circuit_decorator.py took 0.070 seconds
[2023-04-29T22:28:16.815+0000] {processor.py:153} INFO - Started process (PID=532) to work on /home/airflow/.local/lib/python3.7/site-packages/airflow/example_dags/example_short_circuit_decorator.py
[2023-04-29T22:28:16.816+0000] {processor.py:743} INFO - Processing file /home/airflow/.local/lib/python3.7/site-packages/airflow/example_dags/example_short_circuit_decorator.py for tasks to queue
[2023-04-29T22:28:16.817+0000] {logging_mixin.py:137} INFO - [2023-04-29T22:28:16.817+0000] {dagbag.py:532} INFO - Filling up the DagBag from /home/airflow/.local/lib/python3.7/site-packages/airflow/example_dags/example_short_circuit_decorator.py
[2023-04-29T22:28:16.834+0000] {processor.py:753} INFO - DAG(s) dict_keys(['example_short_circuit_decorator']) retrieved from /home/airflow/.local/lib/python3.7/site-packages/airflow/example_dags/example_short_circuit_decorator.py
[2023-04-29T22:28:16.854+0000] {logging_mixin.py:137} INFO - [2023-04-29T22:28:16.854+0000] {dag.py:2693} INFO - Sync 1 DAGs
[2023-04-29T22:28:16.870+0000] {logging_mixin.py:137} INFO - [2023-04-29T22:28:16.870+0000] {dag.py:3444} INFO - Setting next_dagrun for example_short_circuit_decorator to 2023-04-28T22:28:16.870238+00:00, run_after=2023-04-29T22:28:16.870238+00:00
[2023-04-29T22:28:16.882+0000] {processor.py:175} INFO - Processing /home/airflow/.local/lib/python3.7/site-packages/airflow/example_dags/example_short_circuit_decorator.py took 0.070 seconds
[2023-04-29T22:28:47.778+0000] {processor.py:153} INFO - Started process (PID=583) to work on /home/airflow/.local/lib/python3.7/site-packages/airflow/example_dags/example_short_circuit_decorator.py
[2023-04-29T22:28:47.780+0000] {processor.py:743} INFO - Processing file /home/airflow/.local/lib/python3.7/site-packages/airflow/example_dags/example_short_circuit_decorator.py for tasks to queue
[2023-04-29T22:28:47.780+0000] {logging_mixin.py:137} INFO - [2023-04-29T22:28:47.780+0000] {dagbag.py:532} INFO - Filling up the DagBag from /home/airflow/.local/lib/python3.7/site-packages/airflow/example_dags/example_short_circuit_decorator.py
[2023-04-29T22:28:47.796+0000] {processor.py:753} INFO - DAG(s) dict_keys(['example_short_circuit_decorator']) retrieved from /home/airflow/.local/lib/python3.7/site-packages/airflow/example_dags/example_short_circuit_decorator.py
[2023-04-29T22:28:47.817+0000] {logging_mixin.py:137} INFO - [2023-04-29T22:28:47.817+0000] {dag.py:2693} INFO - Sync 1 DAGs
[2023-04-29T22:28:47.833+0000] {logging_mixin.py:137} INFO - [2023-04-29T22:28:47.833+0000] {dag.py:3444} INFO - Setting next_dagrun for example_short_circuit_decorator to 2023-04-28T22:28:47.833024+00:00, run_after=2023-04-29T22:28:47.833024+00:00
[2023-04-29T22:28:47.844+0000] {processor.py:175} INFO - Processing /home/airflow/.local/lib/python3.7/site-packages/airflow/example_dags/example_short_circuit_decorator.py took 0.069 seconds
[2023-04-29T22:29:18.354+0000] {processor.py:153} INFO - Started process (PID=634) to work on /home/airflow/.local/lib/python3.7/site-packages/airflow/example_dags/example_short_circuit_decorator.py
[2023-04-29T22:29:18.355+0000] {processor.py:743} INFO - Processing file /home/airflow/.local/lib/python3.7/site-packages/airflow/example_dags/example_short_circuit_decorator.py for tasks to queue
[2023-04-29T22:29:18.356+0000] {logging_mixin.py:137} INFO - [2023-04-29T22:29:18.356+0000] {dagbag.py:532} INFO - Filling up the DagBag from /home/airflow/.local/lib/python3.7/site-packages/airflow/example_dags/example_short_circuit_decorator.py
[2023-04-29T22:29:18.373+0000] {processor.py:753} INFO - DAG(s) dict_keys(['example_short_circuit_decorator']) retrieved from /home/airflow/.local/lib/python3.7/site-packages/airflow/example_dags/example_short_circuit_decorator.py
[2023-04-29T22:29:18.393+0000] {logging_mixin.py:137} INFO - [2023-04-29T22:29:18.393+0000] {dag.py:2693} INFO - Sync 1 DAGs
[2023-04-29T22:29:18.410+0000] {logging_mixin.py:137} INFO - [2023-04-29T22:29:18.409+0000] {dag.py:3444} INFO - Setting next_dagrun for example_short_circuit_decorator to 2023-04-28T22:29:18.409750+00:00, run_after=2023-04-29T22:29:18.409750+00:00
[2023-04-29T22:29:18.421+0000] {processor.py:175} INFO - Processing /home/airflow/.local/lib/python3.7/site-packages/airflow/example_dags/example_short_circuit_decorator.py took 0.070 seconds
[2023-04-29T22:29:49.242+0000] {processor.py:153} INFO - Started process (PID=685) to work on /home/airflow/.local/lib/python3.7/site-packages/airflow/example_dags/example_short_circuit_decorator.py
[2023-04-29T22:29:49.243+0000] {processor.py:743} INFO - Processing file /home/airflow/.local/lib/python3.7/site-packages/airflow/example_dags/example_short_circuit_decorator.py for tasks to queue
[2023-04-29T22:29:49.244+0000] {logging_mixin.py:137} INFO - [2023-04-29T22:29:49.243+0000] {dagbag.py:532} INFO - Filling up the DagBag from /home/airflow/.local/lib/python3.7/site-packages/airflow/example_dags/example_short_circuit_decorator.py
[2023-04-29T22:29:49.263+0000] {processor.py:753} INFO - DAG(s) dict_keys(['example_short_circuit_decorator']) retrieved from /home/airflow/.local/lib/python3.7/site-packages/airflow/example_dags/example_short_circuit_decorator.py
[2023-04-29T22:29:49.284+0000] {logging_mixin.py:137} INFO - [2023-04-29T22:29:49.284+0000] {dag.py:2693} INFO - Sync 1 DAGs
[2023-04-29T22:29:49.301+0000] {logging_mixin.py:137} INFO - [2023-04-29T22:29:49.301+0000] {dag.py:3444} INFO - Setting next_dagrun for example_short_circuit_decorator to 2023-04-28T22:29:49.300986+00:00, run_after=2023-04-29T22:29:49.300986+00:00
[2023-04-29T22:29:49.313+0000] {processor.py:175} INFO - Processing /home/airflow/.local/lib/python3.7/site-packages/airflow/example_dags/example_short_circuit_decorator.py took 0.074 seconds
[2023-04-29T22:30:20.034+0000] {processor.py:153} INFO - Started process (PID=736) to work on /home/airflow/.local/lib/python3.7/site-packages/airflow/example_dags/example_short_circuit_decorator.py
[2023-04-29T22:30:20.036+0000] {processor.py:743} INFO - Processing file /home/airflow/.local/lib/python3.7/site-packages/airflow/example_dags/example_short_circuit_decorator.py for tasks to queue
[2023-04-29T22:30:20.037+0000] {logging_mixin.py:137} INFO - [2023-04-29T22:30:20.037+0000] {dagbag.py:532} INFO - Filling up the DagBag from /home/airflow/.local/lib/python3.7/site-packages/airflow/example_dags/example_short_circuit_decorator.py
[2023-04-29T22:30:20.058+0000] {processor.py:753} INFO - DAG(s) dict_keys(['example_short_circuit_decorator']) retrieved from /home/airflow/.local/lib/python3.7/site-packages/airflow/example_dags/example_short_circuit_decorator.py
[2023-04-29T22:30:20.083+0000] {logging_mixin.py:137} INFO - [2023-04-29T22:30:20.083+0000] {dag.py:2693} INFO - Sync 1 DAGs
[2023-04-29T22:30:20.099+0000] {logging_mixin.py:137} INFO - [2023-04-29T22:30:20.099+0000] {dag.py:3444} INFO - Setting next_dagrun for example_short_circuit_decorator to 2023-04-28T22:30:20.099088+00:00, run_after=2023-04-29T22:30:20.099088+00:00
[2023-04-29T22:30:20.112+0000] {processor.py:175} INFO - Processing /home/airflow/.local/lib/python3.7/site-packages/airflow/example_dags/example_short_circuit_decorator.py took 0.081 seconds
[2023-04-29T22:30:50.699+0000] {processor.py:153} INFO - Started process (PID=787) to work on /home/airflow/.local/lib/python3.7/site-packages/airflow/example_dags/example_short_circuit_decorator.py
[2023-04-29T22:30:50.700+0000] {processor.py:743} INFO - Processing file /home/airflow/.local/lib/python3.7/site-packages/airflow/example_dags/example_short_circuit_decorator.py for tasks to queue
[2023-04-29T22:30:50.702+0000] {logging_mixin.py:137} INFO - [2023-04-29T22:30:50.702+0000] {dagbag.py:532} INFO - Filling up the DagBag from /home/airflow/.local/lib/python3.7/site-packages/airflow/example_dags/example_short_circuit_decorator.py
[2023-04-29T22:30:50.720+0000] {processor.py:753} INFO - DAG(s) dict_keys(['example_short_circuit_decorator']) retrieved from /home/airflow/.local/lib/python3.7/site-packages/airflow/example_dags/example_short_circuit_decorator.py
[2023-04-29T22:30:50.745+0000] {logging_mixin.py:137} INFO - [2023-04-29T22:30:50.745+0000] {dag.py:2693} INFO - Sync 1 DAGs
[2023-04-29T22:30:50.763+0000] {logging_mixin.py:137} INFO - [2023-04-29T22:30:50.763+0000] {dag.py:3444} INFO - Setting next_dagrun for example_short_circuit_decorator to 2023-04-28T22:30:50.763312+00:00, run_after=2023-04-29T22:30:50.763312+00:00
[2023-04-29T22:30:50.775+0000] {processor.py:175} INFO - Processing /home/airflow/.local/lib/python3.7/site-packages/airflow/example_dags/example_short_circuit_decorator.py took 0.079 seconds
[2023-04-29T22:31:21.516+0000] {processor.py:153} INFO - Started process (PID=838) to work on /home/airflow/.local/lib/python3.7/site-packages/airflow/example_dags/example_short_circuit_decorator.py
[2023-04-29T22:31:21.518+0000] {processor.py:743} INFO - Processing file /home/airflow/.local/lib/python3.7/site-packages/airflow/example_dags/example_short_circuit_decorator.py for tasks to queue
[2023-04-29T22:31:21.519+0000] {logging_mixin.py:137} INFO - [2023-04-29T22:31:21.519+0000] {dagbag.py:532} INFO - Filling up the DagBag from /home/airflow/.local/lib/python3.7/site-packages/airflow/example_dags/example_short_circuit_decorator.py
[2023-04-29T22:31:21.544+0000] {processor.py:753} INFO - DAG(s) dict_keys(['example_short_circuit_decorator']) retrieved from /home/airflow/.local/lib/python3.7/site-packages/airflow/example_dags/example_short_circuit_decorator.py
[2023-04-29T22:31:21.576+0000] {logging_mixin.py:137} INFO - [2023-04-29T22:31:21.576+0000] {dag.py:2693} INFO - Sync 1 DAGs
[2023-04-29T22:31:21.600+0000] {logging_mixin.py:137} INFO - [2023-04-29T22:31:21.600+0000] {dag.py:3444} INFO - Setting next_dagrun for example_short_circuit_decorator to 2023-04-28T22:31:21.599950+00:00, run_after=2023-04-29T22:31:21.599950+00:00
[2023-04-29T22:31:21.633+0000] {processor.py:175} INFO - Processing /home/airflow/.local/lib/python3.7/site-packages/airflow/example_dags/example_short_circuit_decorator.py took 0.122 seconds
[2023-04-29T22:31:52.151+0000] {processor.py:153} INFO - Started process (PID=888) to work on /home/airflow/.local/lib/python3.7/site-packages/airflow/example_dags/example_short_circuit_decorator.py
[2023-04-29T22:31:52.153+0000] {processor.py:743} INFO - Processing file /home/airflow/.local/lib/python3.7/site-packages/airflow/example_dags/example_short_circuit_decorator.py for tasks to queue
[2023-04-29T22:31:52.154+0000] {logging_mixin.py:137} INFO - [2023-04-29T22:31:52.154+0000] {dagbag.py:532} INFO - Filling up the DagBag from /home/airflow/.local/lib/python3.7/site-packages/airflow/example_dags/example_short_circuit_decorator.py
[2023-04-29T22:31:52.172+0000] {processor.py:753} INFO - DAG(s) dict_keys(['example_short_circuit_decorator']) retrieved from /home/airflow/.local/lib/python3.7/site-packages/airflow/example_dags/example_short_circuit_decorator.py
[2023-04-29T22:31:52.196+0000] {logging_mixin.py:137} INFO - [2023-04-29T22:31:52.196+0000] {dag.py:2693} INFO - Sync 1 DAGs
[2023-04-29T22:31:52.221+0000] {logging_mixin.py:137} INFO - [2023-04-29T22:31:52.221+0000] {dag.py:3444} INFO - Setting next_dagrun for example_short_circuit_decorator to 2023-04-28T22:31:52.221459+00:00, run_after=2023-04-29T22:31:52.221459+00:00
[2023-04-29T22:31:52.234+0000] {processor.py:175} INFO - Processing /home/airflow/.local/lib/python3.7/site-packages/airflow/example_dags/example_short_circuit_decorator.py took 0.085 seconds
[2023-04-29T22:32:22.778+0000] {processor.py:153} INFO - Started process (PID=940) to work on /home/airflow/.local/lib/python3.7/site-packages/airflow/example_dags/example_short_circuit_decorator.py
[2023-04-29T22:32:22.780+0000] {processor.py:743} INFO - Processing file /home/airflow/.local/lib/python3.7/site-packages/airflow/example_dags/example_short_circuit_decorator.py for tasks to queue
[2023-04-29T22:32:22.780+0000] {logging_mixin.py:137} INFO - [2023-04-29T22:32:22.780+0000] {dagbag.py:532} INFO - Filling up the DagBag from /home/airflow/.local/lib/python3.7/site-packages/airflow/example_dags/example_short_circuit_decorator.py
[2023-04-29T22:32:22.797+0000] {processor.py:753} INFO - DAG(s) dict_keys(['example_short_circuit_decorator']) retrieved from /home/airflow/.local/lib/python3.7/site-packages/airflow/example_dags/example_short_circuit_decorator.py
[2023-04-29T22:32:22.817+0000] {logging_mixin.py:137} INFO - [2023-04-29T22:32:22.817+0000] {dag.py:2693} INFO - Sync 1 DAGs
[2023-04-29T22:32:22.832+0000] {logging_mixin.py:137} INFO - [2023-04-29T22:32:22.832+0000] {dag.py:3444} INFO - Setting next_dagrun for example_short_circuit_decorator to 2023-04-28T22:32:22.832389+00:00, run_after=2023-04-29T22:32:22.832389+00:00
[2023-04-29T22:32:22.844+0000] {processor.py:175} INFO - Processing /home/airflow/.local/lib/python3.7/site-packages/airflow/example_dags/example_short_circuit_decorator.py took 0.069 seconds
[2023-04-29T22:32:53.478+0000] {processor.py:153} INFO - Started process (PID=992) to work on /home/airflow/.local/lib/python3.7/site-packages/airflow/example_dags/example_short_circuit_decorator.py
[2023-04-29T22:32:53.479+0000] {processor.py:743} INFO - Processing file /home/airflow/.local/lib/python3.7/site-packages/airflow/example_dags/example_short_circuit_decorator.py for tasks to queue
[2023-04-29T22:32:53.480+0000] {logging_mixin.py:137} INFO - [2023-04-29T22:32:53.480+0000] {dagbag.py:532} INFO - Filling up the DagBag from /home/airflow/.local/lib/python3.7/site-packages/airflow/example_dags/example_short_circuit_decorator.py
[2023-04-29T22:32:53.496+0000] {processor.py:753} INFO - DAG(s) dict_keys(['example_short_circuit_decorator']) retrieved from /home/airflow/.local/lib/python3.7/site-packages/airflow/example_dags/example_short_circuit_decorator.py
[2023-04-29T22:32:53.523+0000] {logging_mixin.py:137} INFO - [2023-04-29T22:32:53.523+0000] {dag.py:2693} INFO - Sync 1 DAGs
[2023-04-29T22:32:53.538+0000] {logging_mixin.py:137} INFO - [2023-04-29T22:32:53.538+0000] {dag.py:3444} INFO - Setting next_dagrun for example_short_circuit_decorator to 2023-04-28T22:32:53.538375+00:00, run_after=2023-04-29T22:32:53.538375+00:00
[2023-04-29T22:32:53.550+0000] {processor.py:175} INFO - Processing /home/airflow/.local/lib/python3.7/site-packages/airflow/example_dags/example_short_circuit_decorator.py took 0.074 seconds
[2023-04-29T22:33:24.025+0000] {processor.py:153} INFO - Started process (PID=1043) to work on /home/airflow/.local/lib/python3.7/site-packages/airflow/example_dags/example_short_circuit_decorator.py
[2023-04-29T22:33:24.026+0000] {processor.py:743} INFO - Processing file /home/airflow/.local/lib/python3.7/site-packages/airflow/example_dags/example_short_circuit_decorator.py for tasks to queue
[2023-04-29T22:33:24.027+0000] {logging_mixin.py:137} INFO - [2023-04-29T22:33:24.027+0000] {dagbag.py:532} INFO - Filling up the DagBag from /home/airflow/.local/lib/python3.7/site-packages/airflow/example_dags/example_short_circuit_decorator.py
[2023-04-29T22:33:24.043+0000] {processor.py:753} INFO - DAG(s) dict_keys(['example_short_circuit_decorator']) retrieved from /home/airflow/.local/lib/python3.7/site-packages/airflow/example_dags/example_short_circuit_decorator.py
[2023-04-29T22:33:24.062+0000] {logging_mixin.py:137} INFO - [2023-04-29T22:33:24.062+0000] {dag.py:2693} INFO - Sync 1 DAGs
[2023-04-29T22:33:24.078+0000] {logging_mixin.py:137} INFO - [2023-04-29T22:33:24.078+0000] {dag.py:3444} INFO - Setting next_dagrun for example_short_circuit_decorator to 2023-04-28T22:33:24.078203+00:00, run_after=2023-04-29T22:33:24.078203+00:00
[2023-04-29T22:33:24.088+0000] {processor.py:175} INFO - Processing /home/airflow/.local/lib/python3.7/site-packages/airflow/example_dags/example_short_circuit_decorator.py took 0.066 seconds
[2023-04-29T22:33:54.577+0000] {processor.py:153} INFO - Started process (PID=1094) to work on /home/airflow/.local/lib/python3.7/site-packages/airflow/example_dags/example_short_circuit_decorator.py
[2023-04-29T22:33:54.578+0000] {processor.py:743} INFO - Processing file /home/airflow/.local/lib/python3.7/site-packages/airflow/example_dags/example_short_circuit_decorator.py for tasks to queue
[2023-04-29T22:33:54.579+0000] {logging_mixin.py:137} INFO - [2023-04-29T22:33:54.579+0000] {dagbag.py:532} INFO - Filling up the DagBag from /home/airflow/.local/lib/python3.7/site-packages/airflow/example_dags/example_short_circuit_decorator.py
[2023-04-29T22:33:54.595+0000] {processor.py:753} INFO - DAG(s) dict_keys(['example_short_circuit_decorator']) retrieved from /home/airflow/.local/lib/python3.7/site-packages/airflow/example_dags/example_short_circuit_decorator.py
[2023-04-29T22:33:54.615+0000] {logging_mixin.py:137} INFO - [2023-04-29T22:33:54.615+0000] {dag.py:2693} INFO - Sync 1 DAGs
[2023-04-29T22:33:54.630+0000] {logging_mixin.py:137} INFO - [2023-04-29T22:33:54.630+0000] {dag.py:3444} INFO - Setting next_dagrun for example_short_circuit_decorator to 2023-04-28T22:33:54.630628+00:00, run_after=2023-04-29T22:33:54.630628+00:00
[2023-04-29T22:33:54.642+0000] {processor.py:175} INFO - Processing /home/airflow/.local/lib/python3.7/site-packages/airflow/example_dags/example_short_circuit_decorator.py took 0.068 seconds
[2023-04-29T22:34:25.215+0000] {processor.py:153} INFO - Started process (PID=1145) to work on /home/airflow/.local/lib/python3.7/site-packages/airflow/example_dags/example_short_circuit_decorator.py
[2023-04-29T22:34:25.216+0000] {processor.py:743} INFO - Processing file /home/airflow/.local/lib/python3.7/site-packages/airflow/example_dags/example_short_circuit_decorator.py for tasks to queue
[2023-04-29T22:34:25.217+0000] {logging_mixin.py:137} INFO - [2023-04-29T22:34:25.217+0000] {dagbag.py:532} INFO - Filling up the DagBag from /home/airflow/.local/lib/python3.7/site-packages/airflow/example_dags/example_short_circuit_decorator.py
[2023-04-29T22:34:25.234+0000] {processor.py:753} INFO - DAG(s) dict_keys(['example_short_circuit_decorator']) retrieved from /home/airflow/.local/lib/python3.7/site-packages/airflow/example_dags/example_short_circuit_decorator.py
[2023-04-29T22:34:25.256+0000] {logging_mixin.py:137} INFO - [2023-04-29T22:34:25.255+0000] {dag.py:2693} INFO - Sync 1 DAGs
[2023-04-29T22:34:25.271+0000] {logging_mixin.py:137} INFO - [2023-04-29T22:34:25.271+0000] {dag.py:3444} INFO - Setting next_dagrun for example_short_circuit_decorator to 2023-04-28T22:34:25.271574+00:00, run_after=2023-04-29T22:34:25.271574+00:00
[2023-04-29T22:34:25.283+0000] {processor.py:175} INFO - Processing /home/airflow/.local/lib/python3.7/site-packages/airflow/example_dags/example_short_circuit_decorator.py took 0.071 seconds
[2023-04-29T22:34:55.777+0000] {processor.py:153} INFO - Started process (PID=1196) to work on /home/airflow/.local/lib/python3.7/site-packages/airflow/example_dags/example_short_circuit_decorator.py
[2023-04-29T22:34:55.778+0000] {processor.py:743} INFO - Processing file /home/airflow/.local/lib/python3.7/site-packages/airflow/example_dags/example_short_circuit_decorator.py for tasks to queue
[2023-04-29T22:34:55.778+0000] {logging_mixin.py:137} INFO - [2023-04-29T22:34:55.778+0000] {dagbag.py:532} INFO - Filling up the DagBag from /home/airflow/.local/lib/python3.7/site-packages/airflow/example_dags/example_short_circuit_decorator.py
[2023-04-29T22:34:55.795+0000] {processor.py:753} INFO - DAG(s) dict_keys(['example_short_circuit_decorator']) retrieved from /home/airflow/.local/lib/python3.7/site-packages/airflow/example_dags/example_short_circuit_decorator.py
[2023-04-29T22:34:55.815+0000] {logging_mixin.py:137} INFO - [2023-04-29T22:34:55.815+0000] {dag.py:2693} INFO - Sync 1 DAGs
[2023-04-29T22:34:55.831+0000] {logging_mixin.py:137} INFO - [2023-04-29T22:34:55.831+0000] {dag.py:3444} INFO - Setting next_dagrun for example_short_circuit_decorator to 2023-04-28T22:34:55.831547+00:00, run_after=2023-04-29T22:34:55.831547+00:00
[2023-04-29T22:34:55.842+0000] {processor.py:175} INFO - Processing /home/airflow/.local/lib/python3.7/site-packages/airflow/example_dags/example_short_circuit_decorator.py took 0.068 seconds
[2023-04-29T22:35:26.445+0000] {processor.py:153} INFO - Started process (PID=1254) to work on /home/airflow/.local/lib/python3.7/site-packages/airflow/example_dags/example_short_circuit_decorator.py
[2023-04-29T22:35:26.446+0000] {processor.py:743} INFO - Processing file /home/airflow/.local/lib/python3.7/site-packages/airflow/example_dags/example_short_circuit_decorator.py for tasks to queue
[2023-04-29T22:35:26.447+0000] {logging_mixin.py:137} INFO - [2023-04-29T22:35:26.447+0000] {dagbag.py:532} INFO - Filling up the DagBag from /home/airflow/.local/lib/python3.7/site-packages/airflow/example_dags/example_short_circuit_decorator.py
[2023-04-29T22:35:26.463+0000] {processor.py:753} INFO - DAG(s) dict_keys(['example_short_circuit_decorator']) retrieved from /home/airflow/.local/lib/python3.7/site-packages/airflow/example_dags/example_short_circuit_decorator.py
[2023-04-29T22:35:26.483+0000] {logging_mixin.py:137} INFO - [2023-04-29T22:35:26.483+0000] {dag.py:2693} INFO - Sync 1 DAGs
[2023-04-29T22:35:26.499+0000] {logging_mixin.py:137} INFO - [2023-04-29T22:35:26.499+0000] {dag.py:3444} INFO - Setting next_dagrun for example_short_circuit_decorator to 2023-04-28T22:35:26.499240+00:00, run_after=2023-04-29T22:35:26.499240+00:00
[2023-04-29T22:35:26.509+0000] {processor.py:175} INFO - Processing /home/airflow/.local/lib/python3.7/site-packages/airflow/example_dags/example_short_circuit_decorator.py took 0.067 seconds
[2023-04-29T22:35:57.165+0000] {processor.py:153} INFO - Started process (PID=1305) to work on /home/airflow/.local/lib/python3.7/site-packages/airflow/example_dags/example_short_circuit_decorator.py
[2023-04-29T22:35:57.166+0000] {processor.py:743} INFO - Processing file /home/airflow/.local/lib/python3.7/site-packages/airflow/example_dags/example_short_circuit_decorator.py for tasks to queue
[2023-04-29T22:35:57.167+0000] {logging_mixin.py:137} INFO - [2023-04-29T22:35:57.167+0000] {dagbag.py:532} INFO - Filling up the DagBag from /home/airflow/.local/lib/python3.7/site-packages/airflow/example_dags/example_short_circuit_decorator.py
[2023-04-29T22:35:57.182+0000] {processor.py:753} INFO - DAG(s) dict_keys(['example_short_circuit_decorator']) retrieved from /home/airflow/.local/lib/python3.7/site-packages/airflow/example_dags/example_short_circuit_decorator.py
[2023-04-29T22:35:57.203+0000] {logging_mixin.py:137} INFO - [2023-04-29T22:35:57.203+0000] {dag.py:2693} INFO - Sync 1 DAGs
[2023-04-29T22:35:57.218+0000] {logging_mixin.py:137} INFO - [2023-04-29T22:35:57.218+0000] {dag.py:3444} INFO - Setting next_dagrun for example_short_circuit_decorator to 2023-04-28T22:35:57.218530+00:00, run_after=2023-04-29T22:35:57.218530+00:00
[2023-04-29T22:35:57.230+0000] {processor.py:175} INFO - Processing /home/airflow/.local/lib/python3.7/site-packages/airflow/example_dags/example_short_circuit_decorator.py took 0.067 seconds
[2023-04-29T22:36:27.717+0000] {processor.py:153} INFO - Started process (PID=1355) to work on /home/airflow/.local/lib/python3.7/site-packages/airflow/example_dags/example_short_circuit_decorator.py
[2023-04-29T22:36:27.718+0000] {processor.py:743} INFO - Processing file /home/airflow/.local/lib/python3.7/site-packages/airflow/example_dags/example_short_circuit_decorator.py for tasks to queue
[2023-04-29T22:36:27.719+0000] {logging_mixin.py:137} INFO - [2023-04-29T22:36:27.719+0000] {dagbag.py:532} INFO - Filling up the DagBag from /home/airflow/.local/lib/python3.7/site-packages/airflow/example_dags/example_short_circuit_decorator.py
[2023-04-29T22:36:27.737+0000] {processor.py:753} INFO - DAG(s) dict_keys(['example_short_circuit_decorator']) retrieved from /home/airflow/.local/lib/python3.7/site-packages/airflow/example_dags/example_short_circuit_decorator.py
[2023-04-29T22:36:27.757+0000] {logging_mixin.py:137} INFO - [2023-04-29T22:36:27.757+0000] {dag.py:2693} INFO - Sync 1 DAGs
[2023-04-29T22:36:27.773+0000] {logging_mixin.py:137} INFO - [2023-04-29T22:36:27.773+0000] {dag.py:3444} INFO - Setting next_dagrun for example_short_circuit_decorator to 2023-04-28T22:36:27.773450+00:00, run_after=2023-04-29T22:36:27.773450+00:00
[2023-04-29T22:36:27.786+0000] {processor.py:175} INFO - Processing /home/airflow/.local/lib/python3.7/site-packages/airflow/example_dags/example_short_circuit_decorator.py took 0.072 seconds
[2023-04-29T22:36:58.311+0000] {processor.py:153} INFO - Started process (PID=1406) to work on /home/airflow/.local/lib/python3.7/site-packages/airflow/example_dags/example_short_circuit_decorator.py
[2023-04-29T22:36:58.312+0000] {processor.py:743} INFO - Processing file /home/airflow/.local/lib/python3.7/site-packages/airflow/example_dags/example_short_circuit_decorator.py for tasks to queue
[2023-04-29T22:36:58.312+0000] {logging_mixin.py:137} INFO - [2023-04-29T22:36:58.312+0000] {dagbag.py:532} INFO - Filling up the DagBag from /home/airflow/.local/lib/python3.7/site-packages/airflow/example_dags/example_short_circuit_decorator.py
[2023-04-29T22:36:58.329+0000] {processor.py:753} INFO - DAG(s) dict_keys(['example_short_circuit_decorator']) retrieved from /home/airflow/.local/lib/python3.7/site-packages/airflow/example_dags/example_short_circuit_decorator.py
[2023-04-29T22:36:58.349+0000] {logging_mixin.py:137} INFO - [2023-04-29T22:36:58.349+0000] {dag.py:2693} INFO - Sync 1 DAGs
[2023-04-29T22:36:58.365+0000] {logging_mixin.py:137} INFO - [2023-04-29T22:36:58.365+0000] {dag.py:3444} INFO - Setting next_dagrun for example_short_circuit_decorator to 2023-04-28T22:36:58.365470+00:00, run_after=2023-04-29T22:36:58.365470+00:00
[2023-04-29T22:36:58.377+0000] {processor.py:175} INFO - Processing /home/airflow/.local/lib/python3.7/site-packages/airflow/example_dags/example_short_circuit_decorator.py took 0.069 seconds
[2023-04-29T22:37:28.903+0000] {processor.py:153} INFO - Started process (PID=1457) to work on /home/airflow/.local/lib/python3.7/site-packages/airflow/example_dags/example_short_circuit_decorator.py
[2023-04-29T22:37:28.904+0000] {processor.py:743} INFO - Processing file /home/airflow/.local/lib/python3.7/site-packages/airflow/example_dags/example_short_circuit_decorator.py for tasks to queue
[2023-04-29T22:37:28.905+0000] {logging_mixin.py:137} INFO - [2023-04-29T22:37:28.905+0000] {dagbag.py:532} INFO - Filling up the DagBag from /home/airflow/.local/lib/python3.7/site-packages/airflow/example_dags/example_short_circuit_decorator.py
[2023-04-29T22:37:28.923+0000] {processor.py:753} INFO - DAG(s) dict_keys(['example_short_circuit_decorator']) retrieved from /home/airflow/.local/lib/python3.7/site-packages/airflow/example_dags/example_short_circuit_decorator.py
[2023-04-29T22:37:28.944+0000] {logging_mixin.py:137} INFO - [2023-04-29T22:37:28.944+0000] {dag.py:2693} INFO - Sync 1 DAGs
[2023-04-29T22:37:28.960+0000] {logging_mixin.py:137} INFO - [2023-04-29T22:37:28.960+0000] {dag.py:3444} INFO - Setting next_dagrun for example_short_circuit_decorator to 2023-04-28T22:37:28.960404+00:00, run_after=2023-04-29T22:37:28.960404+00:00
[2023-04-29T22:37:28.972+0000] {processor.py:175} INFO - Processing /home/airflow/.local/lib/python3.7/site-packages/airflow/example_dags/example_short_circuit_decorator.py took 0.072 seconds
[2023-04-29T22:37:59.453+0000] {processor.py:153} INFO - Started process (PID=1508) to work on /home/airflow/.local/lib/python3.7/site-packages/airflow/example_dags/example_short_circuit_decorator.py
[2023-04-29T22:37:59.455+0000] {processor.py:743} INFO - Processing file /home/airflow/.local/lib/python3.7/site-packages/airflow/example_dags/example_short_circuit_decorator.py for tasks to queue
[2023-04-29T22:37:59.455+0000] {logging_mixin.py:137} INFO - [2023-04-29T22:37:59.455+0000] {dagbag.py:532} INFO - Filling up the DagBag from /home/airflow/.local/lib/python3.7/site-packages/airflow/example_dags/example_short_circuit_decorator.py
[2023-04-29T22:37:59.473+0000] {processor.py:753} INFO - DAG(s) dict_keys(['example_short_circuit_decorator']) retrieved from /home/airflow/.local/lib/python3.7/site-packages/airflow/example_dags/example_short_circuit_decorator.py
[2023-04-29T22:37:59.494+0000] {logging_mixin.py:137} INFO - [2023-04-29T22:37:59.493+0000] {dag.py:2693} INFO - Sync 1 DAGs
[2023-04-29T22:37:59.511+0000] {logging_mixin.py:137} INFO - [2023-04-29T22:37:59.511+0000] {dag.py:3444} INFO - Setting next_dagrun for example_short_circuit_decorator to 2023-04-28T22:37:59.511218+00:00, run_after=2023-04-29T22:37:59.511218+00:00
[2023-04-29T22:37:59.523+0000] {processor.py:175} INFO - Processing /home/airflow/.local/lib/python3.7/site-packages/airflow/example_dags/example_short_circuit_decorator.py took 0.072 seconds
[2023-04-29T22:38:30.042+0000] {processor.py:153} INFO - Started process (PID=1559) to work on /home/airflow/.local/lib/python3.7/site-packages/airflow/example_dags/example_short_circuit_decorator.py
[2023-04-29T22:38:30.044+0000] {processor.py:743} INFO - Processing file /home/airflow/.local/lib/python3.7/site-packages/airflow/example_dags/example_short_circuit_decorator.py for tasks to queue
[2023-04-29T22:38:30.045+0000] {logging_mixin.py:137} INFO - [2023-04-29T22:38:30.044+0000] {dagbag.py:532} INFO - Filling up the DagBag from /home/airflow/.local/lib/python3.7/site-packages/airflow/example_dags/example_short_circuit_decorator.py
[2023-04-29T22:38:30.062+0000] {processor.py:753} INFO - DAG(s) dict_keys(['example_short_circuit_decorator']) retrieved from /home/airflow/.local/lib/python3.7/site-packages/airflow/example_dags/example_short_circuit_decorator.py
[2023-04-29T22:38:30.086+0000] {logging_mixin.py:137} INFO - [2023-04-29T22:38:30.086+0000] {dag.py:2693} INFO - Sync 1 DAGs
[2023-04-29T22:38:30.103+0000] {logging_mixin.py:137} INFO - [2023-04-29T22:38:30.103+0000] {dag.py:3444} INFO - Setting next_dagrun for example_short_circuit_decorator to 2023-04-28T22:38:30.102992+00:00, run_after=2023-04-29T22:38:30.102992+00:00
[2023-04-29T22:38:30.115+0000] {processor.py:175} INFO - Processing /home/airflow/.local/lib/python3.7/site-packages/airflow/example_dags/example_short_circuit_decorator.py took 0.076 seconds
[2023-04-29T22:39:00.765+0000] {processor.py:153} INFO - Started process (PID=1610) to work on /home/airflow/.local/lib/python3.7/site-packages/airflow/example_dags/example_short_circuit_decorator.py
[2023-04-29T22:39:00.766+0000] {processor.py:743} INFO - Processing file /home/airflow/.local/lib/python3.7/site-packages/airflow/example_dags/example_short_circuit_decorator.py for tasks to queue
[2023-04-29T22:39:00.767+0000] {logging_mixin.py:137} INFO - [2023-04-29T22:39:00.767+0000] {dagbag.py:532} INFO - Filling up the DagBag from /home/airflow/.local/lib/python3.7/site-packages/airflow/example_dags/example_short_circuit_decorator.py
[2023-04-29T22:39:00.783+0000] {processor.py:753} INFO - DAG(s) dict_keys(['example_short_circuit_decorator']) retrieved from /home/airflow/.local/lib/python3.7/site-packages/airflow/example_dags/example_short_circuit_decorator.py
[2023-04-29T22:39:00.804+0000] {logging_mixin.py:137} INFO - [2023-04-29T22:39:00.804+0000] {dag.py:2693} INFO - Sync 1 DAGs
[2023-04-29T22:39:00.826+0000] {logging_mixin.py:137} INFO - [2023-04-29T22:39:00.825+0000] {dag.py:3444} INFO - Setting next_dagrun for example_short_circuit_decorator to 2023-04-28T22:39:00.825619+00:00, run_after=2023-04-29T22:39:00.825619+00:00
[2023-04-29T22:39:00.839+0000] {processor.py:175} INFO - Processing /home/airflow/.local/lib/python3.7/site-packages/airflow/example_dags/example_short_circuit_decorator.py took 0.077 seconds
[2023-04-29T22:39:31.358+0000] {processor.py:153} INFO - Started process (PID=1662) to work on /home/airflow/.local/lib/python3.7/site-packages/airflow/example_dags/example_short_circuit_decorator.py
[2023-04-29T22:39:31.360+0000] {processor.py:743} INFO - Processing file /home/airflow/.local/lib/python3.7/site-packages/airflow/example_dags/example_short_circuit_decorator.py for tasks to queue
[2023-04-29T22:39:31.361+0000] {logging_mixin.py:137} INFO - [2023-04-29T22:39:31.360+0000] {dagbag.py:532} INFO - Filling up the DagBag from /home/airflow/.local/lib/python3.7/site-packages/airflow/example_dags/example_short_circuit_decorator.py
[2023-04-29T22:39:31.379+0000] {processor.py:753} INFO - DAG(s) dict_keys(['example_short_circuit_decorator']) retrieved from /home/airflow/.local/lib/python3.7/site-packages/airflow/example_dags/example_short_circuit_decorator.py
[2023-04-29T22:39:31.398+0000] {logging_mixin.py:137} INFO - [2023-04-29T22:39:31.398+0000] {dag.py:2693} INFO - Sync 1 DAGs
[2023-04-29T22:39:31.415+0000] {logging_mixin.py:137} INFO - [2023-04-29T22:39:31.415+0000] {dag.py:3444} INFO - Setting next_dagrun for example_short_circuit_decorator to 2023-04-28T22:39:31.414911+00:00, run_after=2023-04-29T22:39:31.414911+00:00
[2023-04-29T22:39:31.427+0000] {processor.py:175} INFO - Processing /home/airflow/.local/lib/python3.7/site-packages/airflow/example_dags/example_short_circuit_decorator.py took 0.071 seconds
[2023-04-29T22:40:02.010+0000] {processor.py:153} INFO - Started process (PID=1713) to work on /home/airflow/.local/lib/python3.7/site-packages/airflow/example_dags/example_short_circuit_decorator.py
[2023-04-29T22:40:02.012+0000] {processor.py:743} INFO - Processing file /home/airflow/.local/lib/python3.7/site-packages/airflow/example_dags/example_short_circuit_decorator.py for tasks to queue
[2023-04-29T22:40:02.012+0000] {logging_mixin.py:137} INFO - [2023-04-29T22:40:02.012+0000] {dagbag.py:532} INFO - Filling up the DagBag from /home/airflow/.local/lib/python3.7/site-packages/airflow/example_dags/example_short_circuit_decorator.py
[2023-04-29T22:40:02.029+0000] {processor.py:753} INFO - DAG(s) dict_keys(['example_short_circuit_decorator']) retrieved from /home/airflow/.local/lib/python3.7/site-packages/airflow/example_dags/example_short_circuit_decorator.py
[2023-04-29T22:40:02.050+0000] {logging_mixin.py:137} INFO - [2023-04-29T22:40:02.050+0000] {dag.py:2693} INFO - Sync 1 DAGs
[2023-04-29T22:40:02.066+0000] {logging_mixin.py:137} INFO - [2023-04-29T22:40:02.066+0000] {dag.py:3444} INFO - Setting next_dagrun for example_short_circuit_decorator to 2023-04-28T22:40:02.066411+00:00, run_after=2023-04-29T22:40:02.066411+00:00
[2023-04-29T22:40:02.078+0000] {processor.py:175} INFO - Processing /home/airflow/.local/lib/python3.7/site-packages/airflow/example_dags/example_short_circuit_decorator.py took 0.070 seconds
[2023-04-29T22:40:32.786+0000] {processor.py:153} INFO - Started process (PID=1764) to work on /home/airflow/.local/lib/python3.7/site-packages/airflow/example_dags/example_short_circuit_decorator.py
[2023-04-29T22:40:32.788+0000] {processor.py:743} INFO - Processing file /home/airflow/.local/lib/python3.7/site-packages/airflow/example_dags/example_short_circuit_decorator.py for tasks to queue
[2023-04-29T22:40:32.788+0000] {logging_mixin.py:137} INFO - [2023-04-29T22:40:32.788+0000] {dagbag.py:532} INFO - Filling up the DagBag from /home/airflow/.local/lib/python3.7/site-packages/airflow/example_dags/example_short_circuit_decorator.py
[2023-04-29T22:40:32.805+0000] {processor.py:753} INFO - DAG(s) dict_keys(['example_short_circuit_decorator']) retrieved from /home/airflow/.local/lib/python3.7/site-packages/airflow/example_dags/example_short_circuit_decorator.py
[2023-04-29T22:40:32.826+0000] {logging_mixin.py:137} INFO - [2023-04-29T22:40:32.826+0000] {dag.py:2693} INFO - Sync 1 DAGs
[2023-04-29T22:40:32.843+0000] {logging_mixin.py:137} INFO - [2023-04-29T22:40:32.842+0000] {dag.py:3444} INFO - Setting next_dagrun for example_short_circuit_decorator to 2023-04-28T22:40:32.842800+00:00, run_after=2023-04-29T22:40:32.842800+00:00
[2023-04-29T22:40:32.855+0000] {processor.py:175} INFO - Processing /home/airflow/.local/lib/python3.7/site-packages/airflow/example_dags/example_short_circuit_decorator.py took 0.071 seconds
[2023-04-29T22:41:03.466+0000] {processor.py:153} INFO - Started process (PID=1816) to work on /home/airflow/.local/lib/python3.7/site-packages/airflow/example_dags/example_short_circuit_decorator.py
[2023-04-29T22:41:03.467+0000] {processor.py:743} INFO - Processing file /home/airflow/.local/lib/python3.7/site-packages/airflow/example_dags/example_short_circuit_decorator.py for tasks to queue
[2023-04-29T22:41:03.468+0000] {logging_mixin.py:137} INFO - [2023-04-29T22:41:03.468+0000] {dagbag.py:532} INFO - Filling up the DagBag from /home/airflow/.local/lib/python3.7/site-packages/airflow/example_dags/example_short_circuit_decorator.py
[2023-04-29T22:41:03.486+0000] {processor.py:753} INFO - DAG(s) dict_keys(['example_short_circuit_decorator']) retrieved from /home/airflow/.local/lib/python3.7/site-packages/airflow/example_dags/example_short_circuit_decorator.py
[2023-04-29T22:41:03.509+0000] {logging_mixin.py:137} INFO - [2023-04-29T22:41:03.508+0000] {dag.py:2693} INFO - Sync 1 DAGs
[2023-04-29T22:41:03.524+0000] {logging_mixin.py:137} INFO - [2023-04-29T22:41:03.524+0000] {dag.py:3444} INFO - Setting next_dagrun for example_short_circuit_decorator to 2023-04-28T22:41:03.524448+00:00, run_after=2023-04-29T22:41:03.524448+00:00
[2023-04-29T22:41:03.537+0000] {processor.py:175} INFO - Processing /home/airflow/.local/lib/python3.7/site-packages/airflow/example_dags/example_short_circuit_decorator.py took 0.074 seconds
[2023-04-29T22:41:33.884+0000] {processor.py:153} INFO - Started process (PID=1867) to work on /home/airflow/.local/lib/python3.7/site-packages/airflow/example_dags/example_short_circuit_decorator.py
[2023-04-29T22:41:33.885+0000] {processor.py:743} INFO - Processing file /home/airflow/.local/lib/python3.7/site-packages/airflow/example_dags/example_short_circuit_decorator.py for tasks to queue
[2023-04-29T22:41:33.886+0000] {logging_mixin.py:137} INFO - [2023-04-29T22:41:33.886+0000] {dagbag.py:532} INFO - Filling up the DagBag from /home/airflow/.local/lib/python3.7/site-packages/airflow/example_dags/example_short_circuit_decorator.py
[2023-04-29T22:41:33.903+0000] {processor.py:753} INFO - DAG(s) dict_keys(['example_short_circuit_decorator']) retrieved from /home/airflow/.local/lib/python3.7/site-packages/airflow/example_dags/example_short_circuit_decorator.py
[2023-04-29T22:41:33.924+0000] {logging_mixin.py:137} INFO - [2023-04-29T22:41:33.924+0000] {dag.py:2693} INFO - Sync 1 DAGs
[2023-04-29T22:41:33.941+0000] {logging_mixin.py:137} INFO - [2023-04-29T22:41:33.941+0000] {dag.py:3444} INFO - Setting next_dagrun for example_short_circuit_decorator to 2023-04-28T22:41:33.940548+00:00, run_after=2023-04-29T22:41:33.940548+00:00
[2023-04-29T22:41:33.953+0000] {processor.py:175} INFO - Processing /home/airflow/.local/lib/python3.7/site-packages/airflow/example_dags/example_short_circuit_decorator.py took 0.071 seconds
[2023-04-29T22:42:04.426+0000] {processor.py:153} INFO - Started process (PID=1918) to work on /home/airflow/.local/lib/python3.7/site-packages/airflow/example_dags/example_short_circuit_decorator.py
[2023-04-29T22:42:04.427+0000] {processor.py:743} INFO - Processing file /home/airflow/.local/lib/python3.7/site-packages/airflow/example_dags/example_short_circuit_decorator.py for tasks to queue
[2023-04-29T22:42:04.428+0000] {logging_mixin.py:137} INFO - [2023-04-29T22:42:04.428+0000] {dagbag.py:532} INFO - Filling up the DagBag from /home/airflow/.local/lib/python3.7/site-packages/airflow/example_dags/example_short_circuit_decorator.py
[2023-04-29T22:42:04.445+0000] {processor.py:753} INFO - DAG(s) dict_keys(['example_short_circuit_decorator']) retrieved from /home/airflow/.local/lib/python3.7/site-packages/airflow/example_dags/example_short_circuit_decorator.py
[2023-04-29T22:42:04.465+0000] {logging_mixin.py:137} INFO - [2023-04-29T22:42:04.465+0000] {dag.py:2693} INFO - Sync 1 DAGs
[2023-04-29T22:42:04.483+0000] {logging_mixin.py:137} INFO - [2023-04-29T22:42:04.483+0000] {dag.py:3444} INFO - Setting next_dagrun for example_short_circuit_decorator to 2023-04-28T22:42:04.482915+00:00, run_after=2023-04-29T22:42:04.482915+00:00
[2023-04-29T22:42:04.495+0000] {processor.py:175} INFO - Processing /home/airflow/.local/lib/python3.7/site-packages/airflow/example_dags/example_short_circuit_decorator.py took 0.071 seconds
[2023-04-29T22:42:35.176+0000] {processor.py:153} INFO - Started process (PID=1969) to work on /home/airflow/.local/lib/python3.7/site-packages/airflow/example_dags/example_short_circuit_decorator.py
[2023-04-29T22:42:35.177+0000] {processor.py:743} INFO - Processing file /home/airflow/.local/lib/python3.7/site-packages/airflow/example_dags/example_short_circuit_decorator.py for tasks to queue
[2023-04-29T22:42:35.178+0000] {logging_mixin.py:137} INFO - [2023-04-29T22:42:35.178+0000] {dagbag.py:532} INFO - Filling up the DagBag from /home/airflow/.local/lib/python3.7/site-packages/airflow/example_dags/example_short_circuit_decorator.py
[2023-04-29T22:42:35.194+0000] {processor.py:753} INFO - DAG(s) dict_keys(['example_short_circuit_decorator']) retrieved from /home/airflow/.local/lib/python3.7/site-packages/airflow/example_dags/example_short_circuit_decorator.py
[2023-04-29T22:42:35.215+0000] {logging_mixin.py:137} INFO - [2023-04-29T22:42:35.215+0000] {dag.py:2693} INFO - Sync 1 DAGs
[2023-04-29T22:42:35.231+0000] {logging_mixin.py:137} INFO - [2023-04-29T22:42:35.231+0000] {dag.py:3444} INFO - Setting next_dagrun for example_short_circuit_decorator to 2023-04-28T22:42:35.231666+00:00, run_after=2023-04-29T22:42:35.231666+00:00
[2023-04-29T22:42:35.244+0000] {processor.py:175} INFO - Processing /home/airflow/.local/lib/python3.7/site-packages/airflow/example_dags/example_short_circuit_decorator.py took 0.070 seconds
[2023-04-29T22:43:05.857+0000] {processor.py:153} INFO - Started process (PID=2020) to work on /home/airflow/.local/lib/python3.7/site-packages/airflow/example_dags/example_short_circuit_decorator.py
[2023-04-29T22:43:05.858+0000] {processor.py:743} INFO - Processing file /home/airflow/.local/lib/python3.7/site-packages/airflow/example_dags/example_short_circuit_decorator.py for tasks to queue
[2023-04-29T22:43:05.859+0000] {logging_mixin.py:137} INFO - [2023-04-29T22:43:05.859+0000] {dagbag.py:532} INFO - Filling up the DagBag from /home/airflow/.local/lib/python3.7/site-packages/airflow/example_dags/example_short_circuit_decorator.py
[2023-04-29T22:43:05.875+0000] {processor.py:753} INFO - DAG(s) dict_keys(['example_short_circuit_decorator']) retrieved from /home/airflow/.local/lib/python3.7/site-packages/airflow/example_dags/example_short_circuit_decorator.py
[2023-04-29T22:43:05.896+0000] {logging_mixin.py:137} INFO - [2023-04-29T22:43:05.896+0000] {dag.py:2693} INFO - Sync 1 DAGs
[2023-04-29T22:43:05.914+0000] {logging_mixin.py:137} INFO - [2023-04-29T22:43:05.914+0000] {dag.py:3444} INFO - Setting next_dagrun for example_short_circuit_decorator to 2023-04-28T22:43:05.914069+00:00, run_after=2023-04-29T22:43:05.914069+00:00
[2023-04-29T22:43:05.926+0000] {processor.py:175} INFO - Processing /home/airflow/.local/lib/python3.7/site-packages/airflow/example_dags/example_short_circuit_decorator.py took 0.071 seconds
[2023-04-29T22:43:36.418+0000] {processor.py:153} INFO - Started process (PID=2071) to work on /home/airflow/.local/lib/python3.7/site-packages/airflow/example_dags/example_short_circuit_decorator.py
[2023-04-29T22:43:36.419+0000] {processor.py:743} INFO - Processing file /home/airflow/.local/lib/python3.7/site-packages/airflow/example_dags/example_short_circuit_decorator.py for tasks to queue
[2023-04-29T22:43:36.420+0000] {logging_mixin.py:137} INFO - [2023-04-29T22:43:36.420+0000] {dagbag.py:532} INFO - Filling up the DagBag from /home/airflow/.local/lib/python3.7/site-packages/airflow/example_dags/example_short_circuit_decorator.py
[2023-04-29T22:43:36.436+0000] {processor.py:753} INFO - DAG(s) dict_keys(['example_short_circuit_decorator']) retrieved from /home/airflow/.local/lib/python3.7/site-packages/airflow/example_dags/example_short_circuit_decorator.py
[2023-04-29T22:43:36.457+0000] {logging_mixin.py:137} INFO - [2023-04-29T22:43:36.457+0000] {dag.py:2693} INFO - Sync 1 DAGs
[2023-04-29T22:43:36.477+0000] {logging_mixin.py:137} INFO - [2023-04-29T22:43:36.477+0000] {dag.py:3444} INFO - Setting next_dagrun for example_short_circuit_decorator to 2023-04-28T22:43:36.477288+00:00, run_after=2023-04-29T22:43:36.477288+00:00
[2023-04-29T22:43:36.489+0000] {processor.py:175} INFO - Processing /home/airflow/.local/lib/python3.7/site-packages/airflow/example_dags/example_short_circuit_decorator.py took 0.074 seconds
[2023-04-29T22:44:07.270+0000] {processor.py:153} INFO - Started process (PID=2122) to work on /home/airflow/.local/lib/python3.7/site-packages/airflow/example_dags/example_short_circuit_decorator.py
[2023-04-29T22:44:07.271+0000] {processor.py:743} INFO - Processing file /home/airflow/.local/lib/python3.7/site-packages/airflow/example_dags/example_short_circuit_decorator.py for tasks to queue
[2023-04-29T22:44:07.271+0000] {logging_mixin.py:137} INFO - [2023-04-29T22:44:07.271+0000] {dagbag.py:532} INFO - Filling up the DagBag from /home/airflow/.local/lib/python3.7/site-packages/airflow/example_dags/example_short_circuit_decorator.py
[2023-04-29T22:44:07.289+0000] {processor.py:753} INFO - DAG(s) dict_keys(['example_short_circuit_decorator']) retrieved from /home/airflow/.local/lib/python3.7/site-packages/airflow/example_dags/example_short_circuit_decorator.py
[2023-04-29T22:44:07.309+0000] {logging_mixin.py:137} INFO - [2023-04-29T22:44:07.309+0000] {dag.py:2693} INFO - Sync 1 DAGs
[2023-04-29T22:44:07.324+0000] {logging_mixin.py:137} INFO - [2023-04-29T22:44:07.324+0000] {dag.py:3444} INFO - Setting next_dagrun for example_short_circuit_decorator to 2023-04-28T22:44:07.324378+00:00, run_after=2023-04-29T22:44:07.324378+00:00
[2023-04-29T22:44:07.337+0000] {processor.py:175} INFO - Processing /home/airflow/.local/lib/python3.7/site-packages/airflow/example_dags/example_short_circuit_decorator.py took 0.070 seconds
[2023-04-29T22:44:37.766+0000] {processor.py:153} INFO - Started process (PID=2173) to work on /home/airflow/.local/lib/python3.7/site-packages/airflow/example_dags/example_short_circuit_decorator.py
[2023-04-29T22:44:37.768+0000] {processor.py:743} INFO - Processing file /home/airflow/.local/lib/python3.7/site-packages/airflow/example_dags/example_short_circuit_decorator.py for tasks to queue
[2023-04-29T22:44:37.768+0000] {logging_mixin.py:137} INFO - [2023-04-29T22:44:37.768+0000] {dagbag.py:532} INFO - Filling up the DagBag from /home/airflow/.local/lib/python3.7/site-packages/airflow/example_dags/example_short_circuit_decorator.py
[2023-04-29T22:44:37.786+0000] {processor.py:753} INFO - DAG(s) dict_keys(['example_short_circuit_decorator']) retrieved from /home/airflow/.local/lib/python3.7/site-packages/airflow/example_dags/example_short_circuit_decorator.py
[2023-04-29T22:44:37.806+0000] {logging_mixin.py:137} INFO - [2023-04-29T22:44:37.806+0000] {dag.py:2693} INFO - Sync 1 DAGs
[2023-04-29T22:44:37.823+0000] {logging_mixin.py:137} INFO - [2023-04-29T22:44:37.823+0000] {dag.py:3444} INFO - Setting next_dagrun for example_short_circuit_decorator to 2023-04-28T22:44:37.822885+00:00, run_after=2023-04-29T22:44:37.822885+00:00
[2023-04-29T22:44:37.834+0000] {processor.py:175} INFO - Processing /home/airflow/.local/lib/python3.7/site-packages/airflow/example_dags/example_short_circuit_decorator.py took 0.070 seconds
[2023-04-29T22:45:08.442+0000] {processor.py:153} INFO - Started process (PID=2224) to work on /home/airflow/.local/lib/python3.7/site-packages/airflow/example_dags/example_short_circuit_decorator.py
[2023-04-29T22:45:08.443+0000] {processor.py:743} INFO - Processing file /home/airflow/.local/lib/python3.7/site-packages/airflow/example_dags/example_short_circuit_decorator.py for tasks to queue
[2023-04-29T22:45:08.443+0000] {logging_mixin.py:137} INFO - [2023-04-29T22:45:08.443+0000] {dagbag.py:532} INFO - Filling up the DagBag from /home/airflow/.local/lib/python3.7/site-packages/airflow/example_dags/example_short_circuit_decorator.py
[2023-04-29T22:45:08.459+0000] {processor.py:753} INFO - DAG(s) dict_keys(['example_short_circuit_decorator']) retrieved from /home/airflow/.local/lib/python3.7/site-packages/airflow/example_dags/example_short_circuit_decorator.py
[2023-04-29T22:45:08.480+0000] {logging_mixin.py:137} INFO - [2023-04-29T22:45:08.479+0000] {dag.py:2693} INFO - Sync 1 DAGs
[2023-04-29T22:45:08.497+0000] {logging_mixin.py:137} INFO - [2023-04-29T22:45:08.497+0000] {dag.py:3444} INFO - Setting next_dagrun for example_short_circuit_decorator to 2023-04-28T22:45:08.497075+00:00, run_after=2023-04-29T22:45:08.497075+00:00
[2023-04-29T22:45:08.509+0000] {processor.py:175} INFO - Processing /home/airflow/.local/lib/python3.7/site-packages/airflow/example_dags/example_short_circuit_decorator.py took 0.070 seconds
[2023-04-29T22:45:39.061+0000] {processor.py:153} INFO - Started process (PID=2275) to work on /home/airflow/.local/lib/python3.7/site-packages/airflow/example_dags/example_short_circuit_decorator.py
[2023-04-29T22:45:39.062+0000] {processor.py:743} INFO - Processing file /home/airflow/.local/lib/python3.7/site-packages/airflow/example_dags/example_short_circuit_decorator.py for tasks to queue
[2023-04-29T22:45:39.063+0000] {logging_mixin.py:137} INFO - [2023-04-29T22:45:39.063+0000] {dagbag.py:532} INFO - Filling up the DagBag from /home/airflow/.local/lib/python3.7/site-packages/airflow/example_dags/example_short_circuit_decorator.py
[2023-04-29T22:45:39.080+0000] {processor.py:753} INFO - DAG(s) dict_keys(['example_short_circuit_decorator']) retrieved from /home/airflow/.local/lib/python3.7/site-packages/airflow/example_dags/example_short_circuit_decorator.py
[2023-04-29T22:45:39.100+0000] {logging_mixin.py:137} INFO - [2023-04-29T22:45:39.100+0000] {dag.py:2693} INFO - Sync 1 DAGs
[2023-04-29T22:45:39.116+0000] {logging_mixin.py:137} INFO - [2023-04-29T22:45:39.116+0000] {dag.py:3444} INFO - Setting next_dagrun for example_short_circuit_decorator to 2023-04-28T22:45:39.116369+00:00, run_after=2023-04-29T22:45:39.116369+00:00
[2023-04-29T22:45:39.128+0000] {processor.py:175} INFO - Processing /home/airflow/.local/lib/python3.7/site-packages/airflow/example_dags/example_short_circuit_decorator.py took 0.069 seconds
[2023-04-29T22:46:09.878+0000] {processor.py:153} INFO - Started process (PID=2326) to work on /home/airflow/.local/lib/python3.7/site-packages/airflow/example_dags/example_short_circuit_decorator.py
[2023-04-29T22:46:09.880+0000] {processor.py:743} INFO - Processing file /home/airflow/.local/lib/python3.7/site-packages/airflow/example_dags/example_short_circuit_decorator.py for tasks to queue
[2023-04-29T22:46:09.881+0000] {logging_mixin.py:137} INFO - [2023-04-29T22:46:09.881+0000] {dagbag.py:532} INFO - Filling up the DagBag from /home/airflow/.local/lib/python3.7/site-packages/airflow/example_dags/example_short_circuit_decorator.py
[2023-04-29T22:46:09.901+0000] {processor.py:753} INFO - DAG(s) dict_keys(['example_short_circuit_decorator']) retrieved from /home/airflow/.local/lib/python3.7/site-packages/airflow/example_dags/example_short_circuit_decorator.py
[2023-04-29T22:46:09.925+0000] {logging_mixin.py:137} INFO - [2023-04-29T22:46:09.925+0000] {dag.py:2693} INFO - Sync 1 DAGs
[2023-04-29T22:46:09.945+0000] {logging_mixin.py:137} INFO - [2023-04-29T22:46:09.945+0000] {dag.py:3444} INFO - Setting next_dagrun for example_short_circuit_decorator to 2023-04-28T22:46:09.945064+00:00, run_after=2023-04-29T22:46:09.945064+00:00
[2023-04-29T22:46:09.970+0000] {processor.py:175} INFO - Processing /home/airflow/.local/lib/python3.7/site-packages/airflow/example_dags/example_short_circuit_decorator.py took 0.096 seconds
