[2023-04-29T22:23:32.768+0000] {processor.py:153} INFO - Started process (PID=38) to work on /home/airflow/.local/lib/python3.7/site-packages/airflow/example_dags/example_external_task_marker_dag.py
[2023-04-29T22:23:32.772+0000] {processor.py:743} INFO - Processing file /home/airflow/.local/lib/python3.7/site-packages/airflow/example_dags/example_external_task_marker_dag.py for tasks to queue
[2023-04-29T22:23:32.775+0000] {logging_mixin.py:137} INFO - [2023-04-29T22:23:32.775+0000] {dagbag.py:532} INFO - Filling up the DagBag from /home/airflow/.local/lib/python3.7/site-packages/airflow/example_dags/example_external_task_marker_dag.py
[2023-04-29T22:23:32.837+0000] {processor.py:753} INFO - DAG(s) dict_keys(['example_external_task_marker_parent', 'example_external_task_marker_child']) retrieved from /home/airflow/.local/lib/python3.7/site-packages/airflow/example_dags/example_external_task_marker_dag.py
[2023-04-29T22:23:32.902+0000] {logging_mixin.py:137} INFO - [2023-04-29T22:23:32.902+0000] {dag.py:2693} INFO - Sync 2 DAGs
[2023-04-29T22:23:33.020+0000] {logging_mixin.py:137} INFO - [2023-04-29T22:23:33.020+0000] {dag.py:3444} INFO - Setting next_dagrun for example_external_task_marker_child to None, run_after=None
[2023-04-29T22:23:33.025+0000] {logging_mixin.py:137} INFO - [2023-04-29T22:23:33.025+0000] {dag.py:3444} INFO - Setting next_dagrun for example_external_task_marker_parent to None, run_after=None
[2023-04-29T22:23:33.073+0000] {processor.py:175} INFO - Processing /home/airflow/.local/lib/python3.7/site-packages/airflow/example_dags/example_external_task_marker_dag.py took 0.321 seconds
[2023-04-29T22:24:03.917+0000] {processor.py:153} INFO - Started process (PID=89) to work on /home/airflow/.local/lib/python3.7/site-packages/airflow/example_dags/example_external_task_marker_dag.py
[2023-04-29T22:24:03.925+0000] {processor.py:743} INFO - Processing file /home/airflow/.local/lib/python3.7/site-packages/airflow/example_dags/example_external_task_marker_dag.py for tasks to queue
[2023-04-29T22:24:03.926+0000] {logging_mixin.py:137} INFO - [2023-04-29T22:24:03.926+0000] {dagbag.py:532} INFO - Filling up the DagBag from /home/airflow/.local/lib/python3.7/site-packages/airflow/example_dags/example_external_task_marker_dag.py
[2023-04-29T22:24:03.941+0000] {processor.py:753} INFO - DAG(s) dict_keys(['example_external_task_marker_child', 'example_external_task_marker_parent']) retrieved from /home/airflow/.local/lib/python3.7/site-packages/airflow/example_dags/example_external_task_marker_dag.py
[2023-04-29T22:24:03.994+0000] {logging_mixin.py:137} INFO - [2023-04-29T22:24:03.994+0000] {dag.py:2693} INFO - Sync 2 DAGs
[2023-04-29T22:24:04.010+0000] {logging_mixin.py:137} INFO - [2023-04-29T22:24:04.010+0000] {dag.py:3444} INFO - Setting next_dagrun for example_external_task_marker_child to None, run_after=None
[2023-04-29T22:24:04.013+0000] {logging_mixin.py:137} INFO - [2023-04-29T22:24:04.013+0000] {dag.py:3444} INFO - Setting next_dagrun for example_external_task_marker_parent to None, run_after=None
[2023-04-29T22:24:04.024+0000] {processor.py:175} INFO - Processing /home/airflow/.local/lib/python3.7/site-packages/airflow/example_dags/example_external_task_marker_dag.py took 0.116 seconds
[2023-04-29T22:24:34.610+0000] {processor.py:153} INFO - Started process (PID=141) to work on /home/airflow/.local/lib/python3.7/site-packages/airflow/example_dags/example_external_task_marker_dag.py
[2023-04-29T22:24:34.612+0000] {processor.py:743} INFO - Processing file /home/airflow/.local/lib/python3.7/site-packages/airflow/example_dags/example_external_task_marker_dag.py for tasks to queue
[2023-04-29T22:24:34.613+0000] {logging_mixin.py:137} INFO - [2023-04-29T22:24:34.613+0000] {dagbag.py:532} INFO - Filling up the DagBag from /home/airflow/.local/lib/python3.7/site-packages/airflow/example_dags/example_external_task_marker_dag.py
[2023-04-29T22:24:34.629+0000] {processor.py:753} INFO - DAG(s) dict_keys(['example_external_task_marker_child', 'example_external_task_marker_parent']) retrieved from /home/airflow/.local/lib/python3.7/site-packages/airflow/example_dags/example_external_task_marker_dag.py
[2023-04-29T22:24:34.655+0000] {logging_mixin.py:137} INFO - [2023-04-29T22:24:34.655+0000] {dag.py:2693} INFO - Sync 2 DAGs
[2023-04-29T22:24:34.671+0000] {logging_mixin.py:137} INFO - [2023-04-29T22:24:34.670+0000] {dag.py:3444} INFO - Setting next_dagrun for example_external_task_marker_child to None, run_after=None
[2023-04-29T22:24:34.673+0000] {logging_mixin.py:137} INFO - [2023-04-29T22:24:34.673+0000] {dag.py:3444} INFO - Setting next_dagrun for example_external_task_marker_parent to None, run_after=None
[2023-04-29T22:24:34.683+0000] {processor.py:175} INFO - Processing /home/airflow/.local/lib/python3.7/site-packages/airflow/example_dags/example_external_task_marker_dag.py took 0.080 seconds
[2023-04-29T22:25:05.213+0000] {processor.py:153} INFO - Started process (PID=192) to work on /home/airflow/.local/lib/python3.7/site-packages/airflow/example_dags/example_external_task_marker_dag.py
[2023-04-29T22:25:05.215+0000] {processor.py:743} INFO - Processing file /home/airflow/.local/lib/python3.7/site-packages/airflow/example_dags/example_external_task_marker_dag.py for tasks to queue
[2023-04-29T22:25:05.217+0000] {logging_mixin.py:137} INFO - [2023-04-29T22:25:05.217+0000] {dagbag.py:532} INFO - Filling up the DagBag from /home/airflow/.local/lib/python3.7/site-packages/airflow/example_dags/example_external_task_marker_dag.py
[2023-04-29T22:25:05.234+0000] {processor.py:753} INFO - DAG(s) dict_keys(['example_external_task_marker_child', 'example_external_task_marker_parent']) retrieved from /home/airflow/.local/lib/python3.7/site-packages/airflow/example_dags/example_external_task_marker_dag.py
[2023-04-29T22:25:05.260+0000] {logging_mixin.py:137} INFO - [2023-04-29T22:25:05.260+0000] {dag.py:2693} INFO - Sync 2 DAGs
[2023-04-29T22:25:05.277+0000] {logging_mixin.py:137} INFO - [2023-04-29T22:25:05.277+0000] {dag.py:3444} INFO - Setting next_dagrun for example_external_task_marker_child to None, run_after=None
[2023-04-29T22:25:05.280+0000] {logging_mixin.py:137} INFO - [2023-04-29T22:25:05.280+0000] {dag.py:3444} INFO - Setting next_dagrun for example_external_task_marker_parent to None, run_after=None
[2023-04-29T22:25:05.291+0000] {processor.py:175} INFO - Processing /home/airflow/.local/lib/python3.7/site-packages/airflow/example_dags/example_external_task_marker_dag.py took 0.085 seconds
[2023-04-29T22:25:36.088+0000] {processor.py:153} INFO - Started process (PID=243) to work on /home/airflow/.local/lib/python3.7/site-packages/airflow/example_dags/example_external_task_marker_dag.py
[2023-04-29T22:25:36.090+0000] {processor.py:743} INFO - Processing file /home/airflow/.local/lib/python3.7/site-packages/airflow/example_dags/example_external_task_marker_dag.py for tasks to queue
[2023-04-29T22:25:36.092+0000] {logging_mixin.py:137} INFO - [2023-04-29T22:25:36.092+0000] {dagbag.py:532} INFO - Filling up the DagBag from /home/airflow/.local/lib/python3.7/site-packages/airflow/example_dags/example_external_task_marker_dag.py
[2023-04-29T22:25:36.109+0000] {processor.py:753} INFO - DAG(s) dict_keys(['example_external_task_marker_parent', 'example_external_task_marker_child']) retrieved from /home/airflow/.local/lib/python3.7/site-packages/airflow/example_dags/example_external_task_marker_dag.py
[2023-04-29T22:25:36.135+0000] {logging_mixin.py:137} INFO - [2023-04-29T22:25:36.135+0000] {dag.py:2693} INFO - Sync 2 DAGs
[2023-04-29T22:25:36.151+0000] {logging_mixin.py:137} INFO - [2023-04-29T22:25:36.151+0000] {dag.py:3444} INFO - Setting next_dagrun for example_external_task_marker_child to None, run_after=None
[2023-04-29T22:25:36.153+0000] {logging_mixin.py:137} INFO - [2023-04-29T22:25:36.153+0000] {dag.py:3444} INFO - Setting next_dagrun for example_external_task_marker_parent to None, run_after=None
[2023-04-29T22:25:36.162+0000] {processor.py:175} INFO - Processing /home/airflow/.local/lib/python3.7/site-packages/airflow/example_dags/example_external_task_marker_dag.py took 0.081 seconds
[2023-04-29T22:26:07.010+0000] {processor.py:153} INFO - Started process (PID=294) to work on /home/airflow/.local/lib/python3.7/site-packages/airflow/example_dags/example_external_task_marker_dag.py
[2023-04-29T22:26:07.013+0000] {processor.py:743} INFO - Processing file /home/airflow/.local/lib/python3.7/site-packages/airflow/example_dags/example_external_task_marker_dag.py for tasks to queue
[2023-04-29T22:26:07.014+0000] {logging_mixin.py:137} INFO - [2023-04-29T22:26:07.014+0000] {dagbag.py:532} INFO - Filling up the DagBag from /home/airflow/.local/lib/python3.7/site-packages/airflow/example_dags/example_external_task_marker_dag.py
[2023-04-29T22:26:07.029+0000] {processor.py:753} INFO - DAG(s) dict_keys(['example_external_task_marker_parent', 'example_external_task_marker_child']) retrieved from /home/airflow/.local/lib/python3.7/site-packages/airflow/example_dags/example_external_task_marker_dag.py
[2023-04-29T22:26:07.053+0000] {logging_mixin.py:137} INFO - [2023-04-29T22:26:07.053+0000] {dag.py:2693} INFO - Sync 2 DAGs
[2023-04-29T22:26:07.069+0000] {logging_mixin.py:137} INFO - [2023-04-29T22:26:07.069+0000] {dag.py:3444} INFO - Setting next_dagrun for example_external_task_marker_child to None, run_after=None
[2023-04-29T22:26:07.072+0000] {logging_mixin.py:137} INFO - [2023-04-29T22:26:07.072+0000] {dag.py:3444} INFO - Setting next_dagrun for example_external_task_marker_parent to None, run_after=None
[2023-04-29T22:26:07.082+0000] {processor.py:175} INFO - Processing /home/airflow/.local/lib/python3.7/site-packages/airflow/example_dags/example_external_task_marker_dag.py took 0.077 seconds
[2023-04-29T22:26:37.845+0000] {processor.py:153} INFO - Started process (PID=345) to work on /home/airflow/.local/lib/python3.7/site-packages/airflow/example_dags/example_external_task_marker_dag.py
[2023-04-29T22:26:37.848+0000] {processor.py:743} INFO - Processing file /home/airflow/.local/lib/python3.7/site-packages/airflow/example_dags/example_external_task_marker_dag.py for tasks to queue
[2023-04-29T22:26:37.850+0000] {logging_mixin.py:137} INFO - [2023-04-29T22:26:37.849+0000] {dagbag.py:532} INFO - Filling up the DagBag from /home/airflow/.local/lib/python3.7/site-packages/airflow/example_dags/example_external_task_marker_dag.py
[2023-04-29T22:26:37.867+0000] {processor.py:753} INFO - DAG(s) dict_keys(['example_external_task_marker_parent', 'example_external_task_marker_child']) retrieved from /home/airflow/.local/lib/python3.7/site-packages/airflow/example_dags/example_external_task_marker_dag.py
[2023-04-29T22:26:37.895+0000] {logging_mixin.py:137} INFO - [2023-04-29T22:26:37.895+0000] {dag.py:2693} INFO - Sync 2 DAGs
[2023-04-29T22:26:37.910+0000] {logging_mixin.py:137} INFO - [2023-04-29T22:26:37.910+0000] {dag.py:3444} INFO - Setting next_dagrun for example_external_task_marker_child to None, run_after=None
[2023-04-29T22:26:37.912+0000] {logging_mixin.py:137} INFO - [2023-04-29T22:26:37.912+0000] {dag.py:3444} INFO - Setting next_dagrun for example_external_task_marker_parent to None, run_after=None
[2023-04-29T22:26:37.922+0000] {processor.py:175} INFO - Processing /home/airflow/.local/lib/python3.7/site-packages/airflow/example_dags/example_external_task_marker_dag.py took 0.085 seconds
[2023-04-29T22:27:08.448+0000] {processor.py:153} INFO - Started process (PID=396) to work on /home/airflow/.local/lib/python3.7/site-packages/airflow/example_dags/example_external_task_marker_dag.py
[2023-04-29T22:27:08.450+0000] {processor.py:743} INFO - Processing file /home/airflow/.local/lib/python3.7/site-packages/airflow/example_dags/example_external_task_marker_dag.py for tasks to queue
[2023-04-29T22:27:08.451+0000] {logging_mixin.py:137} INFO - [2023-04-29T22:27:08.451+0000] {dagbag.py:532} INFO - Filling up the DagBag from /home/airflow/.local/lib/python3.7/site-packages/airflow/example_dags/example_external_task_marker_dag.py
[2023-04-29T22:27:08.462+0000] {processor.py:753} INFO - DAG(s) dict_keys(['example_external_task_marker_parent', 'example_external_task_marker_child']) retrieved from /home/airflow/.local/lib/python3.7/site-packages/airflow/example_dags/example_external_task_marker_dag.py
[2023-04-29T22:27:08.486+0000] {logging_mixin.py:137} INFO - [2023-04-29T22:27:08.486+0000] {dag.py:2693} INFO - Sync 2 DAGs
[2023-04-29T22:27:08.502+0000] {logging_mixin.py:137} INFO - [2023-04-29T22:27:08.502+0000] {dag.py:3444} INFO - Setting next_dagrun for example_external_task_marker_child to None, run_after=None
[2023-04-29T22:27:08.505+0000] {logging_mixin.py:137} INFO - [2023-04-29T22:27:08.504+0000] {dag.py:3444} INFO - Setting next_dagrun for example_external_task_marker_parent to None, run_after=None
[2023-04-29T22:27:08.514+0000] {processor.py:175} INFO - Processing /home/airflow/.local/lib/python3.7/site-packages/airflow/example_dags/example_external_task_marker_dag.py took 0.070 seconds
[2023-04-29T22:27:39.126+0000] {processor.py:153} INFO - Started process (PID=447) to work on /home/airflow/.local/lib/python3.7/site-packages/airflow/example_dags/example_external_task_marker_dag.py
[2023-04-29T22:27:39.130+0000] {processor.py:743} INFO - Processing file /home/airflow/.local/lib/python3.7/site-packages/airflow/example_dags/example_external_task_marker_dag.py for tasks to queue
[2023-04-29T22:27:39.134+0000] {logging_mixin.py:137} INFO - [2023-04-29T22:27:39.133+0000] {dagbag.py:532} INFO - Filling up the DagBag from /home/airflow/.local/lib/python3.7/site-packages/airflow/example_dags/example_external_task_marker_dag.py
[2023-04-29T22:27:39.158+0000] {processor.py:753} INFO - DAG(s) dict_keys(['example_external_task_marker_child', 'example_external_task_marker_parent']) retrieved from /home/airflow/.local/lib/python3.7/site-packages/airflow/example_dags/example_external_task_marker_dag.py
[2023-04-29T22:27:39.202+0000] {logging_mixin.py:137} INFO - [2023-04-29T22:27:39.201+0000] {dag.py:2693} INFO - Sync 2 DAGs
[2023-04-29T22:27:39.237+0000] {logging_mixin.py:137} INFO - [2023-04-29T22:27:39.237+0000] {dag.py:3444} INFO - Setting next_dagrun for example_external_task_marker_child to None, run_after=None
[2023-04-29T22:27:39.241+0000] {logging_mixin.py:137} INFO - [2023-04-29T22:27:39.241+0000] {dag.py:3444} INFO - Setting next_dagrun for example_external_task_marker_parent to None, run_after=None
[2023-04-29T22:27:39.257+0000] {processor.py:175} INFO - Processing /home/airflow/.local/lib/python3.7/site-packages/airflow/example_dags/example_external_task_marker_dag.py took 0.138 seconds
[2023-04-29T22:28:09.823+0000] {processor.py:153} INFO - Started process (PID=498) to work on /home/airflow/.local/lib/python3.7/site-packages/airflow/example_dags/example_external_task_marker_dag.py
[2023-04-29T22:28:09.825+0000] {processor.py:743} INFO - Processing file /home/airflow/.local/lib/python3.7/site-packages/airflow/example_dags/example_external_task_marker_dag.py for tasks to queue
[2023-04-29T22:28:09.827+0000] {logging_mixin.py:137} INFO - [2023-04-29T22:28:09.826+0000] {dagbag.py:532} INFO - Filling up the DagBag from /home/airflow/.local/lib/python3.7/site-packages/airflow/example_dags/example_external_task_marker_dag.py
[2023-04-29T22:28:09.842+0000] {processor.py:753} INFO - DAG(s) dict_keys(['example_external_task_marker_child', 'example_external_task_marker_parent']) retrieved from /home/airflow/.local/lib/python3.7/site-packages/airflow/example_dags/example_external_task_marker_dag.py
[2023-04-29T22:28:09.868+0000] {logging_mixin.py:137} INFO - [2023-04-29T22:28:09.868+0000] {dag.py:2693} INFO - Sync 2 DAGs
[2023-04-29T22:28:09.892+0000] {logging_mixin.py:137} INFO - [2023-04-29T22:28:09.892+0000] {dag.py:3444} INFO - Setting next_dagrun for example_external_task_marker_child to None, run_after=None
[2023-04-29T22:28:09.895+0000] {logging_mixin.py:137} INFO - [2023-04-29T22:28:09.895+0000] {dag.py:3444} INFO - Setting next_dagrun for example_external_task_marker_parent to None, run_after=None
[2023-04-29T22:28:09.910+0000] {processor.py:175} INFO - Processing /home/airflow/.local/lib/python3.7/site-packages/airflow/example_dags/example_external_task_marker_dag.py took 0.095 seconds
[2023-04-29T22:28:40.747+0000] {processor.py:153} INFO - Started process (PID=549) to work on /home/airflow/.local/lib/python3.7/site-packages/airflow/example_dags/example_external_task_marker_dag.py
[2023-04-29T22:28:40.751+0000] {processor.py:743} INFO - Processing file /home/airflow/.local/lib/python3.7/site-packages/airflow/example_dags/example_external_task_marker_dag.py for tasks to queue
[2023-04-29T22:28:40.752+0000] {logging_mixin.py:137} INFO - [2023-04-29T22:28:40.752+0000] {dagbag.py:532} INFO - Filling up the DagBag from /home/airflow/.local/lib/python3.7/site-packages/airflow/example_dags/example_external_task_marker_dag.py
[2023-04-29T22:28:40.776+0000] {processor.py:753} INFO - DAG(s) dict_keys(['example_external_task_marker_child', 'example_external_task_marker_parent']) retrieved from /home/airflow/.local/lib/python3.7/site-packages/airflow/example_dags/example_external_task_marker_dag.py
[2023-04-29T22:28:40.804+0000] {logging_mixin.py:137} INFO - [2023-04-29T22:28:40.804+0000] {dag.py:2693} INFO - Sync 2 DAGs
[2023-04-29T22:28:40.824+0000] {logging_mixin.py:137} INFO - [2023-04-29T22:28:40.824+0000] {dag.py:3444} INFO - Setting next_dagrun for example_external_task_marker_child to None, run_after=None
[2023-04-29T22:28:40.827+0000] {logging_mixin.py:137} INFO - [2023-04-29T22:28:40.827+0000] {dag.py:3444} INFO - Setting next_dagrun for example_external_task_marker_parent to None, run_after=None
[2023-04-29T22:28:40.840+0000] {processor.py:175} INFO - Processing /home/airflow/.local/lib/python3.7/site-packages/airflow/example_dags/example_external_task_marker_dag.py took 0.098 seconds
[2023-04-29T22:29:11.550+0000] {processor.py:153} INFO - Started process (PID=600) to work on /home/airflow/.local/lib/python3.7/site-packages/airflow/example_dags/example_external_task_marker_dag.py
[2023-04-29T22:29:11.552+0000] {processor.py:743} INFO - Processing file /home/airflow/.local/lib/python3.7/site-packages/airflow/example_dags/example_external_task_marker_dag.py for tasks to queue
[2023-04-29T22:29:11.554+0000] {logging_mixin.py:137} INFO - [2023-04-29T22:29:11.554+0000] {dagbag.py:532} INFO - Filling up the DagBag from /home/airflow/.local/lib/python3.7/site-packages/airflow/example_dags/example_external_task_marker_dag.py
[2023-04-29T22:29:11.571+0000] {processor.py:753} INFO - DAG(s) dict_keys(['example_external_task_marker_parent', 'example_external_task_marker_child']) retrieved from /home/airflow/.local/lib/python3.7/site-packages/airflow/example_dags/example_external_task_marker_dag.py
[2023-04-29T22:29:11.595+0000] {logging_mixin.py:137} INFO - [2023-04-29T22:29:11.595+0000] {dag.py:2693} INFO - Sync 2 DAGs
[2023-04-29T22:29:11.610+0000] {logging_mixin.py:137} INFO - [2023-04-29T22:29:11.610+0000] {dag.py:3444} INFO - Setting next_dagrun for example_external_task_marker_child to None, run_after=None
[2023-04-29T22:29:11.612+0000] {logging_mixin.py:137} INFO - [2023-04-29T22:29:11.612+0000] {dag.py:3444} INFO - Setting next_dagrun for example_external_task_marker_parent to None, run_after=None
[2023-04-29T22:29:11.623+0000] {processor.py:175} INFO - Processing /home/airflow/.local/lib/python3.7/site-packages/airflow/example_dags/example_external_task_marker_dag.py took 0.081 seconds
[2023-04-29T22:29:42.171+0000] {processor.py:153} INFO - Started process (PID=651) to work on /home/airflow/.local/lib/python3.7/site-packages/airflow/example_dags/example_external_task_marker_dag.py
[2023-04-29T22:29:42.173+0000] {processor.py:743} INFO - Processing file /home/airflow/.local/lib/python3.7/site-packages/airflow/example_dags/example_external_task_marker_dag.py for tasks to queue
[2023-04-29T22:29:42.174+0000] {logging_mixin.py:137} INFO - [2023-04-29T22:29:42.174+0000] {dagbag.py:532} INFO - Filling up the DagBag from /home/airflow/.local/lib/python3.7/site-packages/airflow/example_dags/example_external_task_marker_dag.py
[2023-04-29T22:29:42.190+0000] {processor.py:753} INFO - DAG(s) dict_keys(['example_external_task_marker_parent', 'example_external_task_marker_child']) retrieved from /home/airflow/.local/lib/python3.7/site-packages/airflow/example_dags/example_external_task_marker_dag.py
[2023-04-29T22:29:42.215+0000] {logging_mixin.py:137} INFO - [2023-04-29T22:29:42.215+0000] {dag.py:2693} INFO - Sync 2 DAGs
[2023-04-29T22:29:42.230+0000] {logging_mixin.py:137} INFO - [2023-04-29T22:29:42.230+0000] {dag.py:3444} INFO - Setting next_dagrun for example_external_task_marker_child to None, run_after=None
[2023-04-29T22:29:42.233+0000] {logging_mixin.py:137} INFO - [2023-04-29T22:29:42.232+0000] {dag.py:3444} INFO - Setting next_dagrun for example_external_task_marker_parent to None, run_after=None
[2023-04-29T22:29:42.242+0000] {processor.py:175} INFO - Processing /home/airflow/.local/lib/python3.7/site-packages/airflow/example_dags/example_external_task_marker_dag.py took 0.077 seconds
[2023-04-29T22:30:13.021+0000] {processor.py:153} INFO - Started process (PID=702) to work on /home/airflow/.local/lib/python3.7/site-packages/airflow/example_dags/example_external_task_marker_dag.py
[2023-04-29T22:30:13.023+0000] {processor.py:743} INFO - Processing file /home/airflow/.local/lib/python3.7/site-packages/airflow/example_dags/example_external_task_marker_dag.py for tasks to queue
[2023-04-29T22:30:13.023+0000] {logging_mixin.py:137} INFO - [2023-04-29T22:30:13.023+0000] {dagbag.py:532} INFO - Filling up the DagBag from /home/airflow/.local/lib/python3.7/site-packages/airflow/example_dags/example_external_task_marker_dag.py
[2023-04-29T22:30:13.037+0000] {processor.py:753} INFO - DAG(s) dict_keys(['example_external_task_marker_parent', 'example_external_task_marker_child']) retrieved from /home/airflow/.local/lib/python3.7/site-packages/airflow/example_dags/example_external_task_marker_dag.py
[2023-04-29T22:30:13.063+0000] {logging_mixin.py:137} INFO - [2023-04-29T22:30:13.063+0000] {dag.py:2693} INFO - Sync 2 DAGs
[2023-04-29T22:30:13.082+0000] {logging_mixin.py:137} INFO - [2023-04-29T22:30:13.082+0000] {dag.py:3444} INFO - Setting next_dagrun for example_external_task_marker_child to None, run_after=None
[2023-04-29T22:30:13.085+0000] {logging_mixin.py:137} INFO - [2023-04-29T22:30:13.085+0000] {dag.py:3444} INFO - Setting next_dagrun for example_external_task_marker_parent to None, run_after=None
[2023-04-29T22:30:13.097+0000] {processor.py:175} INFO - Processing /home/airflow/.local/lib/python3.7/site-packages/airflow/example_dags/example_external_task_marker_dag.py took 0.080 seconds
[2023-04-29T22:30:43.785+0000] {processor.py:153} INFO - Started process (PID=753) to work on /home/airflow/.local/lib/python3.7/site-packages/airflow/example_dags/example_external_task_marker_dag.py
[2023-04-29T22:30:43.787+0000] {processor.py:743} INFO - Processing file /home/airflow/.local/lib/python3.7/site-packages/airflow/example_dags/example_external_task_marker_dag.py for tasks to queue
[2023-04-29T22:30:43.788+0000] {logging_mixin.py:137} INFO - [2023-04-29T22:30:43.788+0000] {dagbag.py:532} INFO - Filling up the DagBag from /home/airflow/.local/lib/python3.7/site-packages/airflow/example_dags/example_external_task_marker_dag.py
[2023-04-29T22:30:43.804+0000] {processor.py:753} INFO - DAG(s) dict_keys(['example_external_task_marker_child', 'example_external_task_marker_parent']) retrieved from /home/airflow/.local/lib/python3.7/site-packages/airflow/example_dags/example_external_task_marker_dag.py
[2023-04-29T22:30:43.830+0000] {logging_mixin.py:137} INFO - [2023-04-29T22:30:43.830+0000] {dag.py:2693} INFO - Sync 2 DAGs
[2023-04-29T22:30:43.847+0000] {logging_mixin.py:137} INFO - [2023-04-29T22:30:43.847+0000] {dag.py:3444} INFO - Setting next_dagrun for example_external_task_marker_child to None, run_after=None
[2023-04-29T22:30:43.850+0000] {logging_mixin.py:137} INFO - [2023-04-29T22:30:43.850+0000] {dag.py:3444} INFO - Setting next_dagrun for example_external_task_marker_parent to None, run_after=None
[2023-04-29T22:30:43.861+0000] {processor.py:175} INFO - Processing /home/airflow/.local/lib/python3.7/site-packages/airflow/example_dags/example_external_task_marker_dag.py took 0.083 seconds
[2023-04-29T22:31:14.463+0000] {processor.py:153} INFO - Started process (PID=804) to work on /home/airflow/.local/lib/python3.7/site-packages/airflow/example_dags/example_external_task_marker_dag.py
[2023-04-29T22:31:14.466+0000] {processor.py:743} INFO - Processing file /home/airflow/.local/lib/python3.7/site-packages/airflow/example_dags/example_external_task_marker_dag.py for tasks to queue
[2023-04-29T22:31:14.467+0000] {logging_mixin.py:137} INFO - [2023-04-29T22:31:14.467+0000] {dagbag.py:532} INFO - Filling up the DagBag from /home/airflow/.local/lib/python3.7/site-packages/airflow/example_dags/example_external_task_marker_dag.py
[2023-04-29T22:31:14.486+0000] {processor.py:753} INFO - DAG(s) dict_keys(['example_external_task_marker_parent', 'example_external_task_marker_child']) retrieved from /home/airflow/.local/lib/python3.7/site-packages/airflow/example_dags/example_external_task_marker_dag.py
[2023-04-29T22:31:14.516+0000] {logging_mixin.py:137} INFO - [2023-04-29T22:31:14.516+0000] {dag.py:2693} INFO - Sync 2 DAGs
[2023-04-29T22:31:14.535+0000] {logging_mixin.py:137} INFO - [2023-04-29T22:31:14.535+0000] {dag.py:3444} INFO - Setting next_dagrun for example_external_task_marker_child to None, run_after=None
[2023-04-29T22:31:14.538+0000] {logging_mixin.py:137} INFO - [2023-04-29T22:31:14.538+0000] {dag.py:3444} INFO - Setting next_dagrun for example_external_task_marker_parent to None, run_after=None
[2023-04-29T22:31:14.549+0000] {processor.py:175} INFO - Processing /home/airflow/.local/lib/python3.7/site-packages/airflow/example_dags/example_external_task_marker_dag.py took 0.093 seconds
[2023-04-29T22:31:45.370+0000] {processor.py:153} INFO - Started process (PID=854) to work on /home/airflow/.local/lib/python3.7/site-packages/airflow/example_dags/example_external_task_marker_dag.py
[2023-04-29T22:31:45.372+0000] {processor.py:743} INFO - Processing file /home/airflow/.local/lib/python3.7/site-packages/airflow/example_dags/example_external_task_marker_dag.py for tasks to queue
[2023-04-29T22:31:45.373+0000] {logging_mixin.py:137} INFO - [2023-04-29T22:31:45.373+0000] {dagbag.py:532} INFO - Filling up the DagBag from /home/airflow/.local/lib/python3.7/site-packages/airflow/example_dags/example_external_task_marker_dag.py
[2023-04-29T22:31:45.389+0000] {processor.py:753} INFO - DAG(s) dict_keys(['example_external_task_marker_parent', 'example_external_task_marker_child']) retrieved from /home/airflow/.local/lib/python3.7/site-packages/airflow/example_dags/example_external_task_marker_dag.py
[2023-04-29T22:31:45.416+0000] {logging_mixin.py:137} INFO - [2023-04-29T22:31:45.416+0000] {dag.py:2693} INFO - Sync 2 DAGs
[2023-04-29T22:31:45.431+0000] {logging_mixin.py:137} INFO - [2023-04-29T22:31:45.431+0000] {dag.py:3444} INFO - Setting next_dagrun for example_external_task_marker_child to None, run_after=None
[2023-04-29T22:31:45.434+0000] {logging_mixin.py:137} INFO - [2023-04-29T22:31:45.434+0000] {dag.py:3444} INFO - Setting next_dagrun for example_external_task_marker_parent to None, run_after=None
[2023-04-29T22:31:45.443+0000] {processor.py:175} INFO - Processing /home/airflow/.local/lib/python3.7/site-packages/airflow/example_dags/example_external_task_marker_dag.py took 0.079 seconds
[2023-04-29T22:32:15.933+0000] {processor.py:153} INFO - Started process (PID=906) to work on /home/airflow/.local/lib/python3.7/site-packages/airflow/example_dags/example_external_task_marker_dag.py
[2023-04-29T22:32:15.935+0000] {processor.py:743} INFO - Processing file /home/airflow/.local/lib/python3.7/site-packages/airflow/example_dags/example_external_task_marker_dag.py for tasks to queue
[2023-04-29T22:32:15.936+0000] {logging_mixin.py:137} INFO - [2023-04-29T22:32:15.936+0000] {dagbag.py:532} INFO - Filling up the DagBag from /home/airflow/.local/lib/python3.7/site-packages/airflow/example_dags/example_external_task_marker_dag.py
[2023-04-29T22:32:15.953+0000] {processor.py:753} INFO - DAG(s) dict_keys(['example_external_task_marker_child', 'example_external_task_marker_parent']) retrieved from /home/airflow/.local/lib/python3.7/site-packages/airflow/example_dags/example_external_task_marker_dag.py
[2023-04-29T22:32:15.979+0000] {logging_mixin.py:137} INFO - [2023-04-29T22:32:15.978+0000] {dag.py:2693} INFO - Sync 2 DAGs
[2023-04-29T22:32:15.993+0000] {logging_mixin.py:137} INFO - [2023-04-29T22:32:15.993+0000] {dag.py:3444} INFO - Setting next_dagrun for example_external_task_marker_child to None, run_after=None
[2023-04-29T22:32:15.995+0000] {logging_mixin.py:137} INFO - [2023-04-29T22:32:15.995+0000] {dag.py:3444} INFO - Setting next_dagrun for example_external_task_marker_parent to None, run_after=None
[2023-04-29T22:32:16.005+0000] {processor.py:175} INFO - Processing /home/airflow/.local/lib/python3.7/site-packages/airflow/example_dags/example_external_task_marker_dag.py took 0.079 seconds
[2023-04-29T22:32:46.691+0000] {processor.py:153} INFO - Started process (PID=958) to work on /home/airflow/.local/lib/python3.7/site-packages/airflow/example_dags/example_external_task_marker_dag.py
[2023-04-29T22:32:46.693+0000] {processor.py:743} INFO - Processing file /home/airflow/.local/lib/python3.7/site-packages/airflow/example_dags/example_external_task_marker_dag.py for tasks to queue
[2023-04-29T22:32:46.694+0000] {logging_mixin.py:137} INFO - [2023-04-29T22:32:46.694+0000] {dagbag.py:532} INFO - Filling up the DagBag from /home/airflow/.local/lib/python3.7/site-packages/airflow/example_dags/example_external_task_marker_dag.py
[2023-04-29T22:32:46.709+0000] {processor.py:753} INFO - DAG(s) dict_keys(['example_external_task_marker_parent', 'example_external_task_marker_child']) retrieved from /home/airflow/.local/lib/python3.7/site-packages/airflow/example_dags/example_external_task_marker_dag.py
[2023-04-29T22:32:46.734+0000] {logging_mixin.py:137} INFO - [2023-04-29T22:32:46.734+0000] {dag.py:2693} INFO - Sync 2 DAGs
[2023-04-29T22:32:46.749+0000] {logging_mixin.py:137} INFO - [2023-04-29T22:32:46.749+0000] {dag.py:3444} INFO - Setting next_dagrun for example_external_task_marker_child to None, run_after=None
[2023-04-29T22:32:46.751+0000] {logging_mixin.py:137} INFO - [2023-04-29T22:32:46.751+0000] {dag.py:3444} INFO - Setting next_dagrun for example_external_task_marker_parent to None, run_after=None
[2023-04-29T22:32:46.764+0000] {processor.py:175} INFO - Processing /home/airflow/.local/lib/python3.7/site-packages/airflow/example_dags/example_external_task_marker_dag.py took 0.078 seconds
[2023-04-29T22:33:17.270+0000] {processor.py:153} INFO - Started process (PID=1009) to work on /home/airflow/.local/lib/python3.7/site-packages/airflow/example_dags/example_external_task_marker_dag.py
[2023-04-29T22:33:17.272+0000] {processor.py:743} INFO - Processing file /home/airflow/.local/lib/python3.7/site-packages/airflow/example_dags/example_external_task_marker_dag.py for tasks to queue
[2023-04-29T22:33:17.274+0000] {logging_mixin.py:137} INFO - [2023-04-29T22:33:17.274+0000] {dagbag.py:532} INFO - Filling up the DagBag from /home/airflow/.local/lib/python3.7/site-packages/airflow/example_dags/example_external_task_marker_dag.py
[2023-04-29T22:33:17.290+0000] {processor.py:753} INFO - DAG(s) dict_keys(['example_external_task_marker_child', 'example_external_task_marker_parent']) retrieved from /home/airflow/.local/lib/python3.7/site-packages/airflow/example_dags/example_external_task_marker_dag.py
[2023-04-29T22:33:17.316+0000] {logging_mixin.py:137} INFO - [2023-04-29T22:33:17.316+0000] {dag.py:2693} INFO - Sync 2 DAGs
[2023-04-29T22:33:17.332+0000] {logging_mixin.py:137} INFO - [2023-04-29T22:33:17.332+0000] {dag.py:3444} INFO - Setting next_dagrun for example_external_task_marker_child to None, run_after=None
[2023-04-29T22:33:17.335+0000] {logging_mixin.py:137} INFO - [2023-04-29T22:33:17.335+0000] {dag.py:3444} INFO - Setting next_dagrun for example_external_task_marker_parent to None, run_after=None
[2023-04-29T22:33:17.345+0000] {processor.py:175} INFO - Processing /home/airflow/.local/lib/python3.7/site-packages/airflow/example_dags/example_external_task_marker_dag.py took 0.081 seconds
[2023-04-29T22:33:47.870+0000] {processor.py:153} INFO - Started process (PID=1060) to work on /home/airflow/.local/lib/python3.7/site-packages/airflow/example_dags/example_external_task_marker_dag.py
[2023-04-29T22:33:47.873+0000] {processor.py:743} INFO - Processing file /home/airflow/.local/lib/python3.7/site-packages/airflow/example_dags/example_external_task_marker_dag.py for tasks to queue
[2023-04-29T22:33:47.874+0000] {logging_mixin.py:137} INFO - [2023-04-29T22:33:47.874+0000] {dagbag.py:532} INFO - Filling up the DagBag from /home/airflow/.local/lib/python3.7/site-packages/airflow/example_dags/example_external_task_marker_dag.py
[2023-04-29T22:33:47.891+0000] {processor.py:753} INFO - DAG(s) dict_keys(['example_external_task_marker_parent', 'example_external_task_marker_child']) retrieved from /home/airflow/.local/lib/python3.7/site-packages/airflow/example_dags/example_external_task_marker_dag.py
[2023-04-29T22:33:47.916+0000] {logging_mixin.py:137} INFO - [2023-04-29T22:33:47.916+0000] {dag.py:2693} INFO - Sync 2 DAGs
[2023-04-29T22:33:47.930+0000] {logging_mixin.py:137} INFO - [2023-04-29T22:33:47.930+0000] {dag.py:3444} INFO - Setting next_dagrun for example_external_task_marker_child to None, run_after=None
[2023-04-29T22:33:47.932+0000] {logging_mixin.py:137} INFO - [2023-04-29T22:33:47.932+0000] {dag.py:3444} INFO - Setting next_dagrun for example_external_task_marker_parent to None, run_after=None
[2023-04-29T22:33:47.942+0000] {processor.py:175} INFO - Processing /home/airflow/.local/lib/python3.7/site-packages/airflow/example_dags/example_external_task_marker_dag.py took 0.078 seconds
[2023-04-29T22:34:18.357+0000] {processor.py:153} INFO - Started process (PID=1111) to work on /home/airflow/.local/lib/python3.7/site-packages/airflow/example_dags/example_external_task_marker_dag.py
[2023-04-29T22:34:18.359+0000] {processor.py:743} INFO - Processing file /home/airflow/.local/lib/python3.7/site-packages/airflow/example_dags/example_external_task_marker_dag.py for tasks to queue
[2023-04-29T22:34:18.360+0000] {logging_mixin.py:137} INFO - [2023-04-29T22:34:18.360+0000] {dagbag.py:532} INFO - Filling up the DagBag from /home/airflow/.local/lib/python3.7/site-packages/airflow/example_dags/example_external_task_marker_dag.py
[2023-04-29T22:34:18.375+0000] {processor.py:753} INFO - DAG(s) dict_keys(['example_external_task_marker_child', 'example_external_task_marker_parent']) retrieved from /home/airflow/.local/lib/python3.7/site-packages/airflow/example_dags/example_external_task_marker_dag.py
[2023-04-29T22:34:18.400+0000] {logging_mixin.py:137} INFO - [2023-04-29T22:34:18.400+0000] {dag.py:2693} INFO - Sync 2 DAGs
[2023-04-29T22:34:18.414+0000] {logging_mixin.py:137} INFO - [2023-04-29T22:34:18.414+0000] {dag.py:3444} INFO - Setting next_dagrun for example_external_task_marker_child to None, run_after=None
[2023-04-29T22:34:18.416+0000] {logging_mixin.py:137} INFO - [2023-04-29T22:34:18.416+0000] {dag.py:3444} INFO - Setting next_dagrun for example_external_task_marker_parent to None, run_after=None
[2023-04-29T22:34:18.425+0000] {processor.py:175} INFO - Processing /home/airflow/.local/lib/python3.7/site-packages/airflow/example_dags/example_external_task_marker_dag.py took 0.074 seconds
[2023-04-29T22:34:48.967+0000] {processor.py:153} INFO - Started process (PID=1162) to work on /home/airflow/.local/lib/python3.7/site-packages/airflow/example_dags/example_external_task_marker_dag.py
[2023-04-29T22:34:48.970+0000] {processor.py:743} INFO - Processing file /home/airflow/.local/lib/python3.7/site-packages/airflow/example_dags/example_external_task_marker_dag.py for tasks to queue
[2023-04-29T22:34:48.972+0000] {logging_mixin.py:137} INFO - [2023-04-29T22:34:48.971+0000] {dagbag.py:532} INFO - Filling up the DagBag from /home/airflow/.local/lib/python3.7/site-packages/airflow/example_dags/example_external_task_marker_dag.py
[2023-04-29T22:34:48.987+0000] {processor.py:753} INFO - DAG(s) dict_keys(['example_external_task_marker_parent', 'example_external_task_marker_child']) retrieved from /home/airflow/.local/lib/python3.7/site-packages/airflow/example_dags/example_external_task_marker_dag.py
[2023-04-29T22:34:49.012+0000] {logging_mixin.py:137} INFO - [2023-04-29T22:34:49.012+0000] {dag.py:2693} INFO - Sync 2 DAGs
[2023-04-29T22:34:49.029+0000] {logging_mixin.py:137} INFO - [2023-04-29T22:34:49.029+0000] {dag.py:3444} INFO - Setting next_dagrun for example_external_task_marker_child to None, run_after=None
[2023-04-29T22:34:49.031+0000] {logging_mixin.py:137} INFO - [2023-04-29T22:34:49.031+0000] {dag.py:3444} INFO - Setting next_dagrun for example_external_task_marker_parent to None, run_after=None
[2023-04-29T22:34:49.041+0000] {processor.py:175} INFO - Processing /home/airflow/.local/lib/python3.7/site-packages/airflow/example_dags/example_external_task_marker_dag.py took 0.079 seconds
[2023-04-29T22:35:19.497+0000] {processor.py:153} INFO - Started process (PID=1213) to work on /home/airflow/.local/lib/python3.7/site-packages/airflow/example_dags/example_external_task_marker_dag.py
[2023-04-29T22:35:19.499+0000] {processor.py:743} INFO - Processing file /home/airflow/.local/lib/python3.7/site-packages/airflow/example_dags/example_external_task_marker_dag.py for tasks to queue
[2023-04-29T22:35:19.500+0000] {logging_mixin.py:137} INFO - [2023-04-29T22:35:19.500+0000] {dagbag.py:532} INFO - Filling up the DagBag from /home/airflow/.local/lib/python3.7/site-packages/airflow/example_dags/example_external_task_marker_dag.py
[2023-04-29T22:35:19.515+0000] {processor.py:753} INFO - DAG(s) dict_keys(['example_external_task_marker_child', 'example_external_task_marker_parent']) retrieved from /home/airflow/.local/lib/python3.7/site-packages/airflow/example_dags/example_external_task_marker_dag.py
[2023-04-29T22:35:19.542+0000] {logging_mixin.py:137} INFO - [2023-04-29T22:35:19.542+0000] {dag.py:2693} INFO - Sync 2 DAGs
[2023-04-29T22:35:19.557+0000] {logging_mixin.py:137} INFO - [2023-04-29T22:35:19.557+0000] {dag.py:3444} INFO - Setting next_dagrun for example_external_task_marker_child to None, run_after=None
[2023-04-29T22:35:19.559+0000] {logging_mixin.py:137} INFO - [2023-04-29T22:35:19.559+0000] {dag.py:3444} INFO - Setting next_dagrun for example_external_task_marker_parent to None, run_after=None
[2023-04-29T22:35:19.569+0000] {processor.py:175} INFO - Processing /home/airflow/.local/lib/python3.7/site-packages/airflow/example_dags/example_external_task_marker_dag.py took 0.078 seconds
[2023-04-29T22:35:50.332+0000] {processor.py:153} INFO - Started process (PID=1264) to work on /home/airflow/.local/lib/python3.7/site-packages/airflow/example_dags/example_external_task_marker_dag.py
[2023-04-29T22:35:50.334+0000] {processor.py:743} INFO - Processing file /home/airflow/.local/lib/python3.7/site-packages/airflow/example_dags/example_external_task_marker_dag.py for tasks to queue
[2023-04-29T22:35:50.335+0000] {logging_mixin.py:137} INFO - [2023-04-29T22:35:50.335+0000] {dagbag.py:532} INFO - Filling up the DagBag from /home/airflow/.local/lib/python3.7/site-packages/airflow/example_dags/example_external_task_marker_dag.py
[2023-04-29T22:35:50.352+0000] {processor.py:753} INFO - DAG(s) dict_keys(['example_external_task_marker_child', 'example_external_task_marker_parent']) retrieved from /home/airflow/.local/lib/python3.7/site-packages/airflow/example_dags/example_external_task_marker_dag.py
[2023-04-29T22:35:50.387+0000] {logging_mixin.py:137} INFO - [2023-04-29T22:35:50.386+0000] {dag.py:2693} INFO - Sync 2 DAGs
[2023-04-29T22:35:50.402+0000] {logging_mixin.py:137} INFO - [2023-04-29T22:35:50.402+0000] {dag.py:3444} INFO - Setting next_dagrun for example_external_task_marker_child to None, run_after=None
[2023-04-29T22:35:50.405+0000] {logging_mixin.py:137} INFO - [2023-04-29T22:35:50.405+0000] {dag.py:3444} INFO - Setting next_dagrun for example_external_task_marker_parent to None, run_after=None
[2023-04-29T22:35:50.414+0000] {processor.py:175} INFO - Processing /home/airflow/.local/lib/python3.7/site-packages/airflow/example_dags/example_external_task_marker_dag.py took 0.089 seconds
[2023-04-29T22:36:21.005+0000] {processor.py:153} INFO - Started process (PID=1315) to work on /home/airflow/.local/lib/python3.7/site-packages/airflow/example_dags/example_external_task_marker_dag.py
[2023-04-29T22:36:21.008+0000] {processor.py:743} INFO - Processing file /home/airflow/.local/lib/python3.7/site-packages/airflow/example_dags/example_external_task_marker_dag.py for tasks to queue
[2023-04-29T22:36:21.009+0000] {logging_mixin.py:137} INFO - [2023-04-29T22:36:21.009+0000] {dagbag.py:532} INFO - Filling up the DagBag from /home/airflow/.local/lib/python3.7/site-packages/airflow/example_dags/example_external_task_marker_dag.py
[2023-04-29T22:36:21.025+0000] {processor.py:753} INFO - DAG(s) dict_keys(['example_external_task_marker_child', 'example_external_task_marker_parent']) retrieved from /home/airflow/.local/lib/python3.7/site-packages/airflow/example_dags/example_external_task_marker_dag.py
[2023-04-29T22:36:21.052+0000] {logging_mixin.py:137} INFO - [2023-04-29T22:36:21.052+0000] {dag.py:2693} INFO - Sync 2 DAGs
[2023-04-29T22:36:21.067+0000] {logging_mixin.py:137} INFO - [2023-04-29T22:36:21.067+0000] {dag.py:3444} INFO - Setting next_dagrun for example_external_task_marker_child to None, run_after=None
[2023-04-29T22:36:21.069+0000] {logging_mixin.py:137} INFO - [2023-04-29T22:36:21.069+0000] {dag.py:3444} INFO - Setting next_dagrun for example_external_task_marker_parent to None, run_after=None
[2023-04-29T22:36:21.079+0000] {processor.py:175} INFO - Processing /home/airflow/.local/lib/python3.7/site-packages/airflow/example_dags/example_external_task_marker_dag.py took 0.080 seconds
[2023-04-29T22:36:51.565+0000] {processor.py:153} INFO - Started process (PID=1365) to work on /home/airflow/.local/lib/python3.7/site-packages/airflow/example_dags/example_external_task_marker_dag.py
[2023-04-29T22:36:51.567+0000] {processor.py:743} INFO - Processing file /home/airflow/.local/lib/python3.7/site-packages/airflow/example_dags/example_external_task_marker_dag.py for tasks to queue
[2023-04-29T22:36:51.569+0000] {logging_mixin.py:137} INFO - [2023-04-29T22:36:51.568+0000] {dagbag.py:532} INFO - Filling up the DagBag from /home/airflow/.local/lib/python3.7/site-packages/airflow/example_dags/example_external_task_marker_dag.py
[2023-04-29T22:36:51.585+0000] {processor.py:753} INFO - DAG(s) dict_keys(['example_external_task_marker_parent', 'example_external_task_marker_child']) retrieved from /home/airflow/.local/lib/python3.7/site-packages/airflow/example_dags/example_external_task_marker_dag.py
[2023-04-29T22:36:51.611+0000] {logging_mixin.py:137} INFO - [2023-04-29T22:36:51.611+0000] {dag.py:2693} INFO - Sync 2 DAGs
[2023-04-29T22:36:51.627+0000] {logging_mixin.py:137} INFO - [2023-04-29T22:36:51.627+0000] {dag.py:3444} INFO - Setting next_dagrun for example_external_task_marker_child to None, run_after=None
[2023-04-29T22:36:51.629+0000] {logging_mixin.py:137} INFO - [2023-04-29T22:36:51.629+0000] {dag.py:3444} INFO - Setting next_dagrun for example_external_task_marker_parent to None, run_after=None
[2023-04-29T22:36:51.639+0000] {processor.py:175} INFO - Processing /home/airflow/.local/lib/python3.7/site-packages/airflow/example_dags/example_external_task_marker_dag.py took 0.079 seconds
[2023-04-29T22:37:22.157+0000] {processor.py:153} INFO - Started process (PID=1416) to work on /home/airflow/.local/lib/python3.7/site-packages/airflow/example_dags/example_external_task_marker_dag.py
[2023-04-29T22:37:22.160+0000] {processor.py:743} INFO - Processing file /home/airflow/.local/lib/python3.7/site-packages/airflow/example_dags/example_external_task_marker_dag.py for tasks to queue
[2023-04-29T22:37:22.161+0000] {logging_mixin.py:137} INFO - [2023-04-29T22:37:22.161+0000] {dagbag.py:532} INFO - Filling up the DagBag from /home/airflow/.local/lib/python3.7/site-packages/airflow/example_dags/example_external_task_marker_dag.py
[2023-04-29T22:37:22.175+0000] {processor.py:753} INFO - DAG(s) dict_keys(['example_external_task_marker_child', 'example_external_task_marker_parent']) retrieved from /home/airflow/.local/lib/python3.7/site-packages/airflow/example_dags/example_external_task_marker_dag.py
[2023-04-29T22:37:22.200+0000] {logging_mixin.py:137} INFO - [2023-04-29T22:37:22.200+0000] {dag.py:2693} INFO - Sync 2 DAGs
[2023-04-29T22:37:22.215+0000] {logging_mixin.py:137} INFO - [2023-04-29T22:37:22.215+0000] {dag.py:3444} INFO - Setting next_dagrun for example_external_task_marker_child to None, run_after=None
[2023-04-29T22:37:22.218+0000] {logging_mixin.py:137} INFO - [2023-04-29T22:37:22.218+0000] {dag.py:3444} INFO - Setting next_dagrun for example_external_task_marker_parent to None, run_after=None
[2023-04-29T22:37:22.227+0000] {processor.py:175} INFO - Processing /home/airflow/.local/lib/python3.7/site-packages/airflow/example_dags/example_external_task_marker_dag.py took 0.075 seconds
[2023-04-29T22:37:52.642+0000] {processor.py:153} INFO - Started process (PID=1467) to work on /home/airflow/.local/lib/python3.7/site-packages/airflow/example_dags/example_external_task_marker_dag.py
[2023-04-29T22:37:52.644+0000] {processor.py:743} INFO - Processing file /home/airflow/.local/lib/python3.7/site-packages/airflow/example_dags/example_external_task_marker_dag.py for tasks to queue
[2023-04-29T22:37:52.646+0000] {logging_mixin.py:137} INFO - [2023-04-29T22:37:52.646+0000] {dagbag.py:532} INFO - Filling up the DagBag from /home/airflow/.local/lib/python3.7/site-packages/airflow/example_dags/example_external_task_marker_dag.py
[2023-04-29T22:37:52.663+0000] {processor.py:753} INFO - DAG(s) dict_keys(['example_external_task_marker_parent', 'example_external_task_marker_child']) retrieved from /home/airflow/.local/lib/python3.7/site-packages/airflow/example_dags/example_external_task_marker_dag.py
[2023-04-29T22:37:52.692+0000] {logging_mixin.py:137} INFO - [2023-04-29T22:37:52.691+0000] {dag.py:2693} INFO - Sync 2 DAGs
[2023-04-29T22:37:52.713+0000] {logging_mixin.py:137} INFO - [2023-04-29T22:37:52.713+0000] {dag.py:3444} INFO - Setting next_dagrun for example_external_task_marker_child to None, run_after=None
[2023-04-29T22:37:52.717+0000] {logging_mixin.py:137} INFO - [2023-04-29T22:37:52.717+0000] {dag.py:3444} INFO - Setting next_dagrun for example_external_task_marker_parent to None, run_after=None
[2023-04-29T22:37:52.734+0000] {processor.py:175} INFO - Processing /home/airflow/.local/lib/python3.7/site-packages/airflow/example_dags/example_external_task_marker_dag.py took 0.099 seconds
[2023-04-29T22:38:23.297+0000] {processor.py:153} INFO - Started process (PID=1518) to work on /home/airflow/.local/lib/python3.7/site-packages/airflow/example_dags/example_external_task_marker_dag.py
[2023-04-29T22:38:23.300+0000] {processor.py:743} INFO - Processing file /home/airflow/.local/lib/python3.7/site-packages/airflow/example_dags/example_external_task_marker_dag.py for tasks to queue
[2023-04-29T22:38:23.301+0000] {logging_mixin.py:137} INFO - [2023-04-29T22:38:23.301+0000] {dagbag.py:532} INFO - Filling up the DagBag from /home/airflow/.local/lib/python3.7/site-packages/airflow/example_dags/example_external_task_marker_dag.py
[2023-04-29T22:38:23.317+0000] {processor.py:753} INFO - DAG(s) dict_keys(['example_external_task_marker_parent', 'example_external_task_marker_child']) retrieved from /home/airflow/.local/lib/python3.7/site-packages/airflow/example_dags/example_external_task_marker_dag.py
[2023-04-29T22:38:23.350+0000] {logging_mixin.py:137} INFO - [2023-04-29T22:38:23.350+0000] {dag.py:2693} INFO - Sync 2 DAGs
[2023-04-29T22:38:23.367+0000] {logging_mixin.py:137} INFO - [2023-04-29T22:38:23.367+0000] {dag.py:3444} INFO - Setting next_dagrun for example_external_task_marker_child to None, run_after=None
[2023-04-29T22:38:23.369+0000] {logging_mixin.py:137} INFO - [2023-04-29T22:38:23.369+0000] {dag.py:3444} INFO - Setting next_dagrun for example_external_task_marker_parent to None, run_after=None
[2023-04-29T22:38:23.386+0000] {processor.py:175} INFO - Processing /home/airflow/.local/lib/python3.7/site-packages/airflow/example_dags/example_external_task_marker_dag.py took 0.096 seconds
[2023-04-29T22:38:54.023+0000] {processor.py:153} INFO - Started process (PID=1569) to work on /home/airflow/.local/lib/python3.7/site-packages/airflow/example_dags/example_external_task_marker_dag.py
[2023-04-29T22:38:54.025+0000] {processor.py:743} INFO - Processing file /home/airflow/.local/lib/python3.7/site-packages/airflow/example_dags/example_external_task_marker_dag.py for tasks to queue
[2023-04-29T22:38:54.027+0000] {logging_mixin.py:137} INFO - [2023-04-29T22:38:54.027+0000] {dagbag.py:532} INFO - Filling up the DagBag from /home/airflow/.local/lib/python3.7/site-packages/airflow/example_dags/example_external_task_marker_dag.py
[2023-04-29T22:38:54.044+0000] {processor.py:753} INFO - DAG(s) dict_keys(['example_external_task_marker_parent', 'example_external_task_marker_child']) retrieved from /home/airflow/.local/lib/python3.7/site-packages/airflow/example_dags/example_external_task_marker_dag.py
[2023-04-29T22:38:54.070+0000] {logging_mixin.py:137} INFO - [2023-04-29T22:38:54.070+0000] {dag.py:2693} INFO - Sync 2 DAGs
[2023-04-29T22:38:54.088+0000] {logging_mixin.py:137} INFO - [2023-04-29T22:38:54.088+0000] {dag.py:3444} INFO - Setting next_dagrun for example_external_task_marker_child to None, run_after=None
[2023-04-29T22:38:54.090+0000] {logging_mixin.py:137} INFO - [2023-04-29T22:38:54.090+0000] {dag.py:3444} INFO - Setting next_dagrun for example_external_task_marker_parent to None, run_after=None
[2023-04-29T22:38:54.100+0000] {processor.py:175} INFO - Processing /home/airflow/.local/lib/python3.7/site-packages/airflow/example_dags/example_external_task_marker_dag.py took 0.084 seconds
[2023-04-29T22:39:24.642+0000] {processor.py:153} INFO - Started process (PID=1620) to work on /home/airflow/.local/lib/python3.7/site-packages/airflow/example_dags/example_external_task_marker_dag.py
[2023-04-29T22:39:24.645+0000] {processor.py:743} INFO - Processing file /home/airflow/.local/lib/python3.7/site-packages/airflow/example_dags/example_external_task_marker_dag.py for tasks to queue
[2023-04-29T22:39:24.646+0000] {logging_mixin.py:137} INFO - [2023-04-29T22:39:24.646+0000] {dagbag.py:532} INFO - Filling up the DagBag from /home/airflow/.local/lib/python3.7/site-packages/airflow/example_dags/example_external_task_marker_dag.py
[2023-04-29T22:39:24.661+0000] {processor.py:753} INFO - DAG(s) dict_keys(['example_external_task_marker_parent', 'example_external_task_marker_child']) retrieved from /home/airflow/.local/lib/python3.7/site-packages/airflow/example_dags/example_external_task_marker_dag.py
[2023-04-29T22:39:24.687+0000] {logging_mixin.py:137} INFO - [2023-04-29T22:39:24.687+0000] {dag.py:2693} INFO - Sync 2 DAGs
[2023-04-29T22:39:24.703+0000] {logging_mixin.py:137} INFO - [2023-04-29T22:39:24.703+0000] {dag.py:3444} INFO - Setting next_dagrun for example_external_task_marker_child to None, run_after=None
[2023-04-29T22:39:24.706+0000] {logging_mixin.py:137} INFO - [2023-04-29T22:39:24.706+0000] {dag.py:3444} INFO - Setting next_dagrun for example_external_task_marker_parent to None, run_after=None
[2023-04-29T22:39:24.715+0000] {processor.py:175} INFO - Processing /home/airflow/.local/lib/python3.7/site-packages/airflow/example_dags/example_external_task_marker_dag.py took 0.080 seconds
[2023-04-29T22:39:55.166+0000] {processor.py:153} INFO - Started process (PID=1672) to work on /home/airflow/.local/lib/python3.7/site-packages/airflow/example_dags/example_external_task_marker_dag.py
[2023-04-29T22:39:55.169+0000] {processor.py:743} INFO - Processing file /home/airflow/.local/lib/python3.7/site-packages/airflow/example_dags/example_external_task_marker_dag.py for tasks to queue
[2023-04-29T22:39:55.170+0000] {logging_mixin.py:137} INFO - [2023-04-29T22:39:55.170+0000] {dagbag.py:532} INFO - Filling up the DagBag from /home/airflow/.local/lib/python3.7/site-packages/airflow/example_dags/example_external_task_marker_dag.py
[2023-04-29T22:39:55.186+0000] {processor.py:753} INFO - DAG(s) dict_keys(['example_external_task_marker_child', 'example_external_task_marker_parent']) retrieved from /home/airflow/.local/lib/python3.7/site-packages/airflow/example_dags/example_external_task_marker_dag.py
[2023-04-29T22:39:55.214+0000] {logging_mixin.py:137} INFO - [2023-04-29T22:39:55.214+0000] {dag.py:2693} INFO - Sync 2 DAGs
[2023-04-29T22:39:55.230+0000] {logging_mixin.py:137} INFO - [2023-04-29T22:39:55.230+0000] {dag.py:3444} INFO - Setting next_dagrun for example_external_task_marker_child to None, run_after=None
[2023-04-29T22:39:55.233+0000] {logging_mixin.py:137} INFO - [2023-04-29T22:39:55.233+0000] {dag.py:3444} INFO - Setting next_dagrun for example_external_task_marker_parent to None, run_after=None
[2023-04-29T22:39:55.245+0000] {processor.py:175} INFO - Processing /home/airflow/.local/lib/python3.7/site-packages/airflow/example_dags/example_external_task_marker_dag.py took 0.086 seconds
[2023-04-29T22:40:25.850+0000] {processor.py:153} INFO - Started process (PID=1723) to work on /home/airflow/.local/lib/python3.7/site-packages/airflow/example_dags/example_external_task_marker_dag.py
[2023-04-29T22:40:25.853+0000] {processor.py:743} INFO - Processing file /home/airflow/.local/lib/python3.7/site-packages/airflow/example_dags/example_external_task_marker_dag.py for tasks to queue
[2023-04-29T22:40:25.854+0000] {logging_mixin.py:137} INFO - [2023-04-29T22:40:25.854+0000] {dagbag.py:532} INFO - Filling up the DagBag from /home/airflow/.local/lib/python3.7/site-packages/airflow/example_dags/example_external_task_marker_dag.py
[2023-04-29T22:40:25.871+0000] {processor.py:753} INFO - DAG(s) dict_keys(['example_external_task_marker_parent', 'example_external_task_marker_child']) retrieved from /home/airflow/.local/lib/python3.7/site-packages/airflow/example_dags/example_external_task_marker_dag.py
[2023-04-29T22:40:25.903+0000] {logging_mixin.py:137} INFO - [2023-04-29T22:40:25.903+0000] {dag.py:2693} INFO - Sync 2 DAGs
[2023-04-29T22:40:25.919+0000] {logging_mixin.py:137} INFO - [2023-04-29T22:40:25.919+0000] {dag.py:3444} INFO - Setting next_dagrun for example_external_task_marker_child to None, run_after=None
[2023-04-29T22:40:25.921+0000] {logging_mixin.py:137} INFO - [2023-04-29T22:40:25.921+0000] {dag.py:3444} INFO - Setting next_dagrun for example_external_task_marker_parent to None, run_after=None
[2023-04-29T22:40:25.931+0000] {processor.py:175} INFO - Processing /home/airflow/.local/lib/python3.7/site-packages/airflow/example_dags/example_external_task_marker_dag.py took 0.087 seconds
[2023-04-29T22:40:56.783+0000] {processor.py:153} INFO - Started process (PID=1774) to work on /home/airflow/.local/lib/python3.7/site-packages/airflow/example_dags/example_external_task_marker_dag.py
[2023-04-29T22:40:56.785+0000] {processor.py:743} INFO - Processing file /home/airflow/.local/lib/python3.7/site-packages/airflow/example_dags/example_external_task_marker_dag.py for tasks to queue
[2023-04-29T22:40:56.787+0000] {logging_mixin.py:137} INFO - [2023-04-29T22:40:56.787+0000] {dagbag.py:532} INFO - Filling up the DagBag from /home/airflow/.local/lib/python3.7/site-packages/airflow/example_dags/example_external_task_marker_dag.py
[2023-04-29T22:40:56.803+0000] {processor.py:753} INFO - DAG(s) dict_keys(['example_external_task_marker_child', 'example_external_task_marker_parent']) retrieved from /home/airflow/.local/lib/python3.7/site-packages/airflow/example_dags/example_external_task_marker_dag.py
[2023-04-29T22:40:56.833+0000] {logging_mixin.py:137} INFO - [2023-04-29T22:40:56.833+0000] {dag.py:2693} INFO - Sync 2 DAGs
[2023-04-29T22:40:56.848+0000] {logging_mixin.py:137} INFO - [2023-04-29T22:40:56.848+0000] {dag.py:3444} INFO - Setting next_dagrun for example_external_task_marker_child to None, run_after=None
[2023-04-29T22:40:56.850+0000] {logging_mixin.py:137} INFO - [2023-04-29T22:40:56.850+0000] {dag.py:3444} INFO - Setting next_dagrun for example_external_task_marker_parent to None, run_after=None
[2023-04-29T22:40:56.859+0000] {processor.py:175} INFO - Processing /home/airflow/.local/lib/python3.7/site-packages/airflow/example_dags/example_external_task_marker_dag.py took 0.081 seconds
[2023-04-29T22:41:27.124+0000] {processor.py:153} INFO - Started process (PID=1826) to work on /home/airflow/.local/lib/python3.7/site-packages/airflow/example_dags/example_external_task_marker_dag.py
[2023-04-29T22:41:27.126+0000] {processor.py:743} INFO - Processing file /home/airflow/.local/lib/python3.7/site-packages/airflow/example_dags/example_external_task_marker_dag.py for tasks to queue
[2023-04-29T22:41:27.128+0000] {logging_mixin.py:137} INFO - [2023-04-29T22:41:27.127+0000] {dagbag.py:532} INFO - Filling up the DagBag from /home/airflow/.local/lib/python3.7/site-packages/airflow/example_dags/example_external_task_marker_dag.py
[2023-04-29T22:41:27.143+0000] {processor.py:753} INFO - DAG(s) dict_keys(['example_external_task_marker_child', 'example_external_task_marker_parent']) retrieved from /home/airflow/.local/lib/python3.7/site-packages/airflow/example_dags/example_external_task_marker_dag.py
[2023-04-29T22:41:27.169+0000] {logging_mixin.py:137} INFO - [2023-04-29T22:41:27.169+0000] {dag.py:2693} INFO - Sync 2 DAGs
[2023-04-29T22:41:27.183+0000] {logging_mixin.py:137} INFO - [2023-04-29T22:41:27.183+0000] {dag.py:3444} INFO - Setting next_dagrun for example_external_task_marker_child to None, run_after=None
[2023-04-29T22:41:27.186+0000] {logging_mixin.py:137} INFO - [2023-04-29T22:41:27.186+0000] {dag.py:3444} INFO - Setting next_dagrun for example_external_task_marker_parent to None, run_after=None
[2023-04-29T22:41:27.195+0000] {processor.py:175} INFO - Processing /home/airflow/.local/lib/python3.7/site-packages/airflow/example_dags/example_external_task_marker_dag.py took 0.077 seconds
[2023-04-29T22:41:57.548+0000] {processor.py:153} INFO - Started process (PID=1884) to work on /home/airflow/.local/lib/python3.7/site-packages/airflow/example_dags/example_external_task_marker_dag.py
[2023-04-29T22:41:57.549+0000] {processor.py:743} INFO - Processing file /home/airflow/.local/lib/python3.7/site-packages/airflow/example_dags/example_external_task_marker_dag.py for tasks to queue
[2023-04-29T22:41:57.550+0000] {logging_mixin.py:137} INFO - [2023-04-29T22:41:57.549+0000] {dagbag.py:532} INFO - Filling up the DagBag from /home/airflow/.local/lib/python3.7/site-packages/airflow/example_dags/example_external_task_marker_dag.py
[2023-04-29T22:41:57.560+0000] {processor.py:753} INFO - DAG(s) dict_keys(['example_external_task_marker_parent', 'example_external_task_marker_child']) retrieved from /home/airflow/.local/lib/python3.7/site-packages/airflow/example_dags/example_external_task_marker_dag.py
[2023-04-29T22:41:57.584+0000] {logging_mixin.py:137} INFO - [2023-04-29T22:41:57.584+0000] {dag.py:2693} INFO - Sync 2 DAGs
[2023-04-29T22:41:57.604+0000] {logging_mixin.py:137} INFO - [2023-04-29T22:41:57.604+0000] {dag.py:3444} INFO - Setting next_dagrun for example_external_task_marker_child to None, run_after=None
[2023-04-29T22:41:57.608+0000] {logging_mixin.py:137} INFO - [2023-04-29T22:41:57.608+0000] {dag.py:3444} INFO - Setting next_dagrun for example_external_task_marker_parent to None, run_after=None
[2023-04-29T22:41:57.621+0000] {processor.py:175} INFO - Processing /home/airflow/.local/lib/python3.7/site-packages/airflow/example_dags/example_external_task_marker_dag.py took 0.076 seconds
[2023-04-29T22:42:28.174+0000] {processor.py:153} INFO - Started process (PID=1935) to work on /home/airflow/.local/lib/python3.7/site-packages/airflow/example_dags/example_external_task_marker_dag.py
[2023-04-29T22:42:28.177+0000] {processor.py:743} INFO - Processing file /home/airflow/.local/lib/python3.7/site-packages/airflow/example_dags/example_external_task_marker_dag.py for tasks to queue
[2023-04-29T22:42:28.179+0000] {logging_mixin.py:137} INFO - [2023-04-29T22:42:28.178+0000] {dagbag.py:532} INFO - Filling up the DagBag from /home/airflow/.local/lib/python3.7/site-packages/airflow/example_dags/example_external_task_marker_dag.py
[2023-04-29T22:42:28.196+0000] {processor.py:753} INFO - DAG(s) dict_keys(['example_external_task_marker_child', 'example_external_task_marker_parent']) retrieved from /home/airflow/.local/lib/python3.7/site-packages/airflow/example_dags/example_external_task_marker_dag.py
[2023-04-29T22:42:28.236+0000] {logging_mixin.py:137} INFO - [2023-04-29T22:42:28.236+0000] {dag.py:2693} INFO - Sync 2 DAGs
[2023-04-29T22:42:28.264+0000] {logging_mixin.py:137} INFO - [2023-04-29T22:42:28.264+0000] {dag.py:3444} INFO - Setting next_dagrun for example_external_task_marker_child to None, run_after=None
[2023-04-29T22:42:28.267+0000] {logging_mixin.py:137} INFO - [2023-04-29T22:42:28.267+0000] {dag.py:3444} INFO - Setting next_dagrun for example_external_task_marker_parent to None, run_after=None
[2023-04-29T22:42:28.278+0000] {processor.py:175} INFO - Processing /home/airflow/.local/lib/python3.7/site-packages/airflow/example_dags/example_external_task_marker_dag.py took 0.111 seconds
[2023-04-29T22:42:58.922+0000] {processor.py:153} INFO - Started process (PID=1986) to work on /home/airflow/.local/lib/python3.7/site-packages/airflow/example_dags/example_external_task_marker_dag.py
[2023-04-29T22:42:58.923+0000] {processor.py:743} INFO - Processing file /home/airflow/.local/lib/python3.7/site-packages/airflow/example_dags/example_external_task_marker_dag.py for tasks to queue
[2023-04-29T22:42:58.924+0000] {logging_mixin.py:137} INFO - [2023-04-29T22:42:58.924+0000] {dagbag.py:532} INFO - Filling up the DagBag from /home/airflow/.local/lib/python3.7/site-packages/airflow/example_dags/example_external_task_marker_dag.py
[2023-04-29T22:42:58.936+0000] {processor.py:753} INFO - DAG(s) dict_keys(['example_external_task_marker_child', 'example_external_task_marker_parent']) retrieved from /home/airflow/.local/lib/python3.7/site-packages/airflow/example_dags/example_external_task_marker_dag.py
[2023-04-29T22:42:58.963+0000] {logging_mixin.py:137} INFO - [2023-04-29T22:42:58.962+0000] {dag.py:2693} INFO - Sync 2 DAGs
[2023-04-29T22:42:58.979+0000] {logging_mixin.py:137} INFO - [2023-04-29T22:42:58.979+0000] {dag.py:3444} INFO - Setting next_dagrun for example_external_task_marker_child to None, run_after=None
[2023-04-29T22:42:58.982+0000] {logging_mixin.py:137} INFO - [2023-04-29T22:42:58.982+0000] {dag.py:3444} INFO - Setting next_dagrun for example_external_task_marker_parent to None, run_after=None
[2023-04-29T22:42:58.995+0000] {processor.py:175} INFO - Processing /home/airflow/.local/lib/python3.7/site-packages/airflow/example_dags/example_external_task_marker_dag.py took 0.077 seconds
[2023-04-29T22:43:29.654+0000] {processor.py:153} INFO - Started process (PID=2037) to work on /home/airflow/.local/lib/python3.7/site-packages/airflow/example_dags/example_external_task_marker_dag.py
[2023-04-29T22:43:29.656+0000] {processor.py:743} INFO - Processing file /home/airflow/.local/lib/python3.7/site-packages/airflow/example_dags/example_external_task_marker_dag.py for tasks to queue
[2023-04-29T22:43:29.657+0000] {logging_mixin.py:137} INFO - [2023-04-29T22:43:29.657+0000] {dagbag.py:532} INFO - Filling up the DagBag from /home/airflow/.local/lib/python3.7/site-packages/airflow/example_dags/example_external_task_marker_dag.py
[2023-04-29T22:43:29.668+0000] {processor.py:753} INFO - DAG(s) dict_keys(['example_external_task_marker_child', 'example_external_task_marker_parent']) retrieved from /home/airflow/.local/lib/python3.7/site-packages/airflow/example_dags/example_external_task_marker_dag.py
[2023-04-29T22:43:29.692+0000] {logging_mixin.py:137} INFO - [2023-04-29T22:43:29.692+0000] {dag.py:2693} INFO - Sync 2 DAGs
[2023-04-29T22:43:29.709+0000] {logging_mixin.py:137} INFO - [2023-04-29T22:43:29.709+0000] {dag.py:3444} INFO - Setting next_dagrun for example_external_task_marker_child to None, run_after=None
[2023-04-29T22:43:29.711+0000] {logging_mixin.py:137} INFO - [2023-04-29T22:43:29.711+0000] {dag.py:3444} INFO - Setting next_dagrun for example_external_task_marker_parent to None, run_after=None
[2023-04-29T22:43:29.721+0000] {processor.py:175} INFO - Processing /home/airflow/.local/lib/python3.7/site-packages/airflow/example_dags/example_external_task_marker_dag.py took 0.070 seconds
[2023-04-29T22:44:00.261+0000] {processor.py:153} INFO - Started process (PID=2088) to work on /home/airflow/.local/lib/python3.7/site-packages/airflow/example_dags/example_external_task_marker_dag.py
[2023-04-29T22:44:00.264+0000] {processor.py:743} INFO - Processing file /home/airflow/.local/lib/python3.7/site-packages/airflow/example_dags/example_external_task_marker_dag.py for tasks to queue
[2023-04-29T22:44:00.265+0000] {logging_mixin.py:137} INFO - [2023-04-29T22:44:00.265+0000] {dagbag.py:532} INFO - Filling up the DagBag from /home/airflow/.local/lib/python3.7/site-packages/airflow/example_dags/example_external_task_marker_dag.py
[2023-04-29T22:44:00.289+0000] {processor.py:753} INFO - DAG(s) dict_keys(['example_external_task_marker_child', 'example_external_task_marker_parent']) retrieved from /home/airflow/.local/lib/python3.7/site-packages/airflow/example_dags/example_external_task_marker_dag.py
[2023-04-29T22:44:00.341+0000] {logging_mixin.py:137} INFO - [2023-04-29T22:44:00.341+0000] {dag.py:2693} INFO - Sync 2 DAGs
[2023-04-29T22:44:00.366+0000] {logging_mixin.py:137} INFO - [2023-04-29T22:44:00.366+0000] {dag.py:3444} INFO - Setting next_dagrun for example_external_task_marker_child to None, run_after=None
[2023-04-29T22:44:00.369+0000] {logging_mixin.py:137} INFO - [2023-04-29T22:44:00.369+0000] {dag.py:3444} INFO - Setting next_dagrun for example_external_task_marker_parent to None, run_after=None
[2023-04-29T22:44:00.385+0000] {processor.py:175} INFO - Processing /home/airflow/.local/lib/python3.7/site-packages/airflow/example_dags/example_external_task_marker_dag.py took 0.131 seconds
[2023-04-29T22:44:30.986+0000] {processor.py:153} INFO - Started process (PID=2139) to work on /home/airflow/.local/lib/python3.7/site-packages/airflow/example_dags/example_external_task_marker_dag.py
[2023-04-29T22:44:30.987+0000] {processor.py:743} INFO - Processing file /home/airflow/.local/lib/python3.7/site-packages/airflow/example_dags/example_external_task_marker_dag.py for tasks to queue
[2023-04-29T22:44:30.988+0000] {logging_mixin.py:137} INFO - [2023-04-29T22:44:30.988+0000] {dagbag.py:532} INFO - Filling up the DagBag from /home/airflow/.local/lib/python3.7/site-packages/airflow/example_dags/example_external_task_marker_dag.py
[2023-04-29T22:44:30.999+0000] {processor.py:753} INFO - DAG(s) dict_keys(['example_external_task_marker_parent', 'example_external_task_marker_child']) retrieved from /home/airflow/.local/lib/python3.7/site-packages/airflow/example_dags/example_external_task_marker_dag.py
[2023-04-29T22:44:31.024+0000] {logging_mixin.py:137} INFO - [2023-04-29T22:44:31.024+0000] {dag.py:2693} INFO - Sync 2 DAGs
[2023-04-29T22:44:31.041+0000] {logging_mixin.py:137} INFO - [2023-04-29T22:44:31.041+0000] {dag.py:3444} INFO - Setting next_dagrun for example_external_task_marker_child to None, run_after=None
[2023-04-29T22:44:31.044+0000] {logging_mixin.py:137} INFO - [2023-04-29T22:44:31.044+0000] {dag.py:3444} INFO - Setting next_dagrun for example_external_task_marker_parent to None, run_after=None
[2023-04-29T22:44:31.056+0000] {processor.py:175} INFO - Processing /home/airflow/.local/lib/python3.7/site-packages/airflow/example_dags/example_external_task_marker_dag.py took 0.073 seconds
[2023-04-29T22:45:01.588+0000] {processor.py:153} INFO - Started process (PID=2190) to work on /home/airflow/.local/lib/python3.7/site-packages/airflow/example_dags/example_external_task_marker_dag.py
[2023-04-29T22:45:01.591+0000] {processor.py:743} INFO - Processing file /home/airflow/.local/lib/python3.7/site-packages/airflow/example_dags/example_external_task_marker_dag.py for tasks to queue
[2023-04-29T22:45:01.594+0000] {logging_mixin.py:137} INFO - [2023-04-29T22:45:01.594+0000] {dagbag.py:532} INFO - Filling up the DagBag from /home/airflow/.local/lib/python3.7/site-packages/airflow/example_dags/example_external_task_marker_dag.py
[2023-04-29T22:45:01.612+0000] {processor.py:753} INFO - DAG(s) dict_keys(['example_external_task_marker_parent', 'example_external_task_marker_child']) retrieved from /home/airflow/.local/lib/python3.7/site-packages/airflow/example_dags/example_external_task_marker_dag.py
[2023-04-29T22:45:01.638+0000] {logging_mixin.py:137} INFO - [2023-04-29T22:45:01.638+0000] {dag.py:2693} INFO - Sync 2 DAGs
[2023-04-29T22:45:01.652+0000] {logging_mixin.py:137} INFO - [2023-04-29T22:45:01.652+0000] {dag.py:3444} INFO - Setting next_dagrun for example_external_task_marker_child to None, run_after=None
[2023-04-29T22:45:01.655+0000] {logging_mixin.py:137} INFO - [2023-04-29T22:45:01.655+0000] {dag.py:3444} INFO - Setting next_dagrun for example_external_task_marker_parent to None, run_after=None
[2023-04-29T22:45:01.664+0000] {processor.py:175} INFO - Processing /home/airflow/.local/lib/python3.7/site-packages/airflow/example_dags/example_external_task_marker_dag.py took 0.084 seconds
[2023-04-29T22:45:32.290+0000] {processor.py:153} INFO - Started process (PID=2241) to work on /home/airflow/.local/lib/python3.7/site-packages/airflow/example_dags/example_external_task_marker_dag.py
[2023-04-29T22:45:32.292+0000] {processor.py:743} INFO - Processing file /home/airflow/.local/lib/python3.7/site-packages/airflow/example_dags/example_external_task_marker_dag.py for tasks to queue
[2023-04-29T22:45:32.292+0000] {logging_mixin.py:137} INFO - [2023-04-29T22:45:32.292+0000] {dagbag.py:532} INFO - Filling up the DagBag from /home/airflow/.local/lib/python3.7/site-packages/airflow/example_dags/example_external_task_marker_dag.py
[2023-04-29T22:45:32.304+0000] {processor.py:753} INFO - DAG(s) dict_keys(['example_external_task_marker_child', 'example_external_task_marker_parent']) retrieved from /home/airflow/.local/lib/python3.7/site-packages/airflow/example_dags/example_external_task_marker_dag.py
[2023-04-29T22:45:32.328+0000] {logging_mixin.py:137} INFO - [2023-04-29T22:45:32.328+0000] {dag.py:2693} INFO - Sync 2 DAGs
[2023-04-29T22:45:32.343+0000] {logging_mixin.py:137} INFO - [2023-04-29T22:45:32.343+0000] {dag.py:3444} INFO - Setting next_dagrun for example_external_task_marker_child to None, run_after=None
[2023-04-29T22:45:32.345+0000] {logging_mixin.py:137} INFO - [2023-04-29T22:45:32.345+0000] {dag.py:3444} INFO - Setting next_dagrun for example_external_task_marker_parent to None, run_after=None
[2023-04-29T22:45:32.361+0000] {processor.py:175} INFO - Processing /home/airflow/.local/lib/python3.7/site-packages/airflow/example_dags/example_external_task_marker_dag.py took 0.076 seconds
[2023-04-29T22:46:03.284+0000] {processor.py:153} INFO - Started process (PID=2292) to work on /home/airflow/.local/lib/python3.7/site-packages/airflow/example_dags/example_external_task_marker_dag.py
[2023-04-29T22:46:03.286+0000] {processor.py:743} INFO - Processing file /home/airflow/.local/lib/python3.7/site-packages/airflow/example_dags/example_external_task_marker_dag.py for tasks to queue
[2023-04-29T22:46:03.287+0000] {logging_mixin.py:137} INFO - [2023-04-29T22:46:03.287+0000] {dagbag.py:532} INFO - Filling up the DagBag from /home/airflow/.local/lib/python3.7/site-packages/airflow/example_dags/example_external_task_marker_dag.py
[2023-04-29T22:46:03.299+0000] {processor.py:753} INFO - DAG(s) dict_keys(['example_external_task_marker_parent', 'example_external_task_marker_child']) retrieved from /home/airflow/.local/lib/python3.7/site-packages/airflow/example_dags/example_external_task_marker_dag.py
[2023-04-29T22:46:03.324+0000] {logging_mixin.py:137} INFO - [2023-04-29T22:46:03.323+0000] {dag.py:2693} INFO - Sync 2 DAGs
[2023-04-29T22:46:03.340+0000] {logging_mixin.py:137} INFO - [2023-04-29T22:46:03.340+0000] {dag.py:3444} INFO - Setting next_dagrun for example_external_task_marker_child to None, run_after=None
[2023-04-29T22:46:03.343+0000] {logging_mixin.py:137} INFO - [2023-04-29T22:46:03.343+0000] {dag.py:3444} INFO - Setting next_dagrun for example_external_task_marker_parent to None, run_after=None
[2023-04-29T22:46:03.352+0000] {processor.py:175} INFO - Processing /home/airflow/.local/lib/python3.7/site-packages/airflow/example_dags/example_external_task_marker_dag.py took 0.073 seconds
