[2023-04-29T22:23:34.480+0000] {processor.py:153} INFO - Started process (PID=44) to work on /home/airflow/.local/lib/python3.7/site-packages/airflow/example_dags/example_branch_labels.py
[2023-04-29T22:23:34.487+0000] {processor.py:743} INFO - Processing file /home/airflow/.local/lib/python3.7/site-packages/airflow/example_dags/example_branch_labels.py for tasks to queue
[2023-04-29T22:23:34.492+0000] {logging_mixin.py:137} INFO - [2023-04-29T22:23:34.491+0000] {dagbag.py:532} INFO - Filling up the DagBag from /home/airflow/.local/lib/python3.7/site-packages/airflow/example_dags/example_branch_labels.py
[2023-04-29T22:23:34.650+0000] {processor.py:753} INFO - DAG(s) dict_keys(['example_branch_labels']) retrieved from /home/airflow/.local/lib/python3.7/site-packages/airflow/example_dags/example_branch_labels.py
[2023-04-29T22:23:34.771+0000] {logging_mixin.py:137} INFO - [2023-04-29T22:23:34.770+0000] {dag.py:2693} INFO - Sync 1 DAGs
[2023-04-29T22:23:34.942+0000] {logging_mixin.py:137} INFO - [2023-04-29T22:23:34.942+0000] {dag.py:3444} INFO - Setting next_dagrun for example_branch_labels to 2023-04-28T00:00:00+00:00, run_after=2023-04-29T00:00:00+00:00
[2023-04-29T22:23:35.009+0000] {processor.py:175} INFO - Processing /home/airflow/.local/lib/python3.7/site-packages/airflow/example_dags/example_branch_labels.py took 0.544 seconds
[2023-04-29T22:24:05.202+0000] {processor.py:153} INFO - Started process (PID=95) to work on /home/airflow/.local/lib/python3.7/site-packages/airflow/example_dags/example_branch_labels.py
[2023-04-29T22:24:05.204+0000] {processor.py:743} INFO - Processing file /home/airflow/.local/lib/python3.7/site-packages/airflow/example_dags/example_branch_labels.py for tasks to queue
[2023-04-29T22:24:05.205+0000] {logging_mixin.py:137} INFO - [2023-04-29T22:24:05.205+0000] {dagbag.py:532} INFO - Filling up the DagBag from /home/airflow/.local/lib/python3.7/site-packages/airflow/example_dags/example_branch_labels.py
[2023-04-29T22:24:05.226+0000] {processor.py:753} INFO - DAG(s) dict_keys(['example_branch_labels']) retrieved from /home/airflow/.local/lib/python3.7/site-packages/airflow/example_dags/example_branch_labels.py
[2023-04-29T22:24:05.250+0000] {logging_mixin.py:137} INFO - [2023-04-29T22:24:05.250+0000] {dag.py:2693} INFO - Sync 1 DAGs
[2023-04-29T22:24:05.268+0000] {logging_mixin.py:137} INFO - [2023-04-29T22:24:05.268+0000] {dag.py:3444} INFO - Setting next_dagrun for example_branch_labels to 2023-04-28T00:00:00+00:00, run_after=2023-04-29T00:00:00+00:00
[2023-04-29T22:24:05.281+0000] {processor.py:175} INFO - Processing /home/airflow/.local/lib/python3.7/site-packages/airflow/example_dags/example_branch_labels.py took 0.084 seconds
[2023-04-29T22:24:35.853+0000] {processor.py:153} INFO - Started process (PID=147) to work on /home/airflow/.local/lib/python3.7/site-packages/airflow/example_dags/example_branch_labels.py
[2023-04-29T22:24:35.855+0000] {processor.py:743} INFO - Processing file /home/airflow/.local/lib/python3.7/site-packages/airflow/example_dags/example_branch_labels.py for tasks to queue
[2023-04-29T22:24:35.856+0000] {logging_mixin.py:137} INFO - [2023-04-29T22:24:35.856+0000] {dagbag.py:532} INFO - Filling up the DagBag from /home/airflow/.local/lib/python3.7/site-packages/airflow/example_dags/example_branch_labels.py
[2023-04-29T22:24:35.873+0000] {processor.py:753} INFO - DAG(s) dict_keys(['example_branch_labels']) retrieved from /home/airflow/.local/lib/python3.7/site-packages/airflow/example_dags/example_branch_labels.py
[2023-04-29T22:24:35.905+0000] {logging_mixin.py:137} INFO - [2023-04-29T22:24:35.905+0000] {dag.py:2693} INFO - Sync 1 DAGs
[2023-04-29T22:24:35.921+0000] {logging_mixin.py:137} INFO - [2023-04-29T22:24:35.920+0000] {dag.py:3444} INFO - Setting next_dagrun for example_branch_labels to 2023-04-28T00:00:00+00:00, run_after=2023-04-29T00:00:00+00:00
[2023-04-29T22:24:35.931+0000] {processor.py:175} INFO - Processing /home/airflow/.local/lib/python3.7/site-packages/airflow/example_dags/example_branch_labels.py took 0.084 seconds
[2023-04-29T22:25:06.530+0000] {processor.py:153} INFO - Started process (PID=198) to work on /home/airflow/.local/lib/python3.7/site-packages/airflow/example_dags/example_branch_labels.py
[2023-04-29T22:25:06.534+0000] {processor.py:743} INFO - Processing file /home/airflow/.local/lib/python3.7/site-packages/airflow/example_dags/example_branch_labels.py for tasks to queue
[2023-04-29T22:25:06.535+0000] {logging_mixin.py:137} INFO - [2023-04-29T22:25:06.535+0000] {dagbag.py:532} INFO - Filling up the DagBag from /home/airflow/.local/lib/python3.7/site-packages/airflow/example_dags/example_branch_labels.py
[2023-04-29T22:25:06.550+0000] {processor.py:753} INFO - DAG(s) dict_keys(['example_branch_labels']) retrieved from /home/airflow/.local/lib/python3.7/site-packages/airflow/example_dags/example_branch_labels.py
[2023-04-29T22:25:06.575+0000] {logging_mixin.py:137} INFO - [2023-04-29T22:25:06.575+0000] {dag.py:2693} INFO - Sync 1 DAGs
[2023-04-29T22:25:06.591+0000] {logging_mixin.py:137} INFO - [2023-04-29T22:25:06.591+0000] {dag.py:3444} INFO - Setting next_dagrun for example_branch_labels to 2023-04-28T00:00:00+00:00, run_after=2023-04-29T00:00:00+00:00
[2023-04-29T22:25:06.602+0000] {processor.py:175} INFO - Processing /home/airflow/.local/lib/python3.7/site-packages/airflow/example_dags/example_branch_labels.py took 0.076 seconds
[2023-04-29T22:25:37.399+0000] {processor.py:153} INFO - Started process (PID=249) to work on /home/airflow/.local/lib/python3.7/site-packages/airflow/example_dags/example_branch_labels.py
[2023-04-29T22:25:37.401+0000] {processor.py:743} INFO - Processing file /home/airflow/.local/lib/python3.7/site-packages/airflow/example_dags/example_branch_labels.py for tasks to queue
[2023-04-29T22:25:37.403+0000] {logging_mixin.py:137} INFO - [2023-04-29T22:25:37.403+0000] {dagbag.py:532} INFO - Filling up the DagBag from /home/airflow/.local/lib/python3.7/site-packages/airflow/example_dags/example_branch_labels.py
[2023-04-29T22:25:37.420+0000] {processor.py:753} INFO - DAG(s) dict_keys(['example_branch_labels']) retrieved from /home/airflow/.local/lib/python3.7/site-packages/airflow/example_dags/example_branch_labels.py
[2023-04-29T22:25:37.444+0000] {logging_mixin.py:137} INFO - [2023-04-29T22:25:37.444+0000] {dag.py:2693} INFO - Sync 1 DAGs
[2023-04-29T22:25:37.461+0000] {logging_mixin.py:137} INFO - [2023-04-29T22:25:37.461+0000] {dag.py:3444} INFO - Setting next_dagrun for example_branch_labels to 2023-04-28T00:00:00+00:00, run_after=2023-04-29T00:00:00+00:00
[2023-04-29T22:25:37.473+0000] {processor.py:175} INFO - Processing /home/airflow/.local/lib/python3.7/site-packages/airflow/example_dags/example_branch_labels.py took 0.079 seconds
[2023-04-29T22:26:08.258+0000] {processor.py:153} INFO - Started process (PID=300) to work on /home/airflow/.local/lib/python3.7/site-packages/airflow/example_dags/example_branch_labels.py
[2023-04-29T22:26:08.259+0000] {processor.py:743} INFO - Processing file /home/airflow/.local/lib/python3.7/site-packages/airflow/example_dags/example_branch_labels.py for tasks to queue
[2023-04-29T22:26:08.261+0000] {logging_mixin.py:137} INFO - [2023-04-29T22:26:08.261+0000] {dagbag.py:532} INFO - Filling up the DagBag from /home/airflow/.local/lib/python3.7/site-packages/airflow/example_dags/example_branch_labels.py
[2023-04-29T22:26:08.276+0000] {processor.py:753} INFO - DAG(s) dict_keys(['example_branch_labels']) retrieved from /home/airflow/.local/lib/python3.7/site-packages/airflow/example_dags/example_branch_labels.py
[2023-04-29T22:26:08.302+0000] {logging_mixin.py:137} INFO - [2023-04-29T22:26:08.302+0000] {dag.py:2693} INFO - Sync 1 DAGs
[2023-04-29T22:26:08.322+0000] {logging_mixin.py:137} INFO - [2023-04-29T22:26:08.322+0000] {dag.py:3444} INFO - Setting next_dagrun for example_branch_labels to 2023-04-28T00:00:00+00:00, run_after=2023-04-29T00:00:00+00:00
[2023-04-29T22:26:08.334+0000] {processor.py:175} INFO - Processing /home/airflow/.local/lib/python3.7/site-packages/airflow/example_dags/example_branch_labels.py took 0.082 seconds
[2023-04-29T22:26:39.152+0000] {processor.py:153} INFO - Started process (PID=351) to work on /home/airflow/.local/lib/python3.7/site-packages/airflow/example_dags/example_branch_labels.py
[2023-04-29T22:26:39.154+0000] {processor.py:743} INFO - Processing file /home/airflow/.local/lib/python3.7/site-packages/airflow/example_dags/example_branch_labels.py for tasks to queue
[2023-04-29T22:26:39.156+0000] {logging_mixin.py:137} INFO - [2023-04-29T22:26:39.155+0000] {dagbag.py:532} INFO - Filling up the DagBag from /home/airflow/.local/lib/python3.7/site-packages/airflow/example_dags/example_branch_labels.py
[2023-04-29T22:26:39.171+0000] {processor.py:753} INFO - DAG(s) dict_keys(['example_branch_labels']) retrieved from /home/airflow/.local/lib/python3.7/site-packages/airflow/example_dags/example_branch_labels.py
[2023-04-29T22:26:39.196+0000] {logging_mixin.py:137} INFO - [2023-04-29T22:26:39.196+0000] {dag.py:2693} INFO - Sync 1 DAGs
[2023-04-29T22:26:39.214+0000] {logging_mixin.py:137} INFO - [2023-04-29T22:26:39.214+0000] {dag.py:3444} INFO - Setting next_dagrun for example_branch_labels to 2023-04-28T00:00:00+00:00, run_after=2023-04-29T00:00:00+00:00
[2023-04-29T22:26:39.226+0000] {processor.py:175} INFO - Processing /home/airflow/.local/lib/python3.7/site-packages/airflow/example_dags/example_branch_labels.py took 0.079 seconds
[2023-04-29T22:27:09.776+0000] {processor.py:153} INFO - Started process (PID=402) to work on /home/airflow/.local/lib/python3.7/site-packages/airflow/example_dags/example_branch_labels.py
[2023-04-29T22:27:09.778+0000] {processor.py:743} INFO - Processing file /home/airflow/.local/lib/python3.7/site-packages/airflow/example_dags/example_branch_labels.py for tasks to queue
[2023-04-29T22:27:09.779+0000] {logging_mixin.py:137} INFO - [2023-04-29T22:27:09.779+0000] {dagbag.py:532} INFO - Filling up the DagBag from /home/airflow/.local/lib/python3.7/site-packages/airflow/example_dags/example_branch_labels.py
[2023-04-29T22:27:09.793+0000] {processor.py:753} INFO - DAG(s) dict_keys(['example_branch_labels']) retrieved from /home/airflow/.local/lib/python3.7/site-packages/airflow/example_dags/example_branch_labels.py
[2023-04-29T22:27:09.815+0000] {logging_mixin.py:137} INFO - [2023-04-29T22:27:09.815+0000] {dag.py:2693} INFO - Sync 1 DAGs
[2023-04-29T22:27:09.831+0000] {logging_mixin.py:137} INFO - [2023-04-29T22:27:09.831+0000] {dag.py:3444} INFO - Setting next_dagrun for example_branch_labels to 2023-04-28T00:00:00+00:00, run_after=2023-04-29T00:00:00+00:00
[2023-04-29T22:27:09.843+0000] {processor.py:175} INFO - Processing /home/airflow/.local/lib/python3.7/site-packages/airflow/example_dags/example_branch_labels.py took 0.070 seconds
[2023-04-29T22:27:40.461+0000] {processor.py:153} INFO - Started process (PID=453) to work on /home/airflow/.local/lib/python3.7/site-packages/airflow/example_dags/example_branch_labels.py
[2023-04-29T22:27:40.464+0000] {processor.py:743} INFO - Processing file /home/airflow/.local/lib/python3.7/site-packages/airflow/example_dags/example_branch_labels.py for tasks to queue
[2023-04-29T22:27:40.466+0000] {logging_mixin.py:137} INFO - [2023-04-29T22:27:40.465+0000] {dagbag.py:532} INFO - Filling up the DagBag from /home/airflow/.local/lib/python3.7/site-packages/airflow/example_dags/example_branch_labels.py
[2023-04-29T22:27:40.485+0000] {processor.py:753} INFO - DAG(s) dict_keys(['example_branch_labels']) retrieved from /home/airflow/.local/lib/python3.7/site-packages/airflow/example_dags/example_branch_labels.py
[2023-04-29T22:27:40.511+0000] {logging_mixin.py:137} INFO - [2023-04-29T22:27:40.511+0000] {dag.py:2693} INFO - Sync 1 DAGs
[2023-04-29T22:27:40.532+0000] {logging_mixin.py:137} INFO - [2023-04-29T22:27:40.532+0000] {dag.py:3444} INFO - Setting next_dagrun for example_branch_labels to 2023-04-28T00:00:00+00:00, run_after=2023-04-29T00:00:00+00:00
[2023-04-29T22:27:40.544+0000] {processor.py:175} INFO - Processing /home/airflow/.local/lib/python3.7/site-packages/airflow/example_dags/example_branch_labels.py took 0.087 seconds
[2023-04-29T22:28:11.170+0000] {processor.py:153} INFO - Started process (PID=504) to work on /home/airflow/.local/lib/python3.7/site-packages/airflow/example_dags/example_branch_labels.py
[2023-04-29T22:28:11.172+0000] {processor.py:743} INFO - Processing file /home/airflow/.local/lib/python3.7/site-packages/airflow/example_dags/example_branch_labels.py for tasks to queue
[2023-04-29T22:28:11.173+0000] {logging_mixin.py:137} INFO - [2023-04-29T22:28:11.173+0000] {dagbag.py:532} INFO - Filling up the DagBag from /home/airflow/.local/lib/python3.7/site-packages/airflow/example_dags/example_branch_labels.py
[2023-04-29T22:28:11.211+0000] {processor.py:753} INFO - DAG(s) dict_keys(['example_branch_labels']) retrieved from /home/airflow/.local/lib/python3.7/site-packages/airflow/example_dags/example_branch_labels.py
[2023-04-29T22:28:11.264+0000] {logging_mixin.py:137} INFO - [2023-04-29T22:28:11.264+0000] {dag.py:2693} INFO - Sync 1 DAGs
[2023-04-29T22:28:11.294+0000] {logging_mixin.py:137} INFO - [2023-04-29T22:28:11.294+0000] {dag.py:3444} INFO - Setting next_dagrun for example_branch_labels to 2023-04-28T00:00:00+00:00, run_after=2023-04-29T00:00:00+00:00
[2023-04-29T22:28:11.314+0000] {processor.py:175} INFO - Processing /home/airflow/.local/lib/python3.7/site-packages/airflow/example_dags/example_branch_labels.py took 0.149 seconds
[2023-04-29T22:28:42.104+0000] {processor.py:153} INFO - Started process (PID=555) to work on /home/airflow/.local/lib/python3.7/site-packages/airflow/example_dags/example_branch_labels.py
[2023-04-29T22:28:42.108+0000] {processor.py:743} INFO - Processing file /home/airflow/.local/lib/python3.7/site-packages/airflow/example_dags/example_branch_labels.py for tasks to queue
[2023-04-29T22:28:42.114+0000] {logging_mixin.py:137} INFO - [2023-04-29T22:28:42.114+0000] {dagbag.py:532} INFO - Filling up the DagBag from /home/airflow/.local/lib/python3.7/site-packages/airflow/example_dags/example_branch_labels.py
[2023-04-29T22:28:42.138+0000] {processor.py:753} INFO - DAG(s) dict_keys(['example_branch_labels']) retrieved from /home/airflow/.local/lib/python3.7/site-packages/airflow/example_dags/example_branch_labels.py
[2023-04-29T22:28:42.198+0000] {logging_mixin.py:137} INFO - [2023-04-29T22:28:42.198+0000] {dag.py:2693} INFO - Sync 1 DAGs
[2023-04-29T22:28:42.233+0000] {logging_mixin.py:137} INFO - [2023-04-29T22:28:42.233+0000] {dag.py:3444} INFO - Setting next_dagrun for example_branch_labels to 2023-04-28T00:00:00+00:00, run_after=2023-04-29T00:00:00+00:00
[2023-04-29T22:28:42.267+0000] {processor.py:175} INFO - Processing /home/airflow/.local/lib/python3.7/site-packages/airflow/example_dags/example_branch_labels.py took 0.167 seconds
[2023-04-29T22:29:12.766+0000] {processor.py:153} INFO - Started process (PID=606) to work on /home/airflow/.local/lib/python3.7/site-packages/airflow/example_dags/example_branch_labels.py
[2023-04-29T22:29:12.768+0000] {processor.py:743} INFO - Processing file /home/airflow/.local/lib/python3.7/site-packages/airflow/example_dags/example_branch_labels.py for tasks to queue
[2023-04-29T22:29:12.769+0000] {logging_mixin.py:137} INFO - [2023-04-29T22:29:12.769+0000] {dagbag.py:532} INFO - Filling up the DagBag from /home/airflow/.local/lib/python3.7/site-packages/airflow/example_dags/example_branch_labels.py
[2023-04-29T22:29:12.783+0000] {processor.py:753} INFO - DAG(s) dict_keys(['example_branch_labels']) retrieved from /home/airflow/.local/lib/python3.7/site-packages/airflow/example_dags/example_branch_labels.py
[2023-04-29T22:29:12.805+0000] {logging_mixin.py:137} INFO - [2023-04-29T22:29:12.805+0000] {dag.py:2693} INFO - Sync 1 DAGs
[2023-04-29T22:29:12.822+0000] {logging_mixin.py:137} INFO - [2023-04-29T22:29:12.822+0000] {dag.py:3444} INFO - Setting next_dagrun for example_branch_labels to 2023-04-28T00:00:00+00:00, run_after=2023-04-29T00:00:00+00:00
[2023-04-29T22:29:12.832+0000] {processor.py:175} INFO - Processing /home/airflow/.local/lib/python3.7/site-packages/airflow/example_dags/example_branch_labels.py took 0.071 seconds
[2023-04-29T22:29:43.472+0000] {processor.py:153} INFO - Started process (PID=657) to work on /home/airflow/.local/lib/python3.7/site-packages/airflow/example_dags/example_branch_labels.py
[2023-04-29T22:29:43.474+0000] {processor.py:743} INFO - Processing file /home/airflow/.local/lib/python3.7/site-packages/airflow/example_dags/example_branch_labels.py for tasks to queue
[2023-04-29T22:29:43.475+0000] {logging_mixin.py:137} INFO - [2023-04-29T22:29:43.475+0000] {dagbag.py:532} INFO - Filling up the DagBag from /home/airflow/.local/lib/python3.7/site-packages/airflow/example_dags/example_branch_labels.py
[2023-04-29T22:29:43.489+0000] {processor.py:753} INFO - DAG(s) dict_keys(['example_branch_labels']) retrieved from /home/airflow/.local/lib/python3.7/site-packages/airflow/example_dags/example_branch_labels.py
[2023-04-29T22:29:43.513+0000] {logging_mixin.py:137} INFO - [2023-04-29T22:29:43.513+0000] {dag.py:2693} INFO - Sync 1 DAGs
[2023-04-29T22:29:43.530+0000] {logging_mixin.py:137} INFO - [2023-04-29T22:29:43.530+0000] {dag.py:3444} INFO - Setting next_dagrun for example_branch_labels to 2023-04-28T00:00:00+00:00, run_after=2023-04-29T00:00:00+00:00
[2023-04-29T22:29:43.540+0000] {processor.py:175} INFO - Processing /home/airflow/.local/lib/python3.7/site-packages/airflow/example_dags/example_branch_labels.py took 0.073 seconds
[2023-04-29T22:30:14.262+0000] {processor.py:153} INFO - Started process (PID=708) to work on /home/airflow/.local/lib/python3.7/site-packages/airflow/example_dags/example_branch_labels.py
[2023-04-29T22:30:14.264+0000] {processor.py:743} INFO - Processing file /home/airflow/.local/lib/python3.7/site-packages/airflow/example_dags/example_branch_labels.py for tasks to queue
[2023-04-29T22:30:14.265+0000] {logging_mixin.py:137} INFO - [2023-04-29T22:30:14.265+0000] {dagbag.py:532} INFO - Filling up the DagBag from /home/airflow/.local/lib/python3.7/site-packages/airflow/example_dags/example_branch_labels.py
[2023-04-29T22:30:14.281+0000] {processor.py:753} INFO - DAG(s) dict_keys(['example_branch_labels']) retrieved from /home/airflow/.local/lib/python3.7/site-packages/airflow/example_dags/example_branch_labels.py
[2023-04-29T22:30:14.305+0000] {logging_mixin.py:137} INFO - [2023-04-29T22:30:14.305+0000] {dag.py:2693} INFO - Sync 1 DAGs
[2023-04-29T22:30:14.322+0000] {logging_mixin.py:137} INFO - [2023-04-29T22:30:14.322+0000] {dag.py:3444} INFO - Setting next_dagrun for example_branch_labels to 2023-04-28T00:00:00+00:00, run_after=2023-04-29T00:00:00+00:00
[2023-04-29T22:30:14.332+0000] {processor.py:175} INFO - Processing /home/airflow/.local/lib/python3.7/site-packages/airflow/example_dags/example_branch_labels.py took 0.075 seconds
[2023-04-29T22:30:45.024+0000] {processor.py:153} INFO - Started process (PID=759) to work on /home/airflow/.local/lib/python3.7/site-packages/airflow/example_dags/example_branch_labels.py
[2023-04-29T22:30:45.025+0000] {processor.py:743} INFO - Processing file /home/airflow/.local/lib/python3.7/site-packages/airflow/example_dags/example_branch_labels.py for tasks to queue
[2023-04-29T22:30:45.026+0000] {logging_mixin.py:137} INFO - [2023-04-29T22:30:45.026+0000] {dagbag.py:532} INFO - Filling up the DagBag from /home/airflow/.local/lib/python3.7/site-packages/airflow/example_dags/example_branch_labels.py
[2023-04-29T22:30:45.041+0000] {processor.py:753} INFO - DAG(s) dict_keys(['example_branch_labels']) retrieved from /home/airflow/.local/lib/python3.7/site-packages/airflow/example_dags/example_branch_labels.py
[2023-04-29T22:30:45.063+0000] {logging_mixin.py:137} INFO - [2023-04-29T22:30:45.063+0000] {dag.py:2693} INFO - Sync 1 DAGs
[2023-04-29T22:30:45.079+0000] {logging_mixin.py:137} INFO - [2023-04-29T22:30:45.079+0000] {dag.py:3444} INFO - Setting next_dagrun for example_branch_labels to 2023-04-28T00:00:00+00:00, run_after=2023-04-29T00:00:00+00:00
[2023-04-29T22:30:45.090+0000] {processor.py:175} INFO - Processing /home/airflow/.local/lib/python3.7/site-packages/airflow/example_dags/example_branch_labels.py took 0.072 seconds
[2023-04-29T22:31:15.791+0000] {processor.py:153} INFO - Started process (PID=810) to work on /home/airflow/.local/lib/python3.7/site-packages/airflow/example_dags/example_branch_labels.py
[2023-04-29T22:31:15.793+0000] {processor.py:743} INFO - Processing file /home/airflow/.local/lib/python3.7/site-packages/airflow/example_dags/example_branch_labels.py for tasks to queue
[2023-04-29T22:31:15.794+0000] {logging_mixin.py:137} INFO - [2023-04-29T22:31:15.794+0000] {dagbag.py:532} INFO - Filling up the DagBag from /home/airflow/.local/lib/python3.7/site-packages/airflow/example_dags/example_branch_labels.py
[2023-04-29T22:31:15.810+0000] {processor.py:753} INFO - DAG(s) dict_keys(['example_branch_labels']) retrieved from /home/airflow/.local/lib/python3.7/site-packages/airflow/example_dags/example_branch_labels.py
[2023-04-29T22:31:15.835+0000] {logging_mixin.py:137} INFO - [2023-04-29T22:31:15.835+0000] {dag.py:2693} INFO - Sync 1 DAGs
[2023-04-29T22:31:15.853+0000] {logging_mixin.py:137} INFO - [2023-04-29T22:31:15.853+0000] {dag.py:3444} INFO - Setting next_dagrun for example_branch_labels to 2023-04-28T00:00:00+00:00, run_after=2023-04-29T00:00:00+00:00
[2023-04-29T22:31:15.865+0000] {processor.py:175} INFO - Processing /home/airflow/.local/lib/python3.7/site-packages/airflow/example_dags/example_branch_labels.py took 0.079 seconds
[2023-04-29T22:31:46.603+0000] {processor.py:153} INFO - Started process (PID=860) to work on /home/airflow/.local/lib/python3.7/site-packages/airflow/example_dags/example_branch_labels.py
[2023-04-29T22:31:46.604+0000] {processor.py:743} INFO - Processing file /home/airflow/.local/lib/python3.7/site-packages/airflow/example_dags/example_branch_labels.py for tasks to queue
[2023-04-29T22:31:46.605+0000] {logging_mixin.py:137} INFO - [2023-04-29T22:31:46.605+0000] {dagbag.py:532} INFO - Filling up the DagBag from /home/airflow/.local/lib/python3.7/site-packages/airflow/example_dags/example_branch_labels.py
[2023-04-29T22:31:46.620+0000] {processor.py:753} INFO - DAG(s) dict_keys(['example_branch_labels']) retrieved from /home/airflow/.local/lib/python3.7/site-packages/airflow/example_dags/example_branch_labels.py
[2023-04-29T22:31:46.645+0000] {logging_mixin.py:137} INFO - [2023-04-29T22:31:46.645+0000] {dag.py:2693} INFO - Sync 1 DAGs
[2023-04-29T22:31:46.661+0000] {logging_mixin.py:137} INFO - [2023-04-29T22:31:46.661+0000] {dag.py:3444} INFO - Setting next_dagrun for example_branch_labels to 2023-04-28T00:00:00+00:00, run_after=2023-04-29T00:00:00+00:00
[2023-04-29T22:31:46.672+0000] {processor.py:175} INFO - Processing /home/airflow/.local/lib/python3.7/site-packages/airflow/example_dags/example_branch_labels.py took 0.073 seconds
[2023-04-29T22:32:17.239+0000] {processor.py:153} INFO - Started process (PID=912) to work on /home/airflow/.local/lib/python3.7/site-packages/airflow/example_dags/example_branch_labels.py
[2023-04-29T22:32:17.241+0000] {processor.py:743} INFO - Processing file /home/airflow/.local/lib/python3.7/site-packages/airflow/example_dags/example_branch_labels.py for tasks to queue
[2023-04-29T22:32:17.242+0000] {logging_mixin.py:137} INFO - [2023-04-29T22:32:17.242+0000] {dagbag.py:532} INFO - Filling up the DagBag from /home/airflow/.local/lib/python3.7/site-packages/airflow/example_dags/example_branch_labels.py
[2023-04-29T22:32:17.256+0000] {processor.py:753} INFO - DAG(s) dict_keys(['example_branch_labels']) retrieved from /home/airflow/.local/lib/python3.7/site-packages/airflow/example_dags/example_branch_labels.py
[2023-04-29T22:32:17.281+0000] {logging_mixin.py:137} INFO - [2023-04-29T22:32:17.281+0000] {dag.py:2693} INFO - Sync 1 DAGs
[2023-04-29T22:32:17.301+0000] {logging_mixin.py:137} INFO - [2023-04-29T22:32:17.300+0000] {dag.py:3444} INFO - Setting next_dagrun for example_branch_labels to 2023-04-28T00:00:00+00:00, run_after=2023-04-29T00:00:00+00:00
[2023-04-29T22:32:17.317+0000] {processor.py:175} INFO - Processing /home/airflow/.local/lib/python3.7/site-packages/airflow/example_dags/example_branch_labels.py took 0.082 seconds
[2023-04-29T22:32:48.000+0000] {processor.py:153} INFO - Started process (PID=964) to work on /home/airflow/.local/lib/python3.7/site-packages/airflow/example_dags/example_branch_labels.py
[2023-04-29T22:32:48.004+0000] {processor.py:743} INFO - Processing file /home/airflow/.local/lib/python3.7/site-packages/airflow/example_dags/example_branch_labels.py for tasks to queue
[2023-04-29T22:32:48.005+0000] {logging_mixin.py:137} INFO - [2023-04-29T22:32:48.005+0000] {dagbag.py:532} INFO - Filling up the DagBag from /home/airflow/.local/lib/python3.7/site-packages/airflow/example_dags/example_branch_labels.py
[2023-04-29T22:32:48.019+0000] {processor.py:753} INFO - DAG(s) dict_keys(['example_branch_labels']) retrieved from /home/airflow/.local/lib/python3.7/site-packages/airflow/example_dags/example_branch_labels.py
[2023-04-29T22:32:48.042+0000] {logging_mixin.py:137} INFO - [2023-04-29T22:32:48.042+0000] {dag.py:2693} INFO - Sync 1 DAGs
[2023-04-29T22:32:48.058+0000] {logging_mixin.py:137} INFO - [2023-04-29T22:32:48.058+0000] {dag.py:3444} INFO - Setting next_dagrun for example_branch_labels to 2023-04-28T00:00:00+00:00, run_after=2023-04-29T00:00:00+00:00
[2023-04-29T22:32:48.070+0000] {processor.py:175} INFO - Processing /home/airflow/.local/lib/python3.7/site-packages/airflow/example_dags/example_branch_labels.py took 0.074 seconds
[2023-04-29T22:33:18.581+0000] {processor.py:153} INFO - Started process (PID=1015) to work on /home/airflow/.local/lib/python3.7/site-packages/airflow/example_dags/example_branch_labels.py
[2023-04-29T22:33:18.584+0000] {processor.py:743} INFO - Processing file /home/airflow/.local/lib/python3.7/site-packages/airflow/example_dags/example_branch_labels.py for tasks to queue
[2023-04-29T22:33:18.585+0000] {logging_mixin.py:137} INFO - [2023-04-29T22:33:18.585+0000] {dagbag.py:532} INFO - Filling up the DagBag from /home/airflow/.local/lib/python3.7/site-packages/airflow/example_dags/example_branch_labels.py
[2023-04-29T22:33:18.600+0000] {processor.py:753} INFO - DAG(s) dict_keys(['example_branch_labels']) retrieved from /home/airflow/.local/lib/python3.7/site-packages/airflow/example_dags/example_branch_labels.py
[2023-04-29T22:33:18.623+0000] {logging_mixin.py:137} INFO - [2023-04-29T22:33:18.623+0000] {dag.py:2693} INFO - Sync 1 DAGs
[2023-04-29T22:33:18.642+0000] {logging_mixin.py:137} INFO - [2023-04-29T22:33:18.642+0000] {dag.py:3444} INFO - Setting next_dagrun for example_branch_labels to 2023-04-28T00:00:00+00:00, run_after=2023-04-29T00:00:00+00:00
[2023-04-29T22:33:18.652+0000] {processor.py:175} INFO - Processing /home/airflow/.local/lib/python3.7/site-packages/airflow/example_dags/example_branch_labels.py took 0.075 seconds
[2023-04-29T22:33:49.106+0000] {processor.py:153} INFO - Started process (PID=1066) to work on /home/airflow/.local/lib/python3.7/site-packages/airflow/example_dags/example_branch_labels.py
[2023-04-29T22:33:49.108+0000] {processor.py:743} INFO - Processing file /home/airflow/.local/lib/python3.7/site-packages/airflow/example_dags/example_branch_labels.py for tasks to queue
[2023-04-29T22:33:49.109+0000] {logging_mixin.py:137} INFO - [2023-04-29T22:33:49.109+0000] {dagbag.py:532} INFO - Filling up the DagBag from /home/airflow/.local/lib/python3.7/site-packages/airflow/example_dags/example_branch_labels.py
[2023-04-29T22:33:49.124+0000] {processor.py:753} INFO - DAG(s) dict_keys(['example_branch_labels']) retrieved from /home/airflow/.local/lib/python3.7/site-packages/airflow/example_dags/example_branch_labels.py
[2023-04-29T22:33:49.146+0000] {logging_mixin.py:137} INFO - [2023-04-29T22:33:49.146+0000] {dag.py:2693} INFO - Sync 1 DAGs
[2023-04-29T22:33:49.162+0000] {logging_mixin.py:137} INFO - [2023-04-29T22:33:49.162+0000] {dag.py:3444} INFO - Setting next_dagrun for example_branch_labels to 2023-04-28T00:00:00+00:00, run_after=2023-04-29T00:00:00+00:00
[2023-04-29T22:33:49.173+0000] {processor.py:175} INFO - Processing /home/airflow/.local/lib/python3.7/site-packages/airflow/example_dags/example_branch_labels.py took 0.072 seconds
[2023-04-29T22:34:19.653+0000] {processor.py:153} INFO - Started process (PID=1117) to work on /home/airflow/.local/lib/python3.7/site-packages/airflow/example_dags/example_branch_labels.py
[2023-04-29T22:34:19.655+0000] {processor.py:743} INFO - Processing file /home/airflow/.local/lib/python3.7/site-packages/airflow/example_dags/example_branch_labels.py for tasks to queue
[2023-04-29T22:34:19.657+0000] {logging_mixin.py:137} INFO - [2023-04-29T22:34:19.657+0000] {dagbag.py:532} INFO - Filling up the DagBag from /home/airflow/.local/lib/python3.7/site-packages/airflow/example_dags/example_branch_labels.py
[2023-04-29T22:34:19.672+0000] {processor.py:753} INFO - DAG(s) dict_keys(['example_branch_labels']) retrieved from /home/airflow/.local/lib/python3.7/site-packages/airflow/example_dags/example_branch_labels.py
[2023-04-29T22:34:19.694+0000] {logging_mixin.py:137} INFO - [2023-04-29T22:34:19.694+0000] {dag.py:2693} INFO - Sync 1 DAGs
[2023-04-29T22:34:19.711+0000] {logging_mixin.py:137} INFO - [2023-04-29T22:34:19.711+0000] {dag.py:3444} INFO - Setting next_dagrun for example_branch_labels to 2023-04-28T00:00:00+00:00, run_after=2023-04-29T00:00:00+00:00
[2023-04-29T22:34:19.722+0000] {processor.py:175} INFO - Processing /home/airflow/.local/lib/python3.7/site-packages/airflow/example_dags/example_branch_labels.py took 0.074 seconds
[2023-04-29T22:34:50.280+0000] {processor.py:153} INFO - Started process (PID=1168) to work on /home/airflow/.local/lib/python3.7/site-packages/airflow/example_dags/example_branch_labels.py
[2023-04-29T22:34:50.282+0000] {processor.py:743} INFO - Processing file /home/airflow/.local/lib/python3.7/site-packages/airflow/example_dags/example_branch_labels.py for tasks to queue
[2023-04-29T22:34:50.284+0000] {logging_mixin.py:137} INFO - [2023-04-29T22:34:50.284+0000] {dagbag.py:532} INFO - Filling up the DagBag from /home/airflow/.local/lib/python3.7/site-packages/airflow/example_dags/example_branch_labels.py
[2023-04-29T22:34:50.301+0000] {processor.py:753} INFO - DAG(s) dict_keys(['example_branch_labels']) retrieved from /home/airflow/.local/lib/python3.7/site-packages/airflow/example_dags/example_branch_labels.py
[2023-04-29T22:34:50.322+0000] {logging_mixin.py:137} INFO - [2023-04-29T22:34:50.322+0000] {dag.py:2693} INFO - Sync 1 DAGs
[2023-04-29T22:34:50.339+0000] {logging_mixin.py:137} INFO - [2023-04-29T22:34:50.339+0000] {dag.py:3444} INFO - Setting next_dagrun for example_branch_labels to 2023-04-28T00:00:00+00:00, run_after=2023-04-29T00:00:00+00:00
[2023-04-29T22:34:50.356+0000] {processor.py:175} INFO - Processing /home/airflow/.local/lib/python3.7/site-packages/airflow/example_dags/example_branch_labels.py took 0.080 seconds
[2023-04-29T22:35:20.796+0000] {processor.py:153} INFO - Started process (PID=1219) to work on /home/airflow/.local/lib/python3.7/site-packages/airflow/example_dags/example_branch_labels.py
[2023-04-29T22:35:20.797+0000] {processor.py:743} INFO - Processing file /home/airflow/.local/lib/python3.7/site-packages/airflow/example_dags/example_branch_labels.py for tasks to queue
[2023-04-29T22:35:20.799+0000] {logging_mixin.py:137} INFO - [2023-04-29T22:35:20.799+0000] {dagbag.py:532} INFO - Filling up the DagBag from /home/airflow/.local/lib/python3.7/site-packages/airflow/example_dags/example_branch_labels.py
[2023-04-29T22:35:20.814+0000] {processor.py:753} INFO - DAG(s) dict_keys(['example_branch_labels']) retrieved from /home/airflow/.local/lib/python3.7/site-packages/airflow/example_dags/example_branch_labels.py
[2023-04-29T22:35:20.837+0000] {logging_mixin.py:137} INFO - [2023-04-29T22:35:20.837+0000] {dag.py:2693} INFO - Sync 1 DAGs
[2023-04-29T22:35:20.854+0000] {logging_mixin.py:137} INFO - [2023-04-29T22:35:20.854+0000] {dag.py:3444} INFO - Setting next_dagrun for example_branch_labels to 2023-04-28T00:00:00+00:00, run_after=2023-04-29T00:00:00+00:00
[2023-04-29T22:35:20.865+0000] {processor.py:175} INFO - Processing /home/airflow/.local/lib/python3.7/site-packages/airflow/example_dags/example_branch_labels.py took 0.074 seconds
[2023-04-29T22:35:51.654+0000] {processor.py:153} INFO - Started process (PID=1270) to work on /home/airflow/.local/lib/python3.7/site-packages/airflow/example_dags/example_branch_labels.py
[2023-04-29T22:35:51.655+0000] {processor.py:743} INFO - Processing file /home/airflow/.local/lib/python3.7/site-packages/airflow/example_dags/example_branch_labels.py for tasks to queue
[2023-04-29T22:35:51.657+0000] {logging_mixin.py:137} INFO - [2023-04-29T22:35:51.657+0000] {dagbag.py:532} INFO - Filling up the DagBag from /home/airflow/.local/lib/python3.7/site-packages/airflow/example_dags/example_branch_labels.py
[2023-04-29T22:35:51.671+0000] {processor.py:753} INFO - DAG(s) dict_keys(['example_branch_labels']) retrieved from /home/airflow/.local/lib/python3.7/site-packages/airflow/example_dags/example_branch_labels.py
[2023-04-29T22:35:51.692+0000] {logging_mixin.py:137} INFO - [2023-04-29T22:35:51.692+0000] {dag.py:2693} INFO - Sync 1 DAGs
[2023-04-29T22:35:51.709+0000] {logging_mixin.py:137} INFO - [2023-04-29T22:35:51.709+0000] {dag.py:3444} INFO - Setting next_dagrun for example_branch_labels to 2023-04-28T00:00:00+00:00, run_after=2023-04-29T00:00:00+00:00
[2023-04-29T22:35:51.719+0000] {processor.py:175} INFO - Processing /home/airflow/.local/lib/python3.7/site-packages/airflow/example_dags/example_branch_labels.py took 0.070 seconds
[2023-04-29T22:36:22.313+0000] {processor.py:153} INFO - Started process (PID=1321) to work on /home/airflow/.local/lib/python3.7/site-packages/airflow/example_dags/example_branch_labels.py
[2023-04-29T22:36:22.315+0000] {processor.py:743} INFO - Processing file /home/airflow/.local/lib/python3.7/site-packages/airflow/example_dags/example_branch_labels.py for tasks to queue
[2023-04-29T22:36:22.316+0000] {logging_mixin.py:137} INFO - [2023-04-29T22:36:22.316+0000] {dagbag.py:532} INFO - Filling up the DagBag from /home/airflow/.local/lib/python3.7/site-packages/airflow/example_dags/example_branch_labels.py
[2023-04-29T22:36:22.330+0000] {processor.py:753} INFO - DAG(s) dict_keys(['example_branch_labels']) retrieved from /home/airflow/.local/lib/python3.7/site-packages/airflow/example_dags/example_branch_labels.py
[2023-04-29T22:36:22.357+0000] {logging_mixin.py:137} INFO - [2023-04-29T22:36:22.357+0000] {dag.py:2693} INFO - Sync 1 DAGs
[2023-04-29T22:36:22.374+0000] {logging_mixin.py:137} INFO - [2023-04-29T22:36:22.374+0000] {dag.py:3444} INFO - Setting next_dagrun for example_branch_labels to 2023-04-28T00:00:00+00:00, run_after=2023-04-29T00:00:00+00:00
[2023-04-29T22:36:22.385+0000] {processor.py:175} INFO - Processing /home/airflow/.local/lib/python3.7/site-packages/airflow/example_dags/example_branch_labels.py took 0.076 seconds
[2023-04-29T22:36:52.865+0000] {processor.py:153} INFO - Started process (PID=1371) to work on /home/airflow/.local/lib/python3.7/site-packages/airflow/example_dags/example_branch_labels.py
[2023-04-29T22:36:52.867+0000] {processor.py:743} INFO - Processing file /home/airflow/.local/lib/python3.7/site-packages/airflow/example_dags/example_branch_labels.py for tasks to queue
[2023-04-29T22:36:52.868+0000] {logging_mixin.py:137} INFO - [2023-04-29T22:36:52.868+0000] {dagbag.py:532} INFO - Filling up the DagBag from /home/airflow/.local/lib/python3.7/site-packages/airflow/example_dags/example_branch_labels.py
[2023-04-29T22:36:52.882+0000] {processor.py:753} INFO - DAG(s) dict_keys(['example_branch_labels']) retrieved from /home/airflow/.local/lib/python3.7/site-packages/airflow/example_dags/example_branch_labels.py
[2023-04-29T22:36:52.904+0000] {logging_mixin.py:137} INFO - [2023-04-29T22:36:52.904+0000] {dag.py:2693} INFO - Sync 1 DAGs
[2023-04-29T22:36:52.925+0000] {logging_mixin.py:137} INFO - [2023-04-29T22:36:52.924+0000] {dag.py:3444} INFO - Setting next_dagrun for example_branch_labels to 2023-04-28T00:00:00+00:00, run_after=2023-04-29T00:00:00+00:00
[2023-04-29T22:36:52.935+0000] {processor.py:175} INFO - Processing /home/airflow/.local/lib/python3.7/site-packages/airflow/example_dags/example_branch_labels.py took 0.074 seconds
[2023-04-29T22:37:23.460+0000] {processor.py:153} INFO - Started process (PID=1422) to work on /home/airflow/.local/lib/python3.7/site-packages/airflow/example_dags/example_branch_labels.py
[2023-04-29T22:37:23.461+0000] {processor.py:743} INFO - Processing file /home/airflow/.local/lib/python3.7/site-packages/airflow/example_dags/example_branch_labels.py for tasks to queue
[2023-04-29T22:37:23.463+0000] {logging_mixin.py:137} INFO - [2023-04-29T22:37:23.463+0000] {dagbag.py:532} INFO - Filling up the DagBag from /home/airflow/.local/lib/python3.7/site-packages/airflow/example_dags/example_branch_labels.py
[2023-04-29T22:37:23.478+0000] {processor.py:753} INFO - DAG(s) dict_keys(['example_branch_labels']) retrieved from /home/airflow/.local/lib/python3.7/site-packages/airflow/example_dags/example_branch_labels.py
[2023-04-29T22:37:23.502+0000] {logging_mixin.py:137} INFO - [2023-04-29T22:37:23.502+0000] {dag.py:2693} INFO - Sync 1 DAGs
[2023-04-29T22:37:23.518+0000] {logging_mixin.py:137} INFO - [2023-04-29T22:37:23.518+0000] {dag.py:3444} INFO - Setting next_dagrun for example_branch_labels to 2023-04-28T00:00:00+00:00, run_after=2023-04-29T00:00:00+00:00
[2023-04-29T22:37:23.529+0000] {processor.py:175} INFO - Processing /home/airflow/.local/lib/python3.7/site-packages/airflow/example_dags/example_branch_labels.py took 0.073 seconds
[2023-04-29T22:37:53.934+0000] {processor.py:153} INFO - Started process (PID=1473) to work on /home/airflow/.local/lib/python3.7/site-packages/airflow/example_dags/example_branch_labels.py
[2023-04-29T22:37:53.935+0000] {processor.py:743} INFO - Processing file /home/airflow/.local/lib/python3.7/site-packages/airflow/example_dags/example_branch_labels.py for tasks to queue
[2023-04-29T22:37:53.936+0000] {logging_mixin.py:137} INFO - [2023-04-29T22:37:53.936+0000] {dagbag.py:532} INFO - Filling up the DagBag from /home/airflow/.local/lib/python3.7/site-packages/airflow/example_dags/example_branch_labels.py
[2023-04-29T22:37:53.951+0000] {processor.py:753} INFO - DAG(s) dict_keys(['example_branch_labels']) retrieved from /home/airflow/.local/lib/python3.7/site-packages/airflow/example_dags/example_branch_labels.py
[2023-04-29T22:37:53.982+0000] {logging_mixin.py:137} INFO - [2023-04-29T22:37:53.982+0000] {dag.py:2693} INFO - Sync 1 DAGs
[2023-04-29T22:37:53.999+0000] {logging_mixin.py:137} INFO - [2023-04-29T22:37:53.999+0000] {dag.py:3444} INFO - Setting next_dagrun for example_branch_labels to 2023-04-28T00:00:00+00:00, run_after=2023-04-29T00:00:00+00:00
[2023-04-29T22:37:54.010+0000] {processor.py:175} INFO - Processing /home/airflow/.local/lib/python3.7/site-packages/airflow/example_dags/example_branch_labels.py took 0.082 seconds
[2023-04-29T22:38:24.624+0000] {processor.py:153} INFO - Started process (PID=1524) to work on /home/airflow/.local/lib/python3.7/site-packages/airflow/example_dags/example_branch_labels.py
[2023-04-29T22:38:24.626+0000] {processor.py:743} INFO - Processing file /home/airflow/.local/lib/python3.7/site-packages/airflow/example_dags/example_branch_labels.py for tasks to queue
[2023-04-29T22:38:24.627+0000] {logging_mixin.py:137} INFO - [2023-04-29T22:38:24.627+0000] {dagbag.py:532} INFO - Filling up the DagBag from /home/airflow/.local/lib/python3.7/site-packages/airflow/example_dags/example_branch_labels.py
[2023-04-29T22:38:24.642+0000] {processor.py:753} INFO - DAG(s) dict_keys(['example_branch_labels']) retrieved from /home/airflow/.local/lib/python3.7/site-packages/airflow/example_dags/example_branch_labels.py
[2023-04-29T22:38:24.666+0000] {logging_mixin.py:137} INFO - [2023-04-29T22:38:24.666+0000] {dag.py:2693} INFO - Sync 1 DAGs
[2023-04-29T22:38:24.683+0000] {logging_mixin.py:137} INFO - [2023-04-29T22:38:24.683+0000] {dag.py:3444} INFO - Setting next_dagrun for example_branch_labels to 2023-04-28T00:00:00+00:00, run_after=2023-04-29T00:00:00+00:00
[2023-04-29T22:38:24.694+0000] {processor.py:175} INFO - Processing /home/airflow/.local/lib/python3.7/site-packages/airflow/example_dags/example_branch_labels.py took 0.074 seconds
[2023-04-29T22:38:55.277+0000] {processor.py:153} INFO - Started process (PID=1575) to work on /home/airflow/.local/lib/python3.7/site-packages/airflow/example_dags/example_branch_labels.py
[2023-04-29T22:38:55.279+0000] {processor.py:743} INFO - Processing file /home/airflow/.local/lib/python3.7/site-packages/airflow/example_dags/example_branch_labels.py for tasks to queue
[2023-04-29T22:38:55.281+0000] {logging_mixin.py:137} INFO - [2023-04-29T22:38:55.281+0000] {dagbag.py:532} INFO - Filling up the DagBag from /home/airflow/.local/lib/python3.7/site-packages/airflow/example_dags/example_branch_labels.py
[2023-04-29T22:38:55.295+0000] {processor.py:753} INFO - DAG(s) dict_keys(['example_branch_labels']) retrieved from /home/airflow/.local/lib/python3.7/site-packages/airflow/example_dags/example_branch_labels.py
[2023-04-29T22:38:55.317+0000] {logging_mixin.py:137} INFO - [2023-04-29T22:38:55.317+0000] {dag.py:2693} INFO - Sync 1 DAGs
[2023-04-29T22:38:55.334+0000] {logging_mixin.py:137} INFO - [2023-04-29T22:38:55.334+0000] {dag.py:3444} INFO - Setting next_dagrun for example_branch_labels to 2023-04-28T00:00:00+00:00, run_after=2023-04-29T00:00:00+00:00
[2023-04-29T22:38:55.345+0000] {processor.py:175} INFO - Processing /home/airflow/.local/lib/python3.7/site-packages/airflow/example_dags/example_branch_labels.py took 0.073 seconds
[2023-04-29T22:39:25.878+0000] {processor.py:153} INFO - Started process (PID=1626) to work on /home/airflow/.local/lib/python3.7/site-packages/airflow/example_dags/example_branch_labels.py
[2023-04-29T22:39:25.880+0000] {processor.py:743} INFO - Processing file /home/airflow/.local/lib/python3.7/site-packages/airflow/example_dags/example_branch_labels.py for tasks to queue
[2023-04-29T22:39:25.881+0000] {logging_mixin.py:137} INFO - [2023-04-29T22:39:25.881+0000] {dagbag.py:532} INFO - Filling up the DagBag from /home/airflow/.local/lib/python3.7/site-packages/airflow/example_dags/example_branch_labels.py
[2023-04-29T22:39:25.896+0000] {processor.py:753} INFO - DAG(s) dict_keys(['example_branch_labels']) retrieved from /home/airflow/.local/lib/python3.7/site-packages/airflow/example_dags/example_branch_labels.py
[2023-04-29T22:39:25.919+0000] {logging_mixin.py:137} INFO - [2023-04-29T22:39:25.919+0000] {dag.py:2693} INFO - Sync 1 DAGs
[2023-04-29T22:39:25.938+0000] {logging_mixin.py:137} INFO - [2023-04-29T22:39:25.938+0000] {dag.py:3444} INFO - Setting next_dagrun for example_branch_labels to 2023-04-28T00:00:00+00:00, run_after=2023-04-29T00:00:00+00:00
[2023-04-29T22:39:25.949+0000] {processor.py:175} INFO - Processing /home/airflow/.local/lib/python3.7/site-packages/airflow/example_dags/example_branch_labels.py took 0.077 seconds
[2023-04-29T22:39:56.529+0000] {processor.py:153} INFO - Started process (PID=1678) to work on /home/airflow/.local/lib/python3.7/site-packages/airflow/example_dags/example_branch_labels.py
[2023-04-29T22:39:56.531+0000] {processor.py:743} INFO - Processing file /home/airflow/.local/lib/python3.7/site-packages/airflow/example_dags/example_branch_labels.py for tasks to queue
[2023-04-29T22:39:56.533+0000] {logging_mixin.py:137} INFO - [2023-04-29T22:39:56.532+0000] {dagbag.py:532} INFO - Filling up the DagBag from /home/airflow/.local/lib/python3.7/site-packages/airflow/example_dags/example_branch_labels.py
[2023-04-29T22:39:56.548+0000] {processor.py:753} INFO - DAG(s) dict_keys(['example_branch_labels']) retrieved from /home/airflow/.local/lib/python3.7/site-packages/airflow/example_dags/example_branch_labels.py
[2023-04-29T22:39:56.572+0000] {logging_mixin.py:137} INFO - [2023-04-29T22:39:56.572+0000] {dag.py:2693} INFO - Sync 1 DAGs
[2023-04-29T22:39:56.589+0000] {logging_mixin.py:137} INFO - [2023-04-29T22:39:56.589+0000] {dag.py:3444} INFO - Setting next_dagrun for example_branch_labels to 2023-04-28T00:00:00+00:00, run_after=2023-04-29T00:00:00+00:00
[2023-04-29T22:39:56.600+0000] {processor.py:175} INFO - Processing /home/airflow/.local/lib/python3.7/site-packages/airflow/example_dags/example_branch_labels.py took 0.076 seconds
[2023-04-29T22:40:27.144+0000] {processor.py:153} INFO - Started process (PID=1729) to work on /home/airflow/.local/lib/python3.7/site-packages/airflow/example_dags/example_branch_labels.py
[2023-04-29T22:40:27.145+0000] {processor.py:743} INFO - Processing file /home/airflow/.local/lib/python3.7/site-packages/airflow/example_dags/example_branch_labels.py for tasks to queue
[2023-04-29T22:40:27.146+0000] {logging_mixin.py:137} INFO - [2023-04-29T22:40:27.146+0000] {dagbag.py:532} INFO - Filling up the DagBag from /home/airflow/.local/lib/python3.7/site-packages/airflow/example_dags/example_branch_labels.py
[2023-04-29T22:40:27.159+0000] {processor.py:753} INFO - DAG(s) dict_keys(['example_branch_labels']) retrieved from /home/airflow/.local/lib/python3.7/site-packages/airflow/example_dags/example_branch_labels.py
[2023-04-29T22:40:27.197+0000] {logging_mixin.py:137} INFO - [2023-04-29T22:40:27.197+0000] {dag.py:2693} INFO - Sync 1 DAGs
[2023-04-29T22:40:27.234+0000] {logging_mixin.py:137} INFO - [2023-04-29T22:40:27.234+0000] {dag.py:3444} INFO - Setting next_dagrun for example_branch_labels to 2023-04-28T00:00:00+00:00, run_after=2023-04-29T00:00:00+00:00
[2023-04-29T22:40:27.246+0000] {processor.py:175} INFO - Processing /home/airflow/.local/lib/python3.7/site-packages/airflow/example_dags/example_branch_labels.py took 0.105 seconds
[2023-04-29T22:40:58.035+0000] {processor.py:153} INFO - Started process (PID=1788) to work on /home/airflow/.local/lib/python3.7/site-packages/airflow/example_dags/example_branch_labels.py
[2023-04-29T22:40:58.036+0000] {processor.py:743} INFO - Processing file /home/airflow/.local/lib/python3.7/site-packages/airflow/example_dags/example_branch_labels.py for tasks to queue
[2023-04-29T22:40:58.037+0000] {logging_mixin.py:137} INFO - [2023-04-29T22:40:58.037+0000] {dagbag.py:532} INFO - Filling up the DagBag from /home/airflow/.local/lib/python3.7/site-packages/airflow/example_dags/example_branch_labels.py
[2023-04-29T22:40:58.052+0000] {processor.py:753} INFO - DAG(s) dict_keys(['example_branch_labels']) retrieved from /home/airflow/.local/lib/python3.7/site-packages/airflow/example_dags/example_branch_labels.py
[2023-04-29T22:40:58.075+0000] {logging_mixin.py:137} INFO - [2023-04-29T22:40:58.075+0000] {dag.py:2693} INFO - Sync 1 DAGs
[2023-04-29T22:40:58.093+0000] {logging_mixin.py:137} INFO - [2023-04-29T22:40:58.093+0000] {dag.py:3444} INFO - Setting next_dagrun for example_branch_labels to 2023-04-28T00:00:00+00:00, run_after=2023-04-29T00:00:00+00:00
[2023-04-29T22:40:58.105+0000] {processor.py:175} INFO - Processing /home/airflow/.local/lib/python3.7/site-packages/airflow/example_dags/example_branch_labels.py took 0.075 seconds
[2023-04-29T22:41:28.451+0000] {processor.py:153} INFO - Started process (PID=1839) to work on /home/airflow/.local/lib/python3.7/site-packages/airflow/example_dags/example_branch_labels.py
[2023-04-29T22:41:28.452+0000] {processor.py:743} INFO - Processing file /home/airflow/.local/lib/python3.7/site-packages/airflow/example_dags/example_branch_labels.py for tasks to queue
[2023-04-29T22:41:28.454+0000] {logging_mixin.py:137} INFO - [2023-04-29T22:41:28.454+0000] {dagbag.py:532} INFO - Filling up the DagBag from /home/airflow/.local/lib/python3.7/site-packages/airflow/example_dags/example_branch_labels.py
[2023-04-29T22:41:28.469+0000] {processor.py:753} INFO - DAG(s) dict_keys(['example_branch_labels']) retrieved from /home/airflow/.local/lib/python3.7/site-packages/airflow/example_dags/example_branch_labels.py
[2023-04-29T22:41:28.492+0000] {logging_mixin.py:137} INFO - [2023-04-29T22:41:28.492+0000] {dag.py:2693} INFO - Sync 1 DAGs
[2023-04-29T22:41:28.508+0000] {logging_mixin.py:137} INFO - [2023-04-29T22:41:28.508+0000] {dag.py:3444} INFO - Setting next_dagrun for example_branch_labels to 2023-04-28T00:00:00+00:00, run_after=2023-04-29T00:00:00+00:00
[2023-04-29T22:41:28.519+0000] {processor.py:175} INFO - Processing /home/airflow/.local/lib/python3.7/site-packages/airflow/example_dags/example_branch_labels.py took 0.073 seconds
[2023-04-29T22:41:58.860+0000] {processor.py:153} INFO - Started process (PID=1890) to work on /home/airflow/.local/lib/python3.7/site-packages/airflow/example_dags/example_branch_labels.py
[2023-04-29T22:41:58.861+0000] {processor.py:743} INFO - Processing file /home/airflow/.local/lib/python3.7/site-packages/airflow/example_dags/example_branch_labels.py for tasks to queue
[2023-04-29T22:41:58.863+0000] {logging_mixin.py:137} INFO - [2023-04-29T22:41:58.863+0000] {dagbag.py:532} INFO - Filling up the DagBag from /home/airflow/.local/lib/python3.7/site-packages/airflow/example_dags/example_branch_labels.py
[2023-04-29T22:41:58.877+0000] {processor.py:753} INFO - DAG(s) dict_keys(['example_branch_labels']) retrieved from /home/airflow/.local/lib/python3.7/site-packages/airflow/example_dags/example_branch_labels.py
[2023-04-29T22:41:58.898+0000] {logging_mixin.py:137} INFO - [2023-04-29T22:41:58.898+0000] {dag.py:2693} INFO - Sync 1 DAGs
[2023-04-29T22:41:58.914+0000] {logging_mixin.py:137} INFO - [2023-04-29T22:41:58.914+0000] {dag.py:3444} INFO - Setting next_dagrun for example_branch_labels to 2023-04-28T00:00:00+00:00, run_after=2023-04-29T00:00:00+00:00
[2023-04-29T22:41:58.925+0000] {processor.py:175} INFO - Processing /home/airflow/.local/lib/python3.7/site-packages/airflow/example_dags/example_branch_labels.py took 0.070 seconds
[2023-04-29T22:42:29.543+0000] {processor.py:153} INFO - Started process (PID=1941) to work on /home/airflow/.local/lib/python3.7/site-packages/airflow/example_dags/example_branch_labels.py
[2023-04-29T22:42:29.547+0000] {processor.py:743} INFO - Processing file /home/airflow/.local/lib/python3.7/site-packages/airflow/example_dags/example_branch_labels.py for tasks to queue
[2023-04-29T22:42:29.549+0000] {logging_mixin.py:137} INFO - [2023-04-29T22:42:29.549+0000] {dagbag.py:532} INFO - Filling up the DagBag from /home/airflow/.local/lib/python3.7/site-packages/airflow/example_dags/example_branch_labels.py
[2023-04-29T22:42:29.576+0000] {processor.py:753} INFO - DAG(s) dict_keys(['example_branch_labels']) retrieved from /home/airflow/.local/lib/python3.7/site-packages/airflow/example_dags/example_branch_labels.py
[2023-04-29T22:42:29.612+0000] {logging_mixin.py:137} INFO - [2023-04-29T22:42:29.612+0000] {dag.py:2693} INFO - Sync 1 DAGs
[2023-04-29T22:42:29.635+0000] {logging_mixin.py:137} INFO - [2023-04-29T22:42:29.635+0000] {dag.py:3444} INFO - Setting next_dagrun for example_branch_labels to 2023-04-28T00:00:00+00:00, run_after=2023-04-29T00:00:00+00:00
[2023-04-29T22:42:29.648+0000] {processor.py:175} INFO - Processing /home/airflow/.local/lib/python3.7/site-packages/airflow/example_dags/example_branch_labels.py took 0.114 seconds
[2023-04-29T22:43:00.240+0000] {processor.py:153} INFO - Started process (PID=1992) to work on /home/airflow/.local/lib/python3.7/site-packages/airflow/example_dags/example_branch_labels.py
[2023-04-29T22:43:00.242+0000] {processor.py:743} INFO - Processing file /home/airflow/.local/lib/python3.7/site-packages/airflow/example_dags/example_branch_labels.py for tasks to queue
[2023-04-29T22:43:00.243+0000] {logging_mixin.py:137} INFO - [2023-04-29T22:43:00.243+0000] {dagbag.py:532} INFO - Filling up the DagBag from /home/airflow/.local/lib/python3.7/site-packages/airflow/example_dags/example_branch_labels.py
[2023-04-29T22:43:00.257+0000] {processor.py:753} INFO - DAG(s) dict_keys(['example_branch_labels']) retrieved from /home/airflow/.local/lib/python3.7/site-packages/airflow/example_dags/example_branch_labels.py
[2023-04-29T22:43:00.280+0000] {logging_mixin.py:137} INFO - [2023-04-29T22:43:00.280+0000] {dag.py:2693} INFO - Sync 1 DAGs
[2023-04-29T22:43:00.296+0000] {logging_mixin.py:137} INFO - [2023-04-29T22:43:00.296+0000] {dag.py:3444} INFO - Setting next_dagrun for example_branch_labels to 2023-04-28T00:00:00+00:00, run_after=2023-04-29T00:00:00+00:00
[2023-04-29T22:43:00.307+0000] {processor.py:175} INFO - Processing /home/airflow/.local/lib/python3.7/site-packages/airflow/example_dags/example_branch_labels.py took 0.071 seconds
[2023-04-29T22:43:30.975+0000] {processor.py:153} INFO - Started process (PID=2043) to work on /home/airflow/.local/lib/python3.7/site-packages/airflow/example_dags/example_branch_labels.py
[2023-04-29T22:43:30.976+0000] {processor.py:743} INFO - Processing file /home/airflow/.local/lib/python3.7/site-packages/airflow/example_dags/example_branch_labels.py for tasks to queue
[2023-04-29T22:43:30.977+0000] {logging_mixin.py:137} INFO - [2023-04-29T22:43:30.977+0000] {dagbag.py:532} INFO - Filling up the DagBag from /home/airflow/.local/lib/python3.7/site-packages/airflow/example_dags/example_branch_labels.py
[2023-04-29T22:43:30.990+0000] {processor.py:753} INFO - DAG(s) dict_keys(['example_branch_labels']) retrieved from /home/airflow/.local/lib/python3.7/site-packages/airflow/example_dags/example_branch_labels.py
[2023-04-29T22:43:31.012+0000] {logging_mixin.py:137} INFO - [2023-04-29T22:43:31.012+0000] {dag.py:2693} INFO - Sync 1 DAGs
[2023-04-29T22:43:31.030+0000] {logging_mixin.py:137} INFO - [2023-04-29T22:43:31.030+0000] {dag.py:3444} INFO - Setting next_dagrun for example_branch_labels to 2023-04-28T00:00:00+00:00, run_after=2023-04-29T00:00:00+00:00
[2023-04-29T22:43:31.043+0000] {processor.py:175} INFO - Processing /home/airflow/.local/lib/python3.7/site-packages/airflow/example_dags/example_branch_labels.py took 0.071 seconds
[2023-04-29T22:44:01.604+0000] {processor.py:153} INFO - Started process (PID=2094) to work on /home/airflow/.local/lib/python3.7/site-packages/airflow/example_dags/example_branch_labels.py
[2023-04-29T22:44:01.606+0000] {processor.py:743} INFO - Processing file /home/airflow/.local/lib/python3.7/site-packages/airflow/example_dags/example_branch_labels.py for tasks to queue
[2023-04-29T22:44:01.607+0000] {logging_mixin.py:137} INFO - [2023-04-29T22:44:01.607+0000] {dagbag.py:532} INFO - Filling up the DagBag from /home/airflow/.local/lib/python3.7/site-packages/airflow/example_dags/example_branch_labels.py
[2023-04-29T22:44:01.618+0000] {processor.py:753} INFO - DAG(s) dict_keys(['example_branch_labels']) retrieved from /home/airflow/.local/lib/python3.7/site-packages/airflow/example_dags/example_branch_labels.py
[2023-04-29T22:44:01.651+0000] {logging_mixin.py:137} INFO - [2023-04-29T22:44:01.651+0000] {dag.py:2693} INFO - Sync 1 DAGs
[2023-04-29T22:44:01.671+0000] {logging_mixin.py:137} INFO - [2023-04-29T22:44:01.671+0000] {dag.py:3444} INFO - Setting next_dagrun for example_branch_labels to 2023-04-28T00:00:00+00:00, run_after=2023-04-29T00:00:00+00:00
[2023-04-29T22:44:01.684+0000] {processor.py:175} INFO - Processing /home/airflow/.local/lib/python3.7/site-packages/airflow/example_dags/example_branch_labels.py took 0.083 seconds
[2023-04-29T22:44:32.226+0000] {processor.py:153} INFO - Started process (PID=2145) to work on /home/airflow/.local/lib/python3.7/site-packages/airflow/example_dags/example_branch_labels.py
[2023-04-29T22:44:32.230+0000] {processor.py:743} INFO - Processing file /home/airflow/.local/lib/python3.7/site-packages/airflow/example_dags/example_branch_labels.py for tasks to queue
[2023-04-29T22:44:32.234+0000] {logging_mixin.py:137} INFO - [2023-04-29T22:44:32.234+0000] {dagbag.py:532} INFO - Filling up the DagBag from /home/airflow/.local/lib/python3.7/site-packages/airflow/example_dags/example_branch_labels.py
[2023-04-29T22:44:32.262+0000] {processor.py:753} INFO - DAG(s) dict_keys(['example_branch_labels']) retrieved from /home/airflow/.local/lib/python3.7/site-packages/airflow/example_dags/example_branch_labels.py
[2023-04-29T22:44:32.318+0000] {logging_mixin.py:137} INFO - [2023-04-29T22:44:32.318+0000] {dag.py:2693} INFO - Sync 1 DAGs
[2023-04-29T22:44:32.346+0000] {logging_mixin.py:137} INFO - [2023-04-29T22:44:32.346+0000] {dag.py:3444} INFO - Setting next_dagrun for example_branch_labels to 2023-04-28T00:00:00+00:00, run_after=2023-04-29T00:00:00+00:00
[2023-04-29T22:44:32.362+0000] {processor.py:175} INFO - Processing /home/airflow/.local/lib/python3.7/site-packages/airflow/example_dags/example_branch_labels.py took 0.142 seconds
[2023-04-29T22:45:02.856+0000] {processor.py:153} INFO - Started process (PID=2196) to work on /home/airflow/.local/lib/python3.7/site-packages/airflow/example_dags/example_branch_labels.py
[2023-04-29T22:45:02.857+0000] {processor.py:743} INFO - Processing file /home/airflow/.local/lib/python3.7/site-packages/airflow/example_dags/example_branch_labels.py for tasks to queue
[2023-04-29T22:45:02.858+0000] {logging_mixin.py:137} INFO - [2023-04-29T22:45:02.858+0000] {dagbag.py:532} INFO - Filling up the DagBag from /home/airflow/.local/lib/python3.7/site-packages/airflow/example_dags/example_branch_labels.py
[2023-04-29T22:45:02.869+0000] {processor.py:753} INFO - DAG(s) dict_keys(['example_branch_labels']) retrieved from /home/airflow/.local/lib/python3.7/site-packages/airflow/example_dags/example_branch_labels.py
[2023-04-29T22:45:02.893+0000] {logging_mixin.py:137} INFO - [2023-04-29T22:45:02.893+0000] {dag.py:2693} INFO - Sync 1 DAGs
[2023-04-29T22:45:02.914+0000] {logging_mixin.py:137} INFO - [2023-04-29T22:45:02.914+0000] {dag.py:3444} INFO - Setting next_dagrun for example_branch_labels to 2023-04-28T00:00:00+00:00, run_after=2023-04-29T00:00:00+00:00
[2023-04-29T22:45:02.929+0000] {processor.py:175} INFO - Processing /home/airflow/.local/lib/python3.7/site-packages/airflow/example_dags/example_branch_labels.py took 0.076 seconds
[2023-04-29T22:45:33.531+0000] {processor.py:153} INFO - Started process (PID=2247) to work on /home/airflow/.local/lib/python3.7/site-packages/airflow/example_dags/example_branch_labels.py
[2023-04-29T22:45:33.533+0000] {processor.py:743} INFO - Processing file /home/airflow/.local/lib/python3.7/site-packages/airflow/example_dags/example_branch_labels.py for tasks to queue
[2023-04-29T22:45:33.534+0000] {logging_mixin.py:137} INFO - [2023-04-29T22:45:33.534+0000] {dagbag.py:532} INFO - Filling up the DagBag from /home/airflow/.local/lib/python3.7/site-packages/airflow/example_dags/example_branch_labels.py
[2023-04-29T22:45:33.550+0000] {processor.py:753} INFO - DAG(s) dict_keys(['example_branch_labels']) retrieved from /home/airflow/.local/lib/python3.7/site-packages/airflow/example_dags/example_branch_labels.py
[2023-04-29T22:45:33.574+0000] {logging_mixin.py:137} INFO - [2023-04-29T22:45:33.574+0000] {dag.py:2693} INFO - Sync 1 DAGs
[2023-04-29T22:45:33.590+0000] {logging_mixin.py:137} INFO - [2023-04-29T22:45:33.590+0000] {dag.py:3444} INFO - Setting next_dagrun for example_branch_labels to 2023-04-28T00:00:00+00:00, run_after=2023-04-29T00:00:00+00:00
[2023-04-29T22:45:33.603+0000] {processor.py:175} INFO - Processing /home/airflow/.local/lib/python3.7/site-packages/airflow/example_dags/example_branch_labels.py took 0.079 seconds
[2023-04-29T22:46:04.601+0000] {processor.py:153} INFO - Started process (PID=2298) to work on /home/airflow/.local/lib/python3.7/site-packages/airflow/example_dags/example_branch_labels.py
[2023-04-29T22:46:04.603+0000] {processor.py:743} INFO - Processing file /home/airflow/.local/lib/python3.7/site-packages/airflow/example_dags/example_branch_labels.py for tasks to queue
[2023-04-29T22:46:04.604+0000] {logging_mixin.py:137} INFO - [2023-04-29T22:46:04.604+0000] {dagbag.py:532} INFO - Filling up the DagBag from /home/airflow/.local/lib/python3.7/site-packages/airflow/example_dags/example_branch_labels.py
[2023-04-29T22:46:04.619+0000] {processor.py:753} INFO - DAG(s) dict_keys(['example_branch_labels']) retrieved from /home/airflow/.local/lib/python3.7/site-packages/airflow/example_dags/example_branch_labels.py
[2023-04-29T22:46:04.643+0000] {logging_mixin.py:137} INFO - [2023-04-29T22:46:04.643+0000] {dag.py:2693} INFO - Sync 1 DAGs
[2023-04-29T22:46:04.659+0000] {logging_mixin.py:137} INFO - [2023-04-29T22:46:04.659+0000] {dag.py:3444} INFO - Setting next_dagrun for example_branch_labels to 2023-04-28T00:00:00+00:00, run_after=2023-04-29T00:00:00+00:00
[2023-04-29T22:46:04.670+0000] {processor.py:175} INFO - Processing /home/airflow/.local/lib/python3.7/site-packages/airflow/example_dags/example_branch_labels.py took 0.073 seconds
