[2023-04-29T22:23:39.329+0000] {processor.py:153} INFO - Started process (PID=62) to work on /home/airflow/.local/lib/python3.7/site-packages/airflow/example_dags/example_branch_datetime_operator.py
[2023-04-29T22:23:39.331+0000] {processor.py:743} INFO - Processing file /home/airflow/.local/lib/python3.7/site-packages/airflow/example_dags/example_branch_datetime_operator.py for tasks to queue
[2023-04-29T22:23:39.332+0000] {logging_mixin.py:137} INFO - [2023-04-29T22:23:39.332+0000] {dagbag.py:532} INFO - Filling up the DagBag from /home/airflow/.local/lib/python3.7/site-packages/airflow/example_dags/example_branch_datetime_operator.py
[2023-04-29T22:23:39.368+0000] {processor.py:753} INFO - DAG(s) dict_keys(['example_branch_datetime_operator_2', 'example_branch_datetime_operator', 'example_branch_datetime_operator_3']) retrieved from /home/airflow/.local/lib/python3.7/site-packages/airflow/example_dags/example_branch_datetime_operator.py
[2023-04-29T22:23:39.387+0000] {logging_mixin.py:137} INFO - [2023-04-29T22:23:39.387+0000] {dag.py:2693} INFO - Sync 3 DAGs
[2023-04-29T22:23:39.410+0000] {logging_mixin.py:137} INFO - [2023-04-29T22:23:39.410+0000] {dag.py:3444} INFO - Setting next_dagrun for example_branch_datetime_operator to 2023-04-28T00:00:00+00:00, run_after=2023-04-29T00:00:00+00:00
[2023-04-29T22:23:39.414+0000] {logging_mixin.py:137} INFO - [2023-04-29T22:23:39.414+0000] {dag.py:3444} INFO - Setting next_dagrun for example_branch_datetime_operator_2 to 2023-04-28T00:00:00+00:00, run_after=2023-04-29T00:00:00+00:00
[2023-04-29T22:23:39.416+0000] {logging_mixin.py:137} INFO - [2023-04-29T22:23:39.416+0000] {dag.py:3444} INFO - Setting next_dagrun for example_branch_datetime_operator_3 to 2023-04-28T00:00:00+00:00, run_after=2023-04-29T00:00:00+00:00
[2023-04-29T22:23:39.430+0000] {processor.py:175} INFO - Processing /home/airflow/.local/lib/python3.7/site-packages/airflow/example_dags/example_branch_datetime_operator.py took 0.106 seconds
[2023-04-29T22:24:10.258+0000] {processor.py:153} INFO - Started process (PID=113) to work on /home/airflow/.local/lib/python3.7/site-packages/airflow/example_dags/example_branch_datetime_operator.py
[2023-04-29T22:24:10.259+0000] {processor.py:743} INFO - Processing file /home/airflow/.local/lib/python3.7/site-packages/airflow/example_dags/example_branch_datetime_operator.py for tasks to queue
[2023-04-29T22:24:10.260+0000] {logging_mixin.py:137} INFO - [2023-04-29T22:24:10.260+0000] {dagbag.py:532} INFO - Filling up the DagBag from /home/airflow/.local/lib/python3.7/site-packages/airflow/example_dags/example_branch_datetime_operator.py
[2023-04-29T22:24:10.273+0000] {processor.py:753} INFO - DAG(s) dict_keys(['example_branch_datetime_operator_3', 'example_branch_datetime_operator', 'example_branch_datetime_operator_2']) retrieved from /home/airflow/.local/lib/python3.7/site-packages/airflow/example_dags/example_branch_datetime_operator.py
[2023-04-29T22:24:10.296+0000] {logging_mixin.py:137} INFO - [2023-04-29T22:24:10.295+0000] {dag.py:2693} INFO - Sync 3 DAGs
[2023-04-29T22:24:10.313+0000] {logging_mixin.py:137} INFO - [2023-04-29T22:24:10.312+0000] {dag.py:3444} INFO - Setting next_dagrun for example_branch_datetime_operator to 2023-04-28T00:00:00+00:00, run_after=2023-04-29T00:00:00+00:00
[2023-04-29T22:24:10.316+0000] {logging_mixin.py:137} INFO - [2023-04-29T22:24:10.316+0000] {dag.py:3444} INFO - Setting next_dagrun for example_branch_datetime_operator_2 to 2023-04-28T00:00:00+00:00, run_after=2023-04-29T00:00:00+00:00
[2023-04-29T22:24:10.318+0000] {logging_mixin.py:137} INFO - [2023-04-29T22:24:10.318+0000] {dag.py:3444} INFO - Setting next_dagrun for example_branch_datetime_operator_3 to 2023-04-28T00:00:00+00:00, run_after=2023-04-29T00:00:00+00:00
[2023-04-29T22:24:10.327+0000] {processor.py:175} INFO - Processing /home/airflow/.local/lib/python3.7/site-packages/airflow/example_dags/example_branch_datetime_operator.py took 0.071 seconds
[2023-04-29T22:24:40.861+0000] {processor.py:153} INFO - Started process (PID=165) to work on /home/airflow/.local/lib/python3.7/site-packages/airflow/example_dags/example_branch_datetime_operator.py
[2023-04-29T22:24:40.862+0000] {processor.py:743} INFO - Processing file /home/airflow/.local/lib/python3.7/site-packages/airflow/example_dags/example_branch_datetime_operator.py for tasks to queue
[2023-04-29T22:24:40.863+0000] {logging_mixin.py:137} INFO - [2023-04-29T22:24:40.863+0000] {dagbag.py:532} INFO - Filling up the DagBag from /home/airflow/.local/lib/python3.7/site-packages/airflow/example_dags/example_branch_datetime_operator.py
[2023-04-29T22:24:40.875+0000] {processor.py:753} INFO - DAG(s) dict_keys(['example_branch_datetime_operator_3', 'example_branch_datetime_operator', 'example_branch_datetime_operator_2']) retrieved from /home/airflow/.local/lib/python3.7/site-packages/airflow/example_dags/example_branch_datetime_operator.py
[2023-04-29T22:24:40.898+0000] {logging_mixin.py:137} INFO - [2023-04-29T22:24:40.897+0000] {dag.py:2693} INFO - Sync 3 DAGs
[2023-04-29T22:24:40.914+0000] {logging_mixin.py:137} INFO - [2023-04-29T22:24:40.914+0000] {dag.py:3444} INFO - Setting next_dagrun for example_branch_datetime_operator to 2023-04-28T00:00:00+00:00, run_after=2023-04-29T00:00:00+00:00
[2023-04-29T22:24:40.917+0000] {logging_mixin.py:137} INFO - [2023-04-29T22:24:40.917+0000] {dag.py:3444} INFO - Setting next_dagrun for example_branch_datetime_operator_2 to 2023-04-28T00:00:00+00:00, run_after=2023-04-29T00:00:00+00:00
[2023-04-29T22:24:40.920+0000] {logging_mixin.py:137} INFO - [2023-04-29T22:24:40.920+0000] {dag.py:3444} INFO - Setting next_dagrun for example_branch_datetime_operator_3 to 2023-04-28T00:00:00+00:00, run_after=2023-04-29T00:00:00+00:00
[2023-04-29T22:24:40.930+0000] {processor.py:175} INFO - Processing /home/airflow/.local/lib/python3.7/site-packages/airflow/example_dags/example_branch_datetime_operator.py took 0.072 seconds
[2023-04-29T22:25:11.682+0000] {processor.py:153} INFO - Started process (PID=216) to work on /home/airflow/.local/lib/python3.7/site-packages/airflow/example_dags/example_branch_datetime_operator.py
[2023-04-29T22:25:11.683+0000] {processor.py:743} INFO - Processing file /home/airflow/.local/lib/python3.7/site-packages/airflow/example_dags/example_branch_datetime_operator.py for tasks to queue
[2023-04-29T22:25:11.684+0000] {logging_mixin.py:137} INFO - [2023-04-29T22:25:11.683+0000] {dagbag.py:532} INFO - Filling up the DagBag from /home/airflow/.local/lib/python3.7/site-packages/airflow/example_dags/example_branch_datetime_operator.py
[2023-04-29T22:25:11.697+0000] {processor.py:753} INFO - DAG(s) dict_keys(['example_branch_datetime_operator_2', 'example_branch_datetime_operator_3', 'example_branch_datetime_operator']) retrieved from /home/airflow/.local/lib/python3.7/site-packages/airflow/example_dags/example_branch_datetime_operator.py
[2023-04-29T22:25:11.723+0000] {logging_mixin.py:137} INFO - [2023-04-29T22:25:11.723+0000] {dag.py:2693} INFO - Sync 3 DAGs
[2023-04-29T22:25:11.740+0000] {logging_mixin.py:137} INFO - [2023-04-29T22:25:11.740+0000] {dag.py:3444} INFO - Setting next_dagrun for example_branch_datetime_operator to 2023-04-28T00:00:00+00:00, run_after=2023-04-29T00:00:00+00:00
[2023-04-29T22:25:11.743+0000] {logging_mixin.py:137} INFO - [2023-04-29T22:25:11.743+0000] {dag.py:3444} INFO - Setting next_dagrun for example_branch_datetime_operator_2 to 2023-04-28T00:00:00+00:00, run_after=2023-04-29T00:00:00+00:00
[2023-04-29T22:25:11.745+0000] {logging_mixin.py:137} INFO - [2023-04-29T22:25:11.745+0000] {dag.py:3444} INFO - Setting next_dagrun for example_branch_datetime_operator_3 to 2023-04-28T00:00:00+00:00, run_after=2023-04-29T00:00:00+00:00
[2023-04-29T22:25:11.756+0000] {processor.py:175} INFO - Processing /home/airflow/.local/lib/python3.7/site-packages/airflow/example_dags/example_branch_datetime_operator.py took 0.078 seconds
[2023-04-29T22:25:42.502+0000] {processor.py:153} INFO - Started process (PID=267) to work on /home/airflow/.local/lib/python3.7/site-packages/airflow/example_dags/example_branch_datetime_operator.py
[2023-04-29T22:25:42.503+0000] {processor.py:743} INFO - Processing file /home/airflow/.local/lib/python3.7/site-packages/airflow/example_dags/example_branch_datetime_operator.py for tasks to queue
[2023-04-29T22:25:42.504+0000] {logging_mixin.py:137} INFO - [2023-04-29T22:25:42.504+0000] {dagbag.py:532} INFO - Filling up the DagBag from /home/airflow/.local/lib/python3.7/site-packages/airflow/example_dags/example_branch_datetime_operator.py
[2023-04-29T22:25:42.516+0000] {processor.py:753} INFO - DAG(s) dict_keys(['example_branch_datetime_operator', 'example_branch_datetime_operator_2', 'example_branch_datetime_operator_3']) retrieved from /home/airflow/.local/lib/python3.7/site-packages/airflow/example_dags/example_branch_datetime_operator.py
[2023-04-29T22:25:42.539+0000] {logging_mixin.py:137} INFO - [2023-04-29T22:25:42.539+0000] {dag.py:2693} INFO - Sync 3 DAGs
[2023-04-29T22:25:42.555+0000] {logging_mixin.py:137} INFO - [2023-04-29T22:25:42.555+0000] {dag.py:3444} INFO - Setting next_dagrun for example_branch_datetime_operator to 2023-04-28T00:00:00+00:00, run_after=2023-04-29T00:00:00+00:00
[2023-04-29T22:25:42.558+0000] {logging_mixin.py:137} INFO - [2023-04-29T22:25:42.558+0000] {dag.py:3444} INFO - Setting next_dagrun for example_branch_datetime_operator_2 to 2023-04-28T00:00:00+00:00, run_after=2023-04-29T00:00:00+00:00
[2023-04-29T22:25:42.560+0000] {logging_mixin.py:137} INFO - [2023-04-29T22:25:42.560+0000] {dag.py:3444} INFO - Setting next_dagrun for example_branch_datetime_operator_3 to 2023-04-28T00:00:00+00:00, run_after=2023-04-29T00:00:00+00:00
[2023-04-29T22:25:42.569+0000] {processor.py:175} INFO - Processing /home/airflow/.local/lib/python3.7/site-packages/airflow/example_dags/example_branch_datetime_operator.py took 0.069 seconds
[2023-04-29T22:26:13.320+0000] {processor.py:153} INFO - Started process (PID=318) to work on /home/airflow/.local/lib/python3.7/site-packages/airflow/example_dags/example_branch_datetime_operator.py
[2023-04-29T22:26:13.321+0000] {processor.py:743} INFO - Processing file /home/airflow/.local/lib/python3.7/site-packages/airflow/example_dags/example_branch_datetime_operator.py for tasks to queue
[2023-04-29T22:26:13.321+0000] {logging_mixin.py:137} INFO - [2023-04-29T22:26:13.321+0000] {dagbag.py:532} INFO - Filling up the DagBag from /home/airflow/.local/lib/python3.7/site-packages/airflow/example_dags/example_branch_datetime_operator.py
[2023-04-29T22:26:13.333+0000] {processor.py:753} INFO - DAG(s) dict_keys(['example_branch_datetime_operator_3', 'example_branch_datetime_operator', 'example_branch_datetime_operator_2']) retrieved from /home/airflow/.local/lib/python3.7/site-packages/airflow/example_dags/example_branch_datetime_operator.py
[2023-04-29T22:26:13.356+0000] {logging_mixin.py:137} INFO - [2023-04-29T22:26:13.356+0000] {dag.py:2693} INFO - Sync 3 DAGs
[2023-04-29T22:26:13.372+0000] {logging_mixin.py:137} INFO - [2023-04-29T22:26:13.372+0000] {dag.py:3444} INFO - Setting next_dagrun for example_branch_datetime_operator to 2023-04-28T00:00:00+00:00, run_after=2023-04-29T00:00:00+00:00
[2023-04-29T22:26:13.375+0000] {logging_mixin.py:137} INFO - [2023-04-29T22:26:13.375+0000] {dag.py:3444} INFO - Setting next_dagrun for example_branch_datetime_operator_2 to 2023-04-28T00:00:00+00:00, run_after=2023-04-29T00:00:00+00:00
[2023-04-29T22:26:13.377+0000] {logging_mixin.py:137} INFO - [2023-04-29T22:26:13.377+0000] {dag.py:3444} INFO - Setting next_dagrun for example_branch_datetime_operator_3 to 2023-04-28T00:00:00+00:00, run_after=2023-04-29T00:00:00+00:00
[2023-04-29T22:26:13.386+0000] {processor.py:175} INFO - Processing /home/airflow/.local/lib/python3.7/site-packages/airflow/example_dags/example_branch_datetime_operator.py took 0.069 seconds
[2023-04-29T22:26:44.126+0000] {processor.py:153} INFO - Started process (PID=369) to work on /home/airflow/.local/lib/python3.7/site-packages/airflow/example_dags/example_branch_datetime_operator.py
[2023-04-29T22:26:44.128+0000] {processor.py:743} INFO - Processing file /home/airflow/.local/lib/python3.7/site-packages/airflow/example_dags/example_branch_datetime_operator.py for tasks to queue
[2023-04-29T22:26:44.129+0000] {logging_mixin.py:137} INFO - [2023-04-29T22:26:44.129+0000] {dagbag.py:532} INFO - Filling up the DagBag from /home/airflow/.local/lib/python3.7/site-packages/airflow/example_dags/example_branch_datetime_operator.py
[2023-04-29T22:26:44.141+0000] {processor.py:753} INFO - DAG(s) dict_keys(['example_branch_datetime_operator_3', 'example_branch_datetime_operator_2', 'example_branch_datetime_operator']) retrieved from /home/airflow/.local/lib/python3.7/site-packages/airflow/example_dags/example_branch_datetime_operator.py
[2023-04-29T22:26:44.166+0000] {logging_mixin.py:137} INFO - [2023-04-29T22:26:44.166+0000] {dag.py:2693} INFO - Sync 3 DAGs
[2023-04-29T22:26:44.182+0000] {logging_mixin.py:137} INFO - [2023-04-29T22:26:44.182+0000] {dag.py:3444} INFO - Setting next_dagrun for example_branch_datetime_operator to 2023-04-28T00:00:00+00:00, run_after=2023-04-29T00:00:00+00:00
[2023-04-29T22:26:44.185+0000] {logging_mixin.py:137} INFO - [2023-04-29T22:26:44.185+0000] {dag.py:3444} INFO - Setting next_dagrun for example_branch_datetime_operator_2 to 2023-04-28T00:00:00+00:00, run_after=2023-04-29T00:00:00+00:00
[2023-04-29T22:26:44.187+0000] {logging_mixin.py:137} INFO - [2023-04-29T22:26:44.187+0000] {dag.py:3444} INFO - Setting next_dagrun for example_branch_datetime_operator_3 to 2023-04-28T00:00:00+00:00, run_after=2023-04-29T00:00:00+00:00
[2023-04-29T22:26:44.196+0000] {processor.py:175} INFO - Processing /home/airflow/.local/lib/python3.7/site-packages/airflow/example_dags/example_branch_datetime_operator.py took 0.072 seconds
[2023-04-29T22:27:14.767+0000] {processor.py:153} INFO - Started process (PID=420) to work on /home/airflow/.local/lib/python3.7/site-packages/airflow/example_dags/example_branch_datetime_operator.py
[2023-04-29T22:27:14.768+0000] {processor.py:743} INFO - Processing file /home/airflow/.local/lib/python3.7/site-packages/airflow/example_dags/example_branch_datetime_operator.py for tasks to queue
[2023-04-29T22:27:14.769+0000] {logging_mixin.py:137} INFO - [2023-04-29T22:27:14.769+0000] {dagbag.py:532} INFO - Filling up the DagBag from /home/airflow/.local/lib/python3.7/site-packages/airflow/example_dags/example_branch_datetime_operator.py
[2023-04-29T22:27:14.781+0000] {processor.py:753} INFO - DAG(s) dict_keys(['example_branch_datetime_operator_3', 'example_branch_datetime_operator_2', 'example_branch_datetime_operator']) retrieved from /home/airflow/.local/lib/python3.7/site-packages/airflow/example_dags/example_branch_datetime_operator.py
[2023-04-29T22:27:14.804+0000] {logging_mixin.py:137} INFO - [2023-04-29T22:27:14.804+0000] {dag.py:2693} INFO - Sync 3 DAGs
[2023-04-29T22:27:14.821+0000] {logging_mixin.py:137} INFO - [2023-04-29T22:27:14.821+0000] {dag.py:3444} INFO - Setting next_dagrun for example_branch_datetime_operator to 2023-04-28T00:00:00+00:00, run_after=2023-04-29T00:00:00+00:00
[2023-04-29T22:27:14.825+0000] {logging_mixin.py:137} INFO - [2023-04-29T22:27:14.825+0000] {dag.py:3444} INFO - Setting next_dagrun for example_branch_datetime_operator_2 to 2023-04-28T00:00:00+00:00, run_after=2023-04-29T00:00:00+00:00
[2023-04-29T22:27:14.826+0000] {logging_mixin.py:137} INFO - [2023-04-29T22:27:14.826+0000] {dag.py:3444} INFO - Setting next_dagrun for example_branch_datetime_operator_3 to 2023-04-28T00:00:00+00:00, run_after=2023-04-29T00:00:00+00:00
[2023-04-29T22:27:14.836+0000] {processor.py:175} INFO - Processing /home/airflow/.local/lib/python3.7/site-packages/airflow/example_dags/example_branch_datetime_operator.py took 0.072 seconds
[2023-04-29T22:27:45.472+0000] {processor.py:153} INFO - Started process (PID=471) to work on /home/airflow/.local/lib/python3.7/site-packages/airflow/example_dags/example_branch_datetime_operator.py
[2023-04-29T22:27:45.474+0000] {processor.py:743} INFO - Processing file /home/airflow/.local/lib/python3.7/site-packages/airflow/example_dags/example_branch_datetime_operator.py for tasks to queue
[2023-04-29T22:27:45.474+0000] {logging_mixin.py:137} INFO - [2023-04-29T22:27:45.474+0000] {dagbag.py:532} INFO - Filling up the DagBag from /home/airflow/.local/lib/python3.7/site-packages/airflow/example_dags/example_branch_datetime_operator.py
[2023-04-29T22:27:45.488+0000] {processor.py:753} INFO - DAG(s) dict_keys(['example_branch_datetime_operator', 'example_branch_datetime_operator_2', 'example_branch_datetime_operator_3']) retrieved from /home/airflow/.local/lib/python3.7/site-packages/airflow/example_dags/example_branch_datetime_operator.py
[2023-04-29T22:27:45.510+0000] {logging_mixin.py:137} INFO - [2023-04-29T22:27:45.510+0000] {dag.py:2693} INFO - Sync 3 DAGs
[2023-04-29T22:27:45.527+0000] {logging_mixin.py:137} INFO - [2023-04-29T22:27:45.527+0000] {dag.py:3444} INFO - Setting next_dagrun for example_branch_datetime_operator to 2023-04-28T00:00:00+00:00, run_after=2023-04-29T00:00:00+00:00
[2023-04-29T22:27:45.530+0000] {logging_mixin.py:137} INFO - [2023-04-29T22:27:45.530+0000] {dag.py:3444} INFO - Setting next_dagrun for example_branch_datetime_operator_2 to 2023-04-28T00:00:00+00:00, run_after=2023-04-29T00:00:00+00:00
[2023-04-29T22:27:45.532+0000] {logging_mixin.py:137} INFO - [2023-04-29T22:27:45.532+0000] {dag.py:3444} INFO - Setting next_dagrun for example_branch_datetime_operator_3 to 2023-04-28T00:00:00+00:00, run_after=2023-04-29T00:00:00+00:00
[2023-04-29T22:27:45.542+0000] {processor.py:175} INFO - Processing /home/airflow/.local/lib/python3.7/site-packages/airflow/example_dags/example_branch_datetime_operator.py took 0.073 seconds
[2023-04-29T22:28:16.264+0000] {processor.py:153} INFO - Started process (PID=522) to work on /home/airflow/.local/lib/python3.7/site-packages/airflow/example_dags/example_branch_datetime_operator.py
[2023-04-29T22:28:16.265+0000] {processor.py:743} INFO - Processing file /home/airflow/.local/lib/python3.7/site-packages/airflow/example_dags/example_branch_datetime_operator.py for tasks to queue
[2023-04-29T22:28:16.266+0000] {logging_mixin.py:137} INFO - [2023-04-29T22:28:16.266+0000] {dagbag.py:532} INFO - Filling up the DagBag from /home/airflow/.local/lib/python3.7/site-packages/airflow/example_dags/example_branch_datetime_operator.py
[2023-04-29T22:28:16.277+0000] {processor.py:753} INFO - DAG(s) dict_keys(['example_branch_datetime_operator_2', 'example_branch_datetime_operator_3', 'example_branch_datetime_operator']) retrieved from /home/airflow/.local/lib/python3.7/site-packages/airflow/example_dags/example_branch_datetime_operator.py
[2023-04-29T22:28:16.304+0000] {logging_mixin.py:137} INFO - [2023-04-29T22:28:16.304+0000] {dag.py:2693} INFO - Sync 3 DAGs
[2023-04-29T22:28:16.320+0000] {logging_mixin.py:137} INFO - [2023-04-29T22:28:16.319+0000] {dag.py:3444} INFO - Setting next_dagrun for example_branch_datetime_operator to 2023-04-28T00:00:00+00:00, run_after=2023-04-29T00:00:00+00:00
[2023-04-29T22:28:16.322+0000] {logging_mixin.py:137} INFO - [2023-04-29T22:28:16.322+0000] {dag.py:3444} INFO - Setting next_dagrun for example_branch_datetime_operator_2 to 2023-04-28T00:00:00+00:00, run_after=2023-04-29T00:00:00+00:00
[2023-04-29T22:28:16.324+0000] {logging_mixin.py:137} INFO - [2023-04-29T22:28:16.324+0000] {dag.py:3444} INFO - Setting next_dagrun for example_branch_datetime_operator_3 to 2023-04-28T00:00:00+00:00, run_after=2023-04-29T00:00:00+00:00
[2023-04-29T22:28:16.333+0000] {processor.py:175} INFO - Processing /home/airflow/.local/lib/python3.7/site-packages/airflow/example_dags/example_branch_datetime_operator.py took 0.072 seconds
[2023-04-29T22:28:47.316+0000] {processor.py:153} INFO - Started process (PID=573) to work on /home/airflow/.local/lib/python3.7/site-packages/airflow/example_dags/example_branch_datetime_operator.py
[2023-04-29T22:28:47.317+0000] {processor.py:743} INFO - Processing file /home/airflow/.local/lib/python3.7/site-packages/airflow/example_dags/example_branch_datetime_operator.py for tasks to queue
[2023-04-29T22:28:47.318+0000] {logging_mixin.py:137} INFO - [2023-04-29T22:28:47.317+0000] {dagbag.py:532} INFO - Filling up the DagBag from /home/airflow/.local/lib/python3.7/site-packages/airflow/example_dags/example_branch_datetime_operator.py
[2023-04-29T22:28:47.330+0000] {processor.py:753} INFO - DAG(s) dict_keys(['example_branch_datetime_operator', 'example_branch_datetime_operator_3', 'example_branch_datetime_operator_2']) retrieved from /home/airflow/.local/lib/python3.7/site-packages/airflow/example_dags/example_branch_datetime_operator.py
[2023-04-29T22:28:47.353+0000] {logging_mixin.py:137} INFO - [2023-04-29T22:28:47.353+0000] {dag.py:2693} INFO - Sync 3 DAGs
[2023-04-29T22:28:47.371+0000] {logging_mixin.py:137} INFO - [2023-04-29T22:28:47.371+0000] {dag.py:3444} INFO - Setting next_dagrun for example_branch_datetime_operator to 2023-04-28T00:00:00+00:00, run_after=2023-04-29T00:00:00+00:00
[2023-04-29T22:28:47.374+0000] {logging_mixin.py:137} INFO - [2023-04-29T22:28:47.374+0000] {dag.py:3444} INFO - Setting next_dagrun for example_branch_datetime_operator_2 to 2023-04-28T00:00:00+00:00, run_after=2023-04-29T00:00:00+00:00
[2023-04-29T22:28:47.376+0000] {logging_mixin.py:137} INFO - [2023-04-29T22:28:47.376+0000] {dag.py:3444} INFO - Setting next_dagrun for example_branch_datetime_operator_3 to 2023-04-28T00:00:00+00:00, run_after=2023-04-29T00:00:00+00:00
[2023-04-29T22:28:47.387+0000] {processor.py:175} INFO - Processing /home/airflow/.local/lib/python3.7/site-packages/airflow/example_dags/example_branch_datetime_operator.py took 0.074 seconds
[2023-04-29T22:29:17.806+0000] {processor.py:153} INFO - Started process (PID=624) to work on /home/airflow/.local/lib/python3.7/site-packages/airflow/example_dags/example_branch_datetime_operator.py
[2023-04-29T22:29:17.809+0000] {processor.py:743} INFO - Processing file /home/airflow/.local/lib/python3.7/site-packages/airflow/example_dags/example_branch_datetime_operator.py for tasks to queue
[2023-04-29T22:29:17.810+0000] {logging_mixin.py:137} INFO - [2023-04-29T22:29:17.809+0000] {dagbag.py:532} INFO - Filling up the DagBag from /home/airflow/.local/lib/python3.7/site-packages/airflow/example_dags/example_branch_datetime_operator.py
[2023-04-29T22:29:17.822+0000] {processor.py:753} INFO - DAG(s) dict_keys(['example_branch_datetime_operator_2', 'example_branch_datetime_operator_3', 'example_branch_datetime_operator']) retrieved from /home/airflow/.local/lib/python3.7/site-packages/airflow/example_dags/example_branch_datetime_operator.py
[2023-04-29T22:29:17.845+0000] {logging_mixin.py:137} INFO - [2023-04-29T22:29:17.845+0000] {dag.py:2693} INFO - Sync 3 DAGs
[2023-04-29T22:29:17.862+0000] {logging_mixin.py:137} INFO - [2023-04-29T22:29:17.862+0000] {dag.py:3444} INFO - Setting next_dagrun for example_branch_datetime_operator to 2023-04-28T00:00:00+00:00, run_after=2023-04-29T00:00:00+00:00
[2023-04-29T22:29:17.865+0000] {logging_mixin.py:137} INFO - [2023-04-29T22:29:17.865+0000] {dag.py:3444} INFO - Setting next_dagrun for example_branch_datetime_operator_2 to 2023-04-28T00:00:00+00:00, run_after=2023-04-29T00:00:00+00:00
[2023-04-29T22:29:17.867+0000] {logging_mixin.py:137} INFO - [2023-04-29T22:29:17.867+0000] {dag.py:3444} INFO - Setting next_dagrun for example_branch_datetime_operator_3 to 2023-04-28T00:00:00+00:00, run_after=2023-04-29T00:00:00+00:00
[2023-04-29T22:29:17.876+0000] {processor.py:175} INFO - Processing /home/airflow/.local/lib/python3.7/site-packages/airflow/example_dags/example_branch_datetime_operator.py took 0.073 seconds
[2023-04-29T22:29:48.641+0000] {processor.py:153} INFO - Started process (PID=675) to work on /home/airflow/.local/lib/python3.7/site-packages/airflow/example_dags/example_branch_datetime_operator.py
[2023-04-29T22:29:48.642+0000] {processor.py:743} INFO - Processing file /home/airflow/.local/lib/python3.7/site-packages/airflow/example_dags/example_branch_datetime_operator.py for tasks to queue
[2023-04-29T22:29:48.642+0000] {logging_mixin.py:137} INFO - [2023-04-29T22:29:48.642+0000] {dagbag.py:532} INFO - Filling up the DagBag from /home/airflow/.local/lib/python3.7/site-packages/airflow/example_dags/example_branch_datetime_operator.py
[2023-04-29T22:29:48.653+0000] {processor.py:753} INFO - DAG(s) dict_keys(['example_branch_datetime_operator_3', 'example_branch_datetime_operator', 'example_branch_datetime_operator_2']) retrieved from /home/airflow/.local/lib/python3.7/site-packages/airflow/example_dags/example_branch_datetime_operator.py
[2023-04-29T22:29:48.676+0000] {logging_mixin.py:137} INFO - [2023-04-29T22:29:48.676+0000] {dag.py:2693} INFO - Sync 3 DAGs
[2023-04-29T22:29:48.691+0000] {logging_mixin.py:137} INFO - [2023-04-29T22:29:48.691+0000] {dag.py:3444} INFO - Setting next_dagrun for example_branch_datetime_operator to 2023-04-28T00:00:00+00:00, run_after=2023-04-29T00:00:00+00:00
[2023-04-29T22:29:48.694+0000] {logging_mixin.py:137} INFO - [2023-04-29T22:29:48.694+0000] {dag.py:3444} INFO - Setting next_dagrun for example_branch_datetime_operator_2 to 2023-04-28T00:00:00+00:00, run_after=2023-04-29T00:00:00+00:00
[2023-04-29T22:29:48.696+0000] {logging_mixin.py:137} INFO - [2023-04-29T22:29:48.696+0000] {dag.py:3444} INFO - Setting next_dagrun for example_branch_datetime_operator_3 to 2023-04-28T00:00:00+00:00, run_after=2023-04-29T00:00:00+00:00
[2023-04-29T22:29:48.705+0000] {processor.py:175} INFO - Processing /home/airflow/.local/lib/python3.7/site-packages/airflow/example_dags/example_branch_datetime_operator.py took 0.067 seconds
[2023-04-29T22:30:19.356+0000] {processor.py:153} INFO - Started process (PID=726) to work on /home/airflow/.local/lib/python3.7/site-packages/airflow/example_dags/example_branch_datetime_operator.py
[2023-04-29T22:30:19.357+0000] {processor.py:743} INFO - Processing file /home/airflow/.local/lib/python3.7/site-packages/airflow/example_dags/example_branch_datetime_operator.py for tasks to queue
[2023-04-29T22:30:19.358+0000] {logging_mixin.py:137} INFO - [2023-04-29T22:30:19.358+0000] {dagbag.py:532} INFO - Filling up the DagBag from /home/airflow/.local/lib/python3.7/site-packages/airflow/example_dags/example_branch_datetime_operator.py
[2023-04-29T22:30:19.375+0000] {processor.py:753} INFO - DAG(s) dict_keys(['example_branch_datetime_operator_2', 'example_branch_datetime_operator', 'example_branch_datetime_operator_3']) retrieved from /home/airflow/.local/lib/python3.7/site-packages/airflow/example_dags/example_branch_datetime_operator.py
[2023-04-29T22:30:19.401+0000] {logging_mixin.py:137} INFO - [2023-04-29T22:30:19.401+0000] {dag.py:2693} INFO - Sync 3 DAGs
[2023-04-29T22:30:19.419+0000] {logging_mixin.py:137} INFO - [2023-04-29T22:30:19.419+0000] {dag.py:3444} INFO - Setting next_dagrun for example_branch_datetime_operator to 2023-04-28T00:00:00+00:00, run_after=2023-04-29T00:00:00+00:00
[2023-04-29T22:30:19.422+0000] {logging_mixin.py:137} INFO - [2023-04-29T22:30:19.422+0000] {dag.py:3444} INFO - Setting next_dagrun for example_branch_datetime_operator_2 to 2023-04-28T00:00:00+00:00, run_after=2023-04-29T00:00:00+00:00
[2023-04-29T22:30:19.424+0000] {logging_mixin.py:137} INFO - [2023-04-29T22:30:19.424+0000] {dag.py:3444} INFO - Setting next_dagrun for example_branch_datetime_operator_3 to 2023-04-28T00:00:00+00:00, run_after=2023-04-29T00:00:00+00:00
[2023-04-29T22:30:19.435+0000] {processor.py:175} INFO - Processing /home/airflow/.local/lib/python3.7/site-packages/airflow/example_dags/example_branch_datetime_operator.py took 0.082 seconds
[2023-04-29T22:30:50.118+0000] {processor.py:153} INFO - Started process (PID=777) to work on /home/airflow/.local/lib/python3.7/site-packages/airflow/example_dags/example_branch_datetime_operator.py
[2023-04-29T22:30:50.121+0000] {processor.py:743} INFO - Processing file /home/airflow/.local/lib/python3.7/site-packages/airflow/example_dags/example_branch_datetime_operator.py for tasks to queue
[2023-04-29T22:30:50.122+0000] {logging_mixin.py:137} INFO - [2023-04-29T22:30:50.122+0000] {dagbag.py:532} INFO - Filling up the DagBag from /home/airflow/.local/lib/python3.7/site-packages/airflow/example_dags/example_branch_datetime_operator.py
[2023-04-29T22:30:50.137+0000] {processor.py:753} INFO - DAG(s) dict_keys(['example_branch_datetime_operator', 'example_branch_datetime_operator_2', 'example_branch_datetime_operator_3']) retrieved from /home/airflow/.local/lib/python3.7/site-packages/airflow/example_dags/example_branch_datetime_operator.py
[2023-04-29T22:30:50.168+0000] {logging_mixin.py:137} INFO - [2023-04-29T22:30:50.168+0000] {dag.py:2693} INFO - Sync 3 DAGs
[2023-04-29T22:30:50.193+0000] {logging_mixin.py:137} INFO - [2023-04-29T22:30:50.193+0000] {dag.py:3444} INFO - Setting next_dagrun for example_branch_datetime_operator to 2023-04-28T00:00:00+00:00, run_after=2023-04-29T00:00:00+00:00
[2023-04-29T22:30:50.198+0000] {logging_mixin.py:137} INFO - [2023-04-29T22:30:50.198+0000] {dag.py:3444} INFO - Setting next_dagrun for example_branch_datetime_operator_2 to 2023-04-28T00:00:00+00:00, run_after=2023-04-29T00:00:00+00:00
[2023-04-29T22:30:50.201+0000] {logging_mixin.py:137} INFO - [2023-04-29T22:30:50.201+0000] {dag.py:3444} INFO - Setting next_dagrun for example_branch_datetime_operator_3 to 2023-04-28T00:00:00+00:00, run_after=2023-04-29T00:00:00+00:00
[2023-04-29T22:30:50.217+0000] {processor.py:175} INFO - Processing /home/airflow/.local/lib/python3.7/site-packages/airflow/example_dags/example_branch_datetime_operator.py took 0.103 seconds
[2023-04-29T22:31:20.747+0000] {processor.py:153} INFO - Started process (PID=828) to work on /home/airflow/.local/lib/python3.7/site-packages/airflow/example_dags/example_branch_datetime_operator.py
[2023-04-29T22:31:20.748+0000] {processor.py:743} INFO - Processing file /home/airflow/.local/lib/python3.7/site-packages/airflow/example_dags/example_branch_datetime_operator.py for tasks to queue
[2023-04-29T22:31:20.749+0000] {logging_mixin.py:137} INFO - [2023-04-29T22:31:20.749+0000] {dagbag.py:532} INFO - Filling up the DagBag from /home/airflow/.local/lib/python3.7/site-packages/airflow/example_dags/example_branch_datetime_operator.py
[2023-04-29T22:31:20.761+0000] {processor.py:753} INFO - DAG(s) dict_keys(['example_branch_datetime_operator_2', 'example_branch_datetime_operator', 'example_branch_datetime_operator_3']) retrieved from /home/airflow/.local/lib/python3.7/site-packages/airflow/example_dags/example_branch_datetime_operator.py
[2023-04-29T22:31:20.785+0000] {logging_mixin.py:137} INFO - [2023-04-29T22:31:20.785+0000] {dag.py:2693} INFO - Sync 3 DAGs
[2023-04-29T22:31:20.804+0000] {logging_mixin.py:137} INFO - [2023-04-29T22:31:20.804+0000] {dag.py:3444} INFO - Setting next_dagrun for example_branch_datetime_operator to 2023-04-28T00:00:00+00:00, run_after=2023-04-29T00:00:00+00:00
[2023-04-29T22:31:20.807+0000] {logging_mixin.py:137} INFO - [2023-04-29T22:31:20.807+0000] {dag.py:3444} INFO - Setting next_dagrun for example_branch_datetime_operator_2 to 2023-04-28T00:00:00+00:00, run_after=2023-04-29T00:00:00+00:00
[2023-04-29T22:31:20.809+0000] {logging_mixin.py:137} INFO - [2023-04-29T22:31:20.809+0000] {dag.py:3444} INFO - Setting next_dagrun for example_branch_datetime_operator_3 to 2023-04-28T00:00:00+00:00, run_after=2023-04-29T00:00:00+00:00
[2023-04-29T22:31:20.819+0000] {processor.py:175} INFO - Processing /home/airflow/.local/lib/python3.7/site-packages/airflow/example_dags/example_branch_datetime_operator.py took 0.075 seconds
[2023-04-29T22:31:51.633+0000] {processor.py:153} INFO - Started process (PID=878) to work on /home/airflow/.local/lib/python3.7/site-packages/airflow/example_dags/example_branch_datetime_operator.py
[2023-04-29T22:31:51.634+0000] {processor.py:743} INFO - Processing file /home/airflow/.local/lib/python3.7/site-packages/airflow/example_dags/example_branch_datetime_operator.py for tasks to queue
[2023-04-29T22:31:51.635+0000] {logging_mixin.py:137} INFO - [2023-04-29T22:31:51.635+0000] {dagbag.py:532} INFO - Filling up the DagBag from /home/airflow/.local/lib/python3.7/site-packages/airflow/example_dags/example_branch_datetime_operator.py
[2023-04-29T22:31:51.647+0000] {processor.py:753} INFO - DAG(s) dict_keys(['example_branch_datetime_operator_3', 'example_branch_datetime_operator', 'example_branch_datetime_operator_2']) retrieved from /home/airflow/.local/lib/python3.7/site-packages/airflow/example_dags/example_branch_datetime_operator.py
[2023-04-29T22:31:51.669+0000] {logging_mixin.py:137} INFO - [2023-04-29T22:31:51.669+0000] {dag.py:2693} INFO - Sync 3 DAGs
[2023-04-29T22:31:51.688+0000] {logging_mixin.py:137} INFO - [2023-04-29T22:31:51.688+0000] {dag.py:3444} INFO - Setting next_dagrun for example_branch_datetime_operator to 2023-04-28T00:00:00+00:00, run_after=2023-04-29T00:00:00+00:00
[2023-04-29T22:31:51.691+0000] {logging_mixin.py:137} INFO - [2023-04-29T22:31:51.691+0000] {dag.py:3444} INFO - Setting next_dagrun for example_branch_datetime_operator_2 to 2023-04-28T00:00:00+00:00, run_after=2023-04-29T00:00:00+00:00
[2023-04-29T22:31:51.692+0000] {logging_mixin.py:137} INFO - [2023-04-29T22:31:51.692+0000] {dag.py:3444} INFO - Setting next_dagrun for example_branch_datetime_operator_3 to 2023-04-28T00:00:00+00:00, run_after=2023-04-29T00:00:00+00:00
[2023-04-29T22:31:51.702+0000] {processor.py:175} INFO - Processing /home/airflow/.local/lib/python3.7/site-packages/airflow/example_dags/example_branch_datetime_operator.py took 0.071 seconds
[2023-04-29T22:32:22.300+0000] {processor.py:153} INFO - Started process (PID=930) to work on /home/airflow/.local/lib/python3.7/site-packages/airflow/example_dags/example_branch_datetime_operator.py
[2023-04-29T22:32:22.301+0000] {processor.py:743} INFO - Processing file /home/airflow/.local/lib/python3.7/site-packages/airflow/example_dags/example_branch_datetime_operator.py for tasks to queue
[2023-04-29T22:32:22.302+0000] {logging_mixin.py:137} INFO - [2023-04-29T22:32:22.302+0000] {dagbag.py:532} INFO - Filling up the DagBag from /home/airflow/.local/lib/python3.7/site-packages/airflow/example_dags/example_branch_datetime_operator.py
[2023-04-29T22:32:22.315+0000] {processor.py:753} INFO - DAG(s) dict_keys(['example_branch_datetime_operator', 'example_branch_datetime_operator_3', 'example_branch_datetime_operator_2']) retrieved from /home/airflow/.local/lib/python3.7/site-packages/airflow/example_dags/example_branch_datetime_operator.py
[2023-04-29T22:32:22.344+0000] {logging_mixin.py:137} INFO - [2023-04-29T22:32:22.344+0000] {dag.py:2693} INFO - Sync 3 DAGs
[2023-04-29T22:32:22.362+0000] {logging_mixin.py:137} INFO - [2023-04-29T22:32:22.361+0000] {dag.py:3444} INFO - Setting next_dagrun for example_branch_datetime_operator to 2023-04-28T00:00:00+00:00, run_after=2023-04-29T00:00:00+00:00
[2023-04-29T22:32:22.365+0000] {logging_mixin.py:137} INFO - [2023-04-29T22:32:22.365+0000] {dag.py:3444} INFO - Setting next_dagrun for example_branch_datetime_operator_2 to 2023-04-28T00:00:00+00:00, run_after=2023-04-29T00:00:00+00:00
[2023-04-29T22:32:22.367+0000] {logging_mixin.py:137} INFO - [2023-04-29T22:32:22.367+0000] {dag.py:3444} INFO - Setting next_dagrun for example_branch_datetime_operator_3 to 2023-04-28T00:00:00+00:00, run_after=2023-04-29T00:00:00+00:00
[2023-04-29T22:32:22.376+0000] {processor.py:175} INFO - Processing /home/airflow/.local/lib/python3.7/site-packages/airflow/example_dags/example_branch_datetime_operator.py took 0.079 seconds
[2023-04-29T22:32:53.010+0000] {processor.py:153} INFO - Started process (PID=982) to work on /home/airflow/.local/lib/python3.7/site-packages/airflow/example_dags/example_branch_datetime_operator.py
[2023-04-29T22:32:53.011+0000] {processor.py:743} INFO - Processing file /home/airflow/.local/lib/python3.7/site-packages/airflow/example_dags/example_branch_datetime_operator.py for tasks to queue
[2023-04-29T22:32:53.012+0000] {logging_mixin.py:137} INFO - [2023-04-29T22:32:53.012+0000] {dagbag.py:532} INFO - Filling up the DagBag from /home/airflow/.local/lib/python3.7/site-packages/airflow/example_dags/example_branch_datetime_operator.py
[2023-04-29T22:32:53.023+0000] {processor.py:753} INFO - DAG(s) dict_keys(['example_branch_datetime_operator', 'example_branch_datetime_operator_3', 'example_branch_datetime_operator_2']) retrieved from /home/airflow/.local/lib/python3.7/site-packages/airflow/example_dags/example_branch_datetime_operator.py
[2023-04-29T22:32:53.045+0000] {logging_mixin.py:137} INFO - [2023-04-29T22:32:53.045+0000] {dag.py:2693} INFO - Sync 3 DAGs
[2023-04-29T22:32:53.061+0000] {logging_mixin.py:137} INFO - [2023-04-29T22:32:53.061+0000] {dag.py:3444} INFO - Setting next_dagrun for example_branch_datetime_operator to 2023-04-28T00:00:00+00:00, run_after=2023-04-29T00:00:00+00:00
[2023-04-29T22:32:53.064+0000] {logging_mixin.py:137} INFO - [2023-04-29T22:32:53.064+0000] {dag.py:3444} INFO - Setting next_dagrun for example_branch_datetime_operator_2 to 2023-04-28T00:00:00+00:00, run_after=2023-04-29T00:00:00+00:00
[2023-04-29T22:32:53.066+0000] {logging_mixin.py:137} INFO - [2023-04-29T22:32:53.066+0000] {dag.py:3444} INFO - Setting next_dagrun for example_branch_datetime_operator_3 to 2023-04-28T00:00:00+00:00, run_after=2023-04-29T00:00:00+00:00
[2023-04-29T22:32:53.075+0000] {processor.py:175} INFO - Processing /home/airflow/.local/lib/python3.7/site-packages/airflow/example_dags/example_branch_datetime_operator.py took 0.068 seconds
[2023-04-29T22:33:23.562+0000] {processor.py:153} INFO - Started process (PID=1033) to work on /home/airflow/.local/lib/python3.7/site-packages/airflow/example_dags/example_branch_datetime_operator.py
[2023-04-29T22:33:23.563+0000] {processor.py:743} INFO - Processing file /home/airflow/.local/lib/python3.7/site-packages/airflow/example_dags/example_branch_datetime_operator.py for tasks to queue
[2023-04-29T22:33:23.564+0000] {logging_mixin.py:137} INFO - [2023-04-29T22:33:23.564+0000] {dagbag.py:532} INFO - Filling up the DagBag from /home/airflow/.local/lib/python3.7/site-packages/airflow/example_dags/example_branch_datetime_operator.py
[2023-04-29T22:33:23.575+0000] {processor.py:753} INFO - DAG(s) dict_keys(['example_branch_datetime_operator_3', 'example_branch_datetime_operator_2', 'example_branch_datetime_operator']) retrieved from /home/airflow/.local/lib/python3.7/site-packages/airflow/example_dags/example_branch_datetime_operator.py
[2023-04-29T22:33:23.596+0000] {logging_mixin.py:137} INFO - [2023-04-29T22:33:23.596+0000] {dag.py:2693} INFO - Sync 3 DAGs
[2023-04-29T22:33:23.612+0000] {logging_mixin.py:137} INFO - [2023-04-29T22:33:23.612+0000] {dag.py:3444} INFO - Setting next_dagrun for example_branch_datetime_operator to 2023-04-28T00:00:00+00:00, run_after=2023-04-29T00:00:00+00:00
[2023-04-29T22:33:23.615+0000] {logging_mixin.py:137} INFO - [2023-04-29T22:33:23.614+0000] {dag.py:3444} INFO - Setting next_dagrun for example_branch_datetime_operator_2 to 2023-04-28T00:00:00+00:00, run_after=2023-04-29T00:00:00+00:00
[2023-04-29T22:33:23.616+0000] {logging_mixin.py:137} INFO - [2023-04-29T22:33:23.616+0000] {dag.py:3444} INFO - Setting next_dagrun for example_branch_datetime_operator_3 to 2023-04-28T00:00:00+00:00, run_after=2023-04-29T00:00:00+00:00
[2023-04-29T22:33:23.625+0000] {processor.py:175} INFO - Processing /home/airflow/.local/lib/python3.7/site-packages/airflow/example_dags/example_branch_datetime_operator.py took 0.065 seconds
[2023-04-29T22:33:54.095+0000] {processor.py:153} INFO - Started process (PID=1084) to work on /home/airflow/.local/lib/python3.7/site-packages/airflow/example_dags/example_branch_datetime_operator.py
[2023-04-29T22:33:54.096+0000] {processor.py:743} INFO - Processing file /home/airflow/.local/lib/python3.7/site-packages/airflow/example_dags/example_branch_datetime_operator.py for tasks to queue
[2023-04-29T22:33:54.097+0000] {logging_mixin.py:137} INFO - [2023-04-29T22:33:54.097+0000] {dagbag.py:532} INFO - Filling up the DagBag from /home/airflow/.local/lib/python3.7/site-packages/airflow/example_dags/example_branch_datetime_operator.py
[2023-04-29T22:33:54.109+0000] {processor.py:753} INFO - DAG(s) dict_keys(['example_branch_datetime_operator_2', 'example_branch_datetime_operator_3', 'example_branch_datetime_operator']) retrieved from /home/airflow/.local/lib/python3.7/site-packages/airflow/example_dags/example_branch_datetime_operator.py
[2023-04-29T22:33:54.131+0000] {logging_mixin.py:137} INFO - [2023-04-29T22:33:54.131+0000] {dag.py:2693} INFO - Sync 3 DAGs
[2023-04-29T22:33:54.148+0000] {logging_mixin.py:137} INFO - [2023-04-29T22:33:54.148+0000] {dag.py:3444} INFO - Setting next_dagrun for example_branch_datetime_operator to 2023-04-28T00:00:00+00:00, run_after=2023-04-29T00:00:00+00:00
[2023-04-29T22:33:54.151+0000] {logging_mixin.py:137} INFO - [2023-04-29T22:33:54.151+0000] {dag.py:3444} INFO - Setting next_dagrun for example_branch_datetime_operator_2 to 2023-04-28T00:00:00+00:00, run_after=2023-04-29T00:00:00+00:00
[2023-04-29T22:33:54.153+0000] {logging_mixin.py:137} INFO - [2023-04-29T22:33:54.153+0000] {dag.py:3444} INFO - Setting next_dagrun for example_branch_datetime_operator_3 to 2023-04-28T00:00:00+00:00, run_after=2023-04-29T00:00:00+00:00
[2023-04-29T22:33:54.162+0000] {processor.py:175} INFO - Processing /home/airflow/.local/lib/python3.7/site-packages/airflow/example_dags/example_branch_datetime_operator.py took 0.070 seconds
[2023-04-29T22:34:24.658+0000] {processor.py:153} INFO - Started process (PID=1135) to work on /home/airflow/.local/lib/python3.7/site-packages/airflow/example_dags/example_branch_datetime_operator.py
[2023-04-29T22:34:24.660+0000] {processor.py:743} INFO - Processing file /home/airflow/.local/lib/python3.7/site-packages/airflow/example_dags/example_branch_datetime_operator.py for tasks to queue
[2023-04-29T22:34:24.660+0000] {logging_mixin.py:137} INFO - [2023-04-29T22:34:24.660+0000] {dagbag.py:532} INFO - Filling up the DagBag from /home/airflow/.local/lib/python3.7/site-packages/airflow/example_dags/example_branch_datetime_operator.py
[2023-04-29T22:34:24.672+0000] {processor.py:753} INFO - DAG(s) dict_keys(['example_branch_datetime_operator', 'example_branch_datetime_operator_3', 'example_branch_datetime_operator_2']) retrieved from /home/airflow/.local/lib/python3.7/site-packages/airflow/example_dags/example_branch_datetime_operator.py
[2023-04-29T22:34:24.695+0000] {logging_mixin.py:137} INFO - [2023-04-29T22:34:24.694+0000] {dag.py:2693} INFO - Sync 3 DAGs
[2023-04-29T22:34:24.711+0000] {logging_mixin.py:137} INFO - [2023-04-29T22:34:24.710+0000] {dag.py:3444} INFO - Setting next_dagrun for example_branch_datetime_operator to 2023-04-28T00:00:00+00:00, run_after=2023-04-29T00:00:00+00:00
[2023-04-29T22:34:24.714+0000] {logging_mixin.py:137} INFO - [2023-04-29T22:34:24.714+0000] {dag.py:3444} INFO - Setting next_dagrun for example_branch_datetime_operator_2 to 2023-04-28T00:00:00+00:00, run_after=2023-04-29T00:00:00+00:00
[2023-04-29T22:34:24.715+0000] {logging_mixin.py:137} INFO - [2023-04-29T22:34:24.715+0000] {dag.py:3444} INFO - Setting next_dagrun for example_branch_datetime_operator_3 to 2023-04-28T00:00:00+00:00, run_after=2023-04-29T00:00:00+00:00
[2023-04-29T22:34:24.725+0000] {processor.py:175} INFO - Processing /home/airflow/.local/lib/python3.7/site-packages/airflow/example_dags/example_branch_datetime_operator.py took 0.069 seconds
[2023-04-29T22:34:55.214+0000] {processor.py:153} INFO - Started process (PID=1186) to work on /home/airflow/.local/lib/python3.7/site-packages/airflow/example_dags/example_branch_datetime_operator.py
[2023-04-29T22:34:55.215+0000] {processor.py:743} INFO - Processing file /home/airflow/.local/lib/python3.7/site-packages/airflow/example_dags/example_branch_datetime_operator.py for tasks to queue
[2023-04-29T22:34:55.216+0000] {logging_mixin.py:137} INFO - [2023-04-29T22:34:55.216+0000] {dagbag.py:532} INFO - Filling up the DagBag from /home/airflow/.local/lib/python3.7/site-packages/airflow/example_dags/example_branch_datetime_operator.py
[2023-04-29T22:34:55.227+0000] {processor.py:753} INFO - DAG(s) dict_keys(['example_branch_datetime_operator_2', 'example_branch_datetime_operator_3', 'example_branch_datetime_operator']) retrieved from /home/airflow/.local/lib/python3.7/site-packages/airflow/example_dags/example_branch_datetime_operator.py
[2023-04-29T22:34:55.249+0000] {logging_mixin.py:137} INFO - [2023-04-29T22:34:55.249+0000] {dag.py:2693} INFO - Sync 3 DAGs
[2023-04-29T22:34:55.265+0000] {logging_mixin.py:137} INFO - [2023-04-29T22:34:55.265+0000] {dag.py:3444} INFO - Setting next_dagrun for example_branch_datetime_operator to 2023-04-28T00:00:00+00:00, run_after=2023-04-29T00:00:00+00:00
[2023-04-29T22:34:55.268+0000] {logging_mixin.py:137} INFO - [2023-04-29T22:34:55.268+0000] {dag.py:3444} INFO - Setting next_dagrun for example_branch_datetime_operator_2 to 2023-04-28T00:00:00+00:00, run_after=2023-04-29T00:00:00+00:00
[2023-04-29T22:34:55.270+0000] {logging_mixin.py:137} INFO - [2023-04-29T22:34:55.270+0000] {dag.py:3444} INFO - Setting next_dagrun for example_branch_datetime_operator_3 to 2023-04-28T00:00:00+00:00, run_after=2023-04-29T00:00:00+00:00
[2023-04-29T22:34:55.278+0000] {processor.py:175} INFO - Processing /home/airflow/.local/lib/python3.7/site-packages/airflow/example_dags/example_branch_datetime_operator.py took 0.067 seconds
[2023-04-29T22:35:25.842+0000] {processor.py:153} INFO - Started process (PID=1237) to work on /home/airflow/.local/lib/python3.7/site-packages/airflow/example_dags/example_branch_datetime_operator.py
[2023-04-29T22:35:25.843+0000] {processor.py:743} INFO - Processing file /home/airflow/.local/lib/python3.7/site-packages/airflow/example_dags/example_branch_datetime_operator.py for tasks to queue
[2023-04-29T22:35:25.844+0000] {logging_mixin.py:137} INFO - [2023-04-29T22:35:25.844+0000] {dagbag.py:532} INFO - Filling up the DagBag from /home/airflow/.local/lib/python3.7/site-packages/airflow/example_dags/example_branch_datetime_operator.py
[2023-04-29T22:35:25.856+0000] {processor.py:753} INFO - DAG(s) dict_keys(['example_branch_datetime_operator', 'example_branch_datetime_operator_2', 'example_branch_datetime_operator_3']) retrieved from /home/airflow/.local/lib/python3.7/site-packages/airflow/example_dags/example_branch_datetime_operator.py
[2023-04-29T22:35:25.879+0000] {logging_mixin.py:137} INFO - [2023-04-29T22:35:25.879+0000] {dag.py:2693} INFO - Sync 3 DAGs
[2023-04-29T22:35:25.895+0000] {logging_mixin.py:137} INFO - [2023-04-29T22:35:25.895+0000] {dag.py:3444} INFO - Setting next_dagrun for example_branch_datetime_operator to 2023-04-28T00:00:00+00:00, run_after=2023-04-29T00:00:00+00:00
[2023-04-29T22:35:25.899+0000] {logging_mixin.py:137} INFO - [2023-04-29T22:35:25.899+0000] {dag.py:3444} INFO - Setting next_dagrun for example_branch_datetime_operator_2 to 2023-04-28T00:00:00+00:00, run_after=2023-04-29T00:00:00+00:00
[2023-04-29T22:35:25.900+0000] {logging_mixin.py:137} INFO - [2023-04-29T22:35:25.900+0000] {dag.py:3444} INFO - Setting next_dagrun for example_branch_datetime_operator_3 to 2023-04-28T00:00:00+00:00, run_after=2023-04-29T00:00:00+00:00
[2023-04-29T22:35:25.909+0000] {processor.py:175} INFO - Processing /home/airflow/.local/lib/python3.7/site-packages/airflow/example_dags/example_branch_datetime_operator.py took 0.069 seconds
[2023-04-29T22:35:56.610+0000] {processor.py:153} INFO - Started process (PID=1295) to work on /home/airflow/.local/lib/python3.7/site-packages/airflow/example_dags/example_branch_datetime_operator.py
[2023-04-29T22:35:56.611+0000] {processor.py:743} INFO - Processing file /home/airflow/.local/lib/python3.7/site-packages/airflow/example_dags/example_branch_datetime_operator.py for tasks to queue
[2023-04-29T22:35:56.611+0000] {logging_mixin.py:137} INFO - [2023-04-29T22:35:56.611+0000] {dagbag.py:532} INFO - Filling up the DagBag from /home/airflow/.local/lib/python3.7/site-packages/airflow/example_dags/example_branch_datetime_operator.py
[2023-04-29T22:35:56.622+0000] {processor.py:753} INFO - DAG(s) dict_keys(['example_branch_datetime_operator_2', 'example_branch_datetime_operator_3', 'example_branch_datetime_operator']) retrieved from /home/airflow/.local/lib/python3.7/site-packages/airflow/example_dags/example_branch_datetime_operator.py
[2023-04-29T22:35:56.644+0000] {logging_mixin.py:137} INFO - [2023-04-29T22:35:56.644+0000] {dag.py:2693} INFO - Sync 3 DAGs
[2023-04-29T22:35:56.659+0000] {logging_mixin.py:137} INFO - [2023-04-29T22:35:56.659+0000] {dag.py:3444} INFO - Setting next_dagrun for example_branch_datetime_operator to 2023-04-28T00:00:00+00:00, run_after=2023-04-29T00:00:00+00:00
[2023-04-29T22:35:56.662+0000] {logging_mixin.py:137} INFO - [2023-04-29T22:35:56.662+0000] {dag.py:3444} INFO - Setting next_dagrun for example_branch_datetime_operator_2 to 2023-04-28T00:00:00+00:00, run_after=2023-04-29T00:00:00+00:00
[2023-04-29T22:35:56.664+0000] {logging_mixin.py:137} INFO - [2023-04-29T22:35:56.664+0000] {dag.py:3444} INFO - Setting next_dagrun for example_branch_datetime_operator_3 to 2023-04-28T00:00:00+00:00, run_after=2023-04-29T00:00:00+00:00
[2023-04-29T22:35:56.674+0000] {processor.py:175} INFO - Processing /home/airflow/.local/lib/python3.7/site-packages/airflow/example_dags/example_branch_datetime_operator.py took 0.067 seconds
[2023-04-29T22:36:27.238+0000] {processor.py:153} INFO - Started process (PID=1345) to work on /home/airflow/.local/lib/python3.7/site-packages/airflow/example_dags/example_branch_datetime_operator.py
[2023-04-29T22:36:27.239+0000] {processor.py:743} INFO - Processing file /home/airflow/.local/lib/python3.7/site-packages/airflow/example_dags/example_branch_datetime_operator.py for tasks to queue
[2023-04-29T22:36:27.239+0000] {logging_mixin.py:137} INFO - [2023-04-29T22:36:27.239+0000] {dagbag.py:532} INFO - Filling up the DagBag from /home/airflow/.local/lib/python3.7/site-packages/airflow/example_dags/example_branch_datetime_operator.py
[2023-04-29T22:36:27.251+0000] {processor.py:753} INFO - DAG(s) dict_keys(['example_branch_datetime_operator_3', 'example_branch_datetime_operator_2', 'example_branch_datetime_operator']) retrieved from /home/airflow/.local/lib/python3.7/site-packages/airflow/example_dags/example_branch_datetime_operator.py
[2023-04-29T22:36:27.274+0000] {logging_mixin.py:137} INFO - [2023-04-29T22:36:27.274+0000] {dag.py:2693} INFO - Sync 3 DAGs
[2023-04-29T22:36:27.290+0000] {logging_mixin.py:137} INFO - [2023-04-29T22:36:27.290+0000] {dag.py:3444} INFO - Setting next_dagrun for example_branch_datetime_operator to 2023-04-28T00:00:00+00:00, run_after=2023-04-29T00:00:00+00:00
[2023-04-29T22:36:27.294+0000] {logging_mixin.py:137} INFO - [2023-04-29T22:36:27.294+0000] {dag.py:3444} INFO - Setting next_dagrun for example_branch_datetime_operator_2 to 2023-04-28T00:00:00+00:00, run_after=2023-04-29T00:00:00+00:00
[2023-04-29T22:36:27.295+0000] {logging_mixin.py:137} INFO - [2023-04-29T22:36:27.295+0000] {dag.py:3444} INFO - Setting next_dagrun for example_branch_datetime_operator_3 to 2023-04-28T00:00:00+00:00, run_after=2023-04-29T00:00:00+00:00
[2023-04-29T22:36:27.305+0000] {processor.py:175} INFO - Processing /home/airflow/.local/lib/python3.7/site-packages/airflow/example_dags/example_branch_datetime_operator.py took 0.070 seconds
[2023-04-29T22:36:57.838+0000] {processor.py:153} INFO - Started process (PID=1396) to work on /home/airflow/.local/lib/python3.7/site-packages/airflow/example_dags/example_branch_datetime_operator.py
[2023-04-29T22:36:57.839+0000] {processor.py:743} INFO - Processing file /home/airflow/.local/lib/python3.7/site-packages/airflow/example_dags/example_branch_datetime_operator.py for tasks to queue
[2023-04-29T22:36:57.840+0000] {logging_mixin.py:137} INFO - [2023-04-29T22:36:57.840+0000] {dagbag.py:532} INFO - Filling up the DagBag from /home/airflow/.local/lib/python3.7/site-packages/airflow/example_dags/example_branch_datetime_operator.py
[2023-04-29T22:36:57.851+0000] {processor.py:753} INFO - DAG(s) dict_keys(['example_branch_datetime_operator_2', 'example_branch_datetime_operator', 'example_branch_datetime_operator_3']) retrieved from /home/airflow/.local/lib/python3.7/site-packages/airflow/example_dags/example_branch_datetime_operator.py
[2023-04-29T22:36:57.874+0000] {logging_mixin.py:137} INFO - [2023-04-29T22:36:57.874+0000] {dag.py:2693} INFO - Sync 3 DAGs
[2023-04-29T22:36:57.891+0000] {logging_mixin.py:137} INFO - [2023-04-29T22:36:57.891+0000] {dag.py:3444} INFO - Setting next_dagrun for example_branch_datetime_operator to 2023-04-28T00:00:00+00:00, run_after=2023-04-29T00:00:00+00:00
[2023-04-29T22:36:57.894+0000] {logging_mixin.py:137} INFO - [2023-04-29T22:36:57.894+0000] {dag.py:3444} INFO - Setting next_dagrun for example_branch_datetime_operator_2 to 2023-04-28T00:00:00+00:00, run_after=2023-04-29T00:00:00+00:00
[2023-04-29T22:36:57.895+0000] {logging_mixin.py:137} INFO - [2023-04-29T22:36:57.895+0000] {dag.py:3444} INFO - Setting next_dagrun for example_branch_datetime_operator_3 to 2023-04-28T00:00:00+00:00, run_after=2023-04-29T00:00:00+00:00
[2023-04-29T22:36:57.905+0000] {processor.py:175} INFO - Processing /home/airflow/.local/lib/python3.7/site-packages/airflow/example_dags/example_branch_datetime_operator.py took 0.071 seconds
[2023-04-29T22:37:28.422+0000] {processor.py:153} INFO - Started process (PID=1447) to work on /home/airflow/.local/lib/python3.7/site-packages/airflow/example_dags/example_branch_datetime_operator.py
[2023-04-29T22:37:28.423+0000] {processor.py:743} INFO - Processing file /home/airflow/.local/lib/python3.7/site-packages/airflow/example_dags/example_branch_datetime_operator.py for tasks to queue
[2023-04-29T22:37:28.423+0000] {logging_mixin.py:137} INFO - [2023-04-29T22:37:28.423+0000] {dagbag.py:532} INFO - Filling up the DagBag from /home/airflow/.local/lib/python3.7/site-packages/airflow/example_dags/example_branch_datetime_operator.py
[2023-04-29T22:37:28.436+0000] {processor.py:753} INFO - DAG(s) dict_keys(['example_branch_datetime_operator', 'example_branch_datetime_operator_3', 'example_branch_datetime_operator_2']) retrieved from /home/airflow/.local/lib/python3.7/site-packages/airflow/example_dags/example_branch_datetime_operator.py
[2023-04-29T22:37:28.458+0000] {logging_mixin.py:137} INFO - [2023-04-29T22:37:28.458+0000] {dag.py:2693} INFO - Sync 3 DAGs
[2023-04-29T22:37:28.475+0000] {logging_mixin.py:137} INFO - [2023-04-29T22:37:28.475+0000] {dag.py:3444} INFO - Setting next_dagrun for example_branch_datetime_operator to 2023-04-28T00:00:00+00:00, run_after=2023-04-29T00:00:00+00:00
[2023-04-29T22:37:28.478+0000] {logging_mixin.py:137} INFO - [2023-04-29T22:37:28.478+0000] {dag.py:3444} INFO - Setting next_dagrun for example_branch_datetime_operator_2 to 2023-04-28T00:00:00+00:00, run_after=2023-04-29T00:00:00+00:00
[2023-04-29T22:37:28.480+0000] {logging_mixin.py:137} INFO - [2023-04-29T22:37:28.480+0000] {dag.py:3444} INFO - Setting next_dagrun for example_branch_datetime_operator_3 to 2023-04-28T00:00:00+00:00, run_after=2023-04-29T00:00:00+00:00
[2023-04-29T22:37:28.490+0000] {processor.py:175} INFO - Processing /home/airflow/.local/lib/python3.7/site-packages/airflow/example_dags/example_branch_datetime_operator.py took 0.071 seconds
[2023-04-29T22:37:58.895+0000] {processor.py:153} INFO - Started process (PID=1498) to work on /home/airflow/.local/lib/python3.7/site-packages/airflow/example_dags/example_branch_datetime_operator.py
[2023-04-29T22:37:58.896+0000] {processor.py:743} INFO - Processing file /home/airflow/.local/lib/python3.7/site-packages/airflow/example_dags/example_branch_datetime_operator.py for tasks to queue
[2023-04-29T22:37:58.897+0000] {logging_mixin.py:137} INFO - [2023-04-29T22:37:58.897+0000] {dagbag.py:532} INFO - Filling up the DagBag from /home/airflow/.local/lib/python3.7/site-packages/airflow/example_dags/example_branch_datetime_operator.py
[2023-04-29T22:37:58.910+0000] {processor.py:753} INFO - DAG(s) dict_keys(['example_branch_datetime_operator_2', 'example_branch_datetime_operator_3', 'example_branch_datetime_operator']) retrieved from /home/airflow/.local/lib/python3.7/site-packages/airflow/example_dags/example_branch_datetime_operator.py
[2023-04-29T22:37:58.932+0000] {logging_mixin.py:137} INFO - [2023-04-29T22:37:58.932+0000] {dag.py:2693} INFO - Sync 3 DAGs
[2023-04-29T22:37:58.949+0000] {logging_mixin.py:137} INFO - [2023-04-29T22:37:58.949+0000] {dag.py:3444} INFO - Setting next_dagrun for example_branch_datetime_operator to 2023-04-28T00:00:00+00:00, run_after=2023-04-29T00:00:00+00:00
[2023-04-29T22:37:58.952+0000] {logging_mixin.py:137} INFO - [2023-04-29T22:37:58.952+0000] {dag.py:3444} INFO - Setting next_dagrun for example_branch_datetime_operator_2 to 2023-04-28T00:00:00+00:00, run_after=2023-04-29T00:00:00+00:00
[2023-04-29T22:37:58.954+0000] {logging_mixin.py:137} INFO - [2023-04-29T22:37:58.954+0000] {dag.py:3444} INFO - Setting next_dagrun for example_branch_datetime_operator_3 to 2023-04-28T00:00:00+00:00, run_after=2023-04-29T00:00:00+00:00
[2023-04-29T22:37:58.966+0000] {processor.py:175} INFO - Processing /home/airflow/.local/lib/python3.7/site-packages/airflow/example_dags/example_branch_datetime_operator.py took 0.073 seconds
[2023-04-29T22:38:29.573+0000] {processor.py:153} INFO - Started process (PID=1549) to work on /home/airflow/.local/lib/python3.7/site-packages/airflow/example_dags/example_branch_datetime_operator.py
[2023-04-29T22:38:29.575+0000] {processor.py:743} INFO - Processing file /home/airflow/.local/lib/python3.7/site-packages/airflow/example_dags/example_branch_datetime_operator.py for tasks to queue
[2023-04-29T22:38:29.576+0000] {logging_mixin.py:137} INFO - [2023-04-29T22:38:29.576+0000] {dagbag.py:532} INFO - Filling up the DagBag from /home/airflow/.local/lib/python3.7/site-packages/airflow/example_dags/example_branch_datetime_operator.py
[2023-04-29T22:38:29.587+0000] {processor.py:753} INFO - DAG(s) dict_keys(['example_branch_datetime_operator_3', 'example_branch_datetime_operator', 'example_branch_datetime_operator_2']) retrieved from /home/airflow/.local/lib/python3.7/site-packages/airflow/example_dags/example_branch_datetime_operator.py
[2023-04-29T22:38:29.610+0000] {logging_mixin.py:137} INFO - [2023-04-29T22:38:29.610+0000] {dag.py:2693} INFO - Sync 3 DAGs
[2023-04-29T22:38:29.627+0000] {logging_mixin.py:137} INFO - [2023-04-29T22:38:29.627+0000] {dag.py:3444} INFO - Setting next_dagrun for example_branch_datetime_operator to 2023-04-28T00:00:00+00:00, run_after=2023-04-29T00:00:00+00:00
[2023-04-29T22:38:29.630+0000] {logging_mixin.py:137} INFO - [2023-04-29T22:38:29.630+0000] {dag.py:3444} INFO - Setting next_dagrun for example_branch_datetime_operator_2 to 2023-04-28T00:00:00+00:00, run_after=2023-04-29T00:00:00+00:00
[2023-04-29T22:38:29.632+0000] {logging_mixin.py:137} INFO - [2023-04-29T22:38:29.632+0000] {dag.py:3444} INFO - Setting next_dagrun for example_branch_datetime_operator_3 to 2023-04-28T00:00:00+00:00, run_after=2023-04-29T00:00:00+00:00
[2023-04-29T22:38:29.641+0000] {processor.py:175} INFO - Processing /home/airflow/.local/lib/python3.7/site-packages/airflow/example_dags/example_branch_datetime_operator.py took 0.070 seconds
[2023-04-29T22:39:00.286+0000] {processor.py:153} INFO - Started process (PID=1600) to work on /home/airflow/.local/lib/python3.7/site-packages/airflow/example_dags/example_branch_datetime_operator.py
[2023-04-29T22:39:00.287+0000] {processor.py:743} INFO - Processing file /home/airflow/.local/lib/python3.7/site-packages/airflow/example_dags/example_branch_datetime_operator.py for tasks to queue
[2023-04-29T22:39:00.288+0000] {logging_mixin.py:137} INFO - [2023-04-29T22:39:00.288+0000] {dagbag.py:532} INFO - Filling up the DagBag from /home/airflow/.local/lib/python3.7/site-packages/airflow/example_dags/example_branch_datetime_operator.py
[2023-04-29T22:39:00.300+0000] {processor.py:753} INFO - DAG(s) dict_keys(['example_branch_datetime_operator_3', 'example_branch_datetime_operator', 'example_branch_datetime_operator_2']) retrieved from /home/airflow/.local/lib/python3.7/site-packages/airflow/example_dags/example_branch_datetime_operator.py
[2023-04-29T22:39:00.324+0000] {logging_mixin.py:137} INFO - [2023-04-29T22:39:00.324+0000] {dag.py:2693} INFO - Sync 3 DAGs
[2023-04-29T22:39:00.341+0000] {logging_mixin.py:137} INFO - [2023-04-29T22:39:00.341+0000] {dag.py:3444} INFO - Setting next_dagrun for example_branch_datetime_operator to 2023-04-28T00:00:00+00:00, run_after=2023-04-29T00:00:00+00:00
[2023-04-29T22:39:00.345+0000] {logging_mixin.py:137} INFO - [2023-04-29T22:39:00.345+0000] {dag.py:3444} INFO - Setting next_dagrun for example_branch_datetime_operator_2 to 2023-04-28T00:00:00+00:00, run_after=2023-04-29T00:00:00+00:00
[2023-04-29T22:39:00.346+0000] {logging_mixin.py:137} INFO - [2023-04-29T22:39:00.346+0000] {dag.py:3444} INFO - Setting next_dagrun for example_branch_datetime_operator_3 to 2023-04-28T00:00:00+00:00, run_after=2023-04-29T00:00:00+00:00
[2023-04-29T22:39:00.356+0000] {processor.py:175} INFO - Processing /home/airflow/.local/lib/python3.7/site-packages/airflow/example_dags/example_branch_datetime_operator.py took 0.072 seconds
[2023-04-29T22:39:30.888+0000] {processor.py:153} INFO - Started process (PID=1652) to work on /home/airflow/.local/lib/python3.7/site-packages/airflow/example_dags/example_branch_datetime_operator.py
[2023-04-29T22:39:30.889+0000] {processor.py:743} INFO - Processing file /home/airflow/.local/lib/python3.7/site-packages/airflow/example_dags/example_branch_datetime_operator.py for tasks to queue
[2023-04-29T22:39:30.890+0000] {logging_mixin.py:137} INFO - [2023-04-29T22:39:30.890+0000] {dagbag.py:532} INFO - Filling up the DagBag from /home/airflow/.local/lib/python3.7/site-packages/airflow/example_dags/example_branch_datetime_operator.py
[2023-04-29T22:39:30.902+0000] {processor.py:753} INFO - DAG(s) dict_keys(['example_branch_datetime_operator_3', 'example_branch_datetime_operator_2', 'example_branch_datetime_operator']) retrieved from /home/airflow/.local/lib/python3.7/site-packages/airflow/example_dags/example_branch_datetime_operator.py
[2023-04-29T22:39:30.925+0000] {logging_mixin.py:137} INFO - [2023-04-29T22:39:30.925+0000] {dag.py:2693} INFO - Sync 3 DAGs
[2023-04-29T22:39:30.941+0000] {logging_mixin.py:137} INFO - [2023-04-29T22:39:30.941+0000] {dag.py:3444} INFO - Setting next_dagrun for example_branch_datetime_operator to 2023-04-28T00:00:00+00:00, run_after=2023-04-29T00:00:00+00:00
[2023-04-29T22:39:30.945+0000] {logging_mixin.py:137} INFO - [2023-04-29T22:39:30.945+0000] {dag.py:3444} INFO - Setting next_dagrun for example_branch_datetime_operator_2 to 2023-04-28T00:00:00+00:00, run_after=2023-04-29T00:00:00+00:00
[2023-04-29T22:39:30.946+0000] {logging_mixin.py:137} INFO - [2023-04-29T22:39:30.946+0000] {dag.py:3444} INFO - Setting next_dagrun for example_branch_datetime_operator_3 to 2023-04-28T00:00:00+00:00, run_after=2023-04-29T00:00:00+00:00
[2023-04-29T22:39:30.956+0000] {processor.py:175} INFO - Processing /home/airflow/.local/lib/python3.7/site-packages/airflow/example_dags/example_branch_datetime_operator.py took 0.071 seconds
[2023-04-29T22:40:01.529+0000] {processor.py:153} INFO - Started process (PID=1703) to work on /home/airflow/.local/lib/python3.7/site-packages/airflow/example_dags/example_branch_datetime_operator.py
[2023-04-29T22:40:01.530+0000] {processor.py:743} INFO - Processing file /home/airflow/.local/lib/python3.7/site-packages/airflow/example_dags/example_branch_datetime_operator.py for tasks to queue
[2023-04-29T22:40:01.531+0000] {logging_mixin.py:137} INFO - [2023-04-29T22:40:01.530+0000] {dagbag.py:532} INFO - Filling up the DagBag from /home/airflow/.local/lib/python3.7/site-packages/airflow/example_dags/example_branch_datetime_operator.py
[2023-04-29T22:40:01.542+0000] {processor.py:753} INFO - DAG(s) dict_keys(['example_branch_datetime_operator_3', 'example_branch_datetime_operator', 'example_branch_datetime_operator_2']) retrieved from /home/airflow/.local/lib/python3.7/site-packages/airflow/example_dags/example_branch_datetime_operator.py
[2023-04-29T22:40:01.564+0000] {logging_mixin.py:137} INFO - [2023-04-29T22:40:01.564+0000] {dag.py:2693} INFO - Sync 3 DAGs
[2023-04-29T22:40:01.579+0000] {logging_mixin.py:137} INFO - [2023-04-29T22:40:01.579+0000] {dag.py:3444} INFO - Setting next_dagrun for example_branch_datetime_operator to 2023-04-28T00:00:00+00:00, run_after=2023-04-29T00:00:00+00:00
[2023-04-29T22:40:01.583+0000] {logging_mixin.py:137} INFO - [2023-04-29T22:40:01.582+0000] {dag.py:3444} INFO - Setting next_dagrun for example_branch_datetime_operator_2 to 2023-04-28T00:00:00+00:00, run_after=2023-04-29T00:00:00+00:00
[2023-04-29T22:40:01.584+0000] {logging_mixin.py:137} INFO - [2023-04-29T22:40:01.584+0000] {dag.py:3444} INFO - Setting next_dagrun for example_branch_datetime_operator_3 to 2023-04-28T00:00:00+00:00, run_after=2023-04-29T00:00:00+00:00
[2023-04-29T22:40:01.594+0000] {processor.py:175} INFO - Processing /home/airflow/.local/lib/python3.7/site-packages/airflow/example_dags/example_branch_datetime_operator.py took 0.067 seconds
[2023-04-29T22:40:32.225+0000] {processor.py:153} INFO - Started process (PID=1754) to work on /home/airflow/.local/lib/python3.7/site-packages/airflow/example_dags/example_branch_datetime_operator.py
[2023-04-29T22:40:32.227+0000] {processor.py:743} INFO - Processing file /home/airflow/.local/lib/python3.7/site-packages/airflow/example_dags/example_branch_datetime_operator.py for tasks to queue
[2023-04-29T22:40:32.227+0000] {logging_mixin.py:137} INFO - [2023-04-29T22:40:32.227+0000] {dagbag.py:532} INFO - Filling up the DagBag from /home/airflow/.local/lib/python3.7/site-packages/airflow/example_dags/example_branch_datetime_operator.py
[2023-04-29T22:40:32.240+0000] {processor.py:753} INFO - DAG(s) dict_keys(['example_branch_datetime_operator', 'example_branch_datetime_operator_2', 'example_branch_datetime_operator_3']) retrieved from /home/airflow/.local/lib/python3.7/site-packages/airflow/example_dags/example_branch_datetime_operator.py
[2023-04-29T22:40:32.262+0000] {logging_mixin.py:137} INFO - [2023-04-29T22:40:32.262+0000] {dag.py:2693} INFO - Sync 3 DAGs
[2023-04-29T22:40:32.278+0000] {logging_mixin.py:137} INFO - [2023-04-29T22:40:32.278+0000] {dag.py:3444} INFO - Setting next_dagrun for example_branch_datetime_operator to 2023-04-28T00:00:00+00:00, run_after=2023-04-29T00:00:00+00:00
[2023-04-29T22:40:32.281+0000] {logging_mixin.py:137} INFO - [2023-04-29T22:40:32.281+0000] {dag.py:3444} INFO - Setting next_dagrun for example_branch_datetime_operator_2 to 2023-04-28T00:00:00+00:00, run_after=2023-04-29T00:00:00+00:00
[2023-04-29T22:40:32.282+0000] {logging_mixin.py:137} INFO - [2023-04-29T22:40:32.282+0000] {dag.py:3444} INFO - Setting next_dagrun for example_branch_datetime_operator_3 to 2023-04-28T00:00:00+00:00, run_after=2023-04-29T00:00:00+00:00
[2023-04-29T22:40:32.291+0000] {processor.py:175} INFO - Processing /home/airflow/.local/lib/python3.7/site-packages/airflow/example_dags/example_branch_datetime_operator.py took 0.068 seconds
[2023-04-29T22:41:03.011+0000] {processor.py:153} INFO - Started process (PID=1806) to work on /home/airflow/.local/lib/python3.7/site-packages/airflow/example_dags/example_branch_datetime_operator.py
[2023-04-29T22:41:03.012+0000] {processor.py:743} INFO - Processing file /home/airflow/.local/lib/python3.7/site-packages/airflow/example_dags/example_branch_datetime_operator.py for tasks to queue
[2023-04-29T22:41:03.013+0000] {logging_mixin.py:137} INFO - [2023-04-29T22:41:03.013+0000] {dagbag.py:532} INFO - Filling up the DagBag from /home/airflow/.local/lib/python3.7/site-packages/airflow/example_dags/example_branch_datetime_operator.py
[2023-04-29T22:41:03.025+0000] {processor.py:753} INFO - DAG(s) dict_keys(['example_branch_datetime_operator_2', 'example_branch_datetime_operator_3', 'example_branch_datetime_operator']) retrieved from /home/airflow/.local/lib/python3.7/site-packages/airflow/example_dags/example_branch_datetime_operator.py
[2023-04-29T22:41:03.048+0000] {logging_mixin.py:137} INFO - [2023-04-29T22:41:03.048+0000] {dag.py:2693} INFO - Sync 3 DAGs
[2023-04-29T22:41:03.064+0000] {logging_mixin.py:137} INFO - [2023-04-29T22:41:03.064+0000] {dag.py:3444} INFO - Setting next_dagrun for example_branch_datetime_operator to 2023-04-28T00:00:00+00:00, run_after=2023-04-29T00:00:00+00:00
[2023-04-29T22:41:03.067+0000] {logging_mixin.py:137} INFO - [2023-04-29T22:41:03.067+0000] {dag.py:3444} INFO - Setting next_dagrun for example_branch_datetime_operator_2 to 2023-04-28T00:00:00+00:00, run_after=2023-04-29T00:00:00+00:00
[2023-04-29T22:41:03.069+0000] {logging_mixin.py:137} INFO - [2023-04-29T22:41:03.069+0000] {dag.py:3444} INFO - Setting next_dagrun for example_branch_datetime_operator_3 to 2023-04-28T00:00:00+00:00, run_after=2023-04-29T00:00:00+00:00
[2023-04-29T22:41:03.078+0000] {processor.py:175} INFO - Processing /home/airflow/.local/lib/python3.7/site-packages/airflow/example_dags/example_branch_datetime_operator.py took 0.070 seconds
[2023-04-29T22:41:33.326+0000] {processor.py:153} INFO - Started process (PID=1857) to work on /home/airflow/.local/lib/python3.7/site-packages/airflow/example_dags/example_branch_datetime_operator.py
[2023-04-29T22:41:33.328+0000] {processor.py:743} INFO - Processing file /home/airflow/.local/lib/python3.7/site-packages/airflow/example_dags/example_branch_datetime_operator.py for tasks to queue
[2023-04-29T22:41:33.329+0000] {logging_mixin.py:137} INFO - [2023-04-29T22:41:33.329+0000] {dagbag.py:532} INFO - Filling up the DagBag from /home/airflow/.local/lib/python3.7/site-packages/airflow/example_dags/example_branch_datetime_operator.py
[2023-04-29T22:41:33.341+0000] {processor.py:753} INFO - DAG(s) dict_keys(['example_branch_datetime_operator_3', 'example_branch_datetime_operator', 'example_branch_datetime_operator_2']) retrieved from /home/airflow/.local/lib/python3.7/site-packages/airflow/example_dags/example_branch_datetime_operator.py
[2023-04-29T22:41:33.366+0000] {logging_mixin.py:137} INFO - [2023-04-29T22:41:33.365+0000] {dag.py:2693} INFO - Sync 3 DAGs
[2023-04-29T22:41:33.382+0000] {logging_mixin.py:137} INFO - [2023-04-29T22:41:33.382+0000] {dag.py:3444} INFO - Setting next_dagrun for example_branch_datetime_operator to 2023-04-28T00:00:00+00:00, run_after=2023-04-29T00:00:00+00:00
[2023-04-29T22:41:33.385+0000] {logging_mixin.py:137} INFO - [2023-04-29T22:41:33.385+0000] {dag.py:3444} INFO - Setting next_dagrun for example_branch_datetime_operator_2 to 2023-04-28T00:00:00+00:00, run_after=2023-04-29T00:00:00+00:00
[2023-04-29T22:41:33.387+0000] {logging_mixin.py:137} INFO - [2023-04-29T22:41:33.387+0000] {dag.py:3444} INFO - Setting next_dagrun for example_branch_datetime_operator_3 to 2023-04-28T00:00:00+00:00, run_after=2023-04-29T00:00:00+00:00
[2023-04-29T22:41:33.396+0000] {processor.py:175} INFO - Processing /home/airflow/.local/lib/python3.7/site-packages/airflow/example_dags/example_branch_datetime_operator.py took 0.072 seconds
[2023-04-29T22:42:03.867+0000] {processor.py:153} INFO - Started process (PID=1908) to work on /home/airflow/.local/lib/python3.7/site-packages/airflow/example_dags/example_branch_datetime_operator.py
[2023-04-29T22:42:03.868+0000] {processor.py:743} INFO - Processing file /home/airflow/.local/lib/python3.7/site-packages/airflow/example_dags/example_branch_datetime_operator.py for tasks to queue
[2023-04-29T22:42:03.869+0000] {logging_mixin.py:137} INFO - [2023-04-29T22:42:03.869+0000] {dagbag.py:532} INFO - Filling up the DagBag from /home/airflow/.local/lib/python3.7/site-packages/airflow/example_dags/example_branch_datetime_operator.py
[2023-04-29T22:42:03.880+0000] {processor.py:753} INFO - DAG(s) dict_keys(['example_branch_datetime_operator', 'example_branch_datetime_operator_2', 'example_branch_datetime_operator_3']) retrieved from /home/airflow/.local/lib/python3.7/site-packages/airflow/example_dags/example_branch_datetime_operator.py
[2023-04-29T22:42:03.902+0000] {logging_mixin.py:137} INFO - [2023-04-29T22:42:03.902+0000] {dag.py:2693} INFO - Sync 3 DAGs
[2023-04-29T22:42:03.918+0000] {logging_mixin.py:137} INFO - [2023-04-29T22:42:03.917+0000] {dag.py:3444} INFO - Setting next_dagrun for example_branch_datetime_operator to 2023-04-28T00:00:00+00:00, run_after=2023-04-29T00:00:00+00:00
[2023-04-29T22:42:03.921+0000] {logging_mixin.py:137} INFO - [2023-04-29T22:42:03.920+0000] {dag.py:3444} INFO - Setting next_dagrun for example_branch_datetime_operator_2 to 2023-04-28T00:00:00+00:00, run_after=2023-04-29T00:00:00+00:00
[2023-04-29T22:42:03.922+0000] {logging_mixin.py:137} INFO - [2023-04-29T22:42:03.922+0000] {dag.py:3444} INFO - Setting next_dagrun for example_branch_datetime_operator_3 to 2023-04-28T00:00:00+00:00, run_after=2023-04-29T00:00:00+00:00
[2023-04-29T22:42:03.931+0000] {processor.py:175} INFO - Processing /home/airflow/.local/lib/python3.7/site-packages/airflow/example_dags/example_branch_datetime_operator.py took 0.067 seconds
[2023-04-29T22:42:34.614+0000] {processor.py:153} INFO - Started process (PID=1959) to work on /home/airflow/.local/lib/python3.7/site-packages/airflow/example_dags/example_branch_datetime_operator.py
[2023-04-29T22:42:34.615+0000] {processor.py:743} INFO - Processing file /home/airflow/.local/lib/python3.7/site-packages/airflow/example_dags/example_branch_datetime_operator.py for tasks to queue
[2023-04-29T22:42:34.616+0000] {logging_mixin.py:137} INFO - [2023-04-29T22:42:34.616+0000] {dagbag.py:532} INFO - Filling up the DagBag from /home/airflow/.local/lib/python3.7/site-packages/airflow/example_dags/example_branch_datetime_operator.py
[2023-04-29T22:42:34.629+0000] {processor.py:753} INFO - DAG(s) dict_keys(['example_branch_datetime_operator', 'example_branch_datetime_operator_2', 'example_branch_datetime_operator_3']) retrieved from /home/airflow/.local/lib/python3.7/site-packages/airflow/example_dags/example_branch_datetime_operator.py
[2023-04-29T22:42:34.651+0000] {logging_mixin.py:137} INFO - [2023-04-29T22:42:34.651+0000] {dag.py:2693} INFO - Sync 3 DAGs
[2023-04-29T22:42:34.668+0000] {logging_mixin.py:137} INFO - [2023-04-29T22:42:34.668+0000] {dag.py:3444} INFO - Setting next_dagrun for example_branch_datetime_operator to 2023-04-28T00:00:00+00:00, run_after=2023-04-29T00:00:00+00:00
[2023-04-29T22:42:34.671+0000] {logging_mixin.py:137} INFO - [2023-04-29T22:42:34.671+0000] {dag.py:3444} INFO - Setting next_dagrun for example_branch_datetime_operator_2 to 2023-04-28T00:00:00+00:00, run_after=2023-04-29T00:00:00+00:00
[2023-04-29T22:42:34.673+0000] {logging_mixin.py:137} INFO - [2023-04-29T22:42:34.673+0000] {dag.py:3444} INFO - Setting next_dagrun for example_branch_datetime_operator_3 to 2023-04-28T00:00:00+00:00, run_after=2023-04-29T00:00:00+00:00
[2023-04-29T22:42:34.682+0000] {processor.py:175} INFO - Processing /home/airflow/.local/lib/python3.7/site-packages/airflow/example_dags/example_branch_datetime_operator.py took 0.071 seconds
[2023-04-29T22:43:05.292+0000] {processor.py:153} INFO - Started process (PID=2010) to work on /home/airflow/.local/lib/python3.7/site-packages/airflow/example_dags/example_branch_datetime_operator.py
[2023-04-29T22:43:05.294+0000] {processor.py:743} INFO - Processing file /home/airflow/.local/lib/python3.7/site-packages/airflow/example_dags/example_branch_datetime_operator.py for tasks to queue
[2023-04-29T22:43:05.294+0000] {logging_mixin.py:137} INFO - [2023-04-29T22:43:05.294+0000] {dagbag.py:532} INFO - Filling up the DagBag from /home/airflow/.local/lib/python3.7/site-packages/airflow/example_dags/example_branch_datetime_operator.py
[2023-04-29T22:43:05.305+0000] {processor.py:753} INFO - DAG(s) dict_keys(['example_branch_datetime_operator_3', 'example_branch_datetime_operator', 'example_branch_datetime_operator_2']) retrieved from /home/airflow/.local/lib/python3.7/site-packages/airflow/example_dags/example_branch_datetime_operator.py
[2023-04-29T22:43:05.328+0000] {logging_mixin.py:137} INFO - [2023-04-29T22:43:05.328+0000] {dag.py:2693} INFO - Sync 3 DAGs
[2023-04-29T22:43:05.343+0000] {logging_mixin.py:137} INFO - [2023-04-29T22:43:05.343+0000] {dag.py:3444} INFO - Setting next_dagrun for example_branch_datetime_operator to 2023-04-28T00:00:00+00:00, run_after=2023-04-29T00:00:00+00:00
[2023-04-29T22:43:05.346+0000] {logging_mixin.py:137} INFO - [2023-04-29T22:43:05.346+0000] {dag.py:3444} INFO - Setting next_dagrun for example_branch_datetime_operator_2 to 2023-04-28T00:00:00+00:00, run_after=2023-04-29T00:00:00+00:00
[2023-04-29T22:43:05.348+0000] {logging_mixin.py:137} INFO - [2023-04-29T22:43:05.348+0000] {dag.py:3444} INFO - Setting next_dagrun for example_branch_datetime_operator_3 to 2023-04-28T00:00:00+00:00, run_after=2023-04-29T00:00:00+00:00
[2023-04-29T22:43:05.356+0000] {processor.py:175} INFO - Processing /home/airflow/.local/lib/python3.7/site-packages/airflow/example_dags/example_branch_datetime_operator.py took 0.067 seconds
[2023-04-29T22:43:35.943+0000] {processor.py:153} INFO - Started process (PID=2061) to work on /home/airflow/.local/lib/python3.7/site-packages/airflow/example_dags/example_branch_datetime_operator.py
[2023-04-29T22:43:35.945+0000] {processor.py:743} INFO - Processing file /home/airflow/.local/lib/python3.7/site-packages/airflow/example_dags/example_branch_datetime_operator.py for tasks to queue
[2023-04-29T22:43:35.945+0000] {logging_mixin.py:137} INFO - [2023-04-29T22:43:35.945+0000] {dagbag.py:532} INFO - Filling up the DagBag from /home/airflow/.local/lib/python3.7/site-packages/airflow/example_dags/example_branch_datetime_operator.py
[2023-04-29T22:43:35.956+0000] {processor.py:753} INFO - DAG(s) dict_keys(['example_branch_datetime_operator_2', 'example_branch_datetime_operator_3', 'example_branch_datetime_operator']) retrieved from /home/airflow/.local/lib/python3.7/site-packages/airflow/example_dags/example_branch_datetime_operator.py
[2023-04-29T22:43:35.979+0000] {logging_mixin.py:137} INFO - [2023-04-29T22:43:35.979+0000] {dag.py:2693} INFO - Sync 3 DAGs
[2023-04-29T22:43:35.994+0000] {logging_mixin.py:137} INFO - [2023-04-29T22:43:35.994+0000] {dag.py:3444} INFO - Setting next_dagrun for example_branch_datetime_operator to 2023-04-28T00:00:00+00:00, run_after=2023-04-29T00:00:00+00:00
[2023-04-29T22:43:35.997+0000] {logging_mixin.py:137} INFO - [2023-04-29T22:43:35.997+0000] {dag.py:3444} INFO - Setting next_dagrun for example_branch_datetime_operator_2 to 2023-04-28T00:00:00+00:00, run_after=2023-04-29T00:00:00+00:00
[2023-04-29T22:43:35.998+0000] {logging_mixin.py:137} INFO - [2023-04-29T22:43:35.998+0000] {dag.py:3444} INFO - Setting next_dagrun for example_branch_datetime_operator_3 to 2023-04-28T00:00:00+00:00, run_after=2023-04-29T00:00:00+00:00
[2023-04-29T22:43:36.008+0000] {processor.py:175} INFO - Processing /home/airflow/.local/lib/python3.7/site-packages/airflow/example_dags/example_branch_datetime_operator.py took 0.068 seconds
[2023-04-29T22:44:06.804+0000] {processor.py:153} INFO - Started process (PID=2112) to work on /home/airflow/.local/lib/python3.7/site-packages/airflow/example_dags/example_branch_datetime_operator.py
[2023-04-29T22:44:06.805+0000] {processor.py:743} INFO - Processing file /home/airflow/.local/lib/python3.7/site-packages/airflow/example_dags/example_branch_datetime_operator.py for tasks to queue
[2023-04-29T22:44:06.805+0000] {logging_mixin.py:137} INFO - [2023-04-29T22:44:06.805+0000] {dagbag.py:532} INFO - Filling up the DagBag from /home/airflow/.local/lib/python3.7/site-packages/airflow/example_dags/example_branch_datetime_operator.py
[2023-04-29T22:44:06.817+0000] {processor.py:753} INFO - DAG(s) dict_keys(['example_branch_datetime_operator_2', 'example_branch_datetime_operator', 'example_branch_datetime_operator_3']) retrieved from /home/airflow/.local/lib/python3.7/site-packages/airflow/example_dags/example_branch_datetime_operator.py
[2023-04-29T22:44:06.839+0000] {logging_mixin.py:137} INFO - [2023-04-29T22:44:06.839+0000] {dag.py:2693} INFO - Sync 3 DAGs
[2023-04-29T22:44:06.854+0000] {logging_mixin.py:137} INFO - [2023-04-29T22:44:06.854+0000] {dag.py:3444} INFO - Setting next_dagrun for example_branch_datetime_operator to 2023-04-28T00:00:00+00:00, run_after=2023-04-29T00:00:00+00:00
[2023-04-29T22:44:06.857+0000] {logging_mixin.py:137} INFO - [2023-04-29T22:44:06.857+0000] {dag.py:3444} INFO - Setting next_dagrun for example_branch_datetime_operator_2 to 2023-04-28T00:00:00+00:00, run_after=2023-04-29T00:00:00+00:00
[2023-04-29T22:44:06.859+0000] {logging_mixin.py:137} INFO - [2023-04-29T22:44:06.859+0000] {dag.py:3444} INFO - Setting next_dagrun for example_branch_datetime_operator_3 to 2023-04-28T00:00:00+00:00, run_after=2023-04-29T00:00:00+00:00
[2023-04-29T22:44:06.868+0000] {processor.py:175} INFO - Processing /home/airflow/.local/lib/python3.7/site-packages/airflow/example_dags/example_branch_datetime_operator.py took 0.067 seconds
[2023-04-29T22:44:37.218+0000] {processor.py:153} INFO - Started process (PID=2163) to work on /home/airflow/.local/lib/python3.7/site-packages/airflow/example_dags/example_branch_datetime_operator.py
[2023-04-29T22:44:37.219+0000] {processor.py:743} INFO - Processing file /home/airflow/.local/lib/python3.7/site-packages/airflow/example_dags/example_branch_datetime_operator.py for tasks to queue
[2023-04-29T22:44:37.220+0000] {logging_mixin.py:137} INFO - [2023-04-29T22:44:37.220+0000] {dagbag.py:532} INFO - Filling up the DagBag from /home/airflow/.local/lib/python3.7/site-packages/airflow/example_dags/example_branch_datetime_operator.py
[2023-04-29T22:44:37.232+0000] {processor.py:753} INFO - DAG(s) dict_keys(['example_branch_datetime_operator', 'example_branch_datetime_operator_3', 'example_branch_datetime_operator_2']) retrieved from /home/airflow/.local/lib/python3.7/site-packages/airflow/example_dags/example_branch_datetime_operator.py
[2023-04-29T22:44:37.255+0000] {logging_mixin.py:137} INFO - [2023-04-29T22:44:37.255+0000] {dag.py:2693} INFO - Sync 3 DAGs
[2023-04-29T22:44:37.272+0000] {logging_mixin.py:137} INFO - [2023-04-29T22:44:37.272+0000] {dag.py:3444} INFO - Setting next_dagrun for example_branch_datetime_operator to 2023-04-28T00:00:00+00:00, run_after=2023-04-29T00:00:00+00:00
[2023-04-29T22:44:37.275+0000] {logging_mixin.py:137} INFO - [2023-04-29T22:44:37.275+0000] {dag.py:3444} INFO - Setting next_dagrun for example_branch_datetime_operator_2 to 2023-04-28T00:00:00+00:00, run_after=2023-04-29T00:00:00+00:00
[2023-04-29T22:44:37.276+0000] {logging_mixin.py:137} INFO - [2023-04-29T22:44:37.276+0000] {dag.py:3444} INFO - Setting next_dagrun for example_branch_datetime_operator_3 to 2023-04-28T00:00:00+00:00, run_after=2023-04-29T00:00:00+00:00
[2023-04-29T22:44:37.286+0000] {processor.py:175} INFO - Processing /home/airflow/.local/lib/python3.7/site-packages/airflow/example_dags/example_branch_datetime_operator.py took 0.071 seconds
[2023-04-29T22:45:07.887+0000] {processor.py:153} INFO - Started process (PID=2214) to work on /home/airflow/.local/lib/python3.7/site-packages/airflow/example_dags/example_branch_datetime_operator.py
[2023-04-29T22:45:07.888+0000] {processor.py:743} INFO - Processing file /home/airflow/.local/lib/python3.7/site-packages/airflow/example_dags/example_branch_datetime_operator.py for tasks to queue
[2023-04-29T22:45:07.889+0000] {logging_mixin.py:137} INFO - [2023-04-29T22:45:07.889+0000] {dagbag.py:532} INFO - Filling up the DagBag from /home/airflow/.local/lib/python3.7/site-packages/airflow/example_dags/example_branch_datetime_operator.py
[2023-04-29T22:45:07.901+0000] {processor.py:753} INFO - DAG(s) dict_keys(['example_branch_datetime_operator', 'example_branch_datetime_operator_3', 'example_branch_datetime_operator_2']) retrieved from /home/airflow/.local/lib/python3.7/site-packages/airflow/example_dags/example_branch_datetime_operator.py
[2023-04-29T22:45:07.924+0000] {logging_mixin.py:137} INFO - [2023-04-29T22:45:07.924+0000] {dag.py:2693} INFO - Sync 3 DAGs
[2023-04-29T22:45:07.940+0000] {logging_mixin.py:137} INFO - [2023-04-29T22:45:07.940+0000] {dag.py:3444} INFO - Setting next_dagrun for example_branch_datetime_operator to 2023-04-28T00:00:00+00:00, run_after=2023-04-29T00:00:00+00:00
[2023-04-29T22:45:07.943+0000] {logging_mixin.py:137} INFO - [2023-04-29T22:45:07.943+0000] {dag.py:3444} INFO - Setting next_dagrun for example_branch_datetime_operator_2 to 2023-04-28T00:00:00+00:00, run_after=2023-04-29T00:00:00+00:00
[2023-04-29T22:45:07.945+0000] {logging_mixin.py:137} INFO - [2023-04-29T22:45:07.945+0000] {dag.py:3444} INFO - Setting next_dagrun for example_branch_datetime_operator_3 to 2023-04-28T00:00:00+00:00, run_after=2023-04-29T00:00:00+00:00
[2023-04-29T22:45:07.954+0000] {processor.py:175} INFO - Processing /home/airflow/.local/lib/python3.7/site-packages/airflow/example_dags/example_branch_datetime_operator.py took 0.071 seconds
[2023-04-29T22:45:38.610+0000] {processor.py:153} INFO - Started process (PID=2265) to work on /home/airflow/.local/lib/python3.7/site-packages/airflow/example_dags/example_branch_datetime_operator.py
[2023-04-29T22:45:38.612+0000] {processor.py:743} INFO - Processing file /home/airflow/.local/lib/python3.7/site-packages/airflow/example_dags/example_branch_datetime_operator.py for tasks to queue
[2023-04-29T22:45:38.613+0000] {logging_mixin.py:137} INFO - [2023-04-29T22:45:38.613+0000] {dagbag.py:532} INFO - Filling up the DagBag from /home/airflow/.local/lib/python3.7/site-packages/airflow/example_dags/example_branch_datetime_operator.py
[2023-04-29T22:45:38.626+0000] {processor.py:753} INFO - DAG(s) dict_keys(['example_branch_datetime_operator', 'example_branch_datetime_operator_3', 'example_branch_datetime_operator_2']) retrieved from /home/airflow/.local/lib/python3.7/site-packages/airflow/example_dags/example_branch_datetime_operator.py
[2023-04-29T22:45:38.650+0000] {logging_mixin.py:137} INFO - [2023-04-29T22:45:38.650+0000] {dag.py:2693} INFO - Sync 3 DAGs
[2023-04-29T22:45:38.668+0000] {logging_mixin.py:137} INFO - [2023-04-29T22:45:38.668+0000] {dag.py:3444} INFO - Setting next_dagrun for example_branch_datetime_operator to 2023-04-28T00:00:00+00:00, run_after=2023-04-29T00:00:00+00:00
[2023-04-29T22:45:38.671+0000] {logging_mixin.py:137} INFO - [2023-04-29T22:45:38.671+0000] {dag.py:3444} INFO - Setting next_dagrun for example_branch_datetime_operator_2 to 2023-04-28T00:00:00+00:00, run_after=2023-04-29T00:00:00+00:00
[2023-04-29T22:45:38.673+0000] {logging_mixin.py:137} INFO - [2023-04-29T22:45:38.673+0000] {dag.py:3444} INFO - Setting next_dagrun for example_branch_datetime_operator_3 to 2023-04-28T00:00:00+00:00, run_after=2023-04-29T00:00:00+00:00
[2023-04-29T22:45:38.684+0000] {processor.py:175} INFO - Processing /home/airflow/.local/lib/python3.7/site-packages/airflow/example_dags/example_branch_datetime_operator.py took 0.077 seconds
[2023-04-29T22:46:09.242+0000] {processor.py:153} INFO - Started process (PID=2316) to work on /home/airflow/.local/lib/python3.7/site-packages/airflow/example_dags/example_branch_datetime_operator.py
[2023-04-29T22:46:09.243+0000] {processor.py:743} INFO - Processing file /home/airflow/.local/lib/python3.7/site-packages/airflow/example_dags/example_branch_datetime_operator.py for tasks to queue
[2023-04-29T22:46:09.244+0000] {logging_mixin.py:137} INFO - [2023-04-29T22:46:09.244+0000] {dagbag.py:532} INFO - Filling up the DagBag from /home/airflow/.local/lib/python3.7/site-packages/airflow/example_dags/example_branch_datetime_operator.py
[2023-04-29T22:46:09.257+0000] {processor.py:753} INFO - DAG(s) dict_keys(['example_branch_datetime_operator_2', 'example_branch_datetime_operator_3', 'example_branch_datetime_operator']) retrieved from /home/airflow/.local/lib/python3.7/site-packages/airflow/example_dags/example_branch_datetime_operator.py
[2023-04-29T22:46:09.284+0000] {logging_mixin.py:137} INFO - [2023-04-29T22:46:09.284+0000] {dag.py:2693} INFO - Sync 3 DAGs
[2023-04-29T22:46:09.301+0000] {logging_mixin.py:137} INFO - [2023-04-29T22:46:09.301+0000] {dag.py:3444} INFO - Setting next_dagrun for example_branch_datetime_operator to 2023-04-28T00:00:00+00:00, run_after=2023-04-29T00:00:00+00:00
[2023-04-29T22:46:09.304+0000] {logging_mixin.py:137} INFO - [2023-04-29T22:46:09.304+0000] {dag.py:3444} INFO - Setting next_dagrun for example_branch_datetime_operator_2 to 2023-04-28T00:00:00+00:00, run_after=2023-04-29T00:00:00+00:00
[2023-04-29T22:46:09.306+0000] {logging_mixin.py:137} INFO - [2023-04-29T22:46:09.306+0000] {dag.py:3444} INFO - Setting next_dagrun for example_branch_datetime_operator_3 to 2023-04-28T00:00:00+00:00, run_after=2023-04-29T00:00:00+00:00
[2023-04-29T22:46:09.316+0000] {processor.py:175} INFO - Processing /home/airflow/.local/lib/python3.7/site-packages/airflow/example_dags/example_branch_datetime_operator.py took 0.076 seconds
