[2023-04-29T22:23:33.628+0000] {processor.py:153} INFO - Started process (PID=42) to work on /home/airflow/.local/lib/python3.7/site-packages/airflow/example_dags/example_time_delta_sensor_async.py
[2023-04-29T22:23:33.641+0000] {processor.py:743} INFO - Processing file /home/airflow/.local/lib/python3.7/site-packages/airflow/example_dags/example_time_delta_sensor_async.py for tasks to queue
[2023-04-29T22:23:33.652+0000] {logging_mixin.py:137} INFO - [2023-04-29T22:23:33.649+0000] {dagbag.py:532} INFO - Filling up the DagBag from /home/airflow/.local/lib/python3.7/site-packages/airflow/example_dags/example_time_delta_sensor_async.py
[2023-04-29T22:23:33.745+0000] {processor.py:753} INFO - DAG(s) dict_keys(['example_time_delta_sensor_async']) retrieved from /home/airflow/.local/lib/python3.7/site-packages/airflow/example_dags/example_time_delta_sensor_async.py
[2023-04-29T22:23:33.844+0000] {logging_mixin.py:137} INFO - [2023-04-29T22:23:33.843+0000] {dag.py:2693} INFO - Sync 1 DAGs
[2023-04-29T22:23:33.901+0000] {logging_mixin.py:137} INFO - [2023-04-29T22:23:33.901+0000] {dag.py:3444} INFO - Setting next_dagrun for example_time_delta_sensor_async to None, run_after=None
[2023-04-29T22:23:34.018+0000] {processor.py:175} INFO - Processing /home/airflow/.local/lib/python3.7/site-packages/airflow/example_dags/example_time_delta_sensor_async.py took 0.447 seconds
[2023-04-29T22:24:04.116+0000] {processor.py:153} INFO - Started process (PID=93) to work on /home/airflow/.local/lib/python3.7/site-packages/airflow/example_dags/example_time_delta_sensor_async.py
[2023-04-29T22:24:04.118+0000] {processor.py:743} INFO - Processing file /home/airflow/.local/lib/python3.7/site-packages/airflow/example_dags/example_time_delta_sensor_async.py for tasks to queue
[2023-04-29T22:24:04.119+0000] {logging_mixin.py:137} INFO - [2023-04-29T22:24:04.119+0000] {dagbag.py:532} INFO - Filling up the DagBag from /home/airflow/.local/lib/python3.7/site-packages/airflow/example_dags/example_time_delta_sensor_async.py
[2023-04-29T22:24:04.130+0000] {processor.py:753} INFO - DAG(s) dict_keys(['example_time_delta_sensor_async']) retrieved from /home/airflow/.local/lib/python3.7/site-packages/airflow/example_dags/example_time_delta_sensor_async.py
[2023-04-29T22:24:04.151+0000] {logging_mixin.py:137} INFO - [2023-04-29T22:24:04.151+0000] {dag.py:2693} INFO - Sync 1 DAGs
[2023-04-29T22:24:04.166+0000] {logging_mixin.py:137} INFO - [2023-04-29T22:24:04.166+0000] {dag.py:3444} INFO - Setting next_dagrun for example_time_delta_sensor_async to None, run_after=None
[2023-04-29T22:24:04.176+0000] {processor.py:175} INFO - Processing /home/airflow/.local/lib/python3.7/site-packages/airflow/example_dags/example_time_delta_sensor_async.py took 0.063 seconds
[2023-04-29T22:24:34.797+0000] {processor.py:153} INFO - Started process (PID=145) to work on /home/airflow/.local/lib/python3.7/site-packages/airflow/example_dags/example_time_delta_sensor_async.py
[2023-04-29T22:24:34.798+0000] {processor.py:743} INFO - Processing file /home/airflow/.local/lib/python3.7/site-packages/airflow/example_dags/example_time_delta_sensor_async.py for tasks to queue
[2023-04-29T22:24:34.799+0000] {logging_mixin.py:137} INFO - [2023-04-29T22:24:34.799+0000] {dagbag.py:532} INFO - Filling up the DagBag from /home/airflow/.local/lib/python3.7/site-packages/airflow/example_dags/example_time_delta_sensor_async.py
[2023-04-29T22:24:34.807+0000] {processor.py:753} INFO - DAG(s) dict_keys(['example_time_delta_sensor_async']) retrieved from /home/airflow/.local/lib/python3.7/site-packages/airflow/example_dags/example_time_delta_sensor_async.py
[2023-04-29T22:24:34.825+0000] {logging_mixin.py:137} INFO - [2023-04-29T22:24:34.825+0000] {dag.py:2693} INFO - Sync 1 DAGs
[2023-04-29T22:24:34.839+0000] {logging_mixin.py:137} INFO - [2023-04-29T22:24:34.839+0000] {dag.py:3444} INFO - Setting next_dagrun for example_time_delta_sensor_async to None, run_after=None
[2023-04-29T22:24:34.849+0000] {processor.py:175} INFO - Processing /home/airflow/.local/lib/python3.7/site-packages/airflow/example_dags/example_time_delta_sensor_async.py took 0.054 seconds
[2023-04-29T22:25:05.402+0000] {processor.py:153} INFO - Started process (PID=196) to work on /home/airflow/.local/lib/python3.7/site-packages/airflow/example_dags/example_time_delta_sensor_async.py
[2023-04-29T22:25:05.403+0000] {processor.py:743} INFO - Processing file /home/airflow/.local/lib/python3.7/site-packages/airflow/example_dags/example_time_delta_sensor_async.py for tasks to queue
[2023-04-29T22:25:05.404+0000] {logging_mixin.py:137} INFO - [2023-04-29T22:25:05.404+0000] {dagbag.py:532} INFO - Filling up the DagBag from /home/airflow/.local/lib/python3.7/site-packages/airflow/example_dags/example_time_delta_sensor_async.py
[2023-04-29T22:25:05.413+0000] {processor.py:753} INFO - DAG(s) dict_keys(['example_time_delta_sensor_async']) retrieved from /home/airflow/.local/lib/python3.7/site-packages/airflow/example_dags/example_time_delta_sensor_async.py
[2023-04-29T22:25:05.433+0000] {logging_mixin.py:137} INFO - [2023-04-29T22:25:05.433+0000] {dag.py:2693} INFO - Sync 1 DAGs
[2023-04-29T22:25:05.449+0000] {logging_mixin.py:137} INFO - [2023-04-29T22:25:05.449+0000] {dag.py:3444} INFO - Setting next_dagrun for example_time_delta_sensor_async to None, run_after=None
[2023-04-29T22:25:05.460+0000] {processor.py:175} INFO - Processing /home/airflow/.local/lib/python3.7/site-packages/airflow/example_dags/example_time_delta_sensor_async.py took 0.061 seconds
[2023-04-29T22:25:36.266+0000] {processor.py:153} INFO - Started process (PID=247) to work on /home/airflow/.local/lib/python3.7/site-packages/airflow/example_dags/example_time_delta_sensor_async.py
[2023-04-29T22:25:36.267+0000] {processor.py:743} INFO - Processing file /home/airflow/.local/lib/python3.7/site-packages/airflow/example_dags/example_time_delta_sensor_async.py for tasks to queue
[2023-04-29T22:25:36.268+0000] {logging_mixin.py:137} INFO - [2023-04-29T22:25:36.268+0000] {dagbag.py:532} INFO - Filling up the DagBag from /home/airflow/.local/lib/python3.7/site-packages/airflow/example_dags/example_time_delta_sensor_async.py
[2023-04-29T22:25:36.278+0000] {processor.py:753} INFO - DAG(s) dict_keys(['example_time_delta_sensor_async']) retrieved from /home/airflow/.local/lib/python3.7/site-packages/airflow/example_dags/example_time_delta_sensor_async.py
[2023-04-29T22:25:36.300+0000] {logging_mixin.py:137} INFO - [2023-04-29T22:25:36.300+0000] {dag.py:2693} INFO - Sync 1 DAGs
[2023-04-29T22:25:36.318+0000] {logging_mixin.py:137} INFO - [2023-04-29T22:25:36.318+0000] {dag.py:3444} INFO - Setting next_dagrun for example_time_delta_sensor_async to None, run_after=None
[2023-04-29T22:25:36.330+0000] {processor.py:175} INFO - Processing /home/airflow/.local/lib/python3.7/site-packages/airflow/example_dags/example_time_delta_sensor_async.py took 0.067 seconds
[2023-04-29T22:26:07.194+0000] {processor.py:153} INFO - Started process (PID=298) to work on /home/airflow/.local/lib/python3.7/site-packages/airflow/example_dags/example_time_delta_sensor_async.py
[2023-04-29T22:26:07.195+0000] {processor.py:743} INFO - Processing file /home/airflow/.local/lib/python3.7/site-packages/airflow/example_dags/example_time_delta_sensor_async.py for tasks to queue
[2023-04-29T22:26:07.195+0000] {logging_mixin.py:137} INFO - [2023-04-29T22:26:07.195+0000] {dagbag.py:532} INFO - Filling up the DagBag from /home/airflow/.local/lib/python3.7/site-packages/airflow/example_dags/example_time_delta_sensor_async.py
[2023-04-29T22:26:07.204+0000] {processor.py:753} INFO - DAG(s) dict_keys(['example_time_delta_sensor_async']) retrieved from /home/airflow/.local/lib/python3.7/site-packages/airflow/example_dags/example_time_delta_sensor_async.py
[2023-04-29T22:26:07.223+0000] {logging_mixin.py:137} INFO - [2023-04-29T22:26:07.223+0000] {dag.py:2693} INFO - Sync 1 DAGs
[2023-04-29T22:26:07.238+0000] {logging_mixin.py:137} INFO - [2023-04-29T22:26:07.238+0000] {dag.py:3444} INFO - Setting next_dagrun for example_time_delta_sensor_async to None, run_after=None
[2023-04-29T22:26:07.248+0000] {processor.py:175} INFO - Processing /home/airflow/.local/lib/python3.7/site-packages/airflow/example_dags/example_time_delta_sensor_async.py took 0.056 seconds
[2023-04-29T22:26:38.025+0000] {processor.py:153} INFO - Started process (PID=349) to work on /home/airflow/.local/lib/python3.7/site-packages/airflow/example_dags/example_time_delta_sensor_async.py
[2023-04-29T22:26:38.026+0000] {processor.py:743} INFO - Processing file /home/airflow/.local/lib/python3.7/site-packages/airflow/example_dags/example_time_delta_sensor_async.py for tasks to queue
[2023-04-29T22:26:38.027+0000] {logging_mixin.py:137} INFO - [2023-04-29T22:26:38.027+0000] {dagbag.py:532} INFO - Filling up the DagBag from /home/airflow/.local/lib/python3.7/site-packages/airflow/example_dags/example_time_delta_sensor_async.py
[2023-04-29T22:26:38.036+0000] {processor.py:753} INFO - DAG(s) dict_keys(['example_time_delta_sensor_async']) retrieved from /home/airflow/.local/lib/python3.7/site-packages/airflow/example_dags/example_time_delta_sensor_async.py
[2023-04-29T22:26:38.056+0000] {logging_mixin.py:137} INFO - [2023-04-29T22:26:38.056+0000] {dag.py:2693} INFO - Sync 1 DAGs
[2023-04-29T22:26:38.071+0000] {logging_mixin.py:137} INFO - [2023-04-29T22:26:38.071+0000] {dag.py:3444} INFO - Setting next_dagrun for example_time_delta_sensor_async to None, run_after=None
[2023-04-29T22:26:38.082+0000] {processor.py:175} INFO - Processing /home/airflow/.local/lib/python3.7/site-packages/airflow/example_dags/example_time_delta_sensor_async.py took 0.059 seconds
[2023-04-29T22:27:08.648+0000] {processor.py:153} INFO - Started process (PID=400) to work on /home/airflow/.local/lib/python3.7/site-packages/airflow/example_dags/example_time_delta_sensor_async.py
[2023-04-29T22:27:08.650+0000] {processor.py:743} INFO - Processing file /home/airflow/.local/lib/python3.7/site-packages/airflow/example_dags/example_time_delta_sensor_async.py for tasks to queue
[2023-04-29T22:27:08.651+0000] {logging_mixin.py:137} INFO - [2023-04-29T22:27:08.651+0000] {dagbag.py:532} INFO - Filling up the DagBag from /home/airflow/.local/lib/python3.7/site-packages/airflow/example_dags/example_time_delta_sensor_async.py
[2023-04-29T22:27:08.663+0000] {processor.py:753} INFO - DAG(s) dict_keys(['example_time_delta_sensor_async']) retrieved from /home/airflow/.local/lib/python3.7/site-packages/airflow/example_dags/example_time_delta_sensor_async.py
[2023-04-29T22:27:08.686+0000] {logging_mixin.py:137} INFO - [2023-04-29T22:27:08.686+0000] {dag.py:2693} INFO - Sync 1 DAGs
[2023-04-29T22:27:08.705+0000] {logging_mixin.py:137} INFO - [2023-04-29T22:27:08.705+0000] {dag.py:3444} INFO - Setting next_dagrun for example_time_delta_sensor_async to None, run_after=None
[2023-04-29T22:27:08.719+0000] {processor.py:175} INFO - Processing /home/airflow/.local/lib/python3.7/site-packages/airflow/example_dags/example_time_delta_sensor_async.py took 0.075 seconds
[2023-04-29T22:27:39.422+0000] {processor.py:153} INFO - Started process (PID=451) to work on /home/airflow/.local/lib/python3.7/site-packages/airflow/example_dags/example_time_delta_sensor_async.py
[2023-04-29T22:27:39.424+0000] {processor.py:743} INFO - Processing file /home/airflow/.local/lib/python3.7/site-packages/airflow/example_dags/example_time_delta_sensor_async.py for tasks to queue
[2023-04-29T22:27:39.432+0000] {logging_mixin.py:137} INFO - [2023-04-29T22:27:39.431+0000] {dagbag.py:532} INFO - Filling up the DagBag from /home/airflow/.local/lib/python3.7/site-packages/airflow/example_dags/example_time_delta_sensor_async.py
[2023-04-29T22:27:39.443+0000] {processor.py:753} INFO - DAG(s) dict_keys(['example_time_delta_sensor_async']) retrieved from /home/airflow/.local/lib/python3.7/site-packages/airflow/example_dags/example_time_delta_sensor_async.py
[2023-04-29T22:27:39.466+0000] {logging_mixin.py:137} INFO - [2023-04-29T22:27:39.466+0000] {dag.py:2693} INFO - Sync 1 DAGs
[2023-04-29T22:27:39.484+0000] {logging_mixin.py:137} INFO - [2023-04-29T22:27:39.484+0000] {dag.py:3444} INFO - Setting next_dagrun for example_time_delta_sensor_async to None, run_after=None
[2023-04-29T22:27:39.496+0000] {processor.py:175} INFO - Processing /home/airflow/.local/lib/python3.7/site-packages/airflow/example_dags/example_time_delta_sensor_async.py took 0.079 seconds
[2023-04-29T22:28:10.022+0000] {processor.py:153} INFO - Started process (PID=502) to work on /home/airflow/.local/lib/python3.7/site-packages/airflow/example_dags/example_time_delta_sensor_async.py
[2023-04-29T22:28:10.023+0000] {processor.py:743} INFO - Processing file /home/airflow/.local/lib/python3.7/site-packages/airflow/example_dags/example_time_delta_sensor_async.py for tasks to queue
[2023-04-29T22:28:10.024+0000] {logging_mixin.py:137} INFO - [2023-04-29T22:28:10.024+0000] {dagbag.py:532} INFO - Filling up the DagBag from /home/airflow/.local/lib/python3.7/site-packages/airflow/example_dags/example_time_delta_sensor_async.py
[2023-04-29T22:28:10.033+0000] {processor.py:753} INFO - DAG(s) dict_keys(['example_time_delta_sensor_async']) retrieved from /home/airflow/.local/lib/python3.7/site-packages/airflow/example_dags/example_time_delta_sensor_async.py
[2023-04-29T22:28:10.061+0000] {logging_mixin.py:137} INFO - [2023-04-29T22:28:10.061+0000] {dag.py:2693} INFO - Sync 1 DAGs
[2023-04-29T22:28:10.078+0000] {logging_mixin.py:137} INFO - [2023-04-29T22:28:10.078+0000] {dag.py:3444} INFO - Setting next_dagrun for example_time_delta_sensor_async to None, run_after=None
[2023-04-29T22:28:10.091+0000] {processor.py:175} INFO - Processing /home/airflow/.local/lib/python3.7/site-packages/airflow/example_dags/example_time_delta_sensor_async.py took 0.072 seconds
[2023-04-29T22:28:40.975+0000] {processor.py:153} INFO - Started process (PID=553) to work on /home/airflow/.local/lib/python3.7/site-packages/airflow/example_dags/example_time_delta_sensor_async.py
[2023-04-29T22:28:40.976+0000] {processor.py:743} INFO - Processing file /home/airflow/.local/lib/python3.7/site-packages/airflow/example_dags/example_time_delta_sensor_async.py for tasks to queue
[2023-04-29T22:28:40.977+0000] {logging_mixin.py:137} INFO - [2023-04-29T22:28:40.977+0000] {dagbag.py:532} INFO - Filling up the DagBag from /home/airflow/.local/lib/python3.7/site-packages/airflow/example_dags/example_time_delta_sensor_async.py
[2023-04-29T22:28:40.986+0000] {processor.py:753} INFO - DAG(s) dict_keys(['example_time_delta_sensor_async']) retrieved from /home/airflow/.local/lib/python3.7/site-packages/airflow/example_dags/example_time_delta_sensor_async.py
[2023-04-29T22:28:41.008+0000] {logging_mixin.py:137} INFO - [2023-04-29T22:28:41.008+0000] {dag.py:2693} INFO - Sync 1 DAGs
[2023-04-29T22:28:41.028+0000] {logging_mixin.py:137} INFO - [2023-04-29T22:28:41.028+0000] {dag.py:3444} INFO - Setting next_dagrun for example_time_delta_sensor_async to None, run_after=None
[2023-04-29T22:28:41.043+0000] {processor.py:175} INFO - Processing /home/airflow/.local/lib/python3.7/site-packages/airflow/example_dags/example_time_delta_sensor_async.py took 0.072 seconds
[2023-04-29T22:29:11.725+0000] {processor.py:153} INFO - Started process (PID=604) to work on /home/airflow/.local/lib/python3.7/site-packages/airflow/example_dags/example_time_delta_sensor_async.py
[2023-04-29T22:29:11.726+0000] {processor.py:743} INFO - Processing file /home/airflow/.local/lib/python3.7/site-packages/airflow/example_dags/example_time_delta_sensor_async.py for tasks to queue
[2023-04-29T22:29:11.727+0000] {logging_mixin.py:137} INFO - [2023-04-29T22:29:11.727+0000] {dagbag.py:532} INFO - Filling up the DagBag from /home/airflow/.local/lib/python3.7/site-packages/airflow/example_dags/example_time_delta_sensor_async.py
[2023-04-29T22:29:11.735+0000] {processor.py:753} INFO - DAG(s) dict_keys(['example_time_delta_sensor_async']) retrieved from /home/airflow/.local/lib/python3.7/site-packages/airflow/example_dags/example_time_delta_sensor_async.py
[2023-04-29T22:29:11.755+0000] {logging_mixin.py:137} INFO - [2023-04-29T22:29:11.755+0000] {dag.py:2693} INFO - Sync 1 DAGs
[2023-04-29T22:29:11.771+0000] {logging_mixin.py:137} INFO - [2023-04-29T22:29:11.771+0000] {dag.py:3444} INFO - Setting next_dagrun for example_time_delta_sensor_async to None, run_after=None
[2023-04-29T22:29:11.782+0000] {processor.py:175} INFO - Processing /home/airflow/.local/lib/python3.7/site-packages/airflow/example_dags/example_time_delta_sensor_async.py took 0.060 seconds
[2023-04-29T22:29:42.343+0000] {processor.py:153} INFO - Started process (PID=655) to work on /home/airflow/.local/lib/python3.7/site-packages/airflow/example_dags/example_time_delta_sensor_async.py
[2023-04-29T22:29:42.344+0000] {processor.py:743} INFO - Processing file /home/airflow/.local/lib/python3.7/site-packages/airflow/example_dags/example_time_delta_sensor_async.py for tasks to queue
[2023-04-29T22:29:42.345+0000] {logging_mixin.py:137} INFO - [2023-04-29T22:29:42.345+0000] {dagbag.py:532} INFO - Filling up the DagBag from /home/airflow/.local/lib/python3.7/site-packages/airflow/example_dags/example_time_delta_sensor_async.py
[2023-04-29T22:29:42.354+0000] {processor.py:753} INFO - DAG(s) dict_keys(['example_time_delta_sensor_async']) retrieved from /home/airflow/.local/lib/python3.7/site-packages/airflow/example_dags/example_time_delta_sensor_async.py
[2023-04-29T22:29:42.374+0000] {logging_mixin.py:137} INFO - [2023-04-29T22:29:42.374+0000] {dag.py:2693} INFO - Sync 1 DAGs
[2023-04-29T22:29:42.390+0000] {logging_mixin.py:137} INFO - [2023-04-29T22:29:42.390+0000] {dag.py:3444} INFO - Setting next_dagrun for example_time_delta_sensor_async to None, run_after=None
[2023-04-29T22:29:42.401+0000] {processor.py:175} INFO - Processing /home/airflow/.local/lib/python3.7/site-packages/airflow/example_dags/example_time_delta_sensor_async.py took 0.061 seconds
[2023-04-29T22:30:13.211+0000] {processor.py:153} INFO - Started process (PID=706) to work on /home/airflow/.local/lib/python3.7/site-packages/airflow/example_dags/example_time_delta_sensor_async.py
[2023-04-29T22:30:13.212+0000] {processor.py:743} INFO - Processing file /home/airflow/.local/lib/python3.7/site-packages/airflow/example_dags/example_time_delta_sensor_async.py for tasks to queue
[2023-04-29T22:30:13.212+0000] {logging_mixin.py:137} INFO - [2023-04-29T22:30:13.212+0000] {dagbag.py:532} INFO - Filling up the DagBag from /home/airflow/.local/lib/python3.7/site-packages/airflow/example_dags/example_time_delta_sensor_async.py
[2023-04-29T22:30:13.220+0000] {processor.py:753} INFO - DAG(s) dict_keys(['example_time_delta_sensor_async']) retrieved from /home/airflow/.local/lib/python3.7/site-packages/airflow/example_dags/example_time_delta_sensor_async.py
[2023-04-29T22:30:13.238+0000] {logging_mixin.py:137} INFO - [2023-04-29T22:30:13.238+0000] {dag.py:2693} INFO - Sync 1 DAGs
[2023-04-29T22:30:13.252+0000] {logging_mixin.py:137} INFO - [2023-04-29T22:30:13.252+0000] {dag.py:3444} INFO - Setting next_dagrun for example_time_delta_sensor_async to None, run_after=None
[2023-04-29T22:30:13.261+0000] {processor.py:175} INFO - Processing /home/airflow/.local/lib/python3.7/site-packages/airflow/example_dags/example_time_delta_sensor_async.py took 0.053 seconds
[2023-04-29T22:30:43.971+0000] {processor.py:153} INFO - Started process (PID=757) to work on /home/airflow/.local/lib/python3.7/site-packages/airflow/example_dags/example_time_delta_sensor_async.py
[2023-04-29T22:30:43.972+0000] {processor.py:743} INFO - Processing file /home/airflow/.local/lib/python3.7/site-packages/airflow/example_dags/example_time_delta_sensor_async.py for tasks to queue
[2023-04-29T22:30:43.973+0000] {logging_mixin.py:137} INFO - [2023-04-29T22:30:43.973+0000] {dagbag.py:532} INFO - Filling up the DagBag from /home/airflow/.local/lib/python3.7/site-packages/airflow/example_dags/example_time_delta_sensor_async.py
[2023-04-29T22:30:43.981+0000] {processor.py:753} INFO - DAG(s) dict_keys(['example_time_delta_sensor_async']) retrieved from /home/airflow/.local/lib/python3.7/site-packages/airflow/example_dags/example_time_delta_sensor_async.py
[2023-04-29T22:30:44.000+0000] {logging_mixin.py:137} INFO - [2023-04-29T22:30:43.999+0000] {dag.py:2693} INFO - Sync 1 DAGs
[2023-04-29T22:30:44.013+0000] {logging_mixin.py:137} INFO - [2023-04-29T22:30:44.013+0000] {dag.py:3444} INFO - Setting next_dagrun for example_time_delta_sensor_async to None, run_after=None
[2023-04-29T22:30:44.024+0000] {processor.py:175} INFO - Processing /home/airflow/.local/lib/python3.7/site-packages/airflow/example_dags/example_time_delta_sensor_async.py took 0.056 seconds
[2023-04-29T22:31:14.655+0000] {processor.py:153} INFO - Started process (PID=808) to work on /home/airflow/.local/lib/python3.7/site-packages/airflow/example_dags/example_time_delta_sensor_async.py
[2023-04-29T22:31:14.656+0000] {processor.py:743} INFO - Processing file /home/airflow/.local/lib/python3.7/site-packages/airflow/example_dags/example_time_delta_sensor_async.py for tasks to queue
[2023-04-29T22:31:14.657+0000] {logging_mixin.py:137} INFO - [2023-04-29T22:31:14.657+0000] {dagbag.py:532} INFO - Filling up the DagBag from /home/airflow/.local/lib/python3.7/site-packages/airflow/example_dags/example_time_delta_sensor_async.py
[2023-04-29T22:31:14.665+0000] {processor.py:753} INFO - DAG(s) dict_keys(['example_time_delta_sensor_async']) retrieved from /home/airflow/.local/lib/python3.7/site-packages/airflow/example_dags/example_time_delta_sensor_async.py
[2023-04-29T22:31:14.686+0000] {logging_mixin.py:137} INFO - [2023-04-29T22:31:14.686+0000] {dag.py:2693} INFO - Sync 1 DAGs
[2023-04-29T22:31:14.705+0000] {logging_mixin.py:137} INFO - [2023-04-29T22:31:14.705+0000] {dag.py:3444} INFO - Setting next_dagrun for example_time_delta_sensor_async to None, run_after=None
[2023-04-29T22:31:14.718+0000] {processor.py:175} INFO - Processing /home/airflow/.local/lib/python3.7/site-packages/airflow/example_dags/example_time_delta_sensor_async.py took 0.065 seconds
[2023-04-29T22:31:45.567+0000] {processor.py:153} INFO - Started process (PID=858) to work on /home/airflow/.local/lib/python3.7/site-packages/airflow/example_dags/example_time_delta_sensor_async.py
[2023-04-29T22:31:45.569+0000] {processor.py:743} INFO - Processing file /home/airflow/.local/lib/python3.7/site-packages/airflow/example_dags/example_time_delta_sensor_async.py for tasks to queue
[2023-04-29T22:31:45.569+0000] {logging_mixin.py:137} INFO - [2023-04-29T22:31:45.569+0000] {dagbag.py:532} INFO - Filling up the DagBag from /home/airflow/.local/lib/python3.7/site-packages/airflow/example_dags/example_time_delta_sensor_async.py
[2023-04-29T22:31:45.579+0000] {processor.py:753} INFO - DAG(s) dict_keys(['example_time_delta_sensor_async']) retrieved from /home/airflow/.local/lib/python3.7/site-packages/airflow/example_dags/example_time_delta_sensor_async.py
[2023-04-29T22:31:45.599+0000] {logging_mixin.py:137} INFO - [2023-04-29T22:31:45.599+0000] {dag.py:2693} INFO - Sync 1 DAGs
[2023-04-29T22:31:45.613+0000] {logging_mixin.py:137} INFO - [2023-04-29T22:31:45.613+0000] {dag.py:3444} INFO - Setting next_dagrun for example_time_delta_sensor_async to None, run_after=None
[2023-04-29T22:31:45.623+0000] {processor.py:175} INFO - Processing /home/airflow/.local/lib/python3.7/site-packages/airflow/example_dags/example_time_delta_sensor_async.py took 0.058 seconds
[2023-04-29T22:32:16.113+0000] {processor.py:153} INFO - Started process (PID=910) to work on /home/airflow/.local/lib/python3.7/site-packages/airflow/example_dags/example_time_delta_sensor_async.py
[2023-04-29T22:32:16.113+0000] {processor.py:743} INFO - Processing file /home/airflow/.local/lib/python3.7/site-packages/airflow/example_dags/example_time_delta_sensor_async.py for tasks to queue
[2023-04-29T22:32:16.114+0000] {logging_mixin.py:137} INFO - [2023-04-29T22:32:16.114+0000] {dagbag.py:532} INFO - Filling up the DagBag from /home/airflow/.local/lib/python3.7/site-packages/airflow/example_dags/example_time_delta_sensor_async.py
[2023-04-29T22:32:16.122+0000] {processor.py:753} INFO - DAG(s) dict_keys(['example_time_delta_sensor_async']) retrieved from /home/airflow/.local/lib/python3.7/site-packages/airflow/example_dags/example_time_delta_sensor_async.py
[2023-04-29T22:32:16.143+0000] {logging_mixin.py:137} INFO - [2023-04-29T22:32:16.142+0000] {dag.py:2693} INFO - Sync 1 DAGs
[2023-04-29T22:32:16.161+0000] {logging_mixin.py:137} INFO - [2023-04-29T22:32:16.161+0000] {dag.py:3444} INFO - Setting next_dagrun for example_time_delta_sensor_async to None, run_after=None
[2023-04-29T22:32:16.174+0000] {processor.py:175} INFO - Processing /home/airflow/.local/lib/python3.7/site-packages/airflow/example_dags/example_time_delta_sensor_async.py took 0.065 seconds
[2023-04-29T22:32:46.871+0000] {processor.py:153} INFO - Started process (PID=962) to work on /home/airflow/.local/lib/python3.7/site-packages/airflow/example_dags/example_time_delta_sensor_async.py
[2023-04-29T22:32:46.872+0000] {processor.py:743} INFO - Processing file /home/airflow/.local/lib/python3.7/site-packages/airflow/example_dags/example_time_delta_sensor_async.py for tasks to queue
[2023-04-29T22:32:46.873+0000] {logging_mixin.py:137} INFO - [2023-04-29T22:32:46.873+0000] {dagbag.py:532} INFO - Filling up the DagBag from /home/airflow/.local/lib/python3.7/site-packages/airflow/example_dags/example_time_delta_sensor_async.py
[2023-04-29T22:32:46.881+0000] {processor.py:753} INFO - DAG(s) dict_keys(['example_time_delta_sensor_async']) retrieved from /home/airflow/.local/lib/python3.7/site-packages/airflow/example_dags/example_time_delta_sensor_async.py
[2023-04-29T22:32:46.902+0000] {logging_mixin.py:137} INFO - [2023-04-29T22:32:46.902+0000] {dag.py:2693} INFO - Sync 1 DAGs
[2023-04-29T22:32:46.918+0000] {logging_mixin.py:137} INFO - [2023-04-29T22:32:46.918+0000] {dag.py:3444} INFO - Setting next_dagrun for example_time_delta_sensor_async to None, run_after=None
[2023-04-29T22:32:46.930+0000] {processor.py:175} INFO - Processing /home/airflow/.local/lib/python3.7/site-packages/airflow/example_dags/example_time_delta_sensor_async.py took 0.061 seconds
[2023-04-29T22:33:17.457+0000] {processor.py:153} INFO - Started process (PID=1013) to work on /home/airflow/.local/lib/python3.7/site-packages/airflow/example_dags/example_time_delta_sensor_async.py
[2023-04-29T22:33:17.458+0000] {processor.py:743} INFO - Processing file /home/airflow/.local/lib/python3.7/site-packages/airflow/example_dags/example_time_delta_sensor_async.py for tasks to queue
[2023-04-29T22:33:17.459+0000] {logging_mixin.py:137} INFO - [2023-04-29T22:33:17.459+0000] {dagbag.py:532} INFO - Filling up the DagBag from /home/airflow/.local/lib/python3.7/site-packages/airflow/example_dags/example_time_delta_sensor_async.py
[2023-04-29T22:33:17.467+0000] {processor.py:753} INFO - DAG(s) dict_keys(['example_time_delta_sensor_async']) retrieved from /home/airflow/.local/lib/python3.7/site-packages/airflow/example_dags/example_time_delta_sensor_async.py
[2023-04-29T22:33:17.487+0000] {logging_mixin.py:137} INFO - [2023-04-29T22:33:17.487+0000] {dag.py:2693} INFO - Sync 1 DAGs
[2023-04-29T22:33:17.504+0000] {logging_mixin.py:137} INFO - [2023-04-29T22:33:17.504+0000] {dag.py:3444} INFO - Setting next_dagrun for example_time_delta_sensor_async to None, run_after=None
[2023-04-29T22:33:17.515+0000] {processor.py:175} INFO - Processing /home/airflow/.local/lib/python3.7/site-packages/airflow/example_dags/example_time_delta_sensor_async.py took 0.061 seconds
[2023-04-29T22:33:48.049+0000] {processor.py:153} INFO - Started process (PID=1064) to work on /home/airflow/.local/lib/python3.7/site-packages/airflow/example_dags/example_time_delta_sensor_async.py
[2023-04-29T22:33:48.051+0000] {processor.py:743} INFO - Processing file /home/airflow/.local/lib/python3.7/site-packages/airflow/example_dags/example_time_delta_sensor_async.py for tasks to queue
[2023-04-29T22:33:48.051+0000] {logging_mixin.py:137} INFO - [2023-04-29T22:33:48.051+0000] {dagbag.py:532} INFO - Filling up the DagBag from /home/airflow/.local/lib/python3.7/site-packages/airflow/example_dags/example_time_delta_sensor_async.py
[2023-04-29T22:33:48.060+0000] {processor.py:753} INFO - DAG(s) dict_keys(['example_time_delta_sensor_async']) retrieved from /home/airflow/.local/lib/python3.7/site-packages/airflow/example_dags/example_time_delta_sensor_async.py
[2023-04-29T22:33:48.079+0000] {logging_mixin.py:137} INFO - [2023-04-29T22:33:48.079+0000] {dag.py:2693} INFO - Sync 1 DAGs
[2023-04-29T22:33:48.093+0000] {logging_mixin.py:137} INFO - [2023-04-29T22:33:48.093+0000] {dag.py:3444} INFO - Setting next_dagrun for example_time_delta_sensor_async to None, run_after=None
[2023-04-29T22:33:48.103+0000] {processor.py:175} INFO - Processing /home/airflow/.local/lib/python3.7/site-packages/airflow/example_dags/example_time_delta_sensor_async.py took 0.056 seconds
[2023-04-29T22:34:18.527+0000] {processor.py:153} INFO - Started process (PID=1115) to work on /home/airflow/.local/lib/python3.7/site-packages/airflow/example_dags/example_time_delta_sensor_async.py
[2023-04-29T22:34:18.528+0000] {processor.py:743} INFO - Processing file /home/airflow/.local/lib/python3.7/site-packages/airflow/example_dags/example_time_delta_sensor_async.py for tasks to queue
[2023-04-29T22:34:18.529+0000] {logging_mixin.py:137} INFO - [2023-04-29T22:34:18.529+0000] {dagbag.py:532} INFO - Filling up the DagBag from /home/airflow/.local/lib/python3.7/site-packages/airflow/example_dags/example_time_delta_sensor_async.py
[2023-04-29T22:34:18.537+0000] {processor.py:753} INFO - DAG(s) dict_keys(['example_time_delta_sensor_async']) retrieved from /home/airflow/.local/lib/python3.7/site-packages/airflow/example_dags/example_time_delta_sensor_async.py
[2023-04-29T22:34:18.557+0000] {logging_mixin.py:137} INFO - [2023-04-29T22:34:18.557+0000] {dag.py:2693} INFO - Sync 1 DAGs
[2023-04-29T22:34:18.574+0000] {logging_mixin.py:137} INFO - [2023-04-29T22:34:18.574+0000] {dag.py:3444} INFO - Setting next_dagrun for example_time_delta_sensor_async to None, run_after=None
[2023-04-29T22:34:18.586+0000] {processor.py:175} INFO - Processing /home/airflow/.local/lib/python3.7/site-packages/airflow/example_dags/example_time_delta_sensor_async.py took 0.061 seconds
[2023-04-29T22:34:49.144+0000] {processor.py:153} INFO - Started process (PID=1166) to work on /home/airflow/.local/lib/python3.7/site-packages/airflow/example_dags/example_time_delta_sensor_async.py
[2023-04-29T22:34:49.145+0000] {processor.py:743} INFO - Processing file /home/airflow/.local/lib/python3.7/site-packages/airflow/example_dags/example_time_delta_sensor_async.py for tasks to queue
[2023-04-29T22:34:49.146+0000] {logging_mixin.py:137} INFO - [2023-04-29T22:34:49.146+0000] {dagbag.py:532} INFO - Filling up the DagBag from /home/airflow/.local/lib/python3.7/site-packages/airflow/example_dags/example_time_delta_sensor_async.py
[2023-04-29T22:34:49.154+0000] {processor.py:753} INFO - DAG(s) dict_keys(['example_time_delta_sensor_async']) retrieved from /home/airflow/.local/lib/python3.7/site-packages/airflow/example_dags/example_time_delta_sensor_async.py
[2023-04-29T22:34:49.174+0000] {logging_mixin.py:137} INFO - [2023-04-29T22:34:49.174+0000] {dag.py:2693} INFO - Sync 1 DAGs
[2023-04-29T22:34:49.192+0000] {logging_mixin.py:137} INFO - [2023-04-29T22:34:49.192+0000] {dag.py:3444} INFO - Setting next_dagrun for example_time_delta_sensor_async to None, run_after=None
[2023-04-29T22:34:49.208+0000] {processor.py:175} INFO - Processing /home/airflow/.local/lib/python3.7/site-packages/airflow/example_dags/example_time_delta_sensor_async.py took 0.068 seconds
[2023-04-29T22:35:19.674+0000] {processor.py:153} INFO - Started process (PID=1217) to work on /home/airflow/.local/lib/python3.7/site-packages/airflow/example_dags/example_time_delta_sensor_async.py
[2023-04-29T22:35:19.675+0000] {processor.py:743} INFO - Processing file /home/airflow/.local/lib/python3.7/site-packages/airflow/example_dags/example_time_delta_sensor_async.py for tasks to queue
[2023-04-29T22:35:19.675+0000] {logging_mixin.py:137} INFO - [2023-04-29T22:35:19.675+0000] {dagbag.py:532} INFO - Filling up the DagBag from /home/airflow/.local/lib/python3.7/site-packages/airflow/example_dags/example_time_delta_sensor_async.py
[2023-04-29T22:35:19.684+0000] {processor.py:753} INFO - DAG(s) dict_keys(['example_time_delta_sensor_async']) retrieved from /home/airflow/.local/lib/python3.7/site-packages/airflow/example_dags/example_time_delta_sensor_async.py
[2023-04-29T22:35:19.705+0000] {logging_mixin.py:137} INFO - [2023-04-29T22:35:19.705+0000] {dag.py:2693} INFO - Sync 1 DAGs
[2023-04-29T22:35:19.721+0000] {logging_mixin.py:137} INFO - [2023-04-29T22:35:19.721+0000] {dag.py:3444} INFO - Setting next_dagrun for example_time_delta_sensor_async to None, run_after=None
[2023-04-29T22:35:19.732+0000] {processor.py:175} INFO - Processing /home/airflow/.local/lib/python3.7/site-packages/airflow/example_dags/example_time_delta_sensor_async.py took 0.061 seconds
[2023-04-29T22:35:50.522+0000] {processor.py:153} INFO - Started process (PID=1268) to work on /home/airflow/.local/lib/python3.7/site-packages/airflow/example_dags/example_time_delta_sensor_async.py
[2023-04-29T22:35:50.524+0000] {processor.py:743} INFO - Processing file /home/airflow/.local/lib/python3.7/site-packages/airflow/example_dags/example_time_delta_sensor_async.py for tasks to queue
[2023-04-29T22:35:50.524+0000] {logging_mixin.py:137} INFO - [2023-04-29T22:35:50.524+0000] {dagbag.py:532} INFO - Filling up the DagBag from /home/airflow/.local/lib/python3.7/site-packages/airflow/example_dags/example_time_delta_sensor_async.py
[2023-04-29T22:35:50.533+0000] {processor.py:753} INFO - DAG(s) dict_keys(['example_time_delta_sensor_async']) retrieved from /home/airflow/.local/lib/python3.7/site-packages/airflow/example_dags/example_time_delta_sensor_async.py
[2023-04-29T22:35:50.553+0000] {logging_mixin.py:137} INFO - [2023-04-29T22:35:50.553+0000] {dag.py:2693} INFO - Sync 1 DAGs
[2023-04-29T22:35:50.569+0000] {logging_mixin.py:137} INFO - [2023-04-29T22:35:50.569+0000] {dag.py:3444} INFO - Setting next_dagrun for example_time_delta_sensor_async to None, run_after=None
[2023-04-29T22:35:50.580+0000] {processor.py:175} INFO - Processing /home/airflow/.local/lib/python3.7/site-packages/airflow/example_dags/example_time_delta_sensor_async.py took 0.060 seconds
[2023-04-29T22:36:21.183+0000] {processor.py:153} INFO - Started process (PID=1319) to work on /home/airflow/.local/lib/python3.7/site-packages/airflow/example_dags/example_time_delta_sensor_async.py
[2023-04-29T22:36:21.184+0000] {processor.py:743} INFO - Processing file /home/airflow/.local/lib/python3.7/site-packages/airflow/example_dags/example_time_delta_sensor_async.py for tasks to queue
[2023-04-29T22:36:21.185+0000] {logging_mixin.py:137} INFO - [2023-04-29T22:36:21.184+0000] {dagbag.py:532} INFO - Filling up the DagBag from /home/airflow/.local/lib/python3.7/site-packages/airflow/example_dags/example_time_delta_sensor_async.py
[2023-04-29T22:36:21.193+0000] {processor.py:753} INFO - DAG(s) dict_keys(['example_time_delta_sensor_async']) retrieved from /home/airflow/.local/lib/python3.7/site-packages/airflow/example_dags/example_time_delta_sensor_async.py
[2023-04-29T22:36:21.214+0000] {logging_mixin.py:137} INFO - [2023-04-29T22:36:21.214+0000] {dag.py:2693} INFO - Sync 1 DAGs
[2023-04-29T22:36:21.229+0000] {logging_mixin.py:137} INFO - [2023-04-29T22:36:21.229+0000] {dag.py:3444} INFO - Setting next_dagrun for example_time_delta_sensor_async to None, run_after=None
[2023-04-29T22:36:21.241+0000] {processor.py:175} INFO - Processing /home/airflow/.local/lib/python3.7/site-packages/airflow/example_dags/example_time_delta_sensor_async.py took 0.061 seconds
[2023-04-29T22:36:51.745+0000] {processor.py:153} INFO - Started process (PID=1369) to work on /home/airflow/.local/lib/python3.7/site-packages/airflow/example_dags/example_time_delta_sensor_async.py
[2023-04-29T22:36:51.746+0000] {processor.py:743} INFO - Processing file /home/airflow/.local/lib/python3.7/site-packages/airflow/example_dags/example_time_delta_sensor_async.py for tasks to queue
[2023-04-29T22:36:51.747+0000] {logging_mixin.py:137} INFO - [2023-04-29T22:36:51.747+0000] {dagbag.py:532} INFO - Filling up the DagBag from /home/airflow/.local/lib/python3.7/site-packages/airflow/example_dags/example_time_delta_sensor_async.py
[2023-04-29T22:36:51.755+0000] {processor.py:753} INFO - DAG(s) dict_keys(['example_time_delta_sensor_async']) retrieved from /home/airflow/.local/lib/python3.7/site-packages/airflow/example_dags/example_time_delta_sensor_async.py
[2023-04-29T22:36:51.775+0000] {logging_mixin.py:137} INFO - [2023-04-29T22:36:51.775+0000] {dag.py:2693} INFO - Sync 1 DAGs
[2023-04-29T22:36:51.791+0000] {logging_mixin.py:137} INFO - [2023-04-29T22:36:51.790+0000] {dag.py:3444} INFO - Setting next_dagrun for example_time_delta_sensor_async to None, run_after=None
[2023-04-29T22:36:51.801+0000] {processor.py:175} INFO - Processing /home/airflow/.local/lib/python3.7/site-packages/airflow/example_dags/example_time_delta_sensor_async.py took 0.060 seconds
[2023-04-29T22:37:22.330+0000] {processor.py:153} INFO - Started process (PID=1420) to work on /home/airflow/.local/lib/python3.7/site-packages/airflow/example_dags/example_time_delta_sensor_async.py
[2023-04-29T22:37:22.331+0000] {processor.py:743} INFO - Processing file /home/airflow/.local/lib/python3.7/site-packages/airflow/example_dags/example_time_delta_sensor_async.py for tasks to queue
[2023-04-29T22:37:22.332+0000] {logging_mixin.py:137} INFO - [2023-04-29T22:37:22.332+0000] {dagbag.py:532} INFO - Filling up the DagBag from /home/airflow/.local/lib/python3.7/site-packages/airflow/example_dags/example_time_delta_sensor_async.py
[2023-04-29T22:37:22.340+0000] {processor.py:753} INFO - DAG(s) dict_keys(['example_time_delta_sensor_async']) retrieved from /home/airflow/.local/lib/python3.7/site-packages/airflow/example_dags/example_time_delta_sensor_async.py
[2023-04-29T22:37:22.361+0000] {logging_mixin.py:137} INFO - [2023-04-29T22:37:22.361+0000] {dag.py:2693} INFO - Sync 1 DAGs
[2023-04-29T22:37:22.378+0000] {logging_mixin.py:137} INFO - [2023-04-29T22:37:22.378+0000] {dag.py:3444} INFO - Setting next_dagrun for example_time_delta_sensor_async to None, run_after=None
[2023-04-29T22:37:22.389+0000] {processor.py:175} INFO - Processing /home/airflow/.local/lib/python3.7/site-packages/airflow/example_dags/example_time_delta_sensor_async.py took 0.061 seconds
[2023-04-29T22:37:52.882+0000] {processor.py:153} INFO - Started process (PID=1471) to work on /home/airflow/.local/lib/python3.7/site-packages/airflow/example_dags/example_time_delta_sensor_async.py
[2023-04-29T22:37:52.883+0000] {processor.py:743} INFO - Processing file /home/airflow/.local/lib/python3.7/site-packages/airflow/example_dags/example_time_delta_sensor_async.py for tasks to queue
[2023-04-29T22:37:52.884+0000] {logging_mixin.py:137} INFO - [2023-04-29T22:37:52.883+0000] {dagbag.py:532} INFO - Filling up the DagBag from /home/airflow/.local/lib/python3.7/site-packages/airflow/example_dags/example_time_delta_sensor_async.py
[2023-04-29T22:37:52.892+0000] {processor.py:753} INFO - DAG(s) dict_keys(['example_time_delta_sensor_async']) retrieved from /home/airflow/.local/lib/python3.7/site-packages/airflow/example_dags/example_time_delta_sensor_async.py
[2023-04-29T22:37:52.911+0000] {logging_mixin.py:137} INFO - [2023-04-29T22:37:52.911+0000] {dag.py:2693} INFO - Sync 1 DAGs
[2023-04-29T22:37:52.926+0000] {logging_mixin.py:137} INFO - [2023-04-29T22:37:52.926+0000] {dag.py:3444} INFO - Setting next_dagrun for example_time_delta_sensor_async to None, run_after=None
[2023-04-29T22:37:52.945+0000] {processor.py:175} INFO - Processing /home/airflow/.local/lib/python3.7/site-packages/airflow/example_dags/example_time_delta_sensor_async.py took 0.066 seconds
[2023-04-29T22:38:23.491+0000] {processor.py:153} INFO - Started process (PID=1522) to work on /home/airflow/.local/lib/python3.7/site-packages/airflow/example_dags/example_time_delta_sensor_async.py
[2023-04-29T22:38:23.492+0000] {processor.py:743} INFO - Processing file /home/airflow/.local/lib/python3.7/site-packages/airflow/example_dags/example_time_delta_sensor_async.py for tasks to queue
[2023-04-29T22:38:23.493+0000] {logging_mixin.py:137} INFO - [2023-04-29T22:38:23.493+0000] {dagbag.py:532} INFO - Filling up the DagBag from /home/airflow/.local/lib/python3.7/site-packages/airflow/example_dags/example_time_delta_sensor_async.py
[2023-04-29T22:38:23.501+0000] {processor.py:753} INFO - DAG(s) dict_keys(['example_time_delta_sensor_async']) retrieved from /home/airflow/.local/lib/python3.7/site-packages/airflow/example_dags/example_time_delta_sensor_async.py
[2023-04-29T22:38:23.522+0000] {logging_mixin.py:137} INFO - [2023-04-29T22:38:23.522+0000] {dag.py:2693} INFO - Sync 1 DAGs
[2023-04-29T22:38:23.538+0000] {logging_mixin.py:137} INFO - [2023-04-29T22:38:23.538+0000] {dag.py:3444} INFO - Setting next_dagrun for example_time_delta_sensor_async to None, run_after=None
[2023-04-29T22:38:23.549+0000] {processor.py:175} INFO - Processing /home/airflow/.local/lib/python3.7/site-packages/airflow/example_dags/example_time_delta_sensor_async.py took 0.061 seconds
[2023-04-29T22:38:54.214+0000] {processor.py:153} INFO - Started process (PID=1573) to work on /home/airflow/.local/lib/python3.7/site-packages/airflow/example_dags/example_time_delta_sensor_async.py
[2023-04-29T22:38:54.215+0000] {processor.py:743} INFO - Processing file /home/airflow/.local/lib/python3.7/site-packages/airflow/example_dags/example_time_delta_sensor_async.py for tasks to queue
[2023-04-29T22:38:54.216+0000] {logging_mixin.py:137} INFO - [2023-04-29T22:38:54.216+0000] {dagbag.py:532} INFO - Filling up the DagBag from /home/airflow/.local/lib/python3.7/site-packages/airflow/example_dags/example_time_delta_sensor_async.py
[2023-04-29T22:38:54.224+0000] {processor.py:753} INFO - DAG(s) dict_keys(['example_time_delta_sensor_async']) retrieved from /home/airflow/.local/lib/python3.7/site-packages/airflow/example_dags/example_time_delta_sensor_async.py
[2023-04-29T22:38:54.242+0000] {logging_mixin.py:137} INFO - [2023-04-29T22:38:54.242+0000] {dag.py:2693} INFO - Sync 1 DAGs
[2023-04-29T22:38:54.256+0000] {logging_mixin.py:137} INFO - [2023-04-29T22:38:54.256+0000] {dag.py:3444} INFO - Setting next_dagrun for example_time_delta_sensor_async to None, run_after=None
[2023-04-29T22:38:54.266+0000] {processor.py:175} INFO - Processing /home/airflow/.local/lib/python3.7/site-packages/airflow/example_dags/example_time_delta_sensor_async.py took 0.055 seconds
[2023-04-29T22:39:24.826+0000] {processor.py:153} INFO - Started process (PID=1624) to work on /home/airflow/.local/lib/python3.7/site-packages/airflow/example_dags/example_time_delta_sensor_async.py
[2023-04-29T22:39:24.828+0000] {processor.py:743} INFO - Processing file /home/airflow/.local/lib/python3.7/site-packages/airflow/example_dags/example_time_delta_sensor_async.py for tasks to queue
[2023-04-29T22:39:24.828+0000] {logging_mixin.py:137} INFO - [2023-04-29T22:39:24.828+0000] {dagbag.py:532} INFO - Filling up the DagBag from /home/airflow/.local/lib/python3.7/site-packages/airflow/example_dags/example_time_delta_sensor_async.py
[2023-04-29T22:39:24.836+0000] {processor.py:753} INFO - DAG(s) dict_keys(['example_time_delta_sensor_async']) retrieved from /home/airflow/.local/lib/python3.7/site-packages/airflow/example_dags/example_time_delta_sensor_async.py
[2023-04-29T22:39:24.855+0000] {logging_mixin.py:137} INFO - [2023-04-29T22:39:24.855+0000] {dag.py:2693} INFO - Sync 1 DAGs
[2023-04-29T22:39:24.869+0000] {logging_mixin.py:137} INFO - [2023-04-29T22:39:24.869+0000] {dag.py:3444} INFO - Setting next_dagrun for example_time_delta_sensor_async to None, run_after=None
[2023-04-29T22:39:24.879+0000] {processor.py:175} INFO - Processing /home/airflow/.local/lib/python3.7/site-packages/airflow/example_dags/example_time_delta_sensor_async.py took 0.055 seconds
[2023-04-29T22:39:55.379+0000] {processor.py:153} INFO - Started process (PID=1676) to work on /home/airflow/.local/lib/python3.7/site-packages/airflow/example_dags/example_time_delta_sensor_async.py
[2023-04-29T22:39:55.382+0000] {processor.py:743} INFO - Processing file /home/airflow/.local/lib/python3.7/site-packages/airflow/example_dags/example_time_delta_sensor_async.py for tasks to queue
[2023-04-29T22:39:55.385+0000] {logging_mixin.py:137} INFO - [2023-04-29T22:39:55.384+0000] {dagbag.py:532} INFO - Filling up the DagBag from /home/airflow/.local/lib/python3.7/site-packages/airflow/example_dags/example_time_delta_sensor_async.py
[2023-04-29T22:39:55.399+0000] {processor.py:753} INFO - DAG(s) dict_keys(['example_time_delta_sensor_async']) retrieved from /home/airflow/.local/lib/python3.7/site-packages/airflow/example_dags/example_time_delta_sensor_async.py
[2023-04-29T22:39:55.424+0000] {logging_mixin.py:137} INFO - [2023-04-29T22:39:55.424+0000] {dag.py:2693} INFO - Sync 1 DAGs
[2023-04-29T22:39:55.445+0000] {logging_mixin.py:137} INFO - [2023-04-29T22:39:55.445+0000] {dag.py:3444} INFO - Setting next_dagrun for example_time_delta_sensor_async to None, run_after=None
[2023-04-29T22:39:55.460+0000] {processor.py:175} INFO - Processing /home/airflow/.local/lib/python3.7/site-packages/airflow/example_dags/example_time_delta_sensor_async.py took 0.087 seconds
[2023-04-29T22:40:26.037+0000] {processor.py:153} INFO - Started process (PID=1727) to work on /home/airflow/.local/lib/python3.7/site-packages/airflow/example_dags/example_time_delta_sensor_async.py
[2023-04-29T22:40:26.038+0000] {processor.py:743} INFO - Processing file /home/airflow/.local/lib/python3.7/site-packages/airflow/example_dags/example_time_delta_sensor_async.py for tasks to queue
[2023-04-29T22:40:26.039+0000] {logging_mixin.py:137} INFO - [2023-04-29T22:40:26.039+0000] {dagbag.py:532} INFO - Filling up the DagBag from /home/airflow/.local/lib/python3.7/site-packages/airflow/example_dags/example_time_delta_sensor_async.py
[2023-04-29T22:40:26.049+0000] {processor.py:753} INFO - DAG(s) dict_keys(['example_time_delta_sensor_async']) retrieved from /home/airflow/.local/lib/python3.7/site-packages/airflow/example_dags/example_time_delta_sensor_async.py
[2023-04-29T22:40:26.069+0000] {logging_mixin.py:137} INFO - [2023-04-29T22:40:26.069+0000] {dag.py:2693} INFO - Sync 1 DAGs
[2023-04-29T22:40:26.086+0000] {logging_mixin.py:137} INFO - [2023-04-29T22:40:26.086+0000] {dag.py:3444} INFO - Setting next_dagrun for example_time_delta_sensor_async to None, run_after=None
[2023-04-29T22:40:26.097+0000] {processor.py:175} INFO - Processing /home/airflow/.local/lib/python3.7/site-packages/airflow/example_dags/example_time_delta_sensor_async.py took 0.063 seconds
[2023-04-29T22:40:56.973+0000] {processor.py:153} INFO - Started process (PID=1778) to work on /home/airflow/.local/lib/python3.7/site-packages/airflow/example_dags/example_time_delta_sensor_async.py
[2023-04-29T22:40:56.974+0000] {processor.py:743} INFO - Processing file /home/airflow/.local/lib/python3.7/site-packages/airflow/example_dags/example_time_delta_sensor_async.py for tasks to queue
[2023-04-29T22:40:56.975+0000] {logging_mixin.py:137} INFO - [2023-04-29T22:40:56.975+0000] {dagbag.py:532} INFO - Filling up the DagBag from /home/airflow/.local/lib/python3.7/site-packages/airflow/example_dags/example_time_delta_sensor_async.py
[2023-04-29T22:40:56.985+0000] {processor.py:753} INFO - DAG(s) dict_keys(['example_time_delta_sensor_async']) retrieved from /home/airflow/.local/lib/python3.7/site-packages/airflow/example_dags/example_time_delta_sensor_async.py
[2023-04-29T22:40:57.003+0000] {logging_mixin.py:137} INFO - [2023-04-29T22:40:57.003+0000] {dag.py:2693} INFO - Sync 1 DAGs
[2023-04-29T22:40:57.020+0000] {logging_mixin.py:137} INFO - [2023-04-29T22:40:57.020+0000] {dag.py:3444} INFO - Setting next_dagrun for example_time_delta_sensor_async to None, run_after=None
[2023-04-29T22:40:57.031+0000] {processor.py:175} INFO - Processing /home/airflow/.local/lib/python3.7/site-packages/airflow/example_dags/example_time_delta_sensor_async.py took 0.061 seconds
[2023-04-29T22:41:27.300+0000] {processor.py:153} INFO - Started process (PID=1830) to work on /home/airflow/.local/lib/python3.7/site-packages/airflow/example_dags/example_time_delta_sensor_async.py
[2023-04-29T22:41:27.301+0000] {processor.py:743} INFO - Processing file /home/airflow/.local/lib/python3.7/site-packages/airflow/example_dags/example_time_delta_sensor_async.py for tasks to queue
[2023-04-29T22:41:27.301+0000] {logging_mixin.py:137} INFO - [2023-04-29T22:41:27.301+0000] {dagbag.py:532} INFO - Filling up the DagBag from /home/airflow/.local/lib/python3.7/site-packages/airflow/example_dags/example_time_delta_sensor_async.py
[2023-04-29T22:41:27.310+0000] {processor.py:753} INFO - DAG(s) dict_keys(['example_time_delta_sensor_async']) retrieved from /home/airflow/.local/lib/python3.7/site-packages/airflow/example_dags/example_time_delta_sensor_async.py
[2023-04-29T22:41:27.331+0000] {logging_mixin.py:137} INFO - [2023-04-29T22:41:27.331+0000] {dag.py:2693} INFO - Sync 1 DAGs
[2023-04-29T22:41:27.348+0000] {logging_mixin.py:137} INFO - [2023-04-29T22:41:27.348+0000] {dag.py:3444} INFO - Setting next_dagrun for example_time_delta_sensor_async to None, run_after=None
[2023-04-29T22:41:27.367+0000] {processor.py:175} INFO - Processing /home/airflow/.local/lib/python3.7/site-packages/airflow/example_dags/example_time_delta_sensor_async.py took 0.070 seconds
[2023-04-29T22:41:57.728+0000] {processor.py:153} INFO - Started process (PID=1888) to work on /home/airflow/.local/lib/python3.7/site-packages/airflow/example_dags/example_time_delta_sensor_async.py
[2023-04-29T22:41:57.729+0000] {processor.py:743} INFO - Processing file /home/airflow/.local/lib/python3.7/site-packages/airflow/example_dags/example_time_delta_sensor_async.py for tasks to queue
[2023-04-29T22:41:57.730+0000] {logging_mixin.py:137} INFO - [2023-04-29T22:41:57.730+0000] {dagbag.py:532} INFO - Filling up the DagBag from /home/airflow/.local/lib/python3.7/site-packages/airflow/example_dags/example_time_delta_sensor_async.py
[2023-04-29T22:41:57.739+0000] {processor.py:753} INFO - DAG(s) dict_keys(['example_time_delta_sensor_async']) retrieved from /home/airflow/.local/lib/python3.7/site-packages/airflow/example_dags/example_time_delta_sensor_async.py
[2023-04-29T22:41:57.759+0000] {logging_mixin.py:137} INFO - [2023-04-29T22:41:57.759+0000] {dag.py:2693} INFO - Sync 1 DAGs
[2023-04-29T22:41:57.775+0000] {logging_mixin.py:137} INFO - [2023-04-29T22:41:57.775+0000] {dag.py:3444} INFO - Setting next_dagrun for example_time_delta_sensor_async to None, run_after=None
[2023-04-29T22:41:57.786+0000] {processor.py:175} INFO - Processing /home/airflow/.local/lib/python3.7/site-packages/airflow/example_dags/example_time_delta_sensor_async.py took 0.061 seconds
[2023-04-29T22:42:28.390+0000] {processor.py:153} INFO - Started process (PID=1939) to work on /home/airflow/.local/lib/python3.7/site-packages/airflow/example_dags/example_time_delta_sensor_async.py
[2023-04-29T22:42:28.391+0000] {processor.py:743} INFO - Processing file /home/airflow/.local/lib/python3.7/site-packages/airflow/example_dags/example_time_delta_sensor_async.py for tasks to queue
[2023-04-29T22:42:28.391+0000] {logging_mixin.py:137} INFO - [2023-04-29T22:42:28.391+0000] {dagbag.py:532} INFO - Filling up the DagBag from /home/airflow/.local/lib/python3.7/site-packages/airflow/example_dags/example_time_delta_sensor_async.py
[2023-04-29T22:42:28.400+0000] {processor.py:753} INFO - DAG(s) dict_keys(['example_time_delta_sensor_async']) retrieved from /home/airflow/.local/lib/python3.7/site-packages/airflow/example_dags/example_time_delta_sensor_async.py
[2023-04-29T22:42:28.421+0000] {logging_mixin.py:137} INFO - [2023-04-29T22:42:28.421+0000] {dag.py:2693} INFO - Sync 1 DAGs
[2023-04-29T22:42:28.439+0000] {logging_mixin.py:137} INFO - [2023-04-29T22:42:28.439+0000] {dag.py:3444} INFO - Setting next_dagrun for example_time_delta_sensor_async to None, run_after=None
[2023-04-29T22:42:28.470+0000] {processor.py:175} INFO - Processing /home/airflow/.local/lib/python3.7/site-packages/airflow/example_dags/example_time_delta_sensor_async.py took 0.083 seconds
[2023-04-29T22:42:59.097+0000] {processor.py:153} INFO - Started process (PID=1990) to work on /home/airflow/.local/lib/python3.7/site-packages/airflow/example_dags/example_time_delta_sensor_async.py
[2023-04-29T22:42:59.098+0000] {processor.py:743} INFO - Processing file /home/airflow/.local/lib/python3.7/site-packages/airflow/example_dags/example_time_delta_sensor_async.py for tasks to queue
[2023-04-29T22:42:59.099+0000] {logging_mixin.py:137} INFO - [2023-04-29T22:42:59.099+0000] {dagbag.py:532} INFO - Filling up the DagBag from /home/airflow/.local/lib/python3.7/site-packages/airflow/example_dags/example_time_delta_sensor_async.py
[2023-04-29T22:42:59.108+0000] {processor.py:753} INFO - DAG(s) dict_keys(['example_time_delta_sensor_async']) retrieved from /home/airflow/.local/lib/python3.7/site-packages/airflow/example_dags/example_time_delta_sensor_async.py
[2023-04-29T22:42:59.128+0000] {logging_mixin.py:137} INFO - [2023-04-29T22:42:59.128+0000] {dag.py:2693} INFO - Sync 1 DAGs
[2023-04-29T22:42:59.144+0000] {logging_mixin.py:137} INFO - [2023-04-29T22:42:59.144+0000] {dag.py:3444} INFO - Setting next_dagrun for example_time_delta_sensor_async to None, run_after=None
[2023-04-29T22:42:59.159+0000] {processor.py:175} INFO - Processing /home/airflow/.local/lib/python3.7/site-packages/airflow/example_dags/example_time_delta_sensor_async.py took 0.065 seconds
[2023-04-29T22:43:29.847+0000] {processor.py:153} INFO - Started process (PID=2041) to work on /home/airflow/.local/lib/python3.7/site-packages/airflow/example_dags/example_time_delta_sensor_async.py
[2023-04-29T22:43:29.848+0000] {processor.py:743} INFO - Processing file /home/airflow/.local/lib/python3.7/site-packages/airflow/example_dags/example_time_delta_sensor_async.py for tasks to queue
[2023-04-29T22:43:29.849+0000] {logging_mixin.py:137} INFO - [2023-04-29T22:43:29.849+0000] {dagbag.py:532} INFO - Filling up the DagBag from /home/airflow/.local/lib/python3.7/site-packages/airflow/example_dags/example_time_delta_sensor_async.py
[2023-04-29T22:43:29.859+0000] {processor.py:753} INFO - DAG(s) dict_keys(['example_time_delta_sensor_async']) retrieved from /home/airflow/.local/lib/python3.7/site-packages/airflow/example_dags/example_time_delta_sensor_async.py
[2023-04-29T22:43:29.880+0000] {logging_mixin.py:137} INFO - [2023-04-29T22:43:29.880+0000] {dag.py:2693} INFO - Sync 1 DAGs
[2023-04-29T22:43:29.896+0000] {logging_mixin.py:137} INFO - [2023-04-29T22:43:29.896+0000] {dag.py:3444} INFO - Setting next_dagrun for example_time_delta_sensor_async to None, run_after=None
[2023-04-29T22:43:29.907+0000] {processor.py:175} INFO - Processing /home/airflow/.local/lib/python3.7/site-packages/airflow/example_dags/example_time_delta_sensor_async.py took 0.063 seconds
[2023-04-29T22:44:00.573+0000] {processor.py:153} INFO - Started process (PID=2092) to work on /home/airflow/.local/lib/python3.7/site-packages/airflow/example_dags/example_time_delta_sensor_async.py
[2023-04-29T22:44:00.575+0000] {processor.py:743} INFO - Processing file /home/airflow/.local/lib/python3.7/site-packages/airflow/example_dags/example_time_delta_sensor_async.py for tasks to queue
[2023-04-29T22:44:00.579+0000] {logging_mixin.py:137} INFO - [2023-04-29T22:44:00.578+0000] {dagbag.py:532} INFO - Filling up the DagBag from /home/airflow/.local/lib/python3.7/site-packages/airflow/example_dags/example_time_delta_sensor_async.py
[2023-04-29T22:44:00.590+0000] {processor.py:753} INFO - DAG(s) dict_keys(['example_time_delta_sensor_async']) retrieved from /home/airflow/.local/lib/python3.7/site-packages/airflow/example_dags/example_time_delta_sensor_async.py
[2023-04-29T22:44:00.614+0000] {logging_mixin.py:137} INFO - [2023-04-29T22:44:00.614+0000] {dag.py:2693} INFO - Sync 1 DAGs
[2023-04-29T22:44:00.632+0000] {logging_mixin.py:137} INFO - [2023-04-29T22:44:00.632+0000] {dag.py:3444} INFO - Setting next_dagrun for example_time_delta_sensor_async to None, run_after=None
[2023-04-29T22:44:00.645+0000] {processor.py:175} INFO - Processing /home/airflow/.local/lib/python3.7/site-packages/airflow/example_dags/example_time_delta_sensor_async.py took 0.075 seconds
[2023-04-29T22:44:31.172+0000] {processor.py:153} INFO - Started process (PID=2143) to work on /home/airflow/.local/lib/python3.7/site-packages/airflow/example_dags/example_time_delta_sensor_async.py
[2023-04-29T22:44:31.174+0000] {processor.py:743} INFO - Processing file /home/airflow/.local/lib/python3.7/site-packages/airflow/example_dags/example_time_delta_sensor_async.py for tasks to queue
[2023-04-29T22:44:31.175+0000] {logging_mixin.py:137} INFO - [2023-04-29T22:44:31.175+0000] {dagbag.py:532} INFO - Filling up the DagBag from /home/airflow/.local/lib/python3.7/site-packages/airflow/example_dags/example_time_delta_sensor_async.py
[2023-04-29T22:44:31.183+0000] {processor.py:753} INFO - DAG(s) dict_keys(['example_time_delta_sensor_async']) retrieved from /home/airflow/.local/lib/python3.7/site-packages/airflow/example_dags/example_time_delta_sensor_async.py
[2023-04-29T22:44:31.203+0000] {logging_mixin.py:137} INFO - [2023-04-29T22:44:31.203+0000] {dag.py:2693} INFO - Sync 1 DAGs
[2023-04-29T22:44:31.219+0000] {logging_mixin.py:137} INFO - [2023-04-29T22:44:31.218+0000] {dag.py:3444} INFO - Setting next_dagrun for example_time_delta_sensor_async to None, run_after=None
[2023-04-29T22:44:31.230+0000] {processor.py:175} INFO - Processing /home/airflow/.local/lib/python3.7/site-packages/airflow/example_dags/example_time_delta_sensor_async.py took 0.061 seconds
[2023-04-29T22:45:01.766+0000] {processor.py:153} INFO - Started process (PID=2194) to work on /home/airflow/.local/lib/python3.7/site-packages/airflow/example_dags/example_time_delta_sensor_async.py
[2023-04-29T22:45:01.767+0000] {processor.py:743} INFO - Processing file /home/airflow/.local/lib/python3.7/site-packages/airflow/example_dags/example_time_delta_sensor_async.py for tasks to queue
[2023-04-29T22:45:01.767+0000] {logging_mixin.py:137} INFO - [2023-04-29T22:45:01.767+0000] {dagbag.py:532} INFO - Filling up the DagBag from /home/airflow/.local/lib/python3.7/site-packages/airflow/example_dags/example_time_delta_sensor_async.py
[2023-04-29T22:45:01.776+0000] {processor.py:753} INFO - DAG(s) dict_keys(['example_time_delta_sensor_async']) retrieved from /home/airflow/.local/lib/python3.7/site-packages/airflow/example_dags/example_time_delta_sensor_async.py
[2023-04-29T22:45:01.796+0000] {logging_mixin.py:137} INFO - [2023-04-29T22:45:01.796+0000] {dag.py:2693} INFO - Sync 1 DAGs
[2023-04-29T22:45:01.811+0000] {logging_mixin.py:137} INFO - [2023-04-29T22:45:01.811+0000] {dag.py:3444} INFO - Setting next_dagrun for example_time_delta_sensor_async to None, run_after=None
[2023-04-29T22:45:01.822+0000] {processor.py:175} INFO - Processing /home/airflow/.local/lib/python3.7/site-packages/airflow/example_dags/example_time_delta_sensor_async.py took 0.060 seconds
[2023-04-29T22:45:32.469+0000] {processor.py:153} INFO - Started process (PID=2245) to work on /home/airflow/.local/lib/python3.7/site-packages/airflow/example_dags/example_time_delta_sensor_async.py
[2023-04-29T22:45:32.471+0000] {processor.py:743} INFO - Processing file /home/airflow/.local/lib/python3.7/site-packages/airflow/example_dags/example_time_delta_sensor_async.py for tasks to queue
[2023-04-29T22:45:32.472+0000] {logging_mixin.py:137} INFO - [2023-04-29T22:45:32.471+0000] {dagbag.py:532} INFO - Filling up the DagBag from /home/airflow/.local/lib/python3.7/site-packages/airflow/example_dags/example_time_delta_sensor_async.py
[2023-04-29T22:45:32.480+0000] {processor.py:753} INFO - DAG(s) dict_keys(['example_time_delta_sensor_async']) retrieved from /home/airflow/.local/lib/python3.7/site-packages/airflow/example_dags/example_time_delta_sensor_async.py
[2023-04-29T22:45:32.499+0000] {logging_mixin.py:137} INFO - [2023-04-29T22:45:32.499+0000] {dag.py:2693} INFO - Sync 1 DAGs
[2023-04-29T22:45:32.515+0000] {logging_mixin.py:137} INFO - [2023-04-29T22:45:32.515+0000] {dag.py:3444} INFO - Setting next_dagrun for example_time_delta_sensor_async to None, run_after=None
[2023-04-29T22:45:32.526+0000] {processor.py:175} INFO - Processing /home/airflow/.local/lib/python3.7/site-packages/airflow/example_dags/example_time_delta_sensor_async.py took 0.061 seconds
[2023-04-29T22:46:03.464+0000] {processor.py:153} INFO - Started process (PID=2296) to work on /home/airflow/.local/lib/python3.7/site-packages/airflow/example_dags/example_time_delta_sensor_async.py
[2023-04-29T22:46:03.465+0000] {processor.py:743} INFO - Processing file /home/airflow/.local/lib/python3.7/site-packages/airflow/example_dags/example_time_delta_sensor_async.py for tasks to queue
[2023-04-29T22:46:03.466+0000] {logging_mixin.py:137} INFO - [2023-04-29T22:46:03.466+0000] {dagbag.py:532} INFO - Filling up the DagBag from /home/airflow/.local/lib/python3.7/site-packages/airflow/example_dags/example_time_delta_sensor_async.py
[2023-04-29T22:46:03.476+0000] {processor.py:753} INFO - DAG(s) dict_keys(['example_time_delta_sensor_async']) retrieved from /home/airflow/.local/lib/python3.7/site-packages/airflow/example_dags/example_time_delta_sensor_async.py
[2023-04-29T22:46:03.498+0000] {logging_mixin.py:137} INFO - [2023-04-29T22:46:03.498+0000] {dag.py:2693} INFO - Sync 1 DAGs
[2023-04-29T22:46:03.516+0000] {logging_mixin.py:137} INFO - [2023-04-29T22:46:03.516+0000] {dag.py:3444} INFO - Setting next_dagrun for example_time_delta_sensor_async to None, run_after=None
[2023-04-29T22:46:03.528+0000] {processor.py:175} INFO - Processing /home/airflow/.local/lib/python3.7/site-packages/airflow/example_dags/example_time_delta_sensor_async.py took 0.067 seconds
