[2023-03-16T01:21:49.582+0000] {taskinstance.py:1084} INFO - Dependencies all met for dep_context=non-requeueable deps ti=<TaskInstance: tutorial_executa_dag.is_suited manual__2023-03-16T01:21:44.276867+00:00 [queued]>
[2023-03-16T01:21:49.590+0000] {taskinstance.py:1084} INFO - Dependencies all met for dep_context=requeueable deps ti=<TaskInstance: tutorial_executa_dag.is_suited manual__2023-03-16T01:21:44.276867+00:00 [queued]>
[2023-03-16T01:21:49.591+0000] {taskinstance.py:1282} INFO - 
--------------------------------------------------------------------------------
[2023-03-16T01:21:49.591+0000] {taskinstance.py:1283} INFO - Starting attempt 1 of 1
[2023-03-16T01:21:49.592+0000] {taskinstance.py:1284} INFO - 
--------------------------------------------------------------------------------
[2023-03-16T01:21:49.603+0000] {taskinstance.py:1303} INFO - Executing <Task(BranchPythonOperator): is_suited> on 2023-03-16 01:21:44.276867+00:00
[2023-03-16T01:21:49.609+0000] {standard_task_runner.py:55} INFO - Started process 1873 to run task
[2023-03-16T01:21:49.614+0000] {standard_task_runner.py:82} INFO - Running: ['***', 'tasks', 'run', 'tutorial_executa_dag', 'is_suited', 'manual__2023-03-16T01:21:44.276867+00:00', '--job-id', '20', '--raw', '--subdir', 'DAGS_FOLDER/tutorial_executa_dag.py', '--cfg-path', '/tmp/tmp7xmy65vz']
[2023-03-16T01:21:49.615+0000] {standard_task_runner.py:83} INFO - Job 20: Subtask is_suited
[2023-03-16T01:21:49.702+0000] {task_command.py:388} INFO - Running <TaskInstance: tutorial_executa_dag.is_suited manual__2023-03-16T01:21:44.276867+00:00 [running]> on host 6049ca5ef1d4
[2023-03-16T01:21:49.752+0000] {taskinstance.py:1511} INFO - Exporting the following env vars:
AIRFLOW_CTX_DAG_OWNER=***
AIRFLOW_CTX_DAG_ID=tutorial_executa_dag
AIRFLOW_CTX_TASK_ID=is_suited
AIRFLOW_CTX_EXECUTION_DATE=2023-03-16T01:21:44.276867+00:00
AIRFLOW_CTX_TRY_NUMBER=1
AIRFLOW_CTX_DAG_RUN_ID=manual__2023-03-16T01:21:44.276867+00:00
[2023-03-16T01:21:49.764+0000] {python.py:177} INFO - Done. Returned value was: unsuited
[2023-03-16T01:21:49.765+0000] {python.py:211} INFO - Branch callable return unsuited
[2023-03-16T01:21:49.765+0000] {skipmixin.py:155} INFO - Following branch unsuited
[2023-03-16T01:21:49.765+0000] {skipmixin.py:211} INFO - Skipping tasks ['suited']
[2023-03-16T01:21:49.799+0000] {taskinstance.py:1326} INFO - Marking task as SUCCESS. dag_id=tutorial_executa_dag, task_id=is_suited, execution_date=20230316T012144, start_date=20230316T012149, end_date=20230316T012149
[2023-03-16T01:21:49.830+0000] {local_task_job.py:212} INFO - Task exited with return code 0
[2023-03-16T01:21:49.852+0000] {taskinstance.py:2585} INFO - 1 downstream tasks scheduled from follow-on schedule check
