[2023-04-15T12:39:34.905+0000] {processor.py:153} INFO - Started process (PID=6310) to work on /opt/airflow/dags/exemple_dag_basic.py
[2023-04-15T12:39:34.907+0000] {processor.py:743} INFO - Processing file /opt/airflow/dags/exemple_dag_basic.py for tasks to queue
[2023-04-15T12:39:34.908+0000] {logging_mixin.py:137} INFO - [2023-04-15T12:39:34.908+0000] {dagbag.py:532} INFO - Filling up the DagBag from /opt/airflow/dags/exemple_dag_basic.py
[2023-04-15T12:39:34.951+0000] {processor.py:753} INFO - DAG(s) dict_keys(['example_dag_basic']) retrieved from /opt/airflow/dags/exemple_dag_basic.py
[2023-04-15T12:39:35.181+0000] {logging_mixin.py:137} INFO - [2023-04-15T12:39:35.181+0000] {manager.py:504} INFO - Created Permission View: can read on DAG:example_dag_basic
[2023-04-15T12:39:35.186+0000] {logging_mixin.py:137} INFO - [2023-04-15T12:39:35.186+0000] {manager.py:504} INFO - Created Permission View: can delete on DAG:example_dag_basic
[2023-04-15T12:39:35.197+0000] {logging_mixin.py:137} INFO - [2023-04-15T12:39:35.197+0000] {manager.py:504} INFO - Created Permission View: can edit on DAG:example_dag_basic
[2023-04-15T12:39:35.199+0000] {logging_mixin.py:137} INFO - [2023-04-15T12:39:35.198+0000] {dag.py:2693} INFO - Sync 1 DAGs
[2023-04-15T12:39:35.218+0000] {logging_mixin.py:137} INFO - [2023-04-15T12:39:35.218+0000] {dag.py:2714} INFO - Creating ORM DAG for example_dag_basic
[2023-04-15T12:39:35.231+0000] {logging_mixin.py:137} INFO - [2023-04-15T12:39:35.231+0000] {dag.py:3444} INFO - Setting next_dagrun for example_dag_basic to 2023-04-14T00:00:00+00:00, run_after=2023-04-15T00:00:00+00:00
[2023-04-15T12:39:35.246+0000] {processor.py:175} INFO - Processing /opt/airflow/dags/exemple_dag_basic.py took 0.349 seconds
[2023-04-15T12:40:05.382+0000] {processor.py:153} INFO - Started process (PID=6364) to work on /opt/airflow/dags/exemple_dag_basic.py
[2023-04-15T12:40:05.385+0000] {processor.py:743} INFO - Processing file /opt/airflow/dags/exemple_dag_basic.py for tasks to queue
[2023-04-15T12:40:05.386+0000] {logging_mixin.py:137} INFO - [2023-04-15T12:40:05.386+0000] {dagbag.py:532} INFO - Filling up the DagBag from /opt/airflow/dags/exemple_dag_basic.py
[2023-04-15T12:40:05.421+0000] {processor.py:753} INFO - DAG(s) dict_keys(['example_dag_basic']) retrieved from /opt/airflow/dags/exemple_dag_basic.py
[2023-04-15T12:40:05.453+0000] {logging_mixin.py:137} INFO - [2023-04-15T12:40:05.453+0000] {dag.py:2693} INFO - Sync 1 DAGs
[2023-04-15T12:40:05.477+0000] {logging_mixin.py:137} INFO - [2023-04-15T12:40:05.476+0000] {dag.py:3444} INFO - Setting next_dagrun for example_dag_basic to 2023-04-15T00:00:00+00:00, run_after=2023-04-16T00:00:00+00:00
[2023-04-15T12:40:05.490+0000] {processor.py:175} INFO - Processing /opt/airflow/dags/exemple_dag_basic.py took 0.114 seconds
[2023-04-15T12:40:36.456+0000] {processor.py:153} INFO - Started process (PID=6418) to work on /opt/airflow/dags/exemple_dag_basic.py
[2023-04-15T12:40:36.459+0000] {processor.py:743} INFO - Processing file /opt/airflow/dags/exemple_dag_basic.py for tasks to queue
[2023-04-15T12:40:36.460+0000] {logging_mixin.py:137} INFO - [2023-04-15T12:40:36.460+0000] {dagbag.py:532} INFO - Filling up the DagBag from /opt/airflow/dags/exemple_dag_basic.py
[2023-04-15T12:40:36.500+0000] {processor.py:753} INFO - DAG(s) dict_keys(['example_dag_basic']) retrieved from /opt/airflow/dags/exemple_dag_basic.py
[2023-04-15T12:40:36.528+0000] {logging_mixin.py:137} INFO - [2023-04-15T12:40:36.528+0000] {dag.py:2693} INFO - Sync 1 DAGs
[2023-04-15T12:40:36.552+0000] {logging_mixin.py:137} INFO - [2023-04-15T12:40:36.552+0000] {dag.py:3444} INFO - Setting next_dagrun for example_dag_basic to 2023-04-15T00:00:00+00:00, run_after=2023-04-16T00:00:00+00:00
[2023-04-15T12:40:36.565+0000] {processor.py:175} INFO - Processing /opt/airflow/dags/exemple_dag_basic.py took 0.118 seconds
[2023-04-15T12:41:07.375+0000] {processor.py:153} INFO - Started process (PID=6472) to work on /opt/airflow/dags/exemple_dag_basic.py
[2023-04-15T12:41:07.377+0000] {processor.py:743} INFO - Processing file /opt/airflow/dags/exemple_dag_basic.py for tasks to queue
[2023-04-15T12:41:07.379+0000] {logging_mixin.py:137} INFO - [2023-04-15T12:41:07.379+0000] {dagbag.py:532} INFO - Filling up the DagBag from /opt/airflow/dags/exemple_dag_basic.py
[2023-04-15T12:41:07.428+0000] {processor.py:753} INFO - DAG(s) dict_keys(['example_dag_basic']) retrieved from /opt/airflow/dags/exemple_dag_basic.py
[2023-04-15T12:41:07.459+0000] {logging_mixin.py:137} INFO - [2023-04-15T12:41:07.459+0000] {dag.py:2693} INFO - Sync 1 DAGs
[2023-04-15T12:41:07.502+0000] {logging_mixin.py:137} INFO - [2023-04-15T12:41:07.502+0000] {dag.py:3444} INFO - Setting next_dagrun for example_dag_basic to 2023-04-15T00:00:00+00:00, run_after=2023-04-16T00:00:00+00:00
[2023-04-15T12:41:07.518+0000] {processor.py:175} INFO - Processing /opt/airflow/dags/exemple_dag_basic.py took 0.152 seconds
[2023-04-15T12:41:38.277+0000] {processor.py:153} INFO - Started process (PID=6526) to work on /opt/airflow/dags/exemple_dag_basic.py
[2023-04-15T12:41:38.280+0000] {processor.py:743} INFO - Processing file /opt/airflow/dags/exemple_dag_basic.py for tasks to queue
[2023-04-15T12:41:38.281+0000] {logging_mixin.py:137} INFO - [2023-04-15T12:41:38.281+0000] {dagbag.py:532} INFO - Filling up the DagBag from /opt/airflow/dags/exemple_dag_basic.py
[2023-04-15T12:41:38.338+0000] {processor.py:753} INFO - DAG(s) dict_keys(['example_dag_basic']) retrieved from /opt/airflow/dags/exemple_dag_basic.py
[2023-04-15T12:41:38.376+0000] {logging_mixin.py:137} INFO - [2023-04-15T12:41:38.376+0000] {dag.py:2693} INFO - Sync 1 DAGs
[2023-04-15T12:41:38.418+0000] {logging_mixin.py:137} INFO - [2023-04-15T12:41:38.418+0000] {dag.py:3444} INFO - Setting next_dagrun for example_dag_basic to 2023-04-15T00:00:00+00:00, run_after=2023-04-16T00:00:00+00:00
[2023-04-15T12:41:38.433+0000] {processor.py:175} INFO - Processing /opt/airflow/dags/exemple_dag_basic.py took 0.162 seconds
[2023-04-15T12:42:09.480+0000] {processor.py:153} INFO - Started process (PID=6580) to work on /opt/airflow/dags/exemple_dag_basic.py
[2023-04-15T12:42:09.482+0000] {processor.py:743} INFO - Processing file /opt/airflow/dags/exemple_dag_basic.py for tasks to queue
[2023-04-15T12:42:09.484+0000] {logging_mixin.py:137} INFO - [2023-04-15T12:42:09.484+0000] {dagbag.py:532} INFO - Filling up the DagBag from /opt/airflow/dags/exemple_dag_basic.py
[2023-04-15T12:42:09.544+0000] {processor.py:753} INFO - DAG(s) dict_keys(['example_dag_basic']) retrieved from /opt/airflow/dags/exemple_dag_basic.py
[2023-04-15T12:42:09.582+0000] {logging_mixin.py:137} INFO - [2023-04-15T12:42:09.582+0000] {dag.py:2693} INFO - Sync 1 DAGs
[2023-04-15T12:42:09.619+0000] {logging_mixin.py:137} INFO - [2023-04-15T12:42:09.619+0000] {dag.py:3444} INFO - Setting next_dagrun for example_dag_basic to 2023-04-15T00:00:00+00:00, run_after=2023-04-16T00:00:00+00:00
[2023-04-15T12:42:09.646+0000] {processor.py:175} INFO - Processing /opt/airflow/dags/exemple_dag_basic.py took 0.171 seconds
[2023-04-15T12:42:40.267+0000] {processor.py:153} INFO - Started process (PID=6634) to work on /opt/airflow/dags/exemple_dag_basic.py
[2023-04-15T12:42:40.269+0000] {processor.py:743} INFO - Processing file /opt/airflow/dags/exemple_dag_basic.py for tasks to queue
[2023-04-15T12:42:40.271+0000] {logging_mixin.py:137} INFO - [2023-04-15T12:42:40.271+0000] {dagbag.py:532} INFO - Filling up the DagBag from /opt/airflow/dags/exemple_dag_basic.py
[2023-04-15T12:42:40.315+0000] {processor.py:753} INFO - DAG(s) dict_keys(['example_dag_basic']) retrieved from /opt/airflow/dags/exemple_dag_basic.py
[2023-04-15T12:42:40.372+0000] {logging_mixin.py:137} INFO - [2023-04-15T12:42:40.372+0000] {dag.py:2693} INFO - Sync 1 DAGs
[2023-04-15T12:42:40.410+0000] {logging_mixin.py:137} INFO - [2023-04-15T12:42:40.409+0000] {dag.py:3444} INFO - Setting next_dagrun for example_dag_basic to 2023-04-15T00:00:00+00:00, run_after=2023-04-16T00:00:00+00:00
[2023-04-15T12:42:40.438+0000] {processor.py:175} INFO - Processing /opt/airflow/dags/exemple_dag_basic.py took 0.194 seconds
[2023-04-15T12:43:11.439+0000] {processor.py:153} INFO - Started process (PID=6688) to work on /opt/airflow/dags/exemple_dag_basic.py
[2023-04-15T12:43:11.443+0000] {processor.py:743} INFO - Processing file /opt/airflow/dags/exemple_dag_basic.py for tasks to queue
[2023-04-15T12:43:11.445+0000] {logging_mixin.py:137} INFO - [2023-04-15T12:43:11.445+0000] {dagbag.py:532} INFO - Filling up the DagBag from /opt/airflow/dags/exemple_dag_basic.py
[2023-04-15T12:43:11.499+0000] {processor.py:753} INFO - DAG(s) dict_keys(['example_dag_basic']) retrieved from /opt/airflow/dags/exemple_dag_basic.py
[2023-04-15T12:43:11.570+0000] {logging_mixin.py:137} INFO - [2023-04-15T12:43:11.570+0000] {dag.py:2693} INFO - Sync 1 DAGs
[2023-04-15T12:43:11.601+0000] {logging_mixin.py:137} INFO - [2023-04-15T12:43:11.601+0000] {dag.py:3444} INFO - Setting next_dagrun for example_dag_basic to 2023-04-15T00:00:00+00:00, run_after=2023-04-16T00:00:00+00:00
[2023-04-15T12:43:11.614+0000] {processor.py:175} INFO - Processing /opt/airflow/dags/exemple_dag_basic.py took 0.184 seconds
[2023-04-15T12:43:42.003+0000] {processor.py:153} INFO - Started process (PID=6742) to work on /opt/airflow/dags/exemple_dag_basic.py
[2023-04-15T12:43:42.011+0000] {processor.py:743} INFO - Processing file /opt/airflow/dags/exemple_dag_basic.py for tasks to queue
[2023-04-15T12:43:42.014+0000] {logging_mixin.py:137} INFO - [2023-04-15T12:43:42.013+0000] {dagbag.py:532} INFO - Filling up the DagBag from /opt/airflow/dags/exemple_dag_basic.py
[2023-04-15T12:43:42.066+0000] {processor.py:753} INFO - DAG(s) dict_keys(['example_dag_basic']) retrieved from /opt/airflow/dags/exemple_dag_basic.py
[2023-04-15T12:43:42.126+0000] {logging_mixin.py:137} INFO - [2023-04-15T12:43:42.126+0000] {dag.py:2693} INFO - Sync 1 DAGs
[2023-04-15T12:43:42.152+0000] {logging_mixin.py:137} INFO - [2023-04-15T12:43:42.152+0000] {dag.py:3444} INFO - Setting next_dagrun for example_dag_basic to 2023-04-15T00:00:00+00:00, run_after=2023-04-16T00:00:00+00:00
[2023-04-15T12:43:42.164+0000] {processor.py:175} INFO - Processing /opt/airflow/dags/exemple_dag_basic.py took 0.175 seconds
[2023-04-15T12:44:12.533+0000] {processor.py:153} INFO - Started process (PID=6795) to work on /opt/airflow/dags/exemple_dag_basic.py
[2023-04-15T12:44:12.536+0000] {processor.py:743} INFO - Processing file /opt/airflow/dags/exemple_dag_basic.py for tasks to queue
[2023-04-15T12:44:12.537+0000] {logging_mixin.py:137} INFO - [2023-04-15T12:44:12.537+0000] {dagbag.py:532} INFO - Filling up the DagBag from /opt/airflow/dags/exemple_dag_basic.py
[2023-04-15T12:44:12.594+0000] {processor.py:753} INFO - DAG(s) dict_keys(['example_dag_basic']) retrieved from /opt/airflow/dags/exemple_dag_basic.py
[2023-04-15T12:44:12.658+0000] {logging_mixin.py:137} INFO - [2023-04-15T12:44:12.657+0000] {dag.py:2693} INFO - Sync 1 DAGs
[2023-04-15T12:44:12.683+0000] {logging_mixin.py:137} INFO - [2023-04-15T12:44:12.683+0000] {dag.py:3444} INFO - Setting next_dagrun for example_dag_basic to 2023-04-15T00:00:00+00:00, run_after=2023-04-16T00:00:00+00:00
[2023-04-15T12:44:12.695+0000] {processor.py:175} INFO - Processing /opt/airflow/dags/exemple_dag_basic.py took 0.169 seconds
[2023-04-15T12:44:42.944+0000] {processor.py:153} INFO - Started process (PID=6849) to work on /opt/airflow/dags/exemple_dag_basic.py
[2023-04-15T12:44:42.947+0000] {processor.py:743} INFO - Processing file /opt/airflow/dags/exemple_dag_basic.py for tasks to queue
[2023-04-15T12:44:42.948+0000] {logging_mixin.py:137} INFO - [2023-04-15T12:44:42.948+0000] {dagbag.py:532} INFO - Filling up the DagBag from /opt/airflow/dags/exemple_dag_basic.py
[2023-04-15T12:44:43.009+0000] {processor.py:753} INFO - DAG(s) dict_keys(['example_dag_basic']) retrieved from /opt/airflow/dags/exemple_dag_basic.py
[2023-04-15T12:44:43.065+0000] {logging_mixin.py:137} INFO - [2023-04-15T12:44:43.065+0000] {dag.py:2693} INFO - Sync 1 DAGs
[2023-04-15T12:44:43.098+0000] {logging_mixin.py:137} INFO - [2023-04-15T12:44:43.098+0000] {dag.py:3444} INFO - Setting next_dagrun for example_dag_basic to 2023-04-15T00:00:00+00:00, run_after=2023-04-16T00:00:00+00:00
[2023-04-15T12:44:43.122+0000] {processor.py:175} INFO - Processing /opt/airflow/dags/exemple_dag_basic.py took 0.186 seconds
[2023-04-15T12:45:13.747+0000] {processor.py:153} INFO - Started process (PID=6903) to work on /opt/airflow/dags/exemple_dag_basic.py
[2023-04-15T12:45:13.750+0000] {processor.py:743} INFO - Processing file /opt/airflow/dags/exemple_dag_basic.py for tasks to queue
[2023-04-15T12:45:13.751+0000] {logging_mixin.py:137} INFO - [2023-04-15T12:45:13.751+0000] {dagbag.py:532} INFO - Filling up the DagBag from /opt/airflow/dags/exemple_dag_basic.py
[2023-04-15T12:45:13.813+0000] {processor.py:753} INFO - DAG(s) dict_keys(['example_dag_basic']) retrieved from /opt/airflow/dags/exemple_dag_basic.py
[2023-04-15T12:45:13.849+0000] {logging_mixin.py:137} INFO - [2023-04-15T12:45:13.849+0000] {dag.py:2693} INFO - Sync 1 DAGs
[2023-04-15T12:45:13.876+0000] {logging_mixin.py:137} INFO - [2023-04-15T12:45:13.876+0000] {dag.py:3444} INFO - Setting next_dagrun for example_dag_basic to 2023-04-15T00:00:00+00:00, run_after=2023-04-16T00:00:00+00:00
[2023-04-15T12:45:13.891+0000] {processor.py:175} INFO - Processing /opt/airflow/dags/exemple_dag_basic.py took 0.154 seconds
[2023-04-15T12:45:44.676+0000] {processor.py:153} INFO - Started process (PID=6957) to work on /opt/airflow/dags/exemple_dag_basic.py
[2023-04-15T12:45:44.678+0000] {processor.py:743} INFO - Processing file /opt/airflow/dags/exemple_dag_basic.py for tasks to queue
[2023-04-15T12:45:44.680+0000] {logging_mixin.py:137} INFO - [2023-04-15T12:45:44.680+0000] {dagbag.py:532} INFO - Filling up the DagBag from /opt/airflow/dags/exemple_dag_basic.py
[2023-04-15T12:45:44.743+0000] {processor.py:753} INFO - DAG(s) dict_keys(['example_dag_basic']) retrieved from /opt/airflow/dags/exemple_dag_basic.py
[2023-04-15T12:45:44.794+0000] {logging_mixin.py:137} INFO - [2023-04-15T12:45:44.793+0000] {dag.py:2693} INFO - Sync 1 DAGs
[2023-04-15T12:45:44.821+0000] {logging_mixin.py:137} INFO - [2023-04-15T12:45:44.821+0000] {dag.py:3444} INFO - Setting next_dagrun for example_dag_basic to 2023-04-15T00:00:00+00:00, run_after=2023-04-16T00:00:00+00:00
[2023-04-15T12:45:44.834+0000] {processor.py:175} INFO - Processing /opt/airflow/dags/exemple_dag_basic.py took 0.165 seconds
[2023-04-15T12:46:15.446+0000] {processor.py:153} INFO - Started process (PID=7011) to work on /opt/airflow/dags/exemple_dag_basic.py
[2023-04-15T12:46:15.447+0000] {processor.py:743} INFO - Processing file /opt/airflow/dags/exemple_dag_basic.py for tasks to queue
[2023-04-15T12:46:15.448+0000] {logging_mixin.py:137} INFO - [2023-04-15T12:46:15.448+0000] {dagbag.py:532} INFO - Filling up the DagBag from /opt/airflow/dags/exemple_dag_basic.py
[2023-04-15T12:46:15.479+0000] {processor.py:753} INFO - DAG(s) dict_keys(['example_dag_basic']) retrieved from /opt/airflow/dags/exemple_dag_basic.py
[2023-04-15T12:46:15.501+0000] {logging_mixin.py:137} INFO - [2023-04-15T12:46:15.500+0000] {dag.py:2693} INFO - Sync 1 DAGs
[2023-04-15T12:46:15.520+0000] {logging_mixin.py:137} INFO - [2023-04-15T12:46:15.520+0000] {dag.py:3444} INFO - Setting next_dagrun for example_dag_basic to 2023-04-15T00:00:00+00:00, run_after=2023-04-16T00:00:00+00:00
[2023-04-15T12:46:15.533+0000] {processor.py:175} INFO - Processing /opt/airflow/dags/exemple_dag_basic.py took 0.091 seconds
[2023-04-15T12:46:46.336+0000] {processor.py:153} INFO - Started process (PID=7065) to work on /opt/airflow/dags/exemple_dag_basic.py
[2023-04-15T12:46:46.339+0000] {processor.py:743} INFO - Processing file /opt/airflow/dags/exemple_dag_basic.py for tasks to queue
[2023-04-15T12:46:46.341+0000] {logging_mixin.py:137} INFO - [2023-04-15T12:46:46.341+0000] {dagbag.py:532} INFO - Filling up the DagBag from /opt/airflow/dags/exemple_dag_basic.py
[2023-04-15T12:46:46.379+0000] {processor.py:753} INFO - DAG(s) dict_keys(['example_dag_basic']) retrieved from /opt/airflow/dags/exemple_dag_basic.py
[2023-04-15T12:46:46.412+0000] {logging_mixin.py:137} INFO - [2023-04-15T12:46:46.412+0000] {dag.py:2693} INFO - Sync 1 DAGs
[2023-04-15T12:46:46.436+0000] {logging_mixin.py:137} INFO - [2023-04-15T12:46:46.436+0000] {dag.py:3444} INFO - Setting next_dagrun for example_dag_basic to 2023-04-15T00:00:00+00:00, run_after=2023-04-16T00:00:00+00:00
[2023-04-15T12:46:46.449+0000] {processor.py:175} INFO - Processing /opt/airflow/dags/exemple_dag_basic.py took 0.123 seconds
[2023-04-15T12:47:17.249+0000] {processor.py:153} INFO - Started process (PID=7119) to work on /opt/airflow/dags/exemple_dag_basic.py
[2023-04-15T12:47:17.251+0000] {processor.py:743} INFO - Processing file /opt/airflow/dags/exemple_dag_basic.py for tasks to queue
[2023-04-15T12:47:17.252+0000] {logging_mixin.py:137} INFO - [2023-04-15T12:47:17.252+0000] {dagbag.py:532} INFO - Filling up the DagBag from /opt/airflow/dags/exemple_dag_basic.py
[2023-04-15T12:47:17.278+0000] {processor.py:753} INFO - DAG(s) dict_keys(['example_dag_basic']) retrieved from /opt/airflow/dags/exemple_dag_basic.py
[2023-04-15T12:47:17.304+0000] {logging_mixin.py:137} INFO - [2023-04-15T12:47:17.304+0000] {dag.py:2693} INFO - Sync 1 DAGs
[2023-04-15T12:47:17.325+0000] {logging_mixin.py:137} INFO - [2023-04-15T12:47:17.325+0000] {dag.py:3444} INFO - Setting next_dagrun for example_dag_basic to 2023-04-15T00:00:00+00:00, run_after=2023-04-16T00:00:00+00:00
[2023-04-15T12:47:17.339+0000] {processor.py:175} INFO - Processing /opt/airflow/dags/exemple_dag_basic.py took 0.096 seconds
[2023-04-15T12:47:48.112+0000] {processor.py:153} INFO - Started process (PID=7173) to work on /opt/airflow/dags/exemple_dag_basic.py
[2023-04-15T12:47:48.114+0000] {processor.py:743} INFO - Processing file /opt/airflow/dags/exemple_dag_basic.py for tasks to queue
[2023-04-15T12:47:48.116+0000] {logging_mixin.py:137} INFO - [2023-04-15T12:47:48.116+0000] {dagbag.py:532} INFO - Filling up the DagBag from /opt/airflow/dags/exemple_dag_basic.py
[2023-04-15T12:47:48.162+0000] {processor.py:753} INFO - DAG(s) dict_keys(['example_dag_basic']) retrieved from /opt/airflow/dags/exemple_dag_basic.py
[2023-04-15T12:47:48.193+0000] {logging_mixin.py:137} INFO - [2023-04-15T12:47:48.193+0000] {dag.py:2693} INFO - Sync 1 DAGs
[2023-04-15T12:47:48.218+0000] {logging_mixin.py:137} INFO - [2023-04-15T12:47:48.218+0000] {dag.py:3444} INFO - Setting next_dagrun for example_dag_basic to 2023-04-15T00:00:00+00:00, run_after=2023-04-16T00:00:00+00:00
[2023-04-15T12:47:48.230+0000] {processor.py:175} INFO - Processing /opt/airflow/dags/exemple_dag_basic.py took 0.127 seconds
[2023-04-15T12:48:19.136+0000] {processor.py:153} INFO - Started process (PID=7227) to work on /opt/airflow/dags/exemple_dag_basic.py
[2023-04-15T12:48:19.140+0000] {processor.py:743} INFO - Processing file /opt/airflow/dags/exemple_dag_basic.py for tasks to queue
[2023-04-15T12:48:19.142+0000] {logging_mixin.py:137} INFO - [2023-04-15T12:48:19.142+0000] {dagbag.py:532} INFO - Filling up the DagBag from /opt/airflow/dags/exemple_dag_basic.py
[2023-04-15T12:48:19.178+0000] {processor.py:753} INFO - DAG(s) dict_keys(['example_dag_basic']) retrieved from /opt/airflow/dags/exemple_dag_basic.py
[2023-04-15T12:48:19.203+0000] {logging_mixin.py:137} INFO - [2023-04-15T12:48:19.203+0000] {dag.py:2693} INFO - Sync 1 DAGs
[2023-04-15T12:48:19.226+0000] {logging_mixin.py:137} INFO - [2023-04-15T12:48:19.226+0000] {dag.py:3444} INFO - Setting next_dagrun for example_dag_basic to 2023-04-15T00:00:00+00:00, run_after=2023-04-16T00:00:00+00:00
[2023-04-15T12:48:19.239+0000] {processor.py:175} INFO - Processing /opt/airflow/dags/exemple_dag_basic.py took 0.111 seconds
[2023-04-15T12:48:49.892+0000] {processor.py:153} INFO - Started process (PID=7281) to work on /opt/airflow/dags/exemple_dag_basic.py
[2023-04-15T12:48:49.895+0000] {processor.py:743} INFO - Processing file /opt/airflow/dags/exemple_dag_basic.py for tasks to queue
[2023-04-15T12:48:49.896+0000] {logging_mixin.py:137} INFO - [2023-04-15T12:48:49.896+0000] {dagbag.py:532} INFO - Filling up the DagBag from /opt/airflow/dags/exemple_dag_basic.py
[2023-04-15T12:48:49.936+0000] {processor.py:753} INFO - DAG(s) dict_keys(['example_dag_basic']) retrieved from /opt/airflow/dags/exemple_dag_basic.py
[2023-04-15T12:48:49.962+0000] {logging_mixin.py:137} INFO - [2023-04-15T12:48:49.962+0000] {dag.py:2693} INFO - Sync 1 DAGs
[2023-04-15T12:48:49.984+0000] {logging_mixin.py:137} INFO - [2023-04-15T12:48:49.984+0000] {dag.py:3444} INFO - Setting next_dagrun for example_dag_basic to 2023-04-15T00:00:00+00:00, run_after=2023-04-16T00:00:00+00:00
[2023-04-15T12:48:49.998+0000] {processor.py:175} INFO - Processing /opt/airflow/dags/exemple_dag_basic.py took 0.113 seconds
[2023-04-15T12:49:20.066+0000] {processor.py:153} INFO - Started process (PID=7335) to work on /opt/airflow/dags/exemple_dag_basic.py
[2023-04-15T12:49:20.068+0000] {processor.py:743} INFO - Processing file /opt/airflow/dags/exemple_dag_basic.py for tasks to queue
[2023-04-15T12:49:20.069+0000] {logging_mixin.py:137} INFO - [2023-04-15T12:49:20.069+0000] {dagbag.py:532} INFO - Filling up the DagBag from /opt/airflow/dags/exemple_dag_basic.py
[2023-04-15T12:49:20.103+0000] {processor.py:753} INFO - DAG(s) dict_keys(['example_dag_basic']) retrieved from /opt/airflow/dags/exemple_dag_basic.py
[2023-04-15T12:49:20.127+0000] {logging_mixin.py:137} INFO - [2023-04-15T12:49:20.127+0000] {dag.py:2693} INFO - Sync 1 DAGs
[2023-04-15T12:49:20.147+0000] {logging_mixin.py:137} INFO - [2023-04-15T12:49:20.147+0000] {dag.py:3444} INFO - Setting next_dagrun for example_dag_basic to 2023-04-15T00:00:00+00:00, run_after=2023-04-16T00:00:00+00:00
[2023-04-15T12:49:20.160+0000] {processor.py:175} INFO - Processing /opt/airflow/dags/exemple_dag_basic.py took 0.101 seconds
[2023-04-15T12:49:50.716+0000] {processor.py:153} INFO - Started process (PID=7389) to work on /opt/airflow/dags/exemple_dag_basic.py
[2023-04-15T12:49:50.718+0000] {processor.py:743} INFO - Processing file /opt/airflow/dags/exemple_dag_basic.py for tasks to queue
[2023-04-15T12:49:50.723+0000] {logging_mixin.py:137} INFO - [2023-04-15T12:49:50.723+0000] {dagbag.py:532} INFO - Filling up the DagBag from /opt/airflow/dags/exemple_dag_basic.py
[2023-04-15T12:49:50.789+0000] {processor.py:753} INFO - DAG(s) dict_keys(['example_dag_basic']) retrieved from /opt/airflow/dags/exemple_dag_basic.py
[2023-04-15T12:49:50.877+0000] {logging_mixin.py:137} INFO - [2023-04-15T12:49:50.877+0000] {dag.py:2693} INFO - Sync 1 DAGs
[2023-04-15T12:49:50.905+0000] {logging_mixin.py:137} INFO - [2023-04-15T12:49:50.905+0000] {dag.py:3444} INFO - Setting next_dagrun for example_dag_basic to 2023-04-15T00:00:00+00:00, run_after=2023-04-16T00:00:00+00:00
[2023-04-15T12:49:50.921+0000] {processor.py:175} INFO - Processing /opt/airflow/dags/exemple_dag_basic.py took 0.212 seconds
[2023-04-15T12:50:21.434+0000] {processor.py:153} INFO - Started process (PID=7443) to work on /opt/airflow/dags/exemple_dag_basic.py
[2023-04-15T12:50:21.437+0000] {processor.py:743} INFO - Processing file /opt/airflow/dags/exemple_dag_basic.py for tasks to queue
[2023-04-15T12:50:21.439+0000] {logging_mixin.py:137} INFO - [2023-04-15T12:50:21.438+0000] {dagbag.py:532} INFO - Filling up the DagBag from /opt/airflow/dags/exemple_dag_basic.py
[2023-04-15T12:50:21.502+0000] {processor.py:753} INFO - DAG(s) dict_keys(['example_dag_basic']) retrieved from /opt/airflow/dags/exemple_dag_basic.py
[2023-04-15T12:50:21.561+0000] {logging_mixin.py:137} INFO - [2023-04-15T12:50:21.561+0000] {dag.py:2693} INFO - Sync 1 DAGs
[2023-04-15T12:50:21.593+0000] {logging_mixin.py:137} INFO - [2023-04-15T12:50:21.593+0000] {dag.py:3444} INFO - Setting next_dagrun for example_dag_basic to 2023-04-15T00:00:00+00:00, run_after=2023-04-16T00:00:00+00:00
[2023-04-15T12:50:21.607+0000] {processor.py:175} INFO - Processing /opt/airflow/dags/exemple_dag_basic.py took 0.183 seconds
[2023-04-15T12:50:51.921+0000] {processor.py:153} INFO - Started process (PID=7496) to work on /opt/airflow/dags/exemple_dag_basic.py
[2023-04-15T12:50:51.925+0000] {processor.py:743} INFO - Processing file /opt/airflow/dags/exemple_dag_basic.py for tasks to queue
[2023-04-15T12:50:51.928+0000] {logging_mixin.py:137} INFO - [2023-04-15T12:50:51.928+0000] {dagbag.py:532} INFO - Filling up the DagBag from /opt/airflow/dags/exemple_dag_basic.py
[2023-04-15T12:50:51.983+0000] {processor.py:753} INFO - DAG(s) dict_keys(['example_dag_basic']) retrieved from /opt/airflow/dags/exemple_dag_basic.py
[2023-04-15T12:50:52.069+0000] {logging_mixin.py:137} INFO - [2023-04-15T12:50:52.069+0000] {dag.py:2693} INFO - Sync 1 DAGs
[2023-04-15T12:50:52.120+0000] {logging_mixin.py:137} INFO - [2023-04-15T12:50:52.120+0000] {dag.py:3444} INFO - Setting next_dagrun for example_dag_basic to 2023-04-15T00:00:00+00:00, run_after=2023-04-16T00:00:00+00:00
[2023-04-15T12:50:52.137+0000] {processor.py:175} INFO - Processing /opt/airflow/dags/exemple_dag_basic.py took 0.230 seconds
[2023-04-15T12:51:22.314+0000] {processor.py:153} INFO - Started process (PID=7550) to work on /opt/airflow/dags/exemple_dag_basic.py
[2023-04-15T12:51:22.319+0000] {processor.py:743} INFO - Processing file /opt/airflow/dags/exemple_dag_basic.py for tasks to queue
[2023-04-15T12:51:22.325+0000] {logging_mixin.py:137} INFO - [2023-04-15T12:51:22.324+0000] {dagbag.py:532} INFO - Filling up the DagBag from /opt/airflow/dags/exemple_dag_basic.py
[2023-04-15T12:51:22.363+0000] {processor.py:753} INFO - DAG(s) dict_keys(['example_dag_basic']) retrieved from /opt/airflow/dags/exemple_dag_basic.py
[2023-04-15T12:51:22.390+0000] {logging_mixin.py:137} INFO - [2023-04-15T12:51:22.390+0000] {dag.py:2693} INFO - Sync 1 DAGs
[2023-04-15T12:51:22.411+0000] {logging_mixin.py:137} INFO - [2023-04-15T12:51:22.410+0000] {dag.py:3444} INFO - Setting next_dagrun for example_dag_basic to 2023-04-15T00:00:00+00:00, run_after=2023-04-16T00:00:00+00:00
[2023-04-15T12:51:22.431+0000] {processor.py:175} INFO - Processing /opt/airflow/dags/exemple_dag_basic.py took 0.126 seconds
[2023-04-15T12:51:53.020+0000] {processor.py:153} INFO - Started process (PID=7604) to work on /opt/airflow/dags/exemple_dag_basic.py
[2023-04-15T12:51:53.025+0000] {processor.py:743} INFO - Processing file /opt/airflow/dags/exemple_dag_basic.py for tasks to queue
[2023-04-15T12:51:53.028+0000] {logging_mixin.py:137} INFO - [2023-04-15T12:51:53.027+0000] {dagbag.py:532} INFO - Filling up the DagBag from /opt/airflow/dags/exemple_dag_basic.py
[2023-04-15T12:51:53.106+0000] {processor.py:753} INFO - DAG(s) dict_keys(['example_dag_basic']) retrieved from /opt/airflow/dags/exemple_dag_basic.py
[2023-04-15T12:51:53.189+0000] {logging_mixin.py:137} INFO - [2023-04-15T12:51:53.189+0000] {dag.py:2693} INFO - Sync 1 DAGs
[2023-04-15T12:51:53.240+0000] {logging_mixin.py:137} INFO - [2023-04-15T12:51:53.240+0000] {dag.py:3444} INFO - Setting next_dagrun for example_dag_basic to 2023-04-15T00:00:00+00:00, run_after=2023-04-16T00:00:00+00:00
[2023-04-15T12:51:53.261+0000] {processor.py:175} INFO - Processing /opt/airflow/dags/exemple_dag_basic.py took 0.260 seconds
[2023-04-15T12:52:23.466+0000] {processor.py:153} INFO - Started process (PID=7659) to work on /opt/airflow/dags/exemple_dag_basic.py
[2023-04-15T12:52:23.469+0000] {processor.py:743} INFO - Processing file /opt/airflow/dags/exemple_dag_basic.py for tasks to queue
[2023-04-15T12:52:23.471+0000] {logging_mixin.py:137} INFO - [2023-04-15T12:52:23.471+0000] {dagbag.py:532} INFO - Filling up the DagBag from /opt/airflow/dags/exemple_dag_basic.py
[2023-04-15T12:52:23.533+0000] {processor.py:753} INFO - DAG(s) dict_keys(['example_dag_basic']) retrieved from /opt/airflow/dags/exemple_dag_basic.py
[2023-04-15T12:52:23.568+0000] {logging_mixin.py:137} INFO - [2023-04-15T12:52:23.567+0000] {dag.py:2693} INFO - Sync 1 DAGs
[2023-04-15T12:52:23.593+0000] {logging_mixin.py:137} INFO - [2023-04-15T12:52:23.593+0000] {dag.py:3444} INFO - Setting next_dagrun for example_dag_basic to 2023-04-15T00:00:00+00:00, run_after=2023-04-16T00:00:00+00:00
[2023-04-15T12:52:23.609+0000] {processor.py:175} INFO - Processing /opt/airflow/dags/exemple_dag_basic.py took 0.150 seconds
[2023-04-15T12:52:54.074+0000] {processor.py:153} INFO - Started process (PID=7720) to work on /opt/airflow/dags/exemple_dag_basic.py
[2023-04-15T12:52:54.077+0000] {processor.py:743} INFO - Processing file /opt/airflow/dags/exemple_dag_basic.py for tasks to queue
[2023-04-15T12:52:54.079+0000] {logging_mixin.py:137} INFO - [2023-04-15T12:52:54.079+0000] {dagbag.py:532} INFO - Filling up the DagBag from /opt/airflow/dags/exemple_dag_basic.py
[2023-04-15T12:52:54.114+0000] {processor.py:753} INFO - DAG(s) dict_keys(['example_dag_basic']) retrieved from /opt/airflow/dags/exemple_dag_basic.py
[2023-04-15T12:52:54.140+0000] {logging_mixin.py:137} INFO - [2023-04-15T12:52:54.140+0000] {dag.py:2693} INFO - Sync 1 DAGs
[2023-04-15T12:52:54.163+0000] {logging_mixin.py:137} INFO - [2023-04-15T12:52:54.162+0000] {dag.py:3444} INFO - Setting next_dagrun for example_dag_basic to 2023-04-15T00:00:00+00:00, run_after=2023-04-16T00:00:00+00:00
[2023-04-15T12:52:54.176+0000] {processor.py:175} INFO - Processing /opt/airflow/dags/exemple_dag_basic.py took 0.108 seconds
[2023-04-15T12:53:24.516+0000] {processor.py:153} INFO - Started process (PID=7774) to work on /opt/airflow/dags/exemple_dag_basic.py
[2023-04-15T12:53:24.519+0000] {processor.py:743} INFO - Processing file /opt/airflow/dags/exemple_dag_basic.py for tasks to queue
[2023-04-15T12:53:24.520+0000] {logging_mixin.py:137} INFO - [2023-04-15T12:53:24.520+0000] {dagbag.py:532} INFO - Filling up the DagBag from /opt/airflow/dags/exemple_dag_basic.py
[2023-04-15T12:53:24.552+0000] {processor.py:753} INFO - DAG(s) dict_keys(['example_dag_basic']) retrieved from /opt/airflow/dags/exemple_dag_basic.py
[2023-04-15T12:53:24.574+0000] {logging_mixin.py:137} INFO - [2023-04-15T12:53:24.573+0000] {dag.py:2693} INFO - Sync 1 DAGs
[2023-04-15T12:53:24.591+0000] {logging_mixin.py:137} INFO - [2023-04-15T12:53:24.591+0000] {dag.py:3444} INFO - Setting next_dagrun for example_dag_basic to 2023-04-15T00:00:00+00:00, run_after=2023-04-16T00:00:00+00:00
[2023-04-15T12:53:24.602+0000] {processor.py:175} INFO - Processing /opt/airflow/dags/exemple_dag_basic.py took 0.092 seconds
[2023-04-15T12:53:54.760+0000] {processor.py:153} INFO - Started process (PID=7828) to work on /opt/airflow/dags/exemple_dag_basic.py
[2023-04-15T12:53:54.762+0000] {processor.py:743} INFO - Processing file /opt/airflow/dags/exemple_dag_basic.py for tasks to queue
[2023-04-15T12:53:54.763+0000] {logging_mixin.py:137} INFO - [2023-04-15T12:53:54.763+0000] {dagbag.py:532} INFO - Filling up the DagBag from /opt/airflow/dags/exemple_dag_basic.py
[2023-04-15T12:53:54.801+0000] {processor.py:753} INFO - DAG(s) dict_keys(['example_dag_basic']) retrieved from /opt/airflow/dags/exemple_dag_basic.py
[2023-04-15T12:53:54.827+0000] {logging_mixin.py:137} INFO - [2023-04-15T12:53:54.826+0000] {dag.py:2693} INFO - Sync 1 DAGs
[2023-04-15T12:53:54.847+0000] {logging_mixin.py:137} INFO - [2023-04-15T12:53:54.847+0000] {dag.py:3444} INFO - Setting next_dagrun for example_dag_basic to 2023-04-15T00:00:00+00:00, run_after=2023-04-16T00:00:00+00:00
[2023-04-15T12:53:54.860+0000] {processor.py:175} INFO - Processing /opt/airflow/dags/exemple_dag_basic.py took 0.110 seconds
[2023-04-15T12:54:24.963+0000] {processor.py:153} INFO - Started process (PID=7882) to work on /opt/airflow/dags/exemple_dag_basic.py
[2023-04-15T12:54:24.966+0000] {processor.py:743} INFO - Processing file /opt/airflow/dags/exemple_dag_basic.py for tasks to queue
[2023-04-15T12:54:24.968+0000] {logging_mixin.py:137} INFO - [2023-04-15T12:54:24.968+0000] {dagbag.py:532} INFO - Filling up the DagBag from /opt/airflow/dags/exemple_dag_basic.py
[2023-04-15T12:54:25.004+0000] {processor.py:753} INFO - DAG(s) dict_keys(['example_dag_basic']) retrieved from /opt/airflow/dags/exemple_dag_basic.py
[2023-04-15T12:54:25.029+0000] {logging_mixin.py:137} INFO - [2023-04-15T12:54:25.029+0000] {dag.py:2693} INFO - Sync 1 DAGs
[2023-04-15T12:54:25.051+0000] {logging_mixin.py:137} INFO - [2023-04-15T12:54:25.051+0000] {dag.py:3444} INFO - Setting next_dagrun for example_dag_basic to 2023-04-15T00:00:00+00:00, run_after=2023-04-16T00:00:00+00:00
[2023-04-15T12:54:25.064+0000] {processor.py:175} INFO - Processing /opt/airflow/dags/exemple_dag_basic.py took 0.108 seconds
[2023-04-15T12:54:55.198+0000] {processor.py:153} INFO - Started process (PID=7936) to work on /opt/airflow/dags/exemple_dag_basic.py
[2023-04-15T12:54:55.202+0000] {processor.py:743} INFO - Processing file /opt/airflow/dags/exemple_dag_basic.py for tasks to queue
[2023-04-15T12:54:55.204+0000] {logging_mixin.py:137} INFO - [2023-04-15T12:54:55.204+0000] {dagbag.py:532} INFO - Filling up the DagBag from /opt/airflow/dags/exemple_dag_basic.py
[2023-04-15T12:54:55.261+0000] {processor.py:753} INFO - DAG(s) dict_keys(['example_dag_basic']) retrieved from /opt/airflow/dags/exemple_dag_basic.py
[2023-04-15T12:54:55.291+0000] {logging_mixin.py:137} INFO - [2023-04-15T12:54:55.291+0000] {dag.py:2693} INFO - Sync 1 DAGs
[2023-04-15T12:54:55.316+0000] {logging_mixin.py:137} INFO - [2023-04-15T12:54:55.315+0000] {dag.py:3444} INFO - Setting next_dagrun for example_dag_basic to 2023-04-15T00:00:00+00:00, run_after=2023-04-16T00:00:00+00:00
[2023-04-15T12:54:55.332+0000] {processor.py:175} INFO - Processing /opt/airflow/dags/exemple_dag_basic.py took 0.150 seconds
