[2023-04-30T00:08:47.785+0000] {processor.py:153} INFO - Started process (PID=2335) to work on /home/airflow/.local/lib/python3.7/site-packages/airflow/example_dags/example_sensors.py
[2023-04-30T00:08:47.789+0000] {processor.py:743} INFO - Processing file /home/airflow/.local/lib/python3.7/site-packages/airflow/example_dags/example_sensors.py for tasks to queue
[2023-04-30T00:08:47.794+0000] {logging_mixin.py:137} INFO - [2023-04-30T00:08:47.794+0000] {dagbag.py:532} INFO - Filling up the DagBag from /home/airflow/.local/lib/python3.7/site-packages/airflow/example_dags/example_sensors.py
[2023-04-30T00:08:47.814+0000] {processor.py:753} INFO - DAG(s) dict_keys(['example_sensors']) retrieved from /home/airflow/.local/lib/python3.7/site-packages/airflow/example_dags/example_sensors.py
[2023-04-30T00:08:47.840+0000] {logging_mixin.py:137} INFO - [2023-04-30T00:08:47.840+0000] {dag.py:2693} INFO - Sync 1 DAGs
[2023-04-30T00:08:47.878+0000] {logging_mixin.py:137} INFO - [2023-04-30T00:08:47.877+0000] {dag.py:3444} INFO - Setting next_dagrun for example_sensors to None, run_after=None
[2023-04-30T00:08:47.890+0000] {processor.py:175} INFO - Processing /home/airflow/.local/lib/python3.7/site-packages/airflow/example_dags/example_sensors.py took 0.116 seconds
[2023-04-30T00:19:54.890+0000] {processor.py:153} INFO - Started process (PID=2386) to work on /home/airflow/.local/lib/python3.7/site-packages/airflow/example_dags/example_sensors.py
[2023-04-30T00:19:54.891+0000] {processor.py:743} INFO - Processing file /home/airflow/.local/lib/python3.7/site-packages/airflow/example_dags/example_sensors.py for tasks to queue
[2023-04-30T00:19:54.892+0000] {logging_mixin.py:137} INFO - [2023-04-30T00:19:54.892+0000] {dagbag.py:532} INFO - Filling up the DagBag from /home/airflow/.local/lib/python3.7/site-packages/airflow/example_dags/example_sensors.py
[2023-04-30T00:19:54.907+0000] {processor.py:753} INFO - DAG(s) dict_keys(['example_sensors']) retrieved from /home/airflow/.local/lib/python3.7/site-packages/airflow/example_dags/example_sensors.py
[2023-04-30T00:19:54.937+0000] {logging_mixin.py:137} INFO - [2023-04-30T00:19:54.937+0000] {dag.py:2693} INFO - Sync 1 DAGs
[2023-04-30T00:19:54.964+0000] {logging_mixin.py:137} INFO - [2023-04-30T00:19:54.963+0000] {dag.py:3444} INFO - Setting next_dagrun for example_sensors to None, run_after=None
[2023-04-30T00:19:54.982+0000] {processor.py:175} INFO - Processing /home/airflow/.local/lib/python3.7/site-packages/airflow/example_dags/example_sensors.py took 0.095 seconds
[2023-04-30T00:20:25.963+0000] {processor.py:153} INFO - Started process (PID=2437) to work on /home/airflow/.local/lib/python3.7/site-packages/airflow/example_dags/example_sensors.py
[2023-04-30T00:20:25.964+0000] {processor.py:743} INFO - Processing file /home/airflow/.local/lib/python3.7/site-packages/airflow/example_dags/example_sensors.py for tasks to queue
[2023-04-30T00:20:25.964+0000] {logging_mixin.py:137} INFO - [2023-04-30T00:20:25.964+0000] {dagbag.py:532} INFO - Filling up the DagBag from /home/airflow/.local/lib/python3.7/site-packages/airflow/example_dags/example_sensors.py
[2023-04-30T00:20:25.978+0000] {processor.py:753} INFO - DAG(s) dict_keys(['example_sensors']) retrieved from /home/airflow/.local/lib/python3.7/site-packages/airflow/example_dags/example_sensors.py
[2023-04-30T00:20:25.999+0000] {logging_mixin.py:137} INFO - [2023-04-30T00:20:25.999+0000] {dag.py:2693} INFO - Sync 1 DAGs
[2023-04-30T00:20:26.014+0000] {logging_mixin.py:137} INFO - [2023-04-30T00:20:26.014+0000] {dag.py:3444} INFO - Setting next_dagrun for example_sensors to None, run_after=None
[2023-04-30T00:20:26.026+0000] {processor.py:175} INFO - Processing /home/airflow/.local/lib/python3.7/site-packages/airflow/example_dags/example_sensors.py took 0.066 seconds
[2023-04-30T00:20:56.410+0000] {processor.py:153} INFO - Started process (PID=2488) to work on /home/airflow/.local/lib/python3.7/site-packages/airflow/example_dags/example_sensors.py
[2023-04-30T00:20:56.412+0000] {processor.py:743} INFO - Processing file /home/airflow/.local/lib/python3.7/site-packages/airflow/example_dags/example_sensors.py for tasks to queue
[2023-04-30T00:20:56.413+0000] {logging_mixin.py:137} INFO - [2023-04-30T00:20:56.413+0000] {dagbag.py:532} INFO - Filling up the DagBag from /home/airflow/.local/lib/python3.7/site-packages/airflow/example_dags/example_sensors.py
[2023-04-30T00:20:56.427+0000] {processor.py:753} INFO - DAG(s) dict_keys(['example_sensors']) retrieved from /home/airflow/.local/lib/python3.7/site-packages/airflow/example_dags/example_sensors.py
[2023-04-30T00:20:56.450+0000] {logging_mixin.py:137} INFO - [2023-04-30T00:20:56.449+0000] {dag.py:2693} INFO - Sync 1 DAGs
[2023-04-30T00:20:56.465+0000] {logging_mixin.py:137} INFO - [2023-04-30T00:20:56.465+0000] {dag.py:3444} INFO - Setting next_dagrun for example_sensors to None, run_after=None
[2023-04-30T00:20:56.479+0000] {processor.py:175} INFO - Processing /home/airflow/.local/lib/python3.7/site-packages/airflow/example_dags/example_sensors.py took 0.072 seconds
[2023-04-30T00:21:27.406+0000] {processor.py:153} INFO - Started process (PID=2539) to work on /home/airflow/.local/lib/python3.7/site-packages/airflow/example_dags/example_sensors.py
[2023-04-30T00:21:27.408+0000] {processor.py:743} INFO - Processing file /home/airflow/.local/lib/python3.7/site-packages/airflow/example_dags/example_sensors.py for tasks to queue
[2023-04-30T00:21:27.409+0000] {logging_mixin.py:137} INFO - [2023-04-30T00:21:27.409+0000] {dagbag.py:532} INFO - Filling up the DagBag from /home/airflow/.local/lib/python3.7/site-packages/airflow/example_dags/example_sensors.py
[2023-04-30T00:21:27.424+0000] {processor.py:753} INFO - DAG(s) dict_keys(['example_sensors']) retrieved from /home/airflow/.local/lib/python3.7/site-packages/airflow/example_dags/example_sensors.py
[2023-04-30T00:21:27.445+0000] {logging_mixin.py:137} INFO - [2023-04-30T00:21:27.444+0000] {dag.py:2693} INFO - Sync 1 DAGs
[2023-04-30T00:21:27.460+0000] {logging_mixin.py:137} INFO - [2023-04-30T00:21:27.460+0000] {dag.py:3444} INFO - Setting next_dagrun for example_sensors to None, run_after=None
[2023-04-30T00:21:27.471+0000] {processor.py:175} INFO - Processing /home/airflow/.local/lib/python3.7/site-packages/airflow/example_dags/example_sensors.py took 0.068 seconds
[2023-04-30T00:21:58.199+0000] {processor.py:153} INFO - Started process (PID=2590) to work on /home/airflow/.local/lib/python3.7/site-packages/airflow/example_dags/example_sensors.py
[2023-04-30T00:21:58.202+0000] {processor.py:743} INFO - Processing file /home/airflow/.local/lib/python3.7/site-packages/airflow/example_dags/example_sensors.py for tasks to queue
[2023-04-30T00:21:58.202+0000] {logging_mixin.py:137} INFO - [2023-04-30T00:21:58.202+0000] {dagbag.py:532} INFO - Filling up the DagBag from /home/airflow/.local/lib/python3.7/site-packages/airflow/example_dags/example_sensors.py
[2023-04-30T00:21:58.217+0000] {processor.py:753} INFO - DAG(s) dict_keys(['example_sensors']) retrieved from /home/airflow/.local/lib/python3.7/site-packages/airflow/example_dags/example_sensors.py
[2023-04-30T00:21:58.241+0000] {logging_mixin.py:137} INFO - [2023-04-30T00:21:58.241+0000] {dag.py:2693} INFO - Sync 1 DAGs
[2023-04-30T00:21:58.261+0000] {logging_mixin.py:137} INFO - [2023-04-30T00:21:58.261+0000] {dag.py:3444} INFO - Setting next_dagrun for example_sensors to None, run_after=None
[2023-04-30T00:21:58.276+0000] {processor.py:175} INFO - Processing /home/airflow/.local/lib/python3.7/site-packages/airflow/example_dags/example_sensors.py took 0.080 seconds
[2023-04-30T00:22:29.181+0000] {processor.py:153} INFO - Started process (PID=2641) to work on /home/airflow/.local/lib/python3.7/site-packages/airflow/example_dags/example_sensors.py
[2023-04-30T00:22:29.182+0000] {processor.py:743} INFO - Processing file /home/airflow/.local/lib/python3.7/site-packages/airflow/example_dags/example_sensors.py for tasks to queue
[2023-04-30T00:22:29.183+0000] {logging_mixin.py:137} INFO - [2023-04-30T00:22:29.183+0000] {dagbag.py:532} INFO - Filling up the DagBag from /home/airflow/.local/lib/python3.7/site-packages/airflow/example_dags/example_sensors.py
[2023-04-30T00:22:29.197+0000] {processor.py:753} INFO - DAG(s) dict_keys(['example_sensors']) retrieved from /home/airflow/.local/lib/python3.7/site-packages/airflow/example_dags/example_sensors.py
[2023-04-30T00:22:29.226+0000] {logging_mixin.py:137} INFO - [2023-04-30T00:22:29.226+0000] {dag.py:2693} INFO - Sync 1 DAGs
[2023-04-30T00:22:29.252+0000] {logging_mixin.py:137} INFO - [2023-04-30T00:22:29.251+0000] {dag.py:3444} INFO - Setting next_dagrun for example_sensors to None, run_after=None
[2023-04-30T00:22:29.266+0000] {processor.py:175} INFO - Processing /home/airflow/.local/lib/python3.7/site-packages/airflow/example_dags/example_sensors.py took 0.088 seconds
[2023-04-30T00:22:59.699+0000] {processor.py:153} INFO - Started process (PID=2692) to work on /home/airflow/.local/lib/python3.7/site-packages/airflow/example_dags/example_sensors.py
[2023-04-30T00:22:59.700+0000] {processor.py:743} INFO - Processing file /home/airflow/.local/lib/python3.7/site-packages/airflow/example_dags/example_sensors.py for tasks to queue
[2023-04-30T00:22:59.701+0000] {logging_mixin.py:137} INFO - [2023-04-30T00:22:59.701+0000] {dagbag.py:532} INFO - Filling up the DagBag from /home/airflow/.local/lib/python3.7/site-packages/airflow/example_dags/example_sensors.py
[2023-04-30T00:22:59.716+0000] {processor.py:753} INFO - DAG(s) dict_keys(['example_sensors']) retrieved from /home/airflow/.local/lib/python3.7/site-packages/airflow/example_dags/example_sensors.py
[2023-04-30T00:22:59.738+0000] {logging_mixin.py:137} INFO - [2023-04-30T00:22:59.737+0000] {dag.py:2693} INFO - Sync 1 DAGs
[2023-04-30T00:22:59.755+0000] {logging_mixin.py:137} INFO - [2023-04-30T00:22:59.755+0000] {dag.py:3444} INFO - Setting next_dagrun for example_sensors to None, run_after=None
[2023-04-30T00:22:59.766+0000] {processor.py:175} INFO - Processing /home/airflow/.local/lib/python3.7/site-packages/airflow/example_dags/example_sensors.py took 0.070 seconds
[2023-04-30T00:23:30.138+0000] {processor.py:153} INFO - Started process (PID=2743) to work on /home/airflow/.local/lib/python3.7/site-packages/airflow/example_dags/example_sensors.py
[2023-04-30T00:23:30.140+0000] {processor.py:743} INFO - Processing file /home/airflow/.local/lib/python3.7/site-packages/airflow/example_dags/example_sensors.py for tasks to queue
[2023-04-30T00:23:30.140+0000] {logging_mixin.py:137} INFO - [2023-04-30T00:23:30.140+0000] {dagbag.py:532} INFO - Filling up the DagBag from /home/airflow/.local/lib/python3.7/site-packages/airflow/example_dags/example_sensors.py
[2023-04-30T00:23:30.153+0000] {processor.py:753} INFO - DAG(s) dict_keys(['example_sensors']) retrieved from /home/airflow/.local/lib/python3.7/site-packages/airflow/example_dags/example_sensors.py
[2023-04-30T00:23:30.174+0000] {logging_mixin.py:137} INFO - [2023-04-30T00:23:30.174+0000] {dag.py:2693} INFO - Sync 1 DAGs
[2023-04-30T00:23:30.189+0000] {logging_mixin.py:137} INFO - [2023-04-30T00:23:30.189+0000] {dag.py:3444} INFO - Setting next_dagrun for example_sensors to None, run_after=None
[2023-04-30T00:23:30.199+0000] {processor.py:175} INFO - Processing /home/airflow/.local/lib/python3.7/site-packages/airflow/example_dags/example_sensors.py took 0.064 seconds
[2023-04-30T00:24:00.700+0000] {processor.py:153} INFO - Started process (PID=2793) to work on /home/airflow/.local/lib/python3.7/site-packages/airflow/example_dags/example_sensors.py
[2023-04-30T00:24:00.701+0000] {processor.py:743} INFO - Processing file /home/airflow/.local/lib/python3.7/site-packages/airflow/example_dags/example_sensors.py for tasks to queue
[2023-04-30T00:24:00.702+0000] {logging_mixin.py:137} INFO - [2023-04-30T00:24:00.702+0000] {dagbag.py:532} INFO - Filling up the DagBag from /home/airflow/.local/lib/python3.7/site-packages/airflow/example_dags/example_sensors.py
[2023-04-30T00:24:00.716+0000] {processor.py:753} INFO - DAG(s) dict_keys(['example_sensors']) retrieved from /home/airflow/.local/lib/python3.7/site-packages/airflow/example_dags/example_sensors.py
[2023-04-30T00:24:00.738+0000] {logging_mixin.py:137} INFO - [2023-04-30T00:24:00.738+0000] {dag.py:2693} INFO - Sync 1 DAGs
[2023-04-30T00:24:00.754+0000] {logging_mixin.py:137} INFO - [2023-04-30T00:24:00.754+0000] {dag.py:3444} INFO - Setting next_dagrun for example_sensors to None, run_after=None
[2023-04-30T00:24:00.766+0000] {processor.py:175} INFO - Processing /home/airflow/.local/lib/python3.7/site-packages/airflow/example_dags/example_sensors.py took 0.069 seconds
[2023-04-30T00:24:31.391+0000] {processor.py:153} INFO - Started process (PID=2843) to work on /home/airflow/.local/lib/python3.7/site-packages/airflow/example_dags/example_sensors.py
[2023-04-30T00:24:31.392+0000] {processor.py:743} INFO - Processing file /home/airflow/.local/lib/python3.7/site-packages/airflow/example_dags/example_sensors.py for tasks to queue
[2023-04-30T00:24:31.393+0000] {logging_mixin.py:137} INFO - [2023-04-30T00:24:31.393+0000] {dagbag.py:532} INFO - Filling up the DagBag from /home/airflow/.local/lib/python3.7/site-packages/airflow/example_dags/example_sensors.py
[2023-04-30T00:24:31.407+0000] {processor.py:753} INFO - DAG(s) dict_keys(['example_sensors']) retrieved from /home/airflow/.local/lib/python3.7/site-packages/airflow/example_dags/example_sensors.py
[2023-04-30T00:24:31.429+0000] {logging_mixin.py:137} INFO - [2023-04-30T00:24:31.429+0000] {dag.py:2693} INFO - Sync 1 DAGs
[2023-04-30T00:24:31.445+0000] {logging_mixin.py:137} INFO - [2023-04-30T00:24:31.445+0000] {dag.py:3444} INFO - Setting next_dagrun for example_sensors to None, run_after=None
[2023-04-30T00:24:31.457+0000] {processor.py:175} INFO - Processing /home/airflow/.local/lib/python3.7/site-packages/airflow/example_dags/example_sensors.py took 0.069 seconds
[2023-04-30T00:25:02.236+0000] {processor.py:153} INFO - Started process (PID=2900) to work on /home/airflow/.local/lib/python3.7/site-packages/airflow/example_dags/example_sensors.py
[2023-04-30T00:25:02.237+0000] {processor.py:743} INFO - Processing file /home/airflow/.local/lib/python3.7/site-packages/airflow/example_dags/example_sensors.py for tasks to queue
[2023-04-30T00:25:02.238+0000] {logging_mixin.py:137} INFO - [2023-04-30T00:25:02.238+0000] {dagbag.py:532} INFO - Filling up the DagBag from /home/airflow/.local/lib/python3.7/site-packages/airflow/example_dags/example_sensors.py
[2023-04-30T00:25:02.252+0000] {processor.py:753} INFO - DAG(s) dict_keys(['example_sensors']) retrieved from /home/airflow/.local/lib/python3.7/site-packages/airflow/example_dags/example_sensors.py
[2023-04-30T00:25:02.274+0000] {logging_mixin.py:137} INFO - [2023-04-30T00:25:02.274+0000] {dag.py:2693} INFO - Sync 1 DAGs
[2023-04-30T00:25:02.289+0000] {logging_mixin.py:137} INFO - [2023-04-30T00:25:02.289+0000] {dag.py:3444} INFO - Setting next_dagrun for example_sensors to None, run_after=None
[2023-04-30T00:25:02.301+0000] {processor.py:175} INFO - Processing /home/airflow/.local/lib/python3.7/site-packages/airflow/example_dags/example_sensors.py took 0.068 seconds
[2023-04-30T00:25:32.730+0000] {processor.py:153} INFO - Started process (PID=2951) to work on /home/airflow/.local/lib/python3.7/site-packages/airflow/example_dags/example_sensors.py
[2023-04-30T00:25:32.731+0000] {processor.py:743} INFO - Processing file /home/airflow/.local/lib/python3.7/site-packages/airflow/example_dags/example_sensors.py for tasks to queue
[2023-04-30T00:25:32.732+0000] {logging_mixin.py:137} INFO - [2023-04-30T00:25:32.732+0000] {dagbag.py:532} INFO - Filling up the DagBag from /home/airflow/.local/lib/python3.7/site-packages/airflow/example_dags/example_sensors.py
[2023-04-30T00:25:32.745+0000] {processor.py:753} INFO - DAG(s) dict_keys(['example_sensors']) retrieved from /home/airflow/.local/lib/python3.7/site-packages/airflow/example_dags/example_sensors.py
[2023-04-30T00:25:32.767+0000] {logging_mixin.py:137} INFO - [2023-04-30T00:25:32.767+0000] {dag.py:2693} INFO - Sync 1 DAGs
[2023-04-30T00:25:32.784+0000] {logging_mixin.py:137} INFO - [2023-04-30T00:25:32.784+0000] {dag.py:3444} INFO - Setting next_dagrun for example_sensors to None, run_after=None
[2023-04-30T00:25:32.797+0000] {processor.py:175} INFO - Processing /home/airflow/.local/lib/python3.7/site-packages/airflow/example_dags/example_sensors.py took 0.070 seconds
[2023-04-30T00:26:03.284+0000] {processor.py:153} INFO - Started process (PID=3003) to work on /home/airflow/.local/lib/python3.7/site-packages/airflow/example_dags/example_sensors.py
[2023-04-30T00:26:03.286+0000] {processor.py:743} INFO - Processing file /home/airflow/.local/lib/python3.7/site-packages/airflow/example_dags/example_sensors.py for tasks to queue
[2023-04-30T00:26:03.286+0000] {logging_mixin.py:137} INFO - [2023-04-30T00:26:03.286+0000] {dagbag.py:532} INFO - Filling up the DagBag from /home/airflow/.local/lib/python3.7/site-packages/airflow/example_dags/example_sensors.py
[2023-04-30T00:26:03.301+0000] {processor.py:753} INFO - DAG(s) dict_keys(['example_sensors']) retrieved from /home/airflow/.local/lib/python3.7/site-packages/airflow/example_dags/example_sensors.py
[2023-04-30T00:26:03.322+0000] {logging_mixin.py:137} INFO - [2023-04-30T00:26:03.322+0000] {dag.py:2693} INFO - Sync 1 DAGs
[2023-04-30T00:26:03.338+0000] {logging_mixin.py:137} INFO - [2023-04-30T00:26:03.338+0000] {dag.py:3444} INFO - Setting next_dagrun for example_sensors to None, run_after=None
[2023-04-30T00:26:03.349+0000] {processor.py:175} INFO - Processing /home/airflow/.local/lib/python3.7/site-packages/airflow/example_dags/example_sensors.py took 0.067 seconds
[2023-04-30T00:26:34.004+0000] {processor.py:153} INFO - Started process (PID=3054) to work on /home/airflow/.local/lib/python3.7/site-packages/airflow/example_dags/example_sensors.py
[2023-04-30T00:26:34.005+0000] {processor.py:743} INFO - Processing file /home/airflow/.local/lib/python3.7/site-packages/airflow/example_dags/example_sensors.py for tasks to queue
[2023-04-30T00:26:34.006+0000] {logging_mixin.py:137} INFO - [2023-04-30T00:26:34.006+0000] {dagbag.py:532} INFO - Filling up the DagBag from /home/airflow/.local/lib/python3.7/site-packages/airflow/example_dags/example_sensors.py
[2023-04-30T00:26:34.021+0000] {processor.py:753} INFO - DAG(s) dict_keys(['example_sensors']) retrieved from /home/airflow/.local/lib/python3.7/site-packages/airflow/example_dags/example_sensors.py
[2023-04-30T00:26:34.042+0000] {logging_mixin.py:137} INFO - [2023-04-30T00:26:34.042+0000] {dag.py:2693} INFO - Sync 1 DAGs
[2023-04-30T00:26:34.056+0000] {logging_mixin.py:137} INFO - [2023-04-30T00:26:34.056+0000] {dag.py:3444} INFO - Setting next_dagrun for example_sensors to None, run_after=None
[2023-04-30T00:26:34.067+0000] {processor.py:175} INFO - Processing /home/airflow/.local/lib/python3.7/site-packages/airflow/example_dags/example_sensors.py took 0.066 seconds
[2023-04-30T00:27:04.564+0000] {processor.py:153} INFO - Started process (PID=3105) to work on /home/airflow/.local/lib/python3.7/site-packages/airflow/example_dags/example_sensors.py
[2023-04-30T00:27:04.565+0000] {processor.py:743} INFO - Processing file /home/airflow/.local/lib/python3.7/site-packages/airflow/example_dags/example_sensors.py for tasks to queue
[2023-04-30T00:27:04.566+0000] {logging_mixin.py:137} INFO - [2023-04-30T00:27:04.566+0000] {dagbag.py:532} INFO - Filling up the DagBag from /home/airflow/.local/lib/python3.7/site-packages/airflow/example_dags/example_sensors.py
[2023-04-30T00:27:04.583+0000] {processor.py:753} INFO - DAG(s) dict_keys(['example_sensors']) retrieved from /home/airflow/.local/lib/python3.7/site-packages/airflow/example_dags/example_sensors.py
[2023-04-30T00:27:04.607+0000] {logging_mixin.py:137} INFO - [2023-04-30T00:27:04.607+0000] {dag.py:2693} INFO - Sync 1 DAGs
[2023-04-30T00:27:04.623+0000] {logging_mixin.py:137} INFO - [2023-04-30T00:27:04.623+0000] {dag.py:3444} INFO - Setting next_dagrun for example_sensors to None, run_after=None
[2023-04-30T00:27:04.636+0000] {processor.py:175} INFO - Processing /home/airflow/.local/lib/python3.7/site-packages/airflow/example_dags/example_sensors.py took 0.075 seconds
[2023-04-30T00:27:35.315+0000] {processor.py:153} INFO - Started process (PID=3156) to work on /home/airflow/.local/lib/python3.7/site-packages/airflow/example_dags/example_sensors.py
[2023-04-30T00:27:35.319+0000] {processor.py:743} INFO - Processing file /home/airflow/.local/lib/python3.7/site-packages/airflow/example_dags/example_sensors.py for tasks to queue
[2023-04-30T00:27:35.321+0000] {logging_mixin.py:137} INFO - [2023-04-30T00:27:35.321+0000] {dagbag.py:532} INFO - Filling up the DagBag from /home/airflow/.local/lib/python3.7/site-packages/airflow/example_dags/example_sensors.py
[2023-04-30T00:27:35.342+0000] {processor.py:753} INFO - DAG(s) dict_keys(['example_sensors']) retrieved from /home/airflow/.local/lib/python3.7/site-packages/airflow/example_dags/example_sensors.py
[2023-04-30T00:27:35.371+0000] {logging_mixin.py:137} INFO - [2023-04-30T00:27:35.371+0000] {dag.py:2693} INFO - Sync 1 DAGs
[2023-04-30T00:27:35.395+0000] {logging_mixin.py:137} INFO - [2023-04-30T00:27:35.394+0000] {dag.py:3444} INFO - Setting next_dagrun for example_sensors to None, run_after=None
[2023-04-30T00:27:35.408+0000] {processor.py:175} INFO - Processing /home/airflow/.local/lib/python3.7/site-packages/airflow/example_dags/example_sensors.py took 0.102 seconds
[2023-04-30T00:28:05.648+0000] {processor.py:153} INFO - Started process (PID=3207) to work on /home/airflow/.local/lib/python3.7/site-packages/airflow/example_dags/example_sensors.py
[2023-04-30T00:28:05.650+0000] {processor.py:743} INFO - Processing file /home/airflow/.local/lib/python3.7/site-packages/airflow/example_dags/example_sensors.py for tasks to queue
[2023-04-30T00:28:05.651+0000] {logging_mixin.py:137} INFO - [2023-04-30T00:28:05.651+0000] {dagbag.py:532} INFO - Filling up the DagBag from /home/airflow/.local/lib/python3.7/site-packages/airflow/example_dags/example_sensors.py
[2023-04-30T00:28:05.665+0000] {processor.py:753} INFO - DAG(s) dict_keys(['example_sensors']) retrieved from /home/airflow/.local/lib/python3.7/site-packages/airflow/example_dags/example_sensors.py
[2023-04-30T00:28:05.685+0000] {logging_mixin.py:137} INFO - [2023-04-30T00:28:05.685+0000] {dag.py:2693} INFO - Sync 1 DAGs
[2023-04-30T00:28:05.702+0000] {logging_mixin.py:137} INFO - [2023-04-30T00:28:05.702+0000] {dag.py:3444} INFO - Setting next_dagrun for example_sensors to None, run_after=None
[2023-04-30T00:28:05.713+0000] {processor.py:175} INFO - Processing /home/airflow/.local/lib/python3.7/site-packages/airflow/example_dags/example_sensors.py took 0.069 seconds
[2023-04-30T00:28:36.662+0000] {processor.py:153} INFO - Started process (PID=3258) to work on /home/airflow/.local/lib/python3.7/site-packages/airflow/example_dags/example_sensors.py
[2023-04-30T00:28:36.663+0000] {processor.py:743} INFO - Processing file /home/airflow/.local/lib/python3.7/site-packages/airflow/example_dags/example_sensors.py for tasks to queue
[2023-04-30T00:28:36.664+0000] {logging_mixin.py:137} INFO - [2023-04-30T00:28:36.664+0000] {dagbag.py:532} INFO - Filling up the DagBag from /home/airflow/.local/lib/python3.7/site-packages/airflow/example_dags/example_sensors.py
[2023-04-30T00:28:36.678+0000] {processor.py:753} INFO - DAG(s) dict_keys(['example_sensors']) retrieved from /home/airflow/.local/lib/python3.7/site-packages/airflow/example_dags/example_sensors.py
[2023-04-30T00:28:36.699+0000] {logging_mixin.py:137} INFO - [2023-04-30T00:28:36.699+0000] {dag.py:2693} INFO - Sync 1 DAGs
[2023-04-30T00:28:36.720+0000] {logging_mixin.py:137} INFO - [2023-04-30T00:28:36.720+0000] {dag.py:3444} INFO - Setting next_dagrun for example_sensors to None, run_after=None
[2023-04-30T00:28:36.734+0000] {processor.py:175} INFO - Processing /home/airflow/.local/lib/python3.7/site-packages/airflow/example_dags/example_sensors.py took 0.077 seconds
[2023-04-30T00:29:07.681+0000] {processor.py:153} INFO - Started process (PID=3309) to work on /home/airflow/.local/lib/python3.7/site-packages/airflow/example_dags/example_sensors.py
[2023-04-30T00:29:07.683+0000] {processor.py:743} INFO - Processing file /home/airflow/.local/lib/python3.7/site-packages/airflow/example_dags/example_sensors.py for tasks to queue
[2023-04-30T00:29:07.683+0000] {logging_mixin.py:137} INFO - [2023-04-30T00:29:07.683+0000] {dagbag.py:532} INFO - Filling up the DagBag from /home/airflow/.local/lib/python3.7/site-packages/airflow/example_dags/example_sensors.py
[2023-04-30T00:29:07.698+0000] {processor.py:753} INFO - DAG(s) dict_keys(['example_sensors']) retrieved from /home/airflow/.local/lib/python3.7/site-packages/airflow/example_dags/example_sensors.py
[2023-04-30T00:29:07.726+0000] {logging_mixin.py:137} INFO - [2023-04-30T00:29:07.726+0000] {dag.py:2693} INFO - Sync 1 DAGs
[2023-04-30T00:29:07.745+0000] {logging_mixin.py:137} INFO - [2023-04-30T00:29:07.745+0000] {dag.py:3444} INFO - Setting next_dagrun for example_sensors to None, run_after=None
[2023-04-30T00:29:07.758+0000] {processor.py:175} INFO - Processing /home/airflow/.local/lib/python3.7/site-packages/airflow/example_dags/example_sensors.py took 0.079 seconds
[2023-04-30T00:29:38.381+0000] {processor.py:153} INFO - Started process (PID=3359) to work on /home/airflow/.local/lib/python3.7/site-packages/airflow/example_dags/example_sensors.py
[2023-04-30T00:29:38.382+0000] {processor.py:743} INFO - Processing file /home/airflow/.local/lib/python3.7/site-packages/airflow/example_dags/example_sensors.py for tasks to queue
[2023-04-30T00:29:38.383+0000] {logging_mixin.py:137} INFO - [2023-04-30T00:29:38.383+0000] {dagbag.py:532} INFO - Filling up the DagBag from /home/airflow/.local/lib/python3.7/site-packages/airflow/example_dags/example_sensors.py
[2023-04-30T00:29:38.399+0000] {processor.py:753} INFO - DAG(s) dict_keys(['example_sensors']) retrieved from /home/airflow/.local/lib/python3.7/site-packages/airflow/example_dags/example_sensors.py
[2023-04-30T00:29:38.422+0000] {logging_mixin.py:137} INFO - [2023-04-30T00:29:38.422+0000] {dag.py:2693} INFO - Sync 1 DAGs
[2023-04-30T00:29:38.444+0000] {logging_mixin.py:137} INFO - [2023-04-30T00:29:38.444+0000] {dag.py:3444} INFO - Setting next_dagrun for example_sensors to None, run_after=None
[2023-04-30T00:29:38.459+0000] {processor.py:175} INFO - Processing /home/airflow/.local/lib/python3.7/site-packages/airflow/example_dags/example_sensors.py took 0.083 seconds
[2023-04-30T00:30:08.988+0000] {processor.py:153} INFO - Started process (PID=3410) to work on /home/airflow/.local/lib/python3.7/site-packages/airflow/example_dags/example_sensors.py
[2023-04-30T00:30:08.989+0000] {processor.py:743} INFO - Processing file /home/airflow/.local/lib/python3.7/site-packages/airflow/example_dags/example_sensors.py for tasks to queue
[2023-04-30T00:30:08.990+0000] {logging_mixin.py:137} INFO - [2023-04-30T00:30:08.990+0000] {dagbag.py:532} INFO - Filling up the DagBag from /home/airflow/.local/lib/python3.7/site-packages/airflow/example_dags/example_sensors.py
[2023-04-30T00:30:09.004+0000] {processor.py:753} INFO - DAG(s) dict_keys(['example_sensors']) retrieved from /home/airflow/.local/lib/python3.7/site-packages/airflow/example_dags/example_sensors.py
[2023-04-30T00:30:09.025+0000] {logging_mixin.py:137} INFO - [2023-04-30T00:30:09.025+0000] {dag.py:2693} INFO - Sync 1 DAGs
[2023-04-30T00:30:09.041+0000] {logging_mixin.py:137} INFO - [2023-04-30T00:30:09.040+0000] {dag.py:3444} INFO - Setting next_dagrun for example_sensors to None, run_after=None
[2023-04-30T00:30:09.052+0000] {processor.py:175} INFO - Processing /home/airflow/.local/lib/python3.7/site-packages/airflow/example_dags/example_sensors.py took 0.067 seconds
[2023-04-30T00:30:39.593+0000] {processor.py:153} INFO - Started process (PID=3461) to work on /home/airflow/.local/lib/python3.7/site-packages/airflow/example_dags/example_sensors.py
[2023-04-30T00:30:39.594+0000] {processor.py:743} INFO - Processing file /home/airflow/.local/lib/python3.7/site-packages/airflow/example_dags/example_sensors.py for tasks to queue
[2023-04-30T00:30:39.594+0000] {logging_mixin.py:137} INFO - [2023-04-30T00:30:39.594+0000] {dagbag.py:532} INFO - Filling up the DagBag from /home/airflow/.local/lib/python3.7/site-packages/airflow/example_dags/example_sensors.py
[2023-04-30T00:30:39.609+0000] {processor.py:753} INFO - DAG(s) dict_keys(['example_sensors']) retrieved from /home/airflow/.local/lib/python3.7/site-packages/airflow/example_dags/example_sensors.py
[2023-04-30T00:30:39.632+0000] {logging_mixin.py:137} INFO - [2023-04-30T00:30:39.632+0000] {dag.py:2693} INFO - Sync 1 DAGs
[2023-04-30T00:30:39.651+0000] {logging_mixin.py:137} INFO - [2023-04-30T00:30:39.651+0000] {dag.py:3444} INFO - Setting next_dagrun for example_sensors to None, run_after=None
[2023-04-30T00:30:39.663+0000] {processor.py:175} INFO - Processing /home/airflow/.local/lib/python3.7/site-packages/airflow/example_dags/example_sensors.py took 0.073 seconds
[2023-04-30T00:31:10.224+0000] {processor.py:153} INFO - Started process (PID=3512) to work on /home/airflow/.local/lib/python3.7/site-packages/airflow/example_dags/example_sensors.py
[2023-04-30T00:31:10.225+0000] {processor.py:743} INFO - Processing file /home/airflow/.local/lib/python3.7/site-packages/airflow/example_dags/example_sensors.py for tasks to queue
[2023-04-30T00:31:10.226+0000] {logging_mixin.py:137} INFO - [2023-04-30T00:31:10.226+0000] {dagbag.py:532} INFO - Filling up the DagBag from /home/airflow/.local/lib/python3.7/site-packages/airflow/example_dags/example_sensors.py
[2023-04-30T00:31:10.240+0000] {processor.py:753} INFO - DAG(s) dict_keys(['example_sensors']) retrieved from /home/airflow/.local/lib/python3.7/site-packages/airflow/example_dags/example_sensors.py
[2023-04-30T00:31:10.263+0000] {logging_mixin.py:137} INFO - [2023-04-30T00:31:10.263+0000] {dag.py:2693} INFO - Sync 1 DAGs
[2023-04-30T00:31:10.280+0000] {logging_mixin.py:137} INFO - [2023-04-30T00:31:10.279+0000] {dag.py:3444} INFO - Setting next_dagrun for example_sensors to None, run_after=None
[2023-04-30T00:31:10.293+0000] {processor.py:175} INFO - Processing /home/airflow/.local/lib/python3.7/site-packages/airflow/example_dags/example_sensors.py took 0.073 seconds
[2023-04-30T00:31:40.840+0000] {processor.py:153} INFO - Started process (PID=3563) to work on /home/airflow/.local/lib/python3.7/site-packages/airflow/example_dags/example_sensors.py
[2023-04-30T00:31:40.841+0000] {processor.py:743} INFO - Processing file /home/airflow/.local/lib/python3.7/site-packages/airflow/example_dags/example_sensors.py for tasks to queue
[2023-04-30T00:31:40.842+0000] {logging_mixin.py:137} INFO - [2023-04-30T00:31:40.842+0000] {dagbag.py:532} INFO - Filling up the DagBag from /home/airflow/.local/lib/python3.7/site-packages/airflow/example_dags/example_sensors.py
[2023-04-30T00:31:40.856+0000] {processor.py:753} INFO - DAG(s) dict_keys(['example_sensors']) retrieved from /home/airflow/.local/lib/python3.7/site-packages/airflow/example_dags/example_sensors.py
[2023-04-30T00:31:40.879+0000] {logging_mixin.py:137} INFO - [2023-04-30T00:31:40.879+0000] {dag.py:2693} INFO - Sync 1 DAGs
[2023-04-30T00:31:40.902+0000] {logging_mixin.py:137} INFO - [2023-04-30T00:31:40.901+0000] {dag.py:3444} INFO - Setting next_dagrun for example_sensors to None, run_after=None
[2023-04-30T00:31:40.917+0000] {processor.py:175} INFO - Processing /home/airflow/.local/lib/python3.7/site-packages/airflow/example_dags/example_sensors.py took 0.080 seconds
[2023-04-30T00:32:11.355+0000] {processor.py:153} INFO - Started process (PID=3614) to work on /home/airflow/.local/lib/python3.7/site-packages/airflow/example_dags/example_sensors.py
[2023-04-30T00:32:11.356+0000] {processor.py:743} INFO - Processing file /home/airflow/.local/lib/python3.7/site-packages/airflow/example_dags/example_sensors.py for tasks to queue
[2023-04-30T00:32:11.357+0000] {logging_mixin.py:137} INFO - [2023-04-30T00:32:11.357+0000] {dagbag.py:532} INFO - Filling up the DagBag from /home/airflow/.local/lib/python3.7/site-packages/airflow/example_dags/example_sensors.py
[2023-04-30T00:32:11.370+0000] {processor.py:753} INFO - DAG(s) dict_keys(['example_sensors']) retrieved from /home/airflow/.local/lib/python3.7/site-packages/airflow/example_dags/example_sensors.py
[2023-04-30T00:32:11.391+0000] {logging_mixin.py:137} INFO - [2023-04-30T00:32:11.391+0000] {dag.py:2693} INFO - Sync 1 DAGs
[2023-04-30T00:32:11.405+0000] {logging_mixin.py:137} INFO - [2023-04-30T00:32:11.405+0000] {dag.py:3444} INFO - Setting next_dagrun for example_sensors to None, run_after=None
[2023-04-30T00:32:11.416+0000] {processor.py:175} INFO - Processing /home/airflow/.local/lib/python3.7/site-packages/airflow/example_dags/example_sensors.py took 0.064 seconds
[2023-04-30T00:32:42.049+0000] {processor.py:153} INFO - Started process (PID=3664) to work on /home/airflow/.local/lib/python3.7/site-packages/airflow/example_dags/example_sensors.py
[2023-04-30T00:32:42.050+0000] {processor.py:743} INFO - Processing file /home/airflow/.local/lib/python3.7/site-packages/airflow/example_dags/example_sensors.py for tasks to queue
[2023-04-30T00:32:42.051+0000] {logging_mixin.py:137} INFO - [2023-04-30T00:32:42.051+0000] {dagbag.py:532} INFO - Filling up the DagBag from /home/airflow/.local/lib/python3.7/site-packages/airflow/example_dags/example_sensors.py
[2023-04-30T00:32:42.065+0000] {processor.py:753} INFO - DAG(s) dict_keys(['example_sensors']) retrieved from /home/airflow/.local/lib/python3.7/site-packages/airflow/example_dags/example_sensors.py
[2023-04-30T00:32:42.095+0000] {logging_mixin.py:137} INFO - [2023-04-30T00:32:42.095+0000] {dag.py:2693} INFO - Sync 1 DAGs
[2023-04-30T00:32:42.119+0000] {logging_mixin.py:137} INFO - [2023-04-30T00:32:42.119+0000] {dag.py:3444} INFO - Setting next_dagrun for example_sensors to None, run_after=None
[2023-04-30T00:32:42.135+0000] {processor.py:175} INFO - Processing /home/airflow/.local/lib/python3.7/site-packages/airflow/example_dags/example_sensors.py took 0.089 seconds
[2023-04-30T00:33:12.604+0000] {processor.py:153} INFO - Started process (PID=3715) to work on /home/airflow/.local/lib/python3.7/site-packages/airflow/example_dags/example_sensors.py
[2023-04-30T00:33:12.606+0000] {processor.py:743} INFO - Processing file /home/airflow/.local/lib/python3.7/site-packages/airflow/example_dags/example_sensors.py for tasks to queue
[2023-04-30T00:33:12.616+0000] {logging_mixin.py:137} INFO - [2023-04-30T00:33:12.615+0000] {dagbag.py:532} INFO - Filling up the DagBag from /home/airflow/.local/lib/python3.7/site-packages/airflow/example_dags/example_sensors.py
[2023-04-30T00:33:12.633+0000] {processor.py:753} INFO - DAG(s) dict_keys(['example_sensors']) retrieved from /home/airflow/.local/lib/python3.7/site-packages/airflow/example_dags/example_sensors.py
[2023-04-30T00:33:12.656+0000] {logging_mixin.py:137} INFO - [2023-04-30T00:33:12.656+0000] {dag.py:2693} INFO - Sync 1 DAGs
[2023-04-30T00:33:12.671+0000] {logging_mixin.py:137} INFO - [2023-04-30T00:33:12.671+0000] {dag.py:3444} INFO - Setting next_dagrun for example_sensors to None, run_after=None
[2023-04-30T00:33:12.682+0000] {processor.py:175} INFO - Processing /home/airflow/.local/lib/python3.7/site-packages/airflow/example_dags/example_sensors.py took 0.083 seconds
[2023-04-30T00:33:43.161+0000] {processor.py:153} INFO - Started process (PID=3766) to work on /home/airflow/.local/lib/python3.7/site-packages/airflow/example_dags/example_sensors.py
[2023-04-30T00:33:43.163+0000] {processor.py:743} INFO - Processing file /home/airflow/.local/lib/python3.7/site-packages/airflow/example_dags/example_sensors.py for tasks to queue
[2023-04-30T00:33:43.163+0000] {logging_mixin.py:137} INFO - [2023-04-30T00:33:43.163+0000] {dagbag.py:532} INFO - Filling up the DagBag from /home/airflow/.local/lib/python3.7/site-packages/airflow/example_dags/example_sensors.py
[2023-04-30T00:33:43.178+0000] {processor.py:753} INFO - DAG(s) dict_keys(['example_sensors']) retrieved from /home/airflow/.local/lib/python3.7/site-packages/airflow/example_dags/example_sensors.py
[2023-04-30T00:33:43.200+0000] {logging_mixin.py:137} INFO - [2023-04-30T00:33:43.200+0000] {dag.py:2693} INFO - Sync 1 DAGs
[2023-04-30T00:33:43.216+0000] {logging_mixin.py:137} INFO - [2023-04-30T00:33:43.216+0000] {dag.py:3444} INFO - Setting next_dagrun for example_sensors to None, run_after=None
[2023-04-30T00:33:43.229+0000] {processor.py:175} INFO - Processing /home/airflow/.local/lib/python3.7/site-packages/airflow/example_dags/example_sensors.py took 0.071 seconds
[2023-04-30T00:34:13.799+0000] {processor.py:153} INFO - Started process (PID=3817) to work on /home/airflow/.local/lib/python3.7/site-packages/airflow/example_dags/example_sensors.py
[2023-04-30T00:34:13.801+0000] {processor.py:743} INFO - Processing file /home/airflow/.local/lib/python3.7/site-packages/airflow/example_dags/example_sensors.py for tasks to queue
[2023-04-30T00:34:13.802+0000] {logging_mixin.py:137} INFO - [2023-04-30T00:34:13.801+0000] {dagbag.py:532} INFO - Filling up the DagBag from /home/airflow/.local/lib/python3.7/site-packages/airflow/example_dags/example_sensors.py
[2023-04-30T00:34:13.816+0000] {processor.py:753} INFO - DAG(s) dict_keys(['example_sensors']) retrieved from /home/airflow/.local/lib/python3.7/site-packages/airflow/example_dags/example_sensors.py
[2023-04-30T00:34:13.837+0000] {logging_mixin.py:137} INFO - [2023-04-30T00:34:13.836+0000] {dag.py:2693} INFO - Sync 1 DAGs
[2023-04-30T00:34:13.851+0000] {logging_mixin.py:137} INFO - [2023-04-30T00:34:13.851+0000] {dag.py:3444} INFO - Setting next_dagrun for example_sensors to None, run_after=None
[2023-04-30T00:34:13.862+0000] {processor.py:175} INFO - Processing /home/airflow/.local/lib/python3.7/site-packages/airflow/example_dags/example_sensors.py took 0.065 seconds
[2023-04-30T00:34:44.267+0000] {processor.py:153} INFO - Started process (PID=3868) to work on /home/airflow/.local/lib/python3.7/site-packages/airflow/example_dags/example_sensors.py
[2023-04-30T00:34:44.268+0000] {processor.py:743} INFO - Processing file /home/airflow/.local/lib/python3.7/site-packages/airflow/example_dags/example_sensors.py for tasks to queue
[2023-04-30T00:34:44.269+0000] {logging_mixin.py:137} INFO - [2023-04-30T00:34:44.268+0000] {dagbag.py:532} INFO - Filling up the DagBag from /home/airflow/.local/lib/python3.7/site-packages/airflow/example_dags/example_sensors.py
[2023-04-30T00:34:44.282+0000] {processor.py:753} INFO - DAG(s) dict_keys(['example_sensors']) retrieved from /home/airflow/.local/lib/python3.7/site-packages/airflow/example_dags/example_sensors.py
[2023-04-30T00:34:44.365+0000] {logging_mixin.py:137} INFO - [2023-04-30T00:34:44.364+0000] {dag.py:2693} INFO - Sync 1 DAGs
[2023-04-30T00:34:44.605+0000] {logging_mixin.py:137} INFO - [2023-04-30T00:34:44.604+0000] {dag.py:3444} INFO - Setting next_dagrun for example_sensors to None, run_after=None
[2023-04-30T00:34:44.717+0000] {processor.py:175} INFO - Processing /home/airflow/.local/lib/python3.7/site-packages/airflow/example_dags/example_sensors.py took 0.454 seconds
