[2023-04-30T00:08:49.292+0000] {processor.py:153} INFO - Started process (PID=2357) to work on /home/airflow/.local/lib/python3.7/site-packages/airflow/example_dags/example_latest_only.py
[2023-04-30T00:08:49.293+0000] {processor.py:743} INFO - Processing file /home/airflow/.local/lib/python3.7/site-packages/airflow/example_dags/example_latest_only.py for tasks to queue
[2023-04-30T00:08:49.294+0000] {logging_mixin.py:137} INFO - [2023-04-30T00:08:49.293+0000] {dagbag.py:532} INFO - Filling up the DagBag from /home/airflow/.local/lib/python3.7/site-packages/airflow/example_dags/example_latest_only.py
[2023-04-30T00:08:49.304+0000] {processor.py:753} INFO - DAG(s) dict_keys(['latest_only']) retrieved from /home/airflow/.local/lib/python3.7/site-packages/airflow/example_dags/example_latest_only.py
[2023-04-30T00:08:49.323+0000] {logging_mixin.py:137} INFO - [2023-04-30T00:08:49.323+0000] {dag.py:2693} INFO - Sync 1 DAGs
[2023-04-30T00:08:49.339+0000] {logging_mixin.py:137} INFO - [2023-04-30T00:08:49.339+0000] {dag.py:3444} INFO - Setting next_dagrun for latest_only to 2023-04-29T20:08:49.338959+00:00, run_after=2023-04-30T00:08:49.338959+00:00
[2023-04-30T00:08:49.351+0000] {processor.py:175} INFO - Processing /home/airflow/.local/lib/python3.7/site-packages/airflow/example_dags/example_latest_only.py took 0.062 seconds
[2023-04-30T00:19:56.305+0000] {processor.py:153} INFO - Started process (PID=2408) to work on /home/airflow/.local/lib/python3.7/site-packages/airflow/example_dags/example_latest_only.py
[2023-04-30T00:19:56.307+0000] {processor.py:743} INFO - Processing file /home/airflow/.local/lib/python3.7/site-packages/airflow/example_dags/example_latest_only.py for tasks to queue
[2023-04-30T00:19:56.308+0000] {logging_mixin.py:137} INFO - [2023-04-30T00:19:56.308+0000] {dagbag.py:532} INFO - Filling up the DagBag from /home/airflow/.local/lib/python3.7/site-packages/airflow/example_dags/example_latest_only.py
[2023-04-30T00:19:56.321+0000] {processor.py:753} INFO - DAG(s) dict_keys(['latest_only']) retrieved from /home/airflow/.local/lib/python3.7/site-packages/airflow/example_dags/example_latest_only.py
[2023-04-30T00:19:56.343+0000] {logging_mixin.py:137} INFO - [2023-04-30T00:19:56.343+0000] {dag.py:2693} INFO - Sync 1 DAGs
[2023-04-30T00:19:56.359+0000] {logging_mixin.py:137} INFO - [2023-04-30T00:19:56.359+0000] {dag.py:3444} INFO - Setting next_dagrun for latest_only to 2023-04-29T20:19:56.359717+00:00, run_after=2023-04-30T00:19:56.359717+00:00
[2023-04-30T00:19:56.372+0000] {processor.py:175} INFO - Processing /home/airflow/.local/lib/python3.7/site-packages/airflow/example_dags/example_latest_only.py took 0.071 seconds
[2023-04-30T00:20:27.054+0000] {processor.py:153} INFO - Started process (PID=2459) to work on /home/airflow/.local/lib/python3.7/site-packages/airflow/example_dags/example_latest_only.py
[2023-04-30T00:20:27.055+0000] {processor.py:743} INFO - Processing file /home/airflow/.local/lib/python3.7/site-packages/airflow/example_dags/example_latest_only.py for tasks to queue
[2023-04-30T00:20:27.056+0000] {logging_mixin.py:137} INFO - [2023-04-30T00:20:27.056+0000] {dagbag.py:532} INFO - Filling up the DagBag from /home/airflow/.local/lib/python3.7/site-packages/airflow/example_dags/example_latest_only.py
[2023-04-30T00:20:27.066+0000] {processor.py:753} INFO - DAG(s) dict_keys(['latest_only']) retrieved from /home/airflow/.local/lib/python3.7/site-packages/airflow/example_dags/example_latest_only.py
[2023-04-30T00:20:27.085+0000] {logging_mixin.py:137} INFO - [2023-04-30T00:20:27.085+0000] {dag.py:2693} INFO - Sync 1 DAGs
[2023-04-30T00:20:27.102+0000] {logging_mixin.py:137} INFO - [2023-04-30T00:20:27.102+0000] {dag.py:3444} INFO - Setting next_dagrun for latest_only to 2023-04-29T20:20:27.102432+00:00, run_after=2023-04-30T00:20:27.102432+00:00
[2023-04-30T00:20:27.114+0000] {processor.py:175} INFO - Processing /home/airflow/.local/lib/python3.7/site-packages/airflow/example_dags/example_latest_only.py took 0.063 seconds
[2023-04-30T00:20:57.823+0000] {processor.py:153} INFO - Started process (PID=2510) to work on /home/airflow/.local/lib/python3.7/site-packages/airflow/example_dags/example_latest_only.py
[2023-04-30T00:20:57.825+0000] {processor.py:743} INFO - Processing file /home/airflow/.local/lib/python3.7/site-packages/airflow/example_dags/example_latest_only.py for tasks to queue
[2023-04-30T00:20:57.826+0000] {logging_mixin.py:137} INFO - [2023-04-30T00:20:57.826+0000] {dagbag.py:532} INFO - Filling up the DagBag from /home/airflow/.local/lib/python3.7/site-packages/airflow/example_dags/example_latest_only.py
[2023-04-30T00:20:57.837+0000] {processor.py:753} INFO - DAG(s) dict_keys(['latest_only']) retrieved from /home/airflow/.local/lib/python3.7/site-packages/airflow/example_dags/example_latest_only.py
[2023-04-30T00:20:57.862+0000] {logging_mixin.py:137} INFO - [2023-04-30T00:20:57.862+0000] {dag.py:2693} INFO - Sync 1 DAGs
[2023-04-30T00:20:57.882+0000] {logging_mixin.py:137} INFO - [2023-04-30T00:20:57.882+0000] {dag.py:3444} INFO - Setting next_dagrun for latest_only to 2023-04-29T20:20:57.882317+00:00, run_after=2023-04-30T00:20:57.882317+00:00
[2023-04-30T00:20:57.895+0000] {processor.py:175} INFO - Processing /home/airflow/.local/lib/python3.7/site-packages/airflow/example_dags/example_latest_only.py took 0.075 seconds
[2023-04-30T00:21:28.708+0000] {processor.py:153} INFO - Started process (PID=2561) to work on /home/airflow/.local/lib/python3.7/site-packages/airflow/example_dags/example_latest_only.py
[2023-04-30T00:21:28.709+0000] {processor.py:743} INFO - Processing file /home/airflow/.local/lib/python3.7/site-packages/airflow/example_dags/example_latest_only.py for tasks to queue
[2023-04-30T00:21:28.710+0000] {logging_mixin.py:137} INFO - [2023-04-30T00:21:28.709+0000] {dagbag.py:532} INFO - Filling up the DagBag from /home/airflow/.local/lib/python3.7/site-packages/airflow/example_dags/example_latest_only.py
[2023-04-30T00:21:28.720+0000] {processor.py:753} INFO - DAG(s) dict_keys(['latest_only']) retrieved from /home/airflow/.local/lib/python3.7/site-packages/airflow/example_dags/example_latest_only.py
[2023-04-30T00:21:28.741+0000] {logging_mixin.py:137} INFO - [2023-04-30T00:21:28.741+0000] {dag.py:2693} INFO - Sync 1 DAGs
[2023-04-30T00:21:28.757+0000] {logging_mixin.py:137} INFO - [2023-04-30T00:21:28.757+0000] {dag.py:3444} INFO - Setting next_dagrun for latest_only to 2023-04-29T20:21:28.757575+00:00, run_after=2023-04-30T00:21:28.757575+00:00
[2023-04-30T00:21:28.768+0000] {processor.py:175} INFO - Processing /home/airflow/.local/lib/python3.7/site-packages/airflow/example_dags/example_latest_only.py took 0.064 seconds
[2023-04-30T00:21:59.467+0000] {processor.py:153} INFO - Started process (PID=2612) to work on /home/airflow/.local/lib/python3.7/site-packages/airflow/example_dags/example_latest_only.py
[2023-04-30T00:21:59.469+0000] {processor.py:743} INFO - Processing file /home/airflow/.local/lib/python3.7/site-packages/airflow/example_dags/example_latest_only.py for tasks to queue
[2023-04-30T00:21:59.470+0000] {logging_mixin.py:137} INFO - [2023-04-30T00:21:59.469+0000] {dagbag.py:532} INFO - Filling up the DagBag from /home/airflow/.local/lib/python3.7/site-packages/airflow/example_dags/example_latest_only.py
[2023-04-30T00:21:59.484+0000] {processor.py:753} INFO - DAG(s) dict_keys(['latest_only']) retrieved from /home/airflow/.local/lib/python3.7/site-packages/airflow/example_dags/example_latest_only.py
[2023-04-30T00:21:59.505+0000] {logging_mixin.py:137} INFO - [2023-04-30T00:21:59.505+0000] {dag.py:2693} INFO - Sync 1 DAGs
[2023-04-30T00:21:59.522+0000] {logging_mixin.py:137} INFO - [2023-04-30T00:21:59.522+0000] {dag.py:3444} INFO - Setting next_dagrun for latest_only to 2023-04-29T20:21:59.522458+00:00, run_after=2023-04-30T00:21:59.522458+00:00
[2023-04-30T00:21:59.535+0000] {processor.py:175} INFO - Processing /home/airflow/.local/lib/python3.7/site-packages/airflow/example_dags/example_latest_only.py took 0.071 seconds
[2023-04-30T00:22:30.347+0000] {processor.py:153} INFO - Started process (PID=2663) to work on /home/airflow/.local/lib/python3.7/site-packages/airflow/example_dags/example_latest_only.py
[2023-04-30T00:22:30.348+0000] {processor.py:743} INFO - Processing file /home/airflow/.local/lib/python3.7/site-packages/airflow/example_dags/example_latest_only.py for tasks to queue
[2023-04-30T00:22:30.349+0000] {logging_mixin.py:137} INFO - [2023-04-30T00:22:30.349+0000] {dagbag.py:532} INFO - Filling up the DagBag from /home/airflow/.local/lib/python3.7/site-packages/airflow/example_dags/example_latest_only.py
[2023-04-30T00:22:30.359+0000] {processor.py:753} INFO - DAG(s) dict_keys(['latest_only']) retrieved from /home/airflow/.local/lib/python3.7/site-packages/airflow/example_dags/example_latest_only.py
[2023-04-30T00:22:30.378+0000] {logging_mixin.py:137} INFO - [2023-04-30T00:22:30.378+0000] {dag.py:2693} INFO - Sync 1 DAGs
[2023-04-30T00:22:30.395+0000] {logging_mixin.py:137} INFO - [2023-04-30T00:22:30.395+0000] {dag.py:3444} INFO - Setting next_dagrun for latest_only to 2023-04-29T20:22:30.395094+00:00, run_after=2023-04-30T00:22:30.395094+00:00
[2023-04-30T00:22:30.406+0000] {processor.py:175} INFO - Processing /home/airflow/.local/lib/python3.7/site-packages/airflow/example_dags/example_latest_only.py took 0.063 seconds
[2023-04-30T00:23:00.706+0000] {processor.py:153} INFO - Started process (PID=2714) to work on /home/airflow/.local/lib/python3.7/site-packages/airflow/example_dags/example_latest_only.py
[2023-04-30T00:23:00.707+0000] {processor.py:743} INFO - Processing file /home/airflow/.local/lib/python3.7/site-packages/airflow/example_dags/example_latest_only.py for tasks to queue
[2023-04-30T00:23:00.708+0000] {logging_mixin.py:137} INFO - [2023-04-30T00:23:00.708+0000] {dagbag.py:532} INFO - Filling up the DagBag from /home/airflow/.local/lib/python3.7/site-packages/airflow/example_dags/example_latest_only.py
[2023-04-30T00:23:00.717+0000] {processor.py:753} INFO - DAG(s) dict_keys(['latest_only']) retrieved from /home/airflow/.local/lib/python3.7/site-packages/airflow/example_dags/example_latest_only.py
[2023-04-30T00:23:00.738+0000] {logging_mixin.py:137} INFO - [2023-04-30T00:23:00.738+0000] {dag.py:2693} INFO - Sync 1 DAGs
[2023-04-30T00:23:00.754+0000] {logging_mixin.py:137} INFO - [2023-04-30T00:23:00.754+0000] {dag.py:3444} INFO - Setting next_dagrun for latest_only to 2023-04-29T20:23:00.753944+00:00, run_after=2023-04-30T00:23:00.753944+00:00
[2023-04-30T00:23:00.765+0000] {processor.py:175} INFO - Processing /home/airflow/.local/lib/python3.7/site-packages/airflow/example_dags/example_latest_only.py took 0.061 seconds
[2023-04-30T00:23:31.199+0000] {processor.py:153} INFO - Started process (PID=2765) to work on /home/airflow/.local/lib/python3.7/site-packages/airflow/example_dags/example_latest_only.py
[2023-04-30T00:23:31.200+0000] {processor.py:743} INFO - Processing file /home/airflow/.local/lib/python3.7/site-packages/airflow/example_dags/example_latest_only.py for tasks to queue
[2023-04-30T00:23:31.201+0000] {logging_mixin.py:137} INFO - [2023-04-30T00:23:31.201+0000] {dagbag.py:532} INFO - Filling up the DagBag from /home/airflow/.local/lib/python3.7/site-packages/airflow/example_dags/example_latest_only.py
[2023-04-30T00:23:31.210+0000] {processor.py:753} INFO - DAG(s) dict_keys(['latest_only']) retrieved from /home/airflow/.local/lib/python3.7/site-packages/airflow/example_dags/example_latest_only.py
[2023-04-30T00:23:31.230+0000] {logging_mixin.py:137} INFO - [2023-04-30T00:23:31.230+0000] {dag.py:2693} INFO - Sync 1 DAGs
[2023-04-30T00:23:31.246+0000] {logging_mixin.py:137} INFO - [2023-04-30T00:23:31.246+0000] {dag.py:3444} INFO - Setting next_dagrun for latest_only to 2023-04-29T20:23:31.246407+00:00, run_after=2023-04-30T00:23:31.246407+00:00
[2023-04-30T00:23:31.261+0000] {processor.py:175} INFO - Processing /home/airflow/.local/lib/python3.7/site-packages/airflow/example_dags/example_latest_only.py took 0.065 seconds
[2023-04-30T00:24:01.953+0000] {processor.py:153} INFO - Started process (PID=2821) to work on /home/airflow/.local/lib/python3.7/site-packages/airflow/example_dags/example_latest_only.py
[2023-04-30T00:24:01.955+0000] {processor.py:743} INFO - Processing file /home/airflow/.local/lib/python3.7/site-packages/airflow/example_dags/example_latest_only.py for tasks to queue
[2023-04-30T00:24:01.957+0000] {logging_mixin.py:137} INFO - [2023-04-30T00:24:01.957+0000] {dagbag.py:532} INFO - Filling up the DagBag from /home/airflow/.local/lib/python3.7/site-packages/airflow/example_dags/example_latest_only.py
[2023-04-30T00:24:01.969+0000] {processor.py:753} INFO - DAG(s) dict_keys(['latest_only']) retrieved from /home/airflow/.local/lib/python3.7/site-packages/airflow/example_dags/example_latest_only.py
[2023-04-30T00:24:01.989+0000] {logging_mixin.py:137} INFO - [2023-04-30T00:24:01.989+0000] {dag.py:2693} INFO - Sync 1 DAGs
[2023-04-30T00:24:02.007+0000] {logging_mixin.py:137} INFO - [2023-04-30T00:24:02.007+0000] {dag.py:3444} INFO - Setting next_dagrun for latest_only to 2023-04-29T20:24:02.007570+00:00, run_after=2023-04-30T00:24:02.007570+00:00
[2023-04-30T00:24:02.019+0000] {processor.py:175} INFO - Processing /home/airflow/.local/lib/python3.7/site-packages/airflow/example_dags/example_latest_only.py took 0.082 seconds
[2023-04-30T00:24:32.709+0000] {processor.py:153} INFO - Started process (PID=2871) to work on /home/airflow/.local/lib/python3.7/site-packages/airflow/example_dags/example_latest_only.py
[2023-04-30T00:24:32.710+0000] {processor.py:743} INFO - Processing file /home/airflow/.local/lib/python3.7/site-packages/airflow/example_dags/example_latest_only.py for tasks to queue
[2023-04-30T00:24:32.711+0000] {logging_mixin.py:137} INFO - [2023-04-30T00:24:32.711+0000] {dagbag.py:532} INFO - Filling up the DagBag from /home/airflow/.local/lib/python3.7/site-packages/airflow/example_dags/example_latest_only.py
[2023-04-30T00:24:32.721+0000] {processor.py:753} INFO - DAG(s) dict_keys(['latest_only']) retrieved from /home/airflow/.local/lib/python3.7/site-packages/airflow/example_dags/example_latest_only.py
[2023-04-30T00:24:32.740+0000] {logging_mixin.py:137} INFO - [2023-04-30T00:24:32.740+0000] {dag.py:2693} INFO - Sync 1 DAGs
[2023-04-30T00:24:32.755+0000] {logging_mixin.py:137} INFO - [2023-04-30T00:24:32.755+0000] {dag.py:3444} INFO - Setting next_dagrun for latest_only to 2023-04-29T20:24:32.755608+00:00, run_after=2023-04-30T00:24:32.755608+00:00
[2023-04-30T00:24:32.767+0000] {processor.py:175} INFO - Processing /home/airflow/.local/lib/python3.7/site-packages/airflow/example_dags/example_latest_only.py took 0.060 seconds
[2023-04-30T00:25:03.376+0000] {processor.py:153} INFO - Started process (PID=2922) to work on /home/airflow/.local/lib/python3.7/site-packages/airflow/example_dags/example_latest_only.py
[2023-04-30T00:25:03.378+0000] {processor.py:743} INFO - Processing file /home/airflow/.local/lib/python3.7/site-packages/airflow/example_dags/example_latest_only.py for tasks to queue
[2023-04-30T00:25:03.378+0000] {logging_mixin.py:137} INFO - [2023-04-30T00:25:03.378+0000] {dagbag.py:532} INFO - Filling up the DagBag from /home/airflow/.local/lib/python3.7/site-packages/airflow/example_dags/example_latest_only.py
[2023-04-30T00:25:03.388+0000] {processor.py:753} INFO - DAG(s) dict_keys(['latest_only']) retrieved from /home/airflow/.local/lib/python3.7/site-packages/airflow/example_dags/example_latest_only.py
[2023-04-30T00:25:03.408+0000] {logging_mixin.py:137} INFO - [2023-04-30T00:25:03.408+0000] {dag.py:2693} INFO - Sync 1 DAGs
[2023-04-30T00:25:03.425+0000] {logging_mixin.py:137} INFO - [2023-04-30T00:25:03.424+0000] {dag.py:3444} INFO - Setting next_dagrun for latest_only to 2023-04-29T20:25:03.424712+00:00, run_after=2023-04-30T00:25:03.424712+00:00
[2023-04-30T00:25:03.436+0000] {processor.py:175} INFO - Processing /home/airflow/.local/lib/python3.7/site-packages/airflow/example_dags/example_latest_only.py took 0.062 seconds
[2023-04-30T00:25:33.845+0000] {processor.py:153} INFO - Started process (PID=2973) to work on /home/airflow/.local/lib/python3.7/site-packages/airflow/example_dags/example_latest_only.py
[2023-04-30T00:25:33.846+0000] {processor.py:743} INFO - Processing file /home/airflow/.local/lib/python3.7/site-packages/airflow/example_dags/example_latest_only.py for tasks to queue
[2023-04-30T00:25:33.847+0000] {logging_mixin.py:137} INFO - [2023-04-30T00:25:33.847+0000] {dagbag.py:532} INFO - Filling up the DagBag from /home/airflow/.local/lib/python3.7/site-packages/airflow/example_dags/example_latest_only.py
[2023-04-30T00:25:33.856+0000] {processor.py:753} INFO - DAG(s) dict_keys(['latest_only']) retrieved from /home/airflow/.local/lib/python3.7/site-packages/airflow/example_dags/example_latest_only.py
[2023-04-30T00:25:33.874+0000] {logging_mixin.py:137} INFO - [2023-04-30T00:25:33.874+0000] {dag.py:2693} INFO - Sync 1 DAGs
[2023-04-30T00:25:33.891+0000] {logging_mixin.py:137} INFO - [2023-04-30T00:25:33.891+0000] {dag.py:3444} INFO - Setting next_dagrun for latest_only to 2023-04-29T20:25:33.890825+00:00, run_after=2023-04-30T00:25:33.890825+00:00
[2023-04-30T00:25:33.906+0000] {processor.py:175} INFO - Processing /home/airflow/.local/lib/python3.7/site-packages/airflow/example_dags/example_latest_only.py took 0.064 seconds
[2023-04-30T00:26:04.405+0000] {processor.py:153} INFO - Started process (PID=3025) to work on /home/airflow/.local/lib/python3.7/site-packages/airflow/example_dags/example_latest_only.py
[2023-04-30T00:26:04.406+0000] {processor.py:743} INFO - Processing file /home/airflow/.local/lib/python3.7/site-packages/airflow/example_dags/example_latest_only.py for tasks to queue
[2023-04-30T00:26:04.407+0000] {logging_mixin.py:137} INFO - [2023-04-30T00:26:04.407+0000] {dagbag.py:532} INFO - Filling up the DagBag from /home/airflow/.local/lib/python3.7/site-packages/airflow/example_dags/example_latest_only.py
[2023-04-30T00:26:04.417+0000] {processor.py:753} INFO - DAG(s) dict_keys(['latest_only']) retrieved from /home/airflow/.local/lib/python3.7/site-packages/airflow/example_dags/example_latest_only.py
[2023-04-30T00:26:04.437+0000] {logging_mixin.py:137} INFO - [2023-04-30T00:26:04.437+0000] {dag.py:2693} INFO - Sync 1 DAGs
[2023-04-30T00:26:04.453+0000] {logging_mixin.py:137} INFO - [2023-04-30T00:26:04.452+0000] {dag.py:3444} INFO - Setting next_dagrun for latest_only to 2023-04-29T20:26:04.452742+00:00, run_after=2023-04-30T00:26:04.452742+00:00
[2023-04-30T00:26:04.464+0000] {processor.py:175} INFO - Processing /home/airflow/.local/lib/python3.7/site-packages/airflow/example_dags/example_latest_only.py took 0.062 seconds
[2023-04-30T00:26:35.068+0000] {processor.py:153} INFO - Started process (PID=3076) to work on /home/airflow/.local/lib/python3.7/site-packages/airflow/example_dags/example_latest_only.py
[2023-04-30T00:26:35.069+0000] {processor.py:743} INFO - Processing file /home/airflow/.local/lib/python3.7/site-packages/airflow/example_dags/example_latest_only.py for tasks to queue
[2023-04-30T00:26:35.070+0000] {logging_mixin.py:137} INFO - [2023-04-30T00:26:35.070+0000] {dagbag.py:532} INFO - Filling up the DagBag from /home/airflow/.local/lib/python3.7/site-packages/airflow/example_dags/example_latest_only.py
[2023-04-30T00:26:35.079+0000] {processor.py:753} INFO - DAG(s) dict_keys(['latest_only']) retrieved from /home/airflow/.local/lib/python3.7/site-packages/airflow/example_dags/example_latest_only.py
[2023-04-30T00:26:35.099+0000] {logging_mixin.py:137} INFO - [2023-04-30T00:26:35.098+0000] {dag.py:2693} INFO - Sync 1 DAGs
[2023-04-30T00:26:35.116+0000] {logging_mixin.py:137} INFO - [2023-04-30T00:26:35.116+0000] {dag.py:3444} INFO - Setting next_dagrun for latest_only to 2023-04-29T20:26:35.116074+00:00, run_after=2023-04-30T00:26:35.116074+00:00
[2023-04-30T00:26:35.128+0000] {processor.py:175} INFO - Processing /home/airflow/.local/lib/python3.7/site-packages/airflow/example_dags/example_latest_only.py took 0.063 seconds
[2023-04-30T00:27:05.718+0000] {processor.py:153} INFO - Started process (PID=3127) to work on /home/airflow/.local/lib/python3.7/site-packages/airflow/example_dags/example_latest_only.py
[2023-04-30T00:27:05.719+0000] {processor.py:743} INFO - Processing file /home/airflow/.local/lib/python3.7/site-packages/airflow/example_dags/example_latest_only.py for tasks to queue
[2023-04-30T00:27:05.720+0000] {logging_mixin.py:137} INFO - [2023-04-30T00:27:05.720+0000] {dagbag.py:532} INFO - Filling up the DagBag from /home/airflow/.local/lib/python3.7/site-packages/airflow/example_dags/example_latest_only.py
[2023-04-30T00:27:05.730+0000] {processor.py:753} INFO - DAG(s) dict_keys(['latest_only']) retrieved from /home/airflow/.local/lib/python3.7/site-packages/airflow/example_dags/example_latest_only.py
[2023-04-30T00:27:05.752+0000] {logging_mixin.py:137} INFO - [2023-04-30T00:27:05.752+0000] {dag.py:2693} INFO - Sync 1 DAGs
[2023-04-30T00:27:05.767+0000] {logging_mixin.py:137} INFO - [2023-04-30T00:27:05.767+0000] {dag.py:3444} INFO - Setting next_dagrun for latest_only to 2023-04-29T20:27:05.767389+00:00, run_after=2023-04-30T00:27:05.767389+00:00
[2023-04-30T00:27:05.781+0000] {processor.py:175} INFO - Processing /home/airflow/.local/lib/python3.7/site-packages/airflow/example_dags/example_latest_only.py took 0.066 seconds
[2023-04-30T00:27:37.081+0000] {processor.py:153} INFO - Started process (PID=3178) to work on /home/airflow/.local/lib/python3.7/site-packages/airflow/example_dags/example_latest_only.py
[2023-04-30T00:27:37.082+0000] {processor.py:743} INFO - Processing file /home/airflow/.local/lib/python3.7/site-packages/airflow/example_dags/example_latest_only.py for tasks to queue
[2023-04-30T00:27:37.083+0000] {logging_mixin.py:137} INFO - [2023-04-30T00:27:37.083+0000] {dagbag.py:532} INFO - Filling up the DagBag from /home/airflow/.local/lib/python3.7/site-packages/airflow/example_dags/example_latest_only.py
[2023-04-30T00:27:37.095+0000] {processor.py:753} INFO - DAG(s) dict_keys(['latest_only']) retrieved from /home/airflow/.local/lib/python3.7/site-packages/airflow/example_dags/example_latest_only.py
[2023-04-30T00:27:37.117+0000] {logging_mixin.py:137} INFO - [2023-04-30T00:27:37.117+0000] {dag.py:2693} INFO - Sync 1 DAGs
[2023-04-30T00:27:37.138+0000] {logging_mixin.py:137} INFO - [2023-04-30T00:27:37.138+0000] {dag.py:3444} INFO - Setting next_dagrun for latest_only to 2023-04-29T20:27:37.138325+00:00, run_after=2023-04-30T00:27:37.138325+00:00
[2023-04-30T00:27:37.152+0000] {processor.py:175} INFO - Processing /home/airflow/.local/lib/python3.7/site-packages/airflow/example_dags/example_latest_only.py took 0.074 seconds
[2023-04-30T00:28:08.093+0000] {processor.py:153} INFO - Started process (PID=3229) to work on /home/airflow/.local/lib/python3.7/site-packages/airflow/example_dags/example_latest_only.py
[2023-04-30T00:28:08.095+0000] {processor.py:743} INFO - Processing file /home/airflow/.local/lib/python3.7/site-packages/airflow/example_dags/example_latest_only.py for tasks to queue
[2023-04-30T00:28:08.097+0000] {logging_mixin.py:137} INFO - [2023-04-30T00:28:08.096+0000] {dagbag.py:532} INFO - Filling up the DagBag from /home/airflow/.local/lib/python3.7/site-packages/airflow/example_dags/example_latest_only.py
[2023-04-30T00:28:08.110+0000] {processor.py:753} INFO - DAG(s) dict_keys(['latest_only']) retrieved from /home/airflow/.local/lib/python3.7/site-packages/airflow/example_dags/example_latest_only.py
[2023-04-30T00:28:08.138+0000] {logging_mixin.py:137} INFO - [2023-04-30T00:28:08.138+0000] {dag.py:2693} INFO - Sync 1 DAGs
[2023-04-30T00:28:08.157+0000] {logging_mixin.py:137} INFO - [2023-04-30T00:28:08.157+0000] {dag.py:3444} INFO - Setting next_dagrun for latest_only to 2023-04-29T20:28:08.157649+00:00, run_after=2023-04-30T00:28:08.157649+00:00
[2023-04-30T00:28:08.172+0000] {processor.py:175} INFO - Processing /home/airflow/.local/lib/python3.7/site-packages/airflow/example_dags/example_latest_only.py took 0.082 seconds
[2023-04-30T00:28:38.884+0000] {processor.py:153} INFO - Started process (PID=3280) to work on /home/airflow/.local/lib/python3.7/site-packages/airflow/example_dags/example_latest_only.py
[2023-04-30T00:28:38.886+0000] {processor.py:743} INFO - Processing file /home/airflow/.local/lib/python3.7/site-packages/airflow/example_dags/example_latest_only.py for tasks to queue
[2023-04-30T00:28:38.886+0000] {logging_mixin.py:137} INFO - [2023-04-30T00:28:38.886+0000] {dagbag.py:532} INFO - Filling up the DagBag from /home/airflow/.local/lib/python3.7/site-packages/airflow/example_dags/example_latest_only.py
[2023-04-30T00:28:38.898+0000] {processor.py:753} INFO - DAG(s) dict_keys(['latest_only']) retrieved from /home/airflow/.local/lib/python3.7/site-packages/airflow/example_dags/example_latest_only.py
[2023-04-30T00:28:38.923+0000] {logging_mixin.py:137} INFO - [2023-04-30T00:28:38.922+0000] {dag.py:2693} INFO - Sync 1 DAGs
[2023-04-30T00:28:38.940+0000] {logging_mixin.py:137} INFO - [2023-04-30T00:28:38.940+0000] {dag.py:3444} INFO - Setting next_dagrun for latest_only to 2023-04-29T20:28:38.940399+00:00, run_after=2023-04-30T00:28:38.940399+00:00
[2023-04-30T00:28:38.952+0000] {processor.py:175} INFO - Processing /home/airflow/.local/lib/python3.7/site-packages/airflow/example_dags/example_latest_only.py took 0.070 seconds
[2023-04-30T00:29:09.808+0000] {processor.py:153} INFO - Started process (PID=3331) to work on /home/airflow/.local/lib/python3.7/site-packages/airflow/example_dags/example_latest_only.py
[2023-04-30T00:29:09.809+0000] {processor.py:743} INFO - Processing file /home/airflow/.local/lib/python3.7/site-packages/airflow/example_dags/example_latest_only.py for tasks to queue
[2023-04-30T00:29:09.810+0000] {logging_mixin.py:137} INFO - [2023-04-30T00:29:09.810+0000] {dagbag.py:532} INFO - Filling up the DagBag from /home/airflow/.local/lib/python3.7/site-packages/airflow/example_dags/example_latest_only.py
[2023-04-30T00:29:09.820+0000] {processor.py:753} INFO - DAG(s) dict_keys(['latest_only']) retrieved from /home/airflow/.local/lib/python3.7/site-packages/airflow/example_dags/example_latest_only.py
[2023-04-30T00:29:09.847+0000] {logging_mixin.py:137} INFO - [2023-04-30T00:29:09.847+0000] {dag.py:2693} INFO - Sync 1 DAGs
[2023-04-30T00:29:09.864+0000] {logging_mixin.py:137} INFO - [2023-04-30T00:29:09.864+0000] {dag.py:3444} INFO - Setting next_dagrun for latest_only to 2023-04-29T20:29:09.864615+00:00, run_after=2023-04-30T00:29:09.864615+00:00
[2023-04-30T00:29:09.876+0000] {processor.py:175} INFO - Processing /home/airflow/.local/lib/python3.7/site-packages/airflow/example_dags/example_latest_only.py took 0.071 seconds
[2023-04-30T00:29:40.453+0000] {processor.py:153} INFO - Started process (PID=3381) to work on /home/airflow/.local/lib/python3.7/site-packages/airflow/example_dags/example_latest_only.py
[2023-04-30T00:29:40.454+0000] {processor.py:743} INFO - Processing file /home/airflow/.local/lib/python3.7/site-packages/airflow/example_dags/example_latest_only.py for tasks to queue
[2023-04-30T00:29:40.455+0000] {logging_mixin.py:137} INFO - [2023-04-30T00:29:40.455+0000] {dagbag.py:532} INFO - Filling up the DagBag from /home/airflow/.local/lib/python3.7/site-packages/airflow/example_dags/example_latest_only.py
[2023-04-30T00:29:40.465+0000] {processor.py:753} INFO - DAG(s) dict_keys(['latest_only']) retrieved from /home/airflow/.local/lib/python3.7/site-packages/airflow/example_dags/example_latest_only.py
[2023-04-30T00:29:40.484+0000] {logging_mixin.py:137} INFO - [2023-04-30T00:29:40.484+0000] {dag.py:2693} INFO - Sync 1 DAGs
[2023-04-30T00:29:40.500+0000] {logging_mixin.py:137} INFO - [2023-04-30T00:29:40.500+0000] {dag.py:3444} INFO - Setting next_dagrun for latest_only to 2023-04-29T20:29:40.500499+00:00, run_after=2023-04-30T00:29:40.500499+00:00
[2023-04-30T00:29:40.516+0000] {processor.py:175} INFO - Processing /home/airflow/.local/lib/python3.7/site-packages/airflow/example_dags/example_latest_only.py took 0.066 seconds
[2023-04-30T00:30:11.124+0000] {processor.py:153} INFO - Started process (PID=3432) to work on /home/airflow/.local/lib/python3.7/site-packages/airflow/example_dags/example_latest_only.py
[2023-04-30T00:30:11.126+0000] {processor.py:743} INFO - Processing file /home/airflow/.local/lib/python3.7/site-packages/airflow/example_dags/example_latest_only.py for tasks to queue
[2023-04-30T00:30:11.127+0000] {logging_mixin.py:137} INFO - [2023-04-30T00:30:11.126+0000] {dagbag.py:532} INFO - Filling up the DagBag from /home/airflow/.local/lib/python3.7/site-packages/airflow/example_dags/example_latest_only.py
[2023-04-30T00:30:11.137+0000] {processor.py:753} INFO - DAG(s) dict_keys(['latest_only']) retrieved from /home/airflow/.local/lib/python3.7/site-packages/airflow/example_dags/example_latest_only.py
[2023-04-30T00:30:11.157+0000] {logging_mixin.py:137} INFO - [2023-04-30T00:30:11.157+0000] {dag.py:2693} INFO - Sync 1 DAGs
[2023-04-30T00:30:11.174+0000] {logging_mixin.py:137} INFO - [2023-04-30T00:30:11.174+0000] {dag.py:3444} INFO - Setting next_dagrun for latest_only to 2023-04-29T20:30:11.174608+00:00, run_after=2023-04-30T00:30:11.174608+00:00
[2023-04-30T00:30:11.185+0000] {processor.py:175} INFO - Processing /home/airflow/.local/lib/python3.7/site-packages/airflow/example_dags/example_latest_only.py took 0.064 seconds
[2023-04-30T00:30:41.761+0000] {processor.py:153} INFO - Started process (PID=3483) to work on /home/airflow/.local/lib/python3.7/site-packages/airflow/example_dags/example_latest_only.py
[2023-04-30T00:30:41.762+0000] {processor.py:743} INFO - Processing file /home/airflow/.local/lib/python3.7/site-packages/airflow/example_dags/example_latest_only.py for tasks to queue
[2023-04-30T00:30:41.763+0000] {logging_mixin.py:137} INFO - [2023-04-30T00:30:41.762+0000] {dagbag.py:532} INFO - Filling up the DagBag from /home/airflow/.local/lib/python3.7/site-packages/airflow/example_dags/example_latest_only.py
[2023-04-30T00:30:41.773+0000] {processor.py:753} INFO - DAG(s) dict_keys(['latest_only']) retrieved from /home/airflow/.local/lib/python3.7/site-packages/airflow/example_dags/example_latest_only.py
[2023-04-30T00:30:41.792+0000] {logging_mixin.py:137} INFO - [2023-04-30T00:30:41.792+0000] {dag.py:2693} INFO - Sync 1 DAGs
[2023-04-30T00:30:41.808+0000] {logging_mixin.py:137} INFO - [2023-04-30T00:30:41.808+0000] {dag.py:3444} INFO - Setting next_dagrun for latest_only to 2023-04-29T20:30:41.807812+00:00, run_after=2023-04-30T00:30:41.807812+00:00
[2023-04-30T00:30:41.820+0000] {processor.py:175} INFO - Processing /home/airflow/.local/lib/python3.7/site-packages/airflow/example_dags/example_latest_only.py took 0.062 seconds
[2023-04-30T00:31:12.366+0000] {processor.py:153} INFO - Started process (PID=3534) to work on /home/airflow/.local/lib/python3.7/site-packages/airflow/example_dags/example_latest_only.py
[2023-04-30T00:31:12.367+0000] {processor.py:743} INFO - Processing file /home/airflow/.local/lib/python3.7/site-packages/airflow/example_dags/example_latest_only.py for tasks to queue
[2023-04-30T00:31:12.368+0000] {logging_mixin.py:137} INFO - [2023-04-30T00:31:12.368+0000] {dagbag.py:532} INFO - Filling up the DagBag from /home/airflow/.local/lib/python3.7/site-packages/airflow/example_dags/example_latest_only.py
[2023-04-30T00:31:12.378+0000] {processor.py:753} INFO - DAG(s) dict_keys(['latest_only']) retrieved from /home/airflow/.local/lib/python3.7/site-packages/airflow/example_dags/example_latest_only.py
[2023-04-30T00:31:12.398+0000] {logging_mixin.py:137} INFO - [2023-04-30T00:31:12.398+0000] {dag.py:2693} INFO - Sync 1 DAGs
[2023-04-30T00:31:12.416+0000] {logging_mixin.py:137} INFO - [2023-04-30T00:31:12.416+0000] {dag.py:3444} INFO - Setting next_dagrun for latest_only to 2023-04-29T20:31:12.416457+00:00, run_after=2023-04-30T00:31:12.416457+00:00
[2023-04-30T00:31:12.427+0000] {processor.py:175} INFO - Processing /home/airflow/.local/lib/python3.7/site-packages/airflow/example_dags/example_latest_only.py took 0.064 seconds
[2023-04-30T00:31:42.975+0000] {processor.py:153} INFO - Started process (PID=3585) to work on /home/airflow/.local/lib/python3.7/site-packages/airflow/example_dags/example_latest_only.py
[2023-04-30T00:31:42.977+0000] {processor.py:743} INFO - Processing file /home/airflow/.local/lib/python3.7/site-packages/airflow/example_dags/example_latest_only.py for tasks to queue
[2023-04-30T00:31:42.977+0000] {logging_mixin.py:137} INFO - [2023-04-30T00:31:42.977+0000] {dagbag.py:532} INFO - Filling up the DagBag from /home/airflow/.local/lib/python3.7/site-packages/airflow/example_dags/example_latest_only.py
[2023-04-30T00:31:42.988+0000] {processor.py:753} INFO - DAG(s) dict_keys(['latest_only']) retrieved from /home/airflow/.local/lib/python3.7/site-packages/airflow/example_dags/example_latest_only.py
[2023-04-30T00:31:43.009+0000] {logging_mixin.py:137} INFO - [2023-04-30T00:31:43.008+0000] {dag.py:2693} INFO - Sync 1 DAGs
[2023-04-30T00:31:43.026+0000] {logging_mixin.py:137} INFO - [2023-04-30T00:31:43.025+0000] {dag.py:3444} INFO - Setting next_dagrun for latest_only to 2023-04-29T20:31:43.025761+00:00, run_after=2023-04-30T00:31:43.025761+00:00
[2023-04-30T00:31:43.037+0000] {processor.py:175} INFO - Processing /home/airflow/.local/lib/python3.7/site-packages/airflow/example_dags/example_latest_only.py took 0.064 seconds
[2023-04-30T00:32:13.616+0000] {processor.py:153} INFO - Started process (PID=3636) to work on /home/airflow/.local/lib/python3.7/site-packages/airflow/example_dags/example_latest_only.py
[2023-04-30T00:32:13.620+0000] {processor.py:743} INFO - Processing file /home/airflow/.local/lib/python3.7/site-packages/airflow/example_dags/example_latest_only.py for tasks to queue
[2023-04-30T00:32:13.623+0000] {logging_mixin.py:137} INFO - [2023-04-30T00:32:13.623+0000] {dagbag.py:532} INFO - Filling up the DagBag from /home/airflow/.local/lib/python3.7/site-packages/airflow/example_dags/example_latest_only.py
[2023-04-30T00:32:13.636+0000] {processor.py:753} INFO - DAG(s) dict_keys(['latest_only']) retrieved from /home/airflow/.local/lib/python3.7/site-packages/airflow/example_dags/example_latest_only.py
[2023-04-30T00:32:13.655+0000] {logging_mixin.py:137} INFO - [2023-04-30T00:32:13.655+0000] {dag.py:2693} INFO - Sync 1 DAGs
[2023-04-30T00:32:13.670+0000] {logging_mixin.py:137} INFO - [2023-04-30T00:32:13.670+0000] {dag.py:3444} INFO - Setting next_dagrun for latest_only to 2023-04-29T20:32:13.670430+00:00, run_after=2023-04-30T00:32:13.670430+00:00
[2023-04-30T00:32:13.681+0000] {processor.py:175} INFO - Processing /home/airflow/.local/lib/python3.7/site-packages/airflow/example_dags/example_latest_only.py took 0.068 seconds
[2023-04-30T00:32:44.220+0000] {processor.py:153} INFO - Started process (PID=3686) to work on /home/airflow/.local/lib/python3.7/site-packages/airflow/example_dags/example_latest_only.py
[2023-04-30T00:32:44.222+0000] {processor.py:743} INFO - Processing file /home/airflow/.local/lib/python3.7/site-packages/airflow/example_dags/example_latest_only.py for tasks to queue
[2023-04-30T00:32:44.222+0000] {logging_mixin.py:137} INFO - [2023-04-30T00:32:44.222+0000] {dagbag.py:532} INFO - Filling up the DagBag from /home/airflow/.local/lib/python3.7/site-packages/airflow/example_dags/example_latest_only.py
[2023-04-30T00:32:44.232+0000] {processor.py:753} INFO - DAG(s) dict_keys(['latest_only']) retrieved from /home/airflow/.local/lib/python3.7/site-packages/airflow/example_dags/example_latest_only.py
[2023-04-30T00:32:44.251+0000] {logging_mixin.py:137} INFO - [2023-04-30T00:32:44.251+0000] {dag.py:2693} INFO - Sync 1 DAGs
[2023-04-30T00:32:44.267+0000] {logging_mixin.py:137} INFO - [2023-04-30T00:32:44.267+0000] {dag.py:3444} INFO - Setting next_dagrun for latest_only to 2023-04-29T20:32:44.267492+00:00, run_after=2023-04-30T00:32:44.267492+00:00
[2023-04-30T00:32:44.279+0000] {processor.py:175} INFO - Processing /home/airflow/.local/lib/python3.7/site-packages/airflow/example_dags/example_latest_only.py took 0.061 seconds
[2023-04-30T00:33:14.673+0000] {processor.py:153} INFO - Started process (PID=3737) to work on /home/airflow/.local/lib/python3.7/site-packages/airflow/example_dags/example_latest_only.py
[2023-04-30T00:33:14.674+0000] {processor.py:743} INFO - Processing file /home/airflow/.local/lib/python3.7/site-packages/airflow/example_dags/example_latest_only.py for tasks to queue
[2023-04-30T00:33:14.675+0000] {logging_mixin.py:137} INFO - [2023-04-30T00:33:14.675+0000] {dagbag.py:532} INFO - Filling up the DagBag from /home/airflow/.local/lib/python3.7/site-packages/airflow/example_dags/example_latest_only.py
[2023-04-30T00:33:14.685+0000] {processor.py:753} INFO - DAG(s) dict_keys(['latest_only']) retrieved from /home/airflow/.local/lib/python3.7/site-packages/airflow/example_dags/example_latest_only.py
[2023-04-30T00:33:14.706+0000] {logging_mixin.py:137} INFO - [2023-04-30T00:33:14.706+0000] {dag.py:2693} INFO - Sync 1 DAGs
[2023-04-30T00:33:14.723+0000] {logging_mixin.py:137} INFO - [2023-04-30T00:33:14.723+0000] {dag.py:3444} INFO - Setting next_dagrun for latest_only to 2023-04-29T20:33:14.723178+00:00, run_after=2023-04-30T00:33:14.723178+00:00
[2023-04-30T00:33:14.734+0000] {processor.py:175} INFO - Processing /home/airflow/.local/lib/python3.7/site-packages/airflow/example_dags/example_latest_only.py took 0.064 seconds
[2023-04-30T00:33:45.365+0000] {processor.py:153} INFO - Started process (PID=3788) to work on /home/airflow/.local/lib/python3.7/site-packages/airflow/example_dags/example_latest_only.py
[2023-04-30T00:33:45.366+0000] {processor.py:743} INFO - Processing file /home/airflow/.local/lib/python3.7/site-packages/airflow/example_dags/example_latest_only.py for tasks to queue
[2023-04-30T00:33:45.367+0000] {logging_mixin.py:137} INFO - [2023-04-30T00:33:45.367+0000] {dagbag.py:532} INFO - Filling up the DagBag from /home/airflow/.local/lib/python3.7/site-packages/airflow/example_dags/example_latest_only.py
[2023-04-30T00:33:45.377+0000] {processor.py:753} INFO - DAG(s) dict_keys(['latest_only']) retrieved from /home/airflow/.local/lib/python3.7/site-packages/airflow/example_dags/example_latest_only.py
[2023-04-30T00:33:45.397+0000] {logging_mixin.py:137} INFO - [2023-04-30T00:33:45.397+0000] {dag.py:2693} INFO - Sync 1 DAGs
[2023-04-30T00:33:45.415+0000] {logging_mixin.py:137} INFO - [2023-04-30T00:33:45.414+0000] {dag.py:3444} INFO - Setting next_dagrun for latest_only to 2023-04-29T20:33:45.414793+00:00, run_after=2023-04-30T00:33:45.414793+00:00
[2023-04-30T00:33:45.425+0000] {processor.py:175} INFO - Processing /home/airflow/.local/lib/python3.7/site-packages/airflow/example_dags/example_latest_only.py took 0.064 seconds
[2023-04-30T00:34:15.926+0000] {processor.py:153} INFO - Started process (PID=3839) to work on /home/airflow/.local/lib/python3.7/site-packages/airflow/example_dags/example_latest_only.py
[2023-04-30T00:34:15.927+0000] {processor.py:743} INFO - Processing file /home/airflow/.local/lib/python3.7/site-packages/airflow/example_dags/example_latest_only.py for tasks to queue
[2023-04-30T00:34:15.928+0000] {logging_mixin.py:137} INFO - [2023-04-30T00:34:15.928+0000] {dagbag.py:532} INFO - Filling up the DagBag from /home/airflow/.local/lib/python3.7/site-packages/airflow/example_dags/example_latest_only.py
[2023-04-30T00:34:15.938+0000] {processor.py:753} INFO - DAG(s) dict_keys(['latest_only']) retrieved from /home/airflow/.local/lib/python3.7/site-packages/airflow/example_dags/example_latest_only.py
[2023-04-30T00:34:15.960+0000] {logging_mixin.py:137} INFO - [2023-04-30T00:34:15.960+0000] {dag.py:2693} INFO - Sync 1 DAGs
[2023-04-30T00:34:15.977+0000] {logging_mixin.py:137} INFO - [2023-04-30T00:34:15.977+0000] {dag.py:3444} INFO - Setting next_dagrun for latest_only to 2023-04-29T20:34:15.977377+00:00, run_after=2023-04-30T00:34:15.977377+00:00
[2023-04-30T00:34:15.989+0000] {processor.py:175} INFO - Processing /home/airflow/.local/lib/python3.7/site-packages/airflow/example_dags/example_latest_only.py took 0.066 seconds
[2023-04-30T00:34:46.289+0000] {processor.py:153} INFO - Started process (PID=3890) to work on /home/airflow/.local/lib/python3.7/site-packages/airflow/example_dags/example_latest_only.py
[2023-04-30T00:34:46.291+0000] {processor.py:743} INFO - Processing file /home/airflow/.local/lib/python3.7/site-packages/airflow/example_dags/example_latest_only.py for tasks to queue
[2023-04-30T00:34:46.292+0000] {logging_mixin.py:137} INFO - [2023-04-30T00:34:46.292+0000] {dagbag.py:532} INFO - Filling up the DagBag from /home/airflow/.local/lib/python3.7/site-packages/airflow/example_dags/example_latest_only.py
[2023-04-30T00:34:46.304+0000] {processor.py:753} INFO - DAG(s) dict_keys(['latest_only']) retrieved from /home/airflow/.local/lib/python3.7/site-packages/airflow/example_dags/example_latest_only.py
[2023-04-30T00:34:46.328+0000] {logging_mixin.py:137} INFO - [2023-04-30T00:34:46.328+0000] {dag.py:2693} INFO - Sync 1 DAGs
[2023-04-30T00:34:46.345+0000] {logging_mixin.py:137} INFO - [2023-04-30T00:34:46.345+0000] {dag.py:3444} INFO - Setting next_dagrun for latest_only to 2023-04-29T20:34:46.345492+00:00, run_after=2023-04-30T00:34:46.345492+00:00
[2023-04-30T00:34:46.357+0000] {processor.py:175} INFO - Processing /home/airflow/.local/lib/python3.7/site-packages/airflow/example_dags/example_latest_only.py took 0.081 seconds
