[2023-04-30T00:08:48.722+0000] {processor.py:153} INFO - Started process (PID=2346) to work on /home/airflow/.local/lib/python3.7/site-packages/airflow/example_dags/example_xcomargs.py
[2023-04-30T00:08:48.723+0000] {processor.py:743} INFO - Processing file /home/airflow/.local/lib/python3.7/site-packages/airflow/example_dags/example_xcomargs.py for tasks to queue
[2023-04-30T00:08:48.724+0000] {logging_mixin.py:137} INFO - [2023-04-30T00:08:48.724+0000] {dagbag.py:532} INFO - Filling up the DagBag from /home/airflow/.local/lib/python3.7/site-packages/airflow/example_dags/example_xcomargs.py
[2023-04-30T00:08:48.742+0000] {processor.py:753} INFO - DAG(s) dict_keys(['example_xcom_args', 'example_xcom_args_with_operators']) retrieved from /home/airflow/.local/lib/python3.7/site-packages/airflow/example_dags/example_xcomargs.py
[2023-04-30T00:08:48.764+0000] {logging_mixin.py:137} INFO - [2023-04-30T00:08:48.763+0000] {dag.py:2693} INFO - Sync 2 DAGs
[2023-04-30T00:08:48.780+0000] {logging_mixin.py:137} INFO - [2023-04-30T00:08:48.780+0000] {dag.py:3444} INFO - Setting next_dagrun for example_xcom_args to None, run_after=None
[2023-04-30T00:08:48.783+0000] {logging_mixin.py:137} INFO - [2023-04-30T00:08:48.782+0000] {dag.py:3444} INFO - Setting next_dagrun for example_xcom_args_with_operators to None, run_after=None
[2023-04-30T00:08:48.793+0000] {processor.py:175} INFO - Processing /home/airflow/.local/lib/python3.7/site-packages/airflow/example_dags/example_xcomargs.py took 0.074 seconds
[2023-04-30T00:19:55.752+0000] {processor.py:153} INFO - Started process (PID=2397) to work on /home/airflow/.local/lib/python3.7/site-packages/airflow/example_dags/example_xcomargs.py
[2023-04-30T00:19:55.754+0000] {processor.py:743} INFO - Processing file /home/airflow/.local/lib/python3.7/site-packages/airflow/example_dags/example_xcomargs.py for tasks to queue
[2023-04-30T00:19:55.754+0000] {logging_mixin.py:137} INFO - [2023-04-30T00:19:55.754+0000] {dagbag.py:532} INFO - Filling up the DagBag from /home/airflow/.local/lib/python3.7/site-packages/airflow/example_dags/example_xcomargs.py
[2023-04-30T00:19:55.771+0000] {processor.py:753} INFO - DAG(s) dict_keys(['example_xcom_args', 'example_xcom_args_with_operators']) retrieved from /home/airflow/.local/lib/python3.7/site-packages/airflow/example_dags/example_xcomargs.py
[2023-04-30T00:19:55.796+0000] {logging_mixin.py:137} INFO - [2023-04-30T00:19:55.795+0000] {dag.py:2693} INFO - Sync 2 DAGs
[2023-04-30T00:19:55.813+0000] {logging_mixin.py:137} INFO - [2023-04-30T00:19:55.812+0000] {dag.py:3444} INFO - Setting next_dagrun for example_xcom_args to None, run_after=None
[2023-04-30T00:19:55.815+0000] {logging_mixin.py:137} INFO - [2023-04-30T00:19:55.815+0000] {dag.py:3444} INFO - Setting next_dagrun for example_xcom_args_with_operators to None, run_after=None
[2023-04-30T00:19:55.825+0000] {processor.py:175} INFO - Processing /home/airflow/.local/lib/python3.7/site-packages/airflow/example_dags/example_xcomargs.py took 0.075 seconds
[2023-04-30T00:20:26.506+0000] {processor.py:153} INFO - Started process (PID=2448) to work on /home/airflow/.local/lib/python3.7/site-packages/airflow/example_dags/example_xcomargs.py
[2023-04-30T00:20:26.507+0000] {processor.py:743} INFO - Processing file /home/airflow/.local/lib/python3.7/site-packages/airflow/example_dags/example_xcomargs.py for tasks to queue
[2023-04-30T00:20:26.508+0000] {logging_mixin.py:137} INFO - [2023-04-30T00:20:26.508+0000] {dagbag.py:532} INFO - Filling up the DagBag from /home/airflow/.local/lib/python3.7/site-packages/airflow/example_dags/example_xcomargs.py
[2023-04-30T00:20:26.523+0000] {processor.py:753} INFO - DAG(s) dict_keys(['example_xcom_args', 'example_xcom_args_with_operators']) retrieved from /home/airflow/.local/lib/python3.7/site-packages/airflow/example_dags/example_xcomargs.py
[2023-04-30T00:20:26.545+0000] {logging_mixin.py:137} INFO - [2023-04-30T00:20:26.545+0000] {dag.py:2693} INFO - Sync 2 DAGs
[2023-04-30T00:20:26.561+0000] {logging_mixin.py:137} INFO - [2023-04-30T00:20:26.561+0000] {dag.py:3444} INFO - Setting next_dagrun for example_xcom_args to None, run_after=None
[2023-04-30T00:20:26.564+0000] {logging_mixin.py:137} INFO - [2023-04-30T00:20:26.564+0000] {dag.py:3444} INFO - Setting next_dagrun for example_xcom_args_with_operators to None, run_after=None
[2023-04-30T00:20:26.574+0000] {processor.py:175} INFO - Processing /home/airflow/.local/lib/python3.7/site-packages/airflow/example_dags/example_xcomargs.py took 0.072 seconds
[2023-04-30T00:20:57.162+0000] {processor.py:153} INFO - Started process (PID=2499) to work on /home/airflow/.local/lib/python3.7/site-packages/airflow/example_dags/example_xcomargs.py
[2023-04-30T00:20:57.163+0000] {processor.py:743} INFO - Processing file /home/airflow/.local/lib/python3.7/site-packages/airflow/example_dags/example_xcomargs.py for tasks to queue
[2023-04-30T00:20:57.164+0000] {logging_mixin.py:137} INFO - [2023-04-30T00:20:57.164+0000] {dagbag.py:532} INFO - Filling up the DagBag from /home/airflow/.local/lib/python3.7/site-packages/airflow/example_dags/example_xcomargs.py
[2023-04-30T00:20:57.184+0000] {processor.py:753} INFO - DAG(s) dict_keys(['example_xcom_args', 'example_xcom_args_with_operators']) retrieved from /home/airflow/.local/lib/python3.7/site-packages/airflow/example_dags/example_xcomargs.py
[2023-04-30T00:20:57.207+0000] {logging_mixin.py:137} INFO - [2023-04-30T00:20:57.207+0000] {dag.py:2693} INFO - Sync 2 DAGs
[2023-04-30T00:20:57.222+0000] {logging_mixin.py:137} INFO - [2023-04-30T00:20:57.222+0000] {dag.py:3444} INFO - Setting next_dagrun for example_xcom_args to None, run_after=None
[2023-04-30T00:20:57.225+0000] {logging_mixin.py:137} INFO - [2023-04-30T00:20:57.225+0000] {dag.py:3444} INFO - Setting next_dagrun for example_xcom_args_with_operators to None, run_after=None
[2023-04-30T00:20:57.234+0000] {processor.py:175} INFO - Processing /home/airflow/.local/lib/python3.7/site-packages/airflow/example_dags/example_xcomargs.py took 0.077 seconds
[2023-04-30T00:21:28.016+0000] {processor.py:153} INFO - Started process (PID=2550) to work on /home/airflow/.local/lib/python3.7/site-packages/airflow/example_dags/example_xcomargs.py
[2023-04-30T00:21:28.018+0000] {processor.py:743} INFO - Processing file /home/airflow/.local/lib/python3.7/site-packages/airflow/example_dags/example_xcomargs.py for tasks to queue
[2023-04-30T00:21:28.018+0000] {logging_mixin.py:137} INFO - [2023-04-30T00:21:28.018+0000] {dagbag.py:532} INFO - Filling up the DagBag from /home/airflow/.local/lib/python3.7/site-packages/airflow/example_dags/example_xcomargs.py
[2023-04-30T00:21:28.035+0000] {processor.py:753} INFO - DAG(s) dict_keys(['example_xcom_args_with_operators', 'example_xcom_args']) retrieved from /home/airflow/.local/lib/python3.7/site-packages/airflow/example_dags/example_xcomargs.py
[2023-04-30T00:21:28.057+0000] {logging_mixin.py:137} INFO - [2023-04-30T00:21:28.057+0000] {dag.py:2693} INFO - Sync 2 DAGs
[2023-04-30T00:21:28.071+0000] {logging_mixin.py:137} INFO - [2023-04-30T00:21:28.071+0000] {dag.py:3444} INFO - Setting next_dagrun for example_xcom_args to None, run_after=None
[2023-04-30T00:21:28.074+0000] {logging_mixin.py:137} INFO - [2023-04-30T00:21:28.074+0000] {dag.py:3444} INFO - Setting next_dagrun for example_xcom_args_with_operators to None, run_after=None
[2023-04-30T00:21:28.086+0000] {processor.py:175} INFO - Processing /home/airflow/.local/lib/python3.7/site-packages/airflow/example_dags/example_xcomargs.py took 0.073 seconds
[2023-04-30T00:21:58.840+0000] {processor.py:153} INFO - Started process (PID=2601) to work on /home/airflow/.local/lib/python3.7/site-packages/airflow/example_dags/example_xcomargs.py
[2023-04-30T00:21:58.841+0000] {processor.py:743} INFO - Processing file /home/airflow/.local/lib/python3.7/site-packages/airflow/example_dags/example_xcomargs.py for tasks to queue
[2023-04-30T00:21:58.842+0000] {logging_mixin.py:137} INFO - [2023-04-30T00:21:58.842+0000] {dagbag.py:532} INFO - Filling up the DagBag from /home/airflow/.local/lib/python3.7/site-packages/airflow/example_dags/example_xcomargs.py
[2023-04-30T00:21:58.864+0000] {processor.py:753} INFO - DAG(s) dict_keys(['example_xcom_args_with_operators', 'example_xcom_args']) retrieved from /home/airflow/.local/lib/python3.7/site-packages/airflow/example_dags/example_xcomargs.py
[2023-04-30T00:21:58.898+0000] {logging_mixin.py:137} INFO - [2023-04-30T00:21:58.898+0000] {dag.py:2693} INFO - Sync 2 DAGs
[2023-04-30T00:21:58.915+0000] {logging_mixin.py:137} INFO - [2023-04-30T00:21:58.915+0000] {dag.py:3444} INFO - Setting next_dagrun for example_xcom_args to None, run_after=None
[2023-04-30T00:21:58.918+0000] {logging_mixin.py:137} INFO - [2023-04-30T00:21:58.918+0000] {dag.py:3444} INFO - Setting next_dagrun for example_xcom_args_with_operators to None, run_after=None
[2023-04-30T00:21:58.929+0000] {processor.py:175} INFO - Processing /home/airflow/.local/lib/python3.7/site-packages/airflow/example_dags/example_xcomargs.py took 0.093 seconds
[2023-04-30T00:22:29.748+0000] {processor.py:153} INFO - Started process (PID=2652) to work on /home/airflow/.local/lib/python3.7/site-packages/airflow/example_dags/example_xcomargs.py
[2023-04-30T00:22:29.749+0000] {processor.py:743} INFO - Processing file /home/airflow/.local/lib/python3.7/site-packages/airflow/example_dags/example_xcomargs.py for tasks to queue
[2023-04-30T00:22:29.750+0000] {logging_mixin.py:137} INFO - [2023-04-30T00:22:29.750+0000] {dagbag.py:532} INFO - Filling up the DagBag from /home/airflow/.local/lib/python3.7/site-packages/airflow/example_dags/example_xcomargs.py
[2023-04-30T00:22:29.766+0000] {processor.py:753} INFO - DAG(s) dict_keys(['example_xcom_args_with_operators', 'example_xcom_args']) retrieved from /home/airflow/.local/lib/python3.7/site-packages/airflow/example_dags/example_xcomargs.py
[2023-04-30T00:22:29.790+0000] {logging_mixin.py:137} INFO - [2023-04-30T00:22:29.790+0000] {dag.py:2693} INFO - Sync 2 DAGs
[2023-04-30T00:22:29.807+0000] {logging_mixin.py:137} INFO - [2023-04-30T00:22:29.807+0000] {dag.py:3444} INFO - Setting next_dagrun for example_xcom_args to None, run_after=None
[2023-04-30T00:22:29.809+0000] {logging_mixin.py:137} INFO - [2023-04-30T00:22:29.809+0000] {dag.py:3444} INFO - Setting next_dagrun for example_xcom_args_with_operators to None, run_after=None
[2023-04-30T00:22:29.819+0000] {processor.py:175} INFO - Processing /home/airflow/.local/lib/python3.7/site-packages/airflow/example_dags/example_xcomargs.py took 0.074 seconds
[2023-04-30T00:23:00.209+0000] {processor.py:153} INFO - Started process (PID=2703) to work on /home/airflow/.local/lib/python3.7/site-packages/airflow/example_dags/example_xcomargs.py
[2023-04-30T00:23:00.211+0000] {processor.py:743} INFO - Processing file /home/airflow/.local/lib/python3.7/site-packages/airflow/example_dags/example_xcomargs.py for tasks to queue
[2023-04-30T00:23:00.212+0000] {logging_mixin.py:137} INFO - [2023-04-30T00:23:00.211+0000] {dagbag.py:532} INFO - Filling up the DagBag from /home/airflow/.local/lib/python3.7/site-packages/airflow/example_dags/example_xcomargs.py
[2023-04-30T00:23:00.228+0000] {processor.py:753} INFO - DAG(s) dict_keys(['example_xcom_args_with_operators', 'example_xcom_args']) retrieved from /home/airflow/.local/lib/python3.7/site-packages/airflow/example_dags/example_xcomargs.py
[2023-04-30T00:23:00.250+0000] {logging_mixin.py:137} INFO - [2023-04-30T00:23:00.250+0000] {dag.py:2693} INFO - Sync 2 DAGs
[2023-04-30T00:23:00.266+0000] {logging_mixin.py:137} INFO - [2023-04-30T00:23:00.266+0000] {dag.py:3444} INFO - Setting next_dagrun for example_xcom_args to None, run_after=None
[2023-04-30T00:23:00.268+0000] {logging_mixin.py:137} INFO - [2023-04-30T00:23:00.268+0000] {dag.py:3444} INFO - Setting next_dagrun for example_xcom_args_with_operators to None, run_after=None
[2023-04-30T00:23:00.278+0000] {processor.py:175} INFO - Processing /home/airflow/.local/lib/python3.7/site-packages/airflow/example_dags/example_xcomargs.py took 0.072 seconds
[2023-04-30T00:23:30.660+0000] {processor.py:153} INFO - Started process (PID=2754) to work on /home/airflow/.local/lib/python3.7/site-packages/airflow/example_dags/example_xcomargs.py
[2023-04-30T00:23:30.661+0000] {processor.py:743} INFO - Processing file /home/airflow/.local/lib/python3.7/site-packages/airflow/example_dags/example_xcomargs.py for tasks to queue
[2023-04-30T00:23:30.662+0000] {logging_mixin.py:137} INFO - [2023-04-30T00:23:30.662+0000] {dagbag.py:532} INFO - Filling up the DagBag from /home/airflow/.local/lib/python3.7/site-packages/airflow/example_dags/example_xcomargs.py
[2023-04-30T00:23:30.677+0000] {processor.py:753} INFO - DAG(s) dict_keys(['example_xcom_args_with_operators', 'example_xcom_args']) retrieved from /home/airflow/.local/lib/python3.7/site-packages/airflow/example_dags/example_xcomargs.py
[2023-04-30T00:23:30.702+0000] {logging_mixin.py:137} INFO - [2023-04-30T00:23:30.701+0000] {dag.py:2693} INFO - Sync 2 DAGs
[2023-04-30T00:23:30.719+0000] {logging_mixin.py:137} INFO - [2023-04-30T00:23:30.719+0000] {dag.py:3444} INFO - Setting next_dagrun for example_xcom_args to None, run_after=None
[2023-04-30T00:23:30.722+0000] {logging_mixin.py:137} INFO - [2023-04-30T00:23:30.722+0000] {dag.py:3444} INFO - Setting next_dagrun for example_xcom_args_with_operators to None, run_after=None
[2023-04-30T00:23:30.733+0000] {processor.py:175} INFO - Processing /home/airflow/.local/lib/python3.7/site-packages/airflow/example_dags/example_xcomargs.py took 0.076 seconds
[2023-04-30T00:24:01.333+0000] {processor.py:153} INFO - Started process (PID=2804) to work on /home/airflow/.local/lib/python3.7/site-packages/airflow/example_dags/example_xcomargs.py
[2023-04-30T00:24:01.334+0000] {processor.py:743} INFO - Processing file /home/airflow/.local/lib/python3.7/site-packages/airflow/example_dags/example_xcomargs.py for tasks to queue
[2023-04-30T00:24:01.335+0000] {logging_mixin.py:137} INFO - [2023-04-30T00:24:01.335+0000] {dagbag.py:532} INFO - Filling up the DagBag from /home/airflow/.local/lib/python3.7/site-packages/airflow/example_dags/example_xcomargs.py
[2023-04-30T00:24:01.350+0000] {processor.py:753} INFO - DAG(s) dict_keys(['example_xcom_args_with_operators', 'example_xcom_args']) retrieved from /home/airflow/.local/lib/python3.7/site-packages/airflow/example_dags/example_xcomargs.py
[2023-04-30T00:24:01.372+0000] {logging_mixin.py:137} INFO - [2023-04-30T00:24:01.372+0000] {dag.py:2693} INFO - Sync 2 DAGs
[2023-04-30T00:24:01.387+0000] {logging_mixin.py:137} INFO - [2023-04-30T00:24:01.387+0000] {dag.py:3444} INFO - Setting next_dagrun for example_xcom_args to None, run_after=None
[2023-04-30T00:24:01.389+0000] {logging_mixin.py:137} INFO - [2023-04-30T00:24:01.389+0000] {dag.py:3444} INFO - Setting next_dagrun for example_xcom_args_with_operators to None, run_after=None
[2023-04-30T00:24:01.399+0000] {processor.py:175} INFO - Processing /home/airflow/.local/lib/python3.7/site-packages/airflow/example_dags/example_xcomargs.py took 0.070 seconds
[2023-04-30T00:24:32.047+0000] {processor.py:153} INFO - Started process (PID=2860) to work on /home/airflow/.local/lib/python3.7/site-packages/airflow/example_dags/example_xcomargs.py
[2023-04-30T00:24:32.048+0000] {processor.py:743} INFO - Processing file /home/airflow/.local/lib/python3.7/site-packages/airflow/example_dags/example_xcomargs.py for tasks to queue
[2023-04-30T00:24:32.049+0000] {logging_mixin.py:137} INFO - [2023-04-30T00:24:32.049+0000] {dagbag.py:532} INFO - Filling up the DagBag from /home/airflow/.local/lib/python3.7/site-packages/airflow/example_dags/example_xcomargs.py
[2023-04-30T00:24:32.074+0000] {processor.py:753} INFO - DAG(s) dict_keys(['example_xcom_args', 'example_xcom_args_with_operators']) retrieved from /home/airflow/.local/lib/python3.7/site-packages/airflow/example_dags/example_xcomargs.py
[2023-04-30T00:24:32.096+0000] {logging_mixin.py:137} INFO - [2023-04-30T00:24:32.096+0000] {dag.py:2693} INFO - Sync 2 DAGs
[2023-04-30T00:24:32.112+0000] {logging_mixin.py:137} INFO - [2023-04-30T00:24:32.112+0000] {dag.py:3444} INFO - Setting next_dagrun for example_xcom_args to None, run_after=None
[2023-04-30T00:24:32.114+0000] {logging_mixin.py:137} INFO - [2023-04-30T00:24:32.114+0000] {dag.py:3444} INFO - Setting next_dagrun for example_xcom_args_with_operators to None, run_after=None
[2023-04-30T00:24:32.127+0000] {processor.py:175} INFO - Processing /home/airflow/.local/lib/python3.7/site-packages/airflow/example_dags/example_xcomargs.py took 0.083 seconds
[2023-04-30T00:25:02.829+0000] {processor.py:153} INFO - Started process (PID=2911) to work on /home/airflow/.local/lib/python3.7/site-packages/airflow/example_dags/example_xcomargs.py
[2023-04-30T00:25:02.831+0000] {processor.py:743} INFO - Processing file /home/airflow/.local/lib/python3.7/site-packages/airflow/example_dags/example_xcomargs.py for tasks to queue
[2023-04-30T00:25:02.832+0000] {logging_mixin.py:137} INFO - [2023-04-30T00:25:02.832+0000] {dagbag.py:532} INFO - Filling up the DagBag from /home/airflow/.local/lib/python3.7/site-packages/airflow/example_dags/example_xcomargs.py
[2023-04-30T00:25:02.849+0000] {processor.py:753} INFO - DAG(s) dict_keys(['example_xcom_args_with_operators', 'example_xcom_args']) retrieved from /home/airflow/.local/lib/python3.7/site-packages/airflow/example_dags/example_xcomargs.py
[2023-04-30T00:25:02.871+0000] {logging_mixin.py:137} INFO - [2023-04-30T00:25:02.870+0000] {dag.py:2693} INFO - Sync 2 DAGs
[2023-04-30T00:25:02.890+0000] {logging_mixin.py:137} INFO - [2023-04-30T00:25:02.890+0000] {dag.py:3444} INFO - Setting next_dagrun for example_xcom_args to None, run_after=None
[2023-04-30T00:25:02.892+0000] {logging_mixin.py:137} INFO - [2023-04-30T00:25:02.892+0000] {dag.py:3444} INFO - Setting next_dagrun for example_xcom_args_with_operators to None, run_after=None
[2023-04-30T00:25:02.904+0000] {processor.py:175} INFO - Processing /home/airflow/.local/lib/python3.7/site-packages/airflow/example_dags/example_xcomargs.py took 0.078 seconds
[2023-04-30T00:25:33.342+0000] {processor.py:153} INFO - Started process (PID=2962) to work on /home/airflow/.local/lib/python3.7/site-packages/airflow/example_dags/example_xcomargs.py
[2023-04-30T00:25:33.344+0000] {processor.py:743} INFO - Processing file /home/airflow/.local/lib/python3.7/site-packages/airflow/example_dags/example_xcomargs.py for tasks to queue
[2023-04-30T00:25:33.344+0000] {logging_mixin.py:137} INFO - [2023-04-30T00:25:33.344+0000] {dagbag.py:532} INFO - Filling up the DagBag from /home/airflow/.local/lib/python3.7/site-packages/airflow/example_dags/example_xcomargs.py
[2023-04-30T00:25:33.363+0000] {processor.py:753} INFO - DAG(s) dict_keys(['example_xcom_args', 'example_xcom_args_with_operators']) retrieved from /home/airflow/.local/lib/python3.7/site-packages/airflow/example_dags/example_xcomargs.py
[2023-04-30T00:25:33.384+0000] {logging_mixin.py:137} INFO - [2023-04-30T00:25:33.384+0000] {dag.py:2693} INFO - Sync 2 DAGs
[2023-04-30T00:25:33.400+0000] {logging_mixin.py:137} INFO - [2023-04-30T00:25:33.400+0000] {dag.py:3444} INFO - Setting next_dagrun for example_xcom_args to None, run_after=None
[2023-04-30T00:25:33.402+0000] {logging_mixin.py:137} INFO - [2023-04-30T00:25:33.402+0000] {dag.py:3444} INFO - Setting next_dagrun for example_xcom_args_with_operators to None, run_after=None
[2023-04-30T00:25:33.411+0000] {processor.py:175} INFO - Processing /home/airflow/.local/lib/python3.7/site-packages/airflow/example_dags/example_xcomargs.py took 0.072 seconds
[2023-04-30T00:26:03.876+0000] {processor.py:153} INFO - Started process (PID=3014) to work on /home/airflow/.local/lib/python3.7/site-packages/airflow/example_dags/example_xcomargs.py
[2023-04-30T00:26:03.877+0000] {processor.py:743} INFO - Processing file /home/airflow/.local/lib/python3.7/site-packages/airflow/example_dags/example_xcomargs.py for tasks to queue
[2023-04-30T00:26:03.878+0000] {logging_mixin.py:137} INFO - [2023-04-30T00:26:03.877+0000] {dagbag.py:532} INFO - Filling up the DagBag from /home/airflow/.local/lib/python3.7/site-packages/airflow/example_dags/example_xcomargs.py
[2023-04-30T00:26:03.892+0000] {processor.py:753} INFO - DAG(s) dict_keys(['example_xcom_args', 'example_xcom_args_with_operators']) retrieved from /home/airflow/.local/lib/python3.7/site-packages/airflow/example_dags/example_xcomargs.py
[2023-04-30T00:26:03.915+0000] {logging_mixin.py:137} INFO - [2023-04-30T00:26:03.915+0000] {dag.py:2693} INFO - Sync 2 DAGs
[2023-04-30T00:26:03.931+0000] {logging_mixin.py:137} INFO - [2023-04-30T00:26:03.931+0000] {dag.py:3444} INFO - Setting next_dagrun for example_xcom_args to None, run_after=None
[2023-04-30T00:26:03.934+0000] {logging_mixin.py:137} INFO - [2023-04-30T00:26:03.934+0000] {dag.py:3444} INFO - Setting next_dagrun for example_xcom_args_with_operators to None, run_after=None
[2023-04-30T00:26:03.944+0000] {processor.py:175} INFO - Processing /home/airflow/.local/lib/python3.7/site-packages/airflow/example_dags/example_xcomargs.py took 0.072 seconds
[2023-04-30T00:26:34.533+0000] {processor.py:153} INFO - Started process (PID=3065) to work on /home/airflow/.local/lib/python3.7/site-packages/airflow/example_dags/example_xcomargs.py
[2023-04-30T00:26:34.534+0000] {processor.py:743} INFO - Processing file /home/airflow/.local/lib/python3.7/site-packages/airflow/example_dags/example_xcomargs.py for tasks to queue
[2023-04-30T00:26:34.535+0000] {logging_mixin.py:137} INFO - [2023-04-30T00:26:34.535+0000] {dagbag.py:532} INFO - Filling up the DagBag from /home/airflow/.local/lib/python3.7/site-packages/airflow/example_dags/example_xcomargs.py
[2023-04-30T00:26:34.550+0000] {processor.py:753} INFO - DAG(s) dict_keys(['example_xcom_args', 'example_xcom_args_with_operators']) retrieved from /home/airflow/.local/lib/python3.7/site-packages/airflow/example_dags/example_xcomargs.py
[2023-04-30T00:26:34.572+0000] {logging_mixin.py:137} INFO - [2023-04-30T00:26:34.572+0000] {dag.py:2693} INFO - Sync 2 DAGs
[2023-04-30T00:26:34.587+0000] {logging_mixin.py:137} INFO - [2023-04-30T00:26:34.587+0000] {dag.py:3444} INFO - Setting next_dagrun for example_xcom_args to None, run_after=None
[2023-04-30T00:26:34.589+0000] {logging_mixin.py:137} INFO - [2023-04-30T00:26:34.589+0000] {dag.py:3444} INFO - Setting next_dagrun for example_xcom_args_with_operators to None, run_after=None
[2023-04-30T00:26:34.600+0000] {processor.py:175} INFO - Processing /home/airflow/.local/lib/python3.7/site-packages/airflow/example_dags/example_xcomargs.py took 0.070 seconds
[2023-04-30T00:27:05.171+0000] {processor.py:153} INFO - Started process (PID=3116) to work on /home/airflow/.local/lib/python3.7/site-packages/airflow/example_dags/example_xcomargs.py
[2023-04-30T00:27:05.172+0000] {processor.py:743} INFO - Processing file /home/airflow/.local/lib/python3.7/site-packages/airflow/example_dags/example_xcomargs.py for tasks to queue
[2023-04-30T00:27:05.173+0000] {logging_mixin.py:137} INFO - [2023-04-30T00:27:05.173+0000] {dagbag.py:532} INFO - Filling up the DagBag from /home/airflow/.local/lib/python3.7/site-packages/airflow/example_dags/example_xcomargs.py
[2023-04-30T00:27:05.192+0000] {processor.py:753} INFO - DAG(s) dict_keys(['example_xcom_args', 'example_xcom_args_with_operators']) retrieved from /home/airflow/.local/lib/python3.7/site-packages/airflow/example_dags/example_xcomargs.py
[2023-04-30T00:27:05.217+0000] {logging_mixin.py:137} INFO - [2023-04-30T00:27:05.217+0000] {dag.py:2693} INFO - Sync 2 DAGs
[2023-04-30T00:27:05.236+0000] {logging_mixin.py:137} INFO - [2023-04-30T00:27:05.236+0000] {dag.py:3444} INFO - Setting next_dagrun for example_xcom_args to None, run_after=None
[2023-04-30T00:27:05.239+0000] {logging_mixin.py:137} INFO - [2023-04-30T00:27:05.239+0000] {dag.py:3444} INFO - Setting next_dagrun for example_xcom_args_with_operators to None, run_after=None
[2023-04-30T00:27:05.253+0000] {processor.py:175} INFO - Processing /home/airflow/.local/lib/python3.7/site-packages/airflow/example_dags/example_xcomargs.py took 0.086 seconds
[2023-04-30T00:27:36.295+0000] {processor.py:153} INFO - Started process (PID=3167) to work on /home/airflow/.local/lib/python3.7/site-packages/airflow/example_dags/example_xcomargs.py
[2023-04-30T00:27:36.297+0000] {processor.py:743} INFO - Processing file /home/airflow/.local/lib/python3.7/site-packages/airflow/example_dags/example_xcomargs.py for tasks to queue
[2023-04-30T00:27:36.298+0000] {logging_mixin.py:137} INFO - [2023-04-30T00:27:36.298+0000] {dagbag.py:532} INFO - Filling up the DagBag from /home/airflow/.local/lib/python3.7/site-packages/airflow/example_dags/example_xcomargs.py
[2023-04-30T00:27:36.319+0000] {processor.py:753} INFO - DAG(s) dict_keys(['example_xcom_args_with_operators', 'example_xcom_args']) retrieved from /home/airflow/.local/lib/python3.7/site-packages/airflow/example_dags/example_xcomargs.py
[2023-04-30T00:27:36.349+0000] {logging_mixin.py:137} INFO - [2023-04-30T00:27:36.349+0000] {dag.py:2693} INFO - Sync 2 DAGs
[2023-04-30T00:27:36.376+0000] {logging_mixin.py:137} INFO - [2023-04-30T00:27:36.376+0000] {dag.py:3444} INFO - Setting next_dagrun for example_xcom_args to None, run_after=None
[2023-04-30T00:27:36.380+0000] {logging_mixin.py:137} INFO - [2023-04-30T00:27:36.380+0000] {dag.py:3444} INFO - Setting next_dagrun for example_xcom_args_with_operators to None, run_after=None
[2023-04-30T00:27:36.403+0000] {processor.py:175} INFO - Processing /home/airflow/.local/lib/python3.7/site-packages/airflow/example_dags/example_xcomargs.py took 0.112 seconds
[2023-04-30T00:28:07.234+0000] {processor.py:153} INFO - Started process (PID=3218) to work on /home/airflow/.local/lib/python3.7/site-packages/airflow/example_dags/example_xcomargs.py
[2023-04-30T00:28:07.236+0000] {processor.py:743} INFO - Processing file /home/airflow/.local/lib/python3.7/site-packages/airflow/example_dags/example_xcomargs.py for tasks to queue
[2023-04-30T00:28:07.237+0000] {logging_mixin.py:137} INFO - [2023-04-30T00:28:07.237+0000] {dagbag.py:532} INFO - Filling up the DagBag from /home/airflow/.local/lib/python3.7/site-packages/airflow/example_dags/example_xcomargs.py
[2023-04-30T00:28:07.258+0000] {processor.py:753} INFO - DAG(s) dict_keys(['example_xcom_args', 'example_xcom_args_with_operators']) retrieved from /home/airflow/.local/lib/python3.7/site-packages/airflow/example_dags/example_xcomargs.py
[2023-04-30T00:28:07.287+0000] {logging_mixin.py:137} INFO - [2023-04-30T00:28:07.287+0000] {dag.py:2693} INFO - Sync 2 DAGs
[2023-04-30T00:28:07.311+0000] {logging_mixin.py:137} INFO - [2023-04-30T00:28:07.311+0000] {dag.py:3444} INFO - Setting next_dagrun for example_xcom_args to None, run_after=None
[2023-04-30T00:28:07.316+0000] {logging_mixin.py:137} INFO - [2023-04-30T00:28:07.316+0000] {dag.py:3444} INFO - Setting next_dagrun for example_xcom_args_with_operators to None, run_after=None
[2023-04-30T00:28:07.329+0000] {processor.py:175} INFO - Processing /home/airflow/.local/lib/python3.7/site-packages/airflow/example_dags/example_xcomargs.py took 0.098 seconds
[2023-04-30T00:28:38.273+0000] {processor.py:153} INFO - Started process (PID=3269) to work on /home/airflow/.local/lib/python3.7/site-packages/airflow/example_dags/example_xcomargs.py
[2023-04-30T00:28:38.274+0000] {processor.py:743} INFO - Processing file /home/airflow/.local/lib/python3.7/site-packages/airflow/example_dags/example_xcomargs.py for tasks to queue
[2023-04-30T00:28:38.275+0000] {logging_mixin.py:137} INFO - [2023-04-30T00:28:38.275+0000] {dagbag.py:532} INFO - Filling up the DagBag from /home/airflow/.local/lib/python3.7/site-packages/airflow/example_dags/example_xcomargs.py
[2023-04-30T00:28:38.292+0000] {processor.py:753} INFO - DAG(s) dict_keys(['example_xcom_args', 'example_xcom_args_with_operators']) retrieved from /home/airflow/.local/lib/python3.7/site-packages/airflow/example_dags/example_xcomargs.py
[2023-04-30T00:28:38.314+0000] {logging_mixin.py:137} INFO - [2023-04-30T00:28:38.314+0000] {dag.py:2693} INFO - Sync 2 DAGs
[2023-04-30T00:28:38.331+0000] {logging_mixin.py:137} INFO - [2023-04-30T00:28:38.331+0000] {dag.py:3444} INFO - Setting next_dagrun for example_xcom_args to None, run_after=None
[2023-04-30T00:28:38.334+0000] {logging_mixin.py:137} INFO - [2023-04-30T00:28:38.334+0000] {dag.py:3444} INFO - Setting next_dagrun for example_xcom_args_with_operators to None, run_after=None
[2023-04-30T00:28:38.345+0000] {processor.py:175} INFO - Processing /home/airflow/.local/lib/python3.7/site-packages/airflow/example_dags/example_xcomargs.py took 0.075 seconds
[2023-04-30T00:29:09.252+0000] {processor.py:153} INFO - Started process (PID=3320) to work on /home/airflow/.local/lib/python3.7/site-packages/airflow/example_dags/example_xcomargs.py
[2023-04-30T00:29:09.253+0000] {processor.py:743} INFO - Processing file /home/airflow/.local/lib/python3.7/site-packages/airflow/example_dags/example_xcomargs.py for tasks to queue
[2023-04-30T00:29:09.254+0000] {logging_mixin.py:137} INFO - [2023-04-30T00:29:09.254+0000] {dagbag.py:532} INFO - Filling up the DagBag from /home/airflow/.local/lib/python3.7/site-packages/airflow/example_dags/example_xcomargs.py
[2023-04-30T00:29:09.271+0000] {processor.py:753} INFO - DAG(s) dict_keys(['example_xcom_args_with_operators', 'example_xcom_args']) retrieved from /home/airflow/.local/lib/python3.7/site-packages/airflow/example_dags/example_xcomargs.py
[2023-04-30T00:29:09.292+0000] {logging_mixin.py:137} INFO - [2023-04-30T00:29:09.292+0000] {dag.py:2693} INFO - Sync 2 DAGs
[2023-04-30T00:29:09.308+0000] {logging_mixin.py:137} INFO - [2023-04-30T00:29:09.308+0000] {dag.py:3444} INFO - Setting next_dagrun for example_xcom_args to None, run_after=None
[2023-04-30T00:29:09.311+0000] {logging_mixin.py:137} INFO - [2023-04-30T00:29:09.311+0000] {dag.py:3444} INFO - Setting next_dagrun for example_xcom_args_with_operators to None, run_after=None
[2023-04-30T00:29:09.321+0000] {processor.py:175} INFO - Processing /home/airflow/.local/lib/python3.7/site-packages/airflow/example_dags/example_xcomargs.py took 0.072 seconds
[2023-04-30T00:29:39.944+0000] {processor.py:153} INFO - Started process (PID=3370) to work on /home/airflow/.local/lib/python3.7/site-packages/airflow/example_dags/example_xcomargs.py
[2023-04-30T00:29:39.946+0000] {processor.py:743} INFO - Processing file /home/airflow/.local/lib/python3.7/site-packages/airflow/example_dags/example_xcomargs.py for tasks to queue
[2023-04-30T00:29:39.947+0000] {logging_mixin.py:137} INFO - [2023-04-30T00:29:39.946+0000] {dagbag.py:532} INFO - Filling up the DagBag from /home/airflow/.local/lib/python3.7/site-packages/airflow/example_dags/example_xcomargs.py
[2023-04-30T00:29:39.964+0000] {processor.py:753} INFO - DAG(s) dict_keys(['example_xcom_args_with_operators', 'example_xcom_args']) retrieved from /home/airflow/.local/lib/python3.7/site-packages/airflow/example_dags/example_xcomargs.py
[2023-04-30T00:29:39.985+0000] {logging_mixin.py:137} INFO - [2023-04-30T00:29:39.985+0000] {dag.py:2693} INFO - Sync 2 DAGs
[2023-04-30T00:29:40.001+0000] {logging_mixin.py:137} INFO - [2023-04-30T00:29:40.001+0000] {dag.py:3444} INFO - Setting next_dagrun for example_xcom_args to None, run_after=None
[2023-04-30T00:29:40.003+0000] {logging_mixin.py:137} INFO - [2023-04-30T00:29:40.003+0000] {dag.py:3444} INFO - Setting next_dagrun for example_xcom_args_with_operators to None, run_after=None
[2023-04-30T00:29:40.013+0000] {processor.py:175} INFO - Processing /home/airflow/.local/lib/python3.7/site-packages/airflow/example_dags/example_xcomargs.py took 0.072 seconds
[2023-04-30T00:30:10.559+0000] {processor.py:153} INFO - Started process (PID=3421) to work on /home/airflow/.local/lib/python3.7/site-packages/airflow/example_dags/example_xcomargs.py
[2023-04-30T00:30:10.561+0000] {processor.py:743} INFO - Processing file /home/airflow/.local/lib/python3.7/site-packages/airflow/example_dags/example_xcomargs.py for tasks to queue
[2023-04-30T00:30:10.562+0000] {logging_mixin.py:137} INFO - [2023-04-30T00:30:10.562+0000] {dagbag.py:532} INFO - Filling up the DagBag from /home/airflow/.local/lib/python3.7/site-packages/airflow/example_dags/example_xcomargs.py
[2023-04-30T00:30:10.579+0000] {processor.py:753} INFO - DAG(s) dict_keys(['example_xcom_args', 'example_xcom_args_with_operators']) retrieved from /home/airflow/.local/lib/python3.7/site-packages/airflow/example_dags/example_xcomargs.py
[2023-04-30T00:30:10.600+0000] {logging_mixin.py:137} INFO - [2023-04-30T00:30:10.600+0000] {dag.py:2693} INFO - Sync 2 DAGs
[2023-04-30T00:30:10.617+0000] {logging_mixin.py:137} INFO - [2023-04-30T00:30:10.616+0000] {dag.py:3444} INFO - Setting next_dagrun for example_xcom_args to None, run_after=None
[2023-04-30T00:30:10.624+0000] {logging_mixin.py:137} INFO - [2023-04-30T00:30:10.624+0000] {dag.py:3444} INFO - Setting next_dagrun for example_xcom_args_with_operators to None, run_after=None
[2023-04-30T00:30:10.633+0000] {processor.py:175} INFO - Processing /home/airflow/.local/lib/python3.7/site-packages/airflow/example_dags/example_xcomargs.py took 0.077 seconds
[2023-04-30T00:30:41.169+0000] {processor.py:153} INFO - Started process (PID=3472) to work on /home/airflow/.local/lib/python3.7/site-packages/airflow/example_dags/example_xcomargs.py
[2023-04-30T00:30:41.170+0000] {processor.py:743} INFO - Processing file /home/airflow/.local/lib/python3.7/site-packages/airflow/example_dags/example_xcomargs.py for tasks to queue
[2023-04-30T00:30:41.171+0000] {logging_mixin.py:137} INFO - [2023-04-30T00:30:41.171+0000] {dagbag.py:532} INFO - Filling up the DagBag from /home/airflow/.local/lib/python3.7/site-packages/airflow/example_dags/example_xcomargs.py
[2023-04-30T00:30:41.188+0000] {processor.py:753} INFO - DAG(s) dict_keys(['example_xcom_args', 'example_xcom_args_with_operators']) retrieved from /home/airflow/.local/lib/python3.7/site-packages/airflow/example_dags/example_xcomargs.py
[2023-04-30T00:30:41.209+0000] {logging_mixin.py:137} INFO - [2023-04-30T00:30:41.209+0000] {dag.py:2693} INFO - Sync 2 DAGs
[2023-04-30T00:30:41.226+0000] {logging_mixin.py:137} INFO - [2023-04-30T00:30:41.225+0000] {dag.py:3444} INFO - Setting next_dagrun for example_xcom_args to None, run_after=None
[2023-04-30T00:30:41.228+0000] {logging_mixin.py:137} INFO - [2023-04-30T00:30:41.228+0000] {dag.py:3444} INFO - Setting next_dagrun for example_xcom_args_with_operators to None, run_after=None
[2023-04-30T00:30:41.238+0000] {processor.py:175} INFO - Processing /home/airflow/.local/lib/python3.7/site-packages/airflow/example_dags/example_xcomargs.py took 0.072 seconds
[2023-04-30T00:31:11.814+0000] {processor.py:153} INFO - Started process (PID=3523) to work on /home/airflow/.local/lib/python3.7/site-packages/airflow/example_dags/example_xcomargs.py
[2023-04-30T00:31:11.815+0000] {processor.py:743} INFO - Processing file /home/airflow/.local/lib/python3.7/site-packages/airflow/example_dags/example_xcomargs.py for tasks to queue
[2023-04-30T00:31:11.816+0000] {logging_mixin.py:137} INFO - [2023-04-30T00:31:11.816+0000] {dagbag.py:532} INFO - Filling up the DagBag from /home/airflow/.local/lib/python3.7/site-packages/airflow/example_dags/example_xcomargs.py
[2023-04-30T00:31:11.832+0000] {processor.py:753} INFO - DAG(s) dict_keys(['example_xcom_args', 'example_xcom_args_with_operators']) retrieved from /home/airflow/.local/lib/python3.7/site-packages/airflow/example_dags/example_xcomargs.py
[2023-04-30T00:31:11.854+0000] {logging_mixin.py:137} INFO - [2023-04-30T00:31:11.854+0000] {dag.py:2693} INFO - Sync 2 DAGs
[2023-04-30T00:31:11.871+0000] {logging_mixin.py:137} INFO - [2023-04-30T00:31:11.871+0000] {dag.py:3444} INFO - Setting next_dagrun for example_xcom_args to None, run_after=None
[2023-04-30T00:31:11.873+0000] {logging_mixin.py:137} INFO - [2023-04-30T00:31:11.873+0000] {dag.py:3444} INFO - Setting next_dagrun for example_xcom_args_with_operators to None, run_after=None
[2023-04-30T00:31:11.883+0000] {processor.py:175} INFO - Processing /home/airflow/.local/lib/python3.7/site-packages/airflow/example_dags/example_xcomargs.py took 0.072 seconds
[2023-04-30T00:31:42.418+0000] {processor.py:153} INFO - Started process (PID=3574) to work on /home/airflow/.local/lib/python3.7/site-packages/airflow/example_dags/example_xcomargs.py
[2023-04-30T00:31:42.419+0000] {processor.py:743} INFO - Processing file /home/airflow/.local/lib/python3.7/site-packages/airflow/example_dags/example_xcomargs.py for tasks to queue
[2023-04-30T00:31:42.420+0000] {logging_mixin.py:137} INFO - [2023-04-30T00:31:42.420+0000] {dagbag.py:532} INFO - Filling up the DagBag from /home/airflow/.local/lib/python3.7/site-packages/airflow/example_dags/example_xcomargs.py
[2023-04-30T00:31:42.437+0000] {processor.py:753} INFO - DAG(s) dict_keys(['example_xcom_args', 'example_xcom_args_with_operators']) retrieved from /home/airflow/.local/lib/python3.7/site-packages/airflow/example_dags/example_xcomargs.py
[2023-04-30T00:31:42.458+0000] {logging_mixin.py:137} INFO - [2023-04-30T00:31:42.458+0000] {dag.py:2693} INFO - Sync 2 DAGs
[2023-04-30T00:31:42.475+0000] {logging_mixin.py:137} INFO - [2023-04-30T00:31:42.475+0000] {dag.py:3444} INFO - Setting next_dagrun for example_xcom_args to None, run_after=None
[2023-04-30T00:31:42.478+0000] {logging_mixin.py:137} INFO - [2023-04-30T00:31:42.478+0000] {dag.py:3444} INFO - Setting next_dagrun for example_xcom_args_with_operators to None, run_after=None
[2023-04-30T00:31:42.488+0000] {processor.py:175} INFO - Processing /home/airflow/.local/lib/python3.7/site-packages/airflow/example_dags/example_xcomargs.py took 0.073 seconds
[2023-04-30T00:32:12.940+0000] {processor.py:153} INFO - Started process (PID=3625) to work on /home/airflow/.local/lib/python3.7/site-packages/airflow/example_dags/example_xcomargs.py
[2023-04-30T00:32:12.941+0000] {processor.py:743} INFO - Processing file /home/airflow/.local/lib/python3.7/site-packages/airflow/example_dags/example_xcomargs.py for tasks to queue
[2023-04-30T00:32:12.942+0000] {logging_mixin.py:137} INFO - [2023-04-30T00:32:12.942+0000] {dagbag.py:532} INFO - Filling up the DagBag from /home/airflow/.local/lib/python3.7/site-packages/airflow/example_dags/example_xcomargs.py
[2023-04-30T00:32:12.958+0000] {processor.py:753} INFO - DAG(s) dict_keys(['example_xcom_args', 'example_xcom_args_with_operators']) retrieved from /home/airflow/.local/lib/python3.7/site-packages/airflow/example_dags/example_xcomargs.py
[2023-04-30T00:32:12.980+0000] {logging_mixin.py:137} INFO - [2023-04-30T00:32:12.980+0000] {dag.py:2693} INFO - Sync 2 DAGs
[2023-04-30T00:32:12.997+0000] {logging_mixin.py:137} INFO - [2023-04-30T00:32:12.996+0000] {dag.py:3444} INFO - Setting next_dagrun for example_xcom_args to None, run_after=None
[2023-04-30T00:32:12.999+0000] {logging_mixin.py:137} INFO - [2023-04-30T00:32:12.999+0000] {dag.py:3444} INFO - Setting next_dagrun for example_xcom_args_with_operators to None, run_after=None
[2023-04-30T00:32:13.010+0000] {processor.py:175} INFO - Processing /home/airflow/.local/lib/python3.7/site-packages/airflow/example_dags/example_xcomargs.py took 0.073 seconds
[2023-04-30T00:32:43.607+0000] {processor.py:153} INFO - Started process (PID=3675) to work on /home/airflow/.local/lib/python3.7/site-packages/airflow/example_dags/example_xcomargs.py
[2023-04-30T00:32:43.608+0000] {processor.py:743} INFO - Processing file /home/airflow/.local/lib/python3.7/site-packages/airflow/example_dags/example_xcomargs.py for tasks to queue
[2023-04-30T00:32:43.609+0000] {logging_mixin.py:137} INFO - [2023-04-30T00:32:43.609+0000] {dagbag.py:532} INFO - Filling up the DagBag from /home/airflow/.local/lib/python3.7/site-packages/airflow/example_dags/example_xcomargs.py
[2023-04-30T00:32:43.626+0000] {processor.py:753} INFO - DAG(s) dict_keys(['example_xcom_args_with_operators', 'example_xcom_args']) retrieved from /home/airflow/.local/lib/python3.7/site-packages/airflow/example_dags/example_xcomargs.py
[2023-04-30T00:32:43.647+0000] {logging_mixin.py:137} INFO - [2023-04-30T00:32:43.647+0000] {dag.py:2693} INFO - Sync 2 DAGs
[2023-04-30T00:32:43.666+0000] {logging_mixin.py:137} INFO - [2023-04-30T00:32:43.666+0000] {dag.py:3444} INFO - Setting next_dagrun for example_xcom_args to None, run_after=None
[2023-04-30T00:32:43.671+0000] {logging_mixin.py:137} INFO - [2023-04-30T00:32:43.671+0000] {dag.py:3444} INFO - Setting next_dagrun for example_xcom_args_with_operators to None, run_after=None
[2023-04-30T00:32:43.682+0000] {processor.py:175} INFO - Processing /home/airflow/.local/lib/python3.7/site-packages/airflow/example_dags/example_xcomargs.py took 0.079 seconds
[2023-04-30T00:33:14.110+0000] {processor.py:153} INFO - Started process (PID=3726) to work on /home/airflow/.local/lib/python3.7/site-packages/airflow/example_dags/example_xcomargs.py
[2023-04-30T00:33:14.112+0000] {processor.py:743} INFO - Processing file /home/airflow/.local/lib/python3.7/site-packages/airflow/example_dags/example_xcomargs.py for tasks to queue
[2023-04-30T00:33:14.113+0000] {logging_mixin.py:137} INFO - [2023-04-30T00:33:14.113+0000] {dagbag.py:532} INFO - Filling up the DagBag from /home/airflow/.local/lib/python3.7/site-packages/airflow/example_dags/example_xcomargs.py
[2023-04-30T00:33:14.131+0000] {processor.py:753} INFO - DAG(s) dict_keys(['example_xcom_args', 'example_xcom_args_with_operators']) retrieved from /home/airflow/.local/lib/python3.7/site-packages/airflow/example_dags/example_xcomargs.py
[2023-04-30T00:33:14.160+0000] {logging_mixin.py:137} INFO - [2023-04-30T00:33:14.159+0000] {dag.py:2693} INFO - Sync 2 DAGs
[2023-04-30T00:33:14.183+0000] {logging_mixin.py:137} INFO - [2023-04-30T00:33:14.182+0000] {dag.py:3444} INFO - Setting next_dagrun for example_xcom_args to None, run_after=None
[2023-04-30T00:33:14.186+0000] {logging_mixin.py:137} INFO - [2023-04-30T00:33:14.186+0000] {dag.py:3444} INFO - Setting next_dagrun for example_xcom_args_with_operators to None, run_after=None
[2023-04-30T00:33:14.199+0000] {processor.py:175} INFO - Processing /home/airflow/.local/lib/python3.7/site-packages/airflow/example_dags/example_xcomargs.py took 0.093 seconds
[2023-04-30T00:33:44.809+0000] {processor.py:153} INFO - Started process (PID=3777) to work on /home/airflow/.local/lib/python3.7/site-packages/airflow/example_dags/example_xcomargs.py
[2023-04-30T00:33:44.810+0000] {processor.py:743} INFO - Processing file /home/airflow/.local/lib/python3.7/site-packages/airflow/example_dags/example_xcomargs.py for tasks to queue
[2023-04-30T00:33:44.811+0000] {logging_mixin.py:137} INFO - [2023-04-30T00:33:44.811+0000] {dagbag.py:532} INFO - Filling up the DagBag from /home/airflow/.local/lib/python3.7/site-packages/airflow/example_dags/example_xcomargs.py
[2023-04-30T00:33:44.828+0000] {processor.py:753} INFO - DAG(s) dict_keys(['example_xcom_args', 'example_xcom_args_with_operators']) retrieved from /home/airflow/.local/lib/python3.7/site-packages/airflow/example_dags/example_xcomargs.py
[2023-04-30T00:33:44.849+0000] {logging_mixin.py:137} INFO - [2023-04-30T00:33:44.849+0000] {dag.py:2693} INFO - Sync 2 DAGs
[2023-04-30T00:33:44.865+0000] {logging_mixin.py:137} INFO - [2023-04-30T00:33:44.865+0000] {dag.py:3444} INFO - Setting next_dagrun for example_xcom_args to None, run_after=None
[2023-04-30T00:33:44.867+0000] {logging_mixin.py:137} INFO - [2023-04-30T00:33:44.867+0000] {dag.py:3444} INFO - Setting next_dagrun for example_xcom_args_with_operators to None, run_after=None
[2023-04-30T00:33:44.878+0000] {processor.py:175} INFO - Processing /home/airflow/.local/lib/python3.7/site-packages/airflow/example_dags/example_xcomargs.py took 0.072 seconds
[2023-04-30T00:34:15.370+0000] {processor.py:153} INFO - Started process (PID=3828) to work on /home/airflow/.local/lib/python3.7/site-packages/airflow/example_dags/example_xcomargs.py
[2023-04-30T00:34:15.372+0000] {processor.py:743} INFO - Processing file /home/airflow/.local/lib/python3.7/site-packages/airflow/example_dags/example_xcomargs.py for tasks to queue
[2023-04-30T00:34:15.373+0000] {logging_mixin.py:137} INFO - [2023-04-30T00:34:15.372+0000] {dagbag.py:532} INFO - Filling up the DagBag from /home/airflow/.local/lib/python3.7/site-packages/airflow/example_dags/example_xcomargs.py
[2023-04-30T00:34:15.389+0000] {processor.py:753} INFO - DAG(s) dict_keys(['example_xcom_args', 'example_xcom_args_with_operators']) retrieved from /home/airflow/.local/lib/python3.7/site-packages/airflow/example_dags/example_xcomargs.py
[2023-04-30T00:34:15.410+0000] {logging_mixin.py:137} INFO - [2023-04-30T00:34:15.410+0000] {dag.py:2693} INFO - Sync 2 DAGs
[2023-04-30T00:34:15.426+0000] {logging_mixin.py:137} INFO - [2023-04-30T00:34:15.426+0000] {dag.py:3444} INFO - Setting next_dagrun for example_xcom_args to None, run_after=None
[2023-04-30T00:34:15.429+0000] {logging_mixin.py:137} INFO - [2023-04-30T00:34:15.429+0000] {dag.py:3444} INFO - Setting next_dagrun for example_xcom_args_with_operators to None, run_after=None
[2023-04-30T00:34:15.438+0000] {processor.py:175} INFO - Processing /home/airflow/.local/lib/python3.7/site-packages/airflow/example_dags/example_xcomargs.py took 0.071 seconds
[2023-04-30T00:34:45.614+0000] {processor.py:153} INFO - Started process (PID=3879) to work on /home/airflow/.local/lib/python3.7/site-packages/airflow/example_dags/example_xcomargs.py
[2023-04-30T00:34:45.616+0000] {processor.py:743} INFO - Processing file /home/airflow/.local/lib/python3.7/site-packages/airflow/example_dags/example_xcomargs.py for tasks to queue
[2023-04-30T00:34:45.617+0000] {logging_mixin.py:137} INFO - [2023-04-30T00:34:45.617+0000] {dagbag.py:532} INFO - Filling up the DagBag from /home/airflow/.local/lib/python3.7/site-packages/airflow/example_dags/example_xcomargs.py
[2023-04-30T00:34:45.635+0000] {processor.py:753} INFO - DAG(s) dict_keys(['example_xcom_args', 'example_xcom_args_with_operators']) retrieved from /home/airflow/.local/lib/python3.7/site-packages/airflow/example_dags/example_xcomargs.py
[2023-04-30T00:34:45.657+0000] {logging_mixin.py:137} INFO - [2023-04-30T00:34:45.657+0000] {dag.py:2693} INFO - Sync 2 DAGs
[2023-04-30T00:34:45.675+0000] {logging_mixin.py:137} INFO - [2023-04-30T00:34:45.675+0000] {dag.py:3444} INFO - Setting next_dagrun for example_xcom_args to None, run_after=None
[2023-04-30T00:34:45.678+0000] {logging_mixin.py:137} INFO - [2023-04-30T00:34:45.678+0000] {dag.py:3444} INFO - Setting next_dagrun for example_xcom_args_with_operators to None, run_after=None
[2023-04-30T00:34:45.698+0000] {processor.py:175} INFO - Processing /home/airflow/.local/lib/python3.7/site-packages/airflow/example_dags/example_xcomargs.py took 0.087 seconds
