[2023-04-30T00:08:49.878+0000] {processor.py:153} INFO - Started process (PID=2367) to work on /home/airflow/.local/lib/python3.7/site-packages/airflow/example_dags/example_branch_operator.py
[2023-04-30T00:08:49.879+0000] {processor.py:743} INFO - Processing file /home/airflow/.local/lib/python3.7/site-packages/airflow/example_dags/example_branch_operator.py for tasks to queue
[2023-04-30T00:08:49.880+0000] {logging_mixin.py:137} INFO - [2023-04-30T00:08:49.880+0000] {dagbag.py:532} INFO - Filling up the DagBag from /home/airflow/.local/lib/python3.7/site-packages/airflow/example_dags/example_branch_operator.py
[2023-04-30T00:08:49.893+0000] {processor.py:753} INFO - DAG(s) dict_keys(['example_branch_operator']) retrieved from /home/airflow/.local/lib/python3.7/site-packages/airflow/example_dags/example_branch_operator.py
[2023-04-30T00:08:49.914+0000] {logging_mixin.py:137} INFO - [2023-04-30T00:08:49.914+0000] {dag.py:2693} INFO - Sync 1 DAGs
[2023-04-30T00:08:49.930+0000] {logging_mixin.py:137} INFO - [2023-04-30T00:08:49.930+0000] {dag.py:3444} INFO - Setting next_dagrun for example_branch_operator to 2023-04-29T00:00:00+00:00, run_after=2023-04-30T00:00:00+00:00
[2023-04-30T00:08:49.941+0000] {processor.py:175} INFO - Processing /home/airflow/.local/lib/python3.7/site-packages/airflow/example_dags/example_branch_operator.py took 0.066 seconds
[2023-04-30T00:19:56.914+0000] {processor.py:153} INFO - Started process (PID=2418) to work on /home/airflow/.local/lib/python3.7/site-packages/airflow/example_dags/example_branch_operator.py
[2023-04-30T00:19:56.915+0000] {processor.py:743} INFO - Processing file /home/airflow/.local/lib/python3.7/site-packages/airflow/example_dags/example_branch_operator.py for tasks to queue
[2023-04-30T00:19:56.915+0000] {logging_mixin.py:137} INFO - [2023-04-30T00:19:56.915+0000] {dagbag.py:532} INFO - Filling up the DagBag from /home/airflow/.local/lib/python3.7/site-packages/airflow/example_dags/example_branch_operator.py
[2023-04-30T00:19:56.927+0000] {processor.py:753} INFO - DAG(s) dict_keys(['example_branch_operator']) retrieved from /home/airflow/.local/lib/python3.7/site-packages/airflow/example_dags/example_branch_operator.py
[2023-04-30T00:19:56.949+0000] {logging_mixin.py:137} INFO - [2023-04-30T00:19:56.949+0000] {dag.py:2693} INFO - Sync 1 DAGs
[2023-04-30T00:19:56.995+0000] {logging_mixin.py:137} INFO - [2023-04-30T00:19:56.995+0000] {dag.py:3444} INFO - Setting next_dagrun for example_branch_operator to 2023-04-29T00:00:00+00:00, run_after=2023-04-30T00:00:00+00:00
[2023-04-30T00:19:57.021+0000] {processor.py:175} INFO - Processing /home/airflow/.local/lib/python3.7/site-packages/airflow/example_dags/example_branch_operator.py took 0.110 seconds
[2023-04-30T00:20:27.533+0000] {processor.py:153} INFO - Started process (PID=2469) to work on /home/airflow/.local/lib/python3.7/site-packages/airflow/example_dags/example_branch_operator.py
[2023-04-30T00:20:27.535+0000] {processor.py:743} INFO - Processing file /home/airflow/.local/lib/python3.7/site-packages/airflow/example_dags/example_branch_operator.py for tasks to queue
[2023-04-30T00:20:27.536+0000] {logging_mixin.py:137} INFO - [2023-04-30T00:20:27.536+0000] {dagbag.py:532} INFO - Filling up the DagBag from /home/airflow/.local/lib/python3.7/site-packages/airflow/example_dags/example_branch_operator.py
[2023-04-30T00:20:27.548+0000] {processor.py:753} INFO - DAG(s) dict_keys(['example_branch_operator']) retrieved from /home/airflow/.local/lib/python3.7/site-packages/airflow/example_dags/example_branch_operator.py
[2023-04-30T00:20:27.569+0000] {logging_mixin.py:137} INFO - [2023-04-30T00:20:27.569+0000] {dag.py:2693} INFO - Sync 1 DAGs
[2023-04-30T00:20:27.587+0000] {logging_mixin.py:137} INFO - [2023-04-30T00:20:27.587+0000] {dag.py:3444} INFO - Setting next_dagrun for example_branch_operator to 2023-04-29T00:00:00+00:00, run_after=2023-04-30T00:00:00+00:00
[2023-04-30T00:20:27.604+0000] {processor.py:175} INFO - Processing /home/airflow/.local/lib/python3.7/site-packages/airflow/example_dags/example_branch_operator.py took 0.074 seconds
[2023-04-30T00:20:58.423+0000] {processor.py:153} INFO - Started process (PID=2520) to work on /home/airflow/.local/lib/python3.7/site-packages/airflow/example_dags/example_branch_operator.py
[2023-04-30T00:20:58.424+0000] {processor.py:743} INFO - Processing file /home/airflow/.local/lib/python3.7/site-packages/airflow/example_dags/example_branch_operator.py for tasks to queue
[2023-04-30T00:20:58.424+0000] {logging_mixin.py:137} INFO - [2023-04-30T00:20:58.424+0000] {dagbag.py:532} INFO - Filling up the DagBag from /home/airflow/.local/lib/python3.7/site-packages/airflow/example_dags/example_branch_operator.py
[2023-04-30T00:20:58.436+0000] {processor.py:753} INFO - DAG(s) dict_keys(['example_branch_operator']) retrieved from /home/airflow/.local/lib/python3.7/site-packages/airflow/example_dags/example_branch_operator.py
[2023-04-30T00:20:58.455+0000] {logging_mixin.py:137} INFO - [2023-04-30T00:20:58.455+0000] {dag.py:2693} INFO - Sync 1 DAGs
[2023-04-30T00:20:58.471+0000] {logging_mixin.py:137} INFO - [2023-04-30T00:20:58.471+0000] {dag.py:3444} INFO - Setting next_dagrun for example_branch_operator to 2023-04-29T00:00:00+00:00, run_after=2023-04-30T00:00:00+00:00
[2023-04-30T00:20:58.481+0000] {processor.py:175} INFO - Processing /home/airflow/.local/lib/python3.7/site-packages/airflow/example_dags/example_branch_operator.py took 0.061 seconds
[2023-04-30T00:21:29.272+0000] {processor.py:153} INFO - Started process (PID=2571) to work on /home/airflow/.local/lib/python3.7/site-packages/airflow/example_dags/example_branch_operator.py
[2023-04-30T00:21:29.273+0000] {processor.py:743} INFO - Processing file /home/airflow/.local/lib/python3.7/site-packages/airflow/example_dags/example_branch_operator.py for tasks to queue
[2023-04-30T00:21:29.274+0000] {logging_mixin.py:137} INFO - [2023-04-30T00:21:29.274+0000] {dagbag.py:532} INFO - Filling up the DagBag from /home/airflow/.local/lib/python3.7/site-packages/airflow/example_dags/example_branch_operator.py
[2023-04-30T00:21:29.287+0000] {processor.py:753} INFO - DAG(s) dict_keys(['example_branch_operator']) retrieved from /home/airflow/.local/lib/python3.7/site-packages/airflow/example_dags/example_branch_operator.py
[2023-04-30T00:21:29.307+0000] {logging_mixin.py:137} INFO - [2023-04-30T00:21:29.307+0000] {dag.py:2693} INFO - Sync 1 DAGs
[2023-04-30T00:21:29.324+0000] {logging_mixin.py:137} INFO - [2023-04-30T00:21:29.324+0000] {dag.py:3444} INFO - Setting next_dagrun for example_branch_operator to 2023-04-29T00:00:00+00:00, run_after=2023-04-30T00:00:00+00:00
[2023-04-30T00:21:29.334+0000] {processor.py:175} INFO - Processing /home/airflow/.local/lib/python3.7/site-packages/airflow/example_dags/example_branch_operator.py took 0.065 seconds
[2023-04-30T00:21:59.958+0000] {processor.py:153} INFO - Started process (PID=2622) to work on /home/airflow/.local/lib/python3.7/site-packages/airflow/example_dags/example_branch_operator.py
[2023-04-30T00:21:59.960+0000] {processor.py:743} INFO - Processing file /home/airflow/.local/lib/python3.7/site-packages/airflow/example_dags/example_branch_operator.py for tasks to queue
[2023-04-30T00:21:59.960+0000] {logging_mixin.py:137} INFO - [2023-04-30T00:21:59.960+0000] {dagbag.py:532} INFO - Filling up the DagBag from /home/airflow/.local/lib/python3.7/site-packages/airflow/example_dags/example_branch_operator.py
[2023-04-30T00:21:59.973+0000] {processor.py:753} INFO - DAG(s) dict_keys(['example_branch_operator']) retrieved from /home/airflow/.local/lib/python3.7/site-packages/airflow/example_dags/example_branch_operator.py
[2023-04-30T00:21:59.994+0000] {logging_mixin.py:137} INFO - [2023-04-30T00:21:59.994+0000] {dag.py:2693} INFO - Sync 1 DAGs
[2023-04-30T00:22:00.015+0000] {logging_mixin.py:137} INFO - [2023-04-30T00:22:00.014+0000] {dag.py:3444} INFO - Setting next_dagrun for example_branch_operator to 2023-04-29T00:00:00+00:00, run_after=2023-04-30T00:00:00+00:00
[2023-04-30T00:22:00.026+0000] {processor.py:175} INFO - Processing /home/airflow/.local/lib/python3.7/site-packages/airflow/example_dags/example_branch_operator.py took 0.071 seconds
[2023-04-30T00:22:30.828+0000] {processor.py:153} INFO - Started process (PID=2673) to work on /home/airflow/.local/lib/python3.7/site-packages/airflow/example_dags/example_branch_operator.py
[2023-04-30T00:22:30.829+0000] {processor.py:743} INFO - Processing file /home/airflow/.local/lib/python3.7/site-packages/airflow/example_dags/example_branch_operator.py for tasks to queue
[2023-04-30T00:22:30.830+0000] {logging_mixin.py:137} INFO - [2023-04-30T00:22:30.830+0000] {dagbag.py:532} INFO - Filling up the DagBag from /home/airflow/.local/lib/python3.7/site-packages/airflow/example_dags/example_branch_operator.py
[2023-04-30T00:22:30.843+0000] {processor.py:753} INFO - DAG(s) dict_keys(['example_branch_operator']) retrieved from /home/airflow/.local/lib/python3.7/site-packages/airflow/example_dags/example_branch_operator.py
[2023-04-30T00:22:30.864+0000] {logging_mixin.py:137} INFO - [2023-04-30T00:22:30.863+0000] {dag.py:2693} INFO - Sync 1 DAGs
[2023-04-30T00:22:30.880+0000] {logging_mixin.py:137} INFO - [2023-04-30T00:22:30.880+0000] {dag.py:3444} INFO - Setting next_dagrun for example_branch_operator to 2023-04-29T00:00:00+00:00, run_after=2023-04-30T00:00:00+00:00
[2023-04-30T00:22:30.891+0000] {processor.py:175} INFO - Processing /home/airflow/.local/lib/python3.7/site-packages/airflow/example_dags/example_branch_operator.py took 0.066 seconds
[2023-04-30T00:23:01.313+0000] {processor.py:153} INFO - Started process (PID=2724) to work on /home/airflow/.local/lib/python3.7/site-packages/airflow/example_dags/example_branch_operator.py
[2023-04-30T00:23:01.315+0000] {processor.py:743} INFO - Processing file /home/airflow/.local/lib/python3.7/site-packages/airflow/example_dags/example_branch_operator.py for tasks to queue
[2023-04-30T00:23:01.315+0000] {logging_mixin.py:137} INFO - [2023-04-30T00:23:01.315+0000] {dagbag.py:532} INFO - Filling up the DagBag from /home/airflow/.local/lib/python3.7/site-packages/airflow/example_dags/example_branch_operator.py
[2023-04-30T00:23:01.328+0000] {processor.py:753} INFO - DAG(s) dict_keys(['example_branch_operator']) retrieved from /home/airflow/.local/lib/python3.7/site-packages/airflow/example_dags/example_branch_operator.py
[2023-04-30T00:23:01.348+0000] {logging_mixin.py:137} INFO - [2023-04-30T00:23:01.348+0000] {dag.py:2693} INFO - Sync 1 DAGs
[2023-04-30T00:23:01.364+0000] {logging_mixin.py:137} INFO - [2023-04-30T00:23:01.364+0000] {dag.py:3444} INFO - Setting next_dagrun for example_branch_operator to 2023-04-29T00:00:00+00:00, run_after=2023-04-30T00:00:00+00:00
[2023-04-30T00:23:01.375+0000] {processor.py:175} INFO - Processing /home/airflow/.local/lib/python3.7/site-packages/airflow/example_dags/example_branch_operator.py took 0.065 seconds
[2023-04-30T00:23:31.763+0000] {processor.py:153} INFO - Started process (PID=2777) to work on /home/airflow/.local/lib/python3.7/site-packages/airflow/example_dags/example_branch_operator.py
[2023-04-30T00:23:31.765+0000] {processor.py:743} INFO - Processing file /home/airflow/.local/lib/python3.7/site-packages/airflow/example_dags/example_branch_operator.py for tasks to queue
[2023-04-30T00:23:31.768+0000] {logging_mixin.py:137} INFO - [2023-04-30T00:23:31.767+0000] {dagbag.py:532} INFO - Filling up the DagBag from /home/airflow/.local/lib/python3.7/site-packages/airflow/example_dags/example_branch_operator.py
[2023-04-30T00:23:31.789+0000] {processor.py:753} INFO - DAG(s) dict_keys(['example_branch_operator']) retrieved from /home/airflow/.local/lib/python3.7/site-packages/airflow/example_dags/example_branch_operator.py
[2023-04-30T00:23:31.838+0000] {logging_mixin.py:137} INFO - [2023-04-30T00:23:31.838+0000] {dag.py:2693} INFO - Sync 1 DAGs
[2023-04-30T00:23:31.856+0000] {logging_mixin.py:137} INFO - [2023-04-30T00:23:31.856+0000] {dag.py:3444} INFO - Setting next_dagrun for example_branch_operator to 2023-04-29T00:00:00+00:00, run_after=2023-04-30T00:00:00+00:00
[2023-04-30T00:23:31.869+0000] {processor.py:175} INFO - Processing /home/airflow/.local/lib/python3.7/site-packages/airflow/example_dags/example_branch_operator.py took 0.110 seconds
[2023-04-30T00:24:02.439+0000] {processor.py:153} INFO - Started process (PID=2831) to work on /home/airflow/.local/lib/python3.7/site-packages/airflow/example_dags/example_branch_operator.py
[2023-04-30T00:24:02.440+0000] {processor.py:743} INFO - Processing file /home/airflow/.local/lib/python3.7/site-packages/airflow/example_dags/example_branch_operator.py for tasks to queue
[2023-04-30T00:24:02.441+0000] {logging_mixin.py:137} INFO - [2023-04-30T00:24:02.441+0000] {dagbag.py:532} INFO - Filling up the DagBag from /home/airflow/.local/lib/python3.7/site-packages/airflow/example_dags/example_branch_operator.py
[2023-04-30T00:24:02.453+0000] {processor.py:753} INFO - DAG(s) dict_keys(['example_branch_operator']) retrieved from /home/airflow/.local/lib/python3.7/site-packages/airflow/example_dags/example_branch_operator.py
[2023-04-30T00:24:02.474+0000] {logging_mixin.py:137} INFO - [2023-04-30T00:24:02.474+0000] {dag.py:2693} INFO - Sync 1 DAGs
[2023-04-30T00:24:02.492+0000] {logging_mixin.py:137} INFO - [2023-04-30T00:24:02.492+0000] {dag.py:3444} INFO - Setting next_dagrun for example_branch_operator to 2023-04-29T00:00:00+00:00, run_after=2023-04-30T00:00:00+00:00
[2023-04-30T00:24:02.503+0000] {processor.py:175} INFO - Processing /home/airflow/.local/lib/python3.7/site-packages/airflow/example_dags/example_branch_operator.py took 0.067 seconds
[2023-04-30T00:24:33.190+0000] {processor.py:153} INFO - Started process (PID=2881) to work on /home/airflow/.local/lib/python3.7/site-packages/airflow/example_dags/example_branch_operator.py
[2023-04-30T00:24:33.191+0000] {processor.py:743} INFO - Processing file /home/airflow/.local/lib/python3.7/site-packages/airflow/example_dags/example_branch_operator.py for tasks to queue
[2023-04-30T00:24:33.192+0000] {logging_mixin.py:137} INFO - [2023-04-30T00:24:33.192+0000] {dagbag.py:532} INFO - Filling up the DagBag from /home/airflow/.local/lib/python3.7/site-packages/airflow/example_dags/example_branch_operator.py
[2023-04-30T00:24:33.205+0000] {processor.py:753} INFO - DAG(s) dict_keys(['example_branch_operator']) retrieved from /home/airflow/.local/lib/python3.7/site-packages/airflow/example_dags/example_branch_operator.py
[2023-04-30T00:24:33.226+0000] {logging_mixin.py:137} INFO - [2023-04-30T00:24:33.226+0000] {dag.py:2693} INFO - Sync 1 DAGs
[2023-04-30T00:24:33.242+0000] {logging_mixin.py:137} INFO - [2023-04-30T00:24:33.242+0000] {dag.py:3444} INFO - Setting next_dagrun for example_branch_operator to 2023-04-29T00:00:00+00:00, run_after=2023-04-30T00:00:00+00:00
[2023-04-30T00:24:33.253+0000] {processor.py:175} INFO - Processing /home/airflow/.local/lib/python3.7/site-packages/airflow/example_dags/example_branch_operator.py took 0.066 seconds
[2023-04-30T00:25:03.849+0000] {processor.py:153} INFO - Started process (PID=2932) to work on /home/airflow/.local/lib/python3.7/site-packages/airflow/example_dags/example_branch_operator.py
[2023-04-30T00:25:03.850+0000] {processor.py:743} INFO - Processing file /home/airflow/.local/lib/python3.7/site-packages/airflow/example_dags/example_branch_operator.py for tasks to queue
[2023-04-30T00:25:03.850+0000] {logging_mixin.py:137} INFO - [2023-04-30T00:25:03.850+0000] {dagbag.py:532} INFO - Filling up the DagBag from /home/airflow/.local/lib/python3.7/site-packages/airflow/example_dags/example_branch_operator.py
[2023-04-30T00:25:03.862+0000] {processor.py:753} INFO - DAG(s) dict_keys(['example_branch_operator']) retrieved from /home/airflow/.local/lib/python3.7/site-packages/airflow/example_dags/example_branch_operator.py
[2023-04-30T00:25:03.883+0000] {logging_mixin.py:137} INFO - [2023-04-30T00:25:03.883+0000] {dag.py:2693} INFO - Sync 1 DAGs
[2023-04-30T00:25:03.901+0000] {logging_mixin.py:137} INFO - [2023-04-30T00:25:03.901+0000] {dag.py:3444} INFO - Setting next_dagrun for example_branch_operator to 2023-04-29T00:00:00+00:00, run_after=2023-04-30T00:00:00+00:00
[2023-04-30T00:25:03.915+0000] {processor.py:175} INFO - Processing /home/airflow/.local/lib/python3.7/site-packages/airflow/example_dags/example_branch_operator.py took 0.070 seconds
[2023-04-30T00:25:34.403+0000] {processor.py:153} INFO - Started process (PID=2983) to work on /home/airflow/.local/lib/python3.7/site-packages/airflow/example_dags/example_branch_operator.py
[2023-04-30T00:25:34.404+0000] {processor.py:743} INFO - Processing file /home/airflow/.local/lib/python3.7/site-packages/airflow/example_dags/example_branch_operator.py for tasks to queue
[2023-04-30T00:25:34.405+0000] {logging_mixin.py:137} INFO - [2023-04-30T00:25:34.405+0000] {dagbag.py:532} INFO - Filling up the DagBag from /home/airflow/.local/lib/python3.7/site-packages/airflow/example_dags/example_branch_operator.py
[2023-04-30T00:25:34.417+0000] {processor.py:753} INFO - DAG(s) dict_keys(['example_branch_operator']) retrieved from /home/airflow/.local/lib/python3.7/site-packages/airflow/example_dags/example_branch_operator.py
[2023-04-30T00:25:34.437+0000] {logging_mixin.py:137} INFO - [2023-04-30T00:25:34.437+0000] {dag.py:2693} INFO - Sync 1 DAGs
[2023-04-30T00:25:34.455+0000] {logging_mixin.py:137} INFO - [2023-04-30T00:25:34.454+0000] {dag.py:3444} INFO - Setting next_dagrun for example_branch_operator to 2023-04-29T00:00:00+00:00, run_after=2023-04-30T00:00:00+00:00
[2023-04-30T00:25:34.465+0000] {processor.py:175} INFO - Processing /home/airflow/.local/lib/python3.7/site-packages/airflow/example_dags/example_branch_operator.py took 0.065 seconds
[2023-04-30T00:26:05.047+0000] {processor.py:153} INFO - Started process (PID=3035) to work on /home/airflow/.local/lib/python3.7/site-packages/airflow/example_dags/example_branch_operator.py
[2023-04-30T00:26:05.048+0000] {processor.py:743} INFO - Processing file /home/airflow/.local/lib/python3.7/site-packages/airflow/example_dags/example_branch_operator.py for tasks to queue
[2023-04-30T00:26:05.049+0000] {logging_mixin.py:137} INFO - [2023-04-30T00:26:05.049+0000] {dagbag.py:532} INFO - Filling up the DagBag from /home/airflow/.local/lib/python3.7/site-packages/airflow/example_dags/example_branch_operator.py
[2023-04-30T00:26:05.060+0000] {processor.py:753} INFO - DAG(s) dict_keys(['example_branch_operator']) retrieved from /home/airflow/.local/lib/python3.7/site-packages/airflow/example_dags/example_branch_operator.py
[2023-04-30T00:26:05.082+0000] {logging_mixin.py:137} INFO - [2023-04-30T00:26:05.082+0000] {dag.py:2693} INFO - Sync 1 DAGs
[2023-04-30T00:26:05.098+0000] {logging_mixin.py:137} INFO - [2023-04-30T00:26:05.098+0000] {dag.py:3444} INFO - Setting next_dagrun for example_branch_operator to 2023-04-29T00:00:00+00:00, run_after=2023-04-30T00:00:00+00:00
[2023-04-30T00:26:05.111+0000] {processor.py:175} INFO - Processing /home/airflow/.local/lib/python3.7/site-packages/airflow/example_dags/example_branch_operator.py took 0.067 seconds
[2023-04-30T00:26:35.603+0000] {processor.py:153} INFO - Started process (PID=3086) to work on /home/airflow/.local/lib/python3.7/site-packages/airflow/example_dags/example_branch_operator.py
[2023-04-30T00:26:35.604+0000] {processor.py:743} INFO - Processing file /home/airflow/.local/lib/python3.7/site-packages/airflow/example_dags/example_branch_operator.py for tasks to queue
[2023-04-30T00:26:35.605+0000] {logging_mixin.py:137} INFO - [2023-04-30T00:26:35.605+0000] {dagbag.py:532} INFO - Filling up the DagBag from /home/airflow/.local/lib/python3.7/site-packages/airflow/example_dags/example_branch_operator.py
[2023-04-30T00:26:35.618+0000] {processor.py:753} INFO - DAG(s) dict_keys(['example_branch_operator']) retrieved from /home/airflow/.local/lib/python3.7/site-packages/airflow/example_dags/example_branch_operator.py
[2023-04-30T00:26:35.638+0000] {logging_mixin.py:137} INFO - [2023-04-30T00:26:35.638+0000] {dag.py:2693} INFO - Sync 1 DAGs
[2023-04-30T00:26:35.654+0000] {logging_mixin.py:137} INFO - [2023-04-30T00:26:35.654+0000] {dag.py:3444} INFO - Setting next_dagrun for example_branch_operator to 2023-04-29T00:00:00+00:00, run_after=2023-04-30T00:00:00+00:00
[2023-04-30T00:26:35.665+0000] {processor.py:175} INFO - Processing /home/airflow/.local/lib/python3.7/site-packages/airflow/example_dags/example_branch_operator.py took 0.066 seconds
[2023-04-30T00:27:06.272+0000] {processor.py:153} INFO - Started process (PID=3137) to work on /home/airflow/.local/lib/python3.7/site-packages/airflow/example_dags/example_branch_operator.py
[2023-04-30T00:27:06.273+0000] {processor.py:743} INFO - Processing file /home/airflow/.local/lib/python3.7/site-packages/airflow/example_dags/example_branch_operator.py for tasks to queue
[2023-04-30T00:27:06.274+0000] {logging_mixin.py:137} INFO - [2023-04-30T00:27:06.274+0000] {dagbag.py:532} INFO - Filling up the DagBag from /home/airflow/.local/lib/python3.7/site-packages/airflow/example_dags/example_branch_operator.py
[2023-04-30T00:27:06.286+0000] {processor.py:753} INFO - DAG(s) dict_keys(['example_branch_operator']) retrieved from /home/airflow/.local/lib/python3.7/site-packages/airflow/example_dags/example_branch_operator.py
[2023-04-30T00:27:06.308+0000] {logging_mixin.py:137} INFO - [2023-04-30T00:27:06.308+0000] {dag.py:2693} INFO - Sync 1 DAGs
[2023-04-30T00:27:06.326+0000] {logging_mixin.py:137} INFO - [2023-04-30T00:27:06.326+0000] {dag.py:3444} INFO - Setting next_dagrun for example_branch_operator to 2023-04-29T00:00:00+00:00, run_after=2023-04-30T00:00:00+00:00
[2023-04-30T00:27:06.339+0000] {processor.py:175} INFO - Processing /home/airflow/.local/lib/python3.7/site-packages/airflow/example_dags/example_branch_operator.py took 0.070 seconds
[2023-04-30T00:27:37.734+0000] {processor.py:153} INFO - Started process (PID=3188) to work on /home/airflow/.local/lib/python3.7/site-packages/airflow/example_dags/example_branch_operator.py
[2023-04-30T00:27:37.735+0000] {processor.py:743} INFO - Processing file /home/airflow/.local/lib/python3.7/site-packages/airflow/example_dags/example_branch_operator.py for tasks to queue
[2023-04-30T00:27:37.736+0000] {logging_mixin.py:137} INFO - [2023-04-30T00:27:37.736+0000] {dagbag.py:532} INFO - Filling up the DagBag from /home/airflow/.local/lib/python3.7/site-packages/airflow/example_dags/example_branch_operator.py
[2023-04-30T00:27:37.748+0000] {processor.py:753} INFO - DAG(s) dict_keys(['example_branch_operator']) retrieved from /home/airflow/.local/lib/python3.7/site-packages/airflow/example_dags/example_branch_operator.py
[2023-04-30T00:27:37.769+0000] {logging_mixin.py:137} INFO - [2023-04-30T00:27:37.769+0000] {dag.py:2693} INFO - Sync 1 DAGs
[2023-04-30T00:27:37.787+0000] {logging_mixin.py:137} INFO - [2023-04-30T00:27:37.787+0000] {dag.py:3444} INFO - Setting next_dagrun for example_branch_operator to 2023-04-29T00:00:00+00:00, run_after=2023-04-30T00:00:00+00:00
[2023-04-30T00:27:37.798+0000] {processor.py:175} INFO - Processing /home/airflow/.local/lib/python3.7/site-packages/airflow/example_dags/example_branch_operator.py took 0.067 seconds
[2023-04-30T00:28:08.648+0000] {processor.py:153} INFO - Started process (PID=3239) to work on /home/airflow/.local/lib/python3.7/site-packages/airflow/example_dags/example_branch_operator.py
[2023-04-30T00:28:08.649+0000] {processor.py:743} INFO - Processing file /home/airflow/.local/lib/python3.7/site-packages/airflow/example_dags/example_branch_operator.py for tasks to queue
[2023-04-30T00:28:08.650+0000] {logging_mixin.py:137} INFO - [2023-04-30T00:28:08.650+0000] {dagbag.py:532} INFO - Filling up the DagBag from /home/airflow/.local/lib/python3.7/site-packages/airflow/example_dags/example_branch_operator.py
[2023-04-30T00:28:08.662+0000] {processor.py:753} INFO - DAG(s) dict_keys(['example_branch_operator']) retrieved from /home/airflow/.local/lib/python3.7/site-packages/airflow/example_dags/example_branch_operator.py
[2023-04-30T00:28:08.685+0000] {logging_mixin.py:137} INFO - [2023-04-30T00:28:08.685+0000] {dag.py:2693} INFO - Sync 1 DAGs
[2023-04-30T00:28:08.703+0000] {logging_mixin.py:137} INFO - [2023-04-30T00:28:08.703+0000] {dag.py:3444} INFO - Setting next_dagrun for example_branch_operator to 2023-04-29T00:00:00+00:00, run_after=2023-04-30T00:00:00+00:00
[2023-04-30T00:28:08.715+0000] {processor.py:175} INFO - Processing /home/airflow/.local/lib/python3.7/site-packages/airflow/example_dags/example_branch_operator.py took 0.069 seconds
[2023-04-30T00:28:39.530+0000] {processor.py:153} INFO - Started process (PID=3290) to work on /home/airflow/.local/lib/python3.7/site-packages/airflow/example_dags/example_branch_operator.py
[2023-04-30T00:28:39.537+0000] {processor.py:743} INFO - Processing file /home/airflow/.local/lib/python3.7/site-packages/airflow/example_dags/example_branch_operator.py for tasks to queue
[2023-04-30T00:28:39.539+0000] {logging_mixin.py:137} INFO - [2023-04-30T00:28:39.539+0000] {dagbag.py:532} INFO - Filling up the DagBag from /home/airflow/.local/lib/python3.7/site-packages/airflow/example_dags/example_branch_operator.py
[2023-04-30T00:28:39.558+0000] {processor.py:753} INFO - DAG(s) dict_keys(['example_branch_operator']) retrieved from /home/airflow/.local/lib/python3.7/site-packages/airflow/example_dags/example_branch_operator.py
[2023-04-30T00:28:39.590+0000] {logging_mixin.py:137} INFO - [2023-04-30T00:28:39.590+0000] {dag.py:2693} INFO - Sync 1 DAGs
[2023-04-30T00:28:39.615+0000] {logging_mixin.py:137} INFO - [2023-04-30T00:28:39.614+0000] {dag.py:3444} INFO - Setting next_dagrun for example_branch_operator to 2023-04-29T00:00:00+00:00, run_after=2023-04-30T00:00:00+00:00
[2023-04-30T00:28:39.631+0000] {processor.py:175} INFO - Processing /home/airflow/.local/lib/python3.7/site-packages/airflow/example_dags/example_branch_operator.py took 0.104 seconds
[2023-04-30T00:29:10.353+0000] {processor.py:153} INFO - Started process (PID=3341) to work on /home/airflow/.local/lib/python3.7/site-packages/airflow/example_dags/example_branch_operator.py
[2023-04-30T00:29:10.354+0000] {processor.py:743} INFO - Processing file /home/airflow/.local/lib/python3.7/site-packages/airflow/example_dags/example_branch_operator.py for tasks to queue
[2023-04-30T00:29:10.355+0000] {logging_mixin.py:137} INFO - [2023-04-30T00:29:10.355+0000] {dagbag.py:532} INFO - Filling up the DagBag from /home/airflow/.local/lib/python3.7/site-packages/airflow/example_dags/example_branch_operator.py
[2023-04-30T00:29:10.368+0000] {processor.py:753} INFO - DAG(s) dict_keys(['example_branch_operator']) retrieved from /home/airflow/.local/lib/python3.7/site-packages/airflow/example_dags/example_branch_operator.py
[2023-04-30T00:29:10.392+0000] {logging_mixin.py:137} INFO - [2023-04-30T00:29:10.392+0000] {dag.py:2693} INFO - Sync 1 DAGs
[2023-04-30T00:29:10.412+0000] {logging_mixin.py:137} INFO - [2023-04-30T00:29:10.412+0000] {dag.py:3444} INFO - Setting next_dagrun for example_branch_operator to 2023-04-29T00:00:00+00:00, run_after=2023-04-30T00:00:00+00:00
[2023-04-30T00:29:10.424+0000] {processor.py:175} INFO - Processing /home/airflow/.local/lib/python3.7/site-packages/airflow/example_dags/example_branch_operator.py took 0.074 seconds
[2023-04-30T00:29:41.020+0000] {processor.py:153} INFO - Started process (PID=3391) to work on /home/airflow/.local/lib/python3.7/site-packages/airflow/example_dags/example_branch_operator.py
[2023-04-30T00:29:41.021+0000] {processor.py:743} INFO - Processing file /home/airflow/.local/lib/python3.7/site-packages/airflow/example_dags/example_branch_operator.py for tasks to queue
[2023-04-30T00:29:41.022+0000] {logging_mixin.py:137} INFO - [2023-04-30T00:29:41.021+0000] {dagbag.py:532} INFO - Filling up the DagBag from /home/airflow/.local/lib/python3.7/site-packages/airflow/example_dags/example_branch_operator.py
[2023-04-30T00:29:41.034+0000] {processor.py:753} INFO - DAG(s) dict_keys(['example_branch_operator']) retrieved from /home/airflow/.local/lib/python3.7/site-packages/airflow/example_dags/example_branch_operator.py
[2023-04-30T00:29:41.055+0000] {logging_mixin.py:137} INFO - [2023-04-30T00:29:41.055+0000] {dag.py:2693} INFO - Sync 1 DAGs
[2023-04-30T00:29:41.072+0000] {logging_mixin.py:137} INFO - [2023-04-30T00:29:41.072+0000] {dag.py:3444} INFO - Setting next_dagrun for example_branch_operator to 2023-04-29T00:00:00+00:00, run_after=2023-04-30T00:00:00+00:00
[2023-04-30T00:29:41.083+0000] {processor.py:175} INFO - Processing /home/airflow/.local/lib/python3.7/site-packages/airflow/example_dags/example_branch_operator.py took 0.066 seconds
[2023-04-30T00:30:11.618+0000] {processor.py:153} INFO - Started process (PID=3442) to work on /home/airflow/.local/lib/python3.7/site-packages/airflow/example_dags/example_branch_operator.py
[2023-04-30T00:30:11.619+0000] {processor.py:743} INFO - Processing file /home/airflow/.local/lib/python3.7/site-packages/airflow/example_dags/example_branch_operator.py for tasks to queue
[2023-04-30T00:30:11.620+0000] {logging_mixin.py:137} INFO - [2023-04-30T00:30:11.620+0000] {dagbag.py:532} INFO - Filling up the DagBag from /home/airflow/.local/lib/python3.7/site-packages/airflow/example_dags/example_branch_operator.py
[2023-04-30T00:30:11.632+0000] {processor.py:753} INFO - DAG(s) dict_keys(['example_branch_operator']) retrieved from /home/airflow/.local/lib/python3.7/site-packages/airflow/example_dags/example_branch_operator.py
[2023-04-30T00:30:11.655+0000] {logging_mixin.py:137} INFO - [2023-04-30T00:30:11.655+0000] {dag.py:2693} INFO - Sync 1 DAGs
[2023-04-30T00:30:11.674+0000] {logging_mixin.py:137} INFO - [2023-04-30T00:30:11.674+0000] {dag.py:3444} INFO - Setting next_dagrun for example_branch_operator to 2023-04-29T00:00:00+00:00, run_after=2023-04-30T00:00:00+00:00
[2023-04-30T00:30:11.685+0000] {processor.py:175} INFO - Processing /home/airflow/.local/lib/python3.7/site-packages/airflow/example_dags/example_branch_operator.py took 0.070 seconds
[2023-04-30T00:30:42.245+0000] {processor.py:153} INFO - Started process (PID=3493) to work on /home/airflow/.local/lib/python3.7/site-packages/airflow/example_dags/example_branch_operator.py
[2023-04-30T00:30:42.246+0000] {processor.py:743} INFO - Processing file /home/airflow/.local/lib/python3.7/site-packages/airflow/example_dags/example_branch_operator.py for tasks to queue
[2023-04-30T00:30:42.247+0000] {logging_mixin.py:137} INFO - [2023-04-30T00:30:42.247+0000] {dagbag.py:532} INFO - Filling up the DagBag from /home/airflow/.local/lib/python3.7/site-packages/airflow/example_dags/example_branch_operator.py
[2023-04-30T00:30:42.261+0000] {processor.py:753} INFO - DAG(s) dict_keys(['example_branch_operator']) retrieved from /home/airflow/.local/lib/python3.7/site-packages/airflow/example_dags/example_branch_operator.py
[2023-04-30T00:30:42.284+0000] {logging_mixin.py:137} INFO - [2023-04-30T00:30:42.284+0000] {dag.py:2693} INFO - Sync 1 DAGs
[2023-04-30T00:30:42.301+0000] {logging_mixin.py:137} INFO - [2023-04-30T00:30:42.301+0000] {dag.py:3444} INFO - Setting next_dagrun for example_branch_operator to 2023-04-29T00:00:00+00:00, run_after=2023-04-30T00:00:00+00:00
[2023-04-30T00:30:42.313+0000] {processor.py:175} INFO - Processing /home/airflow/.local/lib/python3.7/site-packages/airflow/example_dags/example_branch_operator.py took 0.072 seconds
[2023-04-30T00:31:12.861+0000] {processor.py:153} INFO - Started process (PID=3544) to work on /home/airflow/.local/lib/python3.7/site-packages/airflow/example_dags/example_branch_operator.py
[2023-04-30T00:31:12.862+0000] {processor.py:743} INFO - Processing file /home/airflow/.local/lib/python3.7/site-packages/airflow/example_dags/example_branch_operator.py for tasks to queue
[2023-04-30T00:31:12.863+0000] {logging_mixin.py:137} INFO - [2023-04-30T00:31:12.862+0000] {dagbag.py:532} INFO - Filling up the DagBag from /home/airflow/.local/lib/python3.7/site-packages/airflow/example_dags/example_branch_operator.py
[2023-04-30T00:31:12.875+0000] {processor.py:753} INFO - DAG(s) dict_keys(['example_branch_operator']) retrieved from /home/airflow/.local/lib/python3.7/site-packages/airflow/example_dags/example_branch_operator.py
[2023-04-30T00:31:12.898+0000] {logging_mixin.py:137} INFO - [2023-04-30T00:31:12.898+0000] {dag.py:2693} INFO - Sync 1 DAGs
[2023-04-30T00:31:12.917+0000] {logging_mixin.py:137} INFO - [2023-04-30T00:31:12.917+0000] {dag.py:3444} INFO - Setting next_dagrun for example_branch_operator to 2023-04-29T00:00:00+00:00, run_after=2023-04-30T00:00:00+00:00
[2023-04-30T00:31:12.970+0000] {processor.py:175} INFO - Processing /home/airflow/.local/lib/python3.7/site-packages/airflow/example_dags/example_branch_operator.py took 0.112 seconds
[2023-04-30T00:31:43.474+0000] {processor.py:153} INFO - Started process (PID=3595) to work on /home/airflow/.local/lib/python3.7/site-packages/airflow/example_dags/example_branch_operator.py
[2023-04-30T00:31:43.475+0000] {processor.py:743} INFO - Processing file /home/airflow/.local/lib/python3.7/site-packages/airflow/example_dags/example_branch_operator.py for tasks to queue
[2023-04-30T00:31:43.476+0000] {logging_mixin.py:137} INFO - [2023-04-30T00:31:43.476+0000] {dagbag.py:532} INFO - Filling up the DagBag from /home/airflow/.local/lib/python3.7/site-packages/airflow/example_dags/example_branch_operator.py
[2023-04-30T00:31:43.488+0000] {processor.py:753} INFO - DAG(s) dict_keys(['example_branch_operator']) retrieved from /home/airflow/.local/lib/python3.7/site-packages/airflow/example_dags/example_branch_operator.py
[2023-04-30T00:31:43.510+0000] {logging_mixin.py:137} INFO - [2023-04-30T00:31:43.510+0000] {dag.py:2693} INFO - Sync 1 DAGs
[2023-04-30T00:31:43.528+0000] {logging_mixin.py:137} INFO - [2023-04-30T00:31:43.528+0000] {dag.py:3444} INFO - Setting next_dagrun for example_branch_operator to 2023-04-29T00:00:00+00:00, run_after=2023-04-30T00:00:00+00:00
[2023-04-30T00:31:43.539+0000] {processor.py:175} INFO - Processing /home/airflow/.local/lib/python3.7/site-packages/airflow/example_dags/example_branch_operator.py took 0.068 seconds
[2023-04-30T00:32:14.107+0000] {processor.py:153} INFO - Started process (PID=3646) to work on /home/airflow/.local/lib/python3.7/site-packages/airflow/example_dags/example_branch_operator.py
[2023-04-30T00:32:14.108+0000] {processor.py:743} INFO - Processing file /home/airflow/.local/lib/python3.7/site-packages/airflow/example_dags/example_branch_operator.py for tasks to queue
[2023-04-30T00:32:14.109+0000] {logging_mixin.py:137} INFO - [2023-04-30T00:32:14.109+0000] {dagbag.py:532} INFO - Filling up the DagBag from /home/airflow/.local/lib/python3.7/site-packages/airflow/example_dags/example_branch_operator.py
[2023-04-30T00:32:14.121+0000] {processor.py:753} INFO - DAG(s) dict_keys(['example_branch_operator']) retrieved from /home/airflow/.local/lib/python3.7/site-packages/airflow/example_dags/example_branch_operator.py
[2023-04-30T00:32:14.142+0000] {logging_mixin.py:137} INFO - [2023-04-30T00:32:14.142+0000] {dag.py:2693} INFO - Sync 1 DAGs
[2023-04-30T00:32:14.159+0000] {logging_mixin.py:137} INFO - [2023-04-30T00:32:14.159+0000] {dag.py:3444} INFO - Setting next_dagrun for example_branch_operator to 2023-04-29T00:00:00+00:00, run_after=2023-04-30T00:00:00+00:00
[2023-04-30T00:32:14.170+0000] {processor.py:175} INFO - Processing /home/airflow/.local/lib/python3.7/site-packages/airflow/example_dags/example_branch_operator.py took 0.066 seconds
[2023-04-30T00:32:44.691+0000] {processor.py:153} INFO - Started process (PID=3696) to work on /home/airflow/.local/lib/python3.7/site-packages/airflow/example_dags/example_branch_operator.py
[2023-04-30T00:32:44.692+0000] {processor.py:743} INFO - Processing file /home/airflow/.local/lib/python3.7/site-packages/airflow/example_dags/example_branch_operator.py for tasks to queue
[2023-04-30T00:32:44.693+0000] {logging_mixin.py:137} INFO - [2023-04-30T00:32:44.693+0000] {dagbag.py:532} INFO - Filling up the DagBag from /home/airflow/.local/lib/python3.7/site-packages/airflow/example_dags/example_branch_operator.py
[2023-04-30T00:32:44.706+0000] {processor.py:753} INFO - DAG(s) dict_keys(['example_branch_operator']) retrieved from /home/airflow/.local/lib/python3.7/site-packages/airflow/example_dags/example_branch_operator.py
[2023-04-30T00:32:44.727+0000] {logging_mixin.py:137} INFO - [2023-04-30T00:32:44.727+0000] {dag.py:2693} INFO - Sync 1 DAGs
[2023-04-30T00:32:44.744+0000] {logging_mixin.py:137} INFO - [2023-04-30T00:32:44.744+0000] {dag.py:3444} INFO - Setting next_dagrun for example_branch_operator to 2023-04-29T00:00:00+00:00, run_after=2023-04-30T00:00:00+00:00
[2023-04-30T00:32:44.755+0000] {processor.py:175} INFO - Processing /home/airflow/.local/lib/python3.7/site-packages/airflow/example_dags/example_branch_operator.py took 0.067 seconds
[2023-04-30T00:33:15.161+0000] {processor.py:153} INFO - Started process (PID=3747) to work on /home/airflow/.local/lib/python3.7/site-packages/airflow/example_dags/example_branch_operator.py
[2023-04-30T00:33:15.162+0000] {processor.py:743} INFO - Processing file /home/airflow/.local/lib/python3.7/site-packages/airflow/example_dags/example_branch_operator.py for tasks to queue
[2023-04-30T00:33:15.163+0000] {logging_mixin.py:137} INFO - [2023-04-30T00:33:15.163+0000] {dagbag.py:532} INFO - Filling up the DagBag from /home/airflow/.local/lib/python3.7/site-packages/airflow/example_dags/example_branch_operator.py
[2023-04-30T00:33:15.175+0000] {processor.py:753} INFO - DAG(s) dict_keys(['example_branch_operator']) retrieved from /home/airflow/.local/lib/python3.7/site-packages/airflow/example_dags/example_branch_operator.py
[2023-04-30T00:33:15.196+0000] {logging_mixin.py:137} INFO - [2023-04-30T00:33:15.196+0000] {dag.py:2693} INFO - Sync 1 DAGs
[2023-04-30T00:33:15.215+0000] {logging_mixin.py:137} INFO - [2023-04-30T00:33:15.214+0000] {dag.py:3444} INFO - Setting next_dagrun for example_branch_operator to 2023-04-29T00:00:00+00:00, run_after=2023-04-30T00:00:00+00:00
[2023-04-30T00:33:15.225+0000] {processor.py:175} INFO - Processing /home/airflow/.local/lib/python3.7/site-packages/airflow/example_dags/example_branch_operator.py took 0.068 seconds
[2023-04-30T00:33:45.841+0000] {processor.py:153} INFO - Started process (PID=3798) to work on /home/airflow/.local/lib/python3.7/site-packages/airflow/example_dags/example_branch_operator.py
[2023-04-30T00:33:45.842+0000] {processor.py:743} INFO - Processing file /home/airflow/.local/lib/python3.7/site-packages/airflow/example_dags/example_branch_operator.py for tasks to queue
[2023-04-30T00:33:45.843+0000] {logging_mixin.py:137} INFO - [2023-04-30T00:33:45.842+0000] {dagbag.py:532} INFO - Filling up the DagBag from /home/airflow/.local/lib/python3.7/site-packages/airflow/example_dags/example_branch_operator.py
[2023-04-30T00:33:45.855+0000] {processor.py:753} INFO - DAG(s) dict_keys(['example_branch_operator']) retrieved from /home/airflow/.local/lib/python3.7/site-packages/airflow/example_dags/example_branch_operator.py
[2023-04-30T00:33:45.876+0000] {logging_mixin.py:137} INFO - [2023-04-30T00:33:45.876+0000] {dag.py:2693} INFO - Sync 1 DAGs
[2023-04-30T00:33:45.893+0000] {logging_mixin.py:137} INFO - [2023-04-30T00:33:45.893+0000] {dag.py:3444} INFO - Setting next_dagrun for example_branch_operator to 2023-04-29T00:00:00+00:00, run_after=2023-04-30T00:00:00+00:00
[2023-04-30T00:33:45.904+0000] {processor.py:175} INFO - Processing /home/airflow/.local/lib/python3.7/site-packages/airflow/example_dags/example_branch_operator.py took 0.066 seconds
[2023-04-30T00:34:16.402+0000] {processor.py:153} INFO - Started process (PID=3849) to work on /home/airflow/.local/lib/python3.7/site-packages/airflow/example_dags/example_branch_operator.py
[2023-04-30T00:34:16.403+0000] {processor.py:743} INFO - Processing file /home/airflow/.local/lib/python3.7/site-packages/airflow/example_dags/example_branch_operator.py for tasks to queue
[2023-04-30T00:34:16.404+0000] {logging_mixin.py:137} INFO - [2023-04-30T00:34:16.404+0000] {dagbag.py:532} INFO - Filling up the DagBag from /home/airflow/.local/lib/python3.7/site-packages/airflow/example_dags/example_branch_operator.py
[2023-04-30T00:34:16.416+0000] {processor.py:753} INFO - DAG(s) dict_keys(['example_branch_operator']) retrieved from /home/airflow/.local/lib/python3.7/site-packages/airflow/example_dags/example_branch_operator.py
[2023-04-30T00:34:16.437+0000] {logging_mixin.py:137} INFO - [2023-04-30T00:34:16.437+0000] {dag.py:2693} INFO - Sync 1 DAGs
[2023-04-30T00:34:16.455+0000] {logging_mixin.py:137} INFO - [2023-04-30T00:34:16.455+0000] {dag.py:3444} INFO - Setting next_dagrun for example_branch_operator to 2023-04-29T00:00:00+00:00, run_after=2023-04-30T00:00:00+00:00
[2023-04-30T00:34:16.467+0000] {processor.py:175} INFO - Processing /home/airflow/.local/lib/python3.7/site-packages/airflow/example_dags/example_branch_operator.py took 0.068 seconds
[2023-04-30T00:34:46.808+0000] {processor.py:153} INFO - Started process (PID=3900) to work on /home/airflow/.local/lib/python3.7/site-packages/airflow/example_dags/example_branch_operator.py
[2023-04-30T00:34:46.809+0000] {processor.py:743} INFO - Processing file /home/airflow/.local/lib/python3.7/site-packages/airflow/example_dags/example_branch_operator.py for tasks to queue
[2023-04-30T00:34:46.810+0000] {logging_mixin.py:137} INFO - [2023-04-30T00:34:46.810+0000] {dagbag.py:532} INFO - Filling up the DagBag from /home/airflow/.local/lib/python3.7/site-packages/airflow/example_dags/example_branch_operator.py
[2023-04-30T00:34:46.821+0000] {processor.py:753} INFO - DAG(s) dict_keys(['example_branch_operator']) retrieved from /home/airflow/.local/lib/python3.7/site-packages/airflow/example_dags/example_branch_operator.py
[2023-04-30T00:34:46.844+0000] {logging_mixin.py:137} INFO - [2023-04-30T00:34:46.844+0000] {dag.py:2693} INFO - Sync 1 DAGs
[2023-04-30T00:34:46.863+0000] {logging_mixin.py:137} INFO - [2023-04-30T00:34:46.863+0000] {dag.py:3444} INFO - Setting next_dagrun for example_branch_operator to 2023-04-29T00:00:00+00:00, run_after=2023-04-30T00:00:00+00:00
[2023-04-30T00:34:46.874+0000] {processor.py:175} INFO - Processing /home/airflow/.local/lib/python3.7/site-packages/airflow/example_dags/example_branch_operator.py took 0.070 seconds
