[2023-04-30T00:08:48.469+0000] {processor.py:153} INFO - Started process (PID=2342) to work on /home/airflow/.local/lib/python3.7/site-packages/airflow/example_dags/example_branch_labels.py
[2023-04-30T00:08:48.470+0000] {processor.py:743} INFO - Processing file /home/airflow/.local/lib/python3.7/site-packages/airflow/example_dags/example_branch_labels.py for tasks to queue
[2023-04-30T00:08:48.471+0000] {logging_mixin.py:137} INFO - [2023-04-30T00:08:48.471+0000] {dagbag.py:532} INFO - Filling up the DagBag from /home/airflow/.local/lib/python3.7/site-packages/airflow/example_dags/example_branch_labels.py
[2023-04-30T00:08:48.484+0000] {processor.py:753} INFO - DAG(s) dict_keys(['example_branch_labels']) retrieved from /home/airflow/.local/lib/python3.7/site-packages/airflow/example_dags/example_branch_labels.py
[2023-04-30T00:08:48.509+0000] {logging_mixin.py:137} INFO - [2023-04-30T00:08:48.509+0000] {dag.py:2693} INFO - Sync 1 DAGs
[2023-04-30T00:08:48.530+0000] {logging_mixin.py:137} INFO - [2023-04-30T00:08:48.530+0000] {dag.py:3444} INFO - Setting next_dagrun for example_branch_labels to 2023-04-29T00:00:00+00:00, run_after=2023-04-30T00:00:00+00:00
[2023-04-30T00:08:48.546+0000] {processor.py:175} INFO - Processing /home/airflow/.local/lib/python3.7/site-packages/airflow/example_dags/example_branch_labels.py took 0.079 seconds
[2023-04-30T00:19:55.552+0000] {processor.py:153} INFO - Started process (PID=2393) to work on /home/airflow/.local/lib/python3.7/site-packages/airflow/example_dags/example_branch_labels.py
[2023-04-30T00:19:55.553+0000] {processor.py:743} INFO - Processing file /home/airflow/.local/lib/python3.7/site-packages/airflow/example_dags/example_branch_labels.py for tasks to queue
[2023-04-30T00:19:55.554+0000] {logging_mixin.py:137} INFO - [2023-04-30T00:19:55.554+0000] {dagbag.py:532} INFO - Filling up the DagBag from /home/airflow/.local/lib/python3.7/site-packages/airflow/example_dags/example_branch_labels.py
[2023-04-30T00:19:55.569+0000] {processor.py:753} INFO - DAG(s) dict_keys(['example_branch_labels']) retrieved from /home/airflow/.local/lib/python3.7/site-packages/airflow/example_dags/example_branch_labels.py
[2023-04-30T00:19:55.604+0000] {logging_mixin.py:137} INFO - [2023-04-30T00:19:55.604+0000] {dag.py:2693} INFO - Sync 1 DAGs
[2023-04-30T00:19:55.624+0000] {logging_mixin.py:137} INFO - [2023-04-30T00:19:55.624+0000] {dag.py:3444} INFO - Setting next_dagrun for example_branch_labels to 2023-04-29T00:00:00+00:00, run_after=2023-04-30T00:00:00+00:00
[2023-04-30T00:19:55.636+0000] {processor.py:175} INFO - Processing /home/airflow/.local/lib/python3.7/site-packages/airflow/example_dags/example_branch_labels.py took 0.089 seconds
[2023-04-30T00:20:26.321+0000] {processor.py:153} INFO - Started process (PID=2444) to work on /home/airflow/.local/lib/python3.7/site-packages/airflow/example_dags/example_branch_labels.py
[2023-04-30T00:20:26.322+0000] {processor.py:743} INFO - Processing file /home/airflow/.local/lib/python3.7/site-packages/airflow/example_dags/example_branch_labels.py for tasks to queue
[2023-04-30T00:20:26.323+0000] {logging_mixin.py:137} INFO - [2023-04-30T00:20:26.323+0000] {dagbag.py:532} INFO - Filling up the DagBag from /home/airflow/.local/lib/python3.7/site-packages/airflow/example_dags/example_branch_labels.py
[2023-04-30T00:20:26.334+0000] {processor.py:753} INFO - DAG(s) dict_keys(['example_branch_labels']) retrieved from /home/airflow/.local/lib/python3.7/site-packages/airflow/example_dags/example_branch_labels.py
[2023-04-30T00:20:26.354+0000] {logging_mixin.py:137} INFO - [2023-04-30T00:20:26.354+0000] {dag.py:2693} INFO - Sync 1 DAGs
[2023-04-30T00:20:26.373+0000] {logging_mixin.py:137} INFO - [2023-04-30T00:20:26.373+0000] {dag.py:3444} INFO - Setting next_dagrun for example_branch_labels to 2023-04-29T00:00:00+00:00, run_after=2023-04-30T00:00:00+00:00
[2023-04-30T00:20:26.389+0000] {processor.py:175} INFO - Processing /home/airflow/.local/lib/python3.7/site-packages/airflow/example_dags/example_branch_labels.py took 0.071 seconds
[2023-04-30T00:20:56.882+0000] {processor.py:153} INFO - Started process (PID=2495) to work on /home/airflow/.local/lib/python3.7/site-packages/airflow/example_dags/example_branch_labels.py
[2023-04-30T00:20:56.884+0000] {processor.py:743} INFO - Processing file /home/airflow/.local/lib/python3.7/site-packages/airflow/example_dags/example_branch_labels.py for tasks to queue
[2023-04-30T00:20:56.885+0000] {logging_mixin.py:137} INFO - [2023-04-30T00:20:56.885+0000] {dagbag.py:532} INFO - Filling up the DagBag from /home/airflow/.local/lib/python3.7/site-packages/airflow/example_dags/example_branch_labels.py
[2023-04-30T00:20:56.904+0000] {processor.py:753} INFO - DAG(s) dict_keys(['example_branch_labels']) retrieved from /home/airflow/.local/lib/python3.7/site-packages/airflow/example_dags/example_branch_labels.py
[2023-04-30T00:20:56.938+0000] {logging_mixin.py:137} INFO - [2023-04-30T00:20:56.937+0000] {dag.py:2693} INFO - Sync 1 DAGs
[2023-04-30T00:20:56.955+0000] {logging_mixin.py:137} INFO - [2023-04-30T00:20:56.955+0000] {dag.py:3444} INFO - Setting next_dagrun for example_branch_labels to 2023-04-29T00:00:00+00:00, run_after=2023-04-30T00:00:00+00:00
[2023-04-30T00:20:56.966+0000] {processor.py:175} INFO - Processing /home/airflow/.local/lib/python3.7/site-packages/airflow/example_dags/example_branch_labels.py took 0.087 seconds
[2023-04-30T00:21:27.759+0000] {processor.py:153} INFO - Started process (PID=2546) to work on /home/airflow/.local/lib/python3.7/site-packages/airflow/example_dags/example_branch_labels.py
[2023-04-30T00:21:27.760+0000] {processor.py:743} INFO - Processing file /home/airflow/.local/lib/python3.7/site-packages/airflow/example_dags/example_branch_labels.py for tasks to queue
[2023-04-30T00:21:27.761+0000] {logging_mixin.py:137} INFO - [2023-04-30T00:21:27.761+0000] {dagbag.py:532} INFO - Filling up the DagBag from /home/airflow/.local/lib/python3.7/site-packages/airflow/example_dags/example_branch_labels.py
[2023-04-30T00:21:27.772+0000] {processor.py:753} INFO - DAG(s) dict_keys(['example_branch_labels']) retrieved from /home/airflow/.local/lib/python3.7/site-packages/airflow/example_dags/example_branch_labels.py
[2023-04-30T00:21:27.792+0000] {logging_mixin.py:137} INFO - [2023-04-30T00:21:27.792+0000] {dag.py:2693} INFO - Sync 1 DAGs
[2023-04-30T00:21:27.808+0000] {logging_mixin.py:137} INFO - [2023-04-30T00:21:27.808+0000] {dag.py:3444} INFO - Setting next_dagrun for example_branch_labels to 2023-04-29T00:00:00+00:00, run_after=2023-04-30T00:00:00+00:00
[2023-04-30T00:21:27.819+0000] {processor.py:175} INFO - Processing /home/airflow/.local/lib/python3.7/site-packages/airflow/example_dags/example_branch_labels.py took 0.063 seconds
[2023-04-30T00:21:58.605+0000] {processor.py:153} INFO - Started process (PID=2597) to work on /home/airflow/.local/lib/python3.7/site-packages/airflow/example_dags/example_branch_labels.py
[2023-04-30T00:21:58.609+0000] {processor.py:743} INFO - Processing file /home/airflow/.local/lib/python3.7/site-packages/airflow/example_dags/example_branch_labels.py for tasks to queue
[2023-04-30T00:21:58.612+0000] {logging_mixin.py:137} INFO - [2023-04-30T00:21:58.612+0000] {dagbag.py:532} INFO - Filling up the DagBag from /home/airflow/.local/lib/python3.7/site-packages/airflow/example_dags/example_branch_labels.py
[2023-04-30T00:21:58.624+0000] {processor.py:753} INFO - DAG(s) dict_keys(['example_branch_labels']) retrieved from /home/airflow/.local/lib/python3.7/site-packages/airflow/example_dags/example_branch_labels.py
[2023-04-30T00:21:58.645+0000] {logging_mixin.py:137} INFO - [2023-04-30T00:21:58.645+0000] {dag.py:2693} INFO - Sync 1 DAGs
[2023-04-30T00:21:58.674+0000] {logging_mixin.py:137} INFO - [2023-04-30T00:21:58.674+0000] {dag.py:3444} INFO - Setting next_dagrun for example_branch_labels to 2023-04-29T00:00:00+00:00, run_after=2023-04-30T00:00:00+00:00
[2023-04-30T00:21:58.689+0000] {processor.py:175} INFO - Processing /home/airflow/.local/lib/python3.7/site-packages/airflow/example_dags/example_branch_labels.py took 0.092 seconds
[2023-04-30T00:22:29.568+0000] {processor.py:153} INFO - Started process (PID=2648) to work on /home/airflow/.local/lib/python3.7/site-packages/airflow/example_dags/example_branch_labels.py
[2023-04-30T00:22:29.569+0000] {processor.py:743} INFO - Processing file /home/airflow/.local/lib/python3.7/site-packages/airflow/example_dags/example_branch_labels.py for tasks to queue
[2023-04-30T00:22:29.570+0000] {logging_mixin.py:137} INFO - [2023-04-30T00:22:29.570+0000] {dagbag.py:532} INFO - Filling up the DagBag from /home/airflow/.local/lib/python3.7/site-packages/airflow/example_dags/example_branch_labels.py
[2023-04-30T00:22:29.585+0000] {processor.py:753} INFO - DAG(s) dict_keys(['example_branch_labels']) retrieved from /home/airflow/.local/lib/python3.7/site-packages/airflow/example_dags/example_branch_labels.py
[2023-04-30T00:22:29.609+0000] {logging_mixin.py:137} INFO - [2023-04-30T00:22:29.608+0000] {dag.py:2693} INFO - Sync 1 DAGs
[2023-04-30T00:22:29.625+0000] {logging_mixin.py:137} INFO - [2023-04-30T00:22:29.625+0000] {dag.py:3444} INFO - Setting next_dagrun for example_branch_labels to 2023-04-29T00:00:00+00:00, run_after=2023-04-30T00:00:00+00:00
[2023-04-30T00:22:29.636+0000] {processor.py:175} INFO - Processing /home/airflow/.local/lib/python3.7/site-packages/airflow/example_dags/example_branch_labels.py took 0.071 seconds
[2023-04-30T00:23:00.035+0000] {processor.py:153} INFO - Started process (PID=2699) to work on /home/airflow/.local/lib/python3.7/site-packages/airflow/example_dags/example_branch_labels.py
[2023-04-30T00:23:00.037+0000] {processor.py:743} INFO - Processing file /home/airflow/.local/lib/python3.7/site-packages/airflow/example_dags/example_branch_labels.py for tasks to queue
[2023-04-30T00:23:00.039+0000] {logging_mixin.py:137} INFO - [2023-04-30T00:23:00.039+0000] {dagbag.py:532} INFO - Filling up the DagBag from /home/airflow/.local/lib/python3.7/site-packages/airflow/example_dags/example_branch_labels.py
[2023-04-30T00:23:00.052+0000] {processor.py:753} INFO - DAG(s) dict_keys(['example_branch_labels']) retrieved from /home/airflow/.local/lib/python3.7/site-packages/airflow/example_dags/example_branch_labels.py
[2023-04-30T00:23:00.073+0000] {logging_mixin.py:137} INFO - [2023-04-30T00:23:00.073+0000] {dag.py:2693} INFO - Sync 1 DAGs
[2023-04-30T00:23:00.090+0000] {logging_mixin.py:137} INFO - [2023-04-30T00:23:00.090+0000] {dag.py:3444} INFO - Setting next_dagrun for example_branch_labels to 2023-04-29T00:00:00+00:00, run_after=2023-04-30T00:00:00+00:00
[2023-04-30T00:23:00.101+0000] {processor.py:175} INFO - Processing /home/airflow/.local/lib/python3.7/site-packages/airflow/example_dags/example_branch_labels.py took 0.069 seconds
[2023-04-30T00:23:30.473+0000] {processor.py:153} INFO - Started process (PID=2750) to work on /home/airflow/.local/lib/python3.7/site-packages/airflow/example_dags/example_branch_labels.py
[2023-04-30T00:23:30.474+0000] {processor.py:743} INFO - Processing file /home/airflow/.local/lib/python3.7/site-packages/airflow/example_dags/example_branch_labels.py for tasks to queue
[2023-04-30T00:23:30.475+0000] {logging_mixin.py:137} INFO - [2023-04-30T00:23:30.475+0000] {dagbag.py:532} INFO - Filling up the DagBag from /home/airflow/.local/lib/python3.7/site-packages/airflow/example_dags/example_branch_labels.py
[2023-04-30T00:23:30.484+0000] {processor.py:753} INFO - DAG(s) dict_keys(['example_branch_labels']) retrieved from /home/airflow/.local/lib/python3.7/site-packages/airflow/example_dags/example_branch_labels.py
[2023-04-30T00:23:30.504+0000] {logging_mixin.py:137} INFO - [2023-04-30T00:23:30.504+0000] {dag.py:2693} INFO - Sync 1 DAGs
[2023-04-30T00:23:30.520+0000] {logging_mixin.py:137} INFO - [2023-04-30T00:23:30.520+0000] {dag.py:3444} INFO - Setting next_dagrun for example_branch_labels to 2023-04-29T00:00:00+00:00, run_after=2023-04-30T00:00:00+00:00
[2023-04-30T00:23:30.531+0000] {processor.py:175} INFO - Processing /home/airflow/.local/lib/python3.7/site-packages/airflow/example_dags/example_branch_labels.py took 0.061 seconds
[2023-04-30T00:24:01.037+0000] {processor.py:153} INFO - Started process (PID=2800) to work on /home/airflow/.local/lib/python3.7/site-packages/airflow/example_dags/example_branch_labels.py
[2023-04-30T00:24:01.038+0000] {processor.py:743} INFO - Processing file /home/airflow/.local/lib/python3.7/site-packages/airflow/example_dags/example_branch_labels.py for tasks to queue
[2023-04-30T00:24:01.039+0000] {logging_mixin.py:137} INFO - [2023-04-30T00:24:01.039+0000] {dagbag.py:532} INFO - Filling up the DagBag from /home/airflow/.local/lib/python3.7/site-packages/airflow/example_dags/example_branch_labels.py
[2023-04-30T00:24:01.048+0000] {processor.py:753} INFO - DAG(s) dict_keys(['example_branch_labels']) retrieved from /home/airflow/.local/lib/python3.7/site-packages/airflow/example_dags/example_branch_labels.py
[2023-04-30T00:24:01.068+0000] {logging_mixin.py:137} INFO - [2023-04-30T00:24:01.068+0000] {dag.py:2693} INFO - Sync 1 DAGs
[2023-04-30T00:24:01.087+0000] {logging_mixin.py:137} INFO - [2023-04-30T00:24:01.087+0000] {dag.py:3444} INFO - Setting next_dagrun for example_branch_labels to 2023-04-29T00:00:00+00:00, run_after=2023-04-30T00:00:00+00:00
[2023-04-30T00:24:01.104+0000] {processor.py:175} INFO - Processing /home/airflow/.local/lib/python3.7/site-packages/airflow/example_dags/example_branch_labels.py took 0.070 seconds
[2023-04-30T00:24:31.753+0000] {processor.py:153} INFO - Started process (PID=2850) to work on /home/airflow/.local/lib/python3.7/site-packages/airflow/example_dags/example_branch_labels.py
[2023-04-30T00:24:31.754+0000] {processor.py:743} INFO - Processing file /home/airflow/.local/lib/python3.7/site-packages/airflow/example_dags/example_branch_labels.py for tasks to queue
[2023-04-30T00:24:31.755+0000] {logging_mixin.py:137} INFO - [2023-04-30T00:24:31.754+0000] {dagbag.py:532} INFO - Filling up the DagBag from /home/airflow/.local/lib/python3.7/site-packages/airflow/example_dags/example_branch_labels.py
[2023-04-30T00:24:31.765+0000] {processor.py:753} INFO - DAG(s) dict_keys(['example_branch_labels']) retrieved from /home/airflow/.local/lib/python3.7/site-packages/airflow/example_dags/example_branch_labels.py
[2023-04-30T00:24:31.786+0000] {logging_mixin.py:137} INFO - [2023-04-30T00:24:31.786+0000] {dag.py:2693} INFO - Sync 1 DAGs
[2023-04-30T00:24:31.804+0000] {logging_mixin.py:137} INFO - [2023-04-30T00:24:31.803+0000] {dag.py:3444} INFO - Setting next_dagrun for example_branch_labels to 2023-04-29T00:00:00+00:00, run_after=2023-04-30T00:00:00+00:00
[2023-04-30T00:24:31.816+0000] {processor.py:175} INFO - Processing /home/airflow/.local/lib/python3.7/site-packages/airflow/example_dags/example_branch_labels.py took 0.066 seconds
[2023-04-30T00:25:02.661+0000] {processor.py:153} INFO - Started process (PID=2907) to work on /home/airflow/.local/lib/python3.7/site-packages/airflow/example_dags/example_branch_labels.py
[2023-04-30T00:25:02.663+0000] {processor.py:743} INFO - Processing file /home/airflow/.local/lib/python3.7/site-packages/airflow/example_dags/example_branch_labels.py for tasks to queue
[2023-04-30T00:25:02.663+0000] {logging_mixin.py:137} INFO - [2023-04-30T00:25:02.663+0000] {dagbag.py:532} INFO - Filling up the DagBag from /home/airflow/.local/lib/python3.7/site-packages/airflow/example_dags/example_branch_labels.py
[2023-04-30T00:25:02.673+0000] {processor.py:753} INFO - DAG(s) dict_keys(['example_branch_labels']) retrieved from /home/airflow/.local/lib/python3.7/site-packages/airflow/example_dags/example_branch_labels.py
[2023-04-30T00:25:02.693+0000] {logging_mixin.py:137} INFO - [2023-04-30T00:25:02.693+0000] {dag.py:2693} INFO - Sync 1 DAGs
[2023-04-30T00:25:02.710+0000] {logging_mixin.py:137} INFO - [2023-04-30T00:25:02.710+0000] {dag.py:3444} INFO - Setting next_dagrun for example_branch_labels to 2023-04-29T00:00:00+00:00, run_after=2023-04-30T00:00:00+00:00
[2023-04-30T00:25:02.720+0000] {processor.py:175} INFO - Processing /home/airflow/.local/lib/python3.7/site-packages/airflow/example_dags/example_branch_labels.py took 0.062 seconds
[2023-04-30T00:25:33.149+0000] {processor.py:153} INFO - Started process (PID=2958) to work on /home/airflow/.local/lib/python3.7/site-packages/airflow/example_dags/example_branch_labels.py
[2023-04-30T00:25:33.152+0000] {processor.py:743} INFO - Processing file /home/airflow/.local/lib/python3.7/site-packages/airflow/example_dags/example_branch_labels.py for tasks to queue
[2023-04-30T00:25:33.153+0000] {logging_mixin.py:137} INFO - [2023-04-30T00:25:33.153+0000] {dagbag.py:532} INFO - Filling up the DagBag from /home/airflow/.local/lib/python3.7/site-packages/airflow/example_dags/example_branch_labels.py
[2023-04-30T00:25:33.171+0000] {processor.py:753} INFO - DAG(s) dict_keys(['example_branch_labels']) retrieved from /home/airflow/.local/lib/python3.7/site-packages/airflow/example_dags/example_branch_labels.py
[2023-04-30T00:25:33.194+0000] {logging_mixin.py:137} INFO - [2023-04-30T00:25:33.194+0000] {dag.py:2693} INFO - Sync 1 DAGs
[2023-04-30T00:25:33.214+0000] {logging_mixin.py:137} INFO - [2023-04-30T00:25:33.214+0000] {dag.py:3444} INFO - Setting next_dagrun for example_branch_labels to 2023-04-29T00:00:00+00:00, run_after=2023-04-30T00:00:00+00:00
[2023-04-30T00:25:33.226+0000] {processor.py:175} INFO - Processing /home/airflow/.local/lib/python3.7/site-packages/airflow/example_dags/example_branch_labels.py took 0.080 seconds
[2023-04-30T00:26:03.694+0000] {processor.py:153} INFO - Started process (PID=3010) to work on /home/airflow/.local/lib/python3.7/site-packages/airflow/example_dags/example_branch_labels.py
[2023-04-30T00:26:03.695+0000] {processor.py:743} INFO - Processing file /home/airflow/.local/lib/python3.7/site-packages/airflow/example_dags/example_branch_labels.py for tasks to queue
[2023-04-30T00:26:03.696+0000] {logging_mixin.py:137} INFO - [2023-04-30T00:26:03.696+0000] {dagbag.py:532} INFO - Filling up the DagBag from /home/airflow/.local/lib/python3.7/site-packages/airflow/example_dags/example_branch_labels.py
[2023-04-30T00:26:03.706+0000] {processor.py:753} INFO - DAG(s) dict_keys(['example_branch_labels']) retrieved from /home/airflow/.local/lib/python3.7/site-packages/airflow/example_dags/example_branch_labels.py
[2023-04-30T00:26:03.731+0000] {logging_mixin.py:137} INFO - [2023-04-30T00:26:03.731+0000] {dag.py:2693} INFO - Sync 1 DAGs
[2023-04-30T00:26:03.748+0000] {logging_mixin.py:137} INFO - [2023-04-30T00:26:03.748+0000] {dag.py:3444} INFO - Setting next_dagrun for example_branch_labels to 2023-04-29T00:00:00+00:00, run_after=2023-04-30T00:00:00+00:00
[2023-04-30T00:26:03.759+0000] {processor.py:175} INFO - Processing /home/airflow/.local/lib/python3.7/site-packages/airflow/example_dags/example_branch_labels.py took 0.068 seconds
[2023-04-30T00:26:34.356+0000] {processor.py:153} INFO - Started process (PID=3061) to work on /home/airflow/.local/lib/python3.7/site-packages/airflow/example_dags/example_branch_labels.py
[2023-04-30T00:26:34.357+0000] {processor.py:743} INFO - Processing file /home/airflow/.local/lib/python3.7/site-packages/airflow/example_dags/example_branch_labels.py for tasks to queue
[2023-04-30T00:26:34.358+0000] {logging_mixin.py:137} INFO - [2023-04-30T00:26:34.358+0000] {dagbag.py:532} INFO - Filling up the DagBag from /home/airflow/.local/lib/python3.7/site-packages/airflow/example_dags/example_branch_labels.py
[2023-04-30T00:26:34.368+0000] {processor.py:753} INFO - DAG(s) dict_keys(['example_branch_labels']) retrieved from /home/airflow/.local/lib/python3.7/site-packages/airflow/example_dags/example_branch_labels.py
[2023-04-30T00:26:34.392+0000] {logging_mixin.py:137} INFO - [2023-04-30T00:26:34.392+0000] {dag.py:2693} INFO - Sync 1 DAGs
[2023-04-30T00:26:34.412+0000] {logging_mixin.py:137} INFO - [2023-04-30T00:26:34.411+0000] {dag.py:3444} INFO - Setting next_dagrun for example_branch_labels to 2023-04-29T00:00:00+00:00, run_after=2023-04-30T00:00:00+00:00
[2023-04-30T00:26:34.424+0000] {processor.py:175} INFO - Processing /home/airflow/.local/lib/python3.7/site-packages/airflow/example_dags/example_branch_labels.py took 0.070 seconds
[2023-04-30T00:27:04.959+0000] {processor.py:153} INFO - Started process (PID=3112) to work on /home/airflow/.local/lib/python3.7/site-packages/airflow/example_dags/example_branch_labels.py
[2023-04-30T00:27:04.961+0000] {processor.py:743} INFO - Processing file /home/airflow/.local/lib/python3.7/site-packages/airflow/example_dags/example_branch_labels.py for tasks to queue
[2023-04-30T00:27:04.962+0000] {logging_mixin.py:137} INFO - [2023-04-30T00:27:04.962+0000] {dagbag.py:532} INFO - Filling up the DagBag from /home/airflow/.local/lib/python3.7/site-packages/airflow/example_dags/example_branch_labels.py
[2023-04-30T00:27:04.973+0000] {processor.py:753} INFO - DAG(s) dict_keys(['example_branch_labels']) retrieved from /home/airflow/.local/lib/python3.7/site-packages/airflow/example_dags/example_branch_labels.py
[2023-04-30T00:27:04.995+0000] {logging_mixin.py:137} INFO - [2023-04-30T00:27:04.994+0000] {dag.py:2693} INFO - Sync 1 DAGs
[2023-04-30T00:27:05.011+0000] {logging_mixin.py:137} INFO - [2023-04-30T00:27:05.011+0000] {dag.py:3444} INFO - Setting next_dagrun for example_branch_labels to 2023-04-29T00:00:00+00:00, run_after=2023-04-30T00:00:00+00:00
[2023-04-30T00:27:05.027+0000] {processor.py:175} INFO - Processing /home/airflow/.local/lib/python3.7/site-packages/airflow/example_dags/example_branch_labels.py took 0.071 seconds
[2023-04-30T00:27:35.989+0000] {processor.py:153} INFO - Started process (PID=3163) to work on /home/airflow/.local/lib/python3.7/site-packages/airflow/example_dags/example_branch_labels.py
[2023-04-30T00:27:35.991+0000] {processor.py:743} INFO - Processing file /home/airflow/.local/lib/python3.7/site-packages/airflow/example_dags/example_branch_labels.py for tasks to queue
[2023-04-30T00:27:35.992+0000] {logging_mixin.py:137} INFO - [2023-04-30T00:27:35.992+0000] {dagbag.py:532} INFO - Filling up the DagBag from /home/airflow/.local/lib/python3.7/site-packages/airflow/example_dags/example_branch_labels.py
[2023-04-30T00:27:36.005+0000] {processor.py:753} INFO - DAG(s) dict_keys(['example_branch_labels']) retrieved from /home/airflow/.local/lib/python3.7/site-packages/airflow/example_dags/example_branch_labels.py
[2023-04-30T00:27:36.053+0000] {logging_mixin.py:137} INFO - [2023-04-30T00:27:36.053+0000] {dag.py:2693} INFO - Sync 1 DAGs
[2023-04-30T00:27:36.109+0000] {logging_mixin.py:137} INFO - [2023-04-30T00:27:36.109+0000] {dag.py:3444} INFO - Setting next_dagrun for example_branch_labels to 2023-04-29T00:00:00+00:00, run_after=2023-04-30T00:00:00+00:00
[2023-04-30T00:27:36.136+0000] {processor.py:175} INFO - Processing /home/airflow/.local/lib/python3.7/site-packages/airflow/example_dags/example_branch_labels.py took 0.151 seconds
[2023-04-30T00:28:07.008+0000] {processor.py:153} INFO - Started process (PID=3214) to work on /home/airflow/.local/lib/python3.7/site-packages/airflow/example_dags/example_branch_labels.py
[2023-04-30T00:28:07.010+0000] {processor.py:743} INFO - Processing file /home/airflow/.local/lib/python3.7/site-packages/airflow/example_dags/example_branch_labels.py for tasks to queue
[2023-04-30T00:28:07.011+0000] {logging_mixin.py:137} INFO - [2023-04-30T00:28:07.011+0000] {dagbag.py:532} INFO - Filling up the DagBag from /home/airflow/.local/lib/python3.7/site-packages/airflow/example_dags/example_branch_labels.py
[2023-04-30T00:28:07.025+0000] {processor.py:753} INFO - DAG(s) dict_keys(['example_branch_labels']) retrieved from /home/airflow/.local/lib/python3.7/site-packages/airflow/example_dags/example_branch_labels.py
[2023-04-30T00:28:07.059+0000] {logging_mixin.py:137} INFO - [2023-04-30T00:28:07.059+0000] {dag.py:2693} INFO - Sync 1 DAGs
[2023-04-30T00:28:07.091+0000] {logging_mixin.py:137} INFO - [2023-04-30T00:28:07.091+0000] {dag.py:3444} INFO - Setting next_dagrun for example_branch_labels to 2023-04-29T00:00:00+00:00, run_after=2023-04-30T00:00:00+00:00
[2023-04-30T00:28:07.105+0000] {processor.py:175} INFO - Processing /home/airflow/.local/lib/python3.7/site-packages/airflow/example_dags/example_branch_labels.py took 0.100 seconds
[2023-04-30T00:28:38.075+0000] {processor.py:153} INFO - Started process (PID=3265) to work on /home/airflow/.local/lib/python3.7/site-packages/airflow/example_dags/example_branch_labels.py
[2023-04-30T00:28:38.079+0000] {processor.py:743} INFO - Processing file /home/airflow/.local/lib/python3.7/site-packages/airflow/example_dags/example_branch_labels.py for tasks to queue
[2023-04-30T00:28:38.080+0000] {logging_mixin.py:137} INFO - [2023-04-30T00:28:38.080+0000] {dagbag.py:532} INFO - Filling up the DagBag from /home/airflow/.local/lib/python3.7/site-packages/airflow/example_dags/example_branch_labels.py
[2023-04-30T00:28:38.097+0000] {processor.py:753} INFO - DAG(s) dict_keys(['example_branch_labels']) retrieved from /home/airflow/.local/lib/python3.7/site-packages/airflow/example_dags/example_branch_labels.py
[2023-04-30T00:28:38.122+0000] {logging_mixin.py:137} INFO - [2023-04-30T00:28:38.121+0000] {dag.py:2693} INFO - Sync 1 DAGs
[2023-04-30T00:28:38.141+0000] {logging_mixin.py:137} INFO - [2023-04-30T00:28:38.140+0000] {dag.py:3444} INFO - Setting next_dagrun for example_branch_labels to 2023-04-29T00:00:00+00:00, run_after=2023-04-30T00:00:00+00:00
[2023-04-30T00:28:38.155+0000] {processor.py:175} INFO - Processing /home/airflow/.local/lib/python3.7/site-packages/airflow/example_dags/example_branch_labels.py took 0.086 seconds
[2023-04-30T00:29:09.064+0000] {processor.py:153} INFO - Started process (PID=3316) to work on /home/airflow/.local/lib/python3.7/site-packages/airflow/example_dags/example_branch_labels.py
[2023-04-30T00:29:09.066+0000] {processor.py:743} INFO - Processing file /home/airflow/.local/lib/python3.7/site-packages/airflow/example_dags/example_branch_labels.py for tasks to queue
[2023-04-30T00:29:09.067+0000] {logging_mixin.py:137} INFO - [2023-04-30T00:29:09.067+0000] {dagbag.py:532} INFO - Filling up the DagBag from /home/airflow/.local/lib/python3.7/site-packages/airflow/example_dags/example_branch_labels.py
[2023-04-30T00:29:09.080+0000] {processor.py:753} INFO - DAG(s) dict_keys(['example_branch_labels']) retrieved from /home/airflow/.local/lib/python3.7/site-packages/airflow/example_dags/example_branch_labels.py
[2023-04-30T00:29:09.103+0000] {logging_mixin.py:137} INFO - [2023-04-30T00:29:09.103+0000] {dag.py:2693} INFO - Sync 1 DAGs
[2023-04-30T00:29:09.120+0000] {logging_mixin.py:137} INFO - [2023-04-30T00:29:09.120+0000] {dag.py:3444} INFO - Setting next_dagrun for example_branch_labels to 2023-04-29T00:00:00+00:00, run_after=2023-04-30T00:00:00+00:00
[2023-04-30T00:29:09.134+0000] {processor.py:175} INFO - Processing /home/airflow/.local/lib/python3.7/site-packages/airflow/example_dags/example_branch_labels.py took 0.074 seconds
[2023-04-30T00:29:39.769+0000] {processor.py:153} INFO - Started process (PID=3366) to work on /home/airflow/.local/lib/python3.7/site-packages/airflow/example_dags/example_branch_labels.py
[2023-04-30T00:29:39.771+0000] {processor.py:743} INFO - Processing file /home/airflow/.local/lib/python3.7/site-packages/airflow/example_dags/example_branch_labels.py for tasks to queue
[2023-04-30T00:29:39.772+0000] {logging_mixin.py:137} INFO - [2023-04-30T00:29:39.772+0000] {dagbag.py:532} INFO - Filling up the DagBag from /home/airflow/.local/lib/python3.7/site-packages/airflow/example_dags/example_branch_labels.py
[2023-04-30T00:29:39.788+0000] {processor.py:753} INFO - DAG(s) dict_keys(['example_branch_labels']) retrieved from /home/airflow/.local/lib/python3.7/site-packages/airflow/example_dags/example_branch_labels.py
[2023-04-30T00:29:39.810+0000] {logging_mixin.py:137} INFO - [2023-04-30T00:29:39.810+0000] {dag.py:2693} INFO - Sync 1 DAGs
[2023-04-30T00:29:39.827+0000] {logging_mixin.py:137} INFO - [2023-04-30T00:29:39.827+0000] {dag.py:3444} INFO - Setting next_dagrun for example_branch_labels to 2023-04-29T00:00:00+00:00, run_after=2023-04-30T00:00:00+00:00
[2023-04-30T00:29:39.838+0000] {processor.py:175} INFO - Processing /home/airflow/.local/lib/python3.7/site-packages/airflow/example_dags/example_branch_labels.py took 0.074 seconds
[2023-04-30T00:30:10.376+0000] {processor.py:153} INFO - Started process (PID=3417) to work on /home/airflow/.local/lib/python3.7/site-packages/airflow/example_dags/example_branch_labels.py
[2023-04-30T00:30:10.379+0000] {processor.py:743} INFO - Processing file /home/airflow/.local/lib/python3.7/site-packages/airflow/example_dags/example_branch_labels.py for tasks to queue
[2023-04-30T00:30:10.380+0000] {logging_mixin.py:137} INFO - [2023-04-30T00:30:10.380+0000] {dagbag.py:532} INFO - Filling up the DagBag from /home/airflow/.local/lib/python3.7/site-packages/airflow/example_dags/example_branch_labels.py
[2023-04-30T00:30:10.398+0000] {processor.py:753} INFO - DAG(s) dict_keys(['example_branch_labels']) retrieved from /home/airflow/.local/lib/python3.7/site-packages/airflow/example_dags/example_branch_labels.py
[2023-04-30T00:30:10.425+0000] {logging_mixin.py:137} INFO - [2023-04-30T00:30:10.425+0000] {dag.py:2693} INFO - Sync 1 DAGs
[2023-04-30T00:30:10.441+0000] {logging_mixin.py:137} INFO - [2023-04-30T00:30:10.441+0000] {dag.py:3444} INFO - Setting next_dagrun for example_branch_labels to 2023-04-29T00:00:00+00:00, run_after=2023-04-30T00:00:00+00:00
[2023-04-30T00:30:10.453+0000] {processor.py:175} INFO - Processing /home/airflow/.local/lib/python3.7/site-packages/airflow/example_dags/example_branch_labels.py took 0.083 seconds
[2023-04-30T00:30:40.984+0000] {processor.py:153} INFO - Started process (PID=3468) to work on /home/airflow/.local/lib/python3.7/site-packages/airflow/example_dags/example_branch_labels.py
[2023-04-30T00:30:40.987+0000] {processor.py:743} INFO - Processing file /home/airflow/.local/lib/python3.7/site-packages/airflow/example_dags/example_branch_labels.py for tasks to queue
[2023-04-30T00:30:40.988+0000] {logging_mixin.py:137} INFO - [2023-04-30T00:30:40.988+0000] {dagbag.py:532} INFO - Filling up the DagBag from /home/airflow/.local/lib/python3.7/site-packages/airflow/example_dags/example_branch_labels.py
[2023-04-30T00:30:41.006+0000] {processor.py:753} INFO - DAG(s) dict_keys(['example_branch_labels']) retrieved from /home/airflow/.local/lib/python3.7/site-packages/airflow/example_dags/example_branch_labels.py
[2023-04-30T00:30:41.033+0000] {logging_mixin.py:137} INFO - [2023-04-30T00:30:41.033+0000] {dag.py:2693} INFO - Sync 1 DAGs
[2023-04-30T00:30:41.051+0000] {logging_mixin.py:137} INFO - [2023-04-30T00:30:41.051+0000] {dag.py:3444} INFO - Setting next_dagrun for example_branch_labels to 2023-04-29T00:00:00+00:00, run_after=2023-04-30T00:00:00+00:00
[2023-04-30T00:30:41.062+0000] {processor.py:175} INFO - Processing /home/airflow/.local/lib/python3.7/site-packages/airflow/example_dags/example_branch_labels.py took 0.083 seconds
[2023-04-30T00:31:11.627+0000] {processor.py:153} INFO - Started process (PID=3519) to work on /home/airflow/.local/lib/python3.7/site-packages/airflow/example_dags/example_branch_labels.py
[2023-04-30T00:31:11.629+0000] {processor.py:743} INFO - Processing file /home/airflow/.local/lib/python3.7/site-packages/airflow/example_dags/example_branch_labels.py for tasks to queue
[2023-04-30T00:31:11.631+0000] {logging_mixin.py:137} INFO - [2023-04-30T00:31:11.631+0000] {dagbag.py:532} INFO - Filling up the DagBag from /home/airflow/.local/lib/python3.7/site-packages/airflow/example_dags/example_branch_labels.py
[2023-04-30T00:31:11.648+0000] {processor.py:753} INFO - DAG(s) dict_keys(['example_branch_labels']) retrieved from /home/airflow/.local/lib/python3.7/site-packages/airflow/example_dags/example_branch_labels.py
[2023-04-30T00:31:11.674+0000] {logging_mixin.py:137} INFO - [2023-04-30T00:31:11.674+0000] {dag.py:2693} INFO - Sync 1 DAGs
[2023-04-30T00:31:11.692+0000] {logging_mixin.py:137} INFO - [2023-04-30T00:31:11.692+0000] {dag.py:3444} INFO - Setting next_dagrun for example_branch_labels to 2023-04-29T00:00:00+00:00, run_after=2023-04-30T00:00:00+00:00
[2023-04-30T00:31:11.703+0000] {processor.py:175} INFO - Processing /home/airflow/.local/lib/python3.7/site-packages/airflow/example_dags/example_branch_labels.py took 0.084 seconds
[2023-04-30T00:31:42.234+0000] {processor.py:153} INFO - Started process (PID=3570) to work on /home/airflow/.local/lib/python3.7/site-packages/airflow/example_dags/example_branch_labels.py
[2023-04-30T00:31:42.236+0000] {processor.py:743} INFO - Processing file /home/airflow/.local/lib/python3.7/site-packages/airflow/example_dags/example_branch_labels.py for tasks to queue
[2023-04-30T00:31:42.238+0000] {logging_mixin.py:137} INFO - [2023-04-30T00:31:42.238+0000] {dagbag.py:532} INFO - Filling up the DagBag from /home/airflow/.local/lib/python3.7/site-packages/airflow/example_dags/example_branch_labels.py
[2023-04-30T00:31:42.257+0000] {processor.py:753} INFO - DAG(s) dict_keys(['example_branch_labels']) retrieved from /home/airflow/.local/lib/python3.7/site-packages/airflow/example_dags/example_branch_labels.py
[2023-04-30T00:31:42.283+0000] {logging_mixin.py:137} INFO - [2023-04-30T00:31:42.283+0000] {dag.py:2693} INFO - Sync 1 DAGs
[2023-04-30T00:31:42.300+0000] {logging_mixin.py:137} INFO - [2023-04-30T00:31:42.300+0000] {dag.py:3444} INFO - Setting next_dagrun for example_branch_labels to 2023-04-29T00:00:00+00:00, run_after=2023-04-30T00:00:00+00:00
[2023-04-30T00:31:42.312+0000] {processor.py:175} INFO - Processing /home/airflow/.local/lib/python3.7/site-packages/airflow/example_dags/example_branch_labels.py took 0.085 seconds
[2023-04-30T00:32:12.756+0000] {processor.py:153} INFO - Started process (PID=3621) to work on /home/airflow/.local/lib/python3.7/site-packages/airflow/example_dags/example_branch_labels.py
[2023-04-30T00:32:12.759+0000] {processor.py:743} INFO - Processing file /home/airflow/.local/lib/python3.7/site-packages/airflow/example_dags/example_branch_labels.py for tasks to queue
[2023-04-30T00:32:12.760+0000] {logging_mixin.py:137} INFO - [2023-04-30T00:32:12.760+0000] {dagbag.py:532} INFO - Filling up the DagBag from /home/airflow/.local/lib/python3.7/site-packages/airflow/example_dags/example_branch_labels.py
[2023-04-30T00:32:12.778+0000] {processor.py:753} INFO - DAG(s) dict_keys(['example_branch_labels']) retrieved from /home/airflow/.local/lib/python3.7/site-packages/airflow/example_dags/example_branch_labels.py
[2023-04-30T00:32:12.805+0000] {logging_mixin.py:137} INFO - [2023-04-30T00:32:12.805+0000] {dag.py:2693} INFO - Sync 1 DAGs
[2023-04-30T00:32:12.822+0000] {logging_mixin.py:137} INFO - [2023-04-30T00:32:12.822+0000] {dag.py:3444} INFO - Setting next_dagrun for example_branch_labels to 2023-04-29T00:00:00+00:00, run_after=2023-04-30T00:00:00+00:00
[2023-04-30T00:32:12.834+0000] {processor.py:175} INFO - Processing /home/airflow/.local/lib/python3.7/site-packages/airflow/example_dags/example_branch_labels.py took 0.086 seconds
[2023-04-30T00:32:43.434+0000] {processor.py:153} INFO - Started process (PID=3671) to work on /home/airflow/.local/lib/python3.7/site-packages/airflow/example_dags/example_branch_labels.py
[2023-04-30T00:32:43.436+0000] {processor.py:743} INFO - Processing file /home/airflow/.local/lib/python3.7/site-packages/airflow/example_dags/example_branch_labels.py for tasks to queue
[2023-04-30T00:32:43.437+0000] {logging_mixin.py:137} INFO - [2023-04-30T00:32:43.437+0000] {dagbag.py:532} INFO - Filling up the DagBag from /home/airflow/.local/lib/python3.7/site-packages/airflow/example_dags/example_branch_labels.py
[2023-04-30T00:32:43.451+0000] {processor.py:753} INFO - DAG(s) dict_keys(['example_branch_labels']) retrieved from /home/airflow/.local/lib/python3.7/site-packages/airflow/example_dags/example_branch_labels.py
[2023-04-30T00:32:43.473+0000] {logging_mixin.py:137} INFO - [2023-04-30T00:32:43.473+0000] {dag.py:2693} INFO - Sync 1 DAGs
[2023-04-30T00:32:43.489+0000] {logging_mixin.py:137} INFO - [2023-04-30T00:32:43.489+0000] {dag.py:3444} INFO - Setting next_dagrun for example_branch_labels to 2023-04-29T00:00:00+00:00, run_after=2023-04-30T00:00:00+00:00
[2023-04-30T00:32:43.501+0000] {processor.py:175} INFO - Processing /home/airflow/.local/lib/python3.7/site-packages/airflow/example_dags/example_branch_labels.py took 0.072 seconds
[2023-04-30T00:33:13.921+0000] {processor.py:153} INFO - Started process (PID=3722) to work on /home/airflow/.local/lib/python3.7/site-packages/airflow/example_dags/example_branch_labels.py
[2023-04-30T00:33:13.924+0000] {processor.py:743} INFO - Processing file /home/airflow/.local/lib/python3.7/site-packages/airflow/example_dags/example_branch_labels.py for tasks to queue
[2023-04-30T00:33:13.925+0000] {logging_mixin.py:137} INFO - [2023-04-30T00:33:13.925+0000] {dagbag.py:532} INFO - Filling up the DagBag from /home/airflow/.local/lib/python3.7/site-packages/airflow/example_dags/example_branch_labels.py
[2023-04-30T00:33:13.941+0000] {processor.py:753} INFO - DAG(s) dict_keys(['example_branch_labels']) retrieved from /home/airflow/.local/lib/python3.7/site-packages/airflow/example_dags/example_branch_labels.py
[2023-04-30T00:33:13.967+0000] {logging_mixin.py:137} INFO - [2023-04-30T00:33:13.967+0000] {dag.py:2693} INFO - Sync 1 DAGs
[2023-04-30T00:33:13.984+0000] {logging_mixin.py:137} INFO - [2023-04-30T00:33:13.984+0000] {dag.py:3444} INFO - Setting next_dagrun for example_branch_labels to 2023-04-29T00:00:00+00:00, run_after=2023-04-30T00:00:00+00:00
[2023-04-30T00:33:13.995+0000] {processor.py:175} INFO - Processing /home/airflow/.local/lib/python3.7/site-packages/airflow/example_dags/example_branch_labels.py took 0.081 seconds
[2023-04-30T00:33:44.636+0000] {processor.py:153} INFO - Started process (PID=3773) to work on /home/airflow/.local/lib/python3.7/site-packages/airflow/example_dags/example_branch_labels.py
[2023-04-30T00:33:44.638+0000] {processor.py:743} INFO - Processing file /home/airflow/.local/lib/python3.7/site-packages/airflow/example_dags/example_branch_labels.py for tasks to queue
[2023-04-30T00:33:44.639+0000] {logging_mixin.py:137} INFO - [2023-04-30T00:33:44.639+0000] {dagbag.py:532} INFO - Filling up the DagBag from /home/airflow/.local/lib/python3.7/site-packages/airflow/example_dags/example_branch_labels.py
[2023-04-30T00:33:44.654+0000] {processor.py:753} INFO - DAG(s) dict_keys(['example_branch_labels']) retrieved from /home/airflow/.local/lib/python3.7/site-packages/airflow/example_dags/example_branch_labels.py
[2023-04-30T00:33:44.675+0000] {logging_mixin.py:137} INFO - [2023-04-30T00:33:44.675+0000] {dag.py:2693} INFO - Sync 1 DAGs
[2023-04-30T00:33:44.692+0000] {logging_mixin.py:137} INFO - [2023-04-30T00:33:44.692+0000] {dag.py:3444} INFO - Setting next_dagrun for example_branch_labels to 2023-04-29T00:00:00+00:00, run_after=2023-04-30T00:00:00+00:00
[2023-04-30T00:33:44.703+0000] {processor.py:175} INFO - Processing /home/airflow/.local/lib/python3.7/site-packages/airflow/example_dags/example_branch_labels.py took 0.070 seconds
[2023-04-30T00:34:15.185+0000] {processor.py:153} INFO - Started process (PID=3824) to work on /home/airflow/.local/lib/python3.7/site-packages/airflow/example_dags/example_branch_labels.py
[2023-04-30T00:34:15.188+0000] {processor.py:743} INFO - Processing file /home/airflow/.local/lib/python3.7/site-packages/airflow/example_dags/example_branch_labels.py for tasks to queue
[2023-04-30T00:34:15.189+0000] {logging_mixin.py:137} INFO - [2023-04-30T00:34:15.189+0000] {dagbag.py:532} INFO - Filling up the DagBag from /home/airflow/.local/lib/python3.7/site-packages/airflow/example_dags/example_branch_labels.py
[2023-04-30T00:34:15.206+0000] {processor.py:753} INFO - DAG(s) dict_keys(['example_branch_labels']) retrieved from /home/airflow/.local/lib/python3.7/site-packages/airflow/example_dags/example_branch_labels.py
[2023-04-30T00:34:15.231+0000] {logging_mixin.py:137} INFO - [2023-04-30T00:34:15.231+0000] {dag.py:2693} INFO - Sync 1 DAGs
[2023-04-30T00:34:15.254+0000] {logging_mixin.py:137} INFO - [2023-04-30T00:34:15.254+0000] {dag.py:3444} INFO - Setting next_dagrun for example_branch_labels to 2023-04-29T00:00:00+00:00, run_after=2023-04-30T00:00:00+00:00
[2023-04-30T00:34:15.266+0000] {processor.py:175} INFO - Processing /home/airflow/.local/lib/python3.7/site-packages/airflow/example_dags/example_branch_labels.py took 0.087 seconds
[2023-04-30T00:34:45.429+0000] {processor.py:153} INFO - Started process (PID=3875) to work on /home/airflow/.local/lib/python3.7/site-packages/airflow/example_dags/example_branch_labels.py
[2023-04-30T00:34:45.430+0000] {processor.py:743} INFO - Processing file /home/airflow/.local/lib/python3.7/site-packages/airflow/example_dags/example_branch_labels.py for tasks to queue
[2023-04-30T00:34:45.432+0000] {logging_mixin.py:137} INFO - [2023-04-30T00:34:45.432+0000] {dagbag.py:532} INFO - Filling up the DagBag from /home/airflow/.local/lib/python3.7/site-packages/airflow/example_dags/example_branch_labels.py
[2023-04-30T00:34:45.444+0000] {processor.py:753} INFO - DAG(s) dict_keys(['example_branch_labels']) retrieved from /home/airflow/.local/lib/python3.7/site-packages/airflow/example_dags/example_branch_labels.py
[2023-04-30T00:34:45.466+0000] {logging_mixin.py:137} INFO - [2023-04-30T00:34:45.465+0000] {dag.py:2693} INFO - Sync 1 DAGs
[2023-04-30T00:34:45.483+0000] {logging_mixin.py:137} INFO - [2023-04-30T00:34:45.483+0000] {dag.py:3444} INFO - Setting next_dagrun for example_branch_labels to 2023-04-29T00:00:00+00:00, run_after=2023-04-30T00:00:00+00:00
[2023-04-30T00:34:45.495+0000] {processor.py:175} INFO - Processing /home/airflow/.local/lib/python3.7/site-packages/airflow/example_dags/example_branch_labels.py took 0.072 seconds
