[2023-04-30T00:08:48.306+0000] {processor.py:153} INFO - Started process (PID=2340) to work on /home/airflow/.local/lib/python3.7/site-packages/airflow/example_dags/example_time_delta_sensor_async.py
[2023-04-30T00:08:48.307+0000] {processor.py:743} INFO - Processing file /home/airflow/.local/lib/python3.7/site-packages/airflow/example_dags/example_time_delta_sensor_async.py for tasks to queue
[2023-04-30T00:08:48.308+0000] {logging_mixin.py:137} INFO - [2023-04-30T00:08:48.308+0000] {dagbag.py:532} INFO - Filling up the DagBag from /home/airflow/.local/lib/python3.7/site-packages/airflow/example_dags/example_time_delta_sensor_async.py
[2023-04-30T00:08:48.324+0000] {processor.py:753} INFO - DAG(s) dict_keys(['example_time_delta_sensor_async']) retrieved from /home/airflow/.local/lib/python3.7/site-packages/airflow/example_dags/example_time_delta_sensor_async.py
[2023-04-30T00:08:48.365+0000] {logging_mixin.py:137} INFO - [2023-04-30T00:08:48.365+0000] {dag.py:2693} INFO - Sync 1 DAGs
[2023-04-30T00:08:48.401+0000] {logging_mixin.py:137} INFO - [2023-04-30T00:08:48.401+0000] {dag.py:3444} INFO - Setting next_dagrun for example_time_delta_sensor_async to None, run_after=None
[2023-04-30T00:08:48.433+0000] {processor.py:175} INFO - Processing /home/airflow/.local/lib/python3.7/site-packages/airflow/example_dags/example_time_delta_sensor_async.py took 0.134 seconds
[2023-04-30T00:19:55.394+0000] {processor.py:153} INFO - Started process (PID=2391) to work on /home/airflow/.local/lib/python3.7/site-packages/airflow/example_dags/example_time_delta_sensor_async.py
[2023-04-30T00:19:55.396+0000] {processor.py:743} INFO - Processing file /home/airflow/.local/lib/python3.7/site-packages/airflow/example_dags/example_time_delta_sensor_async.py for tasks to queue
[2023-04-30T00:19:55.398+0000] {logging_mixin.py:137} INFO - [2023-04-30T00:19:55.398+0000] {dagbag.py:532} INFO - Filling up the DagBag from /home/airflow/.local/lib/python3.7/site-packages/airflow/example_dags/example_time_delta_sensor_async.py
[2023-04-30T00:19:55.418+0000] {processor.py:753} INFO - DAG(s) dict_keys(['example_time_delta_sensor_async']) retrieved from /home/airflow/.local/lib/python3.7/site-packages/airflow/example_dags/example_time_delta_sensor_async.py
[2023-04-30T00:19:55.466+0000] {logging_mixin.py:137} INFO - [2023-04-30T00:19:55.465+0000] {dag.py:2693} INFO - Sync 1 DAGs
[2023-04-30T00:19:55.490+0000] {logging_mixin.py:137} INFO - [2023-04-30T00:19:55.490+0000] {dag.py:3444} INFO - Setting next_dagrun for example_time_delta_sensor_async to None, run_after=None
[2023-04-30T00:19:55.514+0000] {processor.py:175} INFO - Processing /home/airflow/.local/lib/python3.7/site-packages/airflow/example_dags/example_time_delta_sensor_async.py took 0.137 seconds
[2023-04-30T00:20:26.228+0000] {processor.py:153} INFO - Started process (PID=2442) to work on /home/airflow/.local/lib/python3.7/site-packages/airflow/example_dags/example_time_delta_sensor_async.py
[2023-04-30T00:20:26.229+0000] {processor.py:743} INFO - Processing file /home/airflow/.local/lib/python3.7/site-packages/airflow/example_dags/example_time_delta_sensor_async.py for tasks to queue
[2023-04-30T00:20:26.230+0000] {logging_mixin.py:137} INFO - [2023-04-30T00:20:26.230+0000] {dagbag.py:532} INFO - Filling up the DagBag from /home/airflow/.local/lib/python3.7/site-packages/airflow/example_dags/example_time_delta_sensor_async.py
[2023-04-30T00:20:26.239+0000] {processor.py:753} INFO - DAG(s) dict_keys(['example_time_delta_sensor_async']) retrieved from /home/airflow/.local/lib/python3.7/site-packages/airflow/example_dags/example_time_delta_sensor_async.py
[2023-04-30T00:20:26.260+0000] {logging_mixin.py:137} INFO - [2023-04-30T00:20:26.259+0000] {dag.py:2693} INFO - Sync 1 DAGs
[2023-04-30T00:20:26.276+0000] {logging_mixin.py:137} INFO - [2023-04-30T00:20:26.276+0000] {dag.py:3444} INFO - Setting next_dagrun for example_time_delta_sensor_async to None, run_after=None
[2023-04-30T00:20:26.287+0000] {processor.py:175} INFO - Processing /home/airflow/.local/lib/python3.7/site-packages/airflow/example_dags/example_time_delta_sensor_async.py took 0.062 seconds
[2023-04-30T00:20:56.770+0000] {processor.py:153} INFO - Started process (PID=2493) to work on /home/airflow/.local/lib/python3.7/site-packages/airflow/example_dags/example_time_delta_sensor_async.py
[2023-04-30T00:20:56.773+0000] {processor.py:743} INFO - Processing file /home/airflow/.local/lib/python3.7/site-packages/airflow/example_dags/example_time_delta_sensor_async.py for tasks to queue
[2023-04-30T00:20:56.774+0000] {logging_mixin.py:137} INFO - [2023-04-30T00:20:56.774+0000] {dagbag.py:532} INFO - Filling up the DagBag from /home/airflow/.local/lib/python3.7/site-packages/airflow/example_dags/example_time_delta_sensor_async.py
[2023-04-30T00:20:56.783+0000] {processor.py:753} INFO - DAG(s) dict_keys(['example_time_delta_sensor_async']) retrieved from /home/airflow/.local/lib/python3.7/site-packages/airflow/example_dags/example_time_delta_sensor_async.py
[2023-04-30T00:20:56.805+0000] {logging_mixin.py:137} INFO - [2023-04-30T00:20:56.805+0000] {dag.py:2693} INFO - Sync 1 DAGs
[2023-04-30T00:20:56.826+0000] {logging_mixin.py:137} INFO - [2023-04-30T00:20:56.825+0000] {dag.py:3444} INFO - Setting next_dagrun for example_time_delta_sensor_async to None, run_after=None
[2023-04-30T00:20:56.844+0000] {processor.py:175} INFO - Processing /home/airflow/.local/lib/python3.7/site-packages/airflow/example_dags/example_time_delta_sensor_async.py took 0.076 seconds
[2023-04-30T00:21:27.668+0000] {processor.py:153} INFO - Started process (PID=2544) to work on /home/airflow/.local/lib/python3.7/site-packages/airflow/example_dags/example_time_delta_sensor_async.py
[2023-04-30T00:21:27.669+0000] {processor.py:743} INFO - Processing file /home/airflow/.local/lib/python3.7/site-packages/airflow/example_dags/example_time_delta_sensor_async.py for tasks to queue
[2023-04-30T00:21:27.670+0000] {logging_mixin.py:137} INFO - [2023-04-30T00:21:27.669+0000] {dagbag.py:532} INFO - Filling up the DagBag from /home/airflow/.local/lib/python3.7/site-packages/airflow/example_dags/example_time_delta_sensor_async.py
[2023-04-30T00:21:27.678+0000] {processor.py:753} INFO - DAG(s) dict_keys(['example_time_delta_sensor_async']) retrieved from /home/airflow/.local/lib/python3.7/site-packages/airflow/example_dags/example_time_delta_sensor_async.py
[2023-04-30T00:21:27.699+0000] {logging_mixin.py:137} INFO - [2023-04-30T00:21:27.699+0000] {dag.py:2693} INFO - Sync 1 DAGs
[2023-04-30T00:21:27.715+0000] {logging_mixin.py:137} INFO - [2023-04-30T00:21:27.715+0000] {dag.py:3444} INFO - Setting next_dagrun for example_time_delta_sensor_async to None, run_after=None
[2023-04-30T00:21:27.727+0000] {processor.py:175} INFO - Processing /home/airflow/.local/lib/python3.7/site-packages/airflow/example_dags/example_time_delta_sensor_async.py took 0.062 seconds
[2023-04-30T00:21:58.486+0000] {processor.py:153} INFO - Started process (PID=2595) to work on /home/airflow/.local/lib/python3.7/site-packages/airflow/example_dags/example_time_delta_sensor_async.py
[2023-04-30T00:21:58.489+0000] {processor.py:743} INFO - Processing file /home/airflow/.local/lib/python3.7/site-packages/airflow/example_dags/example_time_delta_sensor_async.py for tasks to queue
[2023-04-30T00:21:58.491+0000] {logging_mixin.py:137} INFO - [2023-04-30T00:21:58.490+0000] {dagbag.py:532} INFO - Filling up the DagBag from /home/airflow/.local/lib/python3.7/site-packages/airflow/example_dags/example_time_delta_sensor_async.py
[2023-04-30T00:21:58.514+0000] {processor.py:753} INFO - DAG(s) dict_keys(['example_time_delta_sensor_async']) retrieved from /home/airflow/.local/lib/python3.7/site-packages/airflow/example_dags/example_time_delta_sensor_async.py
[2023-04-30T00:21:58.537+0000] {logging_mixin.py:137} INFO - [2023-04-30T00:21:58.537+0000] {dag.py:2693} INFO - Sync 1 DAGs
[2023-04-30T00:21:58.555+0000] {logging_mixin.py:137} INFO - [2023-04-30T00:21:58.554+0000] {dag.py:3444} INFO - Setting next_dagrun for example_time_delta_sensor_async to None, run_after=None
[2023-04-30T00:21:58.569+0000] {processor.py:175} INFO - Processing /home/airflow/.local/lib/python3.7/site-packages/airflow/example_dags/example_time_delta_sensor_async.py took 0.087 seconds
[2023-04-30T00:22:29.484+0000] {processor.py:153} INFO - Started process (PID=2646) to work on /home/airflow/.local/lib/python3.7/site-packages/airflow/example_dags/example_time_delta_sensor_async.py
[2023-04-30T00:22:29.486+0000] {processor.py:743} INFO - Processing file /home/airflow/.local/lib/python3.7/site-packages/airflow/example_dags/example_time_delta_sensor_async.py for tasks to queue
[2023-04-30T00:22:29.487+0000] {logging_mixin.py:137} INFO - [2023-04-30T00:22:29.487+0000] {dagbag.py:532} INFO - Filling up the DagBag from /home/airflow/.local/lib/python3.7/site-packages/airflow/example_dags/example_time_delta_sensor_async.py
[2023-04-30T00:22:29.497+0000] {processor.py:753} INFO - DAG(s) dict_keys(['example_time_delta_sensor_async']) retrieved from /home/airflow/.local/lib/python3.7/site-packages/airflow/example_dags/example_time_delta_sensor_async.py
[2023-04-30T00:22:29.516+0000] {logging_mixin.py:137} INFO - [2023-04-30T00:22:29.516+0000] {dag.py:2693} INFO - Sync 1 DAGs
[2023-04-30T00:22:29.533+0000] {logging_mixin.py:137} INFO - [2023-04-30T00:22:29.533+0000] {dag.py:3444} INFO - Setting next_dagrun for example_time_delta_sensor_async to None, run_after=None
[2023-04-30T00:22:29.544+0000] {processor.py:175} INFO - Processing /home/airflow/.local/lib/python3.7/site-packages/airflow/example_dags/example_time_delta_sensor_async.py took 0.063 seconds
[2023-04-30T00:22:59.954+0000] {processor.py:153} INFO - Started process (PID=2697) to work on /home/airflow/.local/lib/python3.7/site-packages/airflow/example_dags/example_time_delta_sensor_async.py
[2023-04-30T00:22:59.955+0000] {processor.py:743} INFO - Processing file /home/airflow/.local/lib/python3.7/site-packages/airflow/example_dags/example_time_delta_sensor_async.py for tasks to queue
[2023-04-30T00:22:59.956+0000] {logging_mixin.py:137} INFO - [2023-04-30T00:22:59.956+0000] {dagbag.py:532} INFO - Filling up the DagBag from /home/airflow/.local/lib/python3.7/site-packages/airflow/example_dags/example_time_delta_sensor_async.py
[2023-04-30T00:22:59.965+0000] {processor.py:753} INFO - DAG(s) dict_keys(['example_time_delta_sensor_async']) retrieved from /home/airflow/.local/lib/python3.7/site-packages/airflow/example_dags/example_time_delta_sensor_async.py
[2023-04-30T00:22:59.984+0000] {logging_mixin.py:137} INFO - [2023-04-30T00:22:59.984+0000] {dag.py:2693} INFO - Sync 1 DAGs
[2023-04-30T00:23:00.000+0000] {logging_mixin.py:137} INFO - [2023-04-30T00:23:00.000+0000] {dag.py:3444} INFO - Setting next_dagrun for example_time_delta_sensor_async to None, run_after=None
[2023-04-30T00:23:00.011+0000] {processor.py:175} INFO - Processing /home/airflow/.local/lib/python3.7/site-packages/airflow/example_dags/example_time_delta_sensor_async.py took 0.059 seconds
[2023-04-30T00:23:30.395+0000] {processor.py:153} INFO - Started process (PID=2748) to work on /home/airflow/.local/lib/python3.7/site-packages/airflow/example_dags/example_time_delta_sensor_async.py
[2023-04-30T00:23:30.396+0000] {processor.py:743} INFO - Processing file /home/airflow/.local/lib/python3.7/site-packages/airflow/example_dags/example_time_delta_sensor_async.py for tasks to queue
[2023-04-30T00:23:30.397+0000] {logging_mixin.py:137} INFO - [2023-04-30T00:23:30.396+0000] {dagbag.py:532} INFO - Filling up the DagBag from /home/airflow/.local/lib/python3.7/site-packages/airflow/example_dags/example_time_delta_sensor_async.py
[2023-04-30T00:23:30.405+0000] {processor.py:753} INFO - DAG(s) dict_keys(['example_time_delta_sensor_async']) retrieved from /home/airflow/.local/lib/python3.7/site-packages/airflow/example_dags/example_time_delta_sensor_async.py
[2023-04-30T00:23:30.424+0000] {logging_mixin.py:137} INFO - [2023-04-30T00:23:30.424+0000] {dag.py:2693} INFO - Sync 1 DAGs
[2023-04-30T00:23:30.438+0000] {logging_mixin.py:137} INFO - [2023-04-30T00:23:30.438+0000] {dag.py:3444} INFO - Setting next_dagrun for example_time_delta_sensor_async to None, run_after=None
[2023-04-30T00:23:30.448+0000] {processor.py:175} INFO - Processing /home/airflow/.local/lib/python3.7/site-packages/airflow/example_dags/example_time_delta_sensor_async.py took 0.056 seconds
[2023-04-30T00:24:00.958+0000] {processor.py:153} INFO - Started process (PID=2798) to work on /home/airflow/.local/lib/python3.7/site-packages/airflow/example_dags/example_time_delta_sensor_async.py
[2023-04-30T00:24:00.959+0000] {processor.py:743} INFO - Processing file /home/airflow/.local/lib/python3.7/site-packages/airflow/example_dags/example_time_delta_sensor_async.py for tasks to queue
[2023-04-30T00:24:00.960+0000] {logging_mixin.py:137} INFO - [2023-04-30T00:24:00.959+0000] {dagbag.py:532} INFO - Filling up the DagBag from /home/airflow/.local/lib/python3.7/site-packages/airflow/example_dags/example_time_delta_sensor_async.py
[2023-04-30T00:24:00.968+0000] {processor.py:753} INFO - DAG(s) dict_keys(['example_time_delta_sensor_async']) retrieved from /home/airflow/.local/lib/python3.7/site-packages/airflow/example_dags/example_time_delta_sensor_async.py
[2023-04-30T00:24:00.987+0000] {logging_mixin.py:137} INFO - [2023-04-30T00:24:00.987+0000] {dag.py:2693} INFO - Sync 1 DAGs
[2023-04-30T00:24:01.002+0000] {logging_mixin.py:137} INFO - [2023-04-30T00:24:01.002+0000] {dag.py:3444} INFO - Setting next_dagrun for example_time_delta_sensor_async to None, run_after=None
[2023-04-30T00:24:01.012+0000] {processor.py:175} INFO - Processing /home/airflow/.local/lib/python3.7/site-packages/airflow/example_dags/example_time_delta_sensor_async.py took 0.057 seconds
[2023-04-30T00:24:31.663+0000] {processor.py:153} INFO - Started process (PID=2848) to work on /home/airflow/.local/lib/python3.7/site-packages/airflow/example_dags/example_time_delta_sensor_async.py
[2023-04-30T00:24:31.664+0000] {processor.py:743} INFO - Processing file /home/airflow/.local/lib/python3.7/site-packages/airflow/example_dags/example_time_delta_sensor_async.py for tasks to queue
[2023-04-30T00:24:31.665+0000] {logging_mixin.py:137} INFO - [2023-04-30T00:24:31.665+0000] {dagbag.py:532} INFO - Filling up the DagBag from /home/airflow/.local/lib/python3.7/site-packages/airflow/example_dags/example_time_delta_sensor_async.py
[2023-04-30T00:24:31.674+0000] {processor.py:753} INFO - DAG(s) dict_keys(['example_time_delta_sensor_async']) retrieved from /home/airflow/.local/lib/python3.7/site-packages/airflow/example_dags/example_time_delta_sensor_async.py
[2023-04-30T00:24:31.693+0000] {logging_mixin.py:137} INFO - [2023-04-30T00:24:31.693+0000] {dag.py:2693} INFO - Sync 1 DAGs
[2023-04-30T00:24:31.709+0000] {logging_mixin.py:137} INFO - [2023-04-30T00:24:31.709+0000] {dag.py:3444} INFO - Setting next_dagrun for example_time_delta_sensor_async to None, run_after=None
[2023-04-30T00:24:31.719+0000] {processor.py:175} INFO - Processing /home/airflow/.local/lib/python3.7/site-packages/airflow/example_dags/example_time_delta_sensor_async.py took 0.059 seconds
[2023-04-30T00:25:02.489+0000] {processor.py:153} INFO - Started process (PID=2905) to work on /home/airflow/.local/lib/python3.7/site-packages/airflow/example_dags/example_time_delta_sensor_async.py
[2023-04-30T00:25:02.490+0000] {processor.py:743} INFO - Processing file /home/airflow/.local/lib/python3.7/site-packages/airflow/example_dags/example_time_delta_sensor_async.py for tasks to queue
[2023-04-30T00:25:02.491+0000] {logging_mixin.py:137} INFO - [2023-04-30T00:25:02.491+0000] {dagbag.py:532} INFO - Filling up the DagBag from /home/airflow/.local/lib/python3.7/site-packages/airflow/example_dags/example_time_delta_sensor_async.py
[2023-04-30T00:25:02.499+0000] {processor.py:753} INFO - DAG(s) dict_keys(['example_time_delta_sensor_async']) retrieved from /home/airflow/.local/lib/python3.7/site-packages/airflow/example_dags/example_time_delta_sensor_async.py
[2023-04-30T00:25:02.520+0000] {logging_mixin.py:137} INFO - [2023-04-30T00:25:02.520+0000] {dag.py:2693} INFO - Sync 1 DAGs
[2023-04-30T00:25:02.535+0000] {logging_mixin.py:137} INFO - [2023-04-30T00:25:02.535+0000] {dag.py:3444} INFO - Setting next_dagrun for example_time_delta_sensor_async to None, run_after=None
[2023-04-30T00:25:02.549+0000] {processor.py:175} INFO - Processing /home/airflow/.local/lib/python3.7/site-packages/airflow/example_dags/example_time_delta_sensor_async.py took 0.063 seconds
[2023-04-30T00:25:33.069+0000] {processor.py:153} INFO - Started process (PID=2956) to work on /home/airflow/.local/lib/python3.7/site-packages/airflow/example_dags/example_time_delta_sensor_async.py
[2023-04-30T00:25:33.070+0000] {processor.py:743} INFO - Processing file /home/airflow/.local/lib/python3.7/site-packages/airflow/example_dags/example_time_delta_sensor_async.py for tasks to queue
[2023-04-30T00:25:33.070+0000] {logging_mixin.py:137} INFO - [2023-04-30T00:25:33.070+0000] {dagbag.py:532} INFO - Filling up the DagBag from /home/airflow/.local/lib/python3.7/site-packages/airflow/example_dags/example_time_delta_sensor_async.py
[2023-04-30T00:25:33.080+0000] {processor.py:753} INFO - DAG(s) dict_keys(['example_time_delta_sensor_async']) retrieved from /home/airflow/.local/lib/python3.7/site-packages/airflow/example_dags/example_time_delta_sensor_async.py
[2023-04-30T00:25:33.099+0000] {logging_mixin.py:137} INFO - [2023-04-30T00:25:33.099+0000] {dag.py:2693} INFO - Sync 1 DAGs
[2023-04-30T00:25:33.115+0000] {logging_mixin.py:137} INFO - [2023-04-30T00:25:33.115+0000] {dag.py:3444} INFO - Setting next_dagrun for example_time_delta_sensor_async to None, run_after=None
[2023-04-30T00:25:33.126+0000] {processor.py:175} INFO - Processing /home/airflow/.local/lib/python3.7/site-packages/airflow/example_dags/example_time_delta_sensor_async.py took 0.060 seconds
[2023-04-30T00:26:03.614+0000] {processor.py:153} INFO - Started process (PID=3008) to work on /home/airflow/.local/lib/python3.7/site-packages/airflow/example_dags/example_time_delta_sensor_async.py
[2023-04-30T00:26:03.615+0000] {processor.py:743} INFO - Processing file /home/airflow/.local/lib/python3.7/site-packages/airflow/example_dags/example_time_delta_sensor_async.py for tasks to queue
[2023-04-30T00:26:03.616+0000] {logging_mixin.py:137} INFO - [2023-04-30T00:26:03.616+0000] {dagbag.py:532} INFO - Filling up the DagBag from /home/airflow/.local/lib/python3.7/site-packages/airflow/example_dags/example_time_delta_sensor_async.py
[2023-04-30T00:26:03.624+0000] {processor.py:753} INFO - DAG(s) dict_keys(['example_time_delta_sensor_async']) retrieved from /home/airflow/.local/lib/python3.7/site-packages/airflow/example_dags/example_time_delta_sensor_async.py
[2023-04-30T00:26:03.642+0000] {logging_mixin.py:137} INFO - [2023-04-30T00:26:03.642+0000] {dag.py:2693} INFO - Sync 1 DAGs
[2023-04-30T00:26:03.657+0000] {logging_mixin.py:137} INFO - [2023-04-30T00:26:03.657+0000] {dag.py:3444} INFO - Setting next_dagrun for example_time_delta_sensor_async to None, run_after=None
[2023-04-30T00:26:03.667+0000] {processor.py:175} INFO - Processing /home/airflow/.local/lib/python3.7/site-packages/airflow/example_dags/example_time_delta_sensor_async.py took 0.056 seconds
[2023-04-30T00:26:34.267+0000] {processor.py:153} INFO - Started process (PID=3059) to work on /home/airflow/.local/lib/python3.7/site-packages/airflow/example_dags/example_time_delta_sensor_async.py
[2023-04-30T00:26:34.268+0000] {processor.py:743} INFO - Processing file /home/airflow/.local/lib/python3.7/site-packages/airflow/example_dags/example_time_delta_sensor_async.py for tasks to queue
[2023-04-30T00:26:34.269+0000] {logging_mixin.py:137} INFO - [2023-04-30T00:26:34.269+0000] {dagbag.py:532} INFO - Filling up the DagBag from /home/airflow/.local/lib/python3.7/site-packages/airflow/example_dags/example_time_delta_sensor_async.py
[2023-04-30T00:26:34.277+0000] {processor.py:753} INFO - DAG(s) dict_keys(['example_time_delta_sensor_async']) retrieved from /home/airflow/.local/lib/python3.7/site-packages/airflow/example_dags/example_time_delta_sensor_async.py
[2023-04-30T00:26:34.297+0000] {logging_mixin.py:137} INFO - [2023-04-30T00:26:34.297+0000] {dag.py:2693} INFO - Sync 1 DAGs
[2023-04-30T00:26:34.313+0000] {logging_mixin.py:137} INFO - [2023-04-30T00:26:34.313+0000] {dag.py:3444} INFO - Setting next_dagrun for example_time_delta_sensor_async to None, run_after=None
[2023-04-30T00:26:34.324+0000] {processor.py:175} INFO - Processing /home/airflow/.local/lib/python3.7/site-packages/airflow/example_dags/example_time_delta_sensor_async.py took 0.060 seconds
[2023-04-30T00:27:04.855+0000] {processor.py:153} INFO - Started process (PID=3110) to work on /home/airflow/.local/lib/python3.7/site-packages/airflow/example_dags/example_time_delta_sensor_async.py
[2023-04-30T00:27:04.856+0000] {processor.py:743} INFO - Processing file /home/airflow/.local/lib/python3.7/site-packages/airflow/example_dags/example_time_delta_sensor_async.py for tasks to queue
[2023-04-30T00:27:04.857+0000] {logging_mixin.py:137} INFO - [2023-04-30T00:27:04.857+0000] {dagbag.py:532} INFO - Filling up the DagBag from /home/airflow/.local/lib/python3.7/site-packages/airflow/example_dags/example_time_delta_sensor_async.py
[2023-04-30T00:27:04.867+0000] {processor.py:753} INFO - DAG(s) dict_keys(['example_time_delta_sensor_async']) retrieved from /home/airflow/.local/lib/python3.7/site-packages/airflow/example_dags/example_time_delta_sensor_async.py
[2023-04-30T00:27:04.888+0000] {logging_mixin.py:137} INFO - [2023-04-30T00:27:04.888+0000] {dag.py:2693} INFO - Sync 1 DAGs
[2023-04-30T00:27:04.908+0000] {logging_mixin.py:137} INFO - [2023-04-30T00:27:04.908+0000] {dag.py:3444} INFO - Setting next_dagrun for example_time_delta_sensor_async to None, run_after=None
[2023-04-30T00:27:04.923+0000] {processor.py:175} INFO - Processing /home/airflow/.local/lib/python3.7/site-packages/airflow/example_dags/example_time_delta_sensor_async.py took 0.073 seconds
[2023-04-30T00:27:35.709+0000] {processor.py:153} INFO - Started process (PID=3161) to work on /home/airflow/.local/lib/python3.7/site-packages/airflow/example_dags/example_time_delta_sensor_async.py
[2023-04-30T00:27:35.710+0000] {processor.py:743} INFO - Processing file /home/airflow/.local/lib/python3.7/site-packages/airflow/example_dags/example_time_delta_sensor_async.py for tasks to queue
[2023-04-30T00:27:35.711+0000] {logging_mixin.py:137} INFO - [2023-04-30T00:27:35.711+0000] {dagbag.py:532} INFO - Filling up the DagBag from /home/airflow/.local/lib/python3.7/site-packages/airflow/example_dags/example_time_delta_sensor_async.py
[2023-04-30T00:27:35.728+0000] {processor.py:753} INFO - DAG(s) dict_keys(['example_time_delta_sensor_async']) retrieved from /home/airflow/.local/lib/python3.7/site-packages/airflow/example_dags/example_time_delta_sensor_async.py
[2023-04-30T00:27:35.772+0000] {logging_mixin.py:137} INFO - [2023-04-30T00:27:35.772+0000] {dag.py:2693} INFO - Sync 1 DAGs
[2023-04-30T00:27:35.797+0000] {logging_mixin.py:137} INFO - [2023-04-30T00:27:35.797+0000] {dag.py:3444} INFO - Setting next_dagrun for example_time_delta_sensor_async to None, run_after=None
[2023-04-30T00:27:35.829+0000] {processor.py:175} INFO - Processing /home/airflow/.local/lib/python3.7/site-packages/airflow/example_dags/example_time_delta_sensor_async.py took 0.123 seconds
[2023-04-30T00:28:05.900+0000] {processor.py:153} INFO - Started process (PID=3212) to work on /home/airflow/.local/lib/python3.7/site-packages/airflow/example_dags/example_time_delta_sensor_async.py
[2023-04-30T00:28:05.901+0000] {processor.py:743} INFO - Processing file /home/airflow/.local/lib/python3.7/site-packages/airflow/example_dags/example_time_delta_sensor_async.py for tasks to queue
[2023-04-30T00:28:05.902+0000] {logging_mixin.py:137} INFO - [2023-04-30T00:28:05.902+0000] {dagbag.py:532} INFO - Filling up the DagBag from /home/airflow/.local/lib/python3.7/site-packages/airflow/example_dags/example_time_delta_sensor_async.py
[2023-04-30T00:28:05.910+0000] {processor.py:753} INFO - DAG(s) dict_keys(['example_time_delta_sensor_async']) retrieved from /home/airflow/.local/lib/python3.7/site-packages/airflow/example_dags/example_time_delta_sensor_async.py
[2023-04-30T00:28:05.934+0000] {logging_mixin.py:137} INFO - [2023-04-30T00:28:05.934+0000] {dag.py:2693} INFO - Sync 1 DAGs
[2023-04-30T00:28:05.954+0000] {logging_mixin.py:137} INFO - [2023-04-30T00:28:05.954+0000] {dag.py:3444} INFO - Setting next_dagrun for example_time_delta_sensor_async to None, run_after=None
[2023-04-30T00:28:05.967+0000] {processor.py:175} INFO - Processing /home/airflow/.local/lib/python3.7/site-packages/airflow/example_dags/example_time_delta_sensor_async.py took 0.073 seconds
[2023-04-30T00:28:36.947+0000] {processor.py:153} INFO - Started process (PID=3263) to work on /home/airflow/.local/lib/python3.7/site-packages/airflow/example_dags/example_time_delta_sensor_async.py
[2023-04-30T00:28:36.948+0000] {processor.py:743} INFO - Processing file /home/airflow/.local/lib/python3.7/site-packages/airflow/example_dags/example_time_delta_sensor_async.py for tasks to queue
[2023-04-30T00:28:36.948+0000] {logging_mixin.py:137} INFO - [2023-04-30T00:28:36.948+0000] {dagbag.py:532} INFO - Filling up the DagBag from /home/airflow/.local/lib/python3.7/site-packages/airflow/example_dags/example_time_delta_sensor_async.py
[2023-04-30T00:28:36.957+0000] {processor.py:753} INFO - DAG(s) dict_keys(['example_time_delta_sensor_async']) retrieved from /home/airflow/.local/lib/python3.7/site-packages/airflow/example_dags/example_time_delta_sensor_async.py
[2023-04-30T00:28:36.976+0000] {logging_mixin.py:137} INFO - [2023-04-30T00:28:36.976+0000] {dag.py:2693} INFO - Sync 1 DAGs
[2023-04-30T00:28:36.995+0000] {logging_mixin.py:137} INFO - [2023-04-30T00:28:36.995+0000] {dag.py:3444} INFO - Setting next_dagrun for example_time_delta_sensor_async to None, run_after=None
[2023-04-30T00:28:37.006+0000] {processor.py:175} INFO - Processing /home/airflow/.local/lib/python3.7/site-packages/airflow/example_dags/example_time_delta_sensor_async.py took 0.062 seconds
[2023-04-30T00:29:07.962+0000] {processor.py:153} INFO - Started process (PID=3314) to work on /home/airflow/.local/lib/python3.7/site-packages/airflow/example_dags/example_time_delta_sensor_async.py
[2023-04-30T00:29:07.963+0000] {processor.py:743} INFO - Processing file /home/airflow/.local/lib/python3.7/site-packages/airflow/example_dags/example_time_delta_sensor_async.py for tasks to queue
[2023-04-30T00:29:07.964+0000] {logging_mixin.py:137} INFO - [2023-04-30T00:29:07.964+0000] {dagbag.py:532} INFO - Filling up the DagBag from /home/airflow/.local/lib/python3.7/site-packages/airflow/example_dags/example_time_delta_sensor_async.py
[2023-04-30T00:29:07.977+0000] {processor.py:753} INFO - DAG(s) dict_keys(['example_time_delta_sensor_async']) retrieved from /home/airflow/.local/lib/python3.7/site-packages/airflow/example_dags/example_time_delta_sensor_async.py
[2023-04-30T00:29:07.997+0000] {logging_mixin.py:137} INFO - [2023-04-30T00:29:07.997+0000] {dag.py:2693} INFO - Sync 1 DAGs
[2023-04-30T00:29:08.012+0000] {logging_mixin.py:137} INFO - [2023-04-30T00:29:08.012+0000] {dag.py:3444} INFO - Setting next_dagrun for example_time_delta_sensor_async to None, run_after=None
[2023-04-30T00:29:08.026+0000] {processor.py:175} INFO - Processing /home/airflow/.local/lib/python3.7/site-packages/airflow/example_dags/example_time_delta_sensor_async.py took 0.066 seconds
[2023-04-30T00:29:38.665+0000] {processor.py:153} INFO - Started process (PID=3364) to work on /home/airflow/.local/lib/python3.7/site-packages/airflow/example_dags/example_time_delta_sensor_async.py
[2023-04-30T00:29:38.666+0000] {processor.py:743} INFO - Processing file /home/airflow/.local/lib/python3.7/site-packages/airflow/example_dags/example_time_delta_sensor_async.py for tasks to queue
[2023-04-30T00:29:38.667+0000] {logging_mixin.py:137} INFO - [2023-04-30T00:29:38.667+0000] {dagbag.py:532} INFO - Filling up the DagBag from /home/airflow/.local/lib/python3.7/site-packages/airflow/example_dags/example_time_delta_sensor_async.py
[2023-04-30T00:29:38.677+0000] {processor.py:753} INFO - DAG(s) dict_keys(['example_time_delta_sensor_async']) retrieved from /home/airflow/.local/lib/python3.7/site-packages/airflow/example_dags/example_time_delta_sensor_async.py
[2023-04-30T00:29:38.698+0000] {logging_mixin.py:137} INFO - [2023-04-30T00:29:38.697+0000] {dag.py:2693} INFO - Sync 1 DAGs
[2023-04-30T00:29:38.714+0000] {logging_mixin.py:137} INFO - [2023-04-30T00:29:38.714+0000] {dag.py:3444} INFO - Setting next_dagrun for example_time_delta_sensor_async to None, run_after=None
[2023-04-30T00:29:38.725+0000] {processor.py:175} INFO - Processing /home/airflow/.local/lib/python3.7/site-packages/airflow/example_dags/example_time_delta_sensor_async.py took 0.063 seconds
[2023-04-30T00:30:09.254+0000] {processor.py:153} INFO - Started process (PID=3415) to work on /home/airflow/.local/lib/python3.7/site-packages/airflow/example_dags/example_time_delta_sensor_async.py
[2023-04-30T00:30:09.255+0000] {processor.py:743} INFO - Processing file /home/airflow/.local/lib/python3.7/site-packages/airflow/example_dags/example_time_delta_sensor_async.py for tasks to queue
[2023-04-30T00:30:09.256+0000] {logging_mixin.py:137} INFO - [2023-04-30T00:30:09.256+0000] {dagbag.py:532} INFO - Filling up the DagBag from /home/airflow/.local/lib/python3.7/site-packages/airflow/example_dags/example_time_delta_sensor_async.py
[2023-04-30T00:30:09.266+0000] {processor.py:753} INFO - DAG(s) dict_keys(['example_time_delta_sensor_async']) retrieved from /home/airflow/.local/lib/python3.7/site-packages/airflow/example_dags/example_time_delta_sensor_async.py
[2023-04-30T00:30:09.286+0000] {logging_mixin.py:137} INFO - [2023-04-30T00:30:09.286+0000] {dag.py:2693} INFO - Sync 1 DAGs
[2023-04-30T00:30:09.302+0000] {logging_mixin.py:137} INFO - [2023-04-30T00:30:09.302+0000] {dag.py:3444} INFO - Setting next_dagrun for example_time_delta_sensor_async to None, run_after=None
[2023-04-30T00:30:09.313+0000] {processor.py:175} INFO - Processing /home/airflow/.local/lib/python3.7/site-packages/airflow/example_dags/example_time_delta_sensor_async.py took 0.062 seconds
[2023-04-30T00:30:39.856+0000] {processor.py:153} INFO - Started process (PID=3466) to work on /home/airflow/.local/lib/python3.7/site-packages/airflow/example_dags/example_time_delta_sensor_async.py
[2023-04-30T00:30:39.857+0000] {processor.py:743} INFO - Processing file /home/airflow/.local/lib/python3.7/site-packages/airflow/example_dags/example_time_delta_sensor_async.py for tasks to queue
[2023-04-30T00:30:39.858+0000] {logging_mixin.py:137} INFO - [2023-04-30T00:30:39.858+0000] {dagbag.py:532} INFO - Filling up the DagBag from /home/airflow/.local/lib/python3.7/site-packages/airflow/example_dags/example_time_delta_sensor_async.py
[2023-04-30T00:30:39.867+0000] {processor.py:753} INFO - DAG(s) dict_keys(['example_time_delta_sensor_async']) retrieved from /home/airflow/.local/lib/python3.7/site-packages/airflow/example_dags/example_time_delta_sensor_async.py
[2023-04-30T00:30:39.887+0000] {logging_mixin.py:137} INFO - [2023-04-30T00:30:39.887+0000] {dag.py:2693} INFO - Sync 1 DAGs
[2023-04-30T00:30:39.902+0000] {logging_mixin.py:137} INFO - [2023-04-30T00:30:39.902+0000] {dag.py:3444} INFO - Setting next_dagrun for example_time_delta_sensor_async to None, run_after=None
[2023-04-30T00:30:39.914+0000] {processor.py:175} INFO - Processing /home/airflow/.local/lib/python3.7/site-packages/airflow/example_dags/example_time_delta_sensor_async.py took 0.061 seconds
[2023-04-30T00:31:10.496+0000] {processor.py:153} INFO - Started process (PID=3517) to work on /home/airflow/.local/lib/python3.7/site-packages/airflow/example_dags/example_time_delta_sensor_async.py
[2023-04-30T00:31:10.497+0000] {processor.py:743} INFO - Processing file /home/airflow/.local/lib/python3.7/site-packages/airflow/example_dags/example_time_delta_sensor_async.py for tasks to queue
[2023-04-30T00:31:10.498+0000] {logging_mixin.py:137} INFO - [2023-04-30T00:31:10.498+0000] {dagbag.py:532} INFO - Filling up the DagBag from /home/airflow/.local/lib/python3.7/site-packages/airflow/example_dags/example_time_delta_sensor_async.py
[2023-04-30T00:31:10.507+0000] {processor.py:753} INFO - DAG(s) dict_keys(['example_time_delta_sensor_async']) retrieved from /home/airflow/.local/lib/python3.7/site-packages/airflow/example_dags/example_time_delta_sensor_async.py
[2023-04-30T00:31:10.527+0000] {logging_mixin.py:137} INFO - [2023-04-30T00:31:10.527+0000] {dag.py:2693} INFO - Sync 1 DAGs
[2023-04-30T00:31:10.548+0000] {logging_mixin.py:137} INFO - [2023-04-30T00:31:10.548+0000] {dag.py:3444} INFO - Setting next_dagrun for example_time_delta_sensor_async to None, run_after=None
[2023-04-30T00:31:10.562+0000] {processor.py:175} INFO - Processing /home/airflow/.local/lib/python3.7/site-packages/airflow/example_dags/example_time_delta_sensor_async.py took 0.068 seconds
[2023-04-30T00:31:41.110+0000] {processor.py:153} INFO - Started process (PID=3568) to work on /home/airflow/.local/lib/python3.7/site-packages/airflow/example_dags/example_time_delta_sensor_async.py
[2023-04-30T00:31:41.111+0000] {processor.py:743} INFO - Processing file /home/airflow/.local/lib/python3.7/site-packages/airflow/example_dags/example_time_delta_sensor_async.py for tasks to queue
[2023-04-30T00:31:41.112+0000] {logging_mixin.py:137} INFO - [2023-04-30T00:31:41.112+0000] {dagbag.py:532} INFO - Filling up the DagBag from /home/airflow/.local/lib/python3.7/site-packages/airflow/example_dags/example_time_delta_sensor_async.py
[2023-04-30T00:31:41.122+0000] {processor.py:753} INFO - DAG(s) dict_keys(['example_time_delta_sensor_async']) retrieved from /home/airflow/.local/lib/python3.7/site-packages/airflow/example_dags/example_time_delta_sensor_async.py
[2023-04-30T00:31:41.141+0000] {logging_mixin.py:137} INFO - [2023-04-30T00:31:41.141+0000] {dag.py:2693} INFO - Sync 1 DAGs
[2023-04-30T00:31:41.158+0000] {logging_mixin.py:137} INFO - [2023-04-30T00:31:41.158+0000] {dag.py:3444} INFO - Setting next_dagrun for example_time_delta_sensor_async to None, run_after=None
[2023-04-30T00:31:41.170+0000] {processor.py:175} INFO - Processing /home/airflow/.local/lib/python3.7/site-packages/airflow/example_dags/example_time_delta_sensor_async.py took 0.063 seconds
[2023-04-30T00:32:11.624+0000] {processor.py:153} INFO - Started process (PID=3619) to work on /home/airflow/.local/lib/python3.7/site-packages/airflow/example_dags/example_time_delta_sensor_async.py
[2023-04-30T00:32:11.625+0000] {processor.py:743} INFO - Processing file /home/airflow/.local/lib/python3.7/site-packages/airflow/example_dags/example_time_delta_sensor_async.py for tasks to queue
[2023-04-30T00:32:11.626+0000] {logging_mixin.py:137} INFO - [2023-04-30T00:32:11.626+0000] {dagbag.py:532} INFO - Filling up the DagBag from /home/airflow/.local/lib/python3.7/site-packages/airflow/example_dags/example_time_delta_sensor_async.py
[2023-04-30T00:32:11.636+0000] {processor.py:753} INFO - DAG(s) dict_keys(['example_time_delta_sensor_async']) retrieved from /home/airflow/.local/lib/python3.7/site-packages/airflow/example_dags/example_time_delta_sensor_async.py
[2023-04-30T00:32:11.655+0000] {logging_mixin.py:137} INFO - [2023-04-30T00:32:11.655+0000] {dag.py:2693} INFO - Sync 1 DAGs
[2023-04-30T00:32:11.671+0000] {logging_mixin.py:137} INFO - [2023-04-30T00:32:11.671+0000] {dag.py:3444} INFO - Setting next_dagrun for example_time_delta_sensor_async to None, run_after=None
[2023-04-30T00:32:11.682+0000] {processor.py:175} INFO - Processing /home/airflow/.local/lib/python3.7/site-packages/airflow/example_dags/example_time_delta_sensor_async.py took 0.060 seconds
[2023-04-30T00:32:42.337+0000] {processor.py:153} INFO - Started process (PID=3669) to work on /home/airflow/.local/lib/python3.7/site-packages/airflow/example_dags/example_time_delta_sensor_async.py
[2023-04-30T00:32:42.339+0000] {processor.py:743} INFO - Processing file /home/airflow/.local/lib/python3.7/site-packages/airflow/example_dags/example_time_delta_sensor_async.py for tasks to queue
[2023-04-30T00:32:42.339+0000] {logging_mixin.py:137} INFO - [2023-04-30T00:32:42.339+0000] {dagbag.py:532} INFO - Filling up the DagBag from /home/airflow/.local/lib/python3.7/site-packages/airflow/example_dags/example_time_delta_sensor_async.py
[2023-04-30T00:32:42.349+0000] {processor.py:753} INFO - DAG(s) dict_keys(['example_time_delta_sensor_async']) retrieved from /home/airflow/.local/lib/python3.7/site-packages/airflow/example_dags/example_time_delta_sensor_async.py
[2023-04-30T00:32:42.369+0000] {logging_mixin.py:137} INFO - [2023-04-30T00:32:42.369+0000] {dag.py:2693} INFO - Sync 1 DAGs
[2023-04-30T00:32:42.385+0000] {logging_mixin.py:137} INFO - [2023-04-30T00:32:42.385+0000] {dag.py:3444} INFO - Setting next_dagrun for example_time_delta_sensor_async to None, run_after=None
[2023-04-30T00:32:42.397+0000] {processor.py:175} INFO - Processing /home/airflow/.local/lib/python3.7/site-packages/airflow/example_dags/example_time_delta_sensor_async.py took 0.063 seconds
[2023-04-30T00:33:12.871+0000] {processor.py:153} INFO - Started process (PID=3720) to work on /home/airflow/.local/lib/python3.7/site-packages/airflow/example_dags/example_time_delta_sensor_async.py
[2023-04-30T00:33:12.876+0000] {processor.py:743} INFO - Processing file /home/airflow/.local/lib/python3.7/site-packages/airflow/example_dags/example_time_delta_sensor_async.py for tasks to queue
[2023-04-30T00:33:12.876+0000] {logging_mixin.py:137} INFO - [2023-04-30T00:33:12.876+0000] {dagbag.py:532} INFO - Filling up the DagBag from /home/airflow/.local/lib/python3.7/site-packages/airflow/example_dags/example_time_delta_sensor_async.py
[2023-04-30T00:33:12.885+0000] {processor.py:753} INFO - DAG(s) dict_keys(['example_time_delta_sensor_async']) retrieved from /home/airflow/.local/lib/python3.7/site-packages/airflow/example_dags/example_time_delta_sensor_async.py
[2023-04-30T00:33:12.905+0000] {logging_mixin.py:137} INFO - [2023-04-30T00:33:12.905+0000] {dag.py:2693} INFO - Sync 1 DAGs
[2023-04-30T00:33:12.921+0000] {logging_mixin.py:137} INFO - [2023-04-30T00:33:12.921+0000] {dag.py:3444} INFO - Setting next_dagrun for example_time_delta_sensor_async to None, run_after=None
[2023-04-30T00:33:12.932+0000] {processor.py:175} INFO - Processing /home/airflow/.local/lib/python3.7/site-packages/airflow/example_dags/example_time_delta_sensor_async.py took 0.064 seconds
[2023-04-30T00:33:43.535+0000] {processor.py:153} INFO - Started process (PID=3771) to work on /home/airflow/.local/lib/python3.7/site-packages/airflow/example_dags/example_time_delta_sensor_async.py
[2023-04-30T00:33:43.537+0000] {processor.py:743} INFO - Processing file /home/airflow/.local/lib/python3.7/site-packages/airflow/example_dags/example_time_delta_sensor_async.py for tasks to queue
[2023-04-30T00:33:43.538+0000] {logging_mixin.py:137} INFO - [2023-04-30T00:33:43.538+0000] {dagbag.py:532} INFO - Filling up the DagBag from /home/airflow/.local/lib/python3.7/site-packages/airflow/example_dags/example_time_delta_sensor_async.py
[2023-04-30T00:33:43.553+0000] {processor.py:753} INFO - DAG(s) dict_keys(['example_time_delta_sensor_async']) retrieved from /home/airflow/.local/lib/python3.7/site-packages/airflow/example_dags/example_time_delta_sensor_async.py
[2023-04-30T00:33:43.575+0000] {logging_mixin.py:137} INFO - [2023-04-30T00:33:43.575+0000] {dag.py:2693} INFO - Sync 1 DAGs
[2023-04-30T00:33:43.592+0000] {logging_mixin.py:137} INFO - [2023-04-30T00:33:43.592+0000] {dag.py:3444} INFO - Setting next_dagrun for example_time_delta_sensor_async to None, run_after=None
[2023-04-30T00:33:43.603+0000] {processor.py:175} INFO - Processing /home/airflow/.local/lib/python3.7/site-packages/airflow/example_dags/example_time_delta_sensor_async.py took 0.072 seconds
[2023-04-30T00:34:14.065+0000] {processor.py:153} INFO - Started process (PID=3822) to work on /home/airflow/.local/lib/python3.7/site-packages/airflow/example_dags/example_time_delta_sensor_async.py
[2023-04-30T00:34:14.066+0000] {processor.py:743} INFO - Processing file /home/airflow/.local/lib/python3.7/site-packages/airflow/example_dags/example_time_delta_sensor_async.py for tasks to queue
[2023-04-30T00:34:14.067+0000] {logging_mixin.py:137} INFO - [2023-04-30T00:34:14.067+0000] {dagbag.py:532} INFO - Filling up the DagBag from /home/airflow/.local/lib/python3.7/site-packages/airflow/example_dags/example_time_delta_sensor_async.py
[2023-04-30T00:34:14.077+0000] {processor.py:753} INFO - DAG(s) dict_keys(['example_time_delta_sensor_async']) retrieved from /home/airflow/.local/lib/python3.7/site-packages/airflow/example_dags/example_time_delta_sensor_async.py
[2023-04-30T00:34:14.100+0000] {logging_mixin.py:137} INFO - [2023-04-30T00:34:14.100+0000] {dag.py:2693} INFO - Sync 1 DAGs
[2023-04-30T00:34:14.115+0000] {logging_mixin.py:137} INFO - [2023-04-30T00:34:14.115+0000] {dag.py:3444} INFO - Setting next_dagrun for example_time_delta_sensor_async to None, run_after=None
[2023-04-30T00:34:14.125+0000] {processor.py:175} INFO - Processing /home/airflow/.local/lib/python3.7/site-packages/airflow/example_dags/example_time_delta_sensor_async.py took 0.063 seconds
[2023-04-30T00:34:45.157+0000] {processor.py:153} INFO - Started process (PID=3873) to work on /home/airflow/.local/lib/python3.7/site-packages/airflow/example_dags/example_time_delta_sensor_async.py
[2023-04-30T00:34:45.159+0000] {processor.py:743} INFO - Processing file /home/airflow/.local/lib/python3.7/site-packages/airflow/example_dags/example_time_delta_sensor_async.py for tasks to queue
[2023-04-30T00:34:45.161+0000] {logging_mixin.py:137} INFO - [2023-04-30T00:34:45.161+0000] {dagbag.py:532} INFO - Filling up the DagBag from /home/airflow/.local/lib/python3.7/site-packages/airflow/example_dags/example_time_delta_sensor_async.py
[2023-04-30T00:34:45.173+0000] {processor.py:753} INFO - DAG(s) dict_keys(['example_time_delta_sensor_async']) retrieved from /home/airflow/.local/lib/python3.7/site-packages/airflow/example_dags/example_time_delta_sensor_async.py
[2023-04-30T00:34:45.214+0000] {logging_mixin.py:137} INFO - [2023-04-30T00:34:45.214+0000] {dag.py:2693} INFO - Sync 1 DAGs
[2023-04-30T00:34:45.253+0000] {logging_mixin.py:137} INFO - [2023-04-30T00:34:45.252+0000] {dag.py:3444} INFO - Setting next_dagrun for example_time_delta_sensor_async to None, run_after=None
[2023-04-30T00:34:45.283+0000] {processor.py:175} INFO - Processing /home/airflow/.local/lib/python3.7/site-packages/airflow/example_dags/example_time_delta_sensor_async.py took 0.130 seconds
