[2023-04-30T00:08:49.461+0000] {processor.py:153} INFO - Started process (PID=2360) to work on /home/airflow/.local/lib/python3.7/site-packages/airflow/example_dags/example_branch_datetime_operator.py
[2023-04-30T00:08:49.462+0000] {processor.py:743} INFO - Processing file /home/airflow/.local/lib/python3.7/site-packages/airflow/example_dags/example_branch_datetime_operator.py for tasks to queue
[2023-04-30T00:08:49.463+0000] {logging_mixin.py:137} INFO - [2023-04-30T00:08:49.463+0000] {dagbag.py:532} INFO - Filling up the DagBag from /home/airflow/.local/lib/python3.7/site-packages/airflow/example_dags/example_branch_datetime_operator.py
[2023-04-30T00:08:49.475+0000] {processor.py:753} INFO - DAG(s) dict_keys(['example_branch_datetime_operator_2', 'example_branch_datetime_operator_3', 'example_branch_datetime_operator']) retrieved from /home/airflow/.local/lib/python3.7/site-packages/airflow/example_dags/example_branch_datetime_operator.py
[2023-04-30T00:08:49.505+0000] {logging_mixin.py:137} INFO - [2023-04-30T00:08:49.505+0000] {dag.py:2693} INFO - Sync 3 DAGs
[2023-04-30T00:08:49.523+0000] {logging_mixin.py:137} INFO - [2023-04-30T00:08:49.523+0000] {dag.py:3444} INFO - Setting next_dagrun for example_branch_datetime_operator to 2023-04-29T00:00:00+00:00, run_after=2023-04-30T00:00:00+00:00
[2023-04-30T00:08:49.526+0000] {logging_mixin.py:137} INFO - [2023-04-30T00:08:49.526+0000] {dag.py:3444} INFO - Setting next_dagrun for example_branch_datetime_operator_2 to 2023-04-29T00:00:00+00:00, run_after=2023-04-30T00:00:00+00:00
[2023-04-30T00:08:49.528+0000] {logging_mixin.py:137} INFO - [2023-04-30T00:08:49.528+0000] {dag.py:3444} INFO - Setting next_dagrun for example_branch_datetime_operator_3 to 2023-04-29T00:00:00+00:00, run_after=2023-04-30T00:00:00+00:00
[2023-04-30T00:08:49.542+0000] {processor.py:175} INFO - Processing /home/airflow/.local/lib/python3.7/site-packages/airflow/example_dags/example_branch_datetime_operator.py took 0.083 seconds
[2023-04-30T00:19:56.492+0000] {processor.py:153} INFO - Started process (PID=2411) to work on /home/airflow/.local/lib/python3.7/site-packages/airflow/example_dags/example_branch_datetime_operator.py
[2023-04-30T00:19:56.493+0000] {processor.py:743} INFO - Processing file /home/airflow/.local/lib/python3.7/site-packages/airflow/example_dags/example_branch_datetime_operator.py for tasks to queue
[2023-04-30T00:19:56.494+0000] {logging_mixin.py:137} INFO - [2023-04-30T00:19:56.494+0000] {dagbag.py:532} INFO - Filling up the DagBag from /home/airflow/.local/lib/python3.7/site-packages/airflow/example_dags/example_branch_datetime_operator.py
[2023-04-30T00:19:56.511+0000] {processor.py:753} INFO - DAG(s) dict_keys(['example_branch_datetime_operator_3', 'example_branch_datetime_operator', 'example_branch_datetime_operator_2']) retrieved from /home/airflow/.local/lib/python3.7/site-packages/airflow/example_dags/example_branch_datetime_operator.py
[2023-04-30T00:19:56.544+0000] {logging_mixin.py:137} INFO - [2023-04-30T00:19:56.544+0000] {dag.py:2693} INFO - Sync 3 DAGs
[2023-04-30T00:19:56.561+0000] {logging_mixin.py:137} INFO - [2023-04-30T00:19:56.561+0000] {dag.py:3444} INFO - Setting next_dagrun for example_branch_datetime_operator to 2023-04-29T00:00:00+00:00, run_after=2023-04-30T00:00:00+00:00
[2023-04-30T00:19:56.565+0000] {logging_mixin.py:137} INFO - [2023-04-30T00:19:56.565+0000] {dag.py:3444} INFO - Setting next_dagrun for example_branch_datetime_operator_2 to 2023-04-29T00:00:00+00:00, run_after=2023-04-30T00:00:00+00:00
[2023-04-30T00:19:56.566+0000] {logging_mixin.py:137} INFO - [2023-04-30T00:19:56.566+0000] {dag.py:3444} INFO - Setting next_dagrun for example_branch_datetime_operator_3 to 2023-04-29T00:00:00+00:00, run_after=2023-04-30T00:00:00+00:00
[2023-04-30T00:19:56.579+0000] {processor.py:175} INFO - Processing /home/airflow/.local/lib/python3.7/site-packages/airflow/example_dags/example_branch_datetime_operator.py took 0.090 seconds
[2023-04-30T00:20:27.209+0000] {processor.py:153} INFO - Started process (PID=2462) to work on /home/airflow/.local/lib/python3.7/site-packages/airflow/example_dags/example_branch_datetime_operator.py
[2023-04-30T00:20:27.211+0000] {processor.py:743} INFO - Processing file /home/airflow/.local/lib/python3.7/site-packages/airflow/example_dags/example_branch_datetime_operator.py for tasks to queue
[2023-04-30T00:20:27.212+0000] {logging_mixin.py:137} INFO - [2023-04-30T00:20:27.212+0000] {dagbag.py:532} INFO - Filling up the DagBag from /home/airflow/.local/lib/python3.7/site-packages/airflow/example_dags/example_branch_datetime_operator.py
[2023-04-30T00:20:27.224+0000] {processor.py:753} INFO - DAG(s) dict_keys(['example_branch_datetime_operator', 'example_branch_datetime_operator_3', 'example_branch_datetime_operator_2']) retrieved from /home/airflow/.local/lib/python3.7/site-packages/airflow/example_dags/example_branch_datetime_operator.py
[2023-04-30T00:20:27.248+0000] {logging_mixin.py:137} INFO - [2023-04-30T00:20:27.248+0000] {dag.py:2693} INFO - Sync 3 DAGs
[2023-04-30T00:20:27.265+0000] {logging_mixin.py:137} INFO - [2023-04-30T00:20:27.265+0000] {dag.py:3444} INFO - Setting next_dagrun for example_branch_datetime_operator to 2023-04-29T00:00:00+00:00, run_after=2023-04-30T00:00:00+00:00
[2023-04-30T00:20:27.268+0000] {logging_mixin.py:137} INFO - [2023-04-30T00:20:27.268+0000] {dag.py:3444} INFO - Setting next_dagrun for example_branch_datetime_operator_2 to 2023-04-29T00:00:00+00:00, run_after=2023-04-30T00:00:00+00:00
[2023-04-30T00:20:27.270+0000] {logging_mixin.py:137} INFO - [2023-04-30T00:20:27.270+0000] {dag.py:3444} INFO - Setting next_dagrun for example_branch_datetime_operator_3 to 2023-04-29T00:00:00+00:00, run_after=2023-04-30T00:00:00+00:00
[2023-04-30T00:20:27.279+0000] {processor.py:175} INFO - Processing /home/airflow/.local/lib/python3.7/site-packages/airflow/example_dags/example_branch_datetime_operator.py took 0.073 seconds
[2023-04-30T00:20:58.035+0000] {processor.py:153} INFO - Started process (PID=2513) to work on /home/airflow/.local/lib/python3.7/site-packages/airflow/example_dags/example_branch_datetime_operator.py
[2023-04-30T00:20:58.036+0000] {processor.py:743} INFO - Processing file /home/airflow/.local/lib/python3.7/site-packages/airflow/example_dags/example_branch_datetime_operator.py for tasks to queue
[2023-04-30T00:20:58.037+0000] {logging_mixin.py:137} INFO - [2023-04-30T00:20:58.037+0000] {dagbag.py:532} INFO - Filling up the DagBag from /home/airflow/.local/lib/python3.7/site-packages/airflow/example_dags/example_branch_datetime_operator.py
[2023-04-30T00:20:58.049+0000] {processor.py:753} INFO - DAG(s) dict_keys(['example_branch_datetime_operator_3', 'example_branch_datetime_operator', 'example_branch_datetime_operator_2']) retrieved from /home/airflow/.local/lib/python3.7/site-packages/airflow/example_dags/example_branch_datetime_operator.py
[2023-04-30T00:20:58.076+0000] {logging_mixin.py:137} INFO - [2023-04-30T00:20:58.076+0000] {dag.py:2693} INFO - Sync 3 DAGs
[2023-04-30T00:20:58.093+0000] {logging_mixin.py:137} INFO - [2023-04-30T00:20:58.093+0000] {dag.py:3444} INFO - Setting next_dagrun for example_branch_datetime_operator to 2023-04-29T00:00:00+00:00, run_after=2023-04-30T00:00:00+00:00
[2023-04-30T00:20:58.096+0000] {logging_mixin.py:137} INFO - [2023-04-30T00:20:58.096+0000] {dag.py:3444} INFO - Setting next_dagrun for example_branch_datetime_operator_2 to 2023-04-29T00:00:00+00:00, run_after=2023-04-30T00:00:00+00:00
[2023-04-30T00:20:58.098+0000] {logging_mixin.py:137} INFO - [2023-04-30T00:20:58.098+0000] {dag.py:3444} INFO - Setting next_dagrun for example_branch_datetime_operator_3 to 2023-04-29T00:00:00+00:00, run_after=2023-04-30T00:00:00+00:00
[2023-04-30T00:20:58.107+0000] {processor.py:175} INFO - Processing /home/airflow/.local/lib/python3.7/site-packages/airflow/example_dags/example_branch_datetime_operator.py took 0.074 seconds
[2023-04-30T00:21:28.888+0000] {processor.py:153} INFO - Started process (PID=2564) to work on /home/airflow/.local/lib/python3.7/site-packages/airflow/example_dags/example_branch_datetime_operator.py
[2023-04-30T00:21:28.890+0000] {processor.py:743} INFO - Processing file /home/airflow/.local/lib/python3.7/site-packages/airflow/example_dags/example_branch_datetime_operator.py for tasks to queue
[2023-04-30T00:21:28.891+0000] {logging_mixin.py:137} INFO - [2023-04-30T00:21:28.891+0000] {dagbag.py:532} INFO - Filling up the DagBag from /home/airflow/.local/lib/python3.7/site-packages/airflow/example_dags/example_branch_datetime_operator.py
[2023-04-30T00:21:28.906+0000] {processor.py:753} INFO - DAG(s) dict_keys(['example_branch_datetime_operator', 'example_branch_datetime_operator_2', 'example_branch_datetime_operator_3']) retrieved from /home/airflow/.local/lib/python3.7/site-packages/airflow/example_dags/example_branch_datetime_operator.py
[2023-04-30T00:21:28.930+0000] {logging_mixin.py:137} INFO - [2023-04-30T00:21:28.930+0000] {dag.py:2693} INFO - Sync 3 DAGs
[2023-04-30T00:21:28.948+0000] {logging_mixin.py:137} INFO - [2023-04-30T00:21:28.948+0000] {dag.py:3444} INFO - Setting next_dagrun for example_branch_datetime_operator to 2023-04-29T00:00:00+00:00, run_after=2023-04-30T00:00:00+00:00
[2023-04-30T00:21:28.951+0000] {logging_mixin.py:137} INFO - [2023-04-30T00:21:28.951+0000] {dag.py:3444} INFO - Setting next_dagrun for example_branch_datetime_operator_2 to 2023-04-29T00:00:00+00:00, run_after=2023-04-30T00:00:00+00:00
[2023-04-30T00:21:28.952+0000] {logging_mixin.py:137} INFO - [2023-04-30T00:21:28.952+0000] {dag.py:3444} INFO - Setting next_dagrun for example_branch_datetime_operator_3 to 2023-04-29T00:00:00+00:00, run_after=2023-04-30T00:00:00+00:00
[2023-04-30T00:21:28.962+0000] {processor.py:175} INFO - Processing /home/airflow/.local/lib/python3.7/site-packages/airflow/example_dags/example_branch_datetime_operator.py took 0.077 seconds
[2023-04-30T00:21:59.580+0000] {processor.py:153} INFO - Started process (PID=2615) to work on /home/airflow/.local/lib/python3.7/site-packages/airflow/example_dags/example_branch_datetime_operator.py
[2023-04-30T00:21:59.582+0000] {processor.py:743} INFO - Processing file /home/airflow/.local/lib/python3.7/site-packages/airflow/example_dags/example_branch_datetime_operator.py for tasks to queue
[2023-04-30T00:21:59.583+0000] {logging_mixin.py:137} INFO - [2023-04-30T00:21:59.583+0000] {dagbag.py:532} INFO - Filling up the DagBag from /home/airflow/.local/lib/python3.7/site-packages/airflow/example_dags/example_branch_datetime_operator.py
[2023-04-30T00:21:59.596+0000] {processor.py:753} INFO - DAG(s) dict_keys(['example_branch_datetime_operator_2', 'example_branch_datetime_operator_3', 'example_branch_datetime_operator']) retrieved from /home/airflow/.local/lib/python3.7/site-packages/airflow/example_dags/example_branch_datetime_operator.py
[2023-04-30T00:21:59.623+0000] {logging_mixin.py:137} INFO - [2023-04-30T00:21:59.623+0000] {dag.py:2693} INFO - Sync 3 DAGs
[2023-04-30T00:21:59.640+0000] {logging_mixin.py:137} INFO - [2023-04-30T00:21:59.640+0000] {dag.py:3444} INFO - Setting next_dagrun for example_branch_datetime_operator to 2023-04-29T00:00:00+00:00, run_after=2023-04-30T00:00:00+00:00
[2023-04-30T00:21:59.644+0000] {logging_mixin.py:137} INFO - [2023-04-30T00:21:59.644+0000] {dag.py:3444} INFO - Setting next_dagrun for example_branch_datetime_operator_2 to 2023-04-29T00:00:00+00:00, run_after=2023-04-30T00:00:00+00:00
[2023-04-30T00:21:59.646+0000] {logging_mixin.py:137} INFO - [2023-04-30T00:21:59.646+0000] {dag.py:3444} INFO - Setting next_dagrun for example_branch_datetime_operator_3 to 2023-04-29T00:00:00+00:00, run_after=2023-04-30T00:00:00+00:00
[2023-04-30T00:21:59.657+0000] {processor.py:175} INFO - Processing /home/airflow/.local/lib/python3.7/site-packages/airflow/example_dags/example_branch_datetime_operator.py took 0.080 seconds
[2023-04-30T00:22:30.454+0000] {processor.py:153} INFO - Started process (PID=2666) to work on /home/airflow/.local/lib/python3.7/site-packages/airflow/example_dags/example_branch_datetime_operator.py
[2023-04-30T00:22:30.456+0000] {processor.py:743} INFO - Processing file /home/airflow/.local/lib/python3.7/site-packages/airflow/example_dags/example_branch_datetime_operator.py for tasks to queue
[2023-04-30T00:22:30.457+0000] {logging_mixin.py:137} INFO - [2023-04-30T00:22:30.457+0000] {dagbag.py:532} INFO - Filling up the DagBag from /home/airflow/.local/lib/python3.7/site-packages/airflow/example_dags/example_branch_datetime_operator.py
[2023-04-30T00:22:30.469+0000] {processor.py:753} INFO - DAG(s) dict_keys(['example_branch_datetime_operator_3', 'example_branch_datetime_operator', 'example_branch_datetime_operator_2']) retrieved from /home/airflow/.local/lib/python3.7/site-packages/airflow/example_dags/example_branch_datetime_operator.py
[2023-04-30T00:22:30.494+0000] {logging_mixin.py:137} INFO - [2023-04-30T00:22:30.493+0000] {dag.py:2693} INFO - Sync 3 DAGs
[2023-04-30T00:22:30.512+0000] {logging_mixin.py:137} INFO - [2023-04-30T00:22:30.512+0000] {dag.py:3444} INFO - Setting next_dagrun for example_branch_datetime_operator to 2023-04-29T00:00:00+00:00, run_after=2023-04-30T00:00:00+00:00
[2023-04-30T00:22:30.515+0000] {logging_mixin.py:137} INFO - [2023-04-30T00:22:30.515+0000] {dag.py:3444} INFO - Setting next_dagrun for example_branch_datetime_operator_2 to 2023-04-29T00:00:00+00:00, run_after=2023-04-30T00:00:00+00:00
[2023-04-30T00:22:30.517+0000] {logging_mixin.py:137} INFO - [2023-04-30T00:22:30.517+0000] {dag.py:3444} INFO - Setting next_dagrun for example_branch_datetime_operator_3 to 2023-04-29T00:00:00+00:00, run_after=2023-04-30T00:00:00+00:00
[2023-04-30T00:22:30.527+0000] {processor.py:175} INFO - Processing /home/airflow/.local/lib/python3.7/site-packages/airflow/example_dags/example_branch_datetime_operator.py took 0.076 seconds
[2023-04-30T00:23:00.894+0000] {processor.py:153} INFO - Started process (PID=2717) to work on /home/airflow/.local/lib/python3.7/site-packages/airflow/example_dags/example_branch_datetime_operator.py
[2023-04-30T00:23:00.896+0000] {processor.py:743} INFO - Processing file /home/airflow/.local/lib/python3.7/site-packages/airflow/example_dags/example_branch_datetime_operator.py for tasks to queue
[2023-04-30T00:23:00.897+0000] {logging_mixin.py:137} INFO - [2023-04-30T00:23:00.897+0000] {dagbag.py:532} INFO - Filling up the DagBag from /home/airflow/.local/lib/python3.7/site-packages/airflow/example_dags/example_branch_datetime_operator.py
[2023-04-30T00:23:00.916+0000] {processor.py:753} INFO - DAG(s) dict_keys(['example_branch_datetime_operator_2', 'example_branch_datetime_operator_3', 'example_branch_datetime_operator']) retrieved from /home/airflow/.local/lib/python3.7/site-packages/airflow/example_dags/example_branch_datetime_operator.py
[2023-04-30T00:23:00.947+0000] {logging_mixin.py:137} INFO - [2023-04-30T00:23:00.947+0000] {dag.py:2693} INFO - Sync 3 DAGs
[2023-04-30T00:23:00.966+0000] {logging_mixin.py:137} INFO - [2023-04-30T00:23:00.966+0000] {dag.py:3444} INFO - Setting next_dagrun for example_branch_datetime_operator to 2023-04-29T00:00:00+00:00, run_after=2023-04-30T00:00:00+00:00
[2023-04-30T00:23:00.970+0000] {logging_mixin.py:137} INFO - [2023-04-30T00:23:00.969+0000] {dag.py:3444} INFO - Setting next_dagrun for example_branch_datetime_operator_2 to 2023-04-29T00:00:00+00:00, run_after=2023-04-30T00:00:00+00:00
[2023-04-30T00:23:00.971+0000] {logging_mixin.py:137} INFO - [2023-04-30T00:23:00.971+0000] {dag.py:3444} INFO - Setting next_dagrun for example_branch_datetime_operator_3 to 2023-04-29T00:00:00+00:00, run_after=2023-04-30T00:00:00+00:00
[2023-04-30T00:23:00.984+0000] {processor.py:175} INFO - Processing /home/airflow/.local/lib/python3.7/site-packages/airflow/example_dags/example_branch_datetime_operator.py took 0.093 seconds
[2023-04-30T00:23:31.368+0000] {processor.py:153} INFO - Started process (PID=2768) to work on /home/airflow/.local/lib/python3.7/site-packages/airflow/example_dags/example_branch_datetime_operator.py
[2023-04-30T00:23:31.369+0000] {processor.py:743} INFO - Processing file /home/airflow/.local/lib/python3.7/site-packages/airflow/example_dags/example_branch_datetime_operator.py for tasks to queue
[2023-04-30T00:23:31.369+0000] {logging_mixin.py:137} INFO - [2023-04-30T00:23:31.369+0000] {dagbag.py:532} INFO - Filling up the DagBag from /home/airflow/.local/lib/python3.7/site-packages/airflow/example_dags/example_branch_datetime_operator.py
[2023-04-30T00:23:31.381+0000] {processor.py:753} INFO - DAG(s) dict_keys(['example_branch_datetime_operator_3', 'example_branch_datetime_operator_2', 'example_branch_datetime_operator']) retrieved from /home/airflow/.local/lib/python3.7/site-packages/airflow/example_dags/example_branch_datetime_operator.py
[2023-04-30T00:23:31.404+0000] {logging_mixin.py:137} INFO - [2023-04-30T00:23:31.404+0000] {dag.py:2693} INFO - Sync 3 DAGs
[2023-04-30T00:23:31.421+0000] {logging_mixin.py:137} INFO - [2023-04-30T00:23:31.421+0000] {dag.py:3444} INFO - Setting next_dagrun for example_branch_datetime_operator to 2023-04-29T00:00:00+00:00, run_after=2023-04-30T00:00:00+00:00
[2023-04-30T00:23:31.425+0000] {logging_mixin.py:137} INFO - [2023-04-30T00:23:31.424+0000] {dag.py:3444} INFO - Setting next_dagrun for example_branch_datetime_operator_2 to 2023-04-29T00:00:00+00:00, run_after=2023-04-30T00:00:00+00:00
[2023-04-30T00:23:31.426+0000] {logging_mixin.py:137} INFO - [2023-04-30T00:23:31.426+0000] {dag.py:3444} INFO - Setting next_dagrun for example_branch_datetime_operator_3 to 2023-04-29T00:00:00+00:00, run_after=2023-04-30T00:00:00+00:00
[2023-04-30T00:23:31.436+0000] {processor.py:175} INFO - Processing /home/airflow/.local/lib/python3.7/site-packages/airflow/example_dags/example_branch_datetime_operator.py took 0.071 seconds
[2023-04-30T00:24:02.118+0000] {processor.py:153} INFO - Started process (PID=2824) to work on /home/airflow/.local/lib/python3.7/site-packages/airflow/example_dags/example_branch_datetime_operator.py
[2023-04-30T00:24:02.119+0000] {processor.py:743} INFO - Processing file /home/airflow/.local/lib/python3.7/site-packages/airflow/example_dags/example_branch_datetime_operator.py for tasks to queue
[2023-04-30T00:24:02.120+0000] {logging_mixin.py:137} INFO - [2023-04-30T00:24:02.120+0000] {dagbag.py:532} INFO - Filling up the DagBag from /home/airflow/.local/lib/python3.7/site-packages/airflow/example_dags/example_branch_datetime_operator.py
[2023-04-30T00:24:02.133+0000] {processor.py:753} INFO - DAG(s) dict_keys(['example_branch_datetime_operator', 'example_branch_datetime_operator_3', 'example_branch_datetime_operator_2']) retrieved from /home/airflow/.local/lib/python3.7/site-packages/airflow/example_dags/example_branch_datetime_operator.py
[2023-04-30T00:24:02.155+0000] {logging_mixin.py:137} INFO - [2023-04-30T00:24:02.155+0000] {dag.py:2693} INFO - Sync 3 DAGs
[2023-04-30T00:24:02.173+0000] {logging_mixin.py:137} INFO - [2023-04-30T00:24:02.173+0000] {dag.py:3444} INFO - Setting next_dagrun for example_branch_datetime_operator to 2023-04-29T00:00:00+00:00, run_after=2023-04-30T00:00:00+00:00
[2023-04-30T00:24:02.177+0000] {logging_mixin.py:137} INFO - [2023-04-30T00:24:02.177+0000] {dag.py:3444} INFO - Setting next_dagrun for example_branch_datetime_operator_2 to 2023-04-29T00:00:00+00:00, run_after=2023-04-30T00:00:00+00:00
[2023-04-30T00:24:02.179+0000] {logging_mixin.py:137} INFO - [2023-04-30T00:24:02.179+0000] {dag.py:3444} INFO - Setting next_dagrun for example_branch_datetime_operator_3 to 2023-04-29T00:00:00+00:00, run_after=2023-04-30T00:00:00+00:00
[2023-04-30T00:24:02.188+0000] {processor.py:175} INFO - Processing /home/airflow/.local/lib/python3.7/site-packages/airflow/example_dags/example_branch_datetime_operator.py took 0.074 seconds
[2023-04-30T00:24:32.817+0000] {processor.py:153} INFO - Started process (PID=2874) to work on /home/airflow/.local/lib/python3.7/site-packages/airflow/example_dags/example_branch_datetime_operator.py
[2023-04-30T00:24:32.819+0000] {processor.py:743} INFO - Processing file /home/airflow/.local/lib/python3.7/site-packages/airflow/example_dags/example_branch_datetime_operator.py for tasks to queue
[2023-04-30T00:24:32.820+0000] {logging_mixin.py:137} INFO - [2023-04-30T00:24:32.820+0000] {dagbag.py:532} INFO - Filling up the DagBag from /home/airflow/.local/lib/python3.7/site-packages/airflow/example_dags/example_branch_datetime_operator.py
[2023-04-30T00:24:32.835+0000] {processor.py:753} INFO - DAG(s) dict_keys(['example_branch_datetime_operator_3', 'example_branch_datetime_operator_2', 'example_branch_datetime_operator']) retrieved from /home/airflow/.local/lib/python3.7/site-packages/airflow/example_dags/example_branch_datetime_operator.py
[2023-04-30T00:24:32.863+0000] {logging_mixin.py:137} INFO - [2023-04-30T00:24:32.862+0000] {dag.py:2693} INFO - Sync 3 DAGs
[2023-04-30T00:24:32.881+0000] {logging_mixin.py:137} INFO - [2023-04-30T00:24:32.881+0000] {dag.py:3444} INFO - Setting next_dagrun for example_branch_datetime_operator to 2023-04-29T00:00:00+00:00, run_after=2023-04-30T00:00:00+00:00
[2023-04-30T00:24:32.884+0000] {logging_mixin.py:137} INFO - [2023-04-30T00:24:32.884+0000] {dag.py:3444} INFO - Setting next_dagrun for example_branch_datetime_operator_2 to 2023-04-29T00:00:00+00:00, run_after=2023-04-30T00:00:00+00:00
[2023-04-30T00:24:32.886+0000] {logging_mixin.py:137} INFO - [2023-04-30T00:24:32.886+0000] {dag.py:3444} INFO - Setting next_dagrun for example_branch_datetime_operator_3 to 2023-04-29T00:00:00+00:00, run_after=2023-04-30T00:00:00+00:00
[2023-04-30T00:24:32.896+0000] {processor.py:175} INFO - Processing /home/airflow/.local/lib/python3.7/site-packages/airflow/example_dags/example_branch_datetime_operator.py took 0.082 seconds
[2023-04-30T00:25:03.520+0000] {processor.py:153} INFO - Started process (PID=2925) to work on /home/airflow/.local/lib/python3.7/site-packages/airflow/example_dags/example_branch_datetime_operator.py
[2023-04-30T00:25:03.521+0000] {processor.py:743} INFO - Processing file /home/airflow/.local/lib/python3.7/site-packages/airflow/example_dags/example_branch_datetime_operator.py for tasks to queue
[2023-04-30T00:25:03.522+0000] {logging_mixin.py:137} INFO - [2023-04-30T00:25:03.521+0000] {dagbag.py:532} INFO - Filling up the DagBag from /home/airflow/.local/lib/python3.7/site-packages/airflow/example_dags/example_branch_datetime_operator.py
[2023-04-30T00:25:03.533+0000] {processor.py:753} INFO - DAG(s) dict_keys(['example_branch_datetime_operator_2', 'example_branch_datetime_operator_3', 'example_branch_datetime_operator']) retrieved from /home/airflow/.local/lib/python3.7/site-packages/airflow/example_dags/example_branch_datetime_operator.py
[2023-04-30T00:25:03.558+0000] {logging_mixin.py:137} INFO - [2023-04-30T00:25:03.558+0000] {dag.py:2693} INFO - Sync 3 DAGs
[2023-04-30T00:25:03.575+0000] {logging_mixin.py:137} INFO - [2023-04-30T00:25:03.575+0000] {dag.py:3444} INFO - Setting next_dagrun for example_branch_datetime_operator to 2023-04-29T00:00:00+00:00, run_after=2023-04-30T00:00:00+00:00
[2023-04-30T00:25:03.578+0000] {logging_mixin.py:137} INFO - [2023-04-30T00:25:03.578+0000] {dag.py:3444} INFO - Setting next_dagrun for example_branch_datetime_operator_2 to 2023-04-29T00:00:00+00:00, run_after=2023-04-30T00:00:00+00:00
[2023-04-30T00:25:03.580+0000] {logging_mixin.py:137} INFO - [2023-04-30T00:25:03.580+0000] {dag.py:3444} INFO - Setting next_dagrun for example_branch_datetime_operator_3 to 2023-04-29T00:00:00+00:00, run_after=2023-04-30T00:00:00+00:00
[2023-04-30T00:25:03.589+0000] {processor.py:175} INFO - Processing /home/airflow/.local/lib/python3.7/site-packages/airflow/example_dags/example_branch_datetime_operator.py took 0.072 seconds
[2023-04-30T00:25:34.018+0000] {processor.py:153} INFO - Started process (PID=2976) to work on /home/airflow/.local/lib/python3.7/site-packages/airflow/example_dags/example_branch_datetime_operator.py
[2023-04-30T00:25:34.019+0000] {processor.py:743} INFO - Processing file /home/airflow/.local/lib/python3.7/site-packages/airflow/example_dags/example_branch_datetime_operator.py for tasks to queue
[2023-04-30T00:25:34.020+0000] {logging_mixin.py:137} INFO - [2023-04-30T00:25:34.020+0000] {dagbag.py:532} INFO - Filling up the DagBag from /home/airflow/.local/lib/python3.7/site-packages/airflow/example_dags/example_branch_datetime_operator.py
[2023-04-30T00:25:34.031+0000] {processor.py:753} INFO - DAG(s) dict_keys(['example_branch_datetime_operator_2', 'example_branch_datetime_operator_3', 'example_branch_datetime_operator']) retrieved from /home/airflow/.local/lib/python3.7/site-packages/airflow/example_dags/example_branch_datetime_operator.py
[2023-04-30T00:25:34.055+0000] {logging_mixin.py:137} INFO - [2023-04-30T00:25:34.055+0000] {dag.py:2693} INFO - Sync 3 DAGs
[2023-04-30T00:25:34.071+0000] {logging_mixin.py:137} INFO - [2023-04-30T00:25:34.071+0000] {dag.py:3444} INFO - Setting next_dagrun for example_branch_datetime_operator to 2023-04-29T00:00:00+00:00, run_after=2023-04-30T00:00:00+00:00
[2023-04-30T00:25:34.074+0000] {logging_mixin.py:137} INFO - [2023-04-30T00:25:34.074+0000] {dag.py:3444} INFO - Setting next_dagrun for example_branch_datetime_operator_2 to 2023-04-29T00:00:00+00:00, run_after=2023-04-30T00:00:00+00:00
[2023-04-30T00:25:34.076+0000] {logging_mixin.py:137} INFO - [2023-04-30T00:25:34.076+0000] {dag.py:3444} INFO - Setting next_dagrun for example_branch_datetime_operator_3 to 2023-04-29T00:00:00+00:00, run_after=2023-04-30T00:00:00+00:00
[2023-04-30T00:25:34.087+0000] {processor.py:175} INFO - Processing /home/airflow/.local/lib/python3.7/site-packages/airflow/example_dags/example_branch_datetime_operator.py took 0.071 seconds
[2023-04-30T00:26:04.571+0000] {processor.py:153} INFO - Started process (PID=3028) to work on /home/airflow/.local/lib/python3.7/site-packages/airflow/example_dags/example_branch_datetime_operator.py
[2023-04-30T00:26:04.572+0000] {processor.py:743} INFO - Processing file /home/airflow/.local/lib/python3.7/site-packages/airflow/example_dags/example_branch_datetime_operator.py for tasks to queue
[2023-04-30T00:26:04.572+0000] {logging_mixin.py:137} INFO - [2023-04-30T00:26:04.572+0000] {dagbag.py:532} INFO - Filling up the DagBag from /home/airflow/.local/lib/python3.7/site-packages/airflow/example_dags/example_branch_datetime_operator.py
[2023-04-30T00:26:04.584+0000] {processor.py:753} INFO - DAG(s) dict_keys(['example_branch_datetime_operator_3', 'example_branch_datetime_operator_2', 'example_branch_datetime_operator']) retrieved from /home/airflow/.local/lib/python3.7/site-packages/airflow/example_dags/example_branch_datetime_operator.py
[2023-04-30T00:26:04.606+0000] {logging_mixin.py:137} INFO - [2023-04-30T00:26:04.606+0000] {dag.py:2693} INFO - Sync 3 DAGs
[2023-04-30T00:26:04.622+0000] {logging_mixin.py:137} INFO - [2023-04-30T00:26:04.621+0000] {dag.py:3444} INFO - Setting next_dagrun for example_branch_datetime_operator to 2023-04-29T00:00:00+00:00, run_after=2023-04-30T00:00:00+00:00
[2023-04-30T00:26:04.625+0000] {logging_mixin.py:137} INFO - [2023-04-30T00:26:04.625+0000] {dag.py:3444} INFO - Setting next_dagrun for example_branch_datetime_operator_2 to 2023-04-29T00:00:00+00:00, run_after=2023-04-30T00:00:00+00:00
[2023-04-30T00:26:04.626+0000] {logging_mixin.py:137} INFO - [2023-04-30T00:26:04.626+0000] {dag.py:3444} INFO - Setting next_dagrun for example_branch_datetime_operator_3 to 2023-04-29T00:00:00+00:00, run_after=2023-04-30T00:00:00+00:00
[2023-04-30T00:26:04.635+0000] {processor.py:175} INFO - Processing /home/airflow/.local/lib/python3.7/site-packages/airflow/example_dags/example_branch_datetime_operator.py took 0.067 seconds
[2023-04-30T00:26:35.226+0000] {processor.py:153} INFO - Started process (PID=3079) to work on /home/airflow/.local/lib/python3.7/site-packages/airflow/example_dags/example_branch_datetime_operator.py
[2023-04-30T00:26:35.228+0000] {processor.py:743} INFO - Processing file /home/airflow/.local/lib/python3.7/site-packages/airflow/example_dags/example_branch_datetime_operator.py for tasks to queue
[2023-04-30T00:26:35.228+0000] {logging_mixin.py:137} INFO - [2023-04-30T00:26:35.228+0000] {dagbag.py:532} INFO - Filling up the DagBag from /home/airflow/.local/lib/python3.7/site-packages/airflow/example_dags/example_branch_datetime_operator.py
[2023-04-30T00:26:35.241+0000] {processor.py:753} INFO - DAG(s) dict_keys(['example_branch_datetime_operator', 'example_branch_datetime_operator_2', 'example_branch_datetime_operator_3']) retrieved from /home/airflow/.local/lib/python3.7/site-packages/airflow/example_dags/example_branch_datetime_operator.py
[2023-04-30T00:26:35.264+0000] {logging_mixin.py:137} INFO - [2023-04-30T00:26:35.264+0000] {dag.py:2693} INFO - Sync 3 DAGs
[2023-04-30T00:26:35.281+0000] {logging_mixin.py:137} INFO - [2023-04-30T00:26:35.281+0000] {dag.py:3444} INFO - Setting next_dagrun for example_branch_datetime_operator to 2023-04-29T00:00:00+00:00, run_after=2023-04-30T00:00:00+00:00
[2023-04-30T00:26:35.284+0000] {logging_mixin.py:137} INFO - [2023-04-30T00:26:35.284+0000] {dag.py:3444} INFO - Setting next_dagrun for example_branch_datetime_operator_2 to 2023-04-29T00:00:00+00:00, run_after=2023-04-30T00:00:00+00:00
[2023-04-30T00:26:35.285+0000] {logging_mixin.py:137} INFO - [2023-04-30T00:26:35.285+0000] {dag.py:3444} INFO - Setting next_dagrun for example_branch_datetime_operator_3 to 2023-04-29T00:00:00+00:00, run_after=2023-04-30T00:00:00+00:00
[2023-04-30T00:26:35.295+0000] {processor.py:175} INFO - Processing /home/airflow/.local/lib/python3.7/site-packages/airflow/example_dags/example_branch_datetime_operator.py took 0.072 seconds
[2023-04-30T00:27:05.886+0000] {processor.py:153} INFO - Started process (PID=3130) to work on /home/airflow/.local/lib/python3.7/site-packages/airflow/example_dags/example_branch_datetime_operator.py
[2023-04-30T00:27:05.887+0000] {processor.py:743} INFO - Processing file /home/airflow/.local/lib/python3.7/site-packages/airflow/example_dags/example_branch_datetime_operator.py for tasks to queue
[2023-04-30T00:27:05.888+0000] {logging_mixin.py:137} INFO - [2023-04-30T00:27:05.888+0000] {dagbag.py:532} INFO - Filling up the DagBag from /home/airflow/.local/lib/python3.7/site-packages/airflow/example_dags/example_branch_datetime_operator.py
[2023-04-30T00:27:05.900+0000] {processor.py:753} INFO - DAG(s) dict_keys(['example_branch_datetime_operator_3', 'example_branch_datetime_operator_2', 'example_branch_datetime_operator']) retrieved from /home/airflow/.local/lib/python3.7/site-packages/airflow/example_dags/example_branch_datetime_operator.py
[2023-04-30T00:27:05.922+0000] {logging_mixin.py:137} INFO - [2023-04-30T00:27:05.922+0000] {dag.py:2693} INFO - Sync 3 DAGs
[2023-04-30T00:27:05.939+0000] {logging_mixin.py:137} INFO - [2023-04-30T00:27:05.939+0000] {dag.py:3444} INFO - Setting next_dagrun for example_branch_datetime_operator to 2023-04-29T00:00:00+00:00, run_after=2023-04-30T00:00:00+00:00
[2023-04-30T00:27:05.942+0000] {logging_mixin.py:137} INFO - [2023-04-30T00:27:05.942+0000] {dag.py:3444} INFO - Setting next_dagrun for example_branch_datetime_operator_2 to 2023-04-29T00:00:00+00:00, run_after=2023-04-30T00:00:00+00:00
[2023-04-30T00:27:05.944+0000] {logging_mixin.py:137} INFO - [2023-04-30T00:27:05.943+0000] {dag.py:3444} INFO - Setting next_dagrun for example_branch_datetime_operator_3 to 2023-04-29T00:00:00+00:00, run_after=2023-04-30T00:00:00+00:00
[2023-04-30T00:27:05.954+0000] {processor.py:175} INFO - Processing /home/airflow/.local/lib/python3.7/site-packages/airflow/example_dags/example_branch_datetime_operator.py took 0.071 seconds
[2023-04-30T00:27:37.295+0000] {processor.py:153} INFO - Started process (PID=3181) to work on /home/airflow/.local/lib/python3.7/site-packages/airflow/example_dags/example_branch_datetime_operator.py
[2023-04-30T00:27:37.296+0000] {processor.py:743} INFO - Processing file /home/airflow/.local/lib/python3.7/site-packages/airflow/example_dags/example_branch_datetime_operator.py for tasks to queue
[2023-04-30T00:27:37.297+0000] {logging_mixin.py:137} INFO - [2023-04-30T00:27:37.297+0000] {dagbag.py:532} INFO - Filling up the DagBag from /home/airflow/.local/lib/python3.7/site-packages/airflow/example_dags/example_branch_datetime_operator.py
[2023-04-30T00:27:37.309+0000] {processor.py:753} INFO - DAG(s) dict_keys(['example_branch_datetime_operator_3', 'example_branch_datetime_operator', 'example_branch_datetime_operator_2']) retrieved from /home/airflow/.local/lib/python3.7/site-packages/airflow/example_dags/example_branch_datetime_operator.py
[2023-04-30T00:27:37.332+0000] {logging_mixin.py:137} INFO - [2023-04-30T00:27:37.332+0000] {dag.py:2693} INFO - Sync 3 DAGs
[2023-04-30T00:27:37.349+0000] {logging_mixin.py:137} INFO - [2023-04-30T00:27:37.349+0000] {dag.py:3444} INFO - Setting next_dagrun for example_branch_datetime_operator to 2023-04-29T00:00:00+00:00, run_after=2023-04-30T00:00:00+00:00
[2023-04-30T00:27:37.352+0000] {logging_mixin.py:137} INFO - [2023-04-30T00:27:37.352+0000] {dag.py:3444} INFO - Setting next_dagrun for example_branch_datetime_operator_2 to 2023-04-29T00:00:00+00:00, run_after=2023-04-30T00:00:00+00:00
[2023-04-30T00:27:37.354+0000] {logging_mixin.py:137} INFO - [2023-04-30T00:27:37.354+0000] {dag.py:3444} INFO - Setting next_dagrun for example_branch_datetime_operator_3 to 2023-04-29T00:00:00+00:00, run_after=2023-04-30T00:00:00+00:00
[2023-04-30T00:27:37.364+0000] {processor.py:175} INFO - Processing /home/airflow/.local/lib/python3.7/site-packages/airflow/example_dags/example_branch_datetime_operator.py took 0.072 seconds
[2023-04-30T00:28:08.223+0000] {processor.py:153} INFO - Started process (PID=3232) to work on /home/airflow/.local/lib/python3.7/site-packages/airflow/example_dags/example_branch_datetime_operator.py
[2023-04-30T00:28:08.224+0000] {processor.py:743} INFO - Processing file /home/airflow/.local/lib/python3.7/site-packages/airflow/example_dags/example_branch_datetime_operator.py for tasks to queue
[2023-04-30T00:28:08.226+0000] {logging_mixin.py:137} INFO - [2023-04-30T00:28:08.226+0000] {dagbag.py:532} INFO - Filling up the DagBag from /home/airflow/.local/lib/python3.7/site-packages/airflow/example_dags/example_branch_datetime_operator.py
[2023-04-30T00:28:08.239+0000] {processor.py:753} INFO - DAG(s) dict_keys(['example_branch_datetime_operator_3', 'example_branch_datetime_operator_2', 'example_branch_datetime_operator']) retrieved from /home/airflow/.local/lib/python3.7/site-packages/airflow/example_dags/example_branch_datetime_operator.py
[2023-04-30T00:28:08.266+0000] {logging_mixin.py:137} INFO - [2023-04-30T00:28:08.265+0000] {dag.py:2693} INFO - Sync 3 DAGs
[2023-04-30T00:28:08.285+0000] {logging_mixin.py:137} INFO - [2023-04-30T00:28:08.285+0000] {dag.py:3444} INFO - Setting next_dagrun for example_branch_datetime_operator to 2023-04-29T00:00:00+00:00, run_after=2023-04-30T00:00:00+00:00
[2023-04-30T00:28:08.289+0000] {logging_mixin.py:137} INFO - [2023-04-30T00:28:08.289+0000] {dag.py:3444} INFO - Setting next_dagrun for example_branch_datetime_operator_2 to 2023-04-29T00:00:00+00:00, run_after=2023-04-30T00:00:00+00:00
[2023-04-30T00:28:08.291+0000] {logging_mixin.py:137} INFO - [2023-04-30T00:28:08.291+0000] {dag.py:3444} INFO - Setting next_dagrun for example_branch_datetime_operator_3 to 2023-04-29T00:00:00+00:00, run_after=2023-04-30T00:00:00+00:00
[2023-04-30T00:28:08.302+0000] {processor.py:175} INFO - Processing /home/airflow/.local/lib/python3.7/site-packages/airflow/example_dags/example_branch_datetime_operator.py took 0.083 seconds
[2023-04-30T00:28:39.056+0000] {processor.py:153} INFO - Started process (PID=3283) to work on /home/airflow/.local/lib/python3.7/site-packages/airflow/example_dags/example_branch_datetime_operator.py
[2023-04-30T00:28:39.058+0000] {processor.py:743} INFO - Processing file /home/airflow/.local/lib/python3.7/site-packages/airflow/example_dags/example_branch_datetime_operator.py for tasks to queue
[2023-04-30T00:28:39.059+0000] {logging_mixin.py:137} INFO - [2023-04-30T00:28:39.058+0000] {dagbag.py:532} INFO - Filling up the DagBag from /home/airflow/.local/lib/python3.7/site-packages/airflow/example_dags/example_branch_datetime_operator.py
[2023-04-30T00:28:39.073+0000] {processor.py:753} INFO - DAG(s) dict_keys(['example_branch_datetime_operator_2', 'example_branch_datetime_operator_3', 'example_branch_datetime_operator']) retrieved from /home/airflow/.local/lib/python3.7/site-packages/airflow/example_dags/example_branch_datetime_operator.py
[2023-04-30T00:28:39.104+0000] {logging_mixin.py:137} INFO - [2023-04-30T00:28:39.104+0000] {dag.py:2693} INFO - Sync 3 DAGs
[2023-04-30T00:28:39.130+0000] {logging_mixin.py:137} INFO - [2023-04-30T00:28:39.130+0000] {dag.py:3444} INFO - Setting next_dagrun for example_branch_datetime_operator to 2023-04-29T00:00:00+00:00, run_after=2023-04-30T00:00:00+00:00
[2023-04-30T00:28:39.136+0000] {logging_mixin.py:137} INFO - [2023-04-30T00:28:39.136+0000] {dag.py:3444} INFO - Setting next_dagrun for example_branch_datetime_operator_2 to 2023-04-29T00:00:00+00:00, run_after=2023-04-30T00:00:00+00:00
[2023-04-30T00:28:39.139+0000] {logging_mixin.py:137} INFO - [2023-04-30T00:28:39.138+0000] {dag.py:3444} INFO - Setting next_dagrun for example_branch_datetime_operator_3 to 2023-04-29T00:00:00+00:00, run_after=2023-04-30T00:00:00+00:00
[2023-04-30T00:28:39.153+0000] {processor.py:175} INFO - Processing /home/airflow/.local/lib/python3.7/site-packages/airflow/example_dags/example_branch_datetime_operator.py took 0.100 seconds
[2023-04-30T00:29:09.973+0000] {processor.py:153} INFO - Started process (PID=3334) to work on /home/airflow/.local/lib/python3.7/site-packages/airflow/example_dags/example_branch_datetime_operator.py
[2023-04-30T00:29:09.974+0000] {processor.py:743} INFO - Processing file /home/airflow/.local/lib/python3.7/site-packages/airflow/example_dags/example_branch_datetime_operator.py for tasks to queue
[2023-04-30T00:29:09.975+0000] {logging_mixin.py:137} INFO - [2023-04-30T00:29:09.975+0000] {dagbag.py:532} INFO - Filling up the DagBag from /home/airflow/.local/lib/python3.7/site-packages/airflow/example_dags/example_branch_datetime_operator.py
[2023-04-30T00:29:09.989+0000] {processor.py:753} INFO - DAG(s) dict_keys(['example_branch_datetime_operator_3', 'example_branch_datetime_operator_2', 'example_branch_datetime_operator']) retrieved from /home/airflow/.local/lib/python3.7/site-packages/airflow/example_dags/example_branch_datetime_operator.py
[2023-04-30T00:29:10.016+0000] {logging_mixin.py:137} INFO - [2023-04-30T00:29:10.016+0000] {dag.py:2693} INFO - Sync 3 DAGs
[2023-04-30T00:29:10.034+0000] {logging_mixin.py:137} INFO - [2023-04-30T00:29:10.034+0000] {dag.py:3444} INFO - Setting next_dagrun for example_branch_datetime_operator to 2023-04-29T00:00:00+00:00, run_after=2023-04-30T00:00:00+00:00
[2023-04-30T00:29:10.039+0000] {logging_mixin.py:137} INFO - [2023-04-30T00:29:10.039+0000] {dag.py:3444} INFO - Setting next_dagrun for example_branch_datetime_operator_2 to 2023-04-29T00:00:00+00:00, run_after=2023-04-30T00:00:00+00:00
[2023-04-30T00:29:10.041+0000] {logging_mixin.py:137} INFO - [2023-04-30T00:29:10.041+0000] {dag.py:3444} INFO - Setting next_dagrun for example_branch_datetime_operator_3 to 2023-04-29T00:00:00+00:00, run_after=2023-04-30T00:00:00+00:00
[2023-04-30T00:29:10.052+0000] {processor.py:175} INFO - Processing /home/airflow/.local/lib/python3.7/site-packages/airflow/example_dags/example_branch_datetime_operator.py took 0.083 seconds
[2023-04-30T00:29:40.632+0000] {processor.py:153} INFO - Started process (PID=3384) to work on /home/airflow/.local/lib/python3.7/site-packages/airflow/example_dags/example_branch_datetime_operator.py
[2023-04-30T00:29:40.633+0000] {processor.py:743} INFO - Processing file /home/airflow/.local/lib/python3.7/site-packages/airflow/example_dags/example_branch_datetime_operator.py for tasks to queue
[2023-04-30T00:29:40.633+0000] {logging_mixin.py:137} INFO - [2023-04-30T00:29:40.633+0000] {dagbag.py:532} INFO - Filling up the DagBag from /home/airflow/.local/lib/python3.7/site-packages/airflow/example_dags/example_branch_datetime_operator.py
[2023-04-30T00:29:40.644+0000] {processor.py:753} INFO - DAG(s) dict_keys(['example_branch_datetime_operator', 'example_branch_datetime_operator_2', 'example_branch_datetime_operator_3']) retrieved from /home/airflow/.local/lib/python3.7/site-packages/airflow/example_dags/example_branch_datetime_operator.py
[2023-04-30T00:29:40.669+0000] {logging_mixin.py:137} INFO - [2023-04-30T00:29:40.669+0000] {dag.py:2693} INFO - Sync 3 DAGs
[2023-04-30T00:29:40.686+0000] {logging_mixin.py:137} INFO - [2023-04-30T00:29:40.686+0000] {dag.py:3444} INFO - Setting next_dagrun for example_branch_datetime_operator to 2023-04-29T00:00:00+00:00, run_after=2023-04-30T00:00:00+00:00
[2023-04-30T00:29:40.689+0000] {logging_mixin.py:137} INFO - [2023-04-30T00:29:40.689+0000] {dag.py:3444} INFO - Setting next_dagrun for example_branch_datetime_operator_2 to 2023-04-29T00:00:00+00:00, run_after=2023-04-30T00:00:00+00:00
[2023-04-30T00:29:40.691+0000] {logging_mixin.py:137} INFO - [2023-04-30T00:29:40.691+0000] {dag.py:3444} INFO - Setting next_dagrun for example_branch_datetime_operator_3 to 2023-04-29T00:00:00+00:00, run_after=2023-04-30T00:00:00+00:00
[2023-04-30T00:29:40.703+0000] {processor.py:175} INFO - Processing /home/airflow/.local/lib/python3.7/site-packages/airflow/example_dags/example_branch_datetime_operator.py took 0.074 seconds
[2023-04-30T00:30:11.271+0000] {processor.py:153} INFO - Started process (PID=3435) to work on /home/airflow/.local/lib/python3.7/site-packages/airflow/example_dags/example_branch_datetime_operator.py
[2023-04-30T00:30:11.272+0000] {processor.py:743} INFO - Processing file /home/airflow/.local/lib/python3.7/site-packages/airflow/example_dags/example_branch_datetime_operator.py for tasks to queue
[2023-04-30T00:30:11.273+0000] {logging_mixin.py:137} INFO - [2023-04-30T00:30:11.273+0000] {dagbag.py:532} INFO - Filling up the DagBag from /home/airflow/.local/lib/python3.7/site-packages/airflow/example_dags/example_branch_datetime_operator.py
[2023-04-30T00:30:11.286+0000] {processor.py:753} INFO - DAG(s) dict_keys(['example_branch_datetime_operator_3', 'example_branch_datetime_operator', 'example_branch_datetime_operator_2']) retrieved from /home/airflow/.local/lib/python3.7/site-packages/airflow/example_dags/example_branch_datetime_operator.py
[2023-04-30T00:30:11.310+0000] {logging_mixin.py:137} INFO - [2023-04-30T00:30:11.310+0000] {dag.py:2693} INFO - Sync 3 DAGs
[2023-04-30T00:30:11.326+0000] {logging_mixin.py:137} INFO - [2023-04-30T00:30:11.326+0000] {dag.py:3444} INFO - Setting next_dagrun for example_branch_datetime_operator to 2023-04-29T00:00:00+00:00, run_after=2023-04-30T00:00:00+00:00
[2023-04-30T00:30:11.330+0000] {logging_mixin.py:137} INFO - [2023-04-30T00:30:11.329+0000] {dag.py:3444} INFO - Setting next_dagrun for example_branch_datetime_operator_2 to 2023-04-29T00:00:00+00:00, run_after=2023-04-30T00:00:00+00:00
[2023-04-30T00:30:11.331+0000] {logging_mixin.py:137} INFO - [2023-04-30T00:30:11.331+0000] {dag.py:3444} INFO - Setting next_dagrun for example_branch_datetime_operator_3 to 2023-04-29T00:00:00+00:00, run_after=2023-04-30T00:00:00+00:00
[2023-04-30T00:30:11.342+0000] {processor.py:175} INFO - Processing /home/airflow/.local/lib/python3.7/site-packages/airflow/example_dags/example_branch_datetime_operator.py took 0.074 seconds
[2023-04-30T00:30:41.868+0000] {processor.py:153} INFO - Started process (PID=3486) to work on /home/airflow/.local/lib/python3.7/site-packages/airflow/example_dags/example_branch_datetime_operator.py
[2023-04-30T00:30:41.870+0000] {processor.py:743} INFO - Processing file /home/airflow/.local/lib/python3.7/site-packages/airflow/example_dags/example_branch_datetime_operator.py for tasks to queue
[2023-04-30T00:30:41.871+0000] {logging_mixin.py:137} INFO - [2023-04-30T00:30:41.870+0000] {dagbag.py:532} INFO - Filling up the DagBag from /home/airflow/.local/lib/python3.7/site-packages/airflow/example_dags/example_branch_datetime_operator.py
[2023-04-30T00:30:41.882+0000] {processor.py:753} INFO - DAG(s) dict_keys(['example_branch_datetime_operator_2', 'example_branch_datetime_operator', 'example_branch_datetime_operator_3']) retrieved from /home/airflow/.local/lib/python3.7/site-packages/airflow/example_dags/example_branch_datetime_operator.py
[2023-04-30T00:30:41.907+0000] {logging_mixin.py:137} INFO - [2023-04-30T00:30:41.906+0000] {dag.py:2693} INFO - Sync 3 DAGs
[2023-04-30T00:30:41.924+0000] {logging_mixin.py:137} INFO - [2023-04-30T00:30:41.924+0000] {dag.py:3444} INFO - Setting next_dagrun for example_branch_datetime_operator to 2023-04-29T00:00:00+00:00, run_after=2023-04-30T00:00:00+00:00
[2023-04-30T00:30:41.928+0000] {logging_mixin.py:137} INFO - [2023-04-30T00:30:41.928+0000] {dag.py:3444} INFO - Setting next_dagrun for example_branch_datetime_operator_2 to 2023-04-29T00:00:00+00:00, run_after=2023-04-30T00:00:00+00:00
[2023-04-30T00:30:41.930+0000] {logging_mixin.py:137} INFO - [2023-04-30T00:30:41.930+0000] {dag.py:3444} INFO - Setting next_dagrun for example_branch_datetime_operator_3 to 2023-04-29T00:00:00+00:00, run_after=2023-04-30T00:00:00+00:00
[2023-04-30T00:30:41.940+0000] {processor.py:175} INFO - Processing /home/airflow/.local/lib/python3.7/site-packages/airflow/example_dags/example_branch_datetime_operator.py took 0.074 seconds
[2023-04-30T00:31:12.508+0000] {processor.py:153} INFO - Started process (PID=3537) to work on /home/airflow/.local/lib/python3.7/site-packages/airflow/example_dags/example_branch_datetime_operator.py
[2023-04-30T00:31:12.509+0000] {processor.py:743} INFO - Processing file /home/airflow/.local/lib/python3.7/site-packages/airflow/example_dags/example_branch_datetime_operator.py for tasks to queue
[2023-04-30T00:31:12.510+0000] {logging_mixin.py:137} INFO - [2023-04-30T00:31:12.509+0000] {dagbag.py:532} INFO - Filling up the DagBag from /home/airflow/.local/lib/python3.7/site-packages/airflow/example_dags/example_branch_datetime_operator.py
[2023-04-30T00:31:12.522+0000] {processor.py:753} INFO - DAG(s) dict_keys(['example_branch_datetime_operator_2', 'example_branch_datetime_operator', 'example_branch_datetime_operator_3']) retrieved from /home/airflow/.local/lib/python3.7/site-packages/airflow/example_dags/example_branch_datetime_operator.py
[2023-04-30T00:31:12.547+0000] {logging_mixin.py:137} INFO - [2023-04-30T00:31:12.547+0000] {dag.py:2693} INFO - Sync 3 DAGs
[2023-04-30T00:31:12.564+0000] {logging_mixin.py:137} INFO - [2023-04-30T00:31:12.564+0000] {dag.py:3444} INFO - Setting next_dagrun for example_branch_datetime_operator to 2023-04-29T00:00:00+00:00, run_after=2023-04-30T00:00:00+00:00
[2023-04-30T00:31:12.568+0000] {logging_mixin.py:137} INFO - [2023-04-30T00:31:12.568+0000] {dag.py:3444} INFO - Setting next_dagrun for example_branch_datetime_operator_2 to 2023-04-29T00:00:00+00:00, run_after=2023-04-30T00:00:00+00:00
[2023-04-30T00:31:12.570+0000] {logging_mixin.py:137} INFO - [2023-04-30T00:31:12.569+0000] {dag.py:3444} INFO - Setting next_dagrun for example_branch_datetime_operator_3 to 2023-04-29T00:00:00+00:00, run_after=2023-04-30T00:00:00+00:00
[2023-04-30T00:31:12.579+0000] {processor.py:175} INFO - Processing /home/airflow/.local/lib/python3.7/site-packages/airflow/example_dags/example_branch_datetime_operator.py took 0.074 seconds
[2023-04-30T00:31:43.119+0000] {processor.py:153} INFO - Started process (PID=3588) to work on /home/airflow/.local/lib/python3.7/site-packages/airflow/example_dags/example_branch_datetime_operator.py
[2023-04-30T00:31:43.120+0000] {processor.py:743} INFO - Processing file /home/airflow/.local/lib/python3.7/site-packages/airflow/example_dags/example_branch_datetime_operator.py for tasks to queue
[2023-04-30T00:31:43.121+0000] {logging_mixin.py:137} INFO - [2023-04-30T00:31:43.121+0000] {dagbag.py:532} INFO - Filling up the DagBag from /home/airflow/.local/lib/python3.7/site-packages/airflow/example_dags/example_branch_datetime_operator.py
[2023-04-30T00:31:43.133+0000] {processor.py:753} INFO - DAG(s) dict_keys(['example_branch_datetime_operator_3', 'example_branch_datetime_operator_2', 'example_branch_datetime_operator']) retrieved from /home/airflow/.local/lib/python3.7/site-packages/airflow/example_dags/example_branch_datetime_operator.py
[2023-04-30T00:31:43.158+0000] {logging_mixin.py:137} INFO - [2023-04-30T00:31:43.158+0000] {dag.py:2693} INFO - Sync 3 DAGs
[2023-04-30T00:31:43.175+0000] {logging_mixin.py:137} INFO - [2023-04-30T00:31:43.175+0000] {dag.py:3444} INFO - Setting next_dagrun for example_branch_datetime_operator to 2023-04-29T00:00:00+00:00, run_after=2023-04-30T00:00:00+00:00
[2023-04-30T00:31:43.178+0000] {logging_mixin.py:137} INFO - [2023-04-30T00:31:43.178+0000] {dag.py:3444} INFO - Setting next_dagrun for example_branch_datetime_operator_2 to 2023-04-29T00:00:00+00:00, run_after=2023-04-30T00:00:00+00:00
[2023-04-30T00:31:43.181+0000] {logging_mixin.py:137} INFO - [2023-04-30T00:31:43.181+0000] {dag.py:3444} INFO - Setting next_dagrun for example_branch_datetime_operator_3 to 2023-04-29T00:00:00+00:00, run_after=2023-04-30T00:00:00+00:00
[2023-04-30T00:31:43.190+0000] {processor.py:175} INFO - Processing /home/airflow/.local/lib/python3.7/site-packages/airflow/example_dags/example_branch_datetime_operator.py took 0.074 seconds
[2023-04-30T00:32:13.729+0000] {processor.py:153} INFO - Started process (PID=3639) to work on /home/airflow/.local/lib/python3.7/site-packages/airflow/example_dags/example_branch_datetime_operator.py
[2023-04-30T00:32:13.730+0000] {processor.py:743} INFO - Processing file /home/airflow/.local/lib/python3.7/site-packages/airflow/example_dags/example_branch_datetime_operator.py for tasks to queue
[2023-04-30T00:32:13.731+0000] {logging_mixin.py:137} INFO - [2023-04-30T00:32:13.731+0000] {dagbag.py:532} INFO - Filling up the DagBag from /home/airflow/.local/lib/python3.7/site-packages/airflow/example_dags/example_branch_datetime_operator.py
[2023-04-30T00:32:13.743+0000] {processor.py:753} INFO - DAG(s) dict_keys(['example_branch_datetime_operator_3', 'example_branch_datetime_operator_2', 'example_branch_datetime_operator']) retrieved from /home/airflow/.local/lib/python3.7/site-packages/airflow/example_dags/example_branch_datetime_operator.py
[2023-04-30T00:32:13.768+0000] {logging_mixin.py:137} INFO - [2023-04-30T00:32:13.768+0000] {dag.py:2693} INFO - Sync 3 DAGs
[2023-04-30T00:32:13.785+0000] {logging_mixin.py:137} INFO - [2023-04-30T00:32:13.785+0000] {dag.py:3444} INFO - Setting next_dagrun for example_branch_datetime_operator to 2023-04-29T00:00:00+00:00, run_after=2023-04-30T00:00:00+00:00
[2023-04-30T00:32:13.789+0000] {logging_mixin.py:137} INFO - [2023-04-30T00:32:13.789+0000] {dag.py:3444} INFO - Setting next_dagrun for example_branch_datetime_operator_2 to 2023-04-29T00:00:00+00:00, run_after=2023-04-30T00:00:00+00:00
[2023-04-30T00:32:13.791+0000] {logging_mixin.py:137} INFO - [2023-04-30T00:32:13.791+0000] {dag.py:3444} INFO - Setting next_dagrun for example_branch_datetime_operator_3 to 2023-04-29T00:00:00+00:00, run_after=2023-04-30T00:00:00+00:00
[2023-04-30T00:32:13.802+0000] {processor.py:175} INFO - Processing /home/airflow/.local/lib/python3.7/site-packages/airflow/example_dags/example_branch_datetime_operator.py took 0.075 seconds
[2023-04-30T00:32:44.329+0000] {processor.py:153} INFO - Started process (PID=3689) to work on /home/airflow/.local/lib/python3.7/site-packages/airflow/example_dags/example_branch_datetime_operator.py
[2023-04-30T00:32:44.331+0000] {processor.py:743} INFO - Processing file /home/airflow/.local/lib/python3.7/site-packages/airflow/example_dags/example_branch_datetime_operator.py for tasks to queue
[2023-04-30T00:32:44.331+0000] {logging_mixin.py:137} INFO - [2023-04-30T00:32:44.331+0000] {dagbag.py:532} INFO - Filling up the DagBag from /home/airflow/.local/lib/python3.7/site-packages/airflow/example_dags/example_branch_datetime_operator.py
[2023-04-30T00:32:44.343+0000] {processor.py:753} INFO - DAG(s) dict_keys(['example_branch_datetime_operator', 'example_branch_datetime_operator_3', 'example_branch_datetime_operator_2']) retrieved from /home/airflow/.local/lib/python3.7/site-packages/airflow/example_dags/example_branch_datetime_operator.py
[2023-04-30T00:32:44.368+0000] {logging_mixin.py:137} INFO - [2023-04-30T00:32:44.368+0000] {dag.py:2693} INFO - Sync 3 DAGs
[2023-04-30T00:32:44.386+0000] {logging_mixin.py:137} INFO - [2023-04-30T00:32:44.386+0000] {dag.py:3444} INFO - Setting next_dagrun for example_branch_datetime_operator to 2023-04-29T00:00:00+00:00, run_after=2023-04-30T00:00:00+00:00
[2023-04-30T00:32:44.390+0000] {logging_mixin.py:137} INFO - [2023-04-30T00:32:44.390+0000] {dag.py:3444} INFO - Setting next_dagrun for example_branch_datetime_operator_2 to 2023-04-29T00:00:00+00:00, run_after=2023-04-30T00:00:00+00:00
[2023-04-30T00:32:44.391+0000] {logging_mixin.py:137} INFO - [2023-04-30T00:32:44.391+0000] {dag.py:3444} INFO - Setting next_dagrun for example_branch_datetime_operator_3 to 2023-04-29T00:00:00+00:00, run_after=2023-04-30T00:00:00+00:00
[2023-04-30T00:32:44.403+0000] {processor.py:175} INFO - Processing /home/airflow/.local/lib/python3.7/site-packages/airflow/example_dags/example_branch_datetime_operator.py took 0.076 seconds
[2023-04-30T00:33:14.824+0000] {processor.py:153} INFO - Started process (PID=3740) to work on /home/airflow/.local/lib/python3.7/site-packages/airflow/example_dags/example_branch_datetime_operator.py
[2023-04-30T00:33:14.825+0000] {processor.py:743} INFO - Processing file /home/airflow/.local/lib/python3.7/site-packages/airflow/example_dags/example_branch_datetime_operator.py for tasks to queue
[2023-04-30T00:33:14.826+0000] {logging_mixin.py:137} INFO - [2023-04-30T00:33:14.826+0000] {dagbag.py:532} INFO - Filling up the DagBag from /home/airflow/.local/lib/python3.7/site-packages/airflow/example_dags/example_branch_datetime_operator.py
[2023-04-30T00:33:14.840+0000] {processor.py:753} INFO - DAG(s) dict_keys(['example_branch_datetime_operator_2', 'example_branch_datetime_operator', 'example_branch_datetime_operator_3']) retrieved from /home/airflow/.local/lib/python3.7/site-packages/airflow/example_dags/example_branch_datetime_operator.py
[2023-04-30T00:33:14.865+0000] {logging_mixin.py:137} INFO - [2023-04-30T00:33:14.864+0000] {dag.py:2693} INFO - Sync 3 DAGs
[2023-04-30T00:33:14.881+0000] {logging_mixin.py:137} INFO - [2023-04-30T00:33:14.881+0000] {dag.py:3444} INFO - Setting next_dagrun for example_branch_datetime_operator to 2023-04-29T00:00:00+00:00, run_after=2023-04-30T00:00:00+00:00
[2023-04-30T00:33:14.885+0000] {logging_mixin.py:137} INFO - [2023-04-30T00:33:14.885+0000] {dag.py:3444} INFO - Setting next_dagrun for example_branch_datetime_operator_2 to 2023-04-29T00:00:00+00:00, run_after=2023-04-30T00:00:00+00:00
[2023-04-30T00:33:14.886+0000] {logging_mixin.py:137} INFO - [2023-04-30T00:33:14.886+0000] {dag.py:3444} INFO - Setting next_dagrun for example_branch_datetime_operator_3 to 2023-04-29T00:00:00+00:00, run_after=2023-04-30T00:00:00+00:00
[2023-04-30T00:33:14.896+0000] {processor.py:175} INFO - Processing /home/airflow/.local/lib/python3.7/site-packages/airflow/example_dags/example_branch_datetime_operator.py took 0.075 seconds
[2023-04-30T00:33:45.507+0000] {processor.py:153} INFO - Started process (PID=3791) to work on /home/airflow/.local/lib/python3.7/site-packages/airflow/example_dags/example_branch_datetime_operator.py
[2023-04-30T00:33:45.508+0000] {processor.py:743} INFO - Processing file /home/airflow/.local/lib/python3.7/site-packages/airflow/example_dags/example_branch_datetime_operator.py for tasks to queue
[2023-04-30T00:33:45.509+0000] {logging_mixin.py:137} INFO - [2023-04-30T00:33:45.509+0000] {dagbag.py:532} INFO - Filling up the DagBag from /home/airflow/.local/lib/python3.7/site-packages/airflow/example_dags/example_branch_datetime_operator.py
[2023-04-30T00:33:45.522+0000] {processor.py:753} INFO - DAG(s) dict_keys(['example_branch_datetime_operator_2', 'example_branch_datetime_operator', 'example_branch_datetime_operator_3']) retrieved from /home/airflow/.local/lib/python3.7/site-packages/airflow/example_dags/example_branch_datetime_operator.py
[2023-04-30T00:33:45.545+0000] {logging_mixin.py:137} INFO - [2023-04-30T00:33:45.545+0000] {dag.py:2693} INFO - Sync 3 DAGs
[2023-04-30T00:33:45.562+0000] {logging_mixin.py:137} INFO - [2023-04-30T00:33:45.562+0000] {dag.py:3444} INFO - Setting next_dagrun for example_branch_datetime_operator to 2023-04-29T00:00:00+00:00, run_after=2023-04-30T00:00:00+00:00
[2023-04-30T00:33:45.565+0000] {logging_mixin.py:137} INFO - [2023-04-30T00:33:45.565+0000] {dag.py:3444} INFO - Setting next_dagrun for example_branch_datetime_operator_2 to 2023-04-29T00:00:00+00:00, run_after=2023-04-30T00:00:00+00:00
[2023-04-30T00:33:45.567+0000] {logging_mixin.py:137} INFO - [2023-04-30T00:33:45.567+0000] {dag.py:3444} INFO - Setting next_dagrun for example_branch_datetime_operator_3 to 2023-04-29T00:00:00+00:00, run_after=2023-04-30T00:00:00+00:00
[2023-04-30T00:33:45.577+0000] {processor.py:175} INFO - Processing /home/airflow/.local/lib/python3.7/site-packages/airflow/example_dags/example_branch_datetime_operator.py took 0.073 seconds
[2023-04-30T00:34:16.062+0000] {processor.py:153} INFO - Started process (PID=3842) to work on /home/airflow/.local/lib/python3.7/site-packages/airflow/example_dags/example_branch_datetime_operator.py
[2023-04-30T00:34:16.064+0000] {processor.py:743} INFO - Processing file /home/airflow/.local/lib/python3.7/site-packages/airflow/example_dags/example_branch_datetime_operator.py for tasks to queue
[2023-04-30T00:34:16.064+0000] {logging_mixin.py:137} INFO - [2023-04-30T00:34:16.064+0000] {dagbag.py:532} INFO - Filling up the DagBag from /home/airflow/.local/lib/python3.7/site-packages/airflow/example_dags/example_branch_datetime_operator.py
[2023-04-30T00:34:16.076+0000] {processor.py:753} INFO - DAG(s) dict_keys(['example_branch_datetime_operator_3', 'example_branch_datetime_operator', 'example_branch_datetime_operator_2']) retrieved from /home/airflow/.local/lib/python3.7/site-packages/airflow/example_dags/example_branch_datetime_operator.py
[2023-04-30T00:34:16.102+0000] {logging_mixin.py:137} INFO - [2023-04-30T00:34:16.102+0000] {dag.py:2693} INFO - Sync 3 DAGs
[2023-04-30T00:34:16.118+0000] {logging_mixin.py:137} INFO - [2023-04-30T00:34:16.118+0000] {dag.py:3444} INFO - Setting next_dagrun for example_branch_datetime_operator to 2023-04-29T00:00:00+00:00, run_after=2023-04-30T00:00:00+00:00
[2023-04-30T00:34:16.121+0000] {logging_mixin.py:137} INFO - [2023-04-30T00:34:16.121+0000] {dag.py:3444} INFO - Setting next_dagrun for example_branch_datetime_operator_2 to 2023-04-29T00:00:00+00:00, run_after=2023-04-30T00:00:00+00:00
[2023-04-30T00:34:16.123+0000] {logging_mixin.py:137} INFO - [2023-04-30T00:34:16.123+0000] {dag.py:3444} INFO - Setting next_dagrun for example_branch_datetime_operator_3 to 2023-04-29T00:00:00+00:00, run_after=2023-04-30T00:00:00+00:00
[2023-04-30T00:34:16.134+0000] {processor.py:175} INFO - Processing /home/airflow/.local/lib/python3.7/site-packages/airflow/example_dags/example_branch_datetime_operator.py took 0.075 seconds
[2023-04-30T00:34:46.439+0000] {processor.py:153} INFO - Started process (PID=3893) to work on /home/airflow/.local/lib/python3.7/site-packages/airflow/example_dags/example_branch_datetime_operator.py
[2023-04-30T00:34:46.440+0000] {processor.py:743} INFO - Processing file /home/airflow/.local/lib/python3.7/site-packages/airflow/example_dags/example_branch_datetime_operator.py for tasks to queue
[2023-04-30T00:34:46.441+0000] {logging_mixin.py:137} INFO - [2023-04-30T00:34:46.441+0000] {dagbag.py:532} INFO - Filling up the DagBag from /home/airflow/.local/lib/python3.7/site-packages/airflow/example_dags/example_branch_datetime_operator.py
[2023-04-30T00:34:46.453+0000] {processor.py:753} INFO - DAG(s) dict_keys(['example_branch_datetime_operator', 'example_branch_datetime_operator_3', 'example_branch_datetime_operator_2']) retrieved from /home/airflow/.local/lib/python3.7/site-packages/airflow/example_dags/example_branch_datetime_operator.py
[2023-04-30T00:34:46.483+0000] {logging_mixin.py:137} INFO - [2023-04-30T00:34:46.483+0000] {dag.py:2693} INFO - Sync 3 DAGs
[2023-04-30T00:34:46.501+0000] {logging_mixin.py:137} INFO - [2023-04-30T00:34:46.501+0000] {dag.py:3444} INFO - Setting next_dagrun for example_branch_datetime_operator to 2023-04-29T00:00:00+00:00, run_after=2023-04-30T00:00:00+00:00
[2023-04-30T00:34:46.504+0000] {logging_mixin.py:137} INFO - [2023-04-30T00:34:46.504+0000] {dag.py:3444} INFO - Setting next_dagrun for example_branch_datetime_operator_2 to 2023-04-29T00:00:00+00:00, run_after=2023-04-30T00:00:00+00:00
[2023-04-30T00:34:46.506+0000] {logging_mixin.py:137} INFO - [2023-04-30T00:34:46.506+0000] {dag.py:3444} INFO - Setting next_dagrun for example_branch_datetime_operator_3 to 2023-04-29T00:00:00+00:00, run_after=2023-04-30T00:00:00+00:00
[2023-04-30T00:34:46.516+0000] {processor.py:175} INFO - Processing /home/airflow/.local/lib/python3.7/site-packages/airflow/example_dags/example_branch_datetime_operator.py took 0.080 seconds
