[2023-04-30T00:08:48.740+0000] {processor.py:153} INFO - Started process (PID=2347) to work on /home/airflow/.local/lib/python3.7/site-packages/airflow/example_dags/example_skip_dag.py
[2023-04-30T00:08:48.741+0000] {processor.py:743} INFO - Processing file /home/airflow/.local/lib/python3.7/site-packages/airflow/example_dags/example_skip_dag.py for tasks to queue
[2023-04-30T00:08:48.742+0000] {logging_mixin.py:137} INFO - [2023-04-30T00:08:48.742+0000] {dagbag.py:532} INFO - Filling up the DagBag from /home/airflow/.local/lib/python3.7/site-packages/airflow/example_dags/example_skip_dag.py
[2023-04-30T00:08:48.753+0000] {processor.py:753} INFO - DAG(s) dict_keys(['example_skip_dag']) retrieved from /home/airflow/.local/lib/python3.7/site-packages/airflow/example_dags/example_skip_dag.py
[2023-04-30T00:08:48.774+0000] {logging_mixin.py:137} INFO - [2023-04-30T00:08:48.773+0000] {dag.py:2693} INFO - Sync 1 DAGs
[2023-04-30T00:08:48.791+0000] {logging_mixin.py:137} INFO - [2023-04-30T00:08:48.790+0000] {dag.py:3444} INFO - Setting next_dagrun for example_skip_dag to 2023-04-29T00:08:48.790618+00:00, run_after=2023-04-30T00:08:48.790618+00:00
[2023-04-30T00:08:48.803+0000] {processor.py:175} INFO - Processing /home/airflow/.local/lib/python3.7/site-packages/airflow/example_dags/example_skip_dag.py took 0.066 seconds
[2023-04-30T00:19:55.796+0000] {processor.py:153} INFO - Started process (PID=2398) to work on /home/airflow/.local/lib/python3.7/site-packages/airflow/example_dags/example_skip_dag.py
[2023-04-30T00:19:55.797+0000] {processor.py:743} INFO - Processing file /home/airflow/.local/lib/python3.7/site-packages/airflow/example_dags/example_skip_dag.py for tasks to queue
[2023-04-30T00:19:55.798+0000] {logging_mixin.py:137} INFO - [2023-04-30T00:19:55.798+0000] {dagbag.py:532} INFO - Filling up the DagBag from /home/airflow/.local/lib/python3.7/site-packages/airflow/example_dags/example_skip_dag.py
[2023-04-30T00:19:55.809+0000] {processor.py:753} INFO - DAG(s) dict_keys(['example_skip_dag']) retrieved from /home/airflow/.local/lib/python3.7/site-packages/airflow/example_dags/example_skip_dag.py
[2023-04-30T00:19:55.830+0000] {logging_mixin.py:137} INFO - [2023-04-30T00:19:55.830+0000] {dag.py:2693} INFO - Sync 1 DAGs
[2023-04-30T00:19:55.848+0000] {logging_mixin.py:137} INFO - [2023-04-30T00:19:55.848+0000] {dag.py:3444} INFO - Setting next_dagrun for example_skip_dag to 2023-04-29T00:19:55.847895+00:00, run_after=2023-04-30T00:19:55.847895+00:00
[2023-04-30T00:19:55.859+0000] {processor.py:175} INFO - Processing /home/airflow/.local/lib/python3.7/site-packages/airflow/example_dags/example_skip_dag.py took 0.066 seconds
[2023-04-30T00:20:26.588+0000] {processor.py:153} INFO - Started process (PID=2449) to work on /home/airflow/.local/lib/python3.7/site-packages/airflow/example_dags/example_skip_dag.py
[2023-04-30T00:20:26.589+0000] {processor.py:743} INFO - Processing file /home/airflow/.local/lib/python3.7/site-packages/airflow/example_dags/example_skip_dag.py for tasks to queue
[2023-04-30T00:20:26.589+0000] {logging_mixin.py:137} INFO - [2023-04-30T00:20:26.589+0000] {dagbag.py:532} INFO - Filling up the DagBag from /home/airflow/.local/lib/python3.7/site-packages/airflow/example_dags/example_skip_dag.py
[2023-04-30T00:20:26.600+0000] {processor.py:753} INFO - DAG(s) dict_keys(['example_skip_dag']) retrieved from /home/airflow/.local/lib/python3.7/site-packages/airflow/example_dags/example_skip_dag.py
[2023-04-30T00:20:26.619+0000] {logging_mixin.py:137} INFO - [2023-04-30T00:20:26.619+0000] {dag.py:2693} INFO - Sync 1 DAGs
[2023-04-30T00:20:26.635+0000] {logging_mixin.py:137} INFO - [2023-04-30T00:20:26.635+0000] {dag.py:3444} INFO - Setting next_dagrun for example_skip_dag to 2023-04-29T00:20:26.634879+00:00, run_after=2023-04-30T00:20:26.634879+00:00
[2023-04-30T00:20:26.646+0000] {processor.py:175} INFO - Processing /home/airflow/.local/lib/python3.7/site-packages/airflow/example_dags/example_skip_dag.py took 0.061 seconds
[2023-04-30T00:20:57.165+0000] {processor.py:153} INFO - Started process (PID=2500) to work on /home/airflow/.local/lib/python3.7/site-packages/airflow/example_dags/example_skip_dag.py
[2023-04-30T00:20:57.167+0000] {processor.py:743} INFO - Processing file /home/airflow/.local/lib/python3.7/site-packages/airflow/example_dags/example_skip_dag.py for tasks to queue
[2023-04-30T00:20:57.168+0000] {logging_mixin.py:137} INFO - [2023-04-30T00:20:57.167+0000] {dagbag.py:532} INFO - Filling up the DagBag from /home/airflow/.local/lib/python3.7/site-packages/airflow/example_dags/example_skip_dag.py
[2023-04-30T00:20:57.179+0000] {processor.py:753} INFO - DAG(s) dict_keys(['example_skip_dag']) retrieved from /home/airflow/.local/lib/python3.7/site-packages/airflow/example_dags/example_skip_dag.py
[2023-04-30T00:20:57.202+0000] {logging_mixin.py:137} INFO - [2023-04-30T00:20:57.202+0000] {dag.py:2693} INFO - Sync 1 DAGs
[2023-04-30T00:20:57.218+0000] {logging_mixin.py:137} INFO - [2023-04-30T00:20:57.218+0000] {dag.py:3444} INFO - Setting next_dagrun for example_skip_dag to 2023-04-29T00:20:57.218143+00:00, run_after=2023-04-30T00:20:57.218143+00:00
[2023-04-30T00:20:57.229+0000] {processor.py:175} INFO - Processing /home/airflow/.local/lib/python3.7/site-packages/airflow/example_dags/example_skip_dag.py took 0.067 seconds
[2023-04-30T00:21:28.020+0000] {processor.py:153} INFO - Started process (PID=2551) to work on /home/airflow/.local/lib/python3.7/site-packages/airflow/example_dags/example_skip_dag.py
[2023-04-30T00:21:28.021+0000] {processor.py:743} INFO - Processing file /home/airflow/.local/lib/python3.7/site-packages/airflow/example_dags/example_skip_dag.py for tasks to queue
[2023-04-30T00:21:28.022+0000] {logging_mixin.py:137} INFO - [2023-04-30T00:21:28.021+0000] {dagbag.py:532} INFO - Filling up the DagBag from /home/airflow/.local/lib/python3.7/site-packages/airflow/example_dags/example_skip_dag.py
[2023-04-30T00:21:28.031+0000] {processor.py:753} INFO - DAG(s) dict_keys(['example_skip_dag']) retrieved from /home/airflow/.local/lib/python3.7/site-packages/airflow/example_dags/example_skip_dag.py
[2023-04-30T00:21:28.051+0000] {logging_mixin.py:137} INFO - [2023-04-30T00:21:28.051+0000] {dag.py:2693} INFO - Sync 1 DAGs
[2023-04-30T00:21:28.066+0000] {logging_mixin.py:137} INFO - [2023-04-30T00:21:28.066+0000] {dag.py:3444} INFO - Setting next_dagrun for example_skip_dag to 2023-04-29T00:21:28.066525+00:00, run_after=2023-04-30T00:21:28.066525+00:00
[2023-04-30T00:21:28.086+0000] {processor.py:175} INFO - Processing /home/airflow/.local/lib/python3.7/site-packages/airflow/example_dags/example_skip_dag.py took 0.068 seconds
[2023-04-30T00:21:58.881+0000] {processor.py:153} INFO - Started process (PID=2602) to work on /home/airflow/.local/lib/python3.7/site-packages/airflow/example_dags/example_skip_dag.py
[2023-04-30T00:21:58.883+0000] {processor.py:743} INFO - Processing file /home/airflow/.local/lib/python3.7/site-packages/airflow/example_dags/example_skip_dag.py for tasks to queue
[2023-04-30T00:21:58.884+0000] {logging_mixin.py:137} INFO - [2023-04-30T00:21:58.884+0000] {dagbag.py:532} INFO - Filling up the DagBag from /home/airflow/.local/lib/python3.7/site-packages/airflow/example_dags/example_skip_dag.py
[2023-04-30T00:21:58.896+0000] {processor.py:753} INFO - DAG(s) dict_keys(['example_skip_dag']) retrieved from /home/airflow/.local/lib/python3.7/site-packages/airflow/example_dags/example_skip_dag.py
[2023-04-30T00:21:58.918+0000] {logging_mixin.py:137} INFO - [2023-04-30T00:21:58.918+0000] {dag.py:2693} INFO - Sync 1 DAGs
[2023-04-30T00:21:58.936+0000] {logging_mixin.py:137} INFO - [2023-04-30T00:21:58.936+0000] {dag.py:3444} INFO - Setting next_dagrun for example_skip_dag to 2023-04-29T00:21:58.936300+00:00, run_after=2023-04-30T00:21:58.936300+00:00
[2023-04-30T00:21:58.950+0000] {processor.py:175} INFO - Processing /home/airflow/.local/lib/python3.7/site-packages/airflow/example_dags/example_skip_dag.py took 0.072 seconds
[2023-04-30T00:22:29.786+0000] {processor.py:153} INFO - Started process (PID=2653) to work on /home/airflow/.local/lib/python3.7/site-packages/airflow/example_dags/example_skip_dag.py
[2023-04-30T00:22:29.788+0000] {processor.py:743} INFO - Processing file /home/airflow/.local/lib/python3.7/site-packages/airflow/example_dags/example_skip_dag.py for tasks to queue
[2023-04-30T00:22:29.789+0000] {logging_mixin.py:137} INFO - [2023-04-30T00:22:29.789+0000] {dagbag.py:532} INFO - Filling up the DagBag from /home/airflow/.local/lib/python3.7/site-packages/airflow/example_dags/example_skip_dag.py
[2023-04-30T00:22:29.799+0000] {processor.py:753} INFO - DAG(s) dict_keys(['example_skip_dag']) retrieved from /home/airflow/.local/lib/python3.7/site-packages/airflow/example_dags/example_skip_dag.py
[2023-04-30T00:22:29.819+0000] {logging_mixin.py:137} INFO - [2023-04-30T00:22:29.819+0000] {dag.py:2693} INFO - Sync 1 DAGs
[2023-04-30T00:22:29.839+0000] {logging_mixin.py:137} INFO - [2023-04-30T00:22:29.838+0000] {dag.py:3444} INFO - Setting next_dagrun for example_skip_dag to 2023-04-29T00:22:29.838649+00:00, run_after=2023-04-30T00:22:29.838649+00:00
[2023-04-30T00:22:29.850+0000] {processor.py:175} INFO - Processing /home/airflow/.local/lib/python3.7/site-packages/airflow/example_dags/example_skip_dag.py took 0.067 seconds
[2023-04-30T00:23:00.241+0000] {processor.py:153} INFO - Started process (PID=2704) to work on /home/airflow/.local/lib/python3.7/site-packages/airflow/example_dags/example_skip_dag.py
[2023-04-30T00:23:00.242+0000] {processor.py:743} INFO - Processing file /home/airflow/.local/lib/python3.7/site-packages/airflow/example_dags/example_skip_dag.py for tasks to queue
[2023-04-30T00:23:00.243+0000] {logging_mixin.py:137} INFO - [2023-04-30T00:23:00.243+0000] {dagbag.py:532} INFO - Filling up the DagBag from /home/airflow/.local/lib/python3.7/site-packages/airflow/example_dags/example_skip_dag.py
[2023-04-30T00:23:00.253+0000] {processor.py:753} INFO - DAG(s) dict_keys(['example_skip_dag']) retrieved from /home/airflow/.local/lib/python3.7/site-packages/airflow/example_dags/example_skip_dag.py
[2023-04-30T00:23:00.273+0000] {logging_mixin.py:137} INFO - [2023-04-30T00:23:00.273+0000] {dag.py:2693} INFO - Sync 1 DAGs
[2023-04-30T00:23:00.290+0000] {logging_mixin.py:137} INFO - [2023-04-30T00:23:00.290+0000] {dag.py:3444} INFO - Setting next_dagrun for example_skip_dag to 2023-04-29T00:23:00.289895+00:00, run_after=2023-04-30T00:23:00.289895+00:00
[2023-04-30T00:23:00.302+0000] {processor.py:175} INFO - Processing /home/airflow/.local/lib/python3.7/site-packages/airflow/example_dags/example_skip_dag.py took 0.064 seconds
[2023-04-30T00:23:30.734+0000] {processor.py:153} INFO - Started process (PID=2755) to work on /home/airflow/.local/lib/python3.7/site-packages/airflow/example_dags/example_skip_dag.py
[2023-04-30T00:23:30.736+0000] {processor.py:743} INFO - Processing file /home/airflow/.local/lib/python3.7/site-packages/airflow/example_dags/example_skip_dag.py for tasks to queue
[2023-04-30T00:23:30.737+0000] {logging_mixin.py:137} INFO - [2023-04-30T00:23:30.737+0000] {dagbag.py:532} INFO - Filling up the DagBag from /home/airflow/.local/lib/python3.7/site-packages/airflow/example_dags/example_skip_dag.py
[2023-04-30T00:23:30.749+0000] {processor.py:753} INFO - DAG(s) dict_keys(['example_skip_dag']) retrieved from /home/airflow/.local/lib/python3.7/site-packages/airflow/example_dags/example_skip_dag.py
[2023-04-30T00:23:30.769+0000] {logging_mixin.py:137} INFO - [2023-04-30T00:23:30.769+0000] {dag.py:2693} INFO - Sync 1 DAGs
[2023-04-30T00:23:30.785+0000] {logging_mixin.py:137} INFO - [2023-04-30T00:23:30.785+0000] {dag.py:3444} INFO - Setting next_dagrun for example_skip_dag to 2023-04-29T00:23:30.784994+00:00, run_after=2023-04-30T00:23:30.784994+00:00
[2023-04-30T00:23:30.796+0000] {processor.py:175} INFO - Processing /home/airflow/.local/lib/python3.7/site-packages/airflow/example_dags/example_skip_dag.py took 0.064 seconds
[2023-04-30T00:24:01.420+0000] {processor.py:153} INFO - Started process (PID=2805) to work on /home/airflow/.local/lib/python3.7/site-packages/airflow/example_dags/example_skip_dag.py
[2023-04-30T00:24:01.421+0000] {processor.py:743} INFO - Processing file /home/airflow/.local/lib/python3.7/site-packages/airflow/example_dags/example_skip_dag.py for tasks to queue
[2023-04-30T00:24:01.423+0000] {logging_mixin.py:137} INFO - [2023-04-30T00:24:01.423+0000] {dagbag.py:532} INFO - Filling up the DagBag from /home/airflow/.local/lib/python3.7/site-packages/airflow/example_dags/example_skip_dag.py
[2023-04-30T00:24:01.433+0000] {processor.py:753} INFO - DAG(s) dict_keys(['example_skip_dag']) retrieved from /home/airflow/.local/lib/python3.7/site-packages/airflow/example_dags/example_skip_dag.py
[2023-04-30T00:24:01.456+0000] {logging_mixin.py:137} INFO - [2023-04-30T00:24:01.456+0000] {dag.py:2693} INFO - Sync 1 DAGs
[2023-04-30T00:24:01.477+0000] {logging_mixin.py:137} INFO - [2023-04-30T00:24:01.477+0000] {dag.py:3444} INFO - Setting next_dagrun for example_skip_dag to 2023-04-29T00:24:01.477135+00:00, run_after=2023-04-30T00:24:01.477135+00:00
[2023-04-30T00:24:01.489+0000] {processor.py:175} INFO - Processing /home/airflow/.local/lib/python3.7/site-packages/airflow/example_dags/example_skip_dag.py took 0.072 seconds
[2023-04-30T00:24:32.051+0000] {processor.py:153} INFO - Started process (PID=2861) to work on /home/airflow/.local/lib/python3.7/site-packages/airflow/example_dags/example_skip_dag.py
[2023-04-30T00:24:32.053+0000] {processor.py:743} INFO - Processing file /home/airflow/.local/lib/python3.7/site-packages/airflow/example_dags/example_skip_dag.py for tasks to queue
[2023-04-30T00:24:32.054+0000] {logging_mixin.py:137} INFO - [2023-04-30T00:24:32.053+0000] {dagbag.py:532} INFO - Filling up the DagBag from /home/airflow/.local/lib/python3.7/site-packages/airflow/example_dags/example_skip_dag.py
[2023-04-30T00:24:32.070+0000] {processor.py:753} INFO - DAG(s) dict_keys(['example_skip_dag']) retrieved from /home/airflow/.local/lib/python3.7/site-packages/airflow/example_dags/example_skip_dag.py
[2023-04-30T00:24:32.092+0000] {logging_mixin.py:137} INFO - [2023-04-30T00:24:32.092+0000] {dag.py:2693} INFO - Sync 1 DAGs
[2023-04-30T00:24:32.109+0000] {logging_mixin.py:137} INFO - [2023-04-30T00:24:32.109+0000] {dag.py:3444} INFO - Setting next_dagrun for example_skip_dag to 2023-04-29T00:24:32.109514+00:00, run_after=2023-04-30T00:24:32.109514+00:00
[2023-04-30T00:24:32.123+0000] {processor.py:175} INFO - Processing /home/airflow/.local/lib/python3.7/site-packages/airflow/example_dags/example_skip_dag.py took 0.075 seconds
[2023-04-30T00:25:02.848+0000] {processor.py:153} INFO - Started process (PID=2912) to work on /home/airflow/.local/lib/python3.7/site-packages/airflow/example_dags/example_skip_dag.py
[2023-04-30T00:25:02.849+0000] {processor.py:743} INFO - Processing file /home/airflow/.local/lib/python3.7/site-packages/airflow/example_dags/example_skip_dag.py for tasks to queue
[2023-04-30T00:25:02.850+0000] {logging_mixin.py:137} INFO - [2023-04-30T00:25:02.850+0000] {dagbag.py:532} INFO - Filling up the DagBag from /home/airflow/.local/lib/python3.7/site-packages/airflow/example_dags/example_skip_dag.py
[2023-04-30T00:25:02.860+0000] {processor.py:753} INFO - DAG(s) dict_keys(['example_skip_dag']) retrieved from /home/airflow/.local/lib/python3.7/site-packages/airflow/example_dags/example_skip_dag.py
[2023-04-30T00:25:02.882+0000] {logging_mixin.py:137} INFO - [2023-04-30T00:25:02.882+0000] {dag.py:2693} INFO - Sync 1 DAGs
[2023-04-30T00:25:02.901+0000] {logging_mixin.py:137} INFO - [2023-04-30T00:25:02.901+0000] {dag.py:3444} INFO - Setting next_dagrun for example_skip_dag to 2023-04-29T00:25:02.901031+00:00, run_after=2023-04-30T00:25:02.901031+00:00
[2023-04-30T00:25:02.913+0000] {processor.py:175} INFO - Processing /home/airflow/.local/lib/python3.7/site-packages/airflow/example_dags/example_skip_dag.py took 0.068 seconds
[2023-04-30T00:25:33.368+0000] {processor.py:153} INFO - Started process (PID=2963) to work on /home/airflow/.local/lib/python3.7/site-packages/airflow/example_dags/example_skip_dag.py
[2023-04-30T00:25:33.369+0000] {processor.py:743} INFO - Processing file /home/airflow/.local/lib/python3.7/site-packages/airflow/example_dags/example_skip_dag.py for tasks to queue
[2023-04-30T00:25:33.370+0000] {logging_mixin.py:137} INFO - [2023-04-30T00:25:33.370+0000] {dagbag.py:532} INFO - Filling up the DagBag from /home/airflow/.local/lib/python3.7/site-packages/airflow/example_dags/example_skip_dag.py
[2023-04-30T00:25:33.380+0000] {processor.py:753} INFO - DAG(s) dict_keys(['example_skip_dag']) retrieved from /home/airflow/.local/lib/python3.7/site-packages/airflow/example_dags/example_skip_dag.py
[2023-04-30T00:25:33.400+0000] {logging_mixin.py:137} INFO - [2023-04-30T00:25:33.400+0000] {dag.py:2693} INFO - Sync 1 DAGs
[2023-04-30T00:25:33.416+0000] {logging_mixin.py:137} INFO - [2023-04-30T00:25:33.416+0000] {dag.py:3444} INFO - Setting next_dagrun for example_skip_dag to 2023-04-29T00:25:33.416144+00:00, run_after=2023-04-30T00:25:33.416144+00:00
[2023-04-30T00:25:33.428+0000] {processor.py:175} INFO - Processing /home/airflow/.local/lib/python3.7/site-packages/airflow/example_dags/example_skip_dag.py took 0.063 seconds
[2023-04-30T00:26:03.948+0000] {processor.py:153} INFO - Started process (PID=3015) to work on /home/airflow/.local/lib/python3.7/site-packages/airflow/example_dags/example_skip_dag.py
[2023-04-30T00:26:03.950+0000] {processor.py:743} INFO - Processing file /home/airflow/.local/lib/python3.7/site-packages/airflow/example_dags/example_skip_dag.py for tasks to queue
[2023-04-30T00:26:03.950+0000] {logging_mixin.py:137} INFO - [2023-04-30T00:26:03.950+0000] {dagbag.py:532} INFO - Filling up the DagBag from /home/airflow/.local/lib/python3.7/site-packages/airflow/example_dags/example_skip_dag.py
[2023-04-30T00:26:03.961+0000] {processor.py:753} INFO - DAG(s) dict_keys(['example_skip_dag']) retrieved from /home/airflow/.local/lib/python3.7/site-packages/airflow/example_dags/example_skip_dag.py
[2023-04-30T00:26:03.980+0000] {logging_mixin.py:137} INFO - [2023-04-30T00:26:03.980+0000] {dag.py:2693} INFO - Sync 1 DAGs
[2023-04-30T00:26:03.996+0000] {logging_mixin.py:137} INFO - [2023-04-30T00:26:03.996+0000] {dag.py:3444} INFO - Setting next_dagrun for example_skip_dag to 2023-04-29T00:26:03.996144+00:00, run_after=2023-04-30T00:26:03.996144+00:00
[2023-04-30T00:26:04.007+0000] {processor.py:175} INFO - Processing /home/airflow/.local/lib/python3.7/site-packages/airflow/example_dags/example_skip_dag.py took 0.062 seconds
[2023-04-30T00:26:34.612+0000] {processor.py:153} INFO - Started process (PID=3066) to work on /home/airflow/.local/lib/python3.7/site-packages/airflow/example_dags/example_skip_dag.py
[2023-04-30T00:26:34.614+0000] {processor.py:743} INFO - Processing file /home/airflow/.local/lib/python3.7/site-packages/airflow/example_dags/example_skip_dag.py for tasks to queue
[2023-04-30T00:26:34.614+0000] {logging_mixin.py:137} INFO - [2023-04-30T00:26:34.614+0000] {dagbag.py:532} INFO - Filling up the DagBag from /home/airflow/.local/lib/python3.7/site-packages/airflow/example_dags/example_skip_dag.py
[2023-04-30T00:26:34.625+0000] {processor.py:753} INFO - DAG(s) dict_keys(['example_skip_dag']) retrieved from /home/airflow/.local/lib/python3.7/site-packages/airflow/example_dags/example_skip_dag.py
[2023-04-30T00:26:34.643+0000] {logging_mixin.py:137} INFO - [2023-04-30T00:26:34.643+0000] {dag.py:2693} INFO - Sync 1 DAGs
[2023-04-30T00:26:34.658+0000] {logging_mixin.py:137} INFO - [2023-04-30T00:26:34.658+0000] {dag.py:3444} INFO - Setting next_dagrun for example_skip_dag to 2023-04-29T00:26:34.658321+00:00, run_after=2023-04-30T00:26:34.658321+00:00
[2023-04-30T00:26:34.669+0000] {processor.py:175} INFO - Processing /home/airflow/.local/lib/python3.7/site-packages/airflow/example_dags/example_skip_dag.py took 0.059 seconds
[2023-04-30T00:27:05.255+0000] {processor.py:153} INFO - Started process (PID=3117) to work on /home/airflow/.local/lib/python3.7/site-packages/airflow/example_dags/example_skip_dag.py
[2023-04-30T00:27:05.256+0000] {processor.py:743} INFO - Processing file /home/airflow/.local/lib/python3.7/site-packages/airflow/example_dags/example_skip_dag.py for tasks to queue
[2023-04-30T00:27:05.257+0000] {logging_mixin.py:137} INFO - [2023-04-30T00:27:05.257+0000] {dagbag.py:532} INFO - Filling up the DagBag from /home/airflow/.local/lib/python3.7/site-packages/airflow/example_dags/example_skip_dag.py
[2023-04-30T00:27:05.270+0000] {processor.py:753} INFO - DAG(s) dict_keys(['example_skip_dag']) retrieved from /home/airflow/.local/lib/python3.7/site-packages/airflow/example_dags/example_skip_dag.py
[2023-04-30T00:27:05.300+0000] {logging_mixin.py:137} INFO - [2023-04-30T00:27:05.300+0000] {dag.py:2693} INFO - Sync 1 DAGs
[2023-04-30T00:27:05.317+0000] {logging_mixin.py:137} INFO - [2023-04-30T00:27:05.317+0000] {dag.py:3444} INFO - Setting next_dagrun for example_skip_dag to 2023-04-29T00:27:05.317323+00:00, run_after=2023-04-30T00:27:05.317323+00:00
[2023-04-30T00:27:05.328+0000] {processor.py:175} INFO - Processing /home/airflow/.local/lib/python3.7/site-packages/airflow/example_dags/example_skip_dag.py took 0.077 seconds
[2023-04-30T00:27:36.411+0000] {processor.py:153} INFO - Started process (PID=3168) to work on /home/airflow/.local/lib/python3.7/site-packages/airflow/example_dags/example_skip_dag.py
[2023-04-30T00:27:36.413+0000] {processor.py:743} INFO - Processing file /home/airflow/.local/lib/python3.7/site-packages/airflow/example_dags/example_skip_dag.py for tasks to queue
[2023-04-30T00:27:36.414+0000] {logging_mixin.py:137} INFO - [2023-04-30T00:27:36.414+0000] {dagbag.py:532} INFO - Filling up the DagBag from /home/airflow/.local/lib/python3.7/site-packages/airflow/example_dags/example_skip_dag.py
[2023-04-30T00:27:36.425+0000] {processor.py:753} INFO - DAG(s) dict_keys(['example_skip_dag']) retrieved from /home/airflow/.local/lib/python3.7/site-packages/airflow/example_dags/example_skip_dag.py
[2023-04-30T00:27:36.455+0000] {logging_mixin.py:137} INFO - [2023-04-30T00:27:36.455+0000] {dag.py:2693} INFO - Sync 1 DAGs
[2023-04-30T00:27:36.478+0000] {logging_mixin.py:137} INFO - [2023-04-30T00:27:36.477+0000] {dag.py:3444} INFO - Setting next_dagrun for example_skip_dag to 2023-04-29T00:27:36.477794+00:00, run_after=2023-04-30T00:27:36.477794+00:00
[2023-04-30T00:27:36.494+0000] {processor.py:175} INFO - Processing /home/airflow/.local/lib/python3.7/site-packages/airflow/example_dags/example_skip_dag.py took 0.086 seconds
[2023-04-30T00:28:07.264+0000] {processor.py:153} INFO - Started process (PID=3219) to work on /home/airflow/.local/lib/python3.7/site-packages/airflow/example_dags/example_skip_dag.py
[2023-04-30T00:28:07.266+0000] {processor.py:743} INFO - Processing file /home/airflow/.local/lib/python3.7/site-packages/airflow/example_dags/example_skip_dag.py for tasks to queue
[2023-04-30T00:28:07.267+0000] {logging_mixin.py:137} INFO - [2023-04-30T00:28:07.267+0000] {dagbag.py:532} INFO - Filling up the DagBag from /home/airflow/.local/lib/python3.7/site-packages/airflow/example_dags/example_skip_dag.py
[2023-04-30T00:28:07.282+0000] {processor.py:753} INFO - DAG(s) dict_keys(['example_skip_dag']) retrieved from /home/airflow/.local/lib/python3.7/site-packages/airflow/example_dags/example_skip_dag.py
[2023-04-30T00:28:07.311+0000] {logging_mixin.py:137} INFO - [2023-04-30T00:28:07.311+0000] {dag.py:2693} INFO - Sync 1 DAGs
[2023-04-30T00:28:07.333+0000] {logging_mixin.py:137} INFO - [2023-04-30T00:28:07.333+0000] {dag.py:3444} INFO - Setting next_dagrun for example_skip_dag to 2023-04-29T00:28:07.332877+00:00, run_after=2023-04-30T00:28:07.332877+00:00
[2023-04-30T00:28:07.347+0000] {processor.py:175} INFO - Processing /home/airflow/.local/lib/python3.7/site-packages/airflow/example_dags/example_skip_dag.py took 0.086 seconds
[2023-04-30T00:28:38.287+0000] {processor.py:153} INFO - Started process (PID=3270) to work on /home/airflow/.local/lib/python3.7/site-packages/airflow/example_dags/example_skip_dag.py
[2023-04-30T00:28:38.288+0000] {processor.py:743} INFO - Processing file /home/airflow/.local/lib/python3.7/site-packages/airflow/example_dags/example_skip_dag.py for tasks to queue
[2023-04-30T00:28:38.289+0000] {logging_mixin.py:137} INFO - [2023-04-30T00:28:38.289+0000] {dagbag.py:532} INFO - Filling up the DagBag from /home/airflow/.local/lib/python3.7/site-packages/airflow/example_dags/example_skip_dag.py
[2023-04-30T00:28:38.300+0000] {processor.py:753} INFO - DAG(s) dict_keys(['example_skip_dag']) retrieved from /home/airflow/.local/lib/python3.7/site-packages/airflow/example_dags/example_skip_dag.py
[2023-04-30T00:28:38.321+0000] {logging_mixin.py:137} INFO - [2023-04-30T00:28:38.321+0000] {dag.py:2693} INFO - Sync 1 DAGs
[2023-04-30T00:28:38.338+0000] {logging_mixin.py:137} INFO - [2023-04-30T00:28:38.338+0000] {dag.py:3444} INFO - Setting next_dagrun for example_skip_dag to 2023-04-29T00:28:38.338039+00:00, run_after=2023-04-30T00:28:38.338039+00:00
[2023-04-30T00:28:38.357+0000] {processor.py:175} INFO - Processing /home/airflow/.local/lib/python3.7/site-packages/airflow/example_dags/example_skip_dag.py took 0.072 seconds
[2023-04-30T00:29:09.269+0000] {processor.py:153} INFO - Started process (PID=3321) to work on /home/airflow/.local/lib/python3.7/site-packages/airflow/example_dags/example_skip_dag.py
[2023-04-30T00:29:09.270+0000] {processor.py:743} INFO - Processing file /home/airflow/.local/lib/python3.7/site-packages/airflow/example_dags/example_skip_dag.py for tasks to queue
[2023-04-30T00:29:09.271+0000] {logging_mixin.py:137} INFO - [2023-04-30T00:29:09.271+0000] {dagbag.py:532} INFO - Filling up the DagBag from /home/airflow/.local/lib/python3.7/site-packages/airflow/example_dags/example_skip_dag.py
[2023-04-30T00:29:09.281+0000] {processor.py:753} INFO - DAG(s) dict_keys(['example_skip_dag']) retrieved from /home/airflow/.local/lib/python3.7/site-packages/airflow/example_dags/example_skip_dag.py
[2023-04-30T00:29:09.302+0000] {logging_mixin.py:137} INFO - [2023-04-30T00:29:09.302+0000] {dag.py:2693} INFO - Sync 1 DAGs
[2023-04-30T00:29:09.318+0000] {logging_mixin.py:137} INFO - [2023-04-30T00:29:09.318+0000] {dag.py:3444} INFO - Setting next_dagrun for example_skip_dag to 2023-04-29T00:29:09.318466+00:00, run_after=2023-04-30T00:29:09.318466+00:00
[2023-04-30T00:29:09.331+0000] {processor.py:175} INFO - Processing /home/airflow/.local/lib/python3.7/site-packages/airflow/example_dags/example_skip_dag.py took 0.065 seconds
[2023-04-30T00:29:39.967+0000] {processor.py:153} INFO - Started process (PID=3371) to work on /home/airflow/.local/lib/python3.7/site-packages/airflow/example_dags/example_skip_dag.py
[2023-04-30T00:29:39.968+0000] {processor.py:743} INFO - Processing file /home/airflow/.local/lib/python3.7/site-packages/airflow/example_dags/example_skip_dag.py for tasks to queue
[2023-04-30T00:29:39.968+0000] {logging_mixin.py:137} INFO - [2023-04-30T00:29:39.968+0000] {dagbag.py:532} INFO - Filling up the DagBag from /home/airflow/.local/lib/python3.7/site-packages/airflow/example_dags/example_skip_dag.py
[2023-04-30T00:29:39.978+0000] {processor.py:753} INFO - DAG(s) dict_keys(['example_skip_dag']) retrieved from /home/airflow/.local/lib/python3.7/site-packages/airflow/example_dags/example_skip_dag.py
[2023-04-30T00:29:39.999+0000] {logging_mixin.py:137} INFO - [2023-04-30T00:29:39.999+0000] {dag.py:2693} INFO - Sync 1 DAGs
[2023-04-30T00:29:40.016+0000] {logging_mixin.py:137} INFO - [2023-04-30T00:29:40.016+0000] {dag.py:3444} INFO - Setting next_dagrun for example_skip_dag to 2023-04-29T00:29:40.016167+00:00, run_after=2023-04-30T00:29:40.016167+00:00
[2023-04-30T00:29:40.028+0000] {processor.py:175} INFO - Processing /home/airflow/.local/lib/python3.7/site-packages/airflow/example_dags/example_skip_dag.py took 0.064 seconds
[2023-04-30T00:30:10.578+0000] {processor.py:153} INFO - Started process (PID=3422) to work on /home/airflow/.local/lib/python3.7/site-packages/airflow/example_dags/example_skip_dag.py
[2023-04-30T00:30:10.581+0000] {processor.py:743} INFO - Processing file /home/airflow/.local/lib/python3.7/site-packages/airflow/example_dags/example_skip_dag.py for tasks to queue
[2023-04-30T00:30:10.582+0000] {logging_mixin.py:137} INFO - [2023-04-30T00:30:10.582+0000] {dagbag.py:532} INFO - Filling up the DagBag from /home/airflow/.local/lib/python3.7/site-packages/airflow/example_dags/example_skip_dag.py
[2023-04-30T00:30:10.592+0000] {processor.py:753} INFO - DAG(s) dict_keys(['example_skip_dag']) retrieved from /home/airflow/.local/lib/python3.7/site-packages/airflow/example_dags/example_skip_dag.py
[2023-04-30T00:30:10.613+0000] {logging_mixin.py:137} INFO - [2023-04-30T00:30:10.613+0000] {dag.py:2693} INFO - Sync 1 DAGs
[2023-04-30T00:30:10.629+0000] {logging_mixin.py:137} INFO - [2023-04-30T00:30:10.629+0000] {dag.py:3444} INFO - Setting next_dagrun for example_skip_dag to 2023-04-29T00:30:10.629701+00:00, run_after=2023-04-30T00:30:10.629701+00:00
[2023-04-30T00:30:10.641+0000] {processor.py:175} INFO - Processing /home/airflow/.local/lib/python3.7/site-packages/airflow/example_dags/example_skip_dag.py took 0.065 seconds
[2023-04-30T00:30:41.185+0000] {processor.py:153} INFO - Started process (PID=3473) to work on /home/airflow/.local/lib/python3.7/site-packages/airflow/example_dags/example_skip_dag.py
[2023-04-30T00:30:41.187+0000] {processor.py:743} INFO - Processing file /home/airflow/.local/lib/python3.7/site-packages/airflow/example_dags/example_skip_dag.py for tasks to queue
[2023-04-30T00:30:41.188+0000] {logging_mixin.py:137} INFO - [2023-04-30T00:30:41.187+0000] {dagbag.py:532} INFO - Filling up the DagBag from /home/airflow/.local/lib/python3.7/site-packages/airflow/example_dags/example_skip_dag.py
[2023-04-30T00:30:41.198+0000] {processor.py:753} INFO - DAG(s) dict_keys(['example_skip_dag']) retrieved from /home/airflow/.local/lib/python3.7/site-packages/airflow/example_dags/example_skip_dag.py
[2023-04-30T00:30:41.218+0000] {logging_mixin.py:137} INFO - [2023-04-30T00:30:41.218+0000] {dag.py:2693} INFO - Sync 1 DAGs
[2023-04-30T00:30:41.234+0000] {logging_mixin.py:137} INFO - [2023-04-30T00:30:41.234+0000] {dag.py:3444} INFO - Setting next_dagrun for example_skip_dag to 2023-04-29T00:30:41.233863+00:00, run_after=2023-04-30T00:30:41.233863+00:00
[2023-04-30T00:30:41.246+0000] {processor.py:175} INFO - Processing /home/airflow/.local/lib/python3.7/site-packages/airflow/example_dags/example_skip_dag.py took 0.063 seconds
[2023-04-30T00:31:11.832+0000] {processor.py:153} INFO - Started process (PID=3524) to work on /home/airflow/.local/lib/python3.7/site-packages/airflow/example_dags/example_skip_dag.py
[2023-04-30T00:31:11.833+0000] {processor.py:743} INFO - Processing file /home/airflow/.local/lib/python3.7/site-packages/airflow/example_dags/example_skip_dag.py for tasks to queue
[2023-04-30T00:31:11.834+0000] {logging_mixin.py:137} INFO - [2023-04-30T00:31:11.834+0000] {dagbag.py:532} INFO - Filling up the DagBag from /home/airflow/.local/lib/python3.7/site-packages/airflow/example_dags/example_skip_dag.py
[2023-04-30T00:31:11.845+0000] {processor.py:753} INFO - DAG(s) dict_keys(['example_skip_dag']) retrieved from /home/airflow/.local/lib/python3.7/site-packages/airflow/example_dags/example_skip_dag.py
[2023-04-30T00:31:11.865+0000] {logging_mixin.py:137} INFO - [2023-04-30T00:31:11.865+0000] {dag.py:2693} INFO - Sync 1 DAGs
[2023-04-30T00:31:11.882+0000] {logging_mixin.py:137} INFO - [2023-04-30T00:31:11.881+0000] {dag.py:3444} INFO - Setting next_dagrun for example_skip_dag to 2023-04-29T00:31:11.881696+00:00, run_after=2023-04-30T00:31:11.881696+00:00
[2023-04-30T00:31:11.894+0000] {processor.py:175} INFO - Processing /home/airflow/.local/lib/python3.7/site-packages/airflow/example_dags/example_skip_dag.py took 0.064 seconds
[2023-04-30T00:31:42.435+0000] {processor.py:153} INFO - Started process (PID=3575) to work on /home/airflow/.local/lib/python3.7/site-packages/airflow/example_dags/example_skip_dag.py
[2023-04-30T00:31:42.436+0000] {processor.py:743} INFO - Processing file /home/airflow/.local/lib/python3.7/site-packages/airflow/example_dags/example_skip_dag.py for tasks to queue
[2023-04-30T00:31:42.437+0000] {logging_mixin.py:137} INFO - [2023-04-30T00:31:42.437+0000] {dagbag.py:532} INFO - Filling up the DagBag from /home/airflow/.local/lib/python3.7/site-packages/airflow/example_dags/example_skip_dag.py
[2023-04-30T00:31:42.447+0000] {processor.py:753} INFO - DAG(s) dict_keys(['example_skip_dag']) retrieved from /home/airflow/.local/lib/python3.7/site-packages/airflow/example_dags/example_skip_dag.py
[2023-04-30T00:31:42.468+0000] {logging_mixin.py:137} INFO - [2023-04-30T00:31:42.468+0000] {dag.py:2693} INFO - Sync 1 DAGs
[2023-04-30T00:31:42.484+0000] {logging_mixin.py:137} INFO - [2023-04-30T00:31:42.484+0000] {dag.py:3444} INFO - Setting next_dagrun for example_skip_dag to 2023-04-29T00:31:42.483985+00:00, run_after=2023-04-30T00:31:42.483985+00:00
[2023-04-30T00:31:42.496+0000] {processor.py:175} INFO - Processing /home/airflow/.local/lib/python3.7/site-packages/airflow/example_dags/example_skip_dag.py took 0.064 seconds
[2023-04-30T00:32:12.954+0000] {processor.py:153} INFO - Started process (PID=3626) to work on /home/airflow/.local/lib/python3.7/site-packages/airflow/example_dags/example_skip_dag.py
[2023-04-30T00:32:12.955+0000] {processor.py:743} INFO - Processing file /home/airflow/.local/lib/python3.7/site-packages/airflow/example_dags/example_skip_dag.py for tasks to queue
[2023-04-30T00:32:12.956+0000] {logging_mixin.py:137} INFO - [2023-04-30T00:32:12.956+0000] {dagbag.py:532} INFO - Filling up the DagBag from /home/airflow/.local/lib/python3.7/site-packages/airflow/example_dags/example_skip_dag.py
[2023-04-30T00:32:12.967+0000] {processor.py:753} INFO - DAG(s) dict_keys(['example_skip_dag']) retrieved from /home/airflow/.local/lib/python3.7/site-packages/airflow/example_dags/example_skip_dag.py
[2023-04-30T00:32:12.987+0000] {logging_mixin.py:137} INFO - [2023-04-30T00:32:12.987+0000] {dag.py:2693} INFO - Sync 1 DAGs
[2023-04-30T00:32:13.003+0000] {logging_mixin.py:137} INFO - [2023-04-30T00:32:13.003+0000] {dag.py:3444} INFO - Setting next_dagrun for example_skip_dag to 2023-04-29T00:32:13.003300+00:00, run_after=2023-04-30T00:32:13.003300+00:00
[2023-04-30T00:32:13.015+0000] {processor.py:175} INFO - Processing /home/airflow/.local/lib/python3.7/site-packages/airflow/example_dags/example_skip_dag.py took 0.063 seconds
[2023-04-30T00:32:43.624+0000] {processor.py:153} INFO - Started process (PID=3676) to work on /home/airflow/.local/lib/python3.7/site-packages/airflow/example_dags/example_skip_dag.py
[2023-04-30T00:32:43.626+0000] {processor.py:743} INFO - Processing file /home/airflow/.local/lib/python3.7/site-packages/airflow/example_dags/example_skip_dag.py for tasks to queue
[2023-04-30T00:32:43.626+0000] {logging_mixin.py:137} INFO - [2023-04-30T00:32:43.626+0000] {dagbag.py:532} INFO - Filling up the DagBag from /home/airflow/.local/lib/python3.7/site-packages/airflow/example_dags/example_skip_dag.py
[2023-04-30T00:32:43.637+0000] {processor.py:753} INFO - DAG(s) dict_keys(['example_skip_dag']) retrieved from /home/airflow/.local/lib/python3.7/site-packages/airflow/example_dags/example_skip_dag.py
[2023-04-30T00:32:43.657+0000] {logging_mixin.py:137} INFO - [2023-04-30T00:32:43.657+0000] {dag.py:2693} INFO - Sync 1 DAGs
[2023-04-30T00:32:43.681+0000] {logging_mixin.py:137} INFO - [2023-04-30T00:32:43.681+0000] {dag.py:3444} INFO - Setting next_dagrun for example_skip_dag to 2023-04-29T00:32:43.681170+00:00, run_after=2023-04-30T00:32:43.681170+00:00
[2023-04-30T00:32:43.696+0000] {processor.py:175} INFO - Processing /home/airflow/.local/lib/python3.7/site-packages/airflow/example_dags/example_skip_dag.py took 0.074 seconds
[2023-04-30T00:33:14.127+0000] {processor.py:153} INFO - Started process (PID=3727) to work on /home/airflow/.local/lib/python3.7/site-packages/airflow/example_dags/example_skip_dag.py
[2023-04-30T00:33:14.128+0000] {processor.py:743} INFO - Processing file /home/airflow/.local/lib/python3.7/site-packages/airflow/example_dags/example_skip_dag.py for tasks to queue
[2023-04-30T00:33:14.129+0000] {logging_mixin.py:137} INFO - [2023-04-30T00:33:14.129+0000] {dagbag.py:532} INFO - Filling up the DagBag from /home/airflow/.local/lib/python3.7/site-packages/airflow/example_dags/example_skip_dag.py
[2023-04-30T00:33:14.142+0000] {processor.py:753} INFO - DAG(s) dict_keys(['example_skip_dag']) retrieved from /home/airflow/.local/lib/python3.7/site-packages/airflow/example_dags/example_skip_dag.py
[2023-04-30T00:33:14.167+0000] {logging_mixin.py:137} INFO - [2023-04-30T00:33:14.167+0000] {dag.py:2693} INFO - Sync 1 DAGs
[2023-04-30T00:33:14.192+0000] {logging_mixin.py:137} INFO - [2023-04-30T00:33:14.192+0000] {dag.py:3444} INFO - Setting next_dagrun for example_skip_dag to 2023-04-29T00:33:14.192291+00:00, run_after=2023-04-30T00:33:14.192291+00:00
[2023-04-30T00:33:14.206+0000] {processor.py:175} INFO - Processing /home/airflow/.local/lib/python3.7/site-packages/airflow/example_dags/example_skip_dag.py took 0.082 seconds
[2023-04-30T00:33:44.827+0000] {processor.py:153} INFO - Started process (PID=3778) to work on /home/airflow/.local/lib/python3.7/site-packages/airflow/example_dags/example_skip_dag.py
[2023-04-30T00:33:44.828+0000] {processor.py:743} INFO - Processing file /home/airflow/.local/lib/python3.7/site-packages/airflow/example_dags/example_skip_dag.py for tasks to queue
[2023-04-30T00:33:44.829+0000] {logging_mixin.py:137} INFO - [2023-04-30T00:33:44.829+0000] {dagbag.py:532} INFO - Filling up the DagBag from /home/airflow/.local/lib/python3.7/site-packages/airflow/example_dags/example_skip_dag.py
[2023-04-30T00:33:44.839+0000] {processor.py:753} INFO - DAG(s) dict_keys(['example_skip_dag']) retrieved from /home/airflow/.local/lib/python3.7/site-packages/airflow/example_dags/example_skip_dag.py
[2023-04-30T00:33:44.859+0000] {logging_mixin.py:137} INFO - [2023-04-30T00:33:44.859+0000] {dag.py:2693} INFO - Sync 1 DAGs
[2023-04-30T00:33:44.875+0000] {logging_mixin.py:137} INFO - [2023-04-30T00:33:44.875+0000] {dag.py:3444} INFO - Setting next_dagrun for example_skip_dag to 2023-04-29T00:33:44.875184+00:00, run_after=2023-04-30T00:33:44.875184+00:00
[2023-04-30T00:33:44.887+0000] {processor.py:175} INFO - Processing /home/airflow/.local/lib/python3.7/site-packages/airflow/example_dags/example_skip_dag.py took 0.063 seconds
[2023-04-30T00:34:15.386+0000] {processor.py:153} INFO - Started process (PID=3829) to work on /home/airflow/.local/lib/python3.7/site-packages/airflow/example_dags/example_skip_dag.py
[2023-04-30T00:34:15.388+0000] {processor.py:743} INFO - Processing file /home/airflow/.local/lib/python3.7/site-packages/airflow/example_dags/example_skip_dag.py for tasks to queue
[2023-04-30T00:34:15.388+0000] {logging_mixin.py:137} INFO - [2023-04-30T00:34:15.388+0000] {dagbag.py:532} INFO - Filling up the DagBag from /home/airflow/.local/lib/python3.7/site-packages/airflow/example_dags/example_skip_dag.py
[2023-04-30T00:34:15.398+0000] {processor.py:753} INFO - DAG(s) dict_keys(['example_skip_dag']) retrieved from /home/airflow/.local/lib/python3.7/site-packages/airflow/example_dags/example_skip_dag.py
[2023-04-30T00:34:15.418+0000] {logging_mixin.py:137} INFO - [2023-04-30T00:34:15.418+0000] {dag.py:2693} INFO - Sync 1 DAGs
[2023-04-30T00:34:15.433+0000] {logging_mixin.py:137} INFO - [2023-04-30T00:34:15.433+0000] {dag.py:3444} INFO - Setting next_dagrun for example_skip_dag to 2023-04-29T00:34:15.433293+00:00, run_after=2023-04-30T00:34:15.433293+00:00
[2023-04-30T00:34:15.444+0000] {processor.py:175} INFO - Processing /home/airflow/.local/lib/python3.7/site-packages/airflow/example_dags/example_skip_dag.py took 0.061 seconds
[2023-04-30T00:34:45.632+0000] {processor.py:153} INFO - Started process (PID=3880) to work on /home/airflow/.local/lib/python3.7/site-packages/airflow/example_dags/example_skip_dag.py
[2023-04-30T00:34:45.634+0000] {processor.py:743} INFO - Processing file /home/airflow/.local/lib/python3.7/site-packages/airflow/example_dags/example_skip_dag.py for tasks to queue
[2023-04-30T00:34:45.634+0000] {logging_mixin.py:137} INFO - [2023-04-30T00:34:45.634+0000] {dagbag.py:532} INFO - Filling up the DagBag from /home/airflow/.local/lib/python3.7/site-packages/airflow/example_dags/example_skip_dag.py
[2023-04-30T00:34:45.645+0000] {processor.py:753} INFO - DAG(s) dict_keys(['example_skip_dag']) retrieved from /home/airflow/.local/lib/python3.7/site-packages/airflow/example_dags/example_skip_dag.py
[2023-04-30T00:34:45.666+0000] {logging_mixin.py:137} INFO - [2023-04-30T00:34:45.666+0000] {dag.py:2693} INFO - Sync 1 DAGs
[2023-04-30T00:34:45.688+0000] {logging_mixin.py:137} INFO - [2023-04-30T00:34:45.688+0000] {dag.py:3444} INFO - Setting next_dagrun for example_skip_dag to 2023-04-29T00:34:45.688447+00:00, run_after=2023-04-30T00:34:45.688447+00:00
[2023-04-30T00:34:45.716+0000] {processor.py:175} INFO - Processing /home/airflow/.local/lib/python3.7/site-packages/airflow/example_dags/example_skip_dag.py took 0.087 seconds
