[2023-04-30T00:08:49.458+0000] {processor.py:153} INFO - Started process (PID=2359) to work on /home/airflow/.local/lib/python3.7/site-packages/airflow/example_dags/example_dynamic_task_mapping.py
[2023-04-30T00:08:49.459+0000] {processor.py:743} INFO - Processing file /home/airflow/.local/lib/python3.7/site-packages/airflow/example_dags/example_dynamic_task_mapping.py for tasks to queue
[2023-04-30T00:08:49.460+0000] {logging_mixin.py:137} INFO - [2023-04-30T00:08:49.460+0000] {dagbag.py:532} INFO - Filling up the DagBag from /home/airflow/.local/lib/python3.7/site-packages/airflow/example_dags/example_dynamic_task_mapping.py
[2023-04-30T00:08:49.476+0000] {processor.py:753} INFO - DAG(s) dict_keys(['example_dynamic_task_mapping']) retrieved from /home/airflow/.local/lib/python3.7/site-packages/airflow/example_dags/example_dynamic_task_mapping.py
[2023-04-30T00:08:49.501+0000] {logging_mixin.py:137} INFO - [2023-04-30T00:08:49.501+0000] {dag.py:2693} INFO - Sync 1 DAGs
[2023-04-30T00:08:49.517+0000] {logging_mixin.py:137} INFO - [2023-04-30T00:08:49.517+0000] {dag.py:3444} INFO - Setting next_dagrun for example_dynamic_task_mapping to 2022-03-04T00:00:00+00:00, run_after=2022-03-05T00:00:00+00:00
[2023-04-30T00:08:49.529+0000] {processor.py:175} INFO - Processing /home/airflow/.local/lib/python3.7/site-packages/airflow/example_dags/example_dynamic_task_mapping.py took 0.074 seconds
[2023-04-30T00:19:56.487+0000] {processor.py:153} INFO - Started process (PID=2410) to work on /home/airflow/.local/lib/python3.7/site-packages/airflow/example_dags/example_dynamic_task_mapping.py
[2023-04-30T00:19:56.488+0000] {processor.py:743} INFO - Processing file /home/airflow/.local/lib/python3.7/site-packages/airflow/example_dags/example_dynamic_task_mapping.py for tasks to queue
[2023-04-30T00:19:56.489+0000] {logging_mixin.py:137} INFO - [2023-04-30T00:19:56.489+0000] {dagbag.py:532} INFO - Filling up the DagBag from /home/airflow/.local/lib/python3.7/site-packages/airflow/example_dags/example_dynamic_task_mapping.py
[2023-04-30T00:19:56.509+0000] {processor.py:753} INFO - DAG(s) dict_keys(['example_dynamic_task_mapping']) retrieved from /home/airflow/.local/lib/python3.7/site-packages/airflow/example_dags/example_dynamic_task_mapping.py
[2023-04-30T00:19:56.539+0000] {logging_mixin.py:137} INFO - [2023-04-30T00:19:56.538+0000] {dag.py:2693} INFO - Sync 1 DAGs
[2023-04-30T00:19:56.557+0000] {logging_mixin.py:137} INFO - [2023-04-30T00:19:56.557+0000] {dag.py:3444} INFO - Setting next_dagrun for example_dynamic_task_mapping to 2022-03-04T00:00:00+00:00, run_after=2022-03-05T00:00:00+00:00
[2023-04-30T00:19:56.568+0000] {processor.py:175} INFO - Processing /home/airflow/.local/lib/python3.7/site-packages/airflow/example_dags/example_dynamic_task_mapping.py took 0.084 seconds
[2023-04-30T00:20:27.138+0000] {processor.py:153} INFO - Started process (PID=2461) to work on /home/airflow/.local/lib/python3.7/site-packages/airflow/example_dags/example_dynamic_task_mapping.py
[2023-04-30T00:20:27.140+0000] {processor.py:743} INFO - Processing file /home/airflow/.local/lib/python3.7/site-packages/airflow/example_dags/example_dynamic_task_mapping.py for tasks to queue
[2023-04-30T00:20:27.140+0000] {logging_mixin.py:137} INFO - [2023-04-30T00:20:27.140+0000] {dagbag.py:532} INFO - Filling up the DagBag from /home/airflow/.local/lib/python3.7/site-packages/airflow/example_dags/example_dynamic_task_mapping.py
[2023-04-30T00:20:27.157+0000] {processor.py:753} INFO - DAG(s) dict_keys(['example_dynamic_task_mapping']) retrieved from /home/airflow/.local/lib/python3.7/site-packages/airflow/example_dags/example_dynamic_task_mapping.py
[2023-04-30T00:20:27.175+0000] {logging_mixin.py:137} INFO - [2023-04-30T00:20:27.175+0000] {dag.py:2693} INFO - Sync 1 DAGs
[2023-04-30T00:20:27.192+0000] {logging_mixin.py:137} INFO - [2023-04-30T00:20:27.191+0000] {dag.py:3444} INFO - Setting next_dagrun for example_dynamic_task_mapping to 2022-03-04T00:00:00+00:00, run_after=2022-03-05T00:00:00+00:00
[2023-04-30T00:20:27.203+0000] {processor.py:175} INFO - Processing /home/airflow/.local/lib/python3.7/site-packages/airflow/example_dags/example_dynamic_task_mapping.py took 0.068 seconds
[2023-04-30T00:20:57.934+0000] {processor.py:153} INFO - Started process (PID=2512) to work on /home/airflow/.local/lib/python3.7/site-packages/airflow/example_dags/example_dynamic_task_mapping.py
[2023-04-30T00:20:57.935+0000] {processor.py:743} INFO - Processing file /home/airflow/.local/lib/python3.7/site-packages/airflow/example_dags/example_dynamic_task_mapping.py for tasks to queue
[2023-04-30T00:20:57.935+0000] {logging_mixin.py:137} INFO - [2023-04-30T00:20:57.935+0000] {dagbag.py:532} INFO - Filling up the DagBag from /home/airflow/.local/lib/python3.7/site-packages/airflow/example_dags/example_dynamic_task_mapping.py
[2023-04-30T00:20:57.952+0000] {processor.py:753} INFO - DAG(s) dict_keys(['example_dynamic_task_mapping']) retrieved from /home/airflow/.local/lib/python3.7/site-packages/airflow/example_dags/example_dynamic_task_mapping.py
[2023-04-30T00:20:57.986+0000] {logging_mixin.py:137} INFO - [2023-04-30T00:20:57.981+0000] {dag.py:2693} INFO - Sync 1 DAGs
[2023-04-30T00:20:58.007+0000] {logging_mixin.py:137} INFO - [2023-04-30T00:20:58.007+0000] {dag.py:3444} INFO - Setting next_dagrun for example_dynamic_task_mapping to 2022-03-04T00:00:00+00:00, run_after=2022-03-05T00:00:00+00:00
[2023-04-30T00:20:58.019+0000] {processor.py:175} INFO - Processing /home/airflow/.local/lib/python3.7/site-packages/airflow/example_dags/example_dynamic_task_mapping.py took 0.088 seconds
[2023-04-30T00:21:28.797+0000] {processor.py:153} INFO - Started process (PID=2563) to work on /home/airflow/.local/lib/python3.7/site-packages/airflow/example_dags/example_dynamic_task_mapping.py
[2023-04-30T00:21:28.798+0000] {processor.py:743} INFO - Processing file /home/airflow/.local/lib/python3.7/site-packages/airflow/example_dags/example_dynamic_task_mapping.py for tasks to queue
[2023-04-30T00:21:28.799+0000] {logging_mixin.py:137} INFO - [2023-04-30T00:21:28.799+0000] {dagbag.py:532} INFO - Filling up the DagBag from /home/airflow/.local/lib/python3.7/site-packages/airflow/example_dags/example_dynamic_task_mapping.py
[2023-04-30T00:21:28.815+0000] {processor.py:753} INFO - DAG(s) dict_keys(['example_dynamic_task_mapping']) retrieved from /home/airflow/.local/lib/python3.7/site-packages/airflow/example_dags/example_dynamic_task_mapping.py
[2023-04-30T00:21:28.833+0000] {logging_mixin.py:137} INFO - [2023-04-30T00:21:28.833+0000] {dag.py:2693} INFO - Sync 1 DAGs
[2023-04-30T00:21:28.850+0000] {logging_mixin.py:137} INFO - [2023-04-30T00:21:28.850+0000] {dag.py:3444} INFO - Setting next_dagrun for example_dynamic_task_mapping to 2022-03-04T00:00:00+00:00, run_after=2022-03-05T00:00:00+00:00
[2023-04-30T00:21:28.863+0000] {processor.py:175} INFO - Processing /home/airflow/.local/lib/python3.7/site-packages/airflow/example_dags/example_dynamic_task_mapping.py took 0.068 seconds
[2023-04-30T00:21:59.560+0000] {processor.py:153} INFO - Started process (PID=2614) to work on /home/airflow/.local/lib/python3.7/site-packages/airflow/example_dags/example_dynamic_task_mapping.py
[2023-04-30T00:21:59.562+0000] {processor.py:743} INFO - Processing file /home/airflow/.local/lib/python3.7/site-packages/airflow/example_dags/example_dynamic_task_mapping.py for tasks to queue
[2023-04-30T00:21:59.563+0000] {logging_mixin.py:137} INFO - [2023-04-30T00:21:59.563+0000] {dagbag.py:532} INFO - Filling up the DagBag from /home/airflow/.local/lib/python3.7/site-packages/airflow/example_dags/example_dynamic_task_mapping.py
[2023-04-30T00:21:59.583+0000] {processor.py:753} INFO - DAG(s) dict_keys(['example_dynamic_task_mapping']) retrieved from /home/airflow/.local/lib/python3.7/site-packages/airflow/example_dags/example_dynamic_task_mapping.py
[2023-04-30T00:21:59.602+0000] {logging_mixin.py:137} INFO - [2023-04-30T00:21:59.602+0000] {dag.py:2693} INFO - Sync 1 DAGs
[2023-04-30T00:21:59.618+0000] {logging_mixin.py:137} INFO - [2023-04-30T00:21:59.618+0000] {dag.py:3444} INFO - Setting next_dagrun for example_dynamic_task_mapping to 2022-03-04T00:00:00+00:00, run_after=2022-03-05T00:00:00+00:00
[2023-04-30T00:21:59.630+0000] {processor.py:175} INFO - Processing /home/airflow/.local/lib/python3.7/site-packages/airflow/example_dags/example_dynamic_task_mapping.py took 0.072 seconds
[2023-04-30T00:22:30.431+0000] {processor.py:153} INFO - Started process (PID=2665) to work on /home/airflow/.local/lib/python3.7/site-packages/airflow/example_dags/example_dynamic_task_mapping.py
[2023-04-30T00:22:30.432+0000] {processor.py:743} INFO - Processing file /home/airflow/.local/lib/python3.7/site-packages/airflow/example_dags/example_dynamic_task_mapping.py for tasks to queue
[2023-04-30T00:22:30.433+0000] {logging_mixin.py:137} INFO - [2023-04-30T00:22:30.433+0000] {dagbag.py:532} INFO - Filling up the DagBag from /home/airflow/.local/lib/python3.7/site-packages/airflow/example_dags/example_dynamic_task_mapping.py
[2023-04-30T00:22:30.452+0000] {processor.py:753} INFO - DAG(s) dict_keys(['example_dynamic_task_mapping']) retrieved from /home/airflow/.local/lib/python3.7/site-packages/airflow/example_dags/example_dynamic_task_mapping.py
[2023-04-30T00:22:30.472+0000] {logging_mixin.py:137} INFO - [2023-04-30T00:22:30.472+0000] {dag.py:2693} INFO - Sync 1 DAGs
[2023-04-30T00:22:30.488+0000] {logging_mixin.py:137} INFO - [2023-04-30T00:22:30.488+0000] {dag.py:3444} INFO - Setting next_dagrun for example_dynamic_task_mapping to 2022-03-04T00:00:00+00:00, run_after=2022-03-05T00:00:00+00:00
[2023-04-30T00:22:30.498+0000] {processor.py:175} INFO - Processing /home/airflow/.local/lib/python3.7/site-packages/airflow/example_dags/example_dynamic_task_mapping.py took 0.072 seconds
[2023-04-30T00:23:00.881+0000] {processor.py:153} INFO - Started process (PID=2716) to work on /home/airflow/.local/lib/python3.7/site-packages/airflow/example_dags/example_dynamic_task_mapping.py
[2023-04-30T00:23:00.889+0000] {processor.py:743} INFO - Processing file /home/airflow/.local/lib/python3.7/site-packages/airflow/example_dags/example_dynamic_task_mapping.py for tasks to queue
[2023-04-30T00:23:00.889+0000] {logging_mixin.py:137} INFO - [2023-04-30T00:23:00.889+0000] {dagbag.py:532} INFO - Filling up the DagBag from /home/airflow/.local/lib/python3.7/site-packages/airflow/example_dags/example_dynamic_task_mapping.py
[2023-04-30T00:23:00.914+0000] {processor.py:753} INFO - DAG(s) dict_keys(['example_dynamic_task_mapping']) retrieved from /home/airflow/.local/lib/python3.7/site-packages/airflow/example_dags/example_dynamic_task_mapping.py
[2023-04-30T00:23:00.942+0000] {logging_mixin.py:137} INFO - [2023-04-30T00:23:00.942+0000] {dag.py:2693} INFO - Sync 1 DAGs
[2023-04-30T00:23:00.961+0000] {logging_mixin.py:137} INFO - [2023-04-30T00:23:00.961+0000] {dag.py:3444} INFO - Setting next_dagrun for example_dynamic_task_mapping to 2022-03-04T00:00:00+00:00, run_after=2022-03-05T00:00:00+00:00
[2023-04-30T00:23:00.972+0000] {processor.py:175} INFO - Processing /home/airflow/.local/lib/python3.7/site-packages/airflow/example_dags/example_dynamic_task_mapping.py took 0.094 seconds
[2023-04-30T00:23:31.286+0000] {processor.py:153} INFO - Started process (PID=2767) to work on /home/airflow/.local/lib/python3.7/site-packages/airflow/example_dags/example_dynamic_task_mapping.py
[2023-04-30T00:23:31.288+0000] {processor.py:743} INFO - Processing file /home/airflow/.local/lib/python3.7/site-packages/airflow/example_dags/example_dynamic_task_mapping.py for tasks to queue
[2023-04-30T00:23:31.292+0000] {logging_mixin.py:137} INFO - [2023-04-30T00:23:31.292+0000] {dagbag.py:532} INFO - Filling up the DagBag from /home/airflow/.local/lib/python3.7/site-packages/airflow/example_dags/example_dynamic_task_mapping.py
[2023-04-30T00:23:31.307+0000] {processor.py:753} INFO - DAG(s) dict_keys(['example_dynamic_task_mapping']) retrieved from /home/airflow/.local/lib/python3.7/site-packages/airflow/example_dags/example_dynamic_task_mapping.py
[2023-04-30T00:23:31.326+0000] {logging_mixin.py:137} INFO - [2023-04-30T00:23:31.326+0000] {dag.py:2693} INFO - Sync 1 DAGs
[2023-04-30T00:23:31.342+0000] {logging_mixin.py:137} INFO - [2023-04-30T00:23:31.342+0000] {dag.py:3444} INFO - Setting next_dagrun for example_dynamic_task_mapping to 2022-03-04T00:00:00+00:00, run_after=2022-03-05T00:00:00+00:00
[2023-04-30T00:23:31.354+0000] {processor.py:175} INFO - Processing /home/airflow/.local/lib/python3.7/site-packages/airflow/example_dags/example_dynamic_task_mapping.py took 0.070 seconds
[2023-04-30T00:24:02.044+0000] {processor.py:153} INFO - Started process (PID=2823) to work on /home/airflow/.local/lib/python3.7/site-packages/airflow/example_dags/example_dynamic_task_mapping.py
[2023-04-30T00:24:02.045+0000] {processor.py:743} INFO - Processing file /home/airflow/.local/lib/python3.7/site-packages/airflow/example_dags/example_dynamic_task_mapping.py for tasks to queue
[2023-04-30T00:24:02.046+0000] {logging_mixin.py:137} INFO - [2023-04-30T00:24:02.046+0000] {dagbag.py:532} INFO - Filling up the DagBag from /home/airflow/.local/lib/python3.7/site-packages/airflow/example_dags/example_dynamic_task_mapping.py
[2023-04-30T00:24:02.061+0000] {processor.py:753} INFO - DAG(s) dict_keys(['example_dynamic_task_mapping']) retrieved from /home/airflow/.local/lib/python3.7/site-packages/airflow/example_dags/example_dynamic_task_mapping.py
[2023-04-30T00:24:02.080+0000] {logging_mixin.py:137} INFO - [2023-04-30T00:24:02.080+0000] {dag.py:2693} INFO - Sync 1 DAGs
[2023-04-30T00:24:02.097+0000] {logging_mixin.py:137} INFO - [2023-04-30T00:24:02.096+0000] {dag.py:3444} INFO - Setting next_dagrun for example_dynamic_task_mapping to 2022-03-04T00:00:00+00:00, run_after=2022-03-05T00:00:00+00:00
[2023-04-30T00:24:02.108+0000] {processor.py:175} INFO - Processing /home/airflow/.local/lib/python3.7/site-packages/airflow/example_dags/example_dynamic_task_mapping.py took 0.067 seconds
[2023-04-30T00:24:32.791+0000] {processor.py:153} INFO - Started process (PID=2873) to work on /home/airflow/.local/lib/python3.7/site-packages/airflow/example_dags/example_dynamic_task_mapping.py
[2023-04-30T00:24:32.793+0000] {processor.py:743} INFO - Processing file /home/airflow/.local/lib/python3.7/site-packages/airflow/example_dags/example_dynamic_task_mapping.py for tasks to queue
[2023-04-30T00:24:32.794+0000] {logging_mixin.py:137} INFO - [2023-04-30T00:24:32.793+0000] {dagbag.py:532} INFO - Filling up the DagBag from /home/airflow/.local/lib/python3.7/site-packages/airflow/example_dags/example_dynamic_task_mapping.py
[2023-04-30T00:24:32.811+0000] {processor.py:753} INFO - DAG(s) dict_keys(['example_dynamic_task_mapping']) retrieved from /home/airflow/.local/lib/python3.7/site-packages/airflow/example_dags/example_dynamic_task_mapping.py
[2023-04-30T00:24:32.835+0000] {logging_mixin.py:137} INFO - [2023-04-30T00:24:32.835+0000] {dag.py:2693} INFO - Sync 1 DAGs
[2023-04-30T00:24:32.854+0000] {logging_mixin.py:137} INFO - [2023-04-30T00:24:32.854+0000] {dag.py:3444} INFO - Setting next_dagrun for example_dynamic_task_mapping to 2022-03-04T00:00:00+00:00, run_after=2022-03-05T00:00:00+00:00
[2023-04-30T00:24:32.865+0000] {processor.py:175} INFO - Processing /home/airflow/.local/lib/python3.7/site-packages/airflow/example_dags/example_dynamic_task_mapping.py took 0.077 seconds
[2023-04-30T00:25:03.465+0000] {processor.py:153} INFO - Started process (PID=2924) to work on /home/airflow/.local/lib/python3.7/site-packages/airflow/example_dags/example_dynamic_task_mapping.py
[2023-04-30T00:25:03.467+0000] {processor.py:743} INFO - Processing file /home/airflow/.local/lib/python3.7/site-packages/airflow/example_dags/example_dynamic_task_mapping.py for tasks to queue
[2023-04-30T00:25:03.467+0000] {logging_mixin.py:137} INFO - [2023-04-30T00:25:03.467+0000] {dagbag.py:532} INFO - Filling up the DagBag from /home/airflow/.local/lib/python3.7/site-packages/airflow/example_dags/example_dynamic_task_mapping.py
[2023-04-30T00:25:03.484+0000] {processor.py:753} INFO - DAG(s) dict_keys(['example_dynamic_task_mapping']) retrieved from /home/airflow/.local/lib/python3.7/site-packages/airflow/example_dags/example_dynamic_task_mapping.py
[2023-04-30T00:25:03.504+0000] {logging_mixin.py:137} INFO - [2023-04-30T00:25:03.504+0000] {dag.py:2693} INFO - Sync 1 DAGs
[2023-04-30T00:25:03.521+0000] {logging_mixin.py:137} INFO - [2023-04-30T00:25:03.521+0000] {dag.py:3444} INFO - Setting next_dagrun for example_dynamic_task_mapping to 2022-03-04T00:00:00+00:00, run_after=2022-03-05T00:00:00+00:00
[2023-04-30T00:25:03.532+0000] {processor.py:175} INFO - Processing /home/airflow/.local/lib/python3.7/site-packages/airflow/example_dags/example_dynamic_task_mapping.py took 0.070 seconds
[2023-04-30T00:25:34.016+0000] {processor.py:153} INFO - Started process (PID=2975) to work on /home/airflow/.local/lib/python3.7/site-packages/airflow/example_dags/example_dynamic_task_mapping.py
[2023-04-30T00:25:34.017+0000] {processor.py:743} INFO - Processing file /home/airflow/.local/lib/python3.7/site-packages/airflow/example_dags/example_dynamic_task_mapping.py for tasks to queue
[2023-04-30T00:25:34.018+0000] {logging_mixin.py:137} INFO - [2023-04-30T00:25:34.018+0000] {dagbag.py:532} INFO - Filling up the DagBag from /home/airflow/.local/lib/python3.7/site-packages/airflow/example_dags/example_dynamic_task_mapping.py
[2023-04-30T00:25:34.033+0000] {processor.py:753} INFO - DAG(s) dict_keys(['example_dynamic_task_mapping']) retrieved from /home/airflow/.local/lib/python3.7/site-packages/airflow/example_dags/example_dynamic_task_mapping.py
[2023-04-30T00:25:34.050+0000] {logging_mixin.py:137} INFO - [2023-04-30T00:25:34.050+0000] {dag.py:2693} INFO - Sync 1 DAGs
[2023-04-30T00:25:34.066+0000] {logging_mixin.py:137} INFO - [2023-04-30T00:25:34.066+0000] {dag.py:3444} INFO - Setting next_dagrun for example_dynamic_task_mapping to 2022-03-04T00:00:00+00:00, run_after=2022-03-05T00:00:00+00:00
[2023-04-30T00:25:34.077+0000] {processor.py:175} INFO - Processing /home/airflow/.local/lib/python3.7/site-packages/airflow/example_dags/example_dynamic_task_mapping.py took 0.064 seconds
[2023-04-30T00:26:04.491+0000] {processor.py:153} INFO - Started process (PID=3027) to work on /home/airflow/.local/lib/python3.7/site-packages/airflow/example_dags/example_dynamic_task_mapping.py
[2023-04-30T00:26:04.492+0000] {processor.py:743} INFO - Processing file /home/airflow/.local/lib/python3.7/site-packages/airflow/example_dags/example_dynamic_task_mapping.py for tasks to queue
[2023-04-30T00:26:04.493+0000] {logging_mixin.py:137} INFO - [2023-04-30T00:26:04.492+0000] {dagbag.py:532} INFO - Filling up the DagBag from /home/airflow/.local/lib/python3.7/site-packages/airflow/example_dags/example_dynamic_task_mapping.py
[2023-04-30T00:26:04.507+0000] {processor.py:753} INFO - DAG(s) dict_keys(['example_dynamic_task_mapping']) retrieved from /home/airflow/.local/lib/python3.7/site-packages/airflow/example_dags/example_dynamic_task_mapping.py
[2023-04-30T00:26:04.527+0000] {logging_mixin.py:137} INFO - [2023-04-30T00:26:04.527+0000] {dag.py:2693} INFO - Sync 1 DAGs
[2023-04-30T00:26:04.542+0000] {logging_mixin.py:137} INFO - [2023-04-30T00:26:04.542+0000] {dag.py:3444} INFO - Setting next_dagrun for example_dynamic_task_mapping to 2022-03-04T00:00:00+00:00, run_after=2022-03-05T00:00:00+00:00
[2023-04-30T00:26:04.553+0000] {processor.py:175} INFO - Processing /home/airflow/.local/lib/python3.7/site-packages/airflow/example_dags/example_dynamic_task_mapping.py took 0.065 seconds
[2023-04-30T00:26:35.152+0000] {processor.py:153} INFO - Started process (PID=3078) to work on /home/airflow/.local/lib/python3.7/site-packages/airflow/example_dags/example_dynamic_task_mapping.py
[2023-04-30T00:26:35.154+0000] {processor.py:743} INFO - Processing file /home/airflow/.local/lib/python3.7/site-packages/airflow/example_dags/example_dynamic_task_mapping.py for tasks to queue
[2023-04-30T00:26:35.155+0000] {logging_mixin.py:137} INFO - [2023-04-30T00:26:35.155+0000] {dagbag.py:532} INFO - Filling up the DagBag from /home/airflow/.local/lib/python3.7/site-packages/airflow/example_dags/example_dynamic_task_mapping.py
[2023-04-30T00:26:35.170+0000] {processor.py:753} INFO - DAG(s) dict_keys(['example_dynamic_task_mapping']) retrieved from /home/airflow/.local/lib/python3.7/site-packages/airflow/example_dags/example_dynamic_task_mapping.py
[2023-04-30T00:26:35.189+0000] {logging_mixin.py:137} INFO - [2023-04-30T00:26:35.189+0000] {dag.py:2693} INFO - Sync 1 DAGs
[2023-04-30T00:26:35.208+0000] {logging_mixin.py:137} INFO - [2023-04-30T00:26:35.207+0000] {dag.py:3444} INFO - Setting next_dagrun for example_dynamic_task_mapping to 2022-03-04T00:00:00+00:00, run_after=2022-03-05T00:00:00+00:00
[2023-04-30T00:26:35.219+0000] {processor.py:175} INFO - Processing /home/airflow/.local/lib/python3.7/site-packages/airflow/example_dags/example_dynamic_task_mapping.py took 0.069 seconds
[2023-04-30T00:27:05.808+0000] {processor.py:153} INFO - Started process (PID=3129) to work on /home/airflow/.local/lib/python3.7/site-packages/airflow/example_dags/example_dynamic_task_mapping.py
[2023-04-30T00:27:05.809+0000] {processor.py:743} INFO - Processing file /home/airflow/.local/lib/python3.7/site-packages/airflow/example_dags/example_dynamic_task_mapping.py for tasks to queue
[2023-04-30T00:27:05.810+0000] {logging_mixin.py:137} INFO - [2023-04-30T00:27:05.810+0000] {dagbag.py:532} INFO - Filling up the DagBag from /home/airflow/.local/lib/python3.7/site-packages/airflow/example_dags/example_dynamic_task_mapping.py
[2023-04-30T00:27:05.827+0000] {processor.py:753} INFO - DAG(s) dict_keys(['example_dynamic_task_mapping']) retrieved from /home/airflow/.local/lib/python3.7/site-packages/airflow/example_dags/example_dynamic_task_mapping.py
[2023-04-30T00:27:05.846+0000] {logging_mixin.py:137} INFO - [2023-04-30T00:27:05.846+0000] {dag.py:2693} INFO - Sync 1 DAGs
[2023-04-30T00:27:05.862+0000] {logging_mixin.py:137} INFO - [2023-04-30T00:27:05.862+0000] {dag.py:3444} INFO - Setting next_dagrun for example_dynamic_task_mapping to 2022-03-04T00:00:00+00:00, run_after=2022-03-05T00:00:00+00:00
[2023-04-30T00:27:05.873+0000] {processor.py:175} INFO - Processing /home/airflow/.local/lib/python3.7/site-packages/airflow/example_dags/example_dynamic_task_mapping.py took 0.069 seconds
[2023-04-30T00:27:37.188+0000] {processor.py:153} INFO - Started process (PID=3180) to work on /home/airflow/.local/lib/python3.7/site-packages/airflow/example_dags/example_dynamic_task_mapping.py
[2023-04-30T00:27:37.189+0000] {processor.py:743} INFO - Processing file /home/airflow/.local/lib/python3.7/site-packages/airflow/example_dags/example_dynamic_task_mapping.py for tasks to queue
[2023-04-30T00:27:37.190+0000] {logging_mixin.py:137} INFO - [2023-04-30T00:27:37.190+0000] {dagbag.py:532} INFO - Filling up the DagBag from /home/airflow/.local/lib/python3.7/site-packages/airflow/example_dags/example_dynamic_task_mapping.py
[2023-04-30T00:27:37.209+0000] {processor.py:753} INFO - DAG(s) dict_keys(['example_dynamic_task_mapping']) retrieved from /home/airflow/.local/lib/python3.7/site-packages/airflow/example_dags/example_dynamic_task_mapping.py
[2023-04-30T00:27:37.238+0000] {logging_mixin.py:137} INFO - [2023-04-30T00:27:37.238+0000] {dag.py:2693} INFO - Sync 1 DAGs
[2023-04-30T00:27:37.259+0000] {logging_mixin.py:137} INFO - [2023-04-30T00:27:37.259+0000] {dag.py:3444} INFO - Setting next_dagrun for example_dynamic_task_mapping to 2022-03-04T00:00:00+00:00, run_after=2022-03-05T00:00:00+00:00
[2023-04-30T00:27:37.273+0000] {processor.py:175} INFO - Processing /home/airflow/.local/lib/python3.7/site-packages/airflow/example_dags/example_dynamic_task_mapping.py took 0.091 seconds
[2023-04-30T00:28:08.198+0000] {processor.py:153} INFO - Started process (PID=3231) to work on /home/airflow/.local/lib/python3.7/site-packages/airflow/example_dags/example_dynamic_task_mapping.py
[2023-04-30T00:28:08.199+0000] {processor.py:743} INFO - Processing file /home/airflow/.local/lib/python3.7/site-packages/airflow/example_dags/example_dynamic_task_mapping.py for tasks to queue
[2023-04-30T00:28:08.200+0000] {logging_mixin.py:137} INFO - [2023-04-30T00:28:08.200+0000] {dagbag.py:532} INFO - Filling up the DagBag from /home/airflow/.local/lib/python3.7/site-packages/airflow/example_dags/example_dynamic_task_mapping.py
[2023-04-30T00:28:08.220+0000] {processor.py:753} INFO - DAG(s) dict_keys(['example_dynamic_task_mapping']) retrieved from /home/airflow/.local/lib/python3.7/site-packages/airflow/example_dags/example_dynamic_task_mapping.py
[2023-04-30T00:28:08.242+0000] {logging_mixin.py:137} INFO - [2023-04-30T00:28:08.241+0000] {dag.py:2693} INFO - Sync 1 DAGs
[2023-04-30T00:28:08.258+0000] {logging_mixin.py:137} INFO - [2023-04-30T00:28:08.258+0000] {dag.py:3444} INFO - Setting next_dagrun for example_dynamic_task_mapping to 2022-03-04T00:00:00+00:00, run_after=2022-03-05T00:00:00+00:00
[2023-04-30T00:28:08.269+0000] {processor.py:175} INFO - Processing /home/airflow/.local/lib/python3.7/site-packages/airflow/example_dags/example_dynamic_task_mapping.py took 0.074 seconds
[2023-04-30T00:28:38.977+0000] {processor.py:153} INFO - Started process (PID=3282) to work on /home/airflow/.local/lib/python3.7/site-packages/airflow/example_dags/example_dynamic_task_mapping.py
[2023-04-30T00:28:38.978+0000] {processor.py:743} INFO - Processing file /home/airflow/.local/lib/python3.7/site-packages/airflow/example_dags/example_dynamic_task_mapping.py for tasks to queue
[2023-04-30T00:28:38.979+0000] {logging_mixin.py:137} INFO - [2023-04-30T00:28:38.979+0000] {dagbag.py:532} INFO - Filling up the DagBag from /home/airflow/.local/lib/python3.7/site-packages/airflow/example_dags/example_dynamic_task_mapping.py
[2023-04-30T00:28:38.995+0000] {processor.py:753} INFO - DAG(s) dict_keys(['example_dynamic_task_mapping']) retrieved from /home/airflow/.local/lib/python3.7/site-packages/airflow/example_dags/example_dynamic_task_mapping.py
[2023-04-30T00:28:39.029+0000] {logging_mixin.py:137} INFO - [2023-04-30T00:28:39.029+0000] {dag.py:2693} INFO - Sync 1 DAGs
[2023-04-30T00:28:39.049+0000] {logging_mixin.py:137} INFO - [2023-04-30T00:28:39.048+0000] {dag.py:3444} INFO - Setting next_dagrun for example_dynamic_task_mapping to 2022-03-04T00:00:00+00:00, run_after=2022-03-05T00:00:00+00:00
[2023-04-30T00:28:39.062+0000] {processor.py:175} INFO - Processing /home/airflow/.local/lib/python3.7/site-packages/airflow/example_dags/example_dynamic_task_mapping.py took 0.088 seconds
[2023-04-30T00:29:09.901+0000] {processor.py:153} INFO - Started process (PID=3333) to work on /home/airflow/.local/lib/python3.7/site-packages/airflow/example_dags/example_dynamic_task_mapping.py
[2023-04-30T00:29:09.902+0000] {processor.py:743} INFO - Processing file /home/airflow/.local/lib/python3.7/site-packages/airflow/example_dags/example_dynamic_task_mapping.py for tasks to queue
[2023-04-30T00:29:09.903+0000] {logging_mixin.py:137} INFO - [2023-04-30T00:29:09.903+0000] {dagbag.py:532} INFO - Filling up the DagBag from /home/airflow/.local/lib/python3.7/site-packages/airflow/example_dags/example_dynamic_task_mapping.py
[2023-04-30T00:29:09.924+0000] {processor.py:753} INFO - DAG(s) dict_keys(['example_dynamic_task_mapping']) retrieved from /home/airflow/.local/lib/python3.7/site-packages/airflow/example_dags/example_dynamic_task_mapping.py
[2023-04-30T00:29:09.948+0000] {logging_mixin.py:137} INFO - [2023-04-30T00:29:09.947+0000] {dag.py:2693} INFO - Sync 1 DAGs
[2023-04-30T00:29:09.969+0000] {logging_mixin.py:137} INFO - [2023-04-30T00:29:09.969+0000] {dag.py:3444} INFO - Setting next_dagrun for example_dynamic_task_mapping to 2022-03-04T00:00:00+00:00, run_after=2022-03-05T00:00:00+00:00
[2023-04-30T00:29:09.980+0000] {processor.py:175} INFO - Processing /home/airflow/.local/lib/python3.7/site-packages/airflow/example_dags/example_dynamic_task_mapping.py took 0.082 seconds
[2023-04-30T00:29:40.627+0000] {processor.py:153} INFO - Started process (PID=3383) to work on /home/airflow/.local/lib/python3.7/site-packages/airflow/example_dags/example_dynamic_task_mapping.py
[2023-04-30T00:29:40.628+0000] {processor.py:743} INFO - Processing file /home/airflow/.local/lib/python3.7/site-packages/airflow/example_dags/example_dynamic_task_mapping.py for tasks to queue
[2023-04-30T00:29:40.629+0000] {logging_mixin.py:137} INFO - [2023-04-30T00:29:40.629+0000] {dagbag.py:532} INFO - Filling up the DagBag from /home/airflow/.local/lib/python3.7/site-packages/airflow/example_dags/example_dynamic_task_mapping.py
[2023-04-30T00:29:40.644+0000] {processor.py:753} INFO - DAG(s) dict_keys(['example_dynamic_task_mapping']) retrieved from /home/airflow/.local/lib/python3.7/site-packages/airflow/example_dags/example_dynamic_task_mapping.py
[2023-04-30T00:29:40.664+0000] {logging_mixin.py:137} INFO - [2023-04-30T00:29:40.664+0000] {dag.py:2693} INFO - Sync 1 DAGs
[2023-04-30T00:29:40.680+0000] {logging_mixin.py:137} INFO - [2023-04-30T00:29:40.680+0000] {dag.py:3444} INFO - Setting next_dagrun for example_dynamic_task_mapping to 2022-03-04T00:00:00+00:00, run_after=2022-03-05T00:00:00+00:00
[2023-04-30T00:29:40.690+0000] {processor.py:175} INFO - Processing /home/airflow/.local/lib/python3.7/site-packages/airflow/example_dags/example_dynamic_task_mapping.py took 0.067 seconds
[2023-04-30T00:30:11.210+0000] {processor.py:153} INFO - Started process (PID=3434) to work on /home/airflow/.local/lib/python3.7/site-packages/airflow/example_dags/example_dynamic_task_mapping.py
[2023-04-30T00:30:11.211+0000] {processor.py:743} INFO - Processing file /home/airflow/.local/lib/python3.7/site-packages/airflow/example_dags/example_dynamic_task_mapping.py for tasks to queue
[2023-04-30T00:30:11.212+0000] {logging_mixin.py:137} INFO - [2023-04-30T00:30:11.212+0000] {dagbag.py:532} INFO - Filling up the DagBag from /home/airflow/.local/lib/python3.7/site-packages/airflow/example_dags/example_dynamic_task_mapping.py
[2023-04-30T00:30:11.227+0000] {processor.py:753} INFO - DAG(s) dict_keys(['example_dynamic_task_mapping']) retrieved from /home/airflow/.local/lib/python3.7/site-packages/airflow/example_dags/example_dynamic_task_mapping.py
[2023-04-30T00:30:11.247+0000] {logging_mixin.py:137} INFO - [2023-04-30T00:30:11.247+0000] {dag.py:2693} INFO - Sync 1 DAGs
[2023-04-30T00:30:11.264+0000] {logging_mixin.py:137} INFO - [2023-04-30T00:30:11.264+0000] {dag.py:3444} INFO - Setting next_dagrun for example_dynamic_task_mapping to 2022-03-04T00:00:00+00:00, run_after=2022-03-05T00:00:00+00:00
[2023-04-30T00:30:11.275+0000] {processor.py:175} INFO - Processing /home/airflow/.local/lib/python3.7/site-packages/airflow/example_dags/example_dynamic_task_mapping.py took 0.068 seconds
[2023-04-30T00:30:41.843+0000] {processor.py:153} INFO - Started process (PID=3485) to work on /home/airflow/.local/lib/python3.7/site-packages/airflow/example_dags/example_dynamic_task_mapping.py
[2023-04-30T00:30:41.844+0000] {processor.py:743} INFO - Processing file /home/airflow/.local/lib/python3.7/site-packages/airflow/example_dags/example_dynamic_task_mapping.py for tasks to queue
[2023-04-30T00:30:41.845+0000] {logging_mixin.py:137} INFO - [2023-04-30T00:30:41.844+0000] {dagbag.py:532} INFO - Filling up the DagBag from /home/airflow/.local/lib/python3.7/site-packages/airflow/example_dags/example_dynamic_task_mapping.py
[2023-04-30T00:30:41.861+0000] {processor.py:753} INFO - DAG(s) dict_keys(['example_dynamic_task_mapping']) retrieved from /home/airflow/.local/lib/python3.7/site-packages/airflow/example_dags/example_dynamic_task_mapping.py
[2023-04-30T00:30:41.881+0000] {logging_mixin.py:137} INFO - [2023-04-30T00:30:41.881+0000] {dag.py:2693} INFO - Sync 1 DAGs
[2023-04-30T00:30:41.898+0000] {logging_mixin.py:137} INFO - [2023-04-30T00:30:41.898+0000] {dag.py:3444} INFO - Setting next_dagrun for example_dynamic_task_mapping to 2022-03-04T00:00:00+00:00, run_after=2022-03-05T00:00:00+00:00
[2023-04-30T00:30:41.909+0000] {processor.py:175} INFO - Processing /home/airflow/.local/lib/python3.7/site-packages/airflow/example_dags/example_dynamic_task_mapping.py took 0.069 seconds
[2023-04-30T00:31:12.451+0000] {processor.py:153} INFO - Started process (PID=3536) to work on /home/airflow/.local/lib/python3.7/site-packages/airflow/example_dags/example_dynamic_task_mapping.py
[2023-04-30T00:31:12.452+0000] {processor.py:743} INFO - Processing file /home/airflow/.local/lib/python3.7/site-packages/airflow/example_dags/example_dynamic_task_mapping.py for tasks to queue
[2023-04-30T00:31:12.453+0000] {logging_mixin.py:137} INFO - [2023-04-30T00:31:12.453+0000] {dagbag.py:532} INFO - Filling up the DagBag from /home/airflow/.local/lib/python3.7/site-packages/airflow/example_dags/example_dynamic_task_mapping.py
[2023-04-30T00:31:12.468+0000] {processor.py:753} INFO - DAG(s) dict_keys(['example_dynamic_task_mapping']) retrieved from /home/airflow/.local/lib/python3.7/site-packages/airflow/example_dags/example_dynamic_task_mapping.py
[2023-04-30T00:31:12.488+0000] {logging_mixin.py:137} INFO - [2023-04-30T00:31:12.488+0000] {dag.py:2693} INFO - Sync 1 DAGs
[2023-04-30T00:31:12.506+0000] {logging_mixin.py:137} INFO - [2023-04-30T00:31:12.506+0000] {dag.py:3444} INFO - Setting next_dagrun for example_dynamic_task_mapping to 2022-03-04T00:00:00+00:00, run_after=2022-03-05T00:00:00+00:00
[2023-04-30T00:31:12.517+0000] {processor.py:175} INFO - Processing /home/airflow/.local/lib/python3.7/site-packages/airflow/example_dags/example_dynamic_task_mapping.py took 0.069 seconds
[2023-04-30T00:31:43.060+0000] {processor.py:153} INFO - Started process (PID=3587) to work on /home/airflow/.local/lib/python3.7/site-packages/airflow/example_dags/example_dynamic_task_mapping.py
[2023-04-30T00:31:43.062+0000] {processor.py:743} INFO - Processing file /home/airflow/.local/lib/python3.7/site-packages/airflow/example_dags/example_dynamic_task_mapping.py for tasks to queue
[2023-04-30T00:31:43.062+0000] {logging_mixin.py:137} INFO - [2023-04-30T00:31:43.062+0000] {dagbag.py:532} INFO - Filling up the DagBag from /home/airflow/.local/lib/python3.7/site-packages/airflow/example_dags/example_dynamic_task_mapping.py
[2023-04-30T00:31:43.078+0000] {processor.py:753} INFO - DAG(s) dict_keys(['example_dynamic_task_mapping']) retrieved from /home/airflow/.local/lib/python3.7/site-packages/airflow/example_dags/example_dynamic_task_mapping.py
[2023-04-30T00:31:43.097+0000] {logging_mixin.py:137} INFO - [2023-04-30T00:31:43.097+0000] {dag.py:2693} INFO - Sync 1 DAGs
[2023-04-30T00:31:43.115+0000] {logging_mixin.py:137} INFO - [2023-04-30T00:31:43.115+0000] {dag.py:3444} INFO - Setting next_dagrun for example_dynamic_task_mapping to 2022-03-04T00:00:00+00:00, run_after=2022-03-05T00:00:00+00:00
[2023-04-30T00:31:43.126+0000] {processor.py:175} INFO - Processing /home/airflow/.local/lib/python3.7/site-packages/airflow/example_dags/example_dynamic_task_mapping.py took 0.069 seconds
[2023-04-30T00:32:13.705+0000] {processor.py:153} INFO - Started process (PID=3638) to work on /home/airflow/.local/lib/python3.7/site-packages/airflow/example_dags/example_dynamic_task_mapping.py
[2023-04-30T00:32:13.706+0000] {processor.py:743} INFO - Processing file /home/airflow/.local/lib/python3.7/site-packages/airflow/example_dags/example_dynamic_task_mapping.py for tasks to queue
[2023-04-30T00:32:13.707+0000] {logging_mixin.py:137} INFO - [2023-04-30T00:32:13.706+0000] {dagbag.py:532} INFO - Filling up the DagBag from /home/airflow/.local/lib/python3.7/site-packages/airflow/example_dags/example_dynamic_task_mapping.py
[2023-04-30T00:32:13.723+0000] {processor.py:753} INFO - DAG(s) dict_keys(['example_dynamic_task_mapping']) retrieved from /home/airflow/.local/lib/python3.7/site-packages/airflow/example_dags/example_dynamic_task_mapping.py
[2023-04-30T00:32:13.742+0000] {logging_mixin.py:137} INFO - [2023-04-30T00:32:13.742+0000] {dag.py:2693} INFO - Sync 1 DAGs
[2023-04-30T00:32:13.758+0000] {logging_mixin.py:137} INFO - [2023-04-30T00:32:13.758+0000] {dag.py:3444} INFO - Setting next_dagrun for example_dynamic_task_mapping to 2022-03-04T00:00:00+00:00, run_after=2022-03-05T00:00:00+00:00
[2023-04-30T00:32:13.770+0000] {processor.py:175} INFO - Processing /home/airflow/.local/lib/python3.7/site-packages/airflow/example_dags/example_dynamic_task_mapping.py took 0.068 seconds
[2023-04-30T00:32:44.304+0000] {processor.py:153} INFO - Started process (PID=3688) to work on /home/airflow/.local/lib/python3.7/site-packages/airflow/example_dags/example_dynamic_task_mapping.py
[2023-04-30T00:32:44.305+0000] {processor.py:743} INFO - Processing file /home/airflow/.local/lib/python3.7/site-packages/airflow/example_dags/example_dynamic_task_mapping.py for tasks to queue
[2023-04-30T00:32:44.306+0000] {logging_mixin.py:137} INFO - [2023-04-30T00:32:44.306+0000] {dagbag.py:532} INFO - Filling up the DagBag from /home/airflow/.local/lib/python3.7/site-packages/airflow/example_dags/example_dynamic_task_mapping.py
[2023-04-30T00:32:44.322+0000] {processor.py:753} INFO - DAG(s) dict_keys(['example_dynamic_task_mapping']) retrieved from /home/airflow/.local/lib/python3.7/site-packages/airflow/example_dags/example_dynamic_task_mapping.py
[2023-04-30T00:32:44.341+0000] {logging_mixin.py:137} INFO - [2023-04-30T00:32:44.341+0000] {dag.py:2693} INFO - Sync 1 DAGs
[2023-04-30T00:32:44.358+0000] {logging_mixin.py:137} INFO - [2023-04-30T00:32:44.358+0000] {dag.py:3444} INFO - Setting next_dagrun for example_dynamic_task_mapping to 2022-03-04T00:00:00+00:00, run_after=2022-03-05T00:00:00+00:00
[2023-04-30T00:32:44.369+0000] {processor.py:175} INFO - Processing /home/airflow/.local/lib/python3.7/site-packages/airflow/example_dags/example_dynamic_task_mapping.py took 0.068 seconds
[2023-04-30T00:33:14.757+0000] {processor.py:153} INFO - Started process (PID=3739) to work on /home/airflow/.local/lib/python3.7/site-packages/airflow/example_dags/example_dynamic_task_mapping.py
[2023-04-30T00:33:14.759+0000] {processor.py:743} INFO - Processing file /home/airflow/.local/lib/python3.7/site-packages/airflow/example_dags/example_dynamic_task_mapping.py for tasks to queue
[2023-04-30T00:33:14.760+0000] {logging_mixin.py:137} INFO - [2023-04-30T00:33:14.760+0000] {dagbag.py:532} INFO - Filling up the DagBag from /home/airflow/.local/lib/python3.7/site-packages/airflow/example_dags/example_dynamic_task_mapping.py
[2023-04-30T00:33:14.779+0000] {processor.py:753} INFO - DAG(s) dict_keys(['example_dynamic_task_mapping']) retrieved from /home/airflow/.local/lib/python3.7/site-packages/airflow/example_dags/example_dynamic_task_mapping.py
[2023-04-30T00:33:14.800+0000] {logging_mixin.py:137} INFO - [2023-04-30T00:33:14.800+0000] {dag.py:2693} INFO - Sync 1 DAGs
[2023-04-30T00:33:14.817+0000] {logging_mixin.py:137} INFO - [2023-04-30T00:33:14.817+0000] {dag.py:3444} INFO - Setting next_dagrun for example_dynamic_task_mapping to 2022-03-04T00:00:00+00:00, run_after=2022-03-05T00:00:00+00:00
[2023-04-30T00:33:14.828+0000] {processor.py:175} INFO - Processing /home/airflow/.local/lib/python3.7/site-packages/airflow/example_dags/example_dynamic_task_mapping.py took 0.074 seconds
[2023-04-30T00:33:45.448+0000] {processor.py:153} INFO - Started process (PID=3790) to work on /home/airflow/.local/lib/python3.7/site-packages/airflow/example_dags/example_dynamic_task_mapping.py
[2023-04-30T00:33:45.450+0000] {processor.py:743} INFO - Processing file /home/airflow/.local/lib/python3.7/site-packages/airflow/example_dags/example_dynamic_task_mapping.py for tasks to queue
[2023-04-30T00:33:45.450+0000] {logging_mixin.py:137} INFO - [2023-04-30T00:33:45.450+0000] {dagbag.py:532} INFO - Filling up the DagBag from /home/airflow/.local/lib/python3.7/site-packages/airflow/example_dags/example_dynamic_task_mapping.py
[2023-04-30T00:33:45.466+0000] {processor.py:753} INFO - DAG(s) dict_keys(['example_dynamic_task_mapping']) retrieved from /home/airflow/.local/lib/python3.7/site-packages/airflow/example_dags/example_dynamic_task_mapping.py
[2023-04-30T00:33:45.485+0000] {logging_mixin.py:137} INFO - [2023-04-30T00:33:45.485+0000] {dag.py:2693} INFO - Sync 1 DAGs
[2023-04-30T00:33:45.501+0000] {logging_mixin.py:137} INFO - [2023-04-30T00:33:45.501+0000] {dag.py:3444} INFO - Setting next_dagrun for example_dynamic_task_mapping to 2022-03-04T00:00:00+00:00, run_after=2022-03-05T00:00:00+00:00
[2023-04-30T00:33:45.512+0000] {processor.py:175} INFO - Processing /home/airflow/.local/lib/python3.7/site-packages/airflow/example_dags/example_dynamic_task_mapping.py took 0.067 seconds
[2023-04-30T00:34:16.012+0000] {processor.py:153} INFO - Started process (PID=3841) to work on /home/airflow/.local/lib/python3.7/site-packages/airflow/example_dags/example_dynamic_task_mapping.py
[2023-04-30T00:34:16.014+0000] {processor.py:743} INFO - Processing file /home/airflow/.local/lib/python3.7/site-packages/airflow/example_dags/example_dynamic_task_mapping.py for tasks to queue
[2023-04-30T00:34:16.015+0000] {logging_mixin.py:137} INFO - [2023-04-30T00:34:16.014+0000] {dagbag.py:532} INFO - Filling up the DagBag from /home/airflow/.local/lib/python3.7/site-packages/airflow/example_dags/example_dynamic_task_mapping.py
[2023-04-30T00:34:16.030+0000] {processor.py:753} INFO - DAG(s) dict_keys(['example_dynamic_task_mapping']) retrieved from /home/airflow/.local/lib/python3.7/site-packages/airflow/example_dags/example_dynamic_task_mapping.py
[2023-04-30T00:34:16.049+0000] {logging_mixin.py:137} INFO - [2023-04-30T00:34:16.049+0000] {dag.py:2693} INFO - Sync 1 DAGs
[2023-04-30T00:34:16.066+0000] {logging_mixin.py:137} INFO - [2023-04-30T00:34:16.066+0000] {dag.py:3444} INFO - Setting next_dagrun for example_dynamic_task_mapping to 2022-03-04T00:00:00+00:00, run_after=2022-03-05T00:00:00+00:00
[2023-04-30T00:34:16.076+0000] {processor.py:175} INFO - Processing /home/airflow/.local/lib/python3.7/site-packages/airflow/example_dags/example_dynamic_task_mapping.py took 0.067 seconds
[2023-04-30T00:34:46.384+0000] {processor.py:153} INFO - Started process (PID=3892) to work on /home/airflow/.local/lib/python3.7/site-packages/airflow/example_dags/example_dynamic_task_mapping.py
[2023-04-30T00:34:46.385+0000] {processor.py:743} INFO - Processing file /home/airflow/.local/lib/python3.7/site-packages/airflow/example_dags/example_dynamic_task_mapping.py for tasks to queue
[2023-04-30T00:34:46.386+0000] {logging_mixin.py:137} INFO - [2023-04-30T00:34:46.386+0000] {dagbag.py:532} INFO - Filling up the DagBag from /home/airflow/.local/lib/python3.7/site-packages/airflow/example_dags/example_dynamic_task_mapping.py
[2023-04-30T00:34:46.405+0000] {processor.py:753} INFO - DAG(s) dict_keys(['example_dynamic_task_mapping']) retrieved from /home/airflow/.local/lib/python3.7/site-packages/airflow/example_dags/example_dynamic_task_mapping.py
[2023-04-30T00:34:46.429+0000] {logging_mixin.py:137} INFO - [2023-04-30T00:34:46.429+0000] {dag.py:2693} INFO - Sync 1 DAGs
[2023-04-30T00:34:46.447+0000] {logging_mixin.py:137} INFO - [2023-04-30T00:34:46.447+0000] {dag.py:3444} INFO - Setting next_dagrun for example_dynamic_task_mapping to 2022-03-04T00:00:00+00:00, run_after=2022-03-05T00:00:00+00:00
[2023-04-30T00:34:46.458+0000] {processor.py:175} INFO - Processing /home/airflow/.local/lib/python3.7/site-packages/airflow/example_dags/example_dynamic_task_mapping.py took 0.078 seconds
