[2023-04-30T00:08:48.596+0000] {processor.py:153} INFO - Started process (PID=2344) to work on /home/airflow/.local/lib/python3.7/site-packages/airflow/example_dags/tutorial.py
[2023-04-30T00:08:48.597+0000] {processor.py:743} INFO - Processing file /home/airflow/.local/lib/python3.7/site-packages/airflow/example_dags/tutorial.py for tasks to queue
[2023-04-30T00:08:48.598+0000] {logging_mixin.py:137} INFO - [2023-04-30T00:08:48.598+0000] {dagbag.py:532} INFO - Filling up the DagBag from /home/airflow/.local/lib/python3.7/site-packages/airflow/example_dags/tutorial.py
[2023-04-30T00:08:48.611+0000] {processor.py:753} INFO - DAG(s) dict_keys(['tutorial']) retrieved from /home/airflow/.local/lib/python3.7/site-packages/airflow/example_dags/tutorial.py
[2023-04-30T00:08:48.650+0000] {logging_mixin.py:137} INFO - [2023-04-30T00:08:48.650+0000] {dag.py:2693} INFO - Sync 1 DAGs
[2023-04-30T00:08:48.675+0000] {logging_mixin.py:137} INFO - [2023-04-30T00:08:48.675+0000] {dag.py:3444} INFO - Setting next_dagrun for tutorial to 2023-04-29T00:08:48.675179+00:00, run_after=2023-04-30T00:08:48.675179+00:00
[2023-04-30T00:08:48.694+0000] {processor.py:175} INFO - Processing /home/airflow/.local/lib/python3.7/site-packages/airflow/example_dags/tutorial.py took 0.102 seconds
[2023-04-30T00:19:55.661+0000] {processor.py:153} INFO - Started process (PID=2395) to work on /home/airflow/.local/lib/python3.7/site-packages/airflow/example_dags/tutorial.py
[2023-04-30T00:19:55.666+0000] {processor.py:743} INFO - Processing file /home/airflow/.local/lib/python3.7/site-packages/airflow/example_dags/tutorial.py for tasks to queue
[2023-04-30T00:19:55.667+0000] {logging_mixin.py:137} INFO - [2023-04-30T00:19:55.667+0000] {dagbag.py:532} INFO - Filling up the DagBag from /home/airflow/.local/lib/python3.7/site-packages/airflow/example_dags/tutorial.py
[2023-04-30T00:19:55.679+0000] {processor.py:753} INFO - DAG(s) dict_keys(['tutorial']) retrieved from /home/airflow/.local/lib/python3.7/site-packages/airflow/example_dags/tutorial.py
[2023-04-30T00:19:55.700+0000] {logging_mixin.py:137} INFO - [2023-04-30T00:19:55.700+0000] {dag.py:2693} INFO - Sync 1 DAGs
[2023-04-30T00:19:55.717+0000] {logging_mixin.py:137} INFO - [2023-04-30T00:19:55.717+0000] {dag.py:3444} INFO - Setting next_dagrun for tutorial to 2023-04-29T00:19:55.717291+00:00, run_after=2023-04-30T00:19:55.717291+00:00
[2023-04-30T00:19:55.728+0000] {processor.py:175} INFO - Processing /home/airflow/.local/lib/python3.7/site-packages/airflow/example_dags/tutorial.py took 0.070 seconds
[2023-04-30T00:20:26.419+0000] {processor.py:153} INFO - Started process (PID=2446) to work on /home/airflow/.local/lib/python3.7/site-packages/airflow/example_dags/tutorial.py
[2023-04-30T00:20:26.420+0000] {processor.py:743} INFO - Processing file /home/airflow/.local/lib/python3.7/site-packages/airflow/example_dags/tutorial.py for tasks to queue
[2023-04-30T00:20:26.421+0000] {logging_mixin.py:137} INFO - [2023-04-30T00:20:26.421+0000] {dagbag.py:532} INFO - Filling up the DagBag from /home/airflow/.local/lib/python3.7/site-packages/airflow/example_dags/tutorial.py
[2023-04-30T00:20:26.431+0000] {processor.py:753} INFO - DAG(s) dict_keys(['tutorial']) retrieved from /home/airflow/.local/lib/python3.7/site-packages/airflow/example_dags/tutorial.py
[2023-04-30T00:20:26.450+0000] {logging_mixin.py:137} INFO - [2023-04-30T00:20:26.450+0000] {dag.py:2693} INFO - Sync 1 DAGs
[2023-04-30T00:20:26.466+0000] {logging_mixin.py:137} INFO - [2023-04-30T00:20:26.466+0000] {dag.py:3444} INFO - Setting next_dagrun for tutorial to 2023-04-29T00:20:26.466128+00:00, run_after=2023-04-30T00:20:26.466128+00:00
[2023-04-30T00:20:26.477+0000] {processor.py:175} INFO - Processing /home/airflow/.local/lib/python3.7/site-packages/airflow/example_dags/tutorial.py took 0.062 seconds
[2023-04-30T00:20:56.992+0000] {processor.py:153} INFO - Started process (PID=2497) to work on /home/airflow/.local/lib/python3.7/site-packages/airflow/example_dags/tutorial.py
[2023-04-30T00:20:56.994+0000] {processor.py:743} INFO - Processing file /home/airflow/.local/lib/python3.7/site-packages/airflow/example_dags/tutorial.py for tasks to queue
[2023-04-30T00:20:56.994+0000] {logging_mixin.py:137} INFO - [2023-04-30T00:20:56.994+0000] {dagbag.py:532} INFO - Filling up the DagBag from /home/airflow/.local/lib/python3.7/site-packages/airflow/example_dags/tutorial.py
[2023-04-30T00:20:57.005+0000] {processor.py:753} INFO - DAG(s) dict_keys(['tutorial']) retrieved from /home/airflow/.local/lib/python3.7/site-packages/airflow/example_dags/tutorial.py
[2023-04-30T00:20:57.025+0000] {logging_mixin.py:137} INFO - [2023-04-30T00:20:57.025+0000] {dag.py:2693} INFO - Sync 1 DAGs
[2023-04-30T00:20:57.040+0000] {logging_mixin.py:137} INFO - [2023-04-30T00:20:57.040+0000] {dag.py:3444} INFO - Setting next_dagrun for tutorial to 2023-04-29T00:20:57.040192+00:00, run_after=2023-04-30T00:20:57.040192+00:00
[2023-04-30T00:20:57.051+0000] {processor.py:175} INFO - Processing /home/airflow/.local/lib/python3.7/site-packages/airflow/example_dags/tutorial.py took 0.062 seconds
[2023-04-30T00:21:27.843+0000] {processor.py:153} INFO - Started process (PID=2548) to work on /home/airflow/.local/lib/python3.7/site-packages/airflow/example_dags/tutorial.py
[2023-04-30T00:21:27.845+0000] {processor.py:743} INFO - Processing file /home/airflow/.local/lib/python3.7/site-packages/airflow/example_dags/tutorial.py for tasks to queue
[2023-04-30T00:21:27.845+0000] {logging_mixin.py:137} INFO - [2023-04-30T00:21:27.845+0000] {dagbag.py:532} INFO - Filling up the DagBag from /home/airflow/.local/lib/python3.7/site-packages/airflow/example_dags/tutorial.py
[2023-04-30T00:21:27.855+0000] {processor.py:753} INFO - DAG(s) dict_keys(['tutorial']) retrieved from /home/airflow/.local/lib/python3.7/site-packages/airflow/example_dags/tutorial.py
[2023-04-30T00:21:27.876+0000] {logging_mixin.py:137} INFO - [2023-04-30T00:21:27.876+0000] {dag.py:2693} INFO - Sync 1 DAGs
[2023-04-30T00:21:27.898+0000] {logging_mixin.py:137} INFO - [2023-04-30T00:21:27.898+0000] {dag.py:3444} INFO - Setting next_dagrun for tutorial to 2023-04-29T00:21:27.898457+00:00, run_after=2023-04-30T00:21:27.898457+00:00
[2023-04-30T00:21:27.911+0000] {processor.py:175} INFO - Processing /home/airflow/.local/lib/python3.7/site-packages/airflow/example_dags/tutorial.py took 0.071 seconds
[2023-04-30T00:21:58.719+0000] {processor.py:153} INFO - Started process (PID=2599) to work on /home/airflow/.local/lib/python3.7/site-packages/airflow/example_dags/tutorial.py
[2023-04-30T00:21:58.721+0000] {processor.py:743} INFO - Processing file /home/airflow/.local/lib/python3.7/site-packages/airflow/example_dags/tutorial.py for tasks to queue
[2023-04-30T00:21:58.722+0000] {logging_mixin.py:137} INFO - [2023-04-30T00:21:58.722+0000] {dagbag.py:532} INFO - Filling up the DagBag from /home/airflow/.local/lib/python3.7/site-packages/airflow/example_dags/tutorial.py
[2023-04-30T00:21:58.739+0000] {processor.py:753} INFO - DAG(s) dict_keys(['tutorial']) retrieved from /home/airflow/.local/lib/python3.7/site-packages/airflow/example_dags/tutorial.py
[2023-04-30T00:21:58.773+0000] {logging_mixin.py:137} INFO - [2023-04-30T00:21:58.773+0000] {dag.py:2693} INFO - Sync 1 DAGs
[2023-04-30T00:21:58.792+0000] {logging_mixin.py:137} INFO - [2023-04-30T00:21:58.792+0000] {dag.py:3444} INFO - Setting next_dagrun for tutorial to 2023-04-29T00:21:58.792075+00:00, run_after=2023-04-30T00:21:58.792075+00:00
[2023-04-30T00:21:58.809+0000] {processor.py:175} INFO - Processing /home/airflow/.local/lib/python3.7/site-packages/airflow/example_dags/tutorial.py took 0.093 seconds
[2023-04-30T00:22:29.663+0000] {processor.py:153} INFO - Started process (PID=2650) to work on /home/airflow/.local/lib/python3.7/site-packages/airflow/example_dags/tutorial.py
[2023-04-30T00:22:29.664+0000] {processor.py:743} INFO - Processing file /home/airflow/.local/lib/python3.7/site-packages/airflow/example_dags/tutorial.py for tasks to queue
[2023-04-30T00:22:29.665+0000] {logging_mixin.py:137} INFO - [2023-04-30T00:22:29.665+0000] {dagbag.py:532} INFO - Filling up the DagBag from /home/airflow/.local/lib/python3.7/site-packages/airflow/example_dags/tutorial.py
[2023-04-30T00:22:29.676+0000] {processor.py:753} INFO - DAG(s) dict_keys(['tutorial']) retrieved from /home/airflow/.local/lib/python3.7/site-packages/airflow/example_dags/tutorial.py
[2023-04-30T00:22:29.697+0000] {logging_mixin.py:137} INFO - [2023-04-30T00:22:29.697+0000] {dag.py:2693} INFO - Sync 1 DAGs
[2023-04-30T00:22:29.714+0000] {logging_mixin.py:137} INFO - [2023-04-30T00:22:29.713+0000] {dag.py:3444} INFO - Setting next_dagrun for tutorial to 2023-04-29T00:22:29.713792+00:00, run_after=2023-04-30T00:22:29.713792+00:00
[2023-04-30T00:22:29.725+0000] {processor.py:175} INFO - Processing /home/airflow/.local/lib/python3.7/site-packages/airflow/example_dags/tutorial.py took 0.064 seconds
[2023-04-30T00:23:00.126+0000] {processor.py:153} INFO - Started process (PID=2701) to work on /home/airflow/.local/lib/python3.7/site-packages/airflow/example_dags/tutorial.py
[2023-04-30T00:23:00.127+0000] {processor.py:743} INFO - Processing file /home/airflow/.local/lib/python3.7/site-packages/airflow/example_dags/tutorial.py for tasks to queue
[2023-04-30T00:23:00.128+0000] {logging_mixin.py:137} INFO - [2023-04-30T00:23:00.128+0000] {dagbag.py:532} INFO - Filling up the DagBag from /home/airflow/.local/lib/python3.7/site-packages/airflow/example_dags/tutorial.py
[2023-04-30T00:23:00.139+0000] {processor.py:753} INFO - DAG(s) dict_keys(['tutorial']) retrieved from /home/airflow/.local/lib/python3.7/site-packages/airflow/example_dags/tutorial.py
[2023-04-30T00:23:00.159+0000] {logging_mixin.py:137} INFO - [2023-04-30T00:23:00.159+0000] {dag.py:2693} INFO - Sync 1 DAGs
[2023-04-30T00:23:00.175+0000] {logging_mixin.py:137} INFO - [2023-04-30T00:23:00.175+0000] {dag.py:3444} INFO - Setting next_dagrun for tutorial to 2023-04-29T00:23:00.175178+00:00, run_after=2023-04-30T00:23:00.175178+00:00
[2023-04-30T00:23:00.186+0000] {processor.py:175} INFO - Processing /home/airflow/.local/lib/python3.7/site-packages/airflow/example_dags/tutorial.py took 0.063 seconds
[2023-04-30T00:23:30.563+0000] {processor.py:153} INFO - Started process (PID=2752) to work on /home/airflow/.local/lib/python3.7/site-packages/airflow/example_dags/tutorial.py
[2023-04-30T00:23:30.564+0000] {processor.py:743} INFO - Processing file /home/airflow/.local/lib/python3.7/site-packages/airflow/example_dags/tutorial.py for tasks to queue
[2023-04-30T00:23:30.565+0000] {logging_mixin.py:137} INFO - [2023-04-30T00:23:30.565+0000] {dagbag.py:532} INFO - Filling up the DagBag from /home/airflow/.local/lib/python3.7/site-packages/airflow/example_dags/tutorial.py
[2023-04-30T00:23:30.576+0000] {processor.py:753} INFO - DAG(s) dict_keys(['tutorial']) retrieved from /home/airflow/.local/lib/python3.7/site-packages/airflow/example_dags/tutorial.py
[2023-04-30T00:23:30.596+0000] {logging_mixin.py:137} INFO - [2023-04-30T00:23:30.596+0000] {dag.py:2693} INFO - Sync 1 DAGs
[2023-04-30T00:23:30.613+0000] {logging_mixin.py:137} INFO - [2023-04-30T00:23:30.612+0000] {dag.py:3444} INFO - Setting next_dagrun for tutorial to 2023-04-29T00:23:30.612735+00:00, run_after=2023-04-30T00:23:30.612735+00:00
[2023-04-30T00:23:30.624+0000] {processor.py:175} INFO - Processing /home/airflow/.local/lib/python3.7/site-packages/airflow/example_dags/tutorial.py took 0.065 seconds
[2023-04-30T00:24:01.216+0000] {processor.py:153} INFO - Started process (PID=2802) to work on /home/airflow/.local/lib/python3.7/site-packages/airflow/example_dags/tutorial.py
[2023-04-30T00:24:01.217+0000] {processor.py:743} INFO - Processing file /home/airflow/.local/lib/python3.7/site-packages/airflow/example_dags/tutorial.py for tasks to queue
[2023-04-30T00:24:01.218+0000] {logging_mixin.py:137} INFO - [2023-04-30T00:24:01.218+0000] {dagbag.py:532} INFO - Filling up the DagBag from /home/airflow/.local/lib/python3.7/site-packages/airflow/example_dags/tutorial.py
[2023-04-30T00:24:01.229+0000] {processor.py:753} INFO - DAG(s) dict_keys(['tutorial']) retrieved from /home/airflow/.local/lib/python3.7/site-packages/airflow/example_dags/tutorial.py
[2023-04-30T00:24:01.249+0000] {logging_mixin.py:137} INFO - [2023-04-30T00:24:01.249+0000] {dag.py:2693} INFO - Sync 1 DAGs
[2023-04-30T00:24:01.266+0000] {logging_mixin.py:137} INFO - [2023-04-30T00:24:01.266+0000] {dag.py:3444} INFO - Setting next_dagrun for tutorial to 2023-04-29T00:24:01.266566+00:00, run_after=2023-04-30T00:24:01.266566+00:00
[2023-04-30T00:24:01.282+0000] {processor.py:175} INFO - Processing /home/airflow/.local/lib/python3.7/site-packages/airflow/example_dags/tutorial.py took 0.069 seconds
[2023-04-30T00:24:31.841+0000] {processor.py:153} INFO - Started process (PID=2852) to work on /home/airflow/.local/lib/python3.7/site-packages/airflow/example_dags/tutorial.py
[2023-04-30T00:24:31.842+0000] {processor.py:743} INFO - Processing file /home/airflow/.local/lib/python3.7/site-packages/airflow/example_dags/tutorial.py for tasks to queue
[2023-04-30T00:24:31.843+0000] {logging_mixin.py:137} INFO - [2023-04-30T00:24:31.843+0000] {dagbag.py:532} INFO - Filling up the DagBag from /home/airflow/.local/lib/python3.7/site-packages/airflow/example_dags/tutorial.py
[2023-04-30T00:24:31.853+0000] {processor.py:753} INFO - DAG(s) dict_keys(['tutorial']) retrieved from /home/airflow/.local/lib/python3.7/site-packages/airflow/example_dags/tutorial.py
[2023-04-30T00:24:31.873+0000] {logging_mixin.py:137} INFO - [2023-04-30T00:24:31.873+0000] {dag.py:2693} INFO - Sync 1 DAGs
[2023-04-30T00:24:31.894+0000] {logging_mixin.py:137} INFO - [2023-04-30T00:24:31.893+0000] {dag.py:3444} INFO - Setting next_dagrun for tutorial to 2023-04-29T00:24:31.893735+00:00, run_after=2023-04-30T00:24:31.893735+00:00
[2023-04-30T00:24:31.906+0000] {processor.py:175} INFO - Processing /home/airflow/.local/lib/python3.7/site-packages/airflow/example_dags/tutorial.py took 0.068 seconds
[2023-04-30T00:25:02.743+0000] {processor.py:153} INFO - Started process (PID=2909) to work on /home/airflow/.local/lib/python3.7/site-packages/airflow/example_dags/tutorial.py
[2023-04-30T00:25:02.745+0000] {processor.py:743} INFO - Processing file /home/airflow/.local/lib/python3.7/site-packages/airflow/example_dags/tutorial.py for tasks to queue
[2023-04-30T00:25:02.745+0000] {logging_mixin.py:137} INFO - [2023-04-30T00:25:02.745+0000] {dagbag.py:532} INFO - Filling up the DagBag from /home/airflow/.local/lib/python3.7/site-packages/airflow/example_dags/tutorial.py
[2023-04-30T00:25:02.756+0000] {processor.py:753} INFO - DAG(s) dict_keys(['tutorial']) retrieved from /home/airflow/.local/lib/python3.7/site-packages/airflow/example_dags/tutorial.py
[2023-04-30T00:25:02.774+0000] {logging_mixin.py:137} INFO - [2023-04-30T00:25:02.774+0000] {dag.py:2693} INFO - Sync 1 DAGs
[2023-04-30T00:25:02.789+0000] {logging_mixin.py:137} INFO - [2023-04-30T00:25:02.789+0000] {dag.py:3444} INFO - Setting next_dagrun for tutorial to 2023-04-29T00:25:02.789255+00:00, run_after=2023-04-30T00:25:02.789255+00:00
[2023-04-30T00:25:02.800+0000] {processor.py:175} INFO - Processing /home/airflow/.local/lib/python3.7/site-packages/airflow/example_dags/tutorial.py took 0.060 seconds
[2023-04-30T00:25:33.250+0000] {processor.py:153} INFO - Started process (PID=2960) to work on /home/airflow/.local/lib/python3.7/site-packages/airflow/example_dags/tutorial.py
[2023-04-30T00:25:33.251+0000] {processor.py:743} INFO - Processing file /home/airflow/.local/lib/python3.7/site-packages/airflow/example_dags/tutorial.py for tasks to queue
[2023-04-30T00:25:33.251+0000] {logging_mixin.py:137} INFO - [2023-04-30T00:25:33.251+0000] {dagbag.py:532} INFO - Filling up the DagBag from /home/airflow/.local/lib/python3.7/site-packages/airflow/example_dags/tutorial.py
[2023-04-30T00:25:33.263+0000] {processor.py:753} INFO - DAG(s) dict_keys(['tutorial']) retrieved from /home/airflow/.local/lib/python3.7/site-packages/airflow/example_dags/tutorial.py
[2023-04-30T00:25:33.283+0000] {logging_mixin.py:137} INFO - [2023-04-30T00:25:33.283+0000] {dag.py:2693} INFO - Sync 1 DAGs
[2023-04-30T00:25:33.300+0000] {logging_mixin.py:137} INFO - [2023-04-30T00:25:33.300+0000] {dag.py:3444} INFO - Setting next_dagrun for tutorial to 2023-04-29T00:25:33.300039+00:00, run_after=2023-04-30T00:25:33.300039+00:00
[2023-04-30T00:25:33.318+0000] {processor.py:175} INFO - Processing /home/airflow/.local/lib/python3.7/site-packages/airflow/example_dags/tutorial.py took 0.071 seconds
[2023-04-30T00:26:03.785+0000] {processor.py:153} INFO - Started process (PID=3012) to work on /home/airflow/.local/lib/python3.7/site-packages/airflow/example_dags/tutorial.py
[2023-04-30T00:26:03.786+0000] {processor.py:743} INFO - Processing file /home/airflow/.local/lib/python3.7/site-packages/airflow/example_dags/tutorial.py for tasks to queue
[2023-04-30T00:26:03.787+0000] {logging_mixin.py:137} INFO - [2023-04-30T00:26:03.787+0000] {dagbag.py:532} INFO - Filling up the DagBag from /home/airflow/.local/lib/python3.7/site-packages/airflow/example_dags/tutorial.py
[2023-04-30T00:26:03.797+0000] {processor.py:753} INFO - DAG(s) dict_keys(['tutorial']) retrieved from /home/airflow/.local/lib/python3.7/site-packages/airflow/example_dags/tutorial.py
[2023-04-30T00:26:03.816+0000] {logging_mixin.py:137} INFO - [2023-04-30T00:26:03.816+0000] {dag.py:2693} INFO - Sync 1 DAGs
[2023-04-30T00:26:03.832+0000] {logging_mixin.py:137} INFO - [2023-04-30T00:26:03.832+0000] {dag.py:3444} INFO - Setting next_dagrun for tutorial to 2023-04-29T00:26:03.832614+00:00, run_after=2023-04-30T00:26:03.832614+00:00
[2023-04-30T00:26:03.844+0000] {processor.py:175} INFO - Processing /home/airflow/.local/lib/python3.7/site-packages/airflow/example_dags/tutorial.py took 0.061 seconds
[2023-04-30T00:26:34.449+0000] {processor.py:153} INFO - Started process (PID=3063) to work on /home/airflow/.local/lib/python3.7/site-packages/airflow/example_dags/tutorial.py
[2023-04-30T00:26:34.450+0000] {processor.py:743} INFO - Processing file /home/airflow/.local/lib/python3.7/site-packages/airflow/example_dags/tutorial.py for tasks to queue
[2023-04-30T00:26:34.451+0000] {logging_mixin.py:137} INFO - [2023-04-30T00:26:34.451+0000] {dagbag.py:532} INFO - Filling up the DagBag from /home/airflow/.local/lib/python3.7/site-packages/airflow/example_dags/tutorial.py
[2023-04-30T00:26:34.461+0000] {processor.py:753} INFO - DAG(s) dict_keys(['tutorial']) retrieved from /home/airflow/.local/lib/python3.7/site-packages/airflow/example_dags/tutorial.py
[2023-04-30T00:26:34.479+0000] {logging_mixin.py:137} INFO - [2023-04-30T00:26:34.479+0000] {dag.py:2693} INFO - Sync 1 DAGs
[2023-04-30T00:26:34.495+0000] {logging_mixin.py:137} INFO - [2023-04-30T00:26:34.495+0000] {dag.py:3444} INFO - Setting next_dagrun for tutorial to 2023-04-29T00:26:34.495001+00:00, run_after=2023-04-30T00:26:34.495001+00:00
[2023-04-30T00:26:34.507+0000] {processor.py:175} INFO - Processing /home/airflow/.local/lib/python3.7/site-packages/airflow/example_dags/tutorial.py took 0.060 seconds
[2023-04-30T00:27:05.067+0000] {processor.py:153} INFO - Started process (PID=3114) to work on /home/airflow/.local/lib/python3.7/site-packages/airflow/example_dags/tutorial.py
[2023-04-30T00:27:05.068+0000] {processor.py:743} INFO - Processing file /home/airflow/.local/lib/python3.7/site-packages/airflow/example_dags/tutorial.py for tasks to queue
[2023-04-30T00:27:05.069+0000] {logging_mixin.py:137} INFO - [2023-04-30T00:27:05.069+0000] {dagbag.py:532} INFO - Filling up the DagBag from /home/airflow/.local/lib/python3.7/site-packages/airflow/example_dags/tutorial.py
[2023-04-30T00:27:05.081+0000] {processor.py:753} INFO - DAG(s) dict_keys(['tutorial']) retrieved from /home/airflow/.local/lib/python3.7/site-packages/airflow/example_dags/tutorial.py
[2023-04-30T00:27:05.106+0000] {logging_mixin.py:137} INFO - [2023-04-30T00:27:05.105+0000] {dag.py:2693} INFO - Sync 1 DAGs
[2023-04-30T00:27:05.128+0000] {logging_mixin.py:137} INFO - [2023-04-30T00:27:05.128+0000] {dag.py:3444} INFO - Setting next_dagrun for tutorial to 2023-04-29T00:27:05.127993+00:00, run_after=2023-04-30T00:27:05.127993+00:00
[2023-04-30T00:27:05.141+0000] {processor.py:175} INFO - Processing /home/airflow/.local/lib/python3.7/site-packages/airflow/example_dags/tutorial.py took 0.078 seconds
[2023-04-30T00:27:36.165+0000] {processor.py:153} INFO - Started process (PID=3165) to work on /home/airflow/.local/lib/python3.7/site-packages/airflow/example_dags/tutorial.py
[2023-04-30T00:27:36.166+0000] {processor.py:743} INFO - Processing file /home/airflow/.local/lib/python3.7/site-packages/airflow/example_dags/tutorial.py for tasks to queue
[2023-04-30T00:27:36.167+0000] {logging_mixin.py:137} INFO - [2023-04-30T00:27:36.167+0000] {dagbag.py:532} INFO - Filling up the DagBag from /home/airflow/.local/lib/python3.7/site-packages/airflow/example_dags/tutorial.py
[2023-04-30T00:27:36.193+0000] {processor.py:753} INFO - DAG(s) dict_keys(['tutorial']) retrieved from /home/airflow/.local/lib/python3.7/site-packages/airflow/example_dags/tutorial.py
[2023-04-30T00:27:36.222+0000] {logging_mixin.py:137} INFO - [2023-04-30T00:27:36.222+0000] {dag.py:2693} INFO - Sync 1 DAGs
[2023-04-30T00:27:36.243+0000] {logging_mixin.py:137} INFO - [2023-04-30T00:27:36.243+0000] {dag.py:3444} INFO - Setting next_dagrun for tutorial to 2023-04-29T00:27:36.243423+00:00, run_after=2023-04-30T00:27:36.243423+00:00
[2023-04-30T00:27:36.258+0000] {processor.py:175} INFO - Processing /home/airflow/.local/lib/python3.7/site-packages/airflow/example_dags/tutorial.py took 0.098 seconds
[2023-04-30T00:28:07.136+0000] {processor.py:153} INFO - Started process (PID=3216) to work on /home/airflow/.local/lib/python3.7/site-packages/airflow/example_dags/tutorial.py
[2023-04-30T00:28:07.138+0000] {processor.py:743} INFO - Processing file /home/airflow/.local/lib/python3.7/site-packages/airflow/example_dags/tutorial.py for tasks to queue
[2023-04-30T00:28:07.139+0000] {logging_mixin.py:137} INFO - [2023-04-30T00:28:07.139+0000] {dagbag.py:532} INFO - Filling up the DagBag from /home/airflow/.local/lib/python3.7/site-packages/airflow/example_dags/tutorial.py
[2023-04-30T00:28:07.151+0000] {processor.py:753} INFO - DAG(s) dict_keys(['tutorial']) retrieved from /home/airflow/.local/lib/python3.7/site-packages/airflow/example_dags/tutorial.py
[2023-04-30T00:28:07.171+0000] {logging_mixin.py:137} INFO - [2023-04-30T00:28:07.171+0000] {dag.py:2693} INFO - Sync 1 DAGs
[2023-04-30T00:28:07.192+0000] {logging_mixin.py:137} INFO - [2023-04-30T00:28:07.192+0000] {dag.py:3444} INFO - Setting next_dagrun for tutorial to 2023-04-29T00:28:07.192326+00:00, run_after=2023-04-30T00:28:07.192326+00:00
[2023-04-30T00:28:07.208+0000] {processor.py:175} INFO - Processing /home/airflow/.local/lib/python3.7/site-packages/airflow/example_dags/tutorial.py took 0.076 seconds
[2023-04-30T00:28:38.183+0000] {processor.py:153} INFO - Started process (PID=3267) to work on /home/airflow/.local/lib/python3.7/site-packages/airflow/example_dags/tutorial.py
[2023-04-30T00:28:38.184+0000] {processor.py:743} INFO - Processing file /home/airflow/.local/lib/python3.7/site-packages/airflow/example_dags/tutorial.py for tasks to queue
[2023-04-30T00:28:38.185+0000] {logging_mixin.py:137} INFO - [2023-04-30T00:28:38.185+0000] {dagbag.py:532} INFO - Filling up the DagBag from /home/airflow/.local/lib/python3.7/site-packages/airflow/example_dags/tutorial.py
[2023-04-30T00:28:38.197+0000] {processor.py:753} INFO - DAG(s) dict_keys(['tutorial']) retrieved from /home/airflow/.local/lib/python3.7/site-packages/airflow/example_dags/tutorial.py
[2023-04-30T00:28:38.217+0000] {logging_mixin.py:137} INFO - [2023-04-30T00:28:38.217+0000] {dag.py:2693} INFO - Sync 1 DAGs
[2023-04-30T00:28:38.233+0000] {logging_mixin.py:137} INFO - [2023-04-30T00:28:38.233+0000] {dag.py:3444} INFO - Setting next_dagrun for tutorial to 2023-04-29T00:28:38.233498+00:00, run_after=2023-04-30T00:28:38.233498+00:00
[2023-04-30T00:28:38.245+0000] {processor.py:175} INFO - Processing /home/airflow/.local/lib/python3.7/site-packages/airflow/example_dags/tutorial.py took 0.064 seconds
[2023-04-30T00:29:09.157+0000] {processor.py:153} INFO - Started process (PID=3318) to work on /home/airflow/.local/lib/python3.7/site-packages/airflow/example_dags/tutorial.py
[2023-04-30T00:29:09.159+0000] {processor.py:743} INFO - Processing file /home/airflow/.local/lib/python3.7/site-packages/airflow/example_dags/tutorial.py for tasks to queue
[2023-04-30T00:29:09.160+0000] {logging_mixin.py:137} INFO - [2023-04-30T00:29:09.160+0000] {dagbag.py:532} INFO - Filling up the DagBag from /home/airflow/.local/lib/python3.7/site-packages/airflow/example_dags/tutorial.py
[2023-04-30T00:29:09.173+0000] {processor.py:753} INFO - DAG(s) dict_keys(['tutorial']) retrieved from /home/airflow/.local/lib/python3.7/site-packages/airflow/example_dags/tutorial.py
[2023-04-30T00:29:09.196+0000] {logging_mixin.py:137} INFO - [2023-04-30T00:29:09.196+0000] {dag.py:2693} INFO - Sync 1 DAGs
[2023-04-30T00:29:09.212+0000] {logging_mixin.py:137} INFO - [2023-04-30T00:29:09.212+0000] {dag.py:3444} INFO - Setting next_dagrun for tutorial to 2023-04-29T00:29:09.212449+00:00, run_after=2023-04-30T00:29:09.212449+00:00
[2023-04-30T00:29:09.225+0000] {processor.py:175} INFO - Processing /home/airflow/.local/lib/python3.7/site-packages/airflow/example_dags/tutorial.py took 0.071 seconds
[2023-04-30T00:29:39.861+0000] {processor.py:153} INFO - Started process (PID=3368) to work on /home/airflow/.local/lib/python3.7/site-packages/airflow/example_dags/tutorial.py
[2023-04-30T00:29:39.862+0000] {processor.py:743} INFO - Processing file /home/airflow/.local/lib/python3.7/site-packages/airflow/example_dags/tutorial.py for tasks to queue
[2023-04-30T00:29:39.863+0000] {logging_mixin.py:137} INFO - [2023-04-30T00:29:39.863+0000] {dagbag.py:532} INFO - Filling up the DagBag from /home/airflow/.local/lib/python3.7/site-packages/airflow/example_dags/tutorial.py
[2023-04-30T00:29:39.874+0000] {processor.py:753} INFO - DAG(s) dict_keys(['tutorial']) retrieved from /home/airflow/.local/lib/python3.7/site-packages/airflow/example_dags/tutorial.py
[2023-04-30T00:29:39.893+0000] {logging_mixin.py:137} INFO - [2023-04-30T00:29:39.893+0000] {dag.py:2693} INFO - Sync 1 DAGs
[2023-04-30T00:29:39.909+0000] {logging_mixin.py:137} INFO - [2023-04-30T00:29:39.909+0000] {dag.py:3444} INFO - Setting next_dagrun for tutorial to 2023-04-29T00:29:39.909350+00:00, run_after=2023-04-30T00:29:39.909350+00:00
[2023-04-30T00:29:39.920+0000] {processor.py:175} INFO - Processing /home/airflow/.local/lib/python3.7/site-packages/airflow/example_dags/tutorial.py took 0.062 seconds
[2023-04-30T00:30:10.476+0000] {processor.py:153} INFO - Started process (PID=3419) to work on /home/airflow/.local/lib/python3.7/site-packages/airflow/example_dags/tutorial.py
[2023-04-30T00:30:10.477+0000] {processor.py:743} INFO - Processing file /home/airflow/.local/lib/python3.7/site-packages/airflow/example_dags/tutorial.py for tasks to queue
[2023-04-30T00:30:10.478+0000] {logging_mixin.py:137} INFO - [2023-04-30T00:30:10.478+0000] {dagbag.py:532} INFO - Filling up the DagBag from /home/airflow/.local/lib/python3.7/site-packages/airflow/example_dags/tutorial.py
[2023-04-30T00:30:10.489+0000] {processor.py:753} INFO - DAG(s) dict_keys(['tutorial']) retrieved from /home/airflow/.local/lib/python3.7/site-packages/airflow/example_dags/tutorial.py
[2023-04-30T00:30:10.509+0000] {logging_mixin.py:137} INFO - [2023-04-30T00:30:10.509+0000] {dag.py:2693} INFO - Sync 1 DAGs
[2023-04-30T00:30:10.524+0000] {logging_mixin.py:137} INFO - [2023-04-30T00:30:10.524+0000] {dag.py:3444} INFO - Setting next_dagrun for tutorial to 2023-04-29T00:30:10.524667+00:00, run_after=2023-04-30T00:30:10.524667+00:00
[2023-04-30T00:30:10.536+0000] {processor.py:175} INFO - Processing /home/airflow/.local/lib/python3.7/site-packages/airflow/example_dags/tutorial.py took 0.062 seconds
[2023-04-30T00:30:41.085+0000] {processor.py:153} INFO - Started process (PID=3470) to work on /home/airflow/.local/lib/python3.7/site-packages/airflow/example_dags/tutorial.py
[2023-04-30T00:30:41.086+0000] {processor.py:743} INFO - Processing file /home/airflow/.local/lib/python3.7/site-packages/airflow/example_dags/tutorial.py for tasks to queue
[2023-04-30T00:30:41.087+0000] {logging_mixin.py:137} INFO - [2023-04-30T00:30:41.087+0000] {dagbag.py:532} INFO - Filling up the DagBag from /home/airflow/.local/lib/python3.7/site-packages/airflow/example_dags/tutorial.py
[2023-04-30T00:30:41.098+0000] {processor.py:753} INFO - DAG(s) dict_keys(['tutorial']) retrieved from /home/airflow/.local/lib/python3.7/site-packages/airflow/example_dags/tutorial.py
[2023-04-30T00:30:41.117+0000] {logging_mixin.py:137} INFO - [2023-04-30T00:30:41.117+0000] {dag.py:2693} INFO - Sync 1 DAGs
[2023-04-30T00:30:41.133+0000] {logging_mixin.py:137} INFO - [2023-04-30T00:30:41.133+0000] {dag.py:3444} INFO - Setting next_dagrun for tutorial to 2023-04-29T00:30:41.133286+00:00, run_after=2023-04-30T00:30:41.133286+00:00
[2023-04-30T00:30:41.145+0000] {processor.py:175} INFO - Processing /home/airflow/.local/lib/python3.7/site-packages/airflow/example_dags/tutorial.py took 0.063 seconds
[2023-04-30T00:31:11.730+0000] {processor.py:153} INFO - Started process (PID=3521) to work on /home/airflow/.local/lib/python3.7/site-packages/airflow/example_dags/tutorial.py
[2023-04-30T00:31:11.732+0000] {processor.py:743} INFO - Processing file /home/airflow/.local/lib/python3.7/site-packages/airflow/example_dags/tutorial.py for tasks to queue
[2023-04-30T00:31:11.732+0000] {logging_mixin.py:137} INFO - [2023-04-30T00:31:11.732+0000] {dagbag.py:532} INFO - Filling up the DagBag from /home/airflow/.local/lib/python3.7/site-packages/airflow/example_dags/tutorial.py
[2023-04-30T00:31:11.744+0000] {processor.py:753} INFO - DAG(s) dict_keys(['tutorial']) retrieved from /home/airflow/.local/lib/python3.7/site-packages/airflow/example_dags/tutorial.py
[2023-04-30T00:31:11.763+0000] {logging_mixin.py:137} INFO - [2023-04-30T00:31:11.763+0000] {dag.py:2693} INFO - Sync 1 DAGs
[2023-04-30T00:31:11.779+0000] {logging_mixin.py:137} INFO - [2023-04-30T00:31:11.779+0000] {dag.py:3444} INFO - Setting next_dagrun for tutorial to 2023-04-29T00:31:11.779451+00:00, run_after=2023-04-30T00:31:11.779451+00:00
[2023-04-30T00:31:11.790+0000] {processor.py:175} INFO - Processing /home/airflow/.local/lib/python3.7/site-packages/airflow/example_dags/tutorial.py took 0.063 seconds
[2023-04-30T00:31:42.335+0000] {processor.py:153} INFO - Started process (PID=3572) to work on /home/airflow/.local/lib/python3.7/site-packages/airflow/example_dags/tutorial.py
[2023-04-30T00:31:42.336+0000] {processor.py:743} INFO - Processing file /home/airflow/.local/lib/python3.7/site-packages/airflow/example_dags/tutorial.py for tasks to queue
[2023-04-30T00:31:42.337+0000] {logging_mixin.py:137} INFO - [2023-04-30T00:31:42.337+0000] {dagbag.py:532} INFO - Filling up the DagBag from /home/airflow/.local/lib/python3.7/site-packages/airflow/example_dags/tutorial.py
[2023-04-30T00:31:42.348+0000] {processor.py:753} INFO - DAG(s) dict_keys(['tutorial']) retrieved from /home/airflow/.local/lib/python3.7/site-packages/airflow/example_dags/tutorial.py
[2023-04-30T00:31:42.367+0000] {logging_mixin.py:137} INFO - [2023-04-30T00:31:42.367+0000] {dag.py:2693} INFO - Sync 1 DAGs
[2023-04-30T00:31:42.383+0000] {logging_mixin.py:137} INFO - [2023-04-30T00:31:42.383+0000] {dag.py:3444} INFO - Setting next_dagrun for tutorial to 2023-04-29T00:31:42.383160+00:00, run_after=2023-04-30T00:31:42.383160+00:00
[2023-04-30T00:31:42.394+0000] {processor.py:175} INFO - Processing /home/airflow/.local/lib/python3.7/site-packages/airflow/example_dags/tutorial.py took 0.062 seconds
[2023-04-30T00:32:12.856+0000] {processor.py:153} INFO - Started process (PID=3623) to work on /home/airflow/.local/lib/python3.7/site-packages/airflow/example_dags/tutorial.py
[2023-04-30T00:32:12.857+0000] {processor.py:743} INFO - Processing file /home/airflow/.local/lib/python3.7/site-packages/airflow/example_dags/tutorial.py for tasks to queue
[2023-04-30T00:32:12.858+0000] {logging_mixin.py:137} INFO - [2023-04-30T00:32:12.858+0000] {dagbag.py:532} INFO - Filling up the DagBag from /home/airflow/.local/lib/python3.7/site-packages/airflow/example_dags/tutorial.py
[2023-04-30T00:32:12.869+0000] {processor.py:753} INFO - DAG(s) dict_keys(['tutorial']) retrieved from /home/airflow/.local/lib/python3.7/site-packages/airflow/example_dags/tutorial.py
[2023-04-30T00:32:12.888+0000] {logging_mixin.py:137} INFO - [2023-04-30T00:32:12.887+0000] {dag.py:2693} INFO - Sync 1 DAGs
[2023-04-30T00:32:12.904+0000] {logging_mixin.py:137} INFO - [2023-04-30T00:32:12.904+0000] {dag.py:3444} INFO - Setting next_dagrun for tutorial to 2023-04-29T00:32:12.904255+00:00, run_after=2023-04-30T00:32:12.904255+00:00
[2023-04-30T00:32:12.915+0000] {processor.py:175} INFO - Processing /home/airflow/.local/lib/python3.7/site-packages/airflow/example_dags/tutorial.py took 0.061 seconds
[2023-04-30T00:32:43.524+0000] {processor.py:153} INFO - Started process (PID=3673) to work on /home/airflow/.local/lib/python3.7/site-packages/airflow/example_dags/tutorial.py
[2023-04-30T00:32:43.525+0000] {processor.py:743} INFO - Processing file /home/airflow/.local/lib/python3.7/site-packages/airflow/example_dags/tutorial.py for tasks to queue
[2023-04-30T00:32:43.526+0000] {logging_mixin.py:137} INFO - [2023-04-30T00:32:43.525+0000] {dagbag.py:532} INFO - Filling up the DagBag from /home/airflow/.local/lib/python3.7/site-packages/airflow/example_dags/tutorial.py
[2023-04-30T00:32:43.537+0000] {processor.py:753} INFO - DAG(s) dict_keys(['tutorial']) retrieved from /home/airflow/.local/lib/python3.7/site-packages/airflow/example_dags/tutorial.py
[2023-04-30T00:32:43.556+0000] {logging_mixin.py:137} INFO - [2023-04-30T00:32:43.556+0000] {dag.py:2693} INFO - Sync 1 DAGs
[2023-04-30T00:32:43.572+0000] {logging_mixin.py:137} INFO - [2023-04-30T00:32:43.572+0000] {dag.py:3444} INFO - Setting next_dagrun for tutorial to 2023-04-29T00:32:43.572409+00:00, run_after=2023-04-30T00:32:43.572409+00:00
[2023-04-30T00:32:43.583+0000] {processor.py:175} INFO - Processing /home/airflow/.local/lib/python3.7/site-packages/airflow/example_dags/tutorial.py took 0.062 seconds
[2023-04-30T00:33:14.018+0000] {processor.py:153} INFO - Started process (PID=3724) to work on /home/airflow/.local/lib/python3.7/site-packages/airflow/example_dags/tutorial.py
[2023-04-30T00:33:14.019+0000] {processor.py:743} INFO - Processing file /home/airflow/.local/lib/python3.7/site-packages/airflow/example_dags/tutorial.py for tasks to queue
[2023-04-30T00:33:14.020+0000] {logging_mixin.py:137} INFO - [2023-04-30T00:33:14.020+0000] {dagbag.py:532} INFO - Filling up the DagBag from /home/airflow/.local/lib/python3.7/site-packages/airflow/example_dags/tutorial.py
[2023-04-30T00:33:14.031+0000] {processor.py:753} INFO - DAG(s) dict_keys(['tutorial']) retrieved from /home/airflow/.local/lib/python3.7/site-packages/airflow/example_dags/tutorial.py
[2023-04-30T00:33:14.050+0000] {logging_mixin.py:137} INFO - [2023-04-30T00:33:14.050+0000] {dag.py:2693} INFO - Sync 1 DAGs
[2023-04-30T00:33:14.066+0000] {logging_mixin.py:137} INFO - [2023-04-30T00:33:14.066+0000] {dag.py:3444} INFO - Setting next_dagrun for tutorial to 2023-04-29T00:33:14.066139+00:00, run_after=2023-04-30T00:33:14.066139+00:00
[2023-04-30T00:33:14.080+0000] {processor.py:175} INFO - Processing /home/airflow/.local/lib/python3.7/site-packages/airflow/example_dags/tutorial.py took 0.064 seconds
[2023-04-30T00:33:44.725+0000] {processor.py:153} INFO - Started process (PID=3775) to work on /home/airflow/.local/lib/python3.7/site-packages/airflow/example_dags/tutorial.py
[2023-04-30T00:33:44.726+0000] {processor.py:743} INFO - Processing file /home/airflow/.local/lib/python3.7/site-packages/airflow/example_dags/tutorial.py for tasks to queue
[2023-04-30T00:33:44.727+0000] {logging_mixin.py:137} INFO - [2023-04-30T00:33:44.727+0000] {dagbag.py:532} INFO - Filling up the DagBag from /home/airflow/.local/lib/python3.7/site-packages/airflow/example_dags/tutorial.py
[2023-04-30T00:33:44.738+0000] {processor.py:753} INFO - DAG(s) dict_keys(['tutorial']) retrieved from /home/airflow/.local/lib/python3.7/site-packages/airflow/example_dags/tutorial.py
[2023-04-30T00:33:44.759+0000] {logging_mixin.py:137} INFO - [2023-04-30T00:33:44.759+0000] {dag.py:2693} INFO - Sync 1 DAGs
[2023-04-30T00:33:44.774+0000] {logging_mixin.py:137} INFO - [2023-04-30T00:33:44.774+0000] {dag.py:3444} INFO - Setting next_dagrun for tutorial to 2023-04-29T00:33:44.774173+00:00, run_after=2023-04-30T00:33:44.774173+00:00
[2023-04-30T00:33:44.786+0000] {processor.py:175} INFO - Processing /home/airflow/.local/lib/python3.7/site-packages/airflow/example_dags/tutorial.py took 0.064 seconds
[2023-04-30T00:34:15.289+0000] {processor.py:153} INFO - Started process (PID=3826) to work on /home/airflow/.local/lib/python3.7/site-packages/airflow/example_dags/tutorial.py
[2023-04-30T00:34:15.290+0000] {processor.py:743} INFO - Processing file /home/airflow/.local/lib/python3.7/site-packages/airflow/example_dags/tutorial.py for tasks to queue
[2023-04-30T00:34:15.291+0000] {logging_mixin.py:137} INFO - [2023-04-30T00:34:15.291+0000] {dagbag.py:532} INFO - Filling up the DagBag from /home/airflow/.local/lib/python3.7/site-packages/airflow/example_dags/tutorial.py
[2023-04-30T00:34:15.301+0000] {processor.py:753} INFO - DAG(s) dict_keys(['tutorial']) retrieved from /home/airflow/.local/lib/python3.7/site-packages/airflow/example_dags/tutorial.py
[2023-04-30T00:34:15.320+0000] {logging_mixin.py:137} INFO - [2023-04-30T00:34:15.320+0000] {dag.py:2693} INFO - Sync 1 DAGs
[2023-04-30T00:34:15.336+0000] {logging_mixin.py:137} INFO - [2023-04-30T00:34:15.335+0000] {dag.py:3444} INFO - Setting next_dagrun for tutorial to 2023-04-29T00:34:15.335723+00:00, run_after=2023-04-30T00:34:15.335723+00:00
[2023-04-30T00:34:15.347+0000] {processor.py:175} INFO - Processing /home/airflow/.local/lib/python3.7/site-packages/airflow/example_dags/tutorial.py took 0.061 seconds
[2023-04-30T00:34:45.522+0000] {processor.py:153} INFO - Started process (PID=3877) to work on /home/airflow/.local/lib/python3.7/site-packages/airflow/example_dags/tutorial.py
[2023-04-30T00:34:45.523+0000] {processor.py:743} INFO - Processing file /home/airflow/.local/lib/python3.7/site-packages/airflow/example_dags/tutorial.py for tasks to queue
[2023-04-30T00:34:45.524+0000] {logging_mixin.py:137} INFO - [2023-04-30T00:34:45.524+0000] {dagbag.py:532} INFO - Filling up the DagBag from /home/airflow/.local/lib/python3.7/site-packages/airflow/example_dags/tutorial.py
[2023-04-30T00:34:45.536+0000] {processor.py:753} INFO - DAG(s) dict_keys(['tutorial']) retrieved from /home/airflow/.local/lib/python3.7/site-packages/airflow/example_dags/tutorial.py
[2023-04-30T00:34:45.557+0000] {logging_mixin.py:137} INFO - [2023-04-30T00:34:45.557+0000] {dag.py:2693} INFO - Sync 1 DAGs
[2023-04-30T00:34:45.575+0000] {logging_mixin.py:137} INFO - [2023-04-30T00:34:45.575+0000] {dag.py:3444} INFO - Setting next_dagrun for tutorial to 2023-04-29T00:34:45.574978+00:00, run_after=2023-04-30T00:34:45.574978+00:00
[2023-04-30T00:34:45.588+0000] {processor.py:175} INFO - Processing /home/airflow/.local/lib/python3.7/site-packages/airflow/example_dags/tutorial.py took 0.070 seconds
