[2023-04-14T14:30:14.664+0000] {processor.py:153} INFO - Started process (PID=34) to work on /opt/airflow/dags/tutorial_executa_dag.py
[2023-04-14T14:30:14.671+0000] {processor.py:743} INFO - Processing file /opt/airflow/dags/tutorial_executa_dag.py for tasks to queue
[2023-04-14T14:30:14.673+0000] {logging_mixin.py:137} INFO - [2023-04-14T14:30:14.673+0000] {dagbag.py:532} INFO - Filling up the DagBag from /opt/airflow/dags/tutorial_executa_dag.py
[2023-04-14T14:30:16.594+0000] {processor.py:753} INFO - DAG(s) dict_keys(['tutorial_executa_dag']) retrieved from /opt/airflow/dags/tutorial_executa_dag.py
[2023-04-14T14:30:16.696+0000] {logging_mixin.py:137} INFO - [2023-04-14T14:30:16.694+0000] {dag.py:2693} INFO - Sync 1 DAGs
[2023-04-14T14:30:17.256+0000] {logging_mixin.py:137} INFO - [2023-04-14T14:30:17.255+0000] {dag.py:3444} INFO - Setting next_dagrun for tutorial_executa_dag to 2023-04-14T14:30:00+00:00, run_after=2023-04-14T15:30:00+00:00
[2023-04-14T14:30:17.290+0000] {processor.py:175} INFO - Processing /opt/airflow/dags/tutorial_executa_dag.py took 2.631 seconds
[2023-04-14T14:30:47.704+0000] {processor.py:153} INFO - Started process (PID=103) to work on /opt/airflow/dags/tutorial_executa_dag.py
[2023-04-14T14:30:47.707+0000] {processor.py:743} INFO - Processing file /opt/airflow/dags/tutorial_executa_dag.py for tasks to queue
[2023-04-14T14:30:47.709+0000] {logging_mixin.py:137} INFO - [2023-04-14T14:30:47.709+0000] {dagbag.py:532} INFO - Filling up the DagBag from /opt/airflow/dags/tutorial_executa_dag.py
[2023-04-14T14:30:48.316+0000] {processor.py:753} INFO - DAG(s) dict_keys(['tutorial_executa_dag']) retrieved from /opt/airflow/dags/tutorial_executa_dag.py
[2023-04-14T14:30:48.344+0000] {logging_mixin.py:137} INFO - [2023-04-14T14:30:48.343+0000] {dag.py:2693} INFO - Sync 1 DAGs
[2023-04-14T14:30:48.366+0000] {logging_mixin.py:137} INFO - [2023-04-14T14:30:48.366+0000] {dag.py:3444} INFO - Setting next_dagrun for tutorial_executa_dag to 2023-04-14T14:30:00+00:00, run_after=2023-04-14T15:30:00+00:00
[2023-04-14T14:30:48.379+0000] {processor.py:175} INFO - Processing /opt/airflow/dags/tutorial_executa_dag.py took 0.682 seconds
[2023-04-14T14:31:19.160+0000] {processor.py:153} INFO - Started process (PID=158) to work on /opt/airflow/dags/tutorial_executa_dag.py
[2023-04-14T14:31:19.163+0000] {processor.py:743} INFO - Processing file /opt/airflow/dags/tutorial_executa_dag.py for tasks to queue
[2023-04-14T14:31:19.164+0000] {logging_mixin.py:137} INFO - [2023-04-14T14:31:19.164+0000] {dagbag.py:532} INFO - Filling up the DagBag from /opt/airflow/dags/tutorial_executa_dag.py
[2023-04-14T14:31:19.659+0000] {processor.py:753} INFO - DAG(s) dict_keys(['tutorial_executa_dag']) retrieved from /opt/airflow/dags/tutorial_executa_dag.py
[2023-04-14T14:31:19.722+0000] {logging_mixin.py:137} INFO - [2023-04-14T14:31:19.721+0000] {dag.py:2693} INFO - Sync 1 DAGs
[2023-04-14T14:31:19.747+0000] {logging_mixin.py:137} INFO - [2023-04-14T14:31:19.747+0000] {dag.py:3444} INFO - Setting next_dagrun for tutorial_executa_dag to 2023-04-14T14:30:00+00:00, run_after=2023-04-14T15:30:00+00:00
[2023-04-14T14:31:19.765+0000] {processor.py:175} INFO - Processing /opt/airflow/dags/tutorial_executa_dag.py took 0.613 seconds
[2023-04-14T14:31:50.149+0000] {processor.py:153} INFO - Started process (PID=211) to work on /opt/airflow/dags/tutorial_executa_dag.py
[2023-04-14T14:31:50.152+0000] {processor.py:743} INFO - Processing file /opt/airflow/dags/tutorial_executa_dag.py for tasks to queue
[2023-04-14T14:31:50.154+0000] {logging_mixin.py:137} INFO - [2023-04-14T14:31:50.154+0000] {dagbag.py:532} INFO - Filling up the DagBag from /opt/airflow/dags/tutorial_executa_dag.py
[2023-04-14T14:31:50.609+0000] {processor.py:753} INFO - DAG(s) dict_keys(['tutorial_executa_dag']) retrieved from /opt/airflow/dags/tutorial_executa_dag.py
[2023-04-14T14:31:50.627+0000] {logging_mixin.py:137} INFO - [2023-04-14T14:31:50.627+0000] {dag.py:2693} INFO - Sync 1 DAGs
[2023-04-14T14:31:50.647+0000] {logging_mixin.py:137} INFO - [2023-04-14T14:31:50.647+0000] {dag.py:3444} INFO - Setting next_dagrun for tutorial_executa_dag to 2023-04-14T14:30:00+00:00, run_after=2023-04-14T15:30:00+00:00
[2023-04-14T14:31:50.658+0000] {processor.py:175} INFO - Processing /opt/airflow/dags/tutorial_executa_dag.py took 0.519 seconds
[2023-04-14T14:32:21.173+0000] {processor.py:153} INFO - Started process (PID=263) to work on /opt/airflow/dags/tutorial_executa_dag.py
[2023-04-14T14:32:21.178+0000] {processor.py:743} INFO - Processing file /opt/airflow/dags/tutorial_executa_dag.py for tasks to queue
[2023-04-14T14:32:21.194+0000] {logging_mixin.py:137} INFO - [2023-04-14T14:32:21.194+0000] {dagbag.py:532} INFO - Filling up the DagBag from /opt/airflow/dags/tutorial_executa_dag.py
[2023-04-14T14:32:21.735+0000] {processor.py:753} INFO - DAG(s) dict_keys(['tutorial_executa_dag']) retrieved from /opt/airflow/dags/tutorial_executa_dag.py
[2023-04-14T14:32:22.029+0000] {logging_mixin.py:137} INFO - [2023-04-14T14:32:22.028+0000] {dag.py:2693} INFO - Sync 1 DAGs
[2023-04-14T14:32:22.052+0000] {logging_mixin.py:137} INFO - [2023-04-14T14:32:22.051+0000] {dag.py:3444} INFO - Setting next_dagrun for tutorial_executa_dag to 2023-04-14T14:30:00+00:00, run_after=2023-04-14T15:30:00+00:00
[2023-04-14T14:32:22.066+0000] {processor.py:175} INFO - Processing /opt/airflow/dags/tutorial_executa_dag.py took 0.901 seconds
[2023-04-14T14:33:36.968+0000] {processor.py:153} INFO - Started process (PID=35) to work on /opt/airflow/dags/tutorial_executa_dag.py
[2023-04-14T14:33:36.988+0000] {processor.py:743} INFO - Processing file /opt/airflow/dags/tutorial_executa_dag.py for tasks to queue
[2023-04-14T14:33:37.013+0000] {logging_mixin.py:137} INFO - [2023-04-14T14:33:37.012+0000] {dagbag.py:532} INFO - Filling up the DagBag from /opt/airflow/dags/tutorial_executa_dag.py
[2023-04-14T14:33:40.029+0000] {processor.py:753} INFO - DAG(s) dict_keys(['tutorial_executa_dag']) retrieved from /opt/airflow/dags/tutorial_executa_dag.py
[2023-04-14T14:33:43.128+0000] {logging_mixin.py:137} INFO - [2023-04-14T14:33:43.125+0000] {dag.py:2693} INFO - Sync 1 DAGs
[2023-04-14T14:33:43.210+0000] {logging_mixin.py:137} INFO - [2023-04-14T14:33:43.209+0000] {dag.py:3444} INFO - Setting next_dagrun for tutorial_executa_dag to 2023-04-14T14:30:00+00:00, run_after=2023-04-14T15:30:00+00:00
[2023-04-14T14:33:43.459+0000] {processor.py:175} INFO - Processing /opt/airflow/dags/tutorial_executa_dag.py took 6.520 seconds
[2023-04-14T14:34:14.057+0000] {processor.py:153} INFO - Started process (PID=91) to work on /opt/airflow/dags/tutorial_executa_dag.py
[2023-04-14T14:34:14.060+0000] {processor.py:743} INFO - Processing file /opt/airflow/dags/tutorial_executa_dag.py for tasks to queue
[2023-04-14T14:34:14.061+0000] {logging_mixin.py:137} INFO - [2023-04-14T14:34:14.061+0000] {dagbag.py:532} INFO - Filling up the DagBag from /opt/airflow/dags/tutorial_executa_dag.py
[2023-04-14T14:34:14.817+0000] {processor.py:753} INFO - DAG(s) dict_keys(['tutorial_executa_dag']) retrieved from /opt/airflow/dags/tutorial_executa_dag.py
[2023-04-14T14:34:14.841+0000] {logging_mixin.py:137} INFO - [2023-04-14T14:34:14.841+0000] {dag.py:2693} INFO - Sync 1 DAGs
[2023-04-14T14:34:14.859+0000] {logging_mixin.py:137} INFO - [2023-04-14T14:34:14.858+0000] {dag.py:3444} INFO - Setting next_dagrun for tutorial_executa_dag to 2023-04-14T14:30:00+00:00, run_after=2023-04-14T15:30:00+00:00
[2023-04-14T14:34:14.870+0000] {processor.py:175} INFO - Processing /opt/airflow/dags/tutorial_executa_dag.py took 0.821 seconds
[2023-04-14T14:34:45.116+0000] {processor.py:153} INFO - Started process (PID=145) to work on /opt/airflow/dags/tutorial_executa_dag.py
[2023-04-14T14:34:45.127+0000] {processor.py:743} INFO - Processing file /opt/airflow/dags/tutorial_executa_dag.py for tasks to queue
[2023-04-14T14:34:45.131+0000] {logging_mixin.py:137} INFO - [2023-04-14T14:34:45.130+0000] {dagbag.py:532} INFO - Filling up the DagBag from /opt/airflow/dags/tutorial_executa_dag.py
[2023-04-14T14:34:48.564+0000] {processor.py:753} INFO - DAG(s) dict_keys(['tutorial_executa_dag']) retrieved from /opt/airflow/dags/tutorial_executa_dag.py
[2023-04-14T14:34:48.623+0000] {logging_mixin.py:137} INFO - [2023-04-14T14:34:48.622+0000] {dag.py:2693} INFO - Sync 1 DAGs
[2023-04-14T14:34:48.669+0000] {logging_mixin.py:137} INFO - [2023-04-14T14:34:48.668+0000] {dag.py:3444} INFO - Setting next_dagrun for tutorial_executa_dag to 2023-04-14T14:30:00+00:00, run_after=2023-04-14T15:30:00+00:00
[2023-04-14T14:34:48.688+0000] {processor.py:175} INFO - Processing /opt/airflow/dags/tutorial_executa_dag.py took 3.580 seconds
[2023-04-14T14:35:18.952+0000] {processor.py:153} INFO - Started process (PID=203) to work on /opt/airflow/dags/tutorial_executa_dag.py
[2023-04-14T14:35:18.955+0000] {processor.py:743} INFO - Processing file /opt/airflow/dags/tutorial_executa_dag.py for tasks to queue
[2023-04-14T14:35:18.957+0000] {logging_mixin.py:137} INFO - [2023-04-14T14:35:18.957+0000] {dagbag.py:532} INFO - Filling up the DagBag from /opt/airflow/dags/tutorial_executa_dag.py
[2023-04-14T14:35:19.795+0000] {processor.py:753} INFO - DAG(s) dict_keys(['tutorial_executa_dag']) retrieved from /opt/airflow/dags/tutorial_executa_dag.py
[2023-04-14T14:35:19.835+0000] {logging_mixin.py:137} INFO - [2023-04-14T14:35:19.834+0000] {dag.py:2693} INFO - Sync 1 DAGs
[2023-04-14T14:35:19.906+0000] {logging_mixin.py:137} INFO - [2023-04-14T14:35:19.906+0000] {dag.py:3444} INFO - Setting next_dagrun for tutorial_executa_dag to 2023-04-14T14:30:00+00:00, run_after=2023-04-14T15:30:00+00:00
[2023-04-14T14:35:20.017+0000] {processor.py:175} INFO - Processing /opt/airflow/dags/tutorial_executa_dag.py took 1.072 seconds
[2023-04-14T14:35:50.586+0000] {processor.py:153} INFO - Started process (PID=259) to work on /opt/airflow/dags/tutorial_executa_dag.py
[2023-04-14T14:35:50.592+0000] {processor.py:743} INFO - Processing file /opt/airflow/dags/tutorial_executa_dag.py for tasks to queue
[2023-04-14T14:35:50.596+0000] {logging_mixin.py:137} INFO - [2023-04-14T14:35:50.595+0000] {dagbag.py:532} INFO - Filling up the DagBag from /opt/airflow/dags/tutorial_executa_dag.py
[2023-04-14T14:35:51.110+0000] {processor.py:753} INFO - DAG(s) dict_keys(['tutorial_executa_dag']) retrieved from /opt/airflow/dags/tutorial_executa_dag.py
[2023-04-14T14:35:51.612+0000] {logging_mixin.py:137} INFO - [2023-04-14T14:35:51.611+0000] {dag.py:2693} INFO - Sync 1 DAGs
[2023-04-14T14:35:51.669+0000] {logging_mixin.py:137} INFO - [2023-04-14T14:35:51.669+0000] {dag.py:3444} INFO - Setting next_dagrun for tutorial_executa_dag to 2023-04-14T14:30:00+00:00, run_after=2023-04-14T15:30:00+00:00
[2023-04-14T14:35:51.684+0000] {processor.py:175} INFO - Processing /opt/airflow/dags/tutorial_executa_dag.py took 1.107 seconds
[2023-04-14T14:36:22.082+0000] {processor.py:153} INFO - Started process (PID=313) to work on /opt/airflow/dags/tutorial_executa_dag.py
[2023-04-14T14:36:22.085+0000] {processor.py:743} INFO - Processing file /opt/airflow/dags/tutorial_executa_dag.py for tasks to queue
[2023-04-14T14:36:22.087+0000] {logging_mixin.py:137} INFO - [2023-04-14T14:36:22.087+0000] {dagbag.py:532} INFO - Filling up the DagBag from /opt/airflow/dags/tutorial_executa_dag.py
[2023-04-14T14:36:23.986+0000] {processor.py:753} INFO - DAG(s) dict_keys(['tutorial_executa_dag']) retrieved from /opt/airflow/dags/tutorial_executa_dag.py
[2023-04-14T14:36:24.037+0000] {logging_mixin.py:137} INFO - [2023-04-14T14:36:24.036+0000] {dag.py:2693} INFO - Sync 1 DAGs
[2023-04-14T14:36:24.056+0000] {logging_mixin.py:137} INFO - [2023-04-14T14:36:24.056+0000] {dag.py:3444} INFO - Setting next_dagrun for tutorial_executa_dag to 2023-04-14T14:30:00+00:00, run_after=2023-04-14T15:30:00+00:00
[2023-04-14T14:36:24.072+0000] {processor.py:175} INFO - Processing /opt/airflow/dags/tutorial_executa_dag.py took 2.013 seconds
[2023-04-14T14:36:54.343+0000] {processor.py:153} INFO - Started process (PID=369) to work on /opt/airflow/dags/tutorial_executa_dag.py
[2023-04-14T14:36:54.350+0000] {processor.py:743} INFO - Processing file /opt/airflow/dags/tutorial_executa_dag.py for tasks to queue
[2023-04-14T14:36:54.355+0000] {logging_mixin.py:137} INFO - [2023-04-14T14:36:54.355+0000] {dagbag.py:532} INFO - Filling up the DagBag from /opt/airflow/dags/tutorial_executa_dag.py
[2023-04-14T14:36:55.657+0000] {processor.py:753} INFO - DAG(s) dict_keys(['tutorial_executa_dag']) retrieved from /opt/airflow/dags/tutorial_executa_dag.py
[2023-04-14T14:36:55.756+0000] {logging_mixin.py:137} INFO - [2023-04-14T14:36:55.754+0000] {dag.py:2693} INFO - Sync 1 DAGs
[2023-04-14T14:36:55.802+0000] {logging_mixin.py:137} INFO - [2023-04-14T14:36:55.802+0000] {dag.py:3444} INFO - Setting next_dagrun for tutorial_executa_dag to 2023-04-14T14:30:00+00:00, run_after=2023-04-14T15:30:00+00:00
[2023-04-14T14:36:55.840+0000] {processor.py:175} INFO - Processing /opt/airflow/dags/tutorial_executa_dag.py took 1.503 seconds
[2023-04-14T14:37:25.996+0000] {processor.py:153} INFO - Started process (PID=426) to work on /opt/airflow/dags/tutorial_executa_dag.py
[2023-04-14T14:37:25.999+0000] {processor.py:743} INFO - Processing file /opt/airflow/dags/tutorial_executa_dag.py for tasks to queue
[2023-04-14T14:37:26.001+0000] {logging_mixin.py:137} INFO - [2023-04-14T14:37:26.000+0000] {dagbag.py:532} INFO - Filling up the DagBag from /opt/airflow/dags/tutorial_executa_dag.py
[2023-04-14T14:37:26.609+0000] {processor.py:753} INFO - DAG(s) dict_keys(['tutorial_executa_dag']) retrieved from /opt/airflow/dags/tutorial_executa_dag.py
[2023-04-14T14:37:26.637+0000] {logging_mixin.py:137} INFO - [2023-04-14T14:37:26.636+0000] {dag.py:2693} INFO - Sync 1 DAGs
[2023-04-14T14:37:26.653+0000] {logging_mixin.py:137} INFO - [2023-04-14T14:37:26.653+0000] {dag.py:3444} INFO - Setting next_dagrun for tutorial_executa_dag to 2023-04-14T14:30:00+00:00, run_after=2023-04-14T15:30:00+00:00
[2023-04-14T14:37:26.664+0000] {processor.py:175} INFO - Processing /opt/airflow/dags/tutorial_executa_dag.py took 0.672 seconds
[2023-04-14T14:37:58.448+0000] {processor.py:153} INFO - Started process (PID=480) to work on /opt/airflow/dags/tutorial_executa_dag.py
[2023-04-14T14:37:58.450+0000] {processor.py:743} INFO - Processing file /opt/airflow/dags/tutorial_executa_dag.py for tasks to queue
[2023-04-14T14:37:58.452+0000] {logging_mixin.py:137} INFO - [2023-04-14T14:37:58.452+0000] {dagbag.py:532} INFO - Filling up the DagBag from /opt/airflow/dags/tutorial_executa_dag.py
[2023-04-14T14:37:59.191+0000] {processor.py:753} INFO - DAG(s) dict_keys(['tutorial_executa_dag']) retrieved from /opt/airflow/dags/tutorial_executa_dag.py
[2023-04-14T14:38:00.109+0000] {logging_mixin.py:137} INFO - [2023-04-14T14:38:00.109+0000] {dag.py:2693} INFO - Sync 1 DAGs
[2023-04-14T14:38:00.134+0000] {logging_mixin.py:137} INFO - [2023-04-14T14:38:00.134+0000] {dag.py:3444} INFO - Setting next_dagrun for tutorial_executa_dag to 2023-04-14T14:30:00+00:00, run_after=2023-04-14T15:30:00+00:00
[2023-04-14T14:38:00.172+0000] {processor.py:175} INFO - Processing /opt/airflow/dags/tutorial_executa_dag.py took 1.729 seconds
[2023-04-14T14:38:31.084+0000] {processor.py:153} INFO - Started process (PID=544) to work on /opt/airflow/dags/tutorial_executa_dag.py
[2023-04-14T14:38:31.089+0000] {processor.py:743} INFO - Processing file /opt/airflow/dags/tutorial_executa_dag.py for tasks to queue
[2023-04-14T14:38:31.094+0000] {logging_mixin.py:137} INFO - [2023-04-14T14:38:31.094+0000] {dagbag.py:532} INFO - Filling up the DagBag from /opt/airflow/dags/tutorial_executa_dag.py
[2023-04-14T14:38:32.238+0000] {processor.py:753} INFO - DAG(s) dict_keys(['tutorial_executa_dag']) retrieved from /opt/airflow/dags/tutorial_executa_dag.py
[2023-04-14T14:38:32.279+0000] {logging_mixin.py:137} INFO - [2023-04-14T14:38:32.279+0000] {dag.py:2693} INFO - Sync 1 DAGs
[2023-04-14T14:38:32.355+0000] {logging_mixin.py:137} INFO - [2023-04-14T14:38:32.355+0000] {dag.py:3444} INFO - Setting next_dagrun for tutorial_executa_dag to 2023-04-14T14:30:00+00:00, run_after=2023-04-14T15:30:00+00:00
[2023-04-14T14:38:32.458+0000] {processor.py:175} INFO - Processing /opt/airflow/dags/tutorial_executa_dag.py took 1.410 seconds
[2023-04-14T14:39:02.663+0000] {processor.py:153} INFO - Started process (PID=601) to work on /opt/airflow/dags/tutorial_executa_dag.py
[2023-04-14T14:39:02.664+0000] {processor.py:743} INFO - Processing file /opt/airflow/dags/tutorial_executa_dag.py for tasks to queue
[2023-04-14T14:39:02.665+0000] {logging_mixin.py:137} INFO - [2023-04-14T14:39:02.665+0000] {dagbag.py:532} INFO - Filling up the DagBag from /opt/airflow/dags/tutorial_executa_dag.py
[2023-04-14T14:39:03.458+0000] {processor.py:753} INFO - DAG(s) dict_keys(['tutorial_executa_dag']) retrieved from /opt/airflow/dags/tutorial_executa_dag.py
[2023-04-14T14:39:03.513+0000] {logging_mixin.py:137} INFO - [2023-04-14T14:39:03.512+0000] {dag.py:2693} INFO - Sync 1 DAGs
[2023-04-14T14:39:03.538+0000] {logging_mixin.py:137} INFO - [2023-04-14T14:39:03.537+0000] {dag.py:3444} INFO - Setting next_dagrun for tutorial_executa_dag to 2023-04-14T14:30:00+00:00, run_after=2023-04-14T15:30:00+00:00
[2023-04-14T14:39:03.550+0000] {processor.py:175} INFO - Processing /opt/airflow/dags/tutorial_executa_dag.py took 0.890 seconds
[2023-04-14T14:39:34.264+0000] {processor.py:153} INFO - Started process (PID=654) to work on /opt/airflow/dags/tutorial_executa_dag.py
[2023-04-14T14:39:34.267+0000] {processor.py:743} INFO - Processing file /opt/airflow/dags/tutorial_executa_dag.py for tasks to queue
[2023-04-14T14:39:34.268+0000] {logging_mixin.py:137} INFO - [2023-04-14T14:39:34.268+0000] {dagbag.py:532} INFO - Filling up the DagBag from /opt/airflow/dags/tutorial_executa_dag.py
[2023-04-14T14:39:34.876+0000] {processor.py:753} INFO - DAG(s) dict_keys(['tutorial_executa_dag']) retrieved from /opt/airflow/dags/tutorial_executa_dag.py
[2023-04-14T14:39:34.895+0000] {logging_mixin.py:137} INFO - [2023-04-14T14:39:34.895+0000] {dag.py:2693} INFO - Sync 1 DAGs
[2023-04-14T14:39:34.911+0000] {logging_mixin.py:137} INFO - [2023-04-14T14:39:34.911+0000] {dag.py:3444} INFO - Setting next_dagrun for tutorial_executa_dag to 2023-04-14T14:30:00+00:00, run_after=2023-04-14T15:30:00+00:00
[2023-04-14T14:39:34.920+0000] {processor.py:175} INFO - Processing /opt/airflow/dags/tutorial_executa_dag.py took 0.662 seconds
[2023-04-14T14:40:05.132+0000] {processor.py:153} INFO - Started process (PID=707) to work on /opt/airflow/dags/tutorial_executa_dag.py
[2023-04-14T14:40:05.134+0000] {processor.py:743} INFO - Processing file /opt/airflow/dags/tutorial_executa_dag.py for tasks to queue
[2023-04-14T14:40:05.136+0000] {logging_mixin.py:137} INFO - [2023-04-14T14:40:05.136+0000] {dagbag.py:532} INFO - Filling up the DagBag from /opt/airflow/dags/tutorial_executa_dag.py
[2023-04-14T14:40:05.623+0000] {processor.py:753} INFO - DAG(s) dict_keys(['tutorial_executa_dag']) retrieved from /opt/airflow/dags/tutorial_executa_dag.py
[2023-04-14T14:40:05.642+0000] {logging_mixin.py:137} INFO - [2023-04-14T14:40:05.642+0000] {dag.py:2693} INFO - Sync 1 DAGs
[2023-04-14T14:40:05.659+0000] {logging_mixin.py:137} INFO - [2023-04-14T14:40:05.659+0000] {dag.py:3444} INFO - Setting next_dagrun for tutorial_executa_dag to 2023-04-14T14:30:00+00:00, run_after=2023-04-14T15:30:00+00:00
[2023-04-14T14:40:05.670+0000] {processor.py:175} INFO - Processing /opt/airflow/dags/tutorial_executa_dag.py took 0.545 seconds
[2023-04-14T14:40:36.719+0000] {processor.py:153} INFO - Started process (PID=764) to work on /opt/airflow/dags/tutorial_executa_dag.py
[2023-04-14T14:40:36.721+0000] {processor.py:743} INFO - Processing file /opt/airflow/dags/tutorial_executa_dag.py for tasks to queue
[2023-04-14T14:40:36.722+0000] {logging_mixin.py:137} INFO - [2023-04-14T14:40:36.722+0000] {dagbag.py:532} INFO - Filling up the DagBag from /opt/airflow/dags/tutorial_executa_dag.py
[2023-04-14T14:40:37.288+0000] {processor.py:753} INFO - DAG(s) dict_keys(['tutorial_executa_dag']) retrieved from /opt/airflow/dags/tutorial_executa_dag.py
[2023-04-14T14:40:37.330+0000] {logging_mixin.py:137} INFO - [2023-04-14T14:40:37.330+0000] {dag.py:2693} INFO - Sync 1 DAGs
[2023-04-14T14:40:37.350+0000] {logging_mixin.py:137} INFO - [2023-04-14T14:40:37.350+0000] {dag.py:3444} INFO - Setting next_dagrun for tutorial_executa_dag to 2023-04-14T14:30:00+00:00, run_after=2023-04-14T15:30:00+00:00
[2023-04-14T14:40:37.362+0000] {processor.py:175} INFO - Processing /opt/airflow/dags/tutorial_executa_dag.py took 0.649 seconds
[2023-04-14T14:41:07.564+0000] {processor.py:153} INFO - Started process (PID=818) to work on /opt/airflow/dags/tutorial_executa_dag.py
[2023-04-14T14:41:07.566+0000] {processor.py:743} INFO - Processing file /opt/airflow/dags/tutorial_executa_dag.py for tasks to queue
[2023-04-14T14:41:07.568+0000] {logging_mixin.py:137} INFO - [2023-04-14T14:41:07.568+0000] {dagbag.py:532} INFO - Filling up the DagBag from /opt/airflow/dags/tutorial_executa_dag.py
[2023-04-14T14:41:08.107+0000] {processor.py:753} INFO - DAG(s) dict_keys(['tutorial_executa_dag']) retrieved from /opt/airflow/dags/tutorial_executa_dag.py
[2023-04-14T14:41:08.141+0000] {logging_mixin.py:137} INFO - [2023-04-14T14:41:08.140+0000] {dag.py:2693} INFO - Sync 1 DAGs
[2023-04-14T14:41:08.159+0000] {logging_mixin.py:137} INFO - [2023-04-14T14:41:08.159+0000] {dag.py:3444} INFO - Setting next_dagrun for tutorial_executa_dag to 2023-04-14T14:30:00+00:00, run_after=2023-04-14T15:30:00+00:00
[2023-04-14T14:41:08.170+0000] {processor.py:175} INFO - Processing /opt/airflow/dags/tutorial_executa_dag.py took 0.612 seconds
[2023-04-14T14:42:10.883+0000] {processor.py:153} INFO - Started process (PID=35) to work on /opt/airflow/dags/tutorial_executa_dag.py
[2023-04-14T14:42:10.886+0000] {processor.py:743} INFO - Processing file /opt/airflow/dags/tutorial_executa_dag.py for tasks to queue
[2023-04-14T14:42:10.888+0000] {logging_mixin.py:137} INFO - [2023-04-14T14:42:10.887+0000] {dagbag.py:532} INFO - Filling up the DagBag from /opt/airflow/dags/tutorial_executa_dag.py
[2023-04-14T14:42:11.527+0000] {processor.py:753} INFO - DAG(s) dict_keys(['tutorial_executa_dag']) retrieved from /opt/airflow/dags/tutorial_executa_dag.py
[2023-04-14T14:42:12.360+0000] {logging_mixin.py:137} INFO - [2023-04-14T14:42:12.359+0000] {dag.py:2693} INFO - Sync 1 DAGs
[2023-04-14T14:42:12.395+0000] {logging_mixin.py:137} INFO - [2023-04-14T14:42:12.395+0000] {dag.py:3444} INFO - Setting next_dagrun for tutorial_executa_dag to 2023-04-14T14:30:00+00:00, run_after=2023-04-14T15:30:00+00:00
[2023-04-14T14:42:12.444+0000] {processor.py:175} INFO - Processing /opt/airflow/dags/tutorial_executa_dag.py took 1.567 seconds
[2023-04-14T14:42:42.979+0000] {processor.py:153} INFO - Started process (PID=89) to work on /opt/airflow/dags/tutorial_executa_dag.py
[2023-04-14T14:42:42.981+0000] {processor.py:743} INFO - Processing file /opt/airflow/dags/tutorial_executa_dag.py for tasks to queue
[2023-04-14T14:42:42.982+0000] {logging_mixin.py:137} INFO - [2023-04-14T14:42:42.982+0000] {dagbag.py:532} INFO - Filling up the DagBag from /opt/airflow/dags/tutorial_executa_dag.py
[2023-04-14T14:42:43.878+0000] {processor.py:753} INFO - DAG(s) dict_keys(['tutorial_executa_dag']) retrieved from /opt/airflow/dags/tutorial_executa_dag.py
[2023-04-14T14:42:43.898+0000] {logging_mixin.py:137} INFO - [2023-04-14T14:42:43.898+0000] {dag.py:2693} INFO - Sync 1 DAGs
[2023-04-14T14:42:43.916+0000] {logging_mixin.py:137} INFO - [2023-04-14T14:42:43.916+0000] {dag.py:3444} INFO - Setting next_dagrun for tutorial_executa_dag to 2023-04-14T14:30:00+00:00, run_after=2023-04-14T15:30:00+00:00
[2023-04-14T14:42:43.927+0000] {processor.py:175} INFO - Processing /opt/airflow/dags/tutorial_executa_dag.py took 0.952 seconds
[2023-04-14T14:43:14.007+0000] {processor.py:153} INFO - Started process (PID=146) to work on /opt/airflow/dags/tutorial_executa_dag.py
[2023-04-14T14:43:14.009+0000] {processor.py:743} INFO - Processing file /opt/airflow/dags/tutorial_executa_dag.py for tasks to queue
[2023-04-14T14:43:14.009+0000] {logging_mixin.py:137} INFO - [2023-04-14T14:43:14.009+0000] {dagbag.py:532} INFO - Filling up the DagBag from /opt/airflow/dags/tutorial_executa_dag.py
[2023-04-14T14:43:14.593+0000] {processor.py:753} INFO - DAG(s) dict_keys(['tutorial_executa_dag']) retrieved from /opt/airflow/dags/tutorial_executa_dag.py
[2023-04-14T14:43:14.612+0000] {logging_mixin.py:137} INFO - [2023-04-14T14:43:14.612+0000] {dag.py:2693} INFO - Sync 1 DAGs
[2023-04-14T14:43:14.636+0000] {logging_mixin.py:137} INFO - [2023-04-14T14:43:14.635+0000] {dag.py:3444} INFO - Setting next_dagrun for tutorial_executa_dag to 2023-04-14T14:30:00+00:00, run_after=2023-04-14T15:30:00+00:00
[2023-04-14T14:43:14.646+0000] {processor.py:175} INFO - Processing /opt/airflow/dags/tutorial_executa_dag.py took 0.642 seconds
[2023-04-14T14:43:44.752+0000] {processor.py:153} INFO - Started process (PID=195) to work on /opt/airflow/dags/tutorial_executa_dag.py
[2023-04-14T14:43:44.754+0000] {processor.py:743} INFO - Processing file /opt/airflow/dags/tutorial_executa_dag.py for tasks to queue
[2023-04-14T14:43:44.756+0000] {logging_mixin.py:137} INFO - [2023-04-14T14:43:44.756+0000] {dagbag.py:532} INFO - Filling up the DagBag from /opt/airflow/dags/tutorial_executa_dag.py
[2023-04-14T14:43:45.280+0000] {processor.py:753} INFO - DAG(s) dict_keys(['tutorial_executa_dag']) retrieved from /opt/airflow/dags/tutorial_executa_dag.py
[2023-04-14T14:43:45.299+0000] {logging_mixin.py:137} INFO - [2023-04-14T14:43:45.299+0000] {dag.py:2693} INFO - Sync 1 DAGs
[2023-04-14T14:43:45.316+0000] {logging_mixin.py:137} INFO - [2023-04-14T14:43:45.315+0000] {dag.py:3444} INFO - Setting next_dagrun for tutorial_executa_dag to 2023-04-14T14:30:00+00:00, run_after=2023-04-14T15:30:00+00:00
[2023-04-14T14:43:45.325+0000] {processor.py:175} INFO - Processing /opt/airflow/dags/tutorial_executa_dag.py took 0.582 seconds
[2023-04-14T14:44:16.203+0000] {processor.py:153} INFO - Started process (PID=251) to work on /opt/airflow/dags/tutorial_executa_dag.py
[2023-04-14T14:44:16.205+0000] {processor.py:743} INFO - Processing file /opt/airflow/dags/tutorial_executa_dag.py for tasks to queue
[2023-04-14T14:44:16.206+0000] {logging_mixin.py:137} INFO - [2023-04-14T14:44:16.206+0000] {dagbag.py:532} INFO - Filling up the DagBag from /opt/airflow/dags/tutorial_executa_dag.py
[2023-04-14T14:44:16.473+0000] {processor.py:753} INFO - DAG(s) dict_keys(['tutorial_executa_dag']) retrieved from /opt/airflow/dags/tutorial_executa_dag.py
[2023-04-14T14:44:16.701+0000] {logging_mixin.py:137} INFO - [2023-04-14T14:44:16.701+0000] {dag.py:2693} INFO - Sync 1 DAGs
[2023-04-14T14:44:16.721+0000] {logging_mixin.py:137} INFO - [2023-04-14T14:44:16.721+0000] {dag.py:3444} INFO - Setting next_dagrun for tutorial_executa_dag to 2023-04-14T14:30:00+00:00, run_after=2023-04-14T15:30:00+00:00
[2023-04-14T14:44:16.732+0000] {processor.py:175} INFO - Processing /opt/airflow/dags/tutorial_executa_dag.py took 0.534 seconds
[2023-04-14T14:44:47.603+0000] {processor.py:153} INFO - Started process (PID=307) to work on /opt/airflow/dags/tutorial_executa_dag.py
[2023-04-14T14:44:47.605+0000] {processor.py:743} INFO - Processing file /opt/airflow/dags/tutorial_executa_dag.py for tasks to queue
[2023-04-14T14:44:47.606+0000] {logging_mixin.py:137} INFO - [2023-04-14T14:44:47.606+0000] {dagbag.py:532} INFO - Filling up the DagBag from /opt/airflow/dags/tutorial_executa_dag.py
[2023-04-14T14:44:48.252+0000] {processor.py:753} INFO - DAG(s) dict_keys(['tutorial_executa_dag']) retrieved from /opt/airflow/dags/tutorial_executa_dag.py
[2023-04-14T14:44:48.282+0000] {logging_mixin.py:137} INFO - [2023-04-14T14:44:48.282+0000] {dag.py:2693} INFO - Sync 1 DAGs
[2023-04-14T14:44:48.297+0000] {logging_mixin.py:137} INFO - [2023-04-14T14:44:48.297+0000] {dag.py:3444} INFO - Setting next_dagrun for tutorial_executa_dag to 2023-04-14T14:30:00+00:00, run_after=2023-04-14T15:30:00+00:00
[2023-04-14T14:44:48.309+0000] {processor.py:175} INFO - Processing /opt/airflow/dags/tutorial_executa_dag.py took 0.711 seconds
[2023-04-14T14:45:18.911+0000] {processor.py:153} INFO - Started process (PID=362) to work on /opt/airflow/dags/tutorial_executa_dag.py
[2023-04-14T14:45:18.913+0000] {processor.py:743} INFO - Processing file /opt/airflow/dags/tutorial_executa_dag.py for tasks to queue
[2023-04-14T14:45:18.915+0000] {logging_mixin.py:137} INFO - [2023-04-14T14:45:18.915+0000] {dagbag.py:532} INFO - Filling up the DagBag from /opt/airflow/dags/tutorial_executa_dag.py
[2023-04-14T14:45:19.421+0000] {processor.py:753} INFO - DAG(s) dict_keys(['tutorial_executa_dag']) retrieved from /opt/airflow/dags/tutorial_executa_dag.py
[2023-04-14T14:45:19.444+0000] {logging_mixin.py:137} INFO - [2023-04-14T14:45:19.443+0000] {dag.py:2693} INFO - Sync 1 DAGs
[2023-04-14T14:45:19.460+0000] {logging_mixin.py:137} INFO - [2023-04-14T14:45:19.460+0000] {dag.py:3444} INFO - Setting next_dagrun for tutorial_executa_dag to 2023-04-14T14:30:00+00:00, run_after=2023-04-14T15:30:00+00:00
[2023-04-14T14:45:19.471+0000] {processor.py:175} INFO - Processing /opt/airflow/dags/tutorial_executa_dag.py took 0.567 seconds
[2023-04-14T14:45:49.822+0000] {processor.py:153} INFO - Started process (PID=419) to work on /opt/airflow/dags/tutorial_executa_dag.py
[2023-04-14T14:45:49.823+0000] {processor.py:743} INFO - Processing file /opt/airflow/dags/tutorial_executa_dag.py for tasks to queue
[2023-04-14T14:45:49.825+0000] {logging_mixin.py:137} INFO - [2023-04-14T14:45:49.825+0000] {dagbag.py:532} INFO - Filling up the DagBag from /opt/airflow/dags/tutorial_executa_dag.py
[2023-04-14T14:45:50.503+0000] {processor.py:753} INFO - DAG(s) dict_keys(['tutorial_executa_dag']) retrieved from /opt/airflow/dags/tutorial_executa_dag.py
[2023-04-14T14:45:50.526+0000] {logging_mixin.py:137} INFO - [2023-04-14T14:45:50.525+0000] {dag.py:2693} INFO - Sync 1 DAGs
[2023-04-14T14:45:50.543+0000] {logging_mixin.py:137} INFO - [2023-04-14T14:45:50.543+0000] {dag.py:3444} INFO - Setting next_dagrun for tutorial_executa_dag to 2023-04-14T14:30:00+00:00, run_after=2023-04-14T15:30:00+00:00
[2023-04-14T14:45:50.554+0000] {processor.py:175} INFO - Processing /opt/airflow/dags/tutorial_executa_dag.py took 0.736 seconds
[2023-04-14T14:46:21.320+0000] {processor.py:153} INFO - Started process (PID=474) to work on /opt/airflow/dags/tutorial_executa_dag.py
[2023-04-14T14:46:21.323+0000] {processor.py:743} INFO - Processing file /opt/airflow/dags/tutorial_executa_dag.py for tasks to queue
[2023-04-14T14:46:21.324+0000] {logging_mixin.py:137} INFO - [2023-04-14T14:46:21.324+0000] {dagbag.py:532} INFO - Filling up the DagBag from /opt/airflow/dags/tutorial_executa_dag.py
[2023-04-14T14:46:21.865+0000] {processor.py:753} INFO - DAG(s) dict_keys(['tutorial_executa_dag']) retrieved from /opt/airflow/dags/tutorial_executa_dag.py
[2023-04-14T14:46:21.908+0000] {logging_mixin.py:137} INFO - [2023-04-14T14:46:21.907+0000] {dag.py:2693} INFO - Sync 1 DAGs
[2023-04-14T14:46:21.933+0000] {logging_mixin.py:137} INFO - [2023-04-14T14:46:21.933+0000] {dag.py:3444} INFO - Setting next_dagrun for tutorial_executa_dag to 2023-04-14T14:30:00+00:00, run_after=2023-04-14T15:30:00+00:00
[2023-04-14T14:46:21.946+0000] {processor.py:175} INFO - Processing /opt/airflow/dags/tutorial_executa_dag.py took 0.634 seconds
[2023-04-14T14:46:52.740+0000] {processor.py:153} INFO - Started process (PID=530) to work on /opt/airflow/dags/tutorial_executa_dag.py
[2023-04-14T14:46:52.743+0000] {processor.py:743} INFO - Processing file /opt/airflow/dags/tutorial_executa_dag.py for tasks to queue
[2023-04-14T14:46:52.744+0000] {logging_mixin.py:137} INFO - [2023-04-14T14:46:52.744+0000] {dagbag.py:532} INFO - Filling up the DagBag from /opt/airflow/dags/tutorial_executa_dag.py
[2023-04-14T14:46:53.239+0000] {processor.py:753} INFO - DAG(s) dict_keys(['tutorial_executa_dag']) retrieved from /opt/airflow/dags/tutorial_executa_dag.py
[2023-04-14T14:46:53.260+0000] {logging_mixin.py:137} INFO - [2023-04-14T14:46:53.260+0000] {dag.py:2693} INFO - Sync 1 DAGs
[2023-04-14T14:46:53.278+0000] {logging_mixin.py:137} INFO - [2023-04-14T14:46:53.278+0000] {dag.py:3444} INFO - Setting next_dagrun for tutorial_executa_dag to 2023-04-14T14:30:00+00:00, run_after=2023-04-14T15:30:00+00:00
[2023-04-14T14:46:53.289+0000] {processor.py:175} INFO - Processing /opt/airflow/dags/tutorial_executa_dag.py took 0.557 seconds
[2023-04-14T14:47:23.376+0000] {processor.py:153} INFO - Started process (PID=587) to work on /opt/airflow/dags/tutorial_executa_dag.py
[2023-04-14T14:47:23.377+0000] {processor.py:743} INFO - Processing file /opt/airflow/dags/tutorial_executa_dag.py for tasks to queue
[2023-04-14T14:47:23.378+0000] {logging_mixin.py:137} INFO - [2023-04-14T14:47:23.378+0000] {dagbag.py:532} INFO - Filling up the DagBag from /opt/airflow/dags/tutorial_executa_dag.py
[2023-04-14T14:47:23.952+0000] {processor.py:753} INFO - DAG(s) dict_keys(['tutorial_executa_dag']) retrieved from /opt/airflow/dags/tutorial_executa_dag.py
[2023-04-14T14:47:23.970+0000] {logging_mixin.py:137} INFO - [2023-04-14T14:47:23.970+0000] {dag.py:2693} INFO - Sync 1 DAGs
[2023-04-14T14:47:23.987+0000] {logging_mixin.py:137} INFO - [2023-04-14T14:47:23.987+0000] {dag.py:3444} INFO - Setting next_dagrun for tutorial_executa_dag to 2023-04-14T14:30:00+00:00, run_after=2023-04-14T15:30:00+00:00
[2023-04-14T14:47:24.005+0000] {processor.py:175} INFO - Processing /opt/airflow/dags/tutorial_executa_dag.py took 0.632 seconds
[2023-04-14T14:47:55.064+0000] {processor.py:153} INFO - Started process (PID=644) to work on /opt/airflow/dags/tutorial_executa_dag.py
[2023-04-14T14:47:55.067+0000] {processor.py:743} INFO - Processing file /opt/airflow/dags/tutorial_executa_dag.py for tasks to queue
[2023-04-14T14:47:55.069+0000] {logging_mixin.py:137} INFO - [2023-04-14T14:47:55.068+0000] {dagbag.py:532} INFO - Filling up the DagBag from /opt/airflow/dags/tutorial_executa_dag.py
[2023-04-14T14:47:56.352+0000] {processor.py:753} INFO - DAG(s) dict_keys(['tutorial_executa_dag']) retrieved from /opt/airflow/dags/tutorial_executa_dag.py
[2023-04-14T14:47:56.442+0000] {logging_mixin.py:137} INFO - [2023-04-14T14:47:56.441+0000] {dag.py:2693} INFO - Sync 1 DAGs
[2023-04-14T14:47:56.483+0000] {logging_mixin.py:137} INFO - [2023-04-14T14:47:56.483+0000] {dag.py:3444} INFO - Setting next_dagrun for tutorial_executa_dag to 2023-04-14T14:30:00+00:00, run_after=2023-04-14T15:30:00+00:00
[2023-04-14T14:47:56.554+0000] {processor.py:175} INFO - Processing /opt/airflow/dags/tutorial_executa_dag.py took 1.495 seconds
[2023-04-14T14:48:26.855+0000] {processor.py:153} INFO - Started process (PID=698) to work on /opt/airflow/dags/tutorial_executa_dag.py
[2023-04-14T14:48:26.857+0000] {processor.py:743} INFO - Processing file /opt/airflow/dags/tutorial_executa_dag.py for tasks to queue
[2023-04-14T14:48:26.858+0000] {logging_mixin.py:137} INFO - [2023-04-14T14:48:26.858+0000] {dagbag.py:532} INFO - Filling up the DagBag from /opt/airflow/dags/tutorial_executa_dag.py
[2023-04-14T14:48:27.262+0000] {processor.py:753} INFO - DAG(s) dict_keys(['tutorial_executa_dag']) retrieved from /opt/airflow/dags/tutorial_executa_dag.py
[2023-04-14T14:48:27.280+0000] {logging_mixin.py:137} INFO - [2023-04-14T14:48:27.280+0000] {dag.py:2693} INFO - Sync 1 DAGs
[2023-04-14T14:48:27.300+0000] {logging_mixin.py:137} INFO - [2023-04-14T14:48:27.300+0000] {dag.py:3444} INFO - Setting next_dagrun for tutorial_executa_dag to 2023-04-14T14:30:00+00:00, run_after=2023-04-14T15:30:00+00:00
[2023-04-14T14:48:27.321+0000] {processor.py:175} INFO - Processing /opt/airflow/dags/tutorial_executa_dag.py took 0.471 seconds
[2023-04-14T14:48:57.472+0000] {processor.py:153} INFO - Started process (PID=755) to work on /opt/airflow/dags/tutorial_executa_dag.py
[2023-04-14T14:48:57.473+0000] {processor.py:743} INFO - Processing file /opt/airflow/dags/tutorial_executa_dag.py for tasks to queue
[2023-04-14T14:48:57.474+0000] {logging_mixin.py:137} INFO - [2023-04-14T14:48:57.474+0000] {dagbag.py:532} INFO - Filling up the DagBag from /opt/airflow/dags/tutorial_executa_dag.py
[2023-04-14T14:48:58.196+0000] {processor.py:753} INFO - DAG(s) dict_keys(['tutorial_executa_dag']) retrieved from /opt/airflow/dags/tutorial_executa_dag.py
[2023-04-14T14:48:58.225+0000] {logging_mixin.py:137} INFO - [2023-04-14T14:48:58.225+0000] {dag.py:2693} INFO - Sync 1 DAGs
[2023-04-14T14:48:58.269+0000] {logging_mixin.py:137} INFO - [2023-04-14T14:48:58.269+0000] {dag.py:3444} INFO - Setting next_dagrun for tutorial_executa_dag to 2023-04-14T14:30:00+00:00, run_after=2023-04-14T15:30:00+00:00
[2023-04-14T14:48:58.304+0000] {processor.py:175} INFO - Processing /opt/airflow/dags/tutorial_executa_dag.py took 0.837 seconds
[2023-04-14T14:49:28.646+0000] {processor.py:153} INFO - Started process (PID=809) to work on /opt/airflow/dags/tutorial_executa_dag.py
[2023-04-14T14:49:28.648+0000] {processor.py:743} INFO - Processing file /opt/airflow/dags/tutorial_executa_dag.py for tasks to queue
[2023-04-14T14:49:28.649+0000] {logging_mixin.py:137} INFO - [2023-04-14T14:49:28.649+0000] {dagbag.py:532} INFO - Filling up the DagBag from /opt/airflow/dags/tutorial_executa_dag.py
[2023-04-14T14:49:29.248+0000] {processor.py:753} INFO - DAG(s) dict_keys(['tutorial_executa_dag']) retrieved from /opt/airflow/dags/tutorial_executa_dag.py
[2023-04-14T14:49:29.270+0000] {logging_mixin.py:137} INFO - [2023-04-14T14:49:29.269+0000] {dag.py:2693} INFO - Sync 1 DAGs
[2023-04-14T14:49:29.289+0000] {logging_mixin.py:137} INFO - [2023-04-14T14:49:29.289+0000] {dag.py:3444} INFO - Setting next_dagrun for tutorial_executa_dag to 2023-04-14T14:30:00+00:00, run_after=2023-04-14T15:30:00+00:00
[2023-04-14T14:49:29.301+0000] {processor.py:175} INFO - Processing /opt/airflow/dags/tutorial_executa_dag.py took 0.658 seconds
[2023-04-14T14:49:59.484+0000] {processor.py:153} INFO - Started process (PID=865) to work on /opt/airflow/dags/tutorial_executa_dag.py
[2023-04-14T14:49:59.485+0000] {processor.py:743} INFO - Processing file /opt/airflow/dags/tutorial_executa_dag.py for tasks to queue
[2023-04-14T14:49:59.486+0000] {logging_mixin.py:137} INFO - [2023-04-14T14:49:59.486+0000] {dagbag.py:532} INFO - Filling up the DagBag from /opt/airflow/dags/tutorial_executa_dag.py
[2023-04-14T14:50:00.265+0000] {processor.py:753} INFO - DAG(s) dict_keys(['tutorial_executa_dag']) retrieved from /opt/airflow/dags/tutorial_executa_dag.py
[2023-04-14T14:50:00.287+0000] {logging_mixin.py:137} INFO - [2023-04-14T14:50:00.287+0000] {dag.py:2693} INFO - Sync 1 DAGs
[2023-04-14T14:50:00.309+0000] {logging_mixin.py:137} INFO - [2023-04-14T14:50:00.309+0000] {dag.py:3444} INFO - Setting next_dagrun for tutorial_executa_dag to 2023-04-14T14:30:00+00:00, run_after=2023-04-14T15:30:00+00:00
[2023-04-14T14:50:00.330+0000] {processor.py:175} INFO - Processing /opt/airflow/dags/tutorial_executa_dag.py took 0.850 seconds
[2023-04-14T14:50:30.880+0000] {processor.py:153} INFO - Started process (PID=919) to work on /opt/airflow/dags/tutorial_executa_dag.py
[2023-04-14T14:50:30.881+0000] {processor.py:743} INFO - Processing file /opt/airflow/dags/tutorial_executa_dag.py for tasks to queue
[2023-04-14T14:50:30.882+0000] {logging_mixin.py:137} INFO - [2023-04-14T14:50:30.882+0000] {dagbag.py:532} INFO - Filling up the DagBag from /opt/airflow/dags/tutorial_executa_dag.py
[2023-04-14T14:50:31.614+0000] {processor.py:753} INFO - DAG(s) dict_keys(['tutorial_executa_dag']) retrieved from /opt/airflow/dags/tutorial_executa_dag.py
[2023-04-14T14:50:31.638+0000] {logging_mixin.py:137} INFO - [2023-04-14T14:50:31.638+0000] {dag.py:2693} INFO - Sync 1 DAGs
[2023-04-14T14:50:31.691+0000] {logging_mixin.py:137} INFO - [2023-04-14T14:50:31.691+0000] {dag.py:3444} INFO - Setting next_dagrun for tutorial_executa_dag to 2023-04-14T14:30:00+00:00, run_after=2023-04-14T15:30:00+00:00
[2023-04-14T14:50:31.732+0000] {processor.py:175} INFO - Processing /opt/airflow/dags/tutorial_executa_dag.py took 0.856 seconds
[2023-04-14T14:51:02.609+0000] {processor.py:153} INFO - Started process (PID=976) to work on /opt/airflow/dags/tutorial_executa_dag.py
[2023-04-14T14:51:02.612+0000] {processor.py:743} INFO - Processing file /opt/airflow/dags/tutorial_executa_dag.py for tasks to queue
[2023-04-14T14:51:02.613+0000] {logging_mixin.py:137} INFO - [2023-04-14T14:51:02.613+0000] {dagbag.py:532} INFO - Filling up the DagBag from /opt/airflow/dags/tutorial_executa_dag.py
[2023-04-14T14:51:03.092+0000] {processor.py:753} INFO - DAG(s) dict_keys(['tutorial_executa_dag']) retrieved from /opt/airflow/dags/tutorial_executa_dag.py
[2023-04-14T14:51:03.114+0000] {logging_mixin.py:137} INFO - [2023-04-14T14:51:03.113+0000] {dag.py:2693} INFO - Sync 1 DAGs
[2023-04-14T14:51:03.129+0000] {logging_mixin.py:137} INFO - [2023-04-14T14:51:03.129+0000] {dag.py:3444} INFO - Setting next_dagrun for tutorial_executa_dag to 2023-04-14T14:30:00+00:00, run_after=2023-04-14T15:30:00+00:00
[2023-04-14T14:51:03.140+0000] {processor.py:175} INFO - Processing /opt/airflow/dags/tutorial_executa_dag.py took 0.538 seconds
[2023-04-14T14:51:34.020+0000] {processor.py:153} INFO - Started process (PID=1032) to work on /opt/airflow/dags/tutorial_executa_dag.py
[2023-04-14T14:51:34.021+0000] {processor.py:743} INFO - Processing file /opt/airflow/dags/tutorial_executa_dag.py for tasks to queue
[2023-04-14T14:51:34.023+0000] {logging_mixin.py:137} INFO - [2023-04-14T14:51:34.023+0000] {dagbag.py:532} INFO - Filling up the DagBag from /opt/airflow/dags/tutorial_executa_dag.py
[2023-04-14T14:51:34.451+0000] {processor.py:753} INFO - DAG(s) dict_keys(['tutorial_executa_dag']) retrieved from /opt/airflow/dags/tutorial_executa_dag.py
[2023-04-14T14:51:34.470+0000] {logging_mixin.py:137} INFO - [2023-04-14T14:51:34.469+0000] {dag.py:2693} INFO - Sync 1 DAGs
[2023-04-14T14:51:34.485+0000] {logging_mixin.py:137} INFO - [2023-04-14T14:51:34.485+0000] {dag.py:3444} INFO - Setting next_dagrun for tutorial_executa_dag to 2023-04-14T14:30:00+00:00, run_after=2023-04-14T15:30:00+00:00
[2023-04-14T14:51:34.495+0000] {processor.py:175} INFO - Processing /opt/airflow/dags/tutorial_executa_dag.py took 0.481 seconds
[2023-04-14T14:52:05.365+0000] {processor.py:153} INFO - Started process (PID=1094) to work on /opt/airflow/dags/tutorial_executa_dag.py
[2023-04-14T14:52:05.367+0000] {processor.py:743} INFO - Processing file /opt/airflow/dags/tutorial_executa_dag.py for tasks to queue
[2023-04-14T14:52:05.368+0000] {logging_mixin.py:137} INFO - [2023-04-14T14:52:05.368+0000] {dagbag.py:532} INFO - Filling up the DagBag from /opt/airflow/dags/tutorial_executa_dag.py
[2023-04-14T14:52:05.812+0000] {processor.py:753} INFO - DAG(s) dict_keys(['tutorial_executa_dag']) retrieved from /opt/airflow/dags/tutorial_executa_dag.py
[2023-04-14T14:52:05.835+0000] {logging_mixin.py:137} INFO - [2023-04-14T14:52:05.834+0000] {dag.py:2693} INFO - Sync 1 DAGs
[2023-04-14T14:52:05.851+0000] {logging_mixin.py:137} INFO - [2023-04-14T14:52:05.851+0000] {dag.py:3444} INFO - Setting next_dagrun for tutorial_executa_dag to 2023-04-14T14:30:00+00:00, run_after=2023-04-14T15:30:00+00:00
[2023-04-14T14:52:05.862+0000] {processor.py:175} INFO - Processing /opt/airflow/dags/tutorial_executa_dag.py took 0.502 seconds
[2023-04-14T14:52:36.381+0000] {processor.py:153} INFO - Started process (PID=1147) to work on /opt/airflow/dags/tutorial_executa_dag.py
[2023-04-14T14:52:36.384+0000] {processor.py:743} INFO - Processing file /opt/airflow/dags/tutorial_executa_dag.py for tasks to queue
[2023-04-14T14:52:36.385+0000] {logging_mixin.py:137} INFO - [2023-04-14T14:52:36.385+0000] {dagbag.py:532} INFO - Filling up the DagBag from /opt/airflow/dags/tutorial_executa_dag.py
[2023-04-14T14:52:36.886+0000] {processor.py:753} INFO - DAG(s) dict_keys(['tutorial_executa_dag']) retrieved from /opt/airflow/dags/tutorial_executa_dag.py
[2023-04-14T14:52:36.916+0000] {logging_mixin.py:137} INFO - [2023-04-14T14:52:36.916+0000] {dag.py:2693} INFO - Sync 1 DAGs
[2023-04-14T14:52:36.933+0000] {logging_mixin.py:137} INFO - [2023-04-14T14:52:36.933+0000] {dag.py:3444} INFO - Setting next_dagrun for tutorial_executa_dag to 2023-04-14T14:30:00+00:00, run_after=2023-04-14T15:30:00+00:00
[2023-04-14T14:52:36.945+0000] {processor.py:175} INFO - Processing /opt/airflow/dags/tutorial_executa_dag.py took 0.570 seconds
[2023-04-14T14:53:07.195+0000] {processor.py:153} INFO - Started process (PID=1199) to work on /opt/airflow/dags/tutorial_executa_dag.py
[2023-04-14T14:53:07.197+0000] {processor.py:743} INFO - Processing file /opt/airflow/dags/tutorial_executa_dag.py for tasks to queue
[2023-04-14T14:53:07.198+0000] {logging_mixin.py:137} INFO - [2023-04-14T14:53:07.198+0000] {dagbag.py:532} INFO - Filling up the DagBag from /opt/airflow/dags/tutorial_executa_dag.py
[2023-04-14T14:53:07.732+0000] {processor.py:753} INFO - DAG(s) dict_keys(['tutorial_executa_dag']) retrieved from /opt/airflow/dags/tutorial_executa_dag.py
[2023-04-14T14:53:07.759+0000] {logging_mixin.py:137} INFO - [2023-04-14T14:53:07.759+0000] {dag.py:2693} INFO - Sync 1 DAGs
[2023-04-14T14:53:07.777+0000] {logging_mixin.py:137} INFO - [2023-04-14T14:53:07.777+0000] {dag.py:3444} INFO - Setting next_dagrun for tutorial_executa_dag to 2023-04-14T14:30:00+00:00, run_after=2023-04-14T15:30:00+00:00
[2023-04-14T14:53:07.789+0000] {processor.py:175} INFO - Processing /opt/airflow/dags/tutorial_executa_dag.py took 0.599 seconds
[2023-04-14T14:53:38.547+0000] {processor.py:153} INFO - Started process (PID=1251) to work on /opt/airflow/dags/tutorial_executa_dag.py
[2023-04-14T14:53:38.550+0000] {processor.py:743} INFO - Processing file /opt/airflow/dags/tutorial_executa_dag.py for tasks to queue
[2023-04-14T14:53:38.552+0000] {logging_mixin.py:137} INFO - [2023-04-14T14:53:38.552+0000] {dagbag.py:532} INFO - Filling up the DagBag from /opt/airflow/dags/tutorial_executa_dag.py
[2023-04-14T14:53:39.009+0000] {processor.py:753} INFO - DAG(s) dict_keys(['tutorial_executa_dag']) retrieved from /opt/airflow/dags/tutorial_executa_dag.py
[2023-04-14T14:53:39.047+0000] {logging_mixin.py:137} INFO - [2023-04-14T14:53:39.047+0000] {dag.py:2693} INFO - Sync 1 DAGs
[2023-04-14T14:53:39.064+0000] {logging_mixin.py:137} INFO - [2023-04-14T14:53:39.064+0000] {dag.py:3444} INFO - Setting next_dagrun for tutorial_executa_dag to 2023-04-14T14:30:00+00:00, run_after=2023-04-14T15:30:00+00:00
[2023-04-14T14:53:39.075+0000] {processor.py:175} INFO - Processing /opt/airflow/dags/tutorial_executa_dag.py took 0.534 seconds
[2023-04-14T14:54:09.855+0000] {processor.py:153} INFO - Started process (PID=1304) to work on /opt/airflow/dags/tutorial_executa_dag.py
[2023-04-14T14:54:09.859+0000] {processor.py:743} INFO - Processing file /opt/airflow/dags/tutorial_executa_dag.py for tasks to queue
[2023-04-14T14:54:09.861+0000] {logging_mixin.py:137} INFO - [2023-04-14T14:54:09.860+0000] {dagbag.py:532} INFO - Filling up the DagBag from /opt/airflow/dags/tutorial_executa_dag.py
[2023-04-14T14:54:10.335+0000] {processor.py:753} INFO - DAG(s) dict_keys(['tutorial_executa_dag']) retrieved from /opt/airflow/dags/tutorial_executa_dag.py
[2023-04-14T14:54:10.360+0000] {logging_mixin.py:137} INFO - [2023-04-14T14:54:10.360+0000] {dag.py:2693} INFO - Sync 1 DAGs
[2023-04-14T14:54:10.377+0000] {logging_mixin.py:137} INFO - [2023-04-14T14:54:10.377+0000] {dag.py:3444} INFO - Setting next_dagrun for tutorial_executa_dag to 2023-04-14T14:30:00+00:00, run_after=2023-04-14T15:30:00+00:00
[2023-04-14T14:54:10.387+0000] {processor.py:175} INFO - Processing /opt/airflow/dags/tutorial_executa_dag.py took 0.540 seconds
[2023-04-14T14:54:41.287+0000] {processor.py:153} INFO - Started process (PID=1357) to work on /opt/airflow/dags/tutorial_executa_dag.py
[2023-04-14T14:54:41.290+0000] {processor.py:743} INFO - Processing file /opt/airflow/dags/tutorial_executa_dag.py for tasks to queue
[2023-04-14T14:54:41.291+0000] {logging_mixin.py:137} INFO - [2023-04-14T14:54:41.291+0000] {dagbag.py:532} INFO - Filling up the DagBag from /opt/airflow/dags/tutorial_executa_dag.py
[2023-04-14T14:54:41.798+0000] {processor.py:753} INFO - DAG(s) dict_keys(['tutorial_executa_dag']) retrieved from /opt/airflow/dags/tutorial_executa_dag.py
[2023-04-14T14:54:41.833+0000] {logging_mixin.py:137} INFO - [2023-04-14T14:54:41.832+0000] {dag.py:2693} INFO - Sync 1 DAGs
[2023-04-14T14:54:41.851+0000] {logging_mixin.py:137} INFO - [2023-04-14T14:54:41.851+0000] {dag.py:3444} INFO - Setting next_dagrun for tutorial_executa_dag to 2023-04-14T14:30:00+00:00, run_after=2023-04-14T15:30:00+00:00
[2023-04-14T14:54:41.862+0000] {processor.py:175} INFO - Processing /opt/airflow/dags/tutorial_executa_dag.py took 0.580 seconds
[2023-04-14T14:55:12.810+0000] {processor.py:153} INFO - Started process (PID=1409) to work on /opt/airflow/dags/tutorial_executa_dag.py
[2023-04-14T14:55:12.813+0000] {processor.py:743} INFO - Processing file /opt/airflow/dags/tutorial_executa_dag.py for tasks to queue
[2023-04-14T14:55:12.814+0000] {logging_mixin.py:137} INFO - [2023-04-14T14:55:12.814+0000] {dagbag.py:532} INFO - Filling up the DagBag from /opt/airflow/dags/tutorial_executa_dag.py
[2023-04-14T14:55:13.289+0000] {processor.py:753} INFO - DAG(s) dict_keys(['tutorial_executa_dag']) retrieved from /opt/airflow/dags/tutorial_executa_dag.py
[2023-04-14T14:55:13.322+0000] {logging_mixin.py:137} INFO - [2023-04-14T14:55:13.321+0000] {dag.py:2693} INFO - Sync 1 DAGs
[2023-04-14T14:55:13.341+0000] {logging_mixin.py:137} INFO - [2023-04-14T14:55:13.341+0000] {dag.py:3444} INFO - Setting next_dagrun for tutorial_executa_dag to 2023-04-14T14:30:00+00:00, run_after=2023-04-14T15:30:00+00:00
[2023-04-14T14:55:13.353+0000] {processor.py:175} INFO - Processing /opt/airflow/dags/tutorial_executa_dag.py took 0.550 seconds
[2023-04-14T14:55:44.084+0000] {processor.py:153} INFO - Started process (PID=1461) to work on /opt/airflow/dags/tutorial_executa_dag.py
[2023-04-14T14:55:44.086+0000] {processor.py:743} INFO - Processing file /opt/airflow/dags/tutorial_executa_dag.py for tasks to queue
[2023-04-14T14:55:44.087+0000] {logging_mixin.py:137} INFO - [2023-04-14T14:55:44.087+0000] {dagbag.py:532} INFO - Filling up the DagBag from /opt/airflow/dags/tutorial_executa_dag.py
[2023-04-14T14:55:44.591+0000] {processor.py:753} INFO - DAG(s) dict_keys(['tutorial_executa_dag']) retrieved from /opt/airflow/dags/tutorial_executa_dag.py
[2023-04-14T14:55:44.614+0000] {logging_mixin.py:137} INFO - [2023-04-14T14:55:44.613+0000] {dag.py:2693} INFO - Sync 1 DAGs
[2023-04-14T14:55:44.631+0000] {logging_mixin.py:137} INFO - [2023-04-14T14:55:44.631+0000] {dag.py:3444} INFO - Setting next_dagrun for tutorial_executa_dag to 2023-04-14T14:30:00+00:00, run_after=2023-04-14T15:30:00+00:00
[2023-04-14T14:55:44.643+0000] {processor.py:175} INFO - Processing /opt/airflow/dags/tutorial_executa_dag.py took 0.565 seconds
[2023-04-14T14:56:15.434+0000] {processor.py:153} INFO - Started process (PID=1514) to work on /opt/airflow/dags/tutorial_executa_dag.py
[2023-04-14T14:56:15.437+0000] {processor.py:743} INFO - Processing file /opt/airflow/dags/tutorial_executa_dag.py for tasks to queue
[2023-04-14T14:56:15.440+0000] {logging_mixin.py:137} INFO - [2023-04-14T14:56:15.440+0000] {dagbag.py:532} INFO - Filling up the DagBag from /opt/airflow/dags/tutorial_executa_dag.py
[2023-04-14T14:56:15.906+0000] {processor.py:753} INFO - DAG(s) dict_keys(['tutorial_executa_dag']) retrieved from /opt/airflow/dags/tutorial_executa_dag.py
[2023-04-14T14:56:15.941+0000] {logging_mixin.py:137} INFO - [2023-04-14T14:56:15.941+0000] {dag.py:2693} INFO - Sync 1 DAGs
[2023-04-14T14:56:15.959+0000] {logging_mixin.py:137} INFO - [2023-04-14T14:56:15.959+0000] {dag.py:3444} INFO - Setting next_dagrun for tutorial_executa_dag to 2023-04-14T14:30:00+00:00, run_after=2023-04-14T15:30:00+00:00
[2023-04-14T14:56:15.971+0000] {processor.py:175} INFO - Processing /opt/airflow/dags/tutorial_executa_dag.py took 0.542 seconds
[2023-04-14T14:56:46.074+0000] {processor.py:153} INFO - Started process (PID=1567) to work on /opt/airflow/dags/tutorial_executa_dag.py
[2023-04-14T14:56:46.077+0000] {processor.py:743} INFO - Processing file /opt/airflow/dags/tutorial_executa_dag.py for tasks to queue
[2023-04-14T14:56:46.078+0000] {logging_mixin.py:137} INFO - [2023-04-14T14:56:46.078+0000] {dagbag.py:532} INFO - Filling up the DagBag from /opt/airflow/dags/tutorial_executa_dag.py
[2023-04-14T14:56:46.588+0000] {processor.py:753} INFO - DAG(s) dict_keys(['tutorial_executa_dag']) retrieved from /opt/airflow/dags/tutorial_executa_dag.py
[2023-04-14T14:56:46.617+0000] {logging_mixin.py:137} INFO - [2023-04-14T14:56:46.616+0000] {dag.py:2693} INFO - Sync 1 DAGs
[2023-04-14T14:56:46.635+0000] {logging_mixin.py:137} INFO - [2023-04-14T14:56:46.635+0000] {dag.py:3444} INFO - Setting next_dagrun for tutorial_executa_dag to 2023-04-14T14:30:00+00:00, run_after=2023-04-14T15:30:00+00:00
[2023-04-14T14:56:46.645+0000] {processor.py:175} INFO - Processing /opt/airflow/dags/tutorial_executa_dag.py took 0.581 seconds
[2023-04-14T14:57:17.558+0000] {processor.py:153} INFO - Started process (PID=1620) to work on /opt/airflow/dags/tutorial_executa_dag.py
[2023-04-14T14:57:17.562+0000] {processor.py:743} INFO - Processing file /opt/airflow/dags/tutorial_executa_dag.py for tasks to queue
[2023-04-14T14:57:17.564+0000] {logging_mixin.py:137} INFO - [2023-04-14T14:57:17.564+0000] {dagbag.py:532} INFO - Filling up the DagBag from /opt/airflow/dags/tutorial_executa_dag.py
[2023-04-14T14:57:18.098+0000] {processor.py:753} INFO - DAG(s) dict_keys(['tutorial_executa_dag']) retrieved from /opt/airflow/dags/tutorial_executa_dag.py
[2023-04-14T14:57:18.155+0000] {logging_mixin.py:137} INFO - [2023-04-14T14:57:18.154+0000] {dag.py:2693} INFO - Sync 1 DAGs
[2023-04-14T14:57:18.173+0000] {logging_mixin.py:137} INFO - [2023-04-14T14:57:18.173+0000] {dag.py:3444} INFO - Setting next_dagrun for tutorial_executa_dag to 2023-04-14T14:30:00+00:00, run_after=2023-04-14T15:30:00+00:00
[2023-04-14T14:57:18.186+0000] {processor.py:175} INFO - Processing /opt/airflow/dags/tutorial_executa_dag.py took 0.642 seconds
[2023-04-14T15:05:33.158+0000] {processor.py:153} INFO - Started process (PID=1630) to work on /opt/airflow/dags/tutorial_executa_dag.py
[2023-04-14T15:05:33.173+0000] {processor.py:743} INFO - Processing file /opt/airflow/dags/tutorial_executa_dag.py for tasks to queue
[2023-04-14T15:05:33.198+0000] {logging_mixin.py:137} INFO - [2023-04-14T15:05:33.198+0000] {dagbag.py:532} INFO - Filling up the DagBag from /opt/airflow/dags/tutorial_executa_dag.py
