[2023-03-16T01:12:59.655+0000] {taskinstance.py:1084} INFO - Dependencies all met for dep_context=non-requeueable deps ti=<TaskInstance: tutorial_executa_dag.capture_count_data manual__2023-03-16T01:12:58.092263+00:00 [queued]>
[2023-03-16T01:12:59.661+0000] {taskinstance.py:1084} INFO - Dependencies all met for dep_context=requeueable deps ti=<TaskInstance: tutorial_executa_dag.capture_count_data manual__2023-03-16T01:12:58.092263+00:00 [queued]>
[2023-03-16T01:12:59.661+0000] {taskinstance.py:1282} INFO - 
--------------------------------------------------------------------------------
[2023-03-16T01:12:59.662+0000] {taskinstance.py:1283} INFO - Starting attempt 1 of 1
[2023-03-16T01:12:59.662+0000] {taskinstance.py:1284} INFO - 
--------------------------------------------------------------------------------
[2023-03-16T01:12:59.670+0000] {taskinstance.py:1303} INFO - Executing <Task(PythonOperator): capture_count_data> on 2023-03-16 01:12:58.092263+00:00
[2023-03-16T01:12:59.675+0000] {standard_task_runner.py:55} INFO - Started process 1660 to run task
[2023-03-16T01:12:59.680+0000] {standard_task_runner.py:82} INFO - Running: ['***', 'tasks', 'run', 'tutorial_executa_dag', 'capture_count_data', 'manual__2023-03-16T01:12:58.092263+00:00', '--job-id', '17', '--raw', '--subdir', 'DAGS_FOLDER/tutorial_executa_dag.py', '--cfg-path', '/tmp/tmpmhaski22']
[2023-03-16T01:12:59.681+0000] {standard_task_runner.py:83} INFO - Job 17: Subtask capture_count_data
[2023-03-16T01:12:59.742+0000] {task_command.py:388} INFO - Running <TaskInstance: tutorial_executa_dag.capture_count_data manual__2023-03-16T01:12:58.092263+00:00 [running]> on host 6049ca5ef1d4
[2023-03-16T01:12:59.806+0000] {taskinstance.py:1511} INFO - Exporting the following env vars:
AIRFLOW_CTX_DAG_OWNER=***
AIRFLOW_CTX_DAG_ID=tutorial_executa_dag
AIRFLOW_CTX_TASK_ID=capture_count_data
AIRFLOW_CTX_EXECUTION_DATE=2023-03-16T01:12:58.092263+00:00
AIRFLOW_CTX_TRY_NUMBER=1
AIRFLOW_CTX_DAG_RUN_ID=manual__2023-03-16T01:12:58.092263+00:00
[2023-03-16T01:13:00.969+0000] {logging_mixin.py:137} INFO - Quantidade de registros:  1000
[2023-03-16T01:13:00.973+0000] {python.py:177} INFO - Done. Returned value was: 1000
[2023-03-16T01:13:01.001+0000] {taskinstance.py:1326} INFO - Marking task as SUCCESS. dag_id=tutorial_executa_dag, task_id=capture_count_data, execution_date=20230316T011258, start_date=20230316T011259, end_date=20230316T011301
[2023-03-16T01:13:01.054+0000] {local_task_job.py:212} INFO - Task exited with return code 0
[2023-03-16T01:13:01.078+0000] {taskinstance.py:2585} INFO - 1 downstream tasks scheduled from follow-on schedule check
