[2023-04-18T13:58:53.730+0000] {taskinstance.py:1084} INFO - Dependencies all met for dep_context=non-requeueable deps ti=<TaskInstance: preparo_receita_almoco.informar_fim manual__2023-04-18T13:58:49.449973+00:00 [queued]>
[2023-04-18T13:58:53.738+0000] {taskinstance.py:1084} INFO - Dependencies all met for dep_context=requeueable deps ti=<TaskInstance: preparo_receita_almoco.informar_fim manual__2023-04-18T13:58:49.449973+00:00 [queued]>
[2023-04-18T13:58:53.738+0000] {taskinstance.py:1282} INFO - 
--------------------------------------------------------------------------------
[2023-04-18T13:58:53.739+0000] {taskinstance.py:1283} INFO - Starting attempt 1 of 1
[2023-04-18T13:58:53.739+0000] {taskinstance.py:1284} INFO - 
--------------------------------------------------------------------------------
[2023-04-18T13:58:53.747+0000] {taskinstance.py:1303} INFO - Executing <Task(PythonOperator): informar_fim> on 2023-04-18 13:58:49.449973+00:00
[2023-04-18T13:58:53.751+0000] {standard_task_runner.py:55} INFO - Started process 206 to run task
[2023-04-18T13:58:53.755+0000] {standard_task_runner.py:82} INFO - Running: ['***', 'tasks', 'run', 'preparo_receita_almoco', 'informar_fim', 'manual__2023-04-18T13:58:49.449973+00:00', '--job-id', '242', '--raw', '--subdir', 'DAGS_FOLDER/preparo_receita_almoco_dag.py', '--cfg-path', '/tmp/tmp19gfyils']
[2023-04-18T13:58:53.756+0000] {standard_task_runner.py:83} INFO - Job 242: Subtask informar_fim
[2023-04-18T13:58:53.831+0000] {task_command.py:388} INFO - Running <TaskInstance: preparo_receita_almoco.informar_fim manual__2023-04-18T13:58:49.449973+00:00 [running]> on host 74f80fb1551d
[2023-04-18T13:58:53.903+0000] {taskinstance.py:1511} INFO - Exporting the following env vars:
AIRFLOW_CTX_DAG_OWNER=***
AIRFLOW_CTX_DAG_ID=preparo_receita_almoco
AIRFLOW_CTX_TASK_ID=informar_fim
AIRFLOW_CTX_EXECUTION_DATE=2023-04-18T13:58:49.449973+00:00
AIRFLOW_CTX_TRY_NUMBER=1
AIRFLOW_CTX_DAG_RUN_ID=manual__2023-04-18T13:58:49.449973+00:00
[2023-04-18T13:58:53.907+0000] {python.py:177} INFO - Done. Returned value was: None
[2023-04-18T13:58:53.917+0000] {taskinstance.py:1326} INFO - Marking task as SUCCESS. dag_id=preparo_receita_almoco, task_id=informar_fim, execution_date=20230418T135849, start_date=20230418T135853, end_date=20230418T135853
[2023-04-18T13:58:53.968+0000] {local_task_job.py:212} INFO - Task exited with return code 0
[2023-04-18T13:58:53.988+0000] {taskinstance.py:2585} INFO - 1 downstream tasks scheduled from follow-on schedule check
