[2023-04-15T12:40:02.210+0000] {taskinstance.py:1084} INFO - Dependencies all met for dep_context=non-requeueable deps ti=<TaskInstance: example_dag_basic.transform manual__2023-04-15T12:39:58.969555+00:00 [queued]>
[2023-04-15T12:40:02.217+0000] {taskinstance.py:1084} INFO - Dependencies all met for dep_context=requeueable deps ti=<TaskInstance: example_dag_basic.transform manual__2023-04-15T12:39:58.969555+00:00 [queued]>
[2023-04-15T12:40:02.218+0000] {taskinstance.py:1282} INFO - 
--------------------------------------------------------------------------------
[2023-04-15T12:40:02.218+0000] {taskinstance.py:1283} INFO - Starting attempt 1 of 3
[2023-04-15T12:40:02.218+0000] {taskinstance.py:1284} INFO - 
--------------------------------------------------------------------------------
[2023-04-15T12:40:02.226+0000] {taskinstance.py:1303} INFO - Executing <Task(_PythonDecoratedOperator): transform> on 2023-04-15 12:39:58.969555+00:00
[2023-04-15T12:40:02.232+0000] {standard_task_runner.py:55} INFO - Started process 1552 to run task
[2023-04-15T12:40:02.236+0000] {standard_task_runner.py:82} INFO - Running: ['***', 'tasks', 'run', 'example_dag_basic', 'transform', 'manual__2023-04-15T12:39:58.969555+00:00', '--job-id', '138', '--raw', '--subdir', 'DAGS_FOLDER/exemple_dag_basic.py', '--cfg-path', '/tmp/tmpldm1lu1g']
[2023-04-15T12:40:02.237+0000] {standard_task_runner.py:83} INFO - Job 138: Subtask transform
[2023-04-15T12:40:02.297+0000] {task_command.py:388} INFO - Running <TaskInstance: example_dag_basic.transform manual__2023-04-15T12:39:58.969555+00:00 [running]> on host 229ecb906897
[2023-04-15T12:40:02.375+0000] {taskinstance.py:1511} INFO - Exporting the following env vars:
AIRFLOW_CTX_DAG_OWNER=***
AIRFLOW_CTX_DAG_ID=example_dag_basic
AIRFLOW_CTX_TASK_ID=transform
AIRFLOW_CTX_EXECUTION_DATE=2023-04-15T12:39:58.969555+00:00
AIRFLOW_CTX_TRY_NUMBER=1
AIRFLOW_CTX_DAG_RUN_ID=manual__2023-04-15T12:39:58.969555+00:00
[2023-04-15T12:40:02.377+0000] {python.py:177} INFO - Done. Returned value was: {'total_order_value': 1236.7}
[2023-04-15T12:40:02.405+0000] {taskinstance.py:1326} INFO - Marking task as SUCCESS. dag_id=example_dag_basic, task_id=transform, execution_date=20230415T123958, start_date=20230415T124002, end_date=20230415T124002
[2023-04-15T12:40:02.454+0000] {local_task_job.py:212} INFO - Task exited with return code 0
[2023-04-15T12:40:02.479+0000] {taskinstance.py:2585} INFO - 1 downstream tasks scheduled from follow-on schedule check
