[2023-04-15T12:40:00.506+0000] {taskinstance.py:1084} INFO - Dependencies all met for dep_context=non-requeueable deps ti=<TaskInstance: example_dag_basic.extract manual__2023-04-15T12:39:58.969555+00:00 [queued]>
[2023-04-15T12:40:00.590+0000] {taskinstance.py:1084} INFO - Dependencies all met for dep_context=requeueable deps ti=<TaskInstance: example_dag_basic.extract manual__2023-04-15T12:39:58.969555+00:00 [queued]>
[2023-04-15T12:40:00.594+0000] {taskinstance.py:1282} INFO - 
--------------------------------------------------------------------------------
[2023-04-15T12:40:00.602+0000] {taskinstance.py:1283} INFO - Starting attempt 1 of 3
[2023-04-15T12:40:00.603+0000] {taskinstance.py:1284} INFO - 
--------------------------------------------------------------------------------
[2023-04-15T12:40:00.619+0000] {taskinstance.py:1303} INFO - Executing <Task(_PythonDecoratedOperator): extract> on 2023-04-15 12:39:58.969555+00:00
[2023-04-15T12:40:00.642+0000] {standard_task_runner.py:55} INFO - Started process 1550 to run task
[2023-04-15T12:40:00.651+0000] {standard_task_runner.py:82} INFO - Running: ['***', 'tasks', 'run', 'example_dag_basic', 'extract', 'manual__2023-04-15T12:39:58.969555+00:00', '--job-id', '137', '--raw', '--subdir', 'DAGS_FOLDER/exemple_dag_basic.py', '--cfg-path', '/tmp/tmp6gb72aqg']
[2023-04-15T12:40:00.653+0000] {standard_task_runner.py:83} INFO - Job 137: Subtask extract
[2023-04-15T12:40:00.732+0000] {task_command.py:388} INFO - Running <TaskInstance: example_dag_basic.extract manual__2023-04-15T12:39:58.969555+00:00 [running]> on host 229ecb906897
[2023-04-15T12:40:00.806+0000] {taskinstance.py:1511} INFO - Exporting the following env vars:
AIRFLOW_CTX_DAG_OWNER=***
AIRFLOW_CTX_DAG_ID=example_dag_basic
AIRFLOW_CTX_TASK_ID=extract
AIRFLOW_CTX_EXECUTION_DATE=2023-04-15T12:39:58.969555+00:00
AIRFLOW_CTX_TRY_NUMBER=1
AIRFLOW_CTX_DAG_RUN_ID=manual__2023-04-15T12:39:58.969555+00:00
[2023-04-15T12:40:00.809+0000] {python.py:177} INFO - Done. Returned value was: {'1001': 301.27, '1002': 433.21, '1003': 502.22}
[2023-04-15T12:40:00.830+0000] {taskinstance.py:1326} INFO - Marking task as SUCCESS. dag_id=example_dag_basic, task_id=extract, execution_date=20230415T123958, start_date=20230415T124000, end_date=20230415T124000
[2023-04-15T12:40:00.865+0000] {local_task_job.py:212} INFO - Task exited with return code 0
[2023-04-15T12:40:00.888+0000] {taskinstance.py:2585} INFO - 1 downstream tasks scheduled from follow-on schedule check
