[2023-04-14T14:30:21.204+0000] {processor.py:153} INFO - Started process (PID=82) to work on /home/airflow/.local/lib/python3.7/site-packages/airflow/example_dags/example_short_circuit_decorator.py
[2023-04-14T14:30:21.207+0000] {processor.py:743} INFO - Processing file /home/airflow/.local/lib/python3.7/site-packages/airflow/example_dags/example_short_circuit_decorator.py for tasks to queue
[2023-04-14T14:30:21.209+0000] {logging_mixin.py:137} INFO - [2023-04-14T14:30:21.209+0000] {dagbag.py:532} INFO - Filling up the DagBag from /home/airflow/.local/lib/python3.7/site-packages/airflow/example_dags/example_short_circuit_decorator.py
[2023-04-14T14:30:21.281+0000] {processor.py:753} INFO - DAG(s) dict_keys(['example_short_circuit_decorator']) retrieved from /home/airflow/.local/lib/python3.7/site-packages/airflow/example_dags/example_short_circuit_decorator.py
[2023-04-14T14:30:21.370+0000] {logging_mixin.py:137} INFO - [2023-04-14T14:30:21.370+0000] {dag.py:2693} INFO - Sync 1 DAGs
[2023-04-14T14:30:21.430+0000] {logging_mixin.py:137} INFO - [2023-04-14T14:30:21.430+0000] {dag.py:3444} INFO - Setting next_dagrun for example_short_circuit_decorator to 2023-04-13T14:30:21.429255+00:00, run_after=2023-04-14T14:30:21.429255+00:00
[2023-04-14T14:30:21.471+0000] {processor.py:175} INFO - Processing /home/airflow/.local/lib/python3.7/site-packages/airflow/example_dags/example_short_circuit_decorator.py took 0.271 seconds
[2023-04-14T14:30:52.007+0000] {processor.py:153} INFO - Started process (PID=138) to work on /home/airflow/.local/lib/python3.7/site-packages/airflow/example_dags/example_short_circuit_decorator.py
[2023-04-14T14:30:52.010+0000] {processor.py:743} INFO - Processing file /home/airflow/.local/lib/python3.7/site-packages/airflow/example_dags/example_short_circuit_decorator.py for tasks to queue
[2023-04-14T14:30:52.012+0000] {logging_mixin.py:137} INFO - [2023-04-14T14:30:52.012+0000] {dagbag.py:532} INFO - Filling up the DagBag from /home/airflow/.local/lib/python3.7/site-packages/airflow/example_dags/example_short_circuit_decorator.py
[2023-04-14T14:30:52.033+0000] {processor.py:753} INFO - DAG(s) dict_keys(['example_short_circuit_decorator']) retrieved from /home/airflow/.local/lib/python3.7/site-packages/airflow/example_dags/example_short_circuit_decorator.py
[2023-04-14T14:30:52.062+0000] {logging_mixin.py:137} INFO - [2023-04-14T14:30:52.062+0000] {dag.py:2693} INFO - Sync 1 DAGs
[2023-04-14T14:30:52.080+0000] {logging_mixin.py:137} INFO - [2023-04-14T14:30:52.080+0000] {dag.py:3444} INFO - Setting next_dagrun for example_short_circuit_decorator to 2023-04-13T14:30:52.080362+00:00, run_after=2023-04-14T14:30:52.080362+00:00
[2023-04-14T14:30:52.092+0000] {processor.py:175} INFO - Processing /home/airflow/.local/lib/python3.7/site-packages/airflow/example_dags/example_short_circuit_decorator.py took 0.091 seconds
[2023-04-14T14:31:22.192+0000] {processor.py:153} INFO - Started process (PID=192) to work on /home/airflow/.local/lib/python3.7/site-packages/airflow/example_dags/example_short_circuit_decorator.py
[2023-04-14T14:31:22.193+0000] {processor.py:743} INFO - Processing file /home/airflow/.local/lib/python3.7/site-packages/airflow/example_dags/example_short_circuit_decorator.py for tasks to queue
[2023-04-14T14:31:22.194+0000] {logging_mixin.py:137} INFO - [2023-04-14T14:31:22.194+0000] {dagbag.py:532} INFO - Filling up the DagBag from /home/airflow/.local/lib/python3.7/site-packages/airflow/example_dags/example_short_circuit_decorator.py
[2023-04-14T14:31:22.211+0000] {processor.py:753} INFO - DAG(s) dict_keys(['example_short_circuit_decorator']) retrieved from /home/airflow/.local/lib/python3.7/site-packages/airflow/example_dags/example_short_circuit_decorator.py
[2023-04-14T14:31:22.230+0000] {logging_mixin.py:137} INFO - [2023-04-14T14:31:22.230+0000] {dag.py:2693} INFO - Sync 1 DAGs
[2023-04-14T14:31:22.246+0000] {logging_mixin.py:137} INFO - [2023-04-14T14:31:22.246+0000] {dag.py:3444} INFO - Setting next_dagrun for example_short_circuit_decorator to 2023-04-13T14:31:22.246576+00:00, run_after=2023-04-14T14:31:22.246576+00:00
[2023-04-14T14:31:22.259+0000] {processor.py:175} INFO - Processing /home/airflow/.local/lib/python3.7/site-packages/airflow/example_dags/example_short_circuit_decorator.py took 0.070 seconds
[2023-04-14T14:31:53.109+0000] {processor.py:153} INFO - Started process (PID=243) to work on /home/airflow/.local/lib/python3.7/site-packages/airflow/example_dags/example_short_circuit_decorator.py
[2023-04-14T14:31:53.111+0000] {processor.py:743} INFO - Processing file /home/airflow/.local/lib/python3.7/site-packages/airflow/example_dags/example_short_circuit_decorator.py for tasks to queue
[2023-04-14T14:31:53.113+0000] {logging_mixin.py:137} INFO - [2023-04-14T14:31:53.112+0000] {dagbag.py:532} INFO - Filling up the DagBag from /home/airflow/.local/lib/python3.7/site-packages/airflow/example_dags/example_short_circuit_decorator.py
[2023-04-14T14:31:53.134+0000] {processor.py:753} INFO - DAG(s) dict_keys(['example_short_circuit_decorator']) retrieved from /home/airflow/.local/lib/python3.7/site-packages/airflow/example_dags/example_short_circuit_decorator.py
[2023-04-14T14:31:53.155+0000] {logging_mixin.py:137} INFO - [2023-04-14T14:31:53.154+0000] {dag.py:2693} INFO - Sync 1 DAGs
[2023-04-14T14:31:53.172+0000] {logging_mixin.py:137} INFO - [2023-04-14T14:31:53.171+0000] {dag.py:3444} INFO - Setting next_dagrun for example_short_circuit_decorator to 2023-04-13T14:31:53.171702+00:00, run_after=2023-04-14T14:31:53.171702+00:00
[2023-04-14T14:31:53.186+0000] {processor.py:175} INFO - Processing /home/airflow/.local/lib/python3.7/site-packages/airflow/example_dags/example_short_circuit_decorator.py took 0.081 seconds
[2023-04-14T14:32:24.699+0000] {processor.py:153} INFO - Started process (PID=295) to work on /home/airflow/.local/lib/python3.7/site-packages/airflow/example_dags/example_short_circuit_decorator.py
[2023-04-14T14:32:24.700+0000] {processor.py:743} INFO - Processing file /home/airflow/.local/lib/python3.7/site-packages/airflow/example_dags/example_short_circuit_decorator.py for tasks to queue
[2023-04-14T14:32:24.701+0000] {logging_mixin.py:137} INFO - [2023-04-14T14:32:24.701+0000] {dagbag.py:532} INFO - Filling up the DagBag from /home/airflow/.local/lib/python3.7/site-packages/airflow/example_dags/example_short_circuit_decorator.py
[2023-04-14T14:32:24.729+0000] {processor.py:753} INFO - DAG(s) dict_keys(['example_short_circuit_decorator']) retrieved from /home/airflow/.local/lib/python3.7/site-packages/airflow/example_dags/example_short_circuit_decorator.py
[2023-04-14T14:32:24.759+0000] {logging_mixin.py:137} INFO - [2023-04-14T14:32:24.759+0000] {dag.py:2693} INFO - Sync 1 DAGs
[2023-04-14T14:32:24.793+0000] {logging_mixin.py:137} INFO - [2023-04-14T14:32:24.793+0000] {dag.py:3444} INFO - Setting next_dagrun for example_short_circuit_decorator to 2023-04-13T14:32:24.793322+00:00, run_after=2023-04-14T14:32:24.793322+00:00
[2023-04-14T14:32:24.812+0000] {processor.py:175} INFO - Processing /home/airflow/.local/lib/python3.7/site-packages/airflow/example_dags/example_short_circuit_decorator.py took 0.116 seconds
[2023-04-14T14:34:01.045+0000] {processor.py:153} INFO - Started process (PID=81) to work on /home/airflow/.local/lib/python3.7/site-packages/airflow/example_dags/example_short_circuit_decorator.py
[2023-04-14T14:34:01.048+0000] {processor.py:743} INFO - Processing file /home/airflow/.local/lib/python3.7/site-packages/airflow/example_dags/example_short_circuit_decorator.py for tasks to queue
[2023-04-14T14:34:01.049+0000] {logging_mixin.py:137} INFO - [2023-04-14T14:34:01.049+0000] {dagbag.py:532} INFO - Filling up the DagBag from /home/airflow/.local/lib/python3.7/site-packages/airflow/example_dags/example_short_circuit_decorator.py
[2023-04-14T14:34:01.073+0000] {processor.py:753} INFO - DAG(s) dict_keys(['example_short_circuit_decorator']) retrieved from /home/airflow/.local/lib/python3.7/site-packages/airflow/example_dags/example_short_circuit_decorator.py
[2023-04-14T14:34:01.106+0000] {logging_mixin.py:137} INFO - [2023-04-14T14:34:01.106+0000] {dag.py:2693} INFO - Sync 1 DAGs
[2023-04-14T14:34:01.156+0000] {logging_mixin.py:137} INFO - [2023-04-14T14:34:01.156+0000] {dag.py:3444} INFO - Setting next_dagrun for example_short_circuit_decorator to 2023-04-13T14:34:01.155738+00:00, run_after=2023-04-14T14:34:01.155738+00:00
[2023-04-14T14:34:01.179+0000] {processor.py:175} INFO - Processing /home/airflow/.local/lib/python3.7/site-packages/airflow/example_dags/example_short_circuit_decorator.py took 0.137 seconds
[2023-04-14T14:34:31.562+0000] {processor.py:153} INFO - Started process (PID=134) to work on /home/airflow/.local/lib/python3.7/site-packages/airflow/example_dags/example_short_circuit_decorator.py
[2023-04-14T14:34:31.566+0000] {processor.py:743} INFO - Processing file /home/airflow/.local/lib/python3.7/site-packages/airflow/example_dags/example_short_circuit_decorator.py for tasks to queue
[2023-04-14T14:34:31.567+0000] {logging_mixin.py:137} INFO - [2023-04-14T14:34:31.567+0000] {dagbag.py:532} INFO - Filling up the DagBag from /home/airflow/.local/lib/python3.7/site-packages/airflow/example_dags/example_short_circuit_decorator.py
[2023-04-14T14:34:31.586+0000] {processor.py:753} INFO - DAG(s) dict_keys(['example_short_circuit_decorator']) retrieved from /home/airflow/.local/lib/python3.7/site-packages/airflow/example_dags/example_short_circuit_decorator.py
[2023-04-14T14:34:31.615+0000] {logging_mixin.py:137} INFO - [2023-04-14T14:34:31.615+0000] {dag.py:2693} INFO - Sync 1 DAGs
[2023-04-14T14:34:31.637+0000] {logging_mixin.py:137} INFO - [2023-04-14T14:34:31.637+0000] {dag.py:3444} INFO - Setting next_dagrun for example_short_circuit_decorator to 2023-04-13T14:34:31.637246+00:00, run_after=2023-04-14T14:34:31.637246+00:00
[2023-04-14T14:34:31.652+0000] {processor.py:175} INFO - Processing /home/airflow/.local/lib/python3.7/site-packages/airflow/example_dags/example_short_circuit_decorator.py took 0.093 seconds
[2023-04-14T14:35:02.065+0000] {processor.py:153} INFO - Started process (PID=187) to work on /home/airflow/.local/lib/python3.7/site-packages/airflow/example_dags/example_short_circuit_decorator.py
[2023-04-14T14:35:02.067+0000] {processor.py:743} INFO - Processing file /home/airflow/.local/lib/python3.7/site-packages/airflow/example_dags/example_short_circuit_decorator.py for tasks to queue
[2023-04-14T14:35:02.068+0000] {logging_mixin.py:137} INFO - [2023-04-14T14:35:02.068+0000] {dagbag.py:532} INFO - Filling up the DagBag from /home/airflow/.local/lib/python3.7/site-packages/airflow/example_dags/example_short_circuit_decorator.py
[2023-04-14T14:35:02.092+0000] {processor.py:753} INFO - DAG(s) dict_keys(['example_short_circuit_decorator']) retrieved from /home/airflow/.local/lib/python3.7/site-packages/airflow/example_dags/example_short_circuit_decorator.py
[2023-04-14T14:35:02.141+0000] {logging_mixin.py:137} INFO - [2023-04-14T14:35:02.141+0000] {dag.py:2693} INFO - Sync 1 DAGs
[2023-04-14T14:35:02.176+0000] {logging_mixin.py:137} INFO - [2023-04-14T14:35:02.176+0000] {dag.py:3444} INFO - Setting next_dagrun for example_short_circuit_decorator to 2023-04-13T14:35:02.176109+00:00, run_after=2023-04-14T14:35:02.176109+00:00
[2023-04-14T14:35:02.193+0000] {processor.py:175} INFO - Processing /home/airflow/.local/lib/python3.7/site-packages/airflow/example_dags/example_short_circuit_decorator.py took 0.133 seconds
[2023-04-14T14:35:32.740+0000] {processor.py:153} INFO - Started process (PID=240) to work on /home/airflow/.local/lib/python3.7/site-packages/airflow/example_dags/example_short_circuit_decorator.py
[2023-04-14T14:35:32.744+0000] {processor.py:743} INFO - Processing file /home/airflow/.local/lib/python3.7/site-packages/airflow/example_dags/example_short_circuit_decorator.py for tasks to queue
[2023-04-14T14:35:32.746+0000] {logging_mixin.py:137} INFO - [2023-04-14T14:35:32.746+0000] {dagbag.py:532} INFO - Filling up the DagBag from /home/airflow/.local/lib/python3.7/site-packages/airflow/example_dags/example_short_circuit_decorator.py
[2023-04-14T14:35:32.768+0000] {processor.py:753} INFO - DAG(s) dict_keys(['example_short_circuit_decorator']) retrieved from /home/airflow/.local/lib/python3.7/site-packages/airflow/example_dags/example_short_circuit_decorator.py
[2023-04-14T14:35:32.794+0000] {logging_mixin.py:137} INFO - [2023-04-14T14:35:32.794+0000] {dag.py:2693} INFO - Sync 1 DAGs
[2023-04-14T14:35:32.816+0000] {logging_mixin.py:137} INFO - [2023-04-14T14:35:32.816+0000] {dag.py:3444} INFO - Setting next_dagrun for example_short_circuit_decorator to 2023-04-13T14:35:32.815862+00:00, run_after=2023-04-14T14:35:32.815862+00:00
[2023-04-14T14:35:32.836+0000] {processor.py:175} INFO - Processing /home/airflow/.local/lib/python3.7/site-packages/airflow/example_dags/example_short_circuit_decorator.py took 0.102 seconds
[2023-04-14T14:36:03.804+0000] {processor.py:153} INFO - Started process (PID=293) to work on /home/airflow/.local/lib/python3.7/site-packages/airflow/example_dags/example_short_circuit_decorator.py
[2023-04-14T14:36:03.809+0000] {processor.py:743} INFO - Processing file /home/airflow/.local/lib/python3.7/site-packages/airflow/example_dags/example_short_circuit_decorator.py for tasks to queue
[2023-04-14T14:36:03.812+0000] {logging_mixin.py:137} INFO - [2023-04-14T14:36:03.812+0000] {dagbag.py:532} INFO - Filling up the DagBag from /home/airflow/.local/lib/python3.7/site-packages/airflow/example_dags/example_short_circuit_decorator.py
[2023-04-14T14:36:03.875+0000] {processor.py:753} INFO - DAG(s) dict_keys(['example_short_circuit_decorator']) retrieved from /home/airflow/.local/lib/python3.7/site-packages/airflow/example_dags/example_short_circuit_decorator.py
[2023-04-14T14:36:03.927+0000] {logging_mixin.py:137} INFO - [2023-04-14T14:36:03.927+0000] {dag.py:2693} INFO - Sync 1 DAGs
[2023-04-14T14:36:03.949+0000] {logging_mixin.py:137} INFO - [2023-04-14T14:36:03.949+0000] {dag.py:3444} INFO - Setting next_dagrun for example_short_circuit_decorator to 2023-04-13T14:36:03.948819+00:00, run_after=2023-04-14T14:36:03.948819+00:00
[2023-04-14T14:36:03.962+0000] {processor.py:175} INFO - Processing /home/airflow/.local/lib/python3.7/site-packages/airflow/example_dags/example_short_circuit_decorator.py took 0.170 seconds
[2023-04-14T14:36:34.653+0000] {processor.py:153} INFO - Started process (PID=346) to work on /home/airflow/.local/lib/python3.7/site-packages/airflow/example_dags/example_short_circuit_decorator.py
[2023-04-14T14:36:34.654+0000] {processor.py:743} INFO - Processing file /home/airflow/.local/lib/python3.7/site-packages/airflow/example_dags/example_short_circuit_decorator.py for tasks to queue
[2023-04-14T14:36:34.658+0000] {logging_mixin.py:137} INFO - [2023-04-14T14:36:34.658+0000] {dagbag.py:532} INFO - Filling up the DagBag from /home/airflow/.local/lib/python3.7/site-packages/airflow/example_dags/example_short_circuit_decorator.py
[2023-04-14T14:36:34.758+0000] {processor.py:753} INFO - DAG(s) dict_keys(['example_short_circuit_decorator']) retrieved from /home/airflow/.local/lib/python3.7/site-packages/airflow/example_dags/example_short_circuit_decorator.py
[2023-04-14T14:36:35.424+0000] {logging_mixin.py:137} INFO - [2023-04-14T14:36:35.422+0000] {dag.py:2693} INFO - Sync 1 DAGs
[2023-04-14T14:36:35.640+0000] {logging_mixin.py:137} INFO - [2023-04-14T14:36:35.640+0000] {dag.py:3444} INFO - Setting next_dagrun for example_short_circuit_decorator to 2023-04-13T14:36:35.632738+00:00, run_after=2023-04-14T14:36:35.632738+00:00
[2023-04-14T14:36:35.851+0000] {processor.py:175} INFO - Processing /home/airflow/.local/lib/python3.7/site-packages/airflow/example_dags/example_short_circuit_decorator.py took 1.201 seconds
[2023-04-14T14:37:06.395+0000] {processor.py:153} INFO - Started process (PID=399) to work on /home/airflow/.local/lib/python3.7/site-packages/airflow/example_dags/example_short_circuit_decorator.py
[2023-04-14T14:37:06.397+0000] {processor.py:743} INFO - Processing file /home/airflow/.local/lib/python3.7/site-packages/airflow/example_dags/example_short_circuit_decorator.py for tasks to queue
[2023-04-14T14:37:06.398+0000] {logging_mixin.py:137} INFO - [2023-04-14T14:37:06.398+0000] {dagbag.py:532} INFO - Filling up the DagBag from /home/airflow/.local/lib/python3.7/site-packages/airflow/example_dags/example_short_circuit_decorator.py
[2023-04-14T14:37:06.452+0000] {processor.py:753} INFO - DAG(s) dict_keys(['example_short_circuit_decorator']) retrieved from /home/airflow/.local/lib/python3.7/site-packages/airflow/example_dags/example_short_circuit_decorator.py
[2023-04-14T14:37:06.491+0000] {logging_mixin.py:137} INFO - [2023-04-14T14:37:06.491+0000] {dag.py:2693} INFO - Sync 1 DAGs
[2023-04-14T14:37:06.524+0000] {logging_mixin.py:137} INFO - [2023-04-14T14:37:06.524+0000] {dag.py:3444} INFO - Setting next_dagrun for example_short_circuit_decorator to 2023-04-13T14:37:06.523649+00:00, run_after=2023-04-14T14:37:06.523649+00:00
[2023-04-14T14:37:06.539+0000] {processor.py:175} INFO - Processing /home/airflow/.local/lib/python3.7/site-packages/airflow/example_dags/example_short_circuit_decorator.py took 0.150 seconds
[2023-04-14T14:37:36.952+0000] {processor.py:153} INFO - Started process (PID=452) to work on /home/airflow/.local/lib/python3.7/site-packages/airflow/example_dags/example_short_circuit_decorator.py
[2023-04-14T14:37:36.954+0000] {processor.py:743} INFO - Processing file /home/airflow/.local/lib/python3.7/site-packages/airflow/example_dags/example_short_circuit_decorator.py for tasks to queue
[2023-04-14T14:37:36.956+0000] {logging_mixin.py:137} INFO - [2023-04-14T14:37:36.956+0000] {dagbag.py:532} INFO - Filling up the DagBag from /home/airflow/.local/lib/python3.7/site-packages/airflow/example_dags/example_short_circuit_decorator.py
[2023-04-14T14:37:36.981+0000] {processor.py:753} INFO - DAG(s) dict_keys(['example_short_circuit_decorator']) retrieved from /home/airflow/.local/lib/python3.7/site-packages/airflow/example_dags/example_short_circuit_decorator.py
[2023-04-14T14:37:37.004+0000] {logging_mixin.py:137} INFO - [2023-04-14T14:37:37.004+0000] {dag.py:2693} INFO - Sync 1 DAGs
[2023-04-14T14:37:37.021+0000] {logging_mixin.py:137} INFO - [2023-04-14T14:37:37.021+0000] {dag.py:3444} INFO - Setting next_dagrun for example_short_circuit_decorator to 2023-04-13T14:37:37.020813+00:00, run_after=2023-04-14T14:37:37.020813+00:00
[2023-04-14T14:37:37.033+0000] {processor.py:175} INFO - Processing /home/airflow/.local/lib/python3.7/site-packages/airflow/example_dags/example_short_circuit_decorator.py took 0.086 seconds
[2023-04-14T14:38:07.232+0000] {processor.py:153} INFO - Started process (PID=504) to work on /home/airflow/.local/lib/python3.7/site-packages/airflow/example_dags/example_short_circuit_decorator.py
[2023-04-14T14:38:07.234+0000] {processor.py:743} INFO - Processing file /home/airflow/.local/lib/python3.7/site-packages/airflow/example_dags/example_short_circuit_decorator.py for tasks to queue
[2023-04-14T14:38:07.236+0000] {logging_mixin.py:137} INFO - [2023-04-14T14:38:07.236+0000] {dagbag.py:532} INFO - Filling up the DagBag from /home/airflow/.local/lib/python3.7/site-packages/airflow/example_dags/example_short_circuit_decorator.py
[2023-04-14T14:38:07.265+0000] {processor.py:753} INFO - DAG(s) dict_keys(['example_short_circuit_decorator']) retrieved from /home/airflow/.local/lib/python3.7/site-packages/airflow/example_dags/example_short_circuit_decorator.py
[2023-04-14T14:38:07.307+0000] {logging_mixin.py:137} INFO - [2023-04-14T14:38:07.307+0000] {dag.py:2693} INFO - Sync 1 DAGs
[2023-04-14T14:38:07.327+0000] {logging_mixin.py:137} INFO - [2023-04-14T14:38:07.327+0000] {dag.py:3444} INFO - Setting next_dagrun for example_short_circuit_decorator to 2023-04-13T14:38:07.327318+00:00, run_after=2023-04-14T14:38:07.327318+00:00
[2023-04-14T14:38:07.344+0000] {processor.py:175} INFO - Processing /home/airflow/.local/lib/python3.7/site-packages/airflow/example_dags/example_short_circuit_decorator.py took 0.119 seconds
[2023-04-14T14:38:37.632+0000] {processor.py:153} INFO - Started process (PID=562) to work on /home/airflow/.local/lib/python3.7/site-packages/airflow/example_dags/example_short_circuit_decorator.py
[2023-04-14T14:38:37.638+0000] {processor.py:743} INFO - Processing file /home/airflow/.local/lib/python3.7/site-packages/airflow/example_dags/example_short_circuit_decorator.py for tasks to queue
[2023-04-14T14:38:37.653+0000] {logging_mixin.py:137} INFO - [2023-04-14T14:38:37.652+0000] {dagbag.py:532} INFO - Filling up the DagBag from /home/airflow/.local/lib/python3.7/site-packages/airflow/example_dags/example_short_circuit_decorator.py
[2023-04-14T14:38:37.715+0000] {processor.py:753} INFO - DAG(s) dict_keys(['example_short_circuit_decorator']) retrieved from /home/airflow/.local/lib/python3.7/site-packages/airflow/example_dags/example_short_circuit_decorator.py
[2023-04-14T14:38:37.765+0000] {logging_mixin.py:137} INFO - [2023-04-14T14:38:37.765+0000] {dag.py:2693} INFO - Sync 1 DAGs
[2023-04-14T14:38:37.791+0000] {logging_mixin.py:137} INFO - [2023-04-14T14:38:37.791+0000] {dag.py:3444} INFO - Setting next_dagrun for example_short_circuit_decorator to 2023-04-13T14:38:37.791163+00:00, run_after=2023-04-14T14:38:37.791163+00:00
[2023-04-14T14:38:37.806+0000] {processor.py:175} INFO - Processing /home/airflow/.local/lib/python3.7/site-packages/airflow/example_dags/example_short_circuit_decorator.py took 0.196 seconds
[2023-04-14T14:39:08.713+0000] {processor.py:153} INFO - Started process (PID=615) to work on /home/airflow/.local/lib/python3.7/site-packages/airflow/example_dags/example_short_circuit_decorator.py
[2023-04-14T14:39:08.715+0000] {processor.py:743} INFO - Processing file /home/airflow/.local/lib/python3.7/site-packages/airflow/example_dags/example_short_circuit_decorator.py for tasks to queue
[2023-04-14T14:39:08.716+0000] {logging_mixin.py:137} INFO - [2023-04-14T14:39:08.716+0000] {dagbag.py:532} INFO - Filling up the DagBag from /home/airflow/.local/lib/python3.7/site-packages/airflow/example_dags/example_short_circuit_decorator.py
[2023-04-14T14:39:08.742+0000] {processor.py:753} INFO - DAG(s) dict_keys(['example_short_circuit_decorator']) retrieved from /home/airflow/.local/lib/python3.7/site-packages/airflow/example_dags/example_short_circuit_decorator.py
[2023-04-14T14:39:08.768+0000] {logging_mixin.py:137} INFO - [2023-04-14T14:39:08.768+0000] {dag.py:2693} INFO - Sync 1 DAGs
[2023-04-14T14:39:08.787+0000] {logging_mixin.py:137} INFO - [2023-04-14T14:39:08.786+0000] {dag.py:3444} INFO - Setting next_dagrun for example_short_circuit_decorator to 2023-04-13T14:39:08.786682+00:00, run_after=2023-04-14T14:39:08.786682+00:00
[2023-04-14T14:39:08.805+0000] {processor.py:175} INFO - Processing /home/airflow/.local/lib/python3.7/site-packages/airflow/example_dags/example_short_circuit_decorator.py took 0.096 seconds
[2023-04-14T14:39:39.496+0000] {processor.py:153} INFO - Started process (PID=668) to work on /home/airflow/.local/lib/python3.7/site-packages/airflow/example_dags/example_short_circuit_decorator.py
[2023-04-14T14:39:39.499+0000] {processor.py:743} INFO - Processing file /home/airflow/.local/lib/python3.7/site-packages/airflow/example_dags/example_short_circuit_decorator.py for tasks to queue
[2023-04-14T14:39:39.501+0000] {logging_mixin.py:137} INFO - [2023-04-14T14:39:39.501+0000] {dagbag.py:532} INFO - Filling up the DagBag from /home/airflow/.local/lib/python3.7/site-packages/airflow/example_dags/example_short_circuit_decorator.py
[2023-04-14T14:39:39.581+0000] {processor.py:753} INFO - DAG(s) dict_keys(['example_short_circuit_decorator']) retrieved from /home/airflow/.local/lib/python3.7/site-packages/airflow/example_dags/example_short_circuit_decorator.py
[2023-04-14T14:39:39.666+0000] {logging_mixin.py:137} INFO - [2023-04-14T14:39:39.666+0000] {dag.py:2693} INFO - Sync 1 DAGs
[2023-04-14T14:39:39.713+0000] {logging_mixin.py:137} INFO - [2023-04-14T14:39:39.712+0000] {dag.py:3444} INFO - Setting next_dagrun for example_short_circuit_decorator to 2023-04-13T14:39:39.712464+00:00, run_after=2023-04-14T14:39:39.712464+00:00
[2023-04-14T14:39:39.733+0000] {processor.py:175} INFO - Processing /home/airflow/.local/lib/python3.7/site-packages/airflow/example_dags/example_short_circuit_decorator.py took 0.248 seconds
[2023-04-14T14:40:10.384+0000] {processor.py:153} INFO - Started process (PID=721) to work on /home/airflow/.local/lib/python3.7/site-packages/airflow/example_dags/example_short_circuit_decorator.py
[2023-04-14T14:40:10.387+0000] {processor.py:743} INFO - Processing file /home/airflow/.local/lib/python3.7/site-packages/airflow/example_dags/example_short_circuit_decorator.py for tasks to queue
[2023-04-14T14:40:10.389+0000] {logging_mixin.py:137} INFO - [2023-04-14T14:40:10.389+0000] {dagbag.py:532} INFO - Filling up the DagBag from /home/airflow/.local/lib/python3.7/site-packages/airflow/example_dags/example_short_circuit_decorator.py
[2023-04-14T14:40:10.451+0000] {processor.py:753} INFO - DAG(s) dict_keys(['example_short_circuit_decorator']) retrieved from /home/airflow/.local/lib/python3.7/site-packages/airflow/example_dags/example_short_circuit_decorator.py
[2023-04-14T14:40:10.501+0000] {logging_mixin.py:137} INFO - [2023-04-14T14:40:10.501+0000] {dag.py:2693} INFO - Sync 1 DAGs
[2023-04-14T14:40:10.544+0000] {logging_mixin.py:137} INFO - [2023-04-14T14:40:10.544+0000] {dag.py:3444} INFO - Setting next_dagrun for example_short_circuit_decorator to 2023-04-13T14:40:10.543151+00:00, run_after=2023-04-14T14:40:10.543151+00:00
[2023-04-14T14:40:10.565+0000] {processor.py:175} INFO - Processing /home/airflow/.local/lib/python3.7/site-packages/airflow/example_dags/example_short_circuit_decorator.py took 0.199 seconds
[2023-04-14T14:40:40.821+0000] {processor.py:153} INFO - Started process (PID=774) to work on /home/airflow/.local/lib/python3.7/site-packages/airflow/example_dags/example_short_circuit_decorator.py
[2023-04-14T14:40:40.825+0000] {processor.py:743} INFO - Processing file /home/airflow/.local/lib/python3.7/site-packages/airflow/example_dags/example_short_circuit_decorator.py for tasks to queue
[2023-04-14T14:40:40.826+0000] {logging_mixin.py:137} INFO - [2023-04-14T14:40:40.825+0000] {dagbag.py:532} INFO - Filling up the DagBag from /home/airflow/.local/lib/python3.7/site-packages/airflow/example_dags/example_short_circuit_decorator.py
[2023-04-14T14:40:40.857+0000] {processor.py:753} INFO - DAG(s) dict_keys(['example_short_circuit_decorator']) retrieved from /home/airflow/.local/lib/python3.7/site-packages/airflow/example_dags/example_short_circuit_decorator.py
[2023-04-14T14:40:40.882+0000] {logging_mixin.py:137} INFO - [2023-04-14T14:40:40.881+0000] {dag.py:2693} INFO - Sync 1 DAGs
[2023-04-14T14:40:40.901+0000] {logging_mixin.py:137} INFO - [2023-04-14T14:40:40.901+0000] {dag.py:3444} INFO - Setting next_dagrun for example_short_circuit_decorator to 2023-04-13T14:40:40.901445+00:00, run_after=2023-04-14T14:40:40.901445+00:00
[2023-04-14T14:40:40.917+0000] {processor.py:175} INFO - Processing /home/airflow/.local/lib/python3.7/site-packages/airflow/example_dags/example_short_circuit_decorator.py took 0.102 seconds
[2023-04-14T14:41:11.154+0000] {processor.py:153} INFO - Started process (PID=827) to work on /home/airflow/.local/lib/python3.7/site-packages/airflow/example_dags/example_short_circuit_decorator.py
[2023-04-14T14:41:11.156+0000] {processor.py:743} INFO - Processing file /home/airflow/.local/lib/python3.7/site-packages/airflow/example_dags/example_short_circuit_decorator.py for tasks to queue
[2023-04-14T14:41:11.158+0000] {logging_mixin.py:137} INFO - [2023-04-14T14:41:11.158+0000] {dagbag.py:532} INFO - Filling up the DagBag from /home/airflow/.local/lib/python3.7/site-packages/airflow/example_dags/example_short_circuit_decorator.py
[2023-04-14T14:41:11.192+0000] {processor.py:753} INFO - DAG(s) dict_keys(['example_short_circuit_decorator']) retrieved from /home/airflow/.local/lib/python3.7/site-packages/airflow/example_dags/example_short_circuit_decorator.py
[2023-04-14T14:41:11.239+0000] {logging_mixin.py:137} INFO - [2023-04-14T14:41:11.239+0000] {dag.py:2693} INFO - Sync 1 DAGs
[2023-04-14T14:41:11.271+0000] {logging_mixin.py:137} INFO - [2023-04-14T14:41:11.271+0000] {dag.py:3444} INFO - Setting next_dagrun for example_short_circuit_decorator to 2023-04-13T14:41:11.270613+00:00, run_after=2023-04-14T14:41:11.270613+00:00
[2023-04-14T14:41:11.301+0000] {processor.py:175} INFO - Processing /home/airflow/.local/lib/python3.7/site-packages/airflow/example_dags/example_short_circuit_decorator.py took 0.151 seconds
[2023-04-14T14:42:17.082+0000] {processor.py:153} INFO - Started process (PID=75) to work on /home/airflow/.local/lib/python3.7/site-packages/airflow/example_dags/example_short_circuit_decorator.py
[2023-04-14T14:42:17.083+0000] {processor.py:743} INFO - Processing file /home/airflow/.local/lib/python3.7/site-packages/airflow/example_dags/example_short_circuit_decorator.py for tasks to queue
[2023-04-14T14:42:17.084+0000] {logging_mixin.py:137} INFO - [2023-04-14T14:42:17.084+0000] {dagbag.py:532} INFO - Filling up the DagBag from /home/airflow/.local/lib/python3.7/site-packages/airflow/example_dags/example_short_circuit_decorator.py
[2023-04-14T14:42:17.124+0000] {processor.py:753} INFO - DAG(s) dict_keys(['example_short_circuit_decorator']) retrieved from /home/airflow/.local/lib/python3.7/site-packages/airflow/example_dags/example_short_circuit_decorator.py
[2023-04-14T14:42:17.137+0000] {logging_mixin.py:137} INFO - [2023-04-14T14:42:17.137+0000] {dag.py:2693} INFO - Sync 1 DAGs
[2023-04-14T14:42:17.157+0000] {logging_mixin.py:137} INFO - [2023-04-14T14:42:17.157+0000] {dag.py:3444} INFO - Setting next_dagrun for example_short_circuit_decorator to 2023-04-13T14:42:17.157026+00:00, run_after=2023-04-14T14:42:17.157026+00:00
[2023-04-14T14:42:17.171+0000] {processor.py:175} INFO - Processing /home/airflow/.local/lib/python3.7/site-packages/airflow/example_dags/example_short_circuit_decorator.py took 0.092 seconds
[2023-04-14T14:42:47.664+0000] {processor.py:153} INFO - Started process (PID=128) to work on /home/airflow/.local/lib/python3.7/site-packages/airflow/example_dags/example_short_circuit_decorator.py
[2023-04-14T14:42:47.665+0000] {processor.py:743} INFO - Processing file /home/airflow/.local/lib/python3.7/site-packages/airflow/example_dags/example_short_circuit_decorator.py for tasks to queue
[2023-04-14T14:42:47.666+0000] {logging_mixin.py:137} INFO - [2023-04-14T14:42:47.666+0000] {dagbag.py:532} INFO - Filling up the DagBag from /home/airflow/.local/lib/python3.7/site-packages/airflow/example_dags/example_short_circuit_decorator.py
[2023-04-14T14:42:47.688+0000] {processor.py:753} INFO - DAG(s) dict_keys(['example_short_circuit_decorator']) retrieved from /home/airflow/.local/lib/python3.7/site-packages/airflow/example_dags/example_short_circuit_decorator.py
[2023-04-14T14:42:47.710+0000] {logging_mixin.py:137} INFO - [2023-04-14T14:42:47.710+0000] {dag.py:2693} INFO - Sync 1 DAGs
[2023-04-14T14:42:47.727+0000] {logging_mixin.py:137} INFO - [2023-04-14T14:42:47.727+0000] {dag.py:3444} INFO - Setting next_dagrun for example_short_circuit_decorator to 2023-04-13T14:42:47.727368+00:00, run_after=2023-04-14T14:42:47.727368+00:00
[2023-04-14T14:42:47.740+0000] {processor.py:175} INFO - Processing /home/airflow/.local/lib/python3.7/site-packages/airflow/example_dags/example_short_circuit_decorator.py took 0.078 seconds
[2023-04-14T14:43:18.106+0000] {processor.py:153} INFO - Started process (PID=181) to work on /home/airflow/.local/lib/python3.7/site-packages/airflow/example_dags/example_short_circuit_decorator.py
[2023-04-14T14:43:18.107+0000] {processor.py:743} INFO - Processing file /home/airflow/.local/lib/python3.7/site-packages/airflow/example_dags/example_short_circuit_decorator.py for tasks to queue
[2023-04-14T14:43:18.108+0000] {logging_mixin.py:137} INFO - [2023-04-14T14:43:18.108+0000] {dagbag.py:532} INFO - Filling up the DagBag from /home/airflow/.local/lib/python3.7/site-packages/airflow/example_dags/example_short_circuit_decorator.py
[2023-04-14T14:43:18.125+0000] {processor.py:753} INFO - DAG(s) dict_keys(['example_short_circuit_decorator']) retrieved from /home/airflow/.local/lib/python3.7/site-packages/airflow/example_dags/example_short_circuit_decorator.py
[2023-04-14T14:43:18.145+0000] {logging_mixin.py:137} INFO - [2023-04-14T14:43:18.145+0000] {dag.py:2693} INFO - Sync 1 DAGs
[2023-04-14T14:43:18.165+0000] {logging_mixin.py:137} INFO - [2023-04-14T14:43:18.165+0000] {dag.py:3444} INFO - Setting next_dagrun for example_short_circuit_decorator to 2023-04-13T14:43:18.165238+00:00, run_after=2023-04-14T14:43:18.165238+00:00
[2023-04-14T14:43:18.177+0000] {processor.py:175} INFO - Processing /home/airflow/.local/lib/python3.7/site-packages/airflow/example_dags/example_short_circuit_decorator.py took 0.074 seconds
[2023-04-14T14:43:50.209+0000] {processor.py:153} INFO - Started process (PID=234) to work on /home/airflow/.local/lib/python3.7/site-packages/airflow/example_dags/example_short_circuit_decorator.py
[2023-04-14T14:43:50.211+0000] {processor.py:743} INFO - Processing file /home/airflow/.local/lib/python3.7/site-packages/airflow/example_dags/example_short_circuit_decorator.py for tasks to queue
[2023-04-14T14:43:50.213+0000] {logging_mixin.py:137} INFO - [2023-04-14T14:43:50.213+0000] {dagbag.py:532} INFO - Filling up the DagBag from /home/airflow/.local/lib/python3.7/site-packages/airflow/example_dags/example_short_circuit_decorator.py
[2023-04-14T14:43:50.241+0000] {processor.py:753} INFO - DAG(s) dict_keys(['example_short_circuit_decorator']) retrieved from /home/airflow/.local/lib/python3.7/site-packages/airflow/example_dags/example_short_circuit_decorator.py
[2023-04-14T14:43:50.274+0000] {logging_mixin.py:137} INFO - [2023-04-14T14:43:50.274+0000] {dag.py:2693} INFO - Sync 1 DAGs
[2023-04-14T14:43:50.301+0000] {logging_mixin.py:137} INFO - [2023-04-14T14:43:50.301+0000] {dag.py:3444} INFO - Setting next_dagrun for example_short_circuit_decorator to 2023-04-13T14:43:50.301356+00:00, run_after=2023-04-14T14:43:50.301356+00:00
[2023-04-14T14:43:50.315+0000] {processor.py:175} INFO - Processing /home/airflow/.local/lib/python3.7/site-packages/airflow/example_dags/example_short_circuit_decorator.py took 0.110 seconds
[2023-04-14T14:44:20.374+0000] {processor.py:153} INFO - Started process (PID=287) to work on /home/airflow/.local/lib/python3.7/site-packages/airflow/example_dags/example_short_circuit_decorator.py
[2023-04-14T14:44:20.375+0000] {processor.py:743} INFO - Processing file /home/airflow/.local/lib/python3.7/site-packages/airflow/example_dags/example_short_circuit_decorator.py for tasks to queue
[2023-04-14T14:44:20.376+0000] {logging_mixin.py:137} INFO - [2023-04-14T14:44:20.376+0000] {dagbag.py:532} INFO - Filling up the DagBag from /home/airflow/.local/lib/python3.7/site-packages/airflow/example_dags/example_short_circuit_decorator.py
[2023-04-14T14:44:20.391+0000] {processor.py:753} INFO - DAG(s) dict_keys(['example_short_circuit_decorator']) retrieved from /home/airflow/.local/lib/python3.7/site-packages/airflow/example_dags/example_short_circuit_decorator.py
[2023-04-14T14:44:20.412+0000] {logging_mixin.py:137} INFO - [2023-04-14T14:44:20.412+0000] {dag.py:2693} INFO - Sync 1 DAGs
[2023-04-14T14:44:20.428+0000] {logging_mixin.py:137} INFO - [2023-04-14T14:44:20.428+0000] {dag.py:3444} INFO - Setting next_dagrun for example_short_circuit_decorator to 2023-04-13T14:44:20.428490+00:00, run_after=2023-04-14T14:44:20.428490+00:00
[2023-04-14T14:44:20.440+0000] {processor.py:175} INFO - Processing /home/airflow/.local/lib/python3.7/site-packages/airflow/example_dags/example_short_circuit_decorator.py took 0.069 seconds
[2023-04-14T14:44:50.745+0000] {processor.py:153} INFO - Started process (PID=340) to work on /home/airflow/.local/lib/python3.7/site-packages/airflow/example_dags/example_short_circuit_decorator.py
[2023-04-14T14:44:50.746+0000] {processor.py:743} INFO - Processing file /home/airflow/.local/lib/python3.7/site-packages/airflow/example_dags/example_short_circuit_decorator.py for tasks to queue
[2023-04-14T14:44:50.747+0000] {logging_mixin.py:137} INFO - [2023-04-14T14:44:50.746+0000] {dagbag.py:532} INFO - Filling up the DagBag from /home/airflow/.local/lib/python3.7/site-packages/airflow/example_dags/example_short_circuit_decorator.py
[2023-04-14T14:44:50.763+0000] {processor.py:753} INFO - DAG(s) dict_keys(['example_short_circuit_decorator']) retrieved from /home/airflow/.local/lib/python3.7/site-packages/airflow/example_dags/example_short_circuit_decorator.py
[2023-04-14T14:44:50.784+0000] {logging_mixin.py:137} INFO - [2023-04-14T14:44:50.784+0000] {dag.py:2693} INFO - Sync 1 DAGs
[2023-04-14T14:44:50.801+0000] {logging_mixin.py:137} INFO - [2023-04-14T14:44:50.801+0000] {dag.py:3444} INFO - Setting next_dagrun for example_short_circuit_decorator to 2023-04-13T14:44:50.800697+00:00, run_after=2023-04-14T14:44:50.800697+00:00
[2023-04-14T14:44:50.816+0000] {processor.py:175} INFO - Processing /home/airflow/.local/lib/python3.7/site-packages/airflow/example_dags/example_short_circuit_decorator.py took 0.074 seconds
[2023-04-14T14:45:21.162+0000] {processor.py:153} INFO - Started process (PID=393) to work on /home/airflow/.local/lib/python3.7/site-packages/airflow/example_dags/example_short_circuit_decorator.py
[2023-04-14T14:45:21.163+0000] {processor.py:743} INFO - Processing file /home/airflow/.local/lib/python3.7/site-packages/airflow/example_dags/example_short_circuit_decorator.py for tasks to queue
[2023-04-14T14:45:21.164+0000] {logging_mixin.py:137} INFO - [2023-04-14T14:45:21.164+0000] {dagbag.py:532} INFO - Filling up the DagBag from /home/airflow/.local/lib/python3.7/site-packages/airflow/example_dags/example_short_circuit_decorator.py
[2023-04-14T14:45:21.181+0000] {processor.py:753} INFO - DAG(s) dict_keys(['example_short_circuit_decorator']) retrieved from /home/airflow/.local/lib/python3.7/site-packages/airflow/example_dags/example_short_circuit_decorator.py
[2023-04-14T14:45:21.202+0000] {logging_mixin.py:137} INFO - [2023-04-14T14:45:21.202+0000] {dag.py:2693} INFO - Sync 1 DAGs
[2023-04-14T14:45:21.217+0000] {logging_mixin.py:137} INFO - [2023-04-14T14:45:21.217+0000] {dag.py:3444} INFO - Setting next_dagrun for example_short_circuit_decorator to 2023-04-13T14:45:21.217269+00:00, run_after=2023-04-14T14:45:21.217269+00:00
[2023-04-14T14:45:21.230+0000] {processor.py:175} INFO - Processing /home/airflow/.local/lib/python3.7/site-packages/airflow/example_dags/example_short_circuit_decorator.py took 0.071 seconds
[2023-04-14T14:45:52.545+0000] {processor.py:153} INFO - Started process (PID=446) to work on /home/airflow/.local/lib/python3.7/site-packages/airflow/example_dags/example_short_circuit_decorator.py
[2023-04-14T14:45:52.547+0000] {processor.py:743} INFO - Processing file /home/airflow/.local/lib/python3.7/site-packages/airflow/example_dags/example_short_circuit_decorator.py for tasks to queue
[2023-04-14T14:45:52.548+0000] {logging_mixin.py:137} INFO - [2023-04-14T14:45:52.548+0000] {dagbag.py:532} INFO - Filling up the DagBag from /home/airflow/.local/lib/python3.7/site-packages/airflow/example_dags/example_short_circuit_decorator.py
[2023-04-14T14:45:52.658+0000] {processor.py:753} INFO - DAG(s) dict_keys(['example_short_circuit_decorator']) retrieved from /home/airflow/.local/lib/python3.7/site-packages/airflow/example_dags/example_short_circuit_decorator.py
[2023-04-14T14:45:52.706+0000] {logging_mixin.py:137} INFO - [2023-04-14T14:45:52.705+0000] {dag.py:2693} INFO - Sync 1 DAGs
[2023-04-14T14:45:52.751+0000] {logging_mixin.py:137} INFO - [2023-04-14T14:45:52.751+0000] {dag.py:3444} INFO - Setting next_dagrun for example_short_circuit_decorator to 2023-04-13T14:45:52.751254+00:00, run_after=2023-04-14T14:45:52.751254+00:00
[2023-04-14T14:45:52.783+0000] {processor.py:175} INFO - Processing /home/airflow/.local/lib/python3.7/site-packages/airflow/example_dags/example_short_circuit_decorator.py took 0.241 seconds
[2023-04-14T14:46:23.022+0000] {processor.py:153} INFO - Started process (PID=499) to work on /home/airflow/.local/lib/python3.7/site-packages/airflow/example_dags/example_short_circuit_decorator.py
[2023-04-14T14:46:23.025+0000] {processor.py:743} INFO - Processing file /home/airflow/.local/lib/python3.7/site-packages/airflow/example_dags/example_short_circuit_decorator.py for tasks to queue
[2023-04-14T14:46:23.027+0000] {logging_mixin.py:137} INFO - [2023-04-14T14:46:23.027+0000] {dagbag.py:532} INFO - Filling up the DagBag from /home/airflow/.local/lib/python3.7/site-packages/airflow/example_dags/example_short_circuit_decorator.py
[2023-04-14T14:46:23.048+0000] {processor.py:753} INFO - DAG(s) dict_keys(['example_short_circuit_decorator']) retrieved from /home/airflow/.local/lib/python3.7/site-packages/airflow/example_dags/example_short_circuit_decorator.py
[2023-04-14T14:46:23.070+0000] {logging_mixin.py:137} INFO - [2023-04-14T14:46:23.070+0000] {dag.py:2693} INFO - Sync 1 DAGs
[2023-04-14T14:46:23.086+0000] {logging_mixin.py:137} INFO - [2023-04-14T14:46:23.086+0000] {dag.py:3444} INFO - Setting next_dagrun for example_short_circuit_decorator to 2023-04-13T14:46:23.085904+00:00, run_after=2023-04-14T14:46:23.085904+00:00
[2023-04-14T14:46:23.098+0000] {processor.py:175} INFO - Processing /home/airflow/.local/lib/python3.7/site-packages/airflow/example_dags/example_short_circuit_decorator.py took 0.080 seconds
[2023-04-14T14:46:54.151+0000] {processor.py:153} INFO - Started process (PID=552) to work on /home/airflow/.local/lib/python3.7/site-packages/airflow/example_dags/example_short_circuit_decorator.py
[2023-04-14T14:46:54.153+0000] {processor.py:743} INFO - Processing file /home/airflow/.local/lib/python3.7/site-packages/airflow/example_dags/example_short_circuit_decorator.py for tasks to queue
[2023-04-14T14:46:54.154+0000] {logging_mixin.py:137} INFO - [2023-04-14T14:46:54.154+0000] {dagbag.py:532} INFO - Filling up the DagBag from /home/airflow/.local/lib/python3.7/site-packages/airflow/example_dags/example_short_circuit_decorator.py
[2023-04-14T14:46:54.170+0000] {processor.py:753} INFO - DAG(s) dict_keys(['example_short_circuit_decorator']) retrieved from /home/airflow/.local/lib/python3.7/site-packages/airflow/example_dags/example_short_circuit_decorator.py
[2023-04-14T14:46:54.191+0000] {logging_mixin.py:137} INFO - [2023-04-14T14:46:54.191+0000] {dag.py:2693} INFO - Sync 1 DAGs
[2023-04-14T14:46:54.206+0000] {logging_mixin.py:137} INFO - [2023-04-14T14:46:54.206+0000] {dag.py:3444} INFO - Setting next_dagrun for example_short_circuit_decorator to 2023-04-13T14:46:54.206240+00:00, run_after=2023-04-14T14:46:54.206240+00:00
[2023-04-14T14:46:54.219+0000] {processor.py:175} INFO - Processing /home/airflow/.local/lib/python3.7/site-packages/airflow/example_dags/example_short_circuit_decorator.py took 0.071 seconds
[2023-04-14T14:47:24.935+0000] {processor.py:153} INFO - Started process (PID=606) to work on /home/airflow/.local/lib/python3.7/site-packages/airflow/example_dags/example_short_circuit_decorator.py
[2023-04-14T14:47:24.936+0000] {processor.py:743} INFO - Processing file /home/airflow/.local/lib/python3.7/site-packages/airflow/example_dags/example_short_circuit_decorator.py for tasks to queue
[2023-04-14T14:47:24.937+0000] {logging_mixin.py:137} INFO - [2023-04-14T14:47:24.937+0000] {dagbag.py:532} INFO - Filling up the DagBag from /home/airflow/.local/lib/python3.7/site-packages/airflow/example_dags/example_short_circuit_decorator.py
[2023-04-14T14:47:24.956+0000] {processor.py:753} INFO - DAG(s) dict_keys(['example_short_circuit_decorator']) retrieved from /home/airflow/.local/lib/python3.7/site-packages/airflow/example_dags/example_short_circuit_decorator.py
[2023-04-14T14:47:24.979+0000] {logging_mixin.py:137} INFO - [2023-04-14T14:47:24.979+0000] {dag.py:2693} INFO - Sync 1 DAGs
[2023-04-14T14:47:25.003+0000] {logging_mixin.py:137} INFO - [2023-04-14T14:47:25.003+0000] {dag.py:3444} INFO - Setting next_dagrun for example_short_circuit_decorator to 2023-04-13T14:47:25.002810+00:00, run_after=2023-04-14T14:47:25.002810+00:00
[2023-04-14T14:47:25.018+0000] {processor.py:175} INFO - Processing /home/airflow/.local/lib/python3.7/site-packages/airflow/example_dags/example_short_circuit_decorator.py took 0.086 seconds
[2023-04-14T14:47:57.646+0000] {processor.py:153} INFO - Started process (PID=661) to work on /home/airflow/.local/lib/python3.7/site-packages/airflow/example_dags/example_short_circuit_decorator.py
[2023-04-14T14:47:57.648+0000] {processor.py:743} INFO - Processing file /home/airflow/.local/lib/python3.7/site-packages/airflow/example_dags/example_short_circuit_decorator.py for tasks to queue
[2023-04-14T14:47:57.648+0000] {logging_mixin.py:137} INFO - [2023-04-14T14:47:57.648+0000] {dagbag.py:532} INFO - Filling up the DagBag from /home/airflow/.local/lib/python3.7/site-packages/airflow/example_dags/example_short_circuit_decorator.py
[2023-04-14T14:47:57.672+0000] {processor.py:753} INFO - DAG(s) dict_keys(['example_short_circuit_decorator']) retrieved from /home/airflow/.local/lib/python3.7/site-packages/airflow/example_dags/example_short_circuit_decorator.py
[2023-04-14T14:47:57.697+0000] {logging_mixin.py:137} INFO - [2023-04-14T14:47:57.697+0000] {dag.py:2693} INFO - Sync 1 DAGs
[2023-04-14T14:47:57.713+0000] {logging_mixin.py:137} INFO - [2023-04-14T14:47:57.713+0000] {dag.py:3444} INFO - Setting next_dagrun for example_short_circuit_decorator to 2023-04-13T14:47:57.712958+00:00, run_after=2023-04-14T14:47:57.712958+00:00
[2023-04-14T14:47:57.725+0000] {processor.py:175} INFO - Processing /home/airflow/.local/lib/python3.7/site-packages/airflow/example_dags/example_short_circuit_decorator.py took 0.081 seconds
[2023-04-14T14:48:27.816+0000] {processor.py:153} INFO - Started process (PID=713) to work on /home/airflow/.local/lib/python3.7/site-packages/airflow/example_dags/example_short_circuit_decorator.py
[2023-04-14T14:48:27.817+0000] {processor.py:743} INFO - Processing file /home/airflow/.local/lib/python3.7/site-packages/airflow/example_dags/example_short_circuit_decorator.py for tasks to queue
[2023-04-14T14:48:27.818+0000] {logging_mixin.py:137} INFO - [2023-04-14T14:48:27.818+0000] {dagbag.py:532} INFO - Filling up the DagBag from /home/airflow/.local/lib/python3.7/site-packages/airflow/example_dags/example_short_circuit_decorator.py
[2023-04-14T14:48:27.837+0000] {processor.py:753} INFO - DAG(s) dict_keys(['example_short_circuit_decorator']) retrieved from /home/airflow/.local/lib/python3.7/site-packages/airflow/example_dags/example_short_circuit_decorator.py
[2023-04-14T14:48:27.862+0000] {logging_mixin.py:137} INFO - [2023-04-14T14:48:27.862+0000] {dag.py:2693} INFO - Sync 1 DAGs
[2023-04-14T14:48:27.881+0000] {logging_mixin.py:137} INFO - [2023-04-14T14:48:27.881+0000] {dag.py:3444} INFO - Setting next_dagrun for example_short_circuit_decorator to 2023-04-13T14:48:27.881019+00:00, run_after=2023-04-14T14:48:27.881019+00:00
[2023-04-14T14:48:27.895+0000] {processor.py:175} INFO - Processing /home/airflow/.local/lib/python3.7/site-packages/airflow/example_dags/example_short_circuit_decorator.py took 0.082 seconds
[2023-04-14T14:48:59.291+0000] {processor.py:153} INFO - Started process (PID=766) to work on /home/airflow/.local/lib/python3.7/site-packages/airflow/example_dags/example_short_circuit_decorator.py
[2023-04-14T14:48:59.295+0000] {processor.py:743} INFO - Processing file /home/airflow/.local/lib/python3.7/site-packages/airflow/example_dags/example_short_circuit_decorator.py for tasks to queue
[2023-04-14T14:48:59.297+0000] {logging_mixin.py:137} INFO - [2023-04-14T14:48:59.297+0000] {dagbag.py:532} INFO - Filling up the DagBag from /home/airflow/.local/lib/python3.7/site-packages/airflow/example_dags/example_short_circuit_decorator.py
[2023-04-14T14:48:59.323+0000] {processor.py:753} INFO - DAG(s) dict_keys(['example_short_circuit_decorator']) retrieved from /home/airflow/.local/lib/python3.7/site-packages/airflow/example_dags/example_short_circuit_decorator.py
[2023-04-14T14:48:59.352+0000] {logging_mixin.py:137} INFO - [2023-04-14T14:48:59.351+0000] {dag.py:2693} INFO - Sync 1 DAGs
[2023-04-14T14:48:59.378+0000] {logging_mixin.py:137} INFO - [2023-04-14T14:48:59.378+0000] {dag.py:3444} INFO - Setting next_dagrun for example_short_circuit_decorator to 2023-04-13T14:48:59.378054+00:00, run_after=2023-04-14T14:48:59.378054+00:00
[2023-04-14T14:48:59.400+0000] {processor.py:175} INFO - Processing /home/airflow/.local/lib/python3.7/site-packages/airflow/example_dags/example_short_circuit_decorator.py took 0.116 seconds
[2023-04-14T14:49:29.729+0000] {processor.py:153} INFO - Started process (PID=819) to work on /home/airflow/.local/lib/python3.7/site-packages/airflow/example_dags/example_short_circuit_decorator.py
[2023-04-14T14:49:29.731+0000] {processor.py:743} INFO - Processing file /home/airflow/.local/lib/python3.7/site-packages/airflow/example_dags/example_short_circuit_decorator.py for tasks to queue
[2023-04-14T14:49:29.732+0000] {logging_mixin.py:137} INFO - [2023-04-14T14:49:29.732+0000] {dagbag.py:532} INFO - Filling up the DagBag from /home/airflow/.local/lib/python3.7/site-packages/airflow/example_dags/example_short_circuit_decorator.py
[2023-04-14T14:49:29.753+0000] {processor.py:753} INFO - DAG(s) dict_keys(['example_short_circuit_decorator']) retrieved from /home/airflow/.local/lib/python3.7/site-packages/airflow/example_dags/example_short_circuit_decorator.py
[2023-04-14T14:49:29.777+0000] {logging_mixin.py:137} INFO - [2023-04-14T14:49:29.777+0000] {dag.py:2693} INFO - Sync 1 DAGs
[2023-04-14T14:49:29.795+0000] {logging_mixin.py:137} INFO - [2023-04-14T14:49:29.795+0000] {dag.py:3444} INFO - Setting next_dagrun for example_short_circuit_decorator to 2023-04-13T14:49:29.795139+00:00, run_after=2023-04-14T14:49:29.795139+00:00
[2023-04-14T14:49:29.811+0000] {processor.py:175} INFO - Processing /home/airflow/.local/lib/python3.7/site-packages/airflow/example_dags/example_short_circuit_decorator.py took 0.086 seconds
[2023-04-14T14:50:00.520+0000] {processor.py:153} INFO - Started process (PID=872) to work on /home/airflow/.local/lib/python3.7/site-packages/airflow/example_dags/example_short_circuit_decorator.py
[2023-04-14T14:50:00.522+0000] {processor.py:743} INFO - Processing file /home/airflow/.local/lib/python3.7/site-packages/airflow/example_dags/example_short_circuit_decorator.py for tasks to queue
[2023-04-14T14:50:00.525+0000] {logging_mixin.py:137} INFO - [2023-04-14T14:50:00.525+0000] {dagbag.py:532} INFO - Filling up the DagBag from /home/airflow/.local/lib/python3.7/site-packages/airflow/example_dags/example_short_circuit_decorator.py
[2023-04-14T14:50:00.555+0000] {processor.py:753} INFO - DAG(s) dict_keys(['example_short_circuit_decorator']) retrieved from /home/airflow/.local/lib/python3.7/site-packages/airflow/example_dags/example_short_circuit_decorator.py
[2023-04-14T14:50:00.581+0000] {logging_mixin.py:137} INFO - [2023-04-14T14:50:00.581+0000] {dag.py:2693} INFO - Sync 1 DAGs
[2023-04-14T14:50:00.603+0000] {logging_mixin.py:137} INFO - [2023-04-14T14:50:00.602+0000] {dag.py:3444} INFO - Setting next_dagrun for example_short_circuit_decorator to 2023-04-13T14:50:00.602692+00:00, run_after=2023-04-14T14:50:00.602692+00:00
[2023-04-14T14:50:00.626+0000] {processor.py:175} INFO - Processing /home/airflow/.local/lib/python3.7/site-packages/airflow/example_dags/example_short_circuit_decorator.py took 0.112 seconds
[2023-04-14T14:50:31.767+0000] {processor.py:153} INFO - Started process (PID=925) to work on /home/airflow/.local/lib/python3.7/site-packages/airflow/example_dags/example_short_circuit_decorator.py
[2023-04-14T14:50:31.769+0000] {processor.py:743} INFO - Processing file /home/airflow/.local/lib/python3.7/site-packages/airflow/example_dags/example_short_circuit_decorator.py for tasks to queue
[2023-04-14T14:50:31.770+0000] {logging_mixin.py:137} INFO - [2023-04-14T14:50:31.770+0000] {dagbag.py:532} INFO - Filling up the DagBag from /home/airflow/.local/lib/python3.7/site-packages/airflow/example_dags/example_short_circuit_decorator.py
[2023-04-14T14:50:31.812+0000] {processor.py:753} INFO - DAG(s) dict_keys(['example_short_circuit_decorator']) retrieved from /home/airflow/.local/lib/python3.7/site-packages/airflow/example_dags/example_short_circuit_decorator.py
[2023-04-14T14:50:31.852+0000] {logging_mixin.py:137} INFO - [2023-04-14T14:50:31.851+0000] {dag.py:2693} INFO - Sync 1 DAGs
[2023-04-14T14:50:31.892+0000] {logging_mixin.py:137} INFO - [2023-04-14T14:50:31.892+0000] {dag.py:3444} INFO - Setting next_dagrun for example_short_circuit_decorator to 2023-04-13T14:50:31.892197+00:00, run_after=2023-04-14T14:50:31.892197+00:00
[2023-04-14T14:50:31.928+0000] {processor.py:175} INFO - Processing /home/airflow/.local/lib/python3.7/site-packages/airflow/example_dags/example_short_circuit_decorator.py took 0.166 seconds
[2023-04-14T14:51:02.741+0000] {processor.py:153} INFO - Started process (PID=979) to work on /home/airflow/.local/lib/python3.7/site-packages/airflow/example_dags/example_short_circuit_decorator.py
[2023-04-14T14:51:02.743+0000] {processor.py:743} INFO - Processing file /home/airflow/.local/lib/python3.7/site-packages/airflow/example_dags/example_short_circuit_decorator.py for tasks to queue
[2023-04-14T14:51:02.743+0000] {logging_mixin.py:137} INFO - [2023-04-14T14:51:02.743+0000] {dagbag.py:532} INFO - Filling up the DagBag from /home/airflow/.local/lib/python3.7/site-packages/airflow/example_dags/example_short_circuit_decorator.py
[2023-04-14T14:51:02.761+0000] {processor.py:753} INFO - DAG(s) dict_keys(['example_short_circuit_decorator']) retrieved from /home/airflow/.local/lib/python3.7/site-packages/airflow/example_dags/example_short_circuit_decorator.py
[2023-04-14T14:51:02.788+0000] {logging_mixin.py:137} INFO - [2023-04-14T14:51:02.788+0000] {dag.py:2693} INFO - Sync 1 DAGs
[2023-04-14T14:51:02.820+0000] {logging_mixin.py:137} INFO - [2023-04-14T14:51:02.820+0000] {dag.py:3444} INFO - Setting next_dagrun for example_short_circuit_decorator to 2023-04-13T14:51:02.819739+00:00, run_after=2023-04-14T14:51:02.819739+00:00
[2023-04-14T14:51:02.834+0000] {processor.py:175} INFO - Processing /home/airflow/.local/lib/python3.7/site-packages/airflow/example_dags/example_short_circuit_decorator.py took 0.095 seconds
[2023-04-14T14:51:32.881+0000] {processor.py:153} INFO - Started process (PID=1029) to work on /home/airflow/.local/lib/python3.7/site-packages/airflow/example_dags/example_short_circuit_decorator.py
[2023-04-14T14:51:32.882+0000] {processor.py:743} INFO - Processing file /home/airflow/.local/lib/python3.7/site-packages/airflow/example_dags/example_short_circuit_decorator.py for tasks to queue
[2023-04-14T14:51:32.883+0000] {logging_mixin.py:137} INFO - [2023-04-14T14:51:32.883+0000] {dagbag.py:532} INFO - Filling up the DagBag from /home/airflow/.local/lib/python3.7/site-packages/airflow/example_dags/example_short_circuit_decorator.py
[2023-04-14T14:51:32.898+0000] {processor.py:753} INFO - DAG(s) dict_keys(['example_short_circuit_decorator']) retrieved from /home/airflow/.local/lib/python3.7/site-packages/airflow/example_dags/example_short_circuit_decorator.py
[2023-04-14T14:51:32.917+0000] {logging_mixin.py:137} INFO - [2023-04-14T14:51:32.917+0000] {dag.py:2693} INFO - Sync 1 DAGs
[2023-04-14T14:51:32.934+0000] {logging_mixin.py:137} INFO - [2023-04-14T14:51:32.933+0000] {dag.py:3444} INFO - Setting next_dagrun for example_short_circuit_decorator to 2023-04-13T14:51:32.933477+00:00, run_after=2023-04-14T14:51:32.933477+00:00
[2023-04-14T14:51:32.949+0000] {processor.py:175} INFO - Processing /home/airflow/.local/lib/python3.7/site-packages/airflow/example_dags/example_short_circuit_decorator.py took 0.071 seconds
[2023-04-14T14:52:03.086+0000] {processor.py:153} INFO - Started process (PID=1083) to work on /home/airflow/.local/lib/python3.7/site-packages/airflow/example_dags/example_short_circuit_decorator.py
[2023-04-14T14:52:03.087+0000] {processor.py:743} INFO - Processing file /home/airflow/.local/lib/python3.7/site-packages/airflow/example_dags/example_short_circuit_decorator.py for tasks to queue
[2023-04-14T14:52:03.088+0000] {logging_mixin.py:137} INFO - [2023-04-14T14:52:03.088+0000] {dagbag.py:532} INFO - Filling up the DagBag from /home/airflow/.local/lib/python3.7/site-packages/airflow/example_dags/example_short_circuit_decorator.py
[2023-04-14T14:52:03.111+0000] {processor.py:753} INFO - DAG(s) dict_keys(['example_short_circuit_decorator']) retrieved from /home/airflow/.local/lib/python3.7/site-packages/airflow/example_dags/example_short_circuit_decorator.py
[2023-04-14T14:52:03.144+0000] {logging_mixin.py:137} INFO - [2023-04-14T14:52:03.144+0000] {dag.py:2693} INFO - Sync 1 DAGs
[2023-04-14T14:52:03.168+0000] {logging_mixin.py:137} INFO - [2023-04-14T14:52:03.168+0000] {dag.py:3444} INFO - Setting next_dagrun for example_short_circuit_decorator to 2023-04-13T14:52:03.167845+00:00, run_after=2023-04-14T14:52:03.167845+00:00
[2023-04-14T14:52:03.185+0000] {processor.py:175} INFO - Processing /home/airflow/.local/lib/python3.7/site-packages/airflow/example_dags/example_short_circuit_decorator.py took 0.103 seconds
[2023-04-14T14:52:34.130+0000] {processor.py:153} INFO - Started process (PID=1135) to work on /home/airflow/.local/lib/python3.7/site-packages/airflow/example_dags/example_short_circuit_decorator.py
[2023-04-14T14:52:34.132+0000] {processor.py:743} INFO - Processing file /home/airflow/.local/lib/python3.7/site-packages/airflow/example_dags/example_short_circuit_decorator.py for tasks to queue
[2023-04-14T14:52:34.133+0000] {logging_mixin.py:137} INFO - [2023-04-14T14:52:34.132+0000] {dagbag.py:532} INFO - Filling up the DagBag from /home/airflow/.local/lib/python3.7/site-packages/airflow/example_dags/example_short_circuit_decorator.py
[2023-04-14T14:52:34.154+0000] {processor.py:753} INFO - DAG(s) dict_keys(['example_short_circuit_decorator']) retrieved from /home/airflow/.local/lib/python3.7/site-packages/airflow/example_dags/example_short_circuit_decorator.py
[2023-04-14T14:52:34.176+0000] {logging_mixin.py:137} INFO - [2023-04-14T14:52:34.176+0000] {dag.py:2693} INFO - Sync 1 DAGs
[2023-04-14T14:52:34.195+0000] {logging_mixin.py:137} INFO - [2023-04-14T14:52:34.195+0000] {dag.py:3444} INFO - Setting next_dagrun for example_short_circuit_decorator to 2023-04-13T14:52:34.195278+00:00, run_after=2023-04-14T14:52:34.195278+00:00
[2023-04-14T14:52:34.208+0000] {processor.py:175} INFO - Processing /home/airflow/.local/lib/python3.7/site-packages/airflow/example_dags/example_short_circuit_decorator.py took 0.082 seconds
[2023-04-14T14:53:04.932+0000] {processor.py:153} INFO - Started process (PID=1188) to work on /home/airflow/.local/lib/python3.7/site-packages/airflow/example_dags/example_short_circuit_decorator.py
[2023-04-14T14:53:04.933+0000] {processor.py:743} INFO - Processing file /home/airflow/.local/lib/python3.7/site-packages/airflow/example_dags/example_short_circuit_decorator.py for tasks to queue
[2023-04-14T14:53:04.938+0000] {logging_mixin.py:137} INFO - [2023-04-14T14:53:04.937+0000] {dagbag.py:532} INFO - Filling up the DagBag from /home/airflow/.local/lib/python3.7/site-packages/airflow/example_dags/example_short_circuit_decorator.py
[2023-04-14T14:53:04.965+0000] {processor.py:753} INFO - DAG(s) dict_keys(['example_short_circuit_decorator']) retrieved from /home/airflow/.local/lib/python3.7/site-packages/airflow/example_dags/example_short_circuit_decorator.py
[2023-04-14T14:53:05.003+0000] {logging_mixin.py:137} INFO - [2023-04-14T14:53:05.002+0000] {dag.py:2693} INFO - Sync 1 DAGs
[2023-04-14T14:53:05.050+0000] {logging_mixin.py:137} INFO - [2023-04-14T14:53:05.050+0000] {dag.py:3444} INFO - Setting next_dagrun for example_short_circuit_decorator to 2023-04-13T14:53:05.050206+00:00, run_after=2023-04-14T14:53:05.050206+00:00
[2023-04-14T14:53:05.063+0000] {processor.py:175} INFO - Processing /home/airflow/.local/lib/python3.7/site-packages/airflow/example_dags/example_short_circuit_decorator.py took 0.135 seconds
[2023-04-14T14:53:35.246+0000] {processor.py:153} INFO - Started process (PID=1246) to work on /home/airflow/.local/lib/python3.7/site-packages/airflow/example_dags/example_short_circuit_decorator.py
[2023-04-14T14:53:35.247+0000] {processor.py:743} INFO - Processing file /home/airflow/.local/lib/python3.7/site-packages/airflow/example_dags/example_short_circuit_decorator.py for tasks to queue
[2023-04-14T14:53:35.248+0000] {logging_mixin.py:137} INFO - [2023-04-14T14:53:35.248+0000] {dagbag.py:532} INFO - Filling up the DagBag from /home/airflow/.local/lib/python3.7/site-packages/airflow/example_dags/example_short_circuit_decorator.py
[2023-04-14T14:53:35.266+0000] {processor.py:753} INFO - DAG(s) dict_keys(['example_short_circuit_decorator']) retrieved from /home/airflow/.local/lib/python3.7/site-packages/airflow/example_dags/example_short_circuit_decorator.py
[2023-04-14T14:53:35.291+0000] {logging_mixin.py:137} INFO - [2023-04-14T14:53:35.291+0000] {dag.py:2693} INFO - Sync 1 DAGs
[2023-04-14T14:53:35.312+0000] {logging_mixin.py:137} INFO - [2023-04-14T14:53:35.312+0000] {dag.py:3444} INFO - Setting next_dagrun for example_short_circuit_decorator to 2023-04-13T14:53:35.312420+00:00, run_after=2023-04-14T14:53:35.312420+00:00
[2023-04-14T14:53:35.327+0000] {processor.py:175} INFO - Processing /home/airflow/.local/lib/python3.7/site-packages/airflow/example_dags/example_short_circuit_decorator.py took 0.084 seconds
[2023-04-14T14:54:05.549+0000] {processor.py:153} INFO - Started process (PID=1299) to work on /home/airflow/.local/lib/python3.7/site-packages/airflow/example_dags/example_short_circuit_decorator.py
[2023-04-14T14:54:05.551+0000] {processor.py:743} INFO - Processing file /home/airflow/.local/lib/python3.7/site-packages/airflow/example_dags/example_short_circuit_decorator.py for tasks to queue
[2023-04-14T14:54:05.552+0000] {logging_mixin.py:137} INFO - [2023-04-14T14:54:05.552+0000] {dagbag.py:532} INFO - Filling up the DagBag from /home/airflow/.local/lib/python3.7/site-packages/airflow/example_dags/example_short_circuit_decorator.py
[2023-04-14T14:54:05.573+0000] {processor.py:753} INFO - DAG(s) dict_keys(['example_short_circuit_decorator']) retrieved from /home/airflow/.local/lib/python3.7/site-packages/airflow/example_dags/example_short_circuit_decorator.py
[2023-04-14T14:54:05.603+0000] {logging_mixin.py:137} INFO - [2023-04-14T14:54:05.603+0000] {dag.py:2693} INFO - Sync 1 DAGs
[2023-04-14T14:54:05.624+0000] {logging_mixin.py:137} INFO - [2023-04-14T14:54:05.624+0000] {dag.py:3444} INFO - Setting next_dagrun for example_short_circuit_decorator to 2023-04-13T14:54:05.623993+00:00, run_after=2023-04-14T14:54:05.623993+00:00
[2023-04-14T14:54:05.638+0000] {processor.py:175} INFO - Processing /home/airflow/.local/lib/python3.7/site-packages/airflow/example_dags/example_short_circuit_decorator.py took 0.093 seconds
[2023-04-14T14:54:35.874+0000] {processor.py:153} INFO - Started process (PID=1352) to work on /home/airflow/.local/lib/python3.7/site-packages/airflow/example_dags/example_short_circuit_decorator.py
[2023-04-14T14:54:35.875+0000] {processor.py:743} INFO - Processing file /home/airflow/.local/lib/python3.7/site-packages/airflow/example_dags/example_short_circuit_decorator.py for tasks to queue
[2023-04-14T14:54:35.876+0000] {logging_mixin.py:137} INFO - [2023-04-14T14:54:35.876+0000] {dagbag.py:532} INFO - Filling up the DagBag from /home/airflow/.local/lib/python3.7/site-packages/airflow/example_dags/example_short_circuit_decorator.py
[2023-04-14T14:54:35.906+0000] {processor.py:753} INFO - DAG(s) dict_keys(['example_short_circuit_decorator']) retrieved from /home/airflow/.local/lib/python3.7/site-packages/airflow/example_dags/example_short_circuit_decorator.py
[2023-04-14T14:54:35.949+0000] {logging_mixin.py:137} INFO - [2023-04-14T14:54:35.949+0000] {dag.py:2693} INFO - Sync 1 DAGs
[2023-04-14T14:54:35.986+0000] {logging_mixin.py:137} INFO - [2023-04-14T14:54:35.986+0000] {dag.py:3444} INFO - Setting next_dagrun for example_short_circuit_decorator to 2023-04-13T14:54:35.985631+00:00, run_after=2023-04-14T14:54:35.985631+00:00
[2023-04-14T14:54:36.002+0000] {processor.py:175} INFO - Processing /home/airflow/.local/lib/python3.7/site-packages/airflow/example_dags/example_short_circuit_decorator.py took 0.132 seconds
[2023-04-14T14:55:06.406+0000] {processor.py:153} INFO - Started process (PID=1404) to work on /home/airflow/.local/lib/python3.7/site-packages/airflow/example_dags/example_short_circuit_decorator.py
[2023-04-14T14:55:06.409+0000] {processor.py:743} INFO - Processing file /home/airflow/.local/lib/python3.7/site-packages/airflow/example_dags/example_short_circuit_decorator.py for tasks to queue
[2023-04-14T14:55:06.410+0000] {logging_mixin.py:137} INFO - [2023-04-14T14:55:06.410+0000] {dagbag.py:532} INFO - Filling up the DagBag from /home/airflow/.local/lib/python3.7/site-packages/airflow/example_dags/example_short_circuit_decorator.py
[2023-04-14T14:55:06.447+0000] {processor.py:753} INFO - DAG(s) dict_keys(['example_short_circuit_decorator']) retrieved from /home/airflow/.local/lib/python3.7/site-packages/airflow/example_dags/example_short_circuit_decorator.py
[2023-04-14T14:55:06.483+0000] {logging_mixin.py:137} INFO - [2023-04-14T14:55:06.483+0000] {dag.py:2693} INFO - Sync 1 DAGs
[2023-04-14T14:55:06.507+0000] {logging_mixin.py:137} INFO - [2023-04-14T14:55:06.507+0000] {dag.py:3444} INFO - Setting next_dagrun for example_short_circuit_decorator to 2023-04-13T14:55:06.507403+00:00, run_after=2023-04-14T14:55:06.507403+00:00
[2023-04-14T14:55:06.521+0000] {processor.py:175} INFO - Processing /home/airflow/.local/lib/python3.7/site-packages/airflow/example_dags/example_short_circuit_decorator.py took 0.120 seconds
[2023-04-14T14:55:36.745+0000] {processor.py:153} INFO - Started process (PID=1456) to work on /home/airflow/.local/lib/python3.7/site-packages/airflow/example_dags/example_short_circuit_decorator.py
[2023-04-14T14:55:36.747+0000] {processor.py:743} INFO - Processing file /home/airflow/.local/lib/python3.7/site-packages/airflow/example_dags/example_short_circuit_decorator.py for tasks to queue
[2023-04-14T14:55:36.748+0000] {logging_mixin.py:137} INFO - [2023-04-14T14:55:36.748+0000] {dagbag.py:532} INFO - Filling up the DagBag from /home/airflow/.local/lib/python3.7/site-packages/airflow/example_dags/example_short_circuit_decorator.py
[2023-04-14T14:55:36.772+0000] {processor.py:753} INFO - DAG(s) dict_keys(['example_short_circuit_decorator']) retrieved from /home/airflow/.local/lib/python3.7/site-packages/airflow/example_dags/example_short_circuit_decorator.py
[2023-04-14T14:55:36.795+0000] {logging_mixin.py:137} INFO - [2023-04-14T14:55:36.794+0000] {dag.py:2693} INFO - Sync 1 DAGs
[2023-04-14T14:55:36.810+0000] {logging_mixin.py:137} INFO - [2023-04-14T14:55:36.810+0000] {dag.py:3444} INFO - Setting next_dagrun for example_short_circuit_decorator to 2023-04-13T14:55:36.810413+00:00, run_after=2023-04-14T14:55:36.810413+00:00
[2023-04-14T14:55:36.823+0000] {processor.py:175} INFO - Processing /home/airflow/.local/lib/python3.7/site-packages/airflow/example_dags/example_short_circuit_decorator.py took 0.084 seconds
[2023-04-14T14:56:07.112+0000] {processor.py:153} INFO - Started process (PID=1509) to work on /home/airflow/.local/lib/python3.7/site-packages/airflow/example_dags/example_short_circuit_decorator.py
[2023-04-14T14:56:07.113+0000] {processor.py:743} INFO - Processing file /home/airflow/.local/lib/python3.7/site-packages/airflow/example_dags/example_short_circuit_decorator.py for tasks to queue
[2023-04-14T14:56:07.114+0000] {logging_mixin.py:137} INFO - [2023-04-14T14:56:07.114+0000] {dagbag.py:532} INFO - Filling up the DagBag from /home/airflow/.local/lib/python3.7/site-packages/airflow/example_dags/example_short_circuit_decorator.py
[2023-04-14T14:56:07.140+0000] {processor.py:753} INFO - DAG(s) dict_keys(['example_short_circuit_decorator']) retrieved from /home/airflow/.local/lib/python3.7/site-packages/airflow/example_dags/example_short_circuit_decorator.py
[2023-04-14T14:56:07.170+0000] {logging_mixin.py:137} INFO - [2023-04-14T14:56:07.169+0000] {dag.py:2693} INFO - Sync 1 DAGs
[2023-04-14T14:56:07.191+0000] {logging_mixin.py:137} INFO - [2023-04-14T14:56:07.191+0000] {dag.py:3444} INFO - Setting next_dagrun for example_short_circuit_decorator to 2023-04-13T14:56:07.190696+00:00, run_after=2023-04-14T14:56:07.190696+00:00
[2023-04-14T14:56:07.205+0000] {processor.py:175} INFO - Processing /home/airflow/.local/lib/python3.7/site-packages/airflow/example_dags/example_short_circuit_decorator.py took 0.097 seconds
[2023-04-14T14:56:37.708+0000] {processor.py:153} INFO - Started process (PID=1562) to work on /home/airflow/.local/lib/python3.7/site-packages/airflow/example_dags/example_short_circuit_decorator.py
[2023-04-14T14:56:37.709+0000] {processor.py:743} INFO - Processing file /home/airflow/.local/lib/python3.7/site-packages/airflow/example_dags/example_short_circuit_decorator.py for tasks to queue
[2023-04-14T14:56:37.711+0000] {logging_mixin.py:137} INFO - [2023-04-14T14:56:37.711+0000] {dagbag.py:532} INFO - Filling up the DagBag from /home/airflow/.local/lib/python3.7/site-packages/airflow/example_dags/example_short_circuit_decorator.py
[2023-04-14T14:56:37.737+0000] {processor.py:753} INFO - DAG(s) dict_keys(['example_short_circuit_decorator']) retrieved from /home/airflow/.local/lib/python3.7/site-packages/airflow/example_dags/example_short_circuit_decorator.py
[2023-04-14T14:56:37.764+0000] {logging_mixin.py:137} INFO - [2023-04-14T14:56:37.764+0000] {dag.py:2693} INFO - Sync 1 DAGs
[2023-04-14T14:56:37.783+0000] {logging_mixin.py:137} INFO - [2023-04-14T14:56:37.783+0000] {dag.py:3444} INFO - Setting next_dagrun for example_short_circuit_decorator to 2023-04-13T14:56:37.783313+00:00, run_after=2023-04-14T14:56:37.783313+00:00
[2023-04-14T14:56:37.796+0000] {processor.py:175} INFO - Processing /home/airflow/.local/lib/python3.7/site-packages/airflow/example_dags/example_short_circuit_decorator.py took 0.093 seconds
[2023-04-14T14:57:08.060+0000] {processor.py:153} INFO - Started process (PID=1615) to work on /home/airflow/.local/lib/python3.7/site-packages/airflow/example_dags/example_short_circuit_decorator.py
[2023-04-14T14:57:08.062+0000] {processor.py:743} INFO - Processing file /home/airflow/.local/lib/python3.7/site-packages/airflow/example_dags/example_short_circuit_decorator.py for tasks to queue
[2023-04-14T14:57:08.063+0000] {logging_mixin.py:137} INFO - [2023-04-14T14:57:08.063+0000] {dagbag.py:532} INFO - Filling up the DagBag from /home/airflow/.local/lib/python3.7/site-packages/airflow/example_dags/example_short_circuit_decorator.py
[2023-04-14T14:57:08.088+0000] {processor.py:753} INFO - DAG(s) dict_keys(['example_short_circuit_decorator']) retrieved from /home/airflow/.local/lib/python3.7/site-packages/airflow/example_dags/example_short_circuit_decorator.py
[2023-04-14T14:57:08.118+0000] {logging_mixin.py:137} INFO - [2023-04-14T14:57:08.118+0000] {dag.py:2693} INFO - Sync 1 DAGs
[2023-04-14T14:57:08.138+0000] {logging_mixin.py:137} INFO - [2023-04-14T14:57:08.138+0000] {dag.py:3444} INFO - Setting next_dagrun for example_short_circuit_decorator to 2023-04-13T14:57:08.138191+00:00, run_after=2023-04-14T14:57:08.138191+00:00
[2023-04-14T14:57:08.158+0000] {processor.py:175} INFO - Processing /home/airflow/.local/lib/python3.7/site-packages/airflow/example_dags/example_short_circuit_decorator.py took 0.103 seconds
