[2023-04-14T14:30:15.775+0000] {processor.py:153} INFO - Started process (PID=47) to work on /home/airflow/.local/lib/python3.7/site-packages/airflow/example_dags/example_sensors.py
[2023-04-14T14:30:15.777+0000] {processor.py:743} INFO - Processing file /home/airflow/.local/lib/python3.7/site-packages/airflow/example_dags/example_sensors.py for tasks to queue
[2023-04-14T14:30:15.781+0000] {logging_mixin.py:137} INFO - [2023-04-14T14:30:15.780+0000] {dagbag.py:532} INFO - Filling up the DagBag from /home/airflow/.local/lib/python3.7/site-packages/airflow/example_dags/example_sensors.py
[2023-04-14T14:30:15.883+0000] {processor.py:753} INFO - DAG(s) dict_keys(['example_sensors']) retrieved from /home/airflow/.local/lib/python3.7/site-packages/airflow/example_dags/example_sensors.py
[2023-04-14T14:30:15.947+0000] {logging_mixin.py:137} INFO - [2023-04-14T14:30:15.947+0000] {dag.py:2693} INFO - Sync 1 DAGs
[2023-04-14T14:30:16.030+0000] {logging_mixin.py:137} INFO - [2023-04-14T14:30:16.029+0000] {dag.py:3444} INFO - Setting next_dagrun for example_sensors to None, run_after=None
[2023-04-14T14:30:16.060+0000] {processor.py:175} INFO - Processing /home/airflow/.local/lib/python3.7/site-packages/airflow/example_dags/example_sensors.py took 0.292 seconds
[2023-04-14T14:30:46.543+0000] {processor.py:153} INFO - Started process (PID=101) to work on /home/airflow/.local/lib/python3.7/site-packages/airflow/example_dags/example_sensors.py
[2023-04-14T14:30:46.545+0000] {processor.py:743} INFO - Processing file /home/airflow/.local/lib/python3.7/site-packages/airflow/example_dags/example_sensors.py for tasks to queue
[2023-04-14T14:30:46.546+0000] {logging_mixin.py:137} INFO - [2023-04-14T14:30:46.546+0000] {dagbag.py:532} INFO - Filling up the DagBag from /home/airflow/.local/lib/python3.7/site-packages/airflow/example_dags/example_sensors.py
[2023-04-14T14:30:46.574+0000] {processor.py:753} INFO - DAG(s) dict_keys(['example_sensors']) retrieved from /home/airflow/.local/lib/python3.7/site-packages/airflow/example_dags/example_sensors.py
[2023-04-14T14:30:46.610+0000] {logging_mixin.py:137} INFO - [2023-04-14T14:30:46.610+0000] {dag.py:2693} INFO - Sync 1 DAGs
[2023-04-14T14:30:46.629+0000] {logging_mixin.py:137} INFO - [2023-04-14T14:30:46.629+0000] {dag.py:3444} INFO - Setting next_dagrun for example_sensors to None, run_after=None
[2023-04-14T14:30:46.641+0000] {processor.py:175} INFO - Processing /home/airflow/.local/lib/python3.7/site-packages/airflow/example_dags/example_sensors.py took 0.104 seconds
[2023-04-14T14:31:16.961+0000] {processor.py:153} INFO - Started process (PID=153) to work on /home/airflow/.local/lib/python3.7/site-packages/airflow/example_dags/example_sensors.py
[2023-04-14T14:31:16.962+0000] {processor.py:743} INFO - Processing file /home/airflow/.local/lib/python3.7/site-packages/airflow/example_dags/example_sensors.py for tasks to queue
[2023-04-14T14:31:16.963+0000] {logging_mixin.py:137} INFO - [2023-04-14T14:31:16.963+0000] {dagbag.py:532} INFO - Filling up the DagBag from /home/airflow/.local/lib/python3.7/site-packages/airflow/example_dags/example_sensors.py
[2023-04-14T14:31:16.982+0000] {processor.py:753} INFO - DAG(s) dict_keys(['example_sensors']) retrieved from /home/airflow/.local/lib/python3.7/site-packages/airflow/example_dags/example_sensors.py
[2023-04-14T14:31:17.017+0000] {logging_mixin.py:137} INFO - [2023-04-14T14:31:17.017+0000] {dag.py:2693} INFO - Sync 1 DAGs
[2023-04-14T14:31:17.034+0000] {logging_mixin.py:137} INFO - [2023-04-14T14:31:17.034+0000] {dag.py:3444} INFO - Setting next_dagrun for example_sensors to None, run_after=None
[2023-04-14T14:31:17.047+0000] {processor.py:175} INFO - Processing /home/airflow/.local/lib/python3.7/site-packages/airflow/example_dags/example_sensors.py took 0.090 seconds
[2023-04-14T14:31:47.956+0000] {processor.py:153} INFO - Started process (PID=206) to work on /home/airflow/.local/lib/python3.7/site-packages/airflow/example_dags/example_sensors.py
[2023-04-14T14:31:47.958+0000] {processor.py:743} INFO - Processing file /home/airflow/.local/lib/python3.7/site-packages/airflow/example_dags/example_sensors.py for tasks to queue
[2023-04-14T14:31:47.960+0000] {logging_mixin.py:137} INFO - [2023-04-14T14:31:47.960+0000] {dagbag.py:532} INFO - Filling up the DagBag from /home/airflow/.local/lib/python3.7/site-packages/airflow/example_dags/example_sensors.py
[2023-04-14T14:31:47.978+0000] {processor.py:753} INFO - DAG(s) dict_keys(['example_sensors']) retrieved from /home/airflow/.local/lib/python3.7/site-packages/airflow/example_dags/example_sensors.py
[2023-04-14T14:31:48.002+0000] {logging_mixin.py:137} INFO - [2023-04-14T14:31:48.002+0000] {dag.py:2693} INFO - Sync 1 DAGs
[2023-04-14T14:31:48.020+0000] {logging_mixin.py:137} INFO - [2023-04-14T14:31:48.020+0000] {dag.py:3444} INFO - Setting next_dagrun for example_sensors to None, run_after=None
[2023-04-14T14:31:48.031+0000] {processor.py:175} INFO - Processing /home/airflow/.local/lib/python3.7/site-packages/airflow/example_dags/example_sensors.py took 0.080 seconds
[2023-04-14T14:32:18.974+0000] {processor.py:153} INFO - Started process (PID=258) to work on /home/airflow/.local/lib/python3.7/site-packages/airflow/example_dags/example_sensors.py
[2023-04-14T14:32:18.976+0000] {processor.py:743} INFO - Processing file /home/airflow/.local/lib/python3.7/site-packages/airflow/example_dags/example_sensors.py for tasks to queue
[2023-04-14T14:32:18.977+0000] {logging_mixin.py:137} INFO - [2023-04-14T14:32:18.977+0000] {dagbag.py:532} INFO - Filling up the DagBag from /home/airflow/.local/lib/python3.7/site-packages/airflow/example_dags/example_sensors.py
[2023-04-14T14:32:18.992+0000] {processor.py:753} INFO - DAG(s) dict_keys(['example_sensors']) retrieved from /home/airflow/.local/lib/python3.7/site-packages/airflow/example_dags/example_sensors.py
[2023-04-14T14:32:19.014+0000] {logging_mixin.py:137} INFO - [2023-04-14T14:32:19.014+0000] {dag.py:2693} INFO - Sync 1 DAGs
[2023-04-14T14:32:19.030+0000] {logging_mixin.py:137} INFO - [2023-04-14T14:32:19.030+0000] {dag.py:3444} INFO - Setting next_dagrun for example_sensors to None, run_after=None
[2023-04-14T14:32:19.042+0000] {processor.py:175} INFO - Processing /home/airflow/.local/lib/python3.7/site-packages/airflow/example_dags/example_sensors.py took 0.070 seconds
[2023-04-14T14:33:41.229+0000] {processor.py:153} INFO - Started process (PID=40) to work on /home/airflow/.local/lib/python3.7/site-packages/airflow/example_dags/example_sensors.py
[2023-04-14T14:33:41.257+0000] {processor.py:743} INFO - Processing file /home/airflow/.local/lib/python3.7/site-packages/airflow/example_dags/example_sensors.py for tasks to queue
[2023-04-14T14:33:41.276+0000] {logging_mixin.py:137} INFO - [2023-04-14T14:33:41.275+0000] {dagbag.py:532} INFO - Filling up the DagBag from /home/airflow/.local/lib/python3.7/site-packages/airflow/example_dags/example_sensors.py
[2023-04-14T14:33:41.660+0000] {processor.py:753} INFO - DAG(s) dict_keys(['example_sensors']) retrieved from /home/airflow/.local/lib/python3.7/site-packages/airflow/example_dags/example_sensors.py
[2023-04-14T14:33:41.789+0000] {logging_mixin.py:137} INFO - [2023-04-14T14:33:41.789+0000] {dag.py:2693} INFO - Sync 1 DAGs
[2023-04-14T14:33:41.959+0000] {logging_mixin.py:137} INFO - [2023-04-14T14:33:41.952+0000] {dag.py:3444} INFO - Setting next_dagrun for example_sensors to None, run_after=None
[2023-04-14T14:33:42.169+0000] {processor.py:175} INFO - Processing /home/airflow/.local/lib/python3.7/site-packages/airflow/example_dags/example_sensors.py took 0.980 seconds
[2023-04-14T14:34:13.022+0000] {processor.py:153} INFO - Started process (PID=90) to work on /home/airflow/.local/lib/python3.7/site-packages/airflow/example_dags/example_sensors.py
[2023-04-14T14:34:13.026+0000] {processor.py:743} INFO - Processing file /home/airflow/.local/lib/python3.7/site-packages/airflow/example_dags/example_sensors.py for tasks to queue
[2023-04-14T14:34:13.027+0000] {logging_mixin.py:137} INFO - [2023-04-14T14:34:13.027+0000] {dagbag.py:532} INFO - Filling up the DagBag from /home/airflow/.local/lib/python3.7/site-packages/airflow/example_dags/example_sensors.py
[2023-04-14T14:34:13.054+0000] {processor.py:753} INFO - DAG(s) dict_keys(['example_sensors']) retrieved from /home/airflow/.local/lib/python3.7/site-packages/airflow/example_dags/example_sensors.py
[2023-04-14T14:34:13.078+0000] {logging_mixin.py:137} INFO - [2023-04-14T14:34:13.078+0000] {dag.py:2693} INFO - Sync 1 DAGs
[2023-04-14T14:34:13.095+0000] {logging_mixin.py:137} INFO - [2023-04-14T14:34:13.095+0000] {dag.py:3444} INFO - Setting next_dagrun for example_sensors to None, run_after=None
[2023-04-14T14:34:13.108+0000] {processor.py:175} INFO - Processing /home/airflow/.local/lib/python3.7/site-packages/airflow/example_dags/example_sensors.py took 0.093 seconds
[2023-04-14T14:34:43.477+0000] {processor.py:153} INFO - Started process (PID=143) to work on /home/airflow/.local/lib/python3.7/site-packages/airflow/example_dags/example_sensors.py
[2023-04-14T14:34:43.481+0000] {processor.py:743} INFO - Processing file /home/airflow/.local/lib/python3.7/site-packages/airflow/example_dags/example_sensors.py for tasks to queue
[2023-04-14T14:34:43.487+0000] {logging_mixin.py:137} INFO - [2023-04-14T14:34:43.487+0000] {dagbag.py:532} INFO - Filling up the DagBag from /home/airflow/.local/lib/python3.7/site-packages/airflow/example_dags/example_sensors.py
[2023-04-14T14:34:43.554+0000] {processor.py:753} INFO - DAG(s) dict_keys(['example_sensors']) retrieved from /home/airflow/.local/lib/python3.7/site-packages/airflow/example_dags/example_sensors.py
[2023-04-14T14:34:43.655+0000] {logging_mixin.py:137} INFO - [2023-04-14T14:34:43.655+0000] {dag.py:2693} INFO - Sync 1 DAGs
[2023-04-14T14:34:43.716+0000] {logging_mixin.py:137} INFO - [2023-04-14T14:34:43.716+0000] {dag.py:3444} INFO - Setting next_dagrun for example_sensors to None, run_after=None
[2023-04-14T14:34:43.772+0000] {processor.py:175} INFO - Processing /home/airflow/.local/lib/python3.7/site-packages/airflow/example_dags/example_sensors.py took 0.301 seconds
[2023-04-14T14:35:14.154+0000] {processor.py:153} INFO - Started process (PID=196) to work on /home/airflow/.local/lib/python3.7/site-packages/airflow/example_dags/example_sensors.py
[2023-04-14T14:35:14.156+0000] {processor.py:743} INFO - Processing file /home/airflow/.local/lib/python3.7/site-packages/airflow/example_dags/example_sensors.py for tasks to queue
[2023-04-14T14:35:14.158+0000] {logging_mixin.py:137} INFO - [2023-04-14T14:35:14.158+0000] {dagbag.py:532} INFO - Filling up the DagBag from /home/airflow/.local/lib/python3.7/site-packages/airflow/example_dags/example_sensors.py
[2023-04-14T14:35:14.196+0000] {processor.py:753} INFO - DAG(s) dict_keys(['example_sensors']) retrieved from /home/airflow/.local/lib/python3.7/site-packages/airflow/example_dags/example_sensors.py
[2023-04-14T14:35:14.246+0000] {logging_mixin.py:137} INFO - [2023-04-14T14:35:14.246+0000] {dag.py:2693} INFO - Sync 1 DAGs
[2023-04-14T14:35:14.274+0000] {logging_mixin.py:137} INFO - [2023-04-14T14:35:14.274+0000] {dag.py:3444} INFO - Setting next_dagrun for example_sensors to None, run_after=None
[2023-04-14T14:35:14.290+0000] {processor.py:175} INFO - Processing /home/airflow/.local/lib/python3.7/site-packages/airflow/example_dags/example_sensors.py took 0.145 seconds
[2023-04-14T14:35:44.699+0000] {processor.py:153} INFO - Started process (PID=249) to work on /home/airflow/.local/lib/python3.7/site-packages/airflow/example_dags/example_sensors.py
[2023-04-14T14:35:44.701+0000] {processor.py:743} INFO - Processing file /home/airflow/.local/lib/python3.7/site-packages/airflow/example_dags/example_sensors.py for tasks to queue
[2023-04-14T14:35:44.702+0000] {logging_mixin.py:137} INFO - [2023-04-14T14:35:44.702+0000] {dagbag.py:532} INFO - Filling up the DagBag from /home/airflow/.local/lib/python3.7/site-packages/airflow/example_dags/example_sensors.py
[2023-04-14T14:35:44.729+0000] {processor.py:753} INFO - DAG(s) dict_keys(['example_sensors']) retrieved from /home/airflow/.local/lib/python3.7/site-packages/airflow/example_dags/example_sensors.py
[2023-04-14T14:35:44.767+0000] {logging_mixin.py:137} INFO - [2023-04-14T14:35:44.766+0000] {dag.py:2693} INFO - Sync 1 DAGs
[2023-04-14T14:35:44.807+0000] {logging_mixin.py:137} INFO - [2023-04-14T14:35:44.807+0000] {dag.py:3444} INFO - Setting next_dagrun for example_sensors to None, run_after=None
[2023-04-14T14:35:44.827+0000] {processor.py:175} INFO - Processing /home/airflow/.local/lib/python3.7/site-packages/airflow/example_dags/example_sensors.py took 0.133 seconds
[2023-04-14T14:36:15.696+0000] {processor.py:153} INFO - Started process (PID=302) to work on /home/airflow/.local/lib/python3.7/site-packages/airflow/example_dags/example_sensors.py
[2023-04-14T14:36:15.701+0000] {processor.py:743} INFO - Processing file /home/airflow/.local/lib/python3.7/site-packages/airflow/example_dags/example_sensors.py for tasks to queue
[2023-04-14T14:36:15.703+0000] {logging_mixin.py:137} INFO - [2023-04-14T14:36:15.703+0000] {dagbag.py:532} INFO - Filling up the DagBag from /home/airflow/.local/lib/python3.7/site-packages/airflow/example_dags/example_sensors.py
[2023-04-14T14:36:15.840+0000] {processor.py:753} INFO - DAG(s) dict_keys(['example_sensors']) retrieved from /home/airflow/.local/lib/python3.7/site-packages/airflow/example_dags/example_sensors.py
[2023-04-14T14:36:15.991+0000] {logging_mixin.py:137} INFO - [2023-04-14T14:36:15.990+0000] {dag.py:2693} INFO - Sync 1 DAGs
[2023-04-14T14:36:16.030+0000] {logging_mixin.py:137} INFO - [2023-04-14T14:36:16.030+0000] {dag.py:3444} INFO - Setting next_dagrun for example_sensors to None, run_after=None
[2023-04-14T14:36:16.086+0000] {processor.py:175} INFO - Processing /home/airflow/.local/lib/python3.7/site-packages/airflow/example_dags/example_sensors.py took 0.397 seconds
[2023-04-14T14:36:46.907+0000] {processor.py:153} INFO - Started process (PID=355) to work on /home/airflow/.local/lib/python3.7/site-packages/airflow/example_dags/example_sensors.py
[2023-04-14T14:36:46.910+0000] {processor.py:743} INFO - Processing file /home/airflow/.local/lib/python3.7/site-packages/airflow/example_dags/example_sensors.py for tasks to queue
[2023-04-14T14:36:46.912+0000] {logging_mixin.py:137} INFO - [2023-04-14T14:36:46.911+0000] {dagbag.py:532} INFO - Filling up the DagBag from /home/airflow/.local/lib/python3.7/site-packages/airflow/example_dags/example_sensors.py
[2023-04-14T14:36:46.952+0000] {processor.py:753} INFO - DAG(s) dict_keys(['example_sensors']) retrieved from /home/airflow/.local/lib/python3.7/site-packages/airflow/example_dags/example_sensors.py
[2023-04-14T14:36:46.983+0000] {logging_mixin.py:137} INFO - [2023-04-14T14:36:46.983+0000] {dag.py:2693} INFO - Sync 1 DAGs
[2023-04-14T14:36:47.006+0000] {logging_mixin.py:137} INFO - [2023-04-14T14:36:47.005+0000] {dag.py:3444} INFO - Setting next_dagrun for example_sensors to None, run_after=None
[2023-04-14T14:36:47.021+0000] {processor.py:175} INFO - Processing /home/airflow/.local/lib/python3.7/site-packages/airflow/example_dags/example_sensors.py took 0.118 seconds
[2023-04-14T14:37:17.107+0000] {processor.py:153} INFO - Started process (PID=408) to work on /home/airflow/.local/lib/python3.7/site-packages/airflow/example_dags/example_sensors.py
[2023-04-14T14:37:17.110+0000] {processor.py:743} INFO - Processing file /home/airflow/.local/lib/python3.7/site-packages/airflow/example_dags/example_sensors.py for tasks to queue
[2023-04-14T14:37:17.111+0000] {logging_mixin.py:137} INFO - [2023-04-14T14:37:17.111+0000] {dagbag.py:532} INFO - Filling up the DagBag from /home/airflow/.local/lib/python3.7/site-packages/airflow/example_dags/example_sensors.py
[2023-04-14T14:37:17.133+0000] {processor.py:753} INFO - DAG(s) dict_keys(['example_sensors']) retrieved from /home/airflow/.local/lib/python3.7/site-packages/airflow/example_dags/example_sensors.py
[2023-04-14T14:37:17.158+0000] {logging_mixin.py:137} INFO - [2023-04-14T14:37:17.158+0000] {dag.py:2693} INFO - Sync 1 DAGs
[2023-04-14T14:37:17.176+0000] {logging_mixin.py:137} INFO - [2023-04-14T14:37:17.176+0000] {dag.py:3444} INFO - Setting next_dagrun for example_sensors to None, run_after=None
[2023-04-14T14:37:17.221+0000] {processor.py:175} INFO - Processing /home/airflow/.local/lib/python3.7/site-packages/airflow/example_dags/example_sensors.py took 0.119 seconds
[2023-04-14T14:37:47.540+0000] {processor.py:153} INFO - Started process (PID=461) to work on /home/airflow/.local/lib/python3.7/site-packages/airflow/example_dags/example_sensors.py
[2023-04-14T14:37:47.543+0000] {processor.py:743} INFO - Processing file /home/airflow/.local/lib/python3.7/site-packages/airflow/example_dags/example_sensors.py for tasks to queue
[2023-04-14T14:37:47.545+0000] {logging_mixin.py:137} INFO - [2023-04-14T14:37:47.544+0000] {dagbag.py:532} INFO - Filling up the DagBag from /home/airflow/.local/lib/python3.7/site-packages/airflow/example_dags/example_sensors.py
[2023-04-14T14:37:47.594+0000] {processor.py:753} INFO - DAG(s) dict_keys(['example_sensors']) retrieved from /home/airflow/.local/lib/python3.7/site-packages/airflow/example_dags/example_sensors.py
[2023-04-14T14:37:47.631+0000] {logging_mixin.py:137} INFO - [2023-04-14T14:37:47.631+0000] {dag.py:2693} INFO - Sync 1 DAGs
[2023-04-14T14:37:47.660+0000] {logging_mixin.py:137} INFO - [2023-04-14T14:37:47.660+0000] {dag.py:3444} INFO - Setting next_dagrun for example_sensors to None, run_after=None
[2023-04-14T14:37:47.674+0000] {processor.py:175} INFO - Processing /home/airflow/.local/lib/python3.7/site-packages/airflow/example_dags/example_sensors.py took 0.140 seconds
[2023-04-14T14:38:18.032+0000] {processor.py:153} INFO - Started process (PID=513) to work on /home/airflow/.local/lib/python3.7/site-packages/airflow/example_dags/example_sensors.py
[2023-04-14T14:38:18.037+0000] {processor.py:743} INFO - Processing file /home/airflow/.local/lib/python3.7/site-packages/airflow/example_dags/example_sensors.py for tasks to queue
[2023-04-14T14:38:18.039+0000] {logging_mixin.py:137} INFO - [2023-04-14T14:38:18.039+0000] {dagbag.py:532} INFO - Filling up the DagBag from /home/airflow/.local/lib/python3.7/site-packages/airflow/example_dags/example_sensors.py
[2023-04-14T14:38:18.118+0000] {processor.py:753} INFO - DAG(s) dict_keys(['example_sensors']) retrieved from /home/airflow/.local/lib/python3.7/site-packages/airflow/example_dags/example_sensors.py
[2023-04-14T14:38:18.192+0000] {logging_mixin.py:137} INFO - [2023-04-14T14:38:18.192+0000] {dag.py:2693} INFO - Sync 1 DAGs
[2023-04-14T14:38:18.224+0000] {logging_mixin.py:137} INFO - [2023-04-14T14:38:18.224+0000] {dag.py:3444} INFO - Setting next_dagrun for example_sensors to None, run_after=None
[2023-04-14T14:38:18.245+0000] {processor.py:175} INFO - Processing /home/airflow/.local/lib/python3.7/site-packages/airflow/example_dags/example_sensors.py took 0.224 seconds
[2023-04-14T14:38:48.399+0000] {processor.py:153} INFO - Started process (PID=570) to work on /home/airflow/.local/lib/python3.7/site-packages/airflow/example_dags/example_sensors.py
[2023-04-14T14:38:48.403+0000] {processor.py:743} INFO - Processing file /home/airflow/.local/lib/python3.7/site-packages/airflow/example_dags/example_sensors.py for tasks to queue
[2023-04-14T14:38:48.405+0000] {logging_mixin.py:137} INFO - [2023-04-14T14:38:48.404+0000] {dagbag.py:532} INFO - Filling up the DagBag from /home/airflow/.local/lib/python3.7/site-packages/airflow/example_dags/example_sensors.py
[2023-04-14T14:38:48.452+0000] {processor.py:753} INFO - DAG(s) dict_keys(['example_sensors']) retrieved from /home/airflow/.local/lib/python3.7/site-packages/airflow/example_dags/example_sensors.py
[2023-04-14T14:38:48.507+0000] {logging_mixin.py:137} INFO - [2023-04-14T14:38:48.506+0000] {dag.py:2693} INFO - Sync 1 DAGs
[2023-04-14T14:38:48.569+0000] {logging_mixin.py:137} INFO - [2023-04-14T14:38:48.569+0000] {dag.py:3444} INFO - Setting next_dagrun for example_sensors to None, run_after=None
[2023-04-14T14:38:48.587+0000] {processor.py:175} INFO - Processing /home/airflow/.local/lib/python3.7/site-packages/airflow/example_dags/example_sensors.py took 0.214 seconds
[2023-04-14T14:39:19.387+0000] {processor.py:153} INFO - Started process (PID=623) to work on /home/airflow/.local/lib/python3.7/site-packages/airflow/example_dags/example_sensors.py
[2023-04-14T14:39:19.388+0000] {processor.py:743} INFO - Processing file /home/airflow/.local/lib/python3.7/site-packages/airflow/example_dags/example_sensors.py for tasks to queue
[2023-04-14T14:39:19.389+0000] {logging_mixin.py:137} INFO - [2023-04-14T14:39:19.389+0000] {dagbag.py:532} INFO - Filling up the DagBag from /home/airflow/.local/lib/python3.7/site-packages/airflow/example_dags/example_sensors.py
[2023-04-14T14:39:19.405+0000] {processor.py:753} INFO - DAG(s) dict_keys(['example_sensors']) retrieved from /home/airflow/.local/lib/python3.7/site-packages/airflow/example_dags/example_sensors.py
[2023-04-14T14:39:19.435+0000] {logging_mixin.py:137} INFO - [2023-04-14T14:39:19.435+0000] {dag.py:2693} INFO - Sync 1 DAGs
[2023-04-14T14:39:19.454+0000] {logging_mixin.py:137} INFO - [2023-04-14T14:39:19.454+0000] {dag.py:3444} INFO - Setting next_dagrun for example_sensors to None, run_after=None
[2023-04-14T14:39:19.469+0000] {processor.py:175} INFO - Processing /home/airflow/.local/lib/python3.7/site-packages/airflow/example_dags/example_sensors.py took 0.086 seconds
[2023-04-14T14:39:50.172+0000] {processor.py:153} INFO - Started process (PID=676) to work on /home/airflow/.local/lib/python3.7/site-packages/airflow/example_dags/example_sensors.py
[2023-04-14T14:39:50.175+0000] {processor.py:743} INFO - Processing file /home/airflow/.local/lib/python3.7/site-packages/airflow/example_dags/example_sensors.py for tasks to queue
[2023-04-14T14:39:50.177+0000] {logging_mixin.py:137} INFO - [2023-04-14T14:39:50.177+0000] {dagbag.py:532} INFO - Filling up the DagBag from /home/airflow/.local/lib/python3.7/site-packages/airflow/example_dags/example_sensors.py
[2023-04-14T14:39:50.199+0000] {processor.py:753} INFO - DAG(s) dict_keys(['example_sensors']) retrieved from /home/airflow/.local/lib/python3.7/site-packages/airflow/example_dags/example_sensors.py
[2023-04-14T14:39:50.227+0000] {logging_mixin.py:137} INFO - [2023-04-14T14:39:50.226+0000] {dag.py:2693} INFO - Sync 1 DAGs
[2023-04-14T14:39:50.242+0000] {logging_mixin.py:137} INFO - [2023-04-14T14:39:50.242+0000] {dag.py:3444} INFO - Setting next_dagrun for example_sensors to None, run_after=None
[2023-04-14T14:39:50.255+0000] {processor.py:175} INFO - Processing /home/airflow/.local/lib/python3.7/site-packages/airflow/example_dags/example_sensors.py took 0.088 seconds
[2023-04-14T14:40:21.018+0000] {processor.py:153} INFO - Started process (PID=729) to work on /home/airflow/.local/lib/python3.7/site-packages/airflow/example_dags/example_sensors.py
[2023-04-14T14:40:21.020+0000] {processor.py:743} INFO - Processing file /home/airflow/.local/lib/python3.7/site-packages/airflow/example_dags/example_sensors.py for tasks to queue
[2023-04-14T14:40:21.021+0000] {logging_mixin.py:137} INFO - [2023-04-14T14:40:21.021+0000] {dagbag.py:532} INFO - Filling up the DagBag from /home/airflow/.local/lib/python3.7/site-packages/airflow/example_dags/example_sensors.py
[2023-04-14T14:40:21.039+0000] {processor.py:753} INFO - DAG(s) dict_keys(['example_sensors']) retrieved from /home/airflow/.local/lib/python3.7/site-packages/airflow/example_dags/example_sensors.py
[2023-04-14T14:40:21.060+0000] {logging_mixin.py:137} INFO - [2023-04-14T14:40:21.060+0000] {dag.py:2693} INFO - Sync 1 DAGs
[2023-04-14T14:40:21.076+0000] {logging_mixin.py:137} INFO - [2023-04-14T14:40:21.075+0000] {dag.py:3444} INFO - Setting next_dagrun for example_sensors to None, run_after=None
[2023-04-14T14:40:21.088+0000] {processor.py:175} INFO - Processing /home/airflow/.local/lib/python3.7/site-packages/airflow/example_dags/example_sensors.py took 0.074 seconds
[2023-04-14T14:40:51.451+0000] {processor.py:153} INFO - Started process (PID=782) to work on /home/airflow/.local/lib/python3.7/site-packages/airflow/example_dags/example_sensors.py
[2023-04-14T14:40:51.453+0000] {processor.py:743} INFO - Processing file /home/airflow/.local/lib/python3.7/site-packages/airflow/example_dags/example_sensors.py for tasks to queue
[2023-04-14T14:40:51.454+0000] {logging_mixin.py:137} INFO - [2023-04-14T14:40:51.454+0000] {dagbag.py:532} INFO - Filling up the DagBag from /home/airflow/.local/lib/python3.7/site-packages/airflow/example_dags/example_sensors.py
[2023-04-14T14:40:51.474+0000] {processor.py:753} INFO - DAG(s) dict_keys(['example_sensors']) retrieved from /home/airflow/.local/lib/python3.7/site-packages/airflow/example_dags/example_sensors.py
[2023-04-14T14:40:51.498+0000] {logging_mixin.py:137} INFO - [2023-04-14T14:40:51.498+0000] {dag.py:2693} INFO - Sync 1 DAGs
[2023-04-14T14:40:51.513+0000] {logging_mixin.py:137} INFO - [2023-04-14T14:40:51.513+0000] {dag.py:3444} INFO - Setting next_dagrun for example_sensors to None, run_after=None
[2023-04-14T14:40:51.525+0000] {processor.py:175} INFO - Processing /home/airflow/.local/lib/python3.7/site-packages/airflow/example_dags/example_sensors.py took 0.081 seconds
[2023-04-14T14:41:21.758+0000] {processor.py:153} INFO - Started process (PID=835) to work on /home/airflow/.local/lib/python3.7/site-packages/airflow/example_dags/example_sensors.py
[2023-04-14T14:41:21.760+0000] {processor.py:743} INFO - Processing file /home/airflow/.local/lib/python3.7/site-packages/airflow/example_dags/example_sensors.py for tasks to queue
[2023-04-14T14:41:21.761+0000] {logging_mixin.py:137} INFO - [2023-04-14T14:41:21.761+0000] {dagbag.py:532} INFO - Filling up the DagBag from /home/airflow/.local/lib/python3.7/site-packages/airflow/example_dags/example_sensors.py
[2023-04-14T14:41:21.785+0000] {processor.py:753} INFO - DAG(s) dict_keys(['example_sensors']) retrieved from /home/airflow/.local/lib/python3.7/site-packages/airflow/example_dags/example_sensors.py
[2023-04-14T14:41:21.842+0000] {logging_mixin.py:137} INFO - [2023-04-14T14:41:21.842+0000] {dag.py:2693} INFO - Sync 1 DAGs
[2023-04-14T14:41:21.866+0000] {logging_mixin.py:137} INFO - [2023-04-14T14:41:21.866+0000] {dag.py:3444} INFO - Setting next_dagrun for example_sensors to None, run_after=None
[2023-04-14T14:41:21.882+0000] {processor.py:175} INFO - Processing /home/airflow/.local/lib/python3.7/site-packages/airflow/example_dags/example_sensors.py took 0.132 seconds
[2023-04-14T14:42:12.536+0000] {processor.py:153} INFO - Started process (PID=40) to work on /home/airflow/.local/lib/python3.7/site-packages/airflow/example_dags/example_sensors.py
[2023-04-14T14:42:12.541+0000] {processor.py:743} INFO - Processing file /home/airflow/.local/lib/python3.7/site-packages/airflow/example_dags/example_sensors.py for tasks to queue
[2023-04-14T14:42:12.552+0000] {logging_mixin.py:137} INFO - [2023-04-14T14:42:12.551+0000] {dagbag.py:532} INFO - Filling up the DagBag from /home/airflow/.local/lib/python3.7/site-packages/airflow/example_dags/example_sensors.py
[2023-04-14T14:42:12.575+0000] {processor.py:753} INFO - DAG(s) dict_keys(['example_sensors']) retrieved from /home/airflow/.local/lib/python3.7/site-packages/airflow/example_dags/example_sensors.py
[2023-04-14T14:42:12.591+0000] {logging_mixin.py:137} INFO - [2023-04-14T14:42:12.591+0000] {dag.py:2693} INFO - Sync 1 DAGs
[2023-04-14T14:42:12.617+0000] {logging_mixin.py:137} INFO - [2023-04-14T14:42:12.617+0000] {dag.py:3444} INFO - Setting next_dagrun for example_sensors to None, run_after=None
[2023-04-14T14:42:12.640+0000] {processor.py:175} INFO - Processing /home/airflow/.local/lib/python3.7/site-packages/airflow/example_dags/example_sensors.py took 0.108 seconds
[2023-04-14T14:42:43.271+0000] {processor.py:153} INFO - Started process (PID=93) to work on /home/airflow/.local/lib/python3.7/site-packages/airflow/example_dags/example_sensors.py
[2023-04-14T14:42:43.272+0000] {processor.py:743} INFO - Processing file /home/airflow/.local/lib/python3.7/site-packages/airflow/example_dags/example_sensors.py for tasks to queue
[2023-04-14T14:42:43.273+0000] {logging_mixin.py:137} INFO - [2023-04-14T14:42:43.273+0000] {dagbag.py:532} INFO - Filling up the DagBag from /home/airflow/.local/lib/python3.7/site-packages/airflow/example_dags/example_sensors.py
[2023-04-14T14:42:43.293+0000] {processor.py:753} INFO - DAG(s) dict_keys(['example_sensors']) retrieved from /home/airflow/.local/lib/python3.7/site-packages/airflow/example_dags/example_sensors.py
[2023-04-14T14:42:43.321+0000] {logging_mixin.py:137} INFO - [2023-04-14T14:42:43.320+0000] {dag.py:2693} INFO - Sync 1 DAGs
[2023-04-14T14:42:43.345+0000] {logging_mixin.py:137} INFO - [2023-04-14T14:42:43.345+0000] {dag.py:3444} INFO - Setting next_dagrun for example_sensors to None, run_after=None
[2023-04-14T14:42:43.364+0000] {processor.py:175} INFO - Processing /home/airflow/.local/lib/python3.7/site-packages/airflow/example_dags/example_sensors.py took 0.098 seconds
[2023-04-14T14:43:13.796+0000] {processor.py:153} INFO - Started process (PID=144) to work on /home/airflow/.local/lib/python3.7/site-packages/airflow/example_dags/example_sensors.py
[2023-04-14T14:43:13.797+0000] {processor.py:743} INFO - Processing file /home/airflow/.local/lib/python3.7/site-packages/airflow/example_dags/example_sensors.py for tasks to queue
[2023-04-14T14:43:13.798+0000] {logging_mixin.py:137} INFO - [2023-04-14T14:43:13.798+0000] {dagbag.py:532} INFO - Filling up the DagBag from /home/airflow/.local/lib/python3.7/site-packages/airflow/example_dags/example_sensors.py
[2023-04-14T14:43:13.814+0000] {processor.py:753} INFO - DAG(s) dict_keys(['example_sensors']) retrieved from /home/airflow/.local/lib/python3.7/site-packages/airflow/example_dags/example_sensors.py
[2023-04-14T14:43:13.847+0000] {logging_mixin.py:137} INFO - [2023-04-14T14:43:13.846+0000] {dag.py:2693} INFO - Sync 1 DAGs
[2023-04-14T14:43:13.864+0000] {logging_mixin.py:137} INFO - [2023-04-14T14:43:13.864+0000] {dag.py:3444} INFO - Setting next_dagrun for example_sensors to None, run_after=None
[2023-04-14T14:43:13.878+0000] {processor.py:175} INFO - Processing /home/airflow/.local/lib/python3.7/site-packages/airflow/example_dags/example_sensors.py took 0.086 seconds
[2023-04-14T14:43:45.045+0000] {processor.py:153} INFO - Started process (PID=199) to work on /home/airflow/.local/lib/python3.7/site-packages/airflow/example_dags/example_sensors.py
[2023-04-14T14:43:45.047+0000] {processor.py:743} INFO - Processing file /home/airflow/.local/lib/python3.7/site-packages/airflow/example_dags/example_sensors.py for tasks to queue
[2023-04-14T14:43:45.048+0000] {logging_mixin.py:137} INFO - [2023-04-14T14:43:45.048+0000] {dagbag.py:532} INFO - Filling up the DagBag from /home/airflow/.local/lib/python3.7/site-packages/airflow/example_dags/example_sensors.py
[2023-04-14T14:43:45.065+0000] {processor.py:753} INFO - DAG(s) dict_keys(['example_sensors']) retrieved from /home/airflow/.local/lib/python3.7/site-packages/airflow/example_dags/example_sensors.py
[2023-04-14T14:43:45.107+0000] {logging_mixin.py:137} INFO - [2023-04-14T14:43:45.107+0000] {dag.py:2693} INFO - Sync 1 DAGs
[2023-04-14T14:43:45.134+0000] {logging_mixin.py:137} INFO - [2023-04-14T14:43:45.134+0000] {dag.py:3444} INFO - Setting next_dagrun for example_sensors to None, run_after=None
[2023-04-14T14:43:45.155+0000] {processor.py:175} INFO - Processing /home/airflow/.local/lib/python3.7/site-packages/airflow/example_dags/example_sensors.py took 0.113 seconds
[2023-04-14T14:44:15.181+0000] {processor.py:153} INFO - Started process (PID=250) to work on /home/airflow/.local/lib/python3.7/site-packages/airflow/example_dags/example_sensors.py
[2023-04-14T14:44:15.183+0000] {processor.py:743} INFO - Processing file /home/airflow/.local/lib/python3.7/site-packages/airflow/example_dags/example_sensors.py for tasks to queue
[2023-04-14T14:44:15.183+0000] {logging_mixin.py:137} INFO - [2023-04-14T14:44:15.183+0000] {dagbag.py:532} INFO - Filling up the DagBag from /home/airflow/.local/lib/python3.7/site-packages/airflow/example_dags/example_sensors.py
[2023-04-14T14:44:15.197+0000] {processor.py:753} INFO - DAG(s) dict_keys(['example_sensors']) retrieved from /home/airflow/.local/lib/python3.7/site-packages/airflow/example_dags/example_sensors.py
[2023-04-14T14:44:15.218+0000] {logging_mixin.py:137} INFO - [2023-04-14T14:44:15.218+0000] {dag.py:2693} INFO - Sync 1 DAGs
[2023-04-14T14:44:15.235+0000] {logging_mixin.py:137} INFO - [2023-04-14T14:44:15.235+0000] {dag.py:3444} INFO - Setting next_dagrun for example_sensors to None, run_after=None
[2023-04-14T14:44:15.252+0000] {processor.py:175} INFO - Processing /home/airflow/.local/lib/python3.7/site-packages/airflow/example_dags/example_sensors.py took 0.074 seconds
[2023-04-14T14:44:45.333+0000] {processor.py:153} INFO - Started process (PID=303) to work on /home/airflow/.local/lib/python3.7/site-packages/airflow/example_dags/example_sensors.py
[2023-04-14T14:44:45.334+0000] {processor.py:743} INFO - Processing file /home/airflow/.local/lib/python3.7/site-packages/airflow/example_dags/example_sensors.py for tasks to queue
[2023-04-14T14:44:45.335+0000] {logging_mixin.py:137} INFO - [2023-04-14T14:44:45.334+0000] {dagbag.py:532} INFO - Filling up the DagBag from /home/airflow/.local/lib/python3.7/site-packages/airflow/example_dags/example_sensors.py
[2023-04-14T14:44:45.349+0000] {processor.py:753} INFO - DAG(s) dict_keys(['example_sensors']) retrieved from /home/airflow/.local/lib/python3.7/site-packages/airflow/example_dags/example_sensors.py
[2023-04-14T14:44:45.376+0000] {logging_mixin.py:137} INFO - [2023-04-14T14:44:45.376+0000] {dag.py:2693} INFO - Sync 1 DAGs
[2023-04-14T14:44:45.395+0000] {logging_mixin.py:137} INFO - [2023-04-14T14:44:45.395+0000] {dag.py:3444} INFO - Setting next_dagrun for example_sensors to None, run_after=None
[2023-04-14T14:44:45.412+0000] {processor.py:175} INFO - Processing /home/airflow/.local/lib/python3.7/site-packages/airflow/example_dags/example_sensors.py took 0.082 seconds
[2023-04-14T14:45:15.614+0000] {processor.py:153} INFO - Started process (PID=356) to work on /home/airflow/.local/lib/python3.7/site-packages/airflow/example_dags/example_sensors.py
[2023-04-14T14:45:15.617+0000] {processor.py:743} INFO - Processing file /home/airflow/.local/lib/python3.7/site-packages/airflow/example_dags/example_sensors.py for tasks to queue
[2023-04-14T14:45:15.619+0000] {logging_mixin.py:137} INFO - [2023-04-14T14:45:15.618+0000] {dagbag.py:532} INFO - Filling up the DagBag from /home/airflow/.local/lib/python3.7/site-packages/airflow/example_dags/example_sensors.py
[2023-04-14T14:45:15.639+0000] {processor.py:753} INFO - DAG(s) dict_keys(['example_sensors']) retrieved from /home/airflow/.local/lib/python3.7/site-packages/airflow/example_dags/example_sensors.py
[2023-04-14T14:45:15.662+0000] {logging_mixin.py:137} INFO - [2023-04-14T14:45:15.662+0000] {dag.py:2693} INFO - Sync 1 DAGs
[2023-04-14T14:45:15.678+0000] {logging_mixin.py:137} INFO - [2023-04-14T14:45:15.678+0000] {dag.py:3444} INFO - Setting next_dagrun for example_sensors to None, run_after=None
[2023-04-14T14:45:15.691+0000] {processor.py:175} INFO - Processing /home/airflow/.local/lib/python3.7/site-packages/airflow/example_dags/example_sensors.py took 0.080 seconds
[2023-04-14T14:45:45.995+0000] {processor.py:153} INFO - Started process (PID=409) to work on /home/airflow/.local/lib/python3.7/site-packages/airflow/example_dags/example_sensors.py
[2023-04-14T14:45:45.997+0000] {processor.py:743} INFO - Processing file /home/airflow/.local/lib/python3.7/site-packages/airflow/example_dags/example_sensors.py for tasks to queue
[2023-04-14T14:45:45.998+0000] {logging_mixin.py:137} INFO - [2023-04-14T14:45:45.998+0000] {dagbag.py:532} INFO - Filling up the DagBag from /home/airflow/.local/lib/python3.7/site-packages/airflow/example_dags/example_sensors.py
[2023-04-14T14:45:46.014+0000] {processor.py:753} INFO - DAG(s) dict_keys(['example_sensors']) retrieved from /home/airflow/.local/lib/python3.7/site-packages/airflow/example_dags/example_sensors.py
[2023-04-14T14:45:46.039+0000] {logging_mixin.py:137} INFO - [2023-04-14T14:45:46.039+0000] {dag.py:2693} INFO - Sync 1 DAGs
[2023-04-14T14:45:46.057+0000] {logging_mixin.py:137} INFO - [2023-04-14T14:45:46.057+0000] {dag.py:3444} INFO - Setting next_dagrun for example_sensors to None, run_after=None
[2023-04-14T14:45:46.070+0000] {processor.py:175} INFO - Processing /home/airflow/.local/lib/python3.7/site-packages/airflow/example_dags/example_sensors.py took 0.079 seconds
[2023-04-14T14:46:16.646+0000] {processor.py:153} INFO - Started process (PID=462) to work on /home/airflow/.local/lib/python3.7/site-packages/airflow/example_dags/example_sensors.py
[2023-04-14T14:46:16.648+0000] {processor.py:743} INFO - Processing file /home/airflow/.local/lib/python3.7/site-packages/airflow/example_dags/example_sensors.py for tasks to queue
[2023-04-14T14:46:16.649+0000] {logging_mixin.py:137} INFO - [2023-04-14T14:46:16.649+0000] {dagbag.py:532} INFO - Filling up the DagBag from /home/airflow/.local/lib/python3.7/site-packages/airflow/example_dags/example_sensors.py
[2023-04-14T14:46:16.673+0000] {processor.py:753} INFO - DAG(s) dict_keys(['example_sensors']) retrieved from /home/airflow/.local/lib/python3.7/site-packages/airflow/example_dags/example_sensors.py
[2023-04-14T14:46:16.721+0000] {logging_mixin.py:137} INFO - [2023-04-14T14:46:16.721+0000] {dag.py:2693} INFO - Sync 1 DAGs
[2023-04-14T14:46:16.741+0000] {logging_mixin.py:137} INFO - [2023-04-14T14:46:16.741+0000] {dag.py:3444} INFO - Setting next_dagrun for example_sensors to None, run_after=None
[2023-04-14T14:46:16.755+0000] {processor.py:175} INFO - Processing /home/airflow/.local/lib/python3.7/site-packages/airflow/example_dags/example_sensors.py took 0.114 seconds
[2023-04-14T14:46:46.845+0000] {processor.py:153} INFO - Started process (PID=515) to work on /home/airflow/.local/lib/python3.7/site-packages/airflow/example_dags/example_sensors.py
[2023-04-14T14:46:46.846+0000] {processor.py:743} INFO - Processing file /home/airflow/.local/lib/python3.7/site-packages/airflow/example_dags/example_sensors.py for tasks to queue
[2023-04-14T14:46:46.846+0000] {logging_mixin.py:137} INFO - [2023-04-14T14:46:46.846+0000] {dagbag.py:532} INFO - Filling up the DagBag from /home/airflow/.local/lib/python3.7/site-packages/airflow/example_dags/example_sensors.py
[2023-04-14T14:46:46.859+0000] {processor.py:753} INFO - DAG(s) dict_keys(['example_sensors']) retrieved from /home/airflow/.local/lib/python3.7/site-packages/airflow/example_dags/example_sensors.py
[2023-04-14T14:46:46.880+0000] {logging_mixin.py:137} INFO - [2023-04-14T14:46:46.880+0000] {dag.py:2693} INFO - Sync 1 DAGs
[2023-04-14T14:46:46.894+0000] {logging_mixin.py:137} INFO - [2023-04-14T14:46:46.894+0000] {dag.py:3444} INFO - Setting next_dagrun for example_sensors to None, run_after=None
[2023-04-14T14:46:46.905+0000] {processor.py:175} INFO - Processing /home/airflow/.local/lib/python3.7/site-packages/airflow/example_dags/example_sensors.py took 0.063 seconds
[2023-04-14T14:47:17.064+0000] {processor.py:153} INFO - Started process (PID=569) to work on /home/airflow/.local/lib/python3.7/site-packages/airflow/example_dags/example_sensors.py
[2023-04-14T14:47:17.068+0000] {processor.py:743} INFO - Processing file /home/airflow/.local/lib/python3.7/site-packages/airflow/example_dags/example_sensors.py for tasks to queue
[2023-04-14T14:47:17.069+0000] {logging_mixin.py:137} INFO - [2023-04-14T14:47:17.069+0000] {dagbag.py:532} INFO - Filling up the DagBag from /home/airflow/.local/lib/python3.7/site-packages/airflow/example_dags/example_sensors.py
[2023-04-14T14:47:17.088+0000] {processor.py:753} INFO - DAG(s) dict_keys(['example_sensors']) retrieved from /home/airflow/.local/lib/python3.7/site-packages/airflow/example_dags/example_sensors.py
[2023-04-14T14:47:17.112+0000] {logging_mixin.py:137} INFO - [2023-04-14T14:47:17.112+0000] {dag.py:2693} INFO - Sync 1 DAGs
[2023-04-14T14:47:17.127+0000] {logging_mixin.py:137} INFO - [2023-04-14T14:47:17.127+0000] {dag.py:3444} INFO - Setting next_dagrun for example_sensors to None, run_after=None
[2023-04-14T14:47:17.139+0000] {processor.py:175} INFO - Processing /home/airflow/.local/lib/python3.7/site-packages/airflow/example_dags/example_sensors.py took 0.079 seconds
[2023-04-14T14:47:47.785+0000] {processor.py:153} INFO - Started process (PID=624) to work on /home/airflow/.local/lib/python3.7/site-packages/airflow/example_dags/example_sensors.py
[2023-04-14T14:47:47.786+0000] {processor.py:743} INFO - Processing file /home/airflow/.local/lib/python3.7/site-packages/airflow/example_dags/example_sensors.py for tasks to queue
[2023-04-14T14:47:47.787+0000] {logging_mixin.py:137} INFO - [2023-04-14T14:47:47.787+0000] {dagbag.py:532} INFO - Filling up the DagBag from /home/airflow/.local/lib/python3.7/site-packages/airflow/example_dags/example_sensors.py
[2023-04-14T14:47:47.811+0000] {processor.py:753} INFO - DAG(s) dict_keys(['example_sensors']) retrieved from /home/airflow/.local/lib/python3.7/site-packages/airflow/example_dags/example_sensors.py
[2023-04-14T14:47:47.847+0000] {logging_mixin.py:137} INFO - [2023-04-14T14:47:47.847+0000] {dag.py:2693} INFO - Sync 1 DAGs
[2023-04-14T14:47:47.863+0000] {logging_mixin.py:137} INFO - [2023-04-14T14:47:47.863+0000] {dag.py:3444} INFO - Setting next_dagrun for example_sensors to None, run_after=None
[2023-04-14T14:47:47.874+0000] {processor.py:175} INFO - Processing /home/airflow/.local/lib/python3.7/site-packages/airflow/example_dags/example_sensors.py took 0.092 seconds
[2023-04-14T14:48:18.369+0000] {processor.py:153} INFO - Started process (PID=676) to work on /home/airflow/.local/lib/python3.7/site-packages/airflow/example_dags/example_sensors.py
[2023-04-14T14:48:18.370+0000] {processor.py:743} INFO - Processing file /home/airflow/.local/lib/python3.7/site-packages/airflow/example_dags/example_sensors.py for tasks to queue
[2023-04-14T14:48:18.371+0000] {logging_mixin.py:137} INFO - [2023-04-14T14:48:18.371+0000] {dagbag.py:532} INFO - Filling up the DagBag from /home/airflow/.local/lib/python3.7/site-packages/airflow/example_dags/example_sensors.py
[2023-04-14T14:48:18.386+0000] {processor.py:753} INFO - DAG(s) dict_keys(['example_sensors']) retrieved from /home/airflow/.local/lib/python3.7/site-packages/airflow/example_dags/example_sensors.py
[2023-04-14T14:48:18.412+0000] {logging_mixin.py:137} INFO - [2023-04-14T14:48:18.412+0000] {dag.py:2693} INFO - Sync 1 DAGs
[2023-04-14T14:48:18.427+0000] {logging_mixin.py:137} INFO - [2023-04-14T14:48:18.427+0000] {dag.py:3444} INFO - Setting next_dagrun for example_sensors to None, run_after=None
[2023-04-14T14:48:18.438+0000] {processor.py:175} INFO - Processing /home/airflow/.local/lib/python3.7/site-packages/airflow/example_dags/example_sensors.py took 0.072 seconds
[2023-04-14T14:48:48.530+0000] {processor.py:153} INFO - Started process (PID=729) to work on /home/airflow/.local/lib/python3.7/site-packages/airflow/example_dags/example_sensors.py
[2023-04-14T14:48:48.531+0000] {processor.py:743} INFO - Processing file /home/airflow/.local/lib/python3.7/site-packages/airflow/example_dags/example_sensors.py for tasks to queue
[2023-04-14T14:48:48.532+0000] {logging_mixin.py:137} INFO - [2023-04-14T14:48:48.532+0000] {dagbag.py:532} INFO - Filling up the DagBag from /home/airflow/.local/lib/python3.7/site-packages/airflow/example_dags/example_sensors.py
[2023-04-14T14:48:48.547+0000] {processor.py:753} INFO - DAG(s) dict_keys(['example_sensors']) retrieved from /home/airflow/.local/lib/python3.7/site-packages/airflow/example_dags/example_sensors.py
[2023-04-14T14:48:48.569+0000] {logging_mixin.py:137} INFO - [2023-04-14T14:48:48.569+0000] {dag.py:2693} INFO - Sync 1 DAGs
[2023-04-14T14:48:48.583+0000] {logging_mixin.py:137} INFO - [2023-04-14T14:48:48.583+0000] {dag.py:3444} INFO - Setting next_dagrun for example_sensors to None, run_after=None
[2023-04-14T14:48:48.594+0000] {processor.py:175} INFO - Processing /home/airflow/.local/lib/python3.7/site-packages/airflow/example_dags/example_sensors.py took 0.066 seconds
[2023-04-14T14:49:19.039+0000] {processor.py:153} INFO - Started process (PID=782) to work on /home/airflow/.local/lib/python3.7/site-packages/airflow/example_dags/example_sensors.py
[2023-04-14T14:49:19.041+0000] {processor.py:743} INFO - Processing file /home/airflow/.local/lib/python3.7/site-packages/airflow/example_dags/example_sensors.py for tasks to queue
[2023-04-14T14:49:19.042+0000] {logging_mixin.py:137} INFO - [2023-04-14T14:49:19.042+0000] {dagbag.py:532} INFO - Filling up the DagBag from /home/airflow/.local/lib/python3.7/site-packages/airflow/example_dags/example_sensors.py
[2023-04-14T14:49:19.057+0000] {processor.py:753} INFO - DAG(s) dict_keys(['example_sensors']) retrieved from /home/airflow/.local/lib/python3.7/site-packages/airflow/example_dags/example_sensors.py
[2023-04-14T14:49:19.083+0000] {logging_mixin.py:137} INFO - [2023-04-14T14:49:19.083+0000] {dag.py:2693} INFO - Sync 1 DAGs
[2023-04-14T14:49:19.105+0000] {logging_mixin.py:137} INFO - [2023-04-14T14:49:19.105+0000] {dag.py:3444} INFO - Setting next_dagrun for example_sensors to None, run_after=None
[2023-04-14T14:49:19.120+0000] {processor.py:175} INFO - Processing /home/airflow/.local/lib/python3.7/site-packages/airflow/example_dags/example_sensors.py took 0.083 seconds
[2023-04-14T14:49:49.338+0000] {processor.py:153} INFO - Started process (PID=835) to work on /home/airflow/.local/lib/python3.7/site-packages/airflow/example_dags/example_sensors.py
[2023-04-14T14:49:49.339+0000] {processor.py:743} INFO - Processing file /home/airflow/.local/lib/python3.7/site-packages/airflow/example_dags/example_sensors.py for tasks to queue
[2023-04-14T14:49:49.340+0000] {logging_mixin.py:137} INFO - [2023-04-14T14:49:49.340+0000] {dagbag.py:532} INFO - Filling up the DagBag from /home/airflow/.local/lib/python3.7/site-packages/airflow/example_dags/example_sensors.py
[2023-04-14T14:49:49.354+0000] {processor.py:753} INFO - DAG(s) dict_keys(['example_sensors']) retrieved from /home/airflow/.local/lib/python3.7/site-packages/airflow/example_dags/example_sensors.py
[2023-04-14T14:49:49.376+0000] {logging_mixin.py:137} INFO - [2023-04-14T14:49:49.376+0000] {dag.py:2693} INFO - Sync 1 DAGs
[2023-04-14T14:49:49.390+0000] {logging_mixin.py:137} INFO - [2023-04-14T14:49:49.390+0000] {dag.py:3444} INFO - Setting next_dagrun for example_sensors to None, run_after=None
[2023-04-14T14:49:49.400+0000] {processor.py:175} INFO - Processing /home/airflow/.local/lib/python3.7/site-packages/airflow/example_dags/example_sensors.py took 0.065 seconds
[2023-04-14T14:50:20.118+0000] {processor.py:153} INFO - Started process (PID=888) to work on /home/airflow/.local/lib/python3.7/site-packages/airflow/example_dags/example_sensors.py
[2023-04-14T14:50:20.120+0000] {processor.py:743} INFO - Processing file /home/airflow/.local/lib/python3.7/site-packages/airflow/example_dags/example_sensors.py for tasks to queue
[2023-04-14T14:50:20.120+0000] {logging_mixin.py:137} INFO - [2023-04-14T14:50:20.120+0000] {dagbag.py:532} INFO - Filling up the DagBag from /home/airflow/.local/lib/python3.7/site-packages/airflow/example_dags/example_sensors.py
[2023-04-14T14:50:20.134+0000] {processor.py:753} INFO - DAG(s) dict_keys(['example_sensors']) retrieved from /home/airflow/.local/lib/python3.7/site-packages/airflow/example_dags/example_sensors.py
[2023-04-14T14:50:20.157+0000] {logging_mixin.py:137} INFO - [2023-04-14T14:50:20.156+0000] {dag.py:2693} INFO - Sync 1 DAGs
[2023-04-14T14:50:20.171+0000] {logging_mixin.py:137} INFO - [2023-04-14T14:50:20.171+0000] {dag.py:3444} INFO - Setting next_dagrun for example_sensors to None, run_after=None
[2023-04-14T14:50:20.181+0000] {processor.py:175} INFO - Processing /home/airflow/.local/lib/python3.7/site-packages/airflow/example_dags/example_sensors.py took 0.066 seconds
[2023-04-14T14:50:50.576+0000] {processor.py:153} INFO - Started process (PID=942) to work on /home/airflow/.local/lib/python3.7/site-packages/airflow/example_dags/example_sensors.py
[2023-04-14T14:50:50.578+0000] {processor.py:743} INFO - Processing file /home/airflow/.local/lib/python3.7/site-packages/airflow/example_dags/example_sensors.py for tasks to queue
[2023-04-14T14:50:50.579+0000] {logging_mixin.py:137} INFO - [2023-04-14T14:50:50.579+0000] {dagbag.py:532} INFO - Filling up the DagBag from /home/airflow/.local/lib/python3.7/site-packages/airflow/example_dags/example_sensors.py
[2023-04-14T14:50:50.593+0000] {processor.py:753} INFO - DAG(s) dict_keys(['example_sensors']) retrieved from /home/airflow/.local/lib/python3.7/site-packages/airflow/example_dags/example_sensors.py
[2023-04-14T14:50:50.617+0000] {logging_mixin.py:137} INFO - [2023-04-14T14:50:50.617+0000] {dag.py:2693} INFO - Sync 1 DAGs
[2023-04-14T14:50:50.632+0000] {logging_mixin.py:137} INFO - [2023-04-14T14:50:50.632+0000] {dag.py:3444} INFO - Setting next_dagrun for example_sensors to None, run_after=None
[2023-04-14T14:50:50.642+0000] {processor.py:175} INFO - Processing /home/airflow/.local/lib/python3.7/site-packages/airflow/example_dags/example_sensors.py took 0.069 seconds
[2023-04-14T14:51:20.767+0000] {processor.py:153} INFO - Started process (PID=994) to work on /home/airflow/.local/lib/python3.7/site-packages/airflow/example_dags/example_sensors.py
[2023-04-14T14:51:20.769+0000] {processor.py:743} INFO - Processing file /home/airflow/.local/lib/python3.7/site-packages/airflow/example_dags/example_sensors.py for tasks to queue
[2023-04-14T14:51:20.772+0000] {logging_mixin.py:137} INFO - [2023-04-14T14:51:20.772+0000] {dagbag.py:532} INFO - Filling up the DagBag from /home/airflow/.local/lib/python3.7/site-packages/airflow/example_dags/example_sensors.py
[2023-04-14T14:51:20.796+0000] {processor.py:753} INFO - DAG(s) dict_keys(['example_sensors']) retrieved from /home/airflow/.local/lib/python3.7/site-packages/airflow/example_dags/example_sensors.py
[2023-04-14T14:51:20.823+0000] {logging_mixin.py:137} INFO - [2023-04-14T14:51:20.823+0000] {dag.py:2693} INFO - Sync 1 DAGs
[2023-04-14T14:51:20.839+0000] {logging_mixin.py:137} INFO - [2023-04-14T14:51:20.839+0000] {dag.py:3444} INFO - Setting next_dagrun for example_sensors to None, run_after=None
[2023-04-14T14:51:20.853+0000] {processor.py:175} INFO - Processing /home/airflow/.local/lib/python3.7/site-packages/airflow/example_dags/example_sensors.py took 0.089 seconds
[2023-04-14T14:51:50.928+0000] {processor.py:153} INFO - Started process (PID=1048) to work on /home/airflow/.local/lib/python3.7/site-packages/airflow/example_dags/example_sensors.py
[2023-04-14T14:51:50.932+0000] {processor.py:743} INFO - Processing file /home/airflow/.local/lib/python3.7/site-packages/airflow/example_dags/example_sensors.py for tasks to queue
[2023-04-14T14:51:50.933+0000] {logging_mixin.py:137} INFO - [2023-04-14T14:51:50.933+0000] {dagbag.py:532} INFO - Filling up the DagBag from /home/airflow/.local/lib/python3.7/site-packages/airflow/example_dags/example_sensors.py
[2023-04-14T14:51:50.947+0000] {processor.py:753} INFO - DAG(s) dict_keys(['example_sensors']) retrieved from /home/airflow/.local/lib/python3.7/site-packages/airflow/example_dags/example_sensors.py
[2023-04-14T14:51:50.971+0000] {logging_mixin.py:137} INFO - [2023-04-14T14:51:50.971+0000] {dag.py:2693} INFO - Sync 1 DAGs
[2023-04-14T14:51:50.992+0000] {logging_mixin.py:137} INFO - [2023-04-14T14:51:50.992+0000] {dag.py:3444} INFO - Setting next_dagrun for example_sensors to None, run_after=None
[2023-04-14T14:51:51.003+0000] {processor.py:175} INFO - Processing /home/airflow/.local/lib/python3.7/site-packages/airflow/example_dags/example_sensors.py took 0.078 seconds
[2023-04-14T14:52:21.287+0000] {processor.py:153} INFO - Started process (PID=1100) to work on /home/airflow/.local/lib/python3.7/site-packages/airflow/example_dags/example_sensors.py
[2023-04-14T14:52:21.288+0000] {processor.py:743} INFO - Processing file /home/airflow/.local/lib/python3.7/site-packages/airflow/example_dags/example_sensors.py for tasks to queue
[2023-04-14T14:52:21.289+0000] {logging_mixin.py:137} INFO - [2023-04-14T14:52:21.289+0000] {dagbag.py:532} INFO - Filling up the DagBag from /home/airflow/.local/lib/python3.7/site-packages/airflow/example_dags/example_sensors.py
[2023-04-14T14:52:21.303+0000] {processor.py:753} INFO - DAG(s) dict_keys(['example_sensors']) retrieved from /home/airflow/.local/lib/python3.7/site-packages/airflow/example_dags/example_sensors.py
[2023-04-14T14:52:21.327+0000] {logging_mixin.py:137} INFO - [2023-04-14T14:52:21.327+0000] {dag.py:2693} INFO - Sync 1 DAGs
[2023-04-14T14:52:21.341+0000] {logging_mixin.py:137} INFO - [2023-04-14T14:52:21.341+0000] {dag.py:3444} INFO - Setting next_dagrun for example_sensors to None, run_after=None
[2023-04-14T14:52:21.351+0000] {processor.py:175} INFO - Processing /home/airflow/.local/lib/python3.7/site-packages/airflow/example_dags/example_sensors.py took 0.067 seconds
[2023-04-14T14:52:51.755+0000] {processor.py:153} INFO - Started process (PID=1153) to work on /home/airflow/.local/lib/python3.7/site-packages/airflow/example_dags/example_sensors.py
[2023-04-14T14:52:51.757+0000] {processor.py:743} INFO - Processing file /home/airflow/.local/lib/python3.7/site-packages/airflow/example_dags/example_sensors.py for tasks to queue
[2023-04-14T14:52:51.757+0000] {logging_mixin.py:137} INFO - [2023-04-14T14:52:51.757+0000] {dagbag.py:532} INFO - Filling up the DagBag from /home/airflow/.local/lib/python3.7/site-packages/airflow/example_dags/example_sensors.py
[2023-04-14T14:52:51.771+0000] {processor.py:753} INFO - DAG(s) dict_keys(['example_sensors']) retrieved from /home/airflow/.local/lib/python3.7/site-packages/airflow/example_dags/example_sensors.py
[2023-04-14T14:52:51.797+0000] {logging_mixin.py:137} INFO - [2023-04-14T14:52:51.797+0000] {dag.py:2693} INFO - Sync 1 DAGs
[2023-04-14T14:52:51.811+0000] {logging_mixin.py:137} INFO - [2023-04-14T14:52:51.811+0000] {dag.py:3444} INFO - Setting next_dagrun for example_sensors to None, run_after=None
[2023-04-14T14:52:51.821+0000] {processor.py:175} INFO - Processing /home/airflow/.local/lib/python3.7/site-packages/airflow/example_dags/example_sensors.py took 0.069 seconds
[2023-04-14T14:53:22.150+0000] {processor.py:153} INFO - Started process (PID=1205) to work on /home/airflow/.local/lib/python3.7/site-packages/airflow/example_dags/example_sensors.py
[2023-04-14T14:53:22.152+0000] {processor.py:743} INFO - Processing file /home/airflow/.local/lib/python3.7/site-packages/airflow/example_dags/example_sensors.py for tasks to queue
[2023-04-14T14:53:22.153+0000] {logging_mixin.py:137} INFO - [2023-04-14T14:53:22.152+0000] {dagbag.py:532} INFO - Filling up the DagBag from /home/airflow/.local/lib/python3.7/site-packages/airflow/example_dags/example_sensors.py
[2023-04-14T14:53:22.166+0000] {processor.py:753} INFO - DAG(s) dict_keys(['example_sensors']) retrieved from /home/airflow/.local/lib/python3.7/site-packages/airflow/example_dags/example_sensors.py
[2023-04-14T14:53:22.203+0000] {logging_mixin.py:137} INFO - [2023-04-14T14:53:22.203+0000] {dag.py:2693} INFO - Sync 1 DAGs
[2023-04-14T14:53:22.217+0000] {logging_mixin.py:137} INFO - [2023-04-14T14:53:22.217+0000] {dag.py:3444} INFO - Setting next_dagrun for example_sensors to None, run_after=None
[2023-04-14T14:53:22.227+0000] {processor.py:175} INFO - Processing /home/airflow/.local/lib/python3.7/site-packages/airflow/example_dags/example_sensors.py took 0.079 seconds
[2023-04-14T14:53:52.423+0000] {processor.py:153} INFO - Started process (PID=1257) to work on /home/airflow/.local/lib/python3.7/site-packages/airflow/example_dags/example_sensors.py
[2023-04-14T14:53:52.424+0000] {processor.py:743} INFO - Processing file /home/airflow/.local/lib/python3.7/site-packages/airflow/example_dags/example_sensors.py for tasks to queue
[2023-04-14T14:53:52.425+0000] {logging_mixin.py:137} INFO - [2023-04-14T14:53:52.425+0000] {dagbag.py:532} INFO - Filling up the DagBag from /home/airflow/.local/lib/python3.7/site-packages/airflow/example_dags/example_sensors.py
[2023-04-14T14:53:52.438+0000] {processor.py:753} INFO - DAG(s) dict_keys(['example_sensors']) retrieved from /home/airflow/.local/lib/python3.7/site-packages/airflow/example_dags/example_sensors.py
[2023-04-14T14:53:52.462+0000] {logging_mixin.py:137} INFO - [2023-04-14T14:53:52.462+0000] {dag.py:2693} INFO - Sync 1 DAGs
[2023-04-14T14:53:52.478+0000] {logging_mixin.py:137} INFO - [2023-04-14T14:53:52.478+0000] {dag.py:3444} INFO - Setting next_dagrun for example_sensors to None, run_after=None
[2023-04-14T14:53:52.489+0000] {processor.py:175} INFO - Processing /home/airflow/.local/lib/python3.7/site-packages/airflow/example_dags/example_sensors.py took 0.069 seconds
[2023-04-14T14:54:22.760+0000] {processor.py:153} INFO - Started process (PID=1310) to work on /home/airflow/.local/lib/python3.7/site-packages/airflow/example_dags/example_sensors.py
[2023-04-14T14:54:22.762+0000] {processor.py:743} INFO - Processing file /home/airflow/.local/lib/python3.7/site-packages/airflow/example_dags/example_sensors.py for tasks to queue
[2023-04-14T14:54:22.762+0000] {logging_mixin.py:137} INFO - [2023-04-14T14:54:22.762+0000] {dagbag.py:532} INFO - Filling up the DagBag from /home/airflow/.local/lib/python3.7/site-packages/airflow/example_dags/example_sensors.py
[2023-04-14T14:54:22.776+0000] {processor.py:753} INFO - DAG(s) dict_keys(['example_sensors']) retrieved from /home/airflow/.local/lib/python3.7/site-packages/airflow/example_dags/example_sensors.py
[2023-04-14T14:54:22.800+0000] {logging_mixin.py:137} INFO - [2023-04-14T14:54:22.800+0000] {dag.py:2693} INFO - Sync 1 DAGs
[2023-04-14T14:54:22.814+0000] {logging_mixin.py:137} INFO - [2023-04-14T14:54:22.814+0000] {dag.py:3444} INFO - Setting next_dagrun for example_sensors to None, run_after=None
[2023-04-14T14:54:22.825+0000] {processor.py:175} INFO - Processing /home/airflow/.local/lib/python3.7/site-packages/airflow/example_dags/example_sensors.py took 0.068 seconds
[2023-04-14T14:54:53.175+0000] {processor.py:153} INFO - Started process (PID=1363) to work on /home/airflow/.local/lib/python3.7/site-packages/airflow/example_dags/example_sensors.py
[2023-04-14T14:54:53.177+0000] {processor.py:743} INFO - Processing file /home/airflow/.local/lib/python3.7/site-packages/airflow/example_dags/example_sensors.py for tasks to queue
[2023-04-14T14:54:53.178+0000] {logging_mixin.py:137} INFO - [2023-04-14T14:54:53.177+0000] {dagbag.py:532} INFO - Filling up the DagBag from /home/airflow/.local/lib/python3.7/site-packages/airflow/example_dags/example_sensors.py
[2023-04-14T14:54:53.191+0000] {processor.py:753} INFO - DAG(s) dict_keys(['example_sensors']) retrieved from /home/airflow/.local/lib/python3.7/site-packages/airflow/example_dags/example_sensors.py
[2023-04-14T14:54:53.218+0000] {logging_mixin.py:137} INFO - [2023-04-14T14:54:53.218+0000] {dag.py:2693} INFO - Sync 1 DAGs
[2023-04-14T14:54:53.233+0000] {logging_mixin.py:137} INFO - [2023-04-14T14:54:53.233+0000] {dag.py:3444} INFO - Setting next_dagrun for example_sensors to None, run_after=None
[2023-04-14T14:54:53.243+0000] {processor.py:175} INFO - Processing /home/airflow/.local/lib/python3.7/site-packages/airflow/example_dags/example_sensors.py took 0.070 seconds
[2023-04-14T14:55:23.729+0000] {processor.py:153} INFO - Started process (PID=1415) to work on /home/airflow/.local/lib/python3.7/site-packages/airflow/example_dags/example_sensors.py
[2023-04-14T14:55:23.731+0000] {processor.py:743} INFO - Processing file /home/airflow/.local/lib/python3.7/site-packages/airflow/example_dags/example_sensors.py for tasks to queue
[2023-04-14T14:55:23.731+0000] {logging_mixin.py:137} INFO - [2023-04-14T14:55:23.731+0000] {dagbag.py:532} INFO - Filling up the DagBag from /home/airflow/.local/lib/python3.7/site-packages/airflow/example_dags/example_sensors.py
[2023-04-14T14:55:23.747+0000] {processor.py:753} INFO - DAG(s) dict_keys(['example_sensors']) retrieved from /home/airflow/.local/lib/python3.7/site-packages/airflow/example_dags/example_sensors.py
[2023-04-14T14:55:23.772+0000] {logging_mixin.py:137} INFO - [2023-04-14T14:55:23.772+0000] {dag.py:2693} INFO - Sync 1 DAGs
[2023-04-14T14:55:23.787+0000] {logging_mixin.py:137} INFO - [2023-04-14T14:55:23.787+0000] {dag.py:3444} INFO - Setting next_dagrun for example_sensors to None, run_after=None
[2023-04-14T14:55:23.798+0000] {processor.py:175} INFO - Processing /home/airflow/.local/lib/python3.7/site-packages/airflow/example_dags/example_sensors.py took 0.072 seconds
[2023-04-14T14:55:53.951+0000] {processor.py:153} INFO - Started process (PID=1467) to work on /home/airflow/.local/lib/python3.7/site-packages/airflow/example_dags/example_sensors.py
[2023-04-14T14:55:53.953+0000] {processor.py:743} INFO - Processing file /home/airflow/.local/lib/python3.7/site-packages/airflow/example_dags/example_sensors.py for tasks to queue
[2023-04-14T14:55:53.954+0000] {logging_mixin.py:137} INFO - [2023-04-14T14:55:53.953+0000] {dagbag.py:532} INFO - Filling up the DagBag from /home/airflow/.local/lib/python3.7/site-packages/airflow/example_dags/example_sensors.py
[2023-04-14T14:55:53.968+0000] {processor.py:753} INFO - DAG(s) dict_keys(['example_sensors']) retrieved from /home/airflow/.local/lib/python3.7/site-packages/airflow/example_dags/example_sensors.py
[2023-04-14T14:55:53.991+0000] {logging_mixin.py:137} INFO - [2023-04-14T14:55:53.991+0000] {dag.py:2693} INFO - Sync 1 DAGs
[2023-04-14T14:55:54.005+0000] {logging_mixin.py:137} INFO - [2023-04-14T14:55:54.005+0000] {dag.py:3444} INFO - Setting next_dagrun for example_sensors to None, run_after=None
[2023-04-14T14:55:54.015+0000] {processor.py:175} INFO - Processing /home/airflow/.local/lib/python3.7/site-packages/airflow/example_dags/example_sensors.py took 0.067 seconds
[2023-04-14T14:56:24.294+0000] {processor.py:153} INFO - Started process (PID=1520) to work on /home/airflow/.local/lib/python3.7/site-packages/airflow/example_dags/example_sensors.py
[2023-04-14T14:56:24.295+0000] {processor.py:743} INFO - Processing file /home/airflow/.local/lib/python3.7/site-packages/airflow/example_dags/example_sensors.py for tasks to queue
[2023-04-14T14:56:24.296+0000] {logging_mixin.py:137} INFO - [2023-04-14T14:56:24.296+0000] {dagbag.py:532} INFO - Filling up the DagBag from /home/airflow/.local/lib/python3.7/site-packages/airflow/example_dags/example_sensors.py
[2023-04-14T14:56:24.321+0000] {processor.py:753} INFO - DAG(s) dict_keys(['example_sensors']) retrieved from /home/airflow/.local/lib/python3.7/site-packages/airflow/example_dags/example_sensors.py
[2023-04-14T14:56:24.347+0000] {logging_mixin.py:137} INFO - [2023-04-14T14:56:24.347+0000] {dag.py:2693} INFO - Sync 1 DAGs
[2023-04-14T14:56:24.363+0000] {logging_mixin.py:137} INFO - [2023-04-14T14:56:24.363+0000] {dag.py:3444} INFO - Setting next_dagrun for example_sensors to None, run_after=None
[2023-04-14T14:56:24.374+0000] {processor.py:175} INFO - Processing /home/airflow/.local/lib/python3.7/site-packages/airflow/example_dags/example_sensors.py took 0.084 seconds
[2023-04-14T14:56:54.946+0000] {processor.py:153} INFO - Started process (PID=1573) to work on /home/airflow/.local/lib/python3.7/site-packages/airflow/example_dags/example_sensors.py
[2023-04-14T14:56:54.948+0000] {processor.py:743} INFO - Processing file /home/airflow/.local/lib/python3.7/site-packages/airflow/example_dags/example_sensors.py for tasks to queue
[2023-04-14T14:56:54.949+0000] {logging_mixin.py:137} INFO - [2023-04-14T14:56:54.949+0000] {dagbag.py:532} INFO - Filling up the DagBag from /home/airflow/.local/lib/python3.7/site-packages/airflow/example_dags/example_sensors.py
[2023-04-14T14:56:54.969+0000] {processor.py:753} INFO - DAG(s) dict_keys(['example_sensors']) retrieved from /home/airflow/.local/lib/python3.7/site-packages/airflow/example_dags/example_sensors.py
[2023-04-14T14:56:55.000+0000] {logging_mixin.py:137} INFO - [2023-04-14T14:56:54.999+0000] {dag.py:2693} INFO - Sync 1 DAGs
[2023-04-14T14:56:55.015+0000] {logging_mixin.py:137} INFO - [2023-04-14T14:56:55.015+0000] {dag.py:3444} INFO - Setting next_dagrun for example_sensors to None, run_after=None
[2023-04-14T14:56:55.033+0000] {processor.py:175} INFO - Processing /home/airflow/.local/lib/python3.7/site-packages/airflow/example_dags/example_sensors.py took 0.089 seconds
[2023-04-14T14:57:25.291+0000] {processor.py:153} INFO - Started process (PID=1626) to work on /home/airflow/.local/lib/python3.7/site-packages/airflow/example_dags/example_sensors.py
[2023-04-14T14:57:25.295+0000] {processor.py:743} INFO - Processing file /home/airflow/.local/lib/python3.7/site-packages/airflow/example_dags/example_sensors.py for tasks to queue
[2023-04-14T14:57:25.297+0000] {logging_mixin.py:137} INFO - [2023-04-14T14:57:25.296+0000] {dagbag.py:532} INFO - Filling up the DagBag from /home/airflow/.local/lib/python3.7/site-packages/airflow/example_dags/example_sensors.py
[2023-04-14T14:57:25.314+0000] {processor.py:753} INFO - DAG(s) dict_keys(['example_sensors']) retrieved from /home/airflow/.local/lib/python3.7/site-packages/airflow/example_dags/example_sensors.py
[2023-04-14T14:57:25.349+0000] {logging_mixin.py:137} INFO - [2023-04-14T14:57:25.349+0000] {dag.py:2693} INFO - Sync 1 DAGs
[2023-04-14T14:57:25.370+0000] {logging_mixin.py:137} INFO - [2023-04-14T14:57:25.370+0000] {dag.py:3444} INFO - Setting next_dagrun for example_sensors to None, run_after=None
[2023-04-14T14:57:25.383+0000] {processor.py:175} INFO - Processing /home/airflow/.local/lib/python3.7/site-packages/airflow/example_dags/example_sensors.py took 0.095 seconds
[2023-04-14T15:05:48.001+0000] {processor.py:153} INFO - Started process (PID=1642) to work on /home/airflow/.local/lib/python3.7/site-packages/airflow/example_dags/example_sensors.py
[2023-04-14T15:05:48.178+0000] {processor.py:743} INFO - Processing file /home/airflow/.local/lib/python3.7/site-packages/airflow/example_dags/example_sensors.py for tasks to queue
[2023-04-14T15:05:48.201+0000] {logging_mixin.py:137} INFO - [2023-04-14T15:05:48.191+0000] {dagbag.py:532} INFO - Filling up the DagBag from /home/airflow/.local/lib/python3.7/site-packages/airflow/example_dags/example_sensors.py
