[2023-04-14T14:30:18.683+0000] {processor.py:153} INFO - Started process (PID=60) to work on /home/airflow/.local/lib/python3.7/site-packages/airflow/example_dags/example_bash_operator.py
[2023-04-14T14:30:18.688+0000] {processor.py:743} INFO - Processing file /home/airflow/.local/lib/python3.7/site-packages/airflow/example_dags/example_bash_operator.py for tasks to queue
[2023-04-14T14:30:18.692+0000] {logging_mixin.py:137} INFO - [2023-04-14T14:30:18.692+0000] {dagbag.py:532} INFO - Filling up the DagBag from /home/airflow/.local/lib/python3.7/site-packages/airflow/example_dags/example_bash_operator.py
[2023-04-14T14:30:18.749+0000] {processor.py:753} INFO - DAG(s) dict_keys(['example_bash_operator']) retrieved from /home/airflow/.local/lib/python3.7/site-packages/airflow/example_dags/example_bash_operator.py
[2023-04-14T14:30:18.831+0000] {logging_mixin.py:137} INFO - [2023-04-14T14:30:18.831+0000] {dag.py:2693} INFO - Sync 1 DAGs
[2023-04-14T14:30:18.863+0000] {logging_mixin.py:137} INFO - [2023-04-14T14:30:18.863+0000] {dag.py:3444} INFO - Setting next_dagrun for example_bash_operator to 2023-04-13T00:00:00+00:00, run_after=2023-04-14T00:00:00+00:00
[2023-04-14T14:30:18.915+0000] {processor.py:175} INFO - Processing /home/airflow/.local/lib/python3.7/site-packages/airflow/example_dags/example_bash_operator.py took 0.251 seconds
[2023-04-14T14:30:49.742+0000] {processor.py:153} INFO - Started process (PID=116) to work on /home/airflow/.local/lib/python3.7/site-packages/airflow/example_dags/example_bash_operator.py
[2023-04-14T14:30:49.743+0000] {processor.py:743} INFO - Processing file /home/airflow/.local/lib/python3.7/site-packages/airflow/example_dags/example_bash_operator.py for tasks to queue
[2023-04-14T14:30:49.744+0000] {logging_mixin.py:137} INFO - [2023-04-14T14:30:49.744+0000] {dagbag.py:532} INFO - Filling up the DagBag from /home/airflow/.local/lib/python3.7/site-packages/airflow/example_dags/example_bash_operator.py
[2023-04-14T14:30:49.769+0000] {processor.py:753} INFO - DAG(s) dict_keys(['example_bash_operator']) retrieved from /home/airflow/.local/lib/python3.7/site-packages/airflow/example_dags/example_bash_operator.py
[2023-04-14T14:30:49.798+0000] {logging_mixin.py:137} INFO - [2023-04-14T14:30:49.798+0000] {dag.py:2693} INFO - Sync 1 DAGs
[2023-04-14T14:30:49.816+0000] {logging_mixin.py:137} INFO - [2023-04-14T14:30:49.816+0000] {dag.py:3444} INFO - Setting next_dagrun for example_bash_operator to 2023-04-13T00:00:00+00:00, run_after=2023-04-14T00:00:00+00:00
[2023-04-14T14:30:49.828+0000] {processor.py:175} INFO - Processing /home/airflow/.local/lib/python3.7/site-packages/airflow/example_dags/example_bash_operator.py took 0.089 seconds
[2023-04-14T14:31:19.990+0000] {processor.py:153} INFO - Started process (PID=168) to work on /home/airflow/.local/lib/python3.7/site-packages/airflow/example_dags/example_bash_operator.py
[2023-04-14T14:31:19.991+0000] {processor.py:743} INFO - Processing file /home/airflow/.local/lib/python3.7/site-packages/airflow/example_dags/example_bash_operator.py for tasks to queue
[2023-04-14T14:31:19.992+0000] {logging_mixin.py:137} INFO - [2023-04-14T14:31:19.992+0000] {dagbag.py:532} INFO - Filling up the DagBag from /home/airflow/.local/lib/python3.7/site-packages/airflow/example_dags/example_bash_operator.py
[2023-04-14T14:31:20.009+0000] {processor.py:753} INFO - DAG(s) dict_keys(['example_bash_operator']) retrieved from /home/airflow/.local/lib/python3.7/site-packages/airflow/example_dags/example_bash_operator.py
[2023-04-14T14:31:20.033+0000] {logging_mixin.py:137} INFO - [2023-04-14T14:31:20.033+0000] {dag.py:2693} INFO - Sync 1 DAGs
[2023-04-14T14:31:20.050+0000] {logging_mixin.py:137} INFO - [2023-04-14T14:31:20.050+0000] {dag.py:3444} INFO - Setting next_dagrun for example_bash_operator to 2023-04-13T00:00:00+00:00, run_after=2023-04-14T00:00:00+00:00
[2023-04-14T14:31:20.061+0000] {processor.py:175} INFO - Processing /home/airflow/.local/lib/python3.7/site-packages/airflow/example_dags/example_bash_operator.py took 0.075 seconds
[2023-04-14T14:31:50.845+0000] {processor.py:153} INFO - Started process (PID=221) to work on /home/airflow/.local/lib/python3.7/site-packages/airflow/example_dags/example_bash_operator.py
[2023-04-14T14:31:50.847+0000] {processor.py:743} INFO - Processing file /home/airflow/.local/lib/python3.7/site-packages/airflow/example_dags/example_bash_operator.py for tasks to queue
[2023-04-14T14:31:50.848+0000] {logging_mixin.py:137} INFO - [2023-04-14T14:31:50.848+0000] {dagbag.py:532} INFO - Filling up the DagBag from /home/airflow/.local/lib/python3.7/site-packages/airflow/example_dags/example_bash_operator.py
[2023-04-14T14:31:50.862+0000] {processor.py:753} INFO - DAG(s) dict_keys(['example_bash_operator']) retrieved from /home/airflow/.local/lib/python3.7/site-packages/airflow/example_dags/example_bash_operator.py
[2023-04-14T14:31:50.902+0000] {logging_mixin.py:137} INFO - [2023-04-14T14:31:50.902+0000] {dag.py:2693} INFO - Sync 1 DAGs
[2023-04-14T14:31:50.920+0000] {logging_mixin.py:137} INFO - [2023-04-14T14:31:50.920+0000] {dag.py:3444} INFO - Setting next_dagrun for example_bash_operator to 2023-04-13T00:00:00+00:00, run_after=2023-04-14T00:00:00+00:00
[2023-04-14T14:31:50.933+0000] {processor.py:175} INFO - Processing /home/airflow/.local/lib/python3.7/site-packages/airflow/example_dags/example_bash_operator.py took 0.091 seconds
[2023-04-14T14:32:22.617+0000] {processor.py:153} INFO - Started process (PID=273) to work on /home/airflow/.local/lib/python3.7/site-packages/airflow/example_dags/example_bash_operator.py
[2023-04-14T14:32:22.621+0000] {processor.py:743} INFO - Processing file /home/airflow/.local/lib/python3.7/site-packages/airflow/example_dags/example_bash_operator.py for tasks to queue
[2023-04-14T14:32:22.625+0000] {logging_mixin.py:137} INFO - [2023-04-14T14:32:22.625+0000] {dagbag.py:532} INFO - Filling up the DagBag from /home/airflow/.local/lib/python3.7/site-packages/airflow/example_dags/example_bash_operator.py
[2023-04-14T14:32:22.658+0000] {processor.py:753} INFO - DAG(s) dict_keys(['example_bash_operator']) retrieved from /home/airflow/.local/lib/python3.7/site-packages/airflow/example_dags/example_bash_operator.py
[2023-04-14T14:32:22.714+0000] {logging_mixin.py:137} INFO - [2023-04-14T14:32:22.713+0000] {dag.py:2693} INFO - Sync 1 DAGs
[2023-04-14T14:32:22.742+0000] {logging_mixin.py:137} INFO - [2023-04-14T14:32:22.742+0000] {dag.py:3444} INFO - Setting next_dagrun for example_bash_operator to 2023-04-13T00:00:00+00:00, run_after=2023-04-14T00:00:00+00:00
[2023-04-14T14:32:22.771+0000] {processor.py:175} INFO - Processing /home/airflow/.local/lib/python3.7/site-packages/airflow/example_dags/example_bash_operator.py took 0.170 seconds
[2023-04-14T14:33:48.989+0000] {processor.py:153} INFO - Started process (PID=53) to work on /home/airflow/.local/lib/python3.7/site-packages/airflow/example_dags/example_bash_operator.py
[2023-04-14T14:33:49.001+0000] {processor.py:743} INFO - Processing file /home/airflow/.local/lib/python3.7/site-packages/airflow/example_dags/example_bash_operator.py for tasks to queue
[2023-04-14T14:33:49.010+0000] {logging_mixin.py:137} INFO - [2023-04-14T14:33:49.009+0000] {dagbag.py:532} INFO - Filling up the DagBag from /home/airflow/.local/lib/python3.7/site-packages/airflow/example_dags/example_bash_operator.py
[2023-04-14T14:33:49.113+0000] {processor.py:753} INFO - DAG(s) dict_keys(['example_bash_operator']) retrieved from /home/airflow/.local/lib/python3.7/site-packages/airflow/example_dags/example_bash_operator.py
[2023-04-14T14:33:49.615+0000] {logging_mixin.py:137} INFO - [2023-04-14T14:33:49.615+0000] {dag.py:2693} INFO - Sync 1 DAGs
[2023-04-14T14:33:49.879+0000] {logging_mixin.py:137} INFO - [2023-04-14T14:33:49.878+0000] {dag.py:3444} INFO - Setting next_dagrun for example_bash_operator to 2023-04-13T00:00:00+00:00, run_after=2023-04-14T00:00:00+00:00
[2023-04-14T14:33:49.962+0000] {processor.py:175} INFO - Processing /home/airflow/.local/lib/python3.7/site-packages/airflow/example_dags/example_bash_operator.py took 0.980 seconds
[2023-04-14T14:34:20.334+0000] {processor.py:153} INFO - Started process (PID=105) to work on /home/airflow/.local/lib/python3.7/site-packages/airflow/example_dags/example_bash_operator.py
[2023-04-14T14:34:20.338+0000] {processor.py:743} INFO - Processing file /home/airflow/.local/lib/python3.7/site-packages/airflow/example_dags/example_bash_operator.py for tasks to queue
[2023-04-14T14:34:20.339+0000] {logging_mixin.py:137} INFO - [2023-04-14T14:34:20.339+0000] {dagbag.py:532} INFO - Filling up the DagBag from /home/airflow/.local/lib/python3.7/site-packages/airflow/example_dags/example_bash_operator.py
[2023-04-14T14:34:20.375+0000] {processor.py:753} INFO - DAG(s) dict_keys(['example_bash_operator']) retrieved from /home/airflow/.local/lib/python3.7/site-packages/airflow/example_dags/example_bash_operator.py
[2023-04-14T14:34:20.413+0000] {logging_mixin.py:137} INFO - [2023-04-14T14:34:20.413+0000] {dag.py:2693} INFO - Sync 1 DAGs
[2023-04-14T14:34:20.439+0000] {logging_mixin.py:137} INFO - [2023-04-14T14:34:20.439+0000] {dag.py:3444} INFO - Setting next_dagrun for example_bash_operator to 2023-04-13T00:00:00+00:00, run_after=2023-04-14T00:00:00+00:00
[2023-04-14T14:34:20.455+0000] {processor.py:175} INFO - Processing /home/airflow/.local/lib/python3.7/site-packages/airflow/example_dags/example_bash_operator.py took 0.126 seconds
[2023-04-14T14:34:51.129+0000] {processor.py:153} INFO - Started process (PID=158) to work on /home/airflow/.local/lib/python3.7/site-packages/airflow/example_dags/example_bash_operator.py
[2023-04-14T14:34:51.131+0000] {processor.py:743} INFO - Processing file /home/airflow/.local/lib/python3.7/site-packages/airflow/example_dags/example_bash_operator.py for tasks to queue
[2023-04-14T14:34:51.131+0000] {logging_mixin.py:137} INFO - [2023-04-14T14:34:51.131+0000] {dagbag.py:532} INFO - Filling up the DagBag from /home/airflow/.local/lib/python3.7/site-packages/airflow/example_dags/example_bash_operator.py
[2023-04-14T14:34:51.154+0000] {processor.py:753} INFO - DAG(s) dict_keys(['example_bash_operator']) retrieved from /home/airflow/.local/lib/python3.7/site-packages/airflow/example_dags/example_bash_operator.py
[2023-04-14T14:34:51.180+0000] {logging_mixin.py:137} INFO - [2023-04-14T14:34:51.179+0000] {dag.py:2693} INFO - Sync 1 DAGs
[2023-04-14T14:34:51.196+0000] {logging_mixin.py:137} INFO - [2023-04-14T14:34:51.196+0000] {dag.py:3444} INFO - Setting next_dagrun for example_bash_operator to 2023-04-13T00:00:00+00:00, run_after=2023-04-14T00:00:00+00:00
[2023-04-14T14:34:51.206+0000] {processor.py:175} INFO - Processing /home/airflow/.local/lib/python3.7/site-packages/airflow/example_dags/example_bash_operator.py took 0.081 seconds
[2023-04-14T14:35:21.607+0000] {processor.py:153} INFO - Started process (PID=211) to work on /home/airflow/.local/lib/python3.7/site-packages/airflow/example_dags/example_bash_operator.py
[2023-04-14T14:35:21.609+0000] {processor.py:743} INFO - Processing file /home/airflow/.local/lib/python3.7/site-packages/airflow/example_dags/example_bash_operator.py for tasks to queue
[2023-04-14T14:35:21.611+0000] {logging_mixin.py:137} INFO - [2023-04-14T14:35:21.611+0000] {dagbag.py:532} INFO - Filling up the DagBag from /home/airflow/.local/lib/python3.7/site-packages/airflow/example_dags/example_bash_operator.py
[2023-04-14T14:35:21.651+0000] {processor.py:753} INFO - DAG(s) dict_keys(['example_bash_operator']) retrieved from /home/airflow/.local/lib/python3.7/site-packages/airflow/example_dags/example_bash_operator.py
[2023-04-14T14:35:21.687+0000] {logging_mixin.py:137} INFO - [2023-04-14T14:35:21.687+0000] {dag.py:2693} INFO - Sync 1 DAGs
[2023-04-14T14:35:21.707+0000] {logging_mixin.py:137} INFO - [2023-04-14T14:35:21.707+0000] {dag.py:3444} INFO - Setting next_dagrun for example_bash_operator to 2023-04-13T00:00:00+00:00, run_after=2023-04-14T00:00:00+00:00
[2023-04-14T14:35:21.724+0000] {processor.py:175} INFO - Processing /home/airflow/.local/lib/python3.7/site-packages/airflow/example_dags/example_bash_operator.py took 0.126 seconds
[2023-04-14T14:35:52.001+0000] {processor.py:153} INFO - Started process (PID=264) to work on /home/airflow/.local/lib/python3.7/site-packages/airflow/example_dags/example_bash_operator.py
[2023-04-14T14:35:52.008+0000] {processor.py:743} INFO - Processing file /home/airflow/.local/lib/python3.7/site-packages/airflow/example_dags/example_bash_operator.py for tasks to queue
[2023-04-14T14:35:52.012+0000] {logging_mixin.py:137} INFO - [2023-04-14T14:35:52.011+0000] {dagbag.py:532} INFO - Filling up the DagBag from /home/airflow/.local/lib/python3.7/site-packages/airflow/example_dags/example_bash_operator.py
[2023-04-14T14:35:52.055+0000] {processor.py:753} INFO - DAG(s) dict_keys(['example_bash_operator']) retrieved from /home/airflow/.local/lib/python3.7/site-packages/airflow/example_dags/example_bash_operator.py
[2023-04-14T14:35:52.096+0000] {logging_mixin.py:137} INFO - [2023-04-14T14:35:52.096+0000] {dag.py:2693} INFO - Sync 1 DAGs
[2023-04-14T14:35:52.131+0000] {logging_mixin.py:137} INFO - [2023-04-14T14:35:52.131+0000] {dag.py:3444} INFO - Setting next_dagrun for example_bash_operator to 2023-04-13T00:00:00+00:00, run_after=2023-04-14T00:00:00+00:00
[2023-04-14T14:35:52.167+0000] {processor.py:175} INFO - Processing /home/airflow/.local/lib/python3.7/site-packages/airflow/example_dags/example_bash_operator.py took 0.181 seconds
[2023-04-14T14:36:22.861+0000] {processor.py:153} INFO - Started process (PID=317) to work on /home/airflow/.local/lib/python3.7/site-packages/airflow/example_dags/example_bash_operator.py
[2023-04-14T14:36:22.863+0000] {processor.py:743} INFO - Processing file /home/airflow/.local/lib/python3.7/site-packages/airflow/example_dags/example_bash_operator.py for tasks to queue
[2023-04-14T14:36:22.865+0000] {logging_mixin.py:137} INFO - [2023-04-14T14:36:22.865+0000] {dagbag.py:532} INFO - Filling up the DagBag from /home/airflow/.local/lib/python3.7/site-packages/airflow/example_dags/example_bash_operator.py
[2023-04-14T14:36:22.904+0000] {processor.py:753} INFO - DAG(s) dict_keys(['example_bash_operator']) retrieved from /home/airflow/.local/lib/python3.7/site-packages/airflow/example_dags/example_bash_operator.py
[2023-04-14T14:36:22.987+0000] {logging_mixin.py:137} INFO - [2023-04-14T14:36:22.987+0000] {dag.py:2693} INFO - Sync 1 DAGs
[2023-04-14T14:36:23.024+0000] {logging_mixin.py:137} INFO - [2023-04-14T14:36:23.024+0000] {dag.py:3444} INFO - Setting next_dagrun for example_bash_operator to 2023-04-13T00:00:00+00:00, run_after=2023-04-14T00:00:00+00:00
[2023-04-14T14:36:23.056+0000] {processor.py:175} INFO - Processing /home/airflow/.local/lib/python3.7/site-packages/airflow/example_dags/example_bash_operator.py took 0.200 seconds
[2023-04-14T14:36:53.152+0000] {processor.py:153} INFO - Started process (PID=368) to work on /home/airflow/.local/lib/python3.7/site-packages/airflow/example_dags/example_bash_operator.py
[2023-04-14T14:36:53.154+0000] {processor.py:743} INFO - Processing file /home/airflow/.local/lib/python3.7/site-packages/airflow/example_dags/example_bash_operator.py for tasks to queue
[2023-04-14T14:36:53.156+0000] {logging_mixin.py:137} INFO - [2023-04-14T14:36:53.155+0000] {dagbag.py:532} INFO - Filling up the DagBag from /home/airflow/.local/lib/python3.7/site-packages/airflow/example_dags/example_bash_operator.py
[2023-04-14T14:36:53.179+0000] {processor.py:753} INFO - DAG(s) dict_keys(['example_bash_operator']) retrieved from /home/airflow/.local/lib/python3.7/site-packages/airflow/example_dags/example_bash_operator.py
[2023-04-14T14:36:53.284+0000] {logging_mixin.py:137} INFO - [2023-04-14T14:36:53.284+0000] {dag.py:2693} INFO - Sync 1 DAGs
[2023-04-14T14:36:53.309+0000] {logging_mixin.py:137} INFO - [2023-04-14T14:36:53.309+0000] {dag.py:3444} INFO - Setting next_dagrun for example_bash_operator to 2023-04-13T00:00:00+00:00, run_after=2023-04-14T00:00:00+00:00
[2023-04-14T14:36:53.324+0000] {processor.py:175} INFO - Processing /home/airflow/.local/lib/python3.7/site-packages/airflow/example_dags/example_bash_operator.py took 0.190 seconds
[2023-04-14T14:37:23.405+0000] {processor.py:153} INFO - Started process (PID=421) to work on /home/airflow/.local/lib/python3.7/site-packages/airflow/example_dags/example_bash_operator.py
[2023-04-14T14:37:23.408+0000] {processor.py:743} INFO - Processing file /home/airflow/.local/lib/python3.7/site-packages/airflow/example_dags/example_bash_operator.py for tasks to queue
[2023-04-14T14:37:23.409+0000] {logging_mixin.py:137} INFO - [2023-04-14T14:37:23.409+0000] {dagbag.py:532} INFO - Filling up the DagBag from /home/airflow/.local/lib/python3.7/site-packages/airflow/example_dags/example_bash_operator.py
[2023-04-14T14:37:23.431+0000] {processor.py:753} INFO - DAG(s) dict_keys(['example_bash_operator']) retrieved from /home/airflow/.local/lib/python3.7/site-packages/airflow/example_dags/example_bash_operator.py
[2023-04-14T14:37:23.467+0000] {logging_mixin.py:137} INFO - [2023-04-14T14:37:23.467+0000] {dag.py:2693} INFO - Sync 1 DAGs
[2023-04-14T14:37:23.488+0000] {logging_mixin.py:137} INFO - [2023-04-14T14:37:23.488+0000] {dag.py:3444} INFO - Setting next_dagrun for example_bash_operator to 2023-04-13T00:00:00+00:00, run_after=2023-04-14T00:00:00+00:00
[2023-04-14T14:37:23.501+0000] {processor.py:175} INFO - Processing /home/airflow/.local/lib/python3.7/site-packages/airflow/example_dags/example_bash_operator.py took 0.101 seconds
[2023-04-14T14:37:54.507+0000] {processor.py:153} INFO - Started process (PID=474) to work on /home/airflow/.local/lib/python3.7/site-packages/airflow/example_dags/example_bash_operator.py
[2023-04-14T14:37:54.509+0000] {processor.py:743} INFO - Processing file /home/airflow/.local/lib/python3.7/site-packages/airflow/example_dags/example_bash_operator.py for tasks to queue
[2023-04-14T14:37:54.510+0000] {logging_mixin.py:137} INFO - [2023-04-14T14:37:54.510+0000] {dagbag.py:532} INFO - Filling up the DagBag from /home/airflow/.local/lib/python3.7/site-packages/airflow/example_dags/example_bash_operator.py
[2023-04-14T14:37:54.531+0000] {processor.py:753} INFO - DAG(s) dict_keys(['example_bash_operator']) retrieved from /home/airflow/.local/lib/python3.7/site-packages/airflow/example_dags/example_bash_operator.py
[2023-04-14T14:37:54.567+0000] {logging_mixin.py:137} INFO - [2023-04-14T14:37:54.567+0000] {dag.py:2693} INFO - Sync 1 DAGs
[2023-04-14T14:37:54.589+0000] {logging_mixin.py:137} INFO - [2023-04-14T14:37:54.589+0000] {dag.py:3444} INFO - Setting next_dagrun for example_bash_operator to 2023-04-13T00:00:00+00:00, run_after=2023-04-14T00:00:00+00:00
[2023-04-14T14:37:54.605+0000] {processor.py:175} INFO - Processing /home/airflow/.local/lib/python3.7/site-packages/airflow/example_dags/example_bash_operator.py took 0.103 seconds
[2023-04-14T14:38:25.173+0000] {processor.py:153} INFO - Started process (PID=528) to work on /home/airflow/.local/lib/python3.7/site-packages/airflow/example_dags/example_bash_operator.py
[2023-04-14T14:38:25.174+0000] {processor.py:743} INFO - Processing file /home/airflow/.local/lib/python3.7/site-packages/airflow/example_dags/example_bash_operator.py for tasks to queue
[2023-04-14T14:38:25.175+0000] {logging_mixin.py:137} INFO - [2023-04-14T14:38:25.175+0000] {dagbag.py:532} INFO - Filling up the DagBag from /home/airflow/.local/lib/python3.7/site-packages/airflow/example_dags/example_bash_operator.py
[2023-04-14T14:38:25.189+0000] {processor.py:753} INFO - DAG(s) dict_keys(['example_bash_operator']) retrieved from /home/airflow/.local/lib/python3.7/site-packages/airflow/example_dags/example_bash_operator.py
[2023-04-14T14:38:25.213+0000] {logging_mixin.py:137} INFO - [2023-04-14T14:38:25.213+0000] {dag.py:2693} INFO - Sync 1 DAGs
[2023-04-14T14:38:25.230+0000] {logging_mixin.py:137} INFO - [2023-04-14T14:38:25.229+0000] {dag.py:3444} INFO - Setting next_dagrun for example_bash_operator to 2023-04-13T00:00:00+00:00, run_after=2023-04-14T00:00:00+00:00
[2023-04-14T14:38:25.241+0000] {processor.py:175} INFO - Processing /home/airflow/.local/lib/python3.7/site-packages/airflow/example_dags/example_bash_operator.py took 0.070 seconds
[2023-04-14T14:38:55.469+0000] {processor.py:153} INFO - Started process (PID=583) to work on /home/airflow/.local/lib/python3.7/site-packages/airflow/example_dags/example_bash_operator.py
[2023-04-14T14:38:55.471+0000] {processor.py:743} INFO - Processing file /home/airflow/.local/lib/python3.7/site-packages/airflow/example_dags/example_bash_operator.py for tasks to queue
[2023-04-14T14:38:55.472+0000] {logging_mixin.py:137} INFO - [2023-04-14T14:38:55.472+0000] {dagbag.py:532} INFO - Filling up the DagBag from /home/airflow/.local/lib/python3.7/site-packages/airflow/example_dags/example_bash_operator.py
[2023-04-14T14:38:55.491+0000] {processor.py:753} INFO - DAG(s) dict_keys(['example_bash_operator']) retrieved from /home/airflow/.local/lib/python3.7/site-packages/airflow/example_dags/example_bash_operator.py
[2023-04-14T14:38:55.516+0000] {logging_mixin.py:137} INFO - [2023-04-14T14:38:55.516+0000] {dag.py:2693} INFO - Sync 1 DAGs
[2023-04-14T14:38:55.533+0000] {logging_mixin.py:137} INFO - [2023-04-14T14:38:55.533+0000] {dag.py:3444} INFO - Setting next_dagrun for example_bash_operator to 2023-04-13T00:00:00+00:00, run_after=2023-04-14T00:00:00+00:00
[2023-04-14T14:38:55.545+0000] {processor.py:175} INFO - Processing /home/airflow/.local/lib/python3.7/site-packages/airflow/example_dags/example_bash_operator.py took 0.079 seconds
[2023-04-14T14:39:26.525+0000] {processor.py:153} INFO - Started process (PID=636) to work on /home/airflow/.local/lib/python3.7/site-packages/airflow/example_dags/example_bash_operator.py
[2023-04-14T14:39:26.527+0000] {processor.py:743} INFO - Processing file /home/airflow/.local/lib/python3.7/site-packages/airflow/example_dags/example_bash_operator.py for tasks to queue
[2023-04-14T14:39:26.528+0000] {logging_mixin.py:137} INFO - [2023-04-14T14:39:26.528+0000] {dagbag.py:532} INFO - Filling up the DagBag from /home/airflow/.local/lib/python3.7/site-packages/airflow/example_dags/example_bash_operator.py
[2023-04-14T14:39:26.550+0000] {processor.py:753} INFO - DAG(s) dict_keys(['example_bash_operator']) retrieved from /home/airflow/.local/lib/python3.7/site-packages/airflow/example_dags/example_bash_operator.py
[2023-04-14T14:39:26.578+0000] {logging_mixin.py:137} INFO - [2023-04-14T14:39:26.578+0000] {dag.py:2693} INFO - Sync 1 DAGs
[2023-04-14T14:39:26.595+0000] {logging_mixin.py:137} INFO - [2023-04-14T14:39:26.595+0000] {dag.py:3444} INFO - Setting next_dagrun for example_bash_operator to 2023-04-13T00:00:00+00:00, run_after=2023-04-14T00:00:00+00:00
[2023-04-14T14:39:26.606+0000] {processor.py:175} INFO - Processing /home/airflow/.local/lib/python3.7/site-packages/airflow/example_dags/example_bash_operator.py took 0.085 seconds
[2023-04-14T14:39:57.324+0000] {processor.py:153} INFO - Started process (PID=689) to work on /home/airflow/.local/lib/python3.7/site-packages/airflow/example_dags/example_bash_operator.py
[2023-04-14T14:39:57.326+0000] {processor.py:743} INFO - Processing file /home/airflow/.local/lib/python3.7/site-packages/airflow/example_dags/example_bash_operator.py for tasks to queue
[2023-04-14T14:39:57.328+0000] {logging_mixin.py:137} INFO - [2023-04-14T14:39:57.327+0000] {dagbag.py:532} INFO - Filling up the DagBag from /home/airflow/.local/lib/python3.7/site-packages/airflow/example_dags/example_bash_operator.py
[2023-04-14T14:39:57.354+0000] {processor.py:753} INFO - DAG(s) dict_keys(['example_bash_operator']) retrieved from /home/airflow/.local/lib/python3.7/site-packages/airflow/example_dags/example_bash_operator.py
[2023-04-14T14:39:57.385+0000] {logging_mixin.py:137} INFO - [2023-04-14T14:39:57.385+0000] {dag.py:2693} INFO - Sync 1 DAGs
[2023-04-14T14:39:57.402+0000] {logging_mixin.py:137} INFO - [2023-04-14T14:39:57.402+0000] {dag.py:3444} INFO - Setting next_dagrun for example_bash_operator to 2023-04-13T00:00:00+00:00, run_after=2023-04-14T00:00:00+00:00
[2023-04-14T14:39:57.413+0000] {processor.py:175} INFO - Processing /home/airflow/.local/lib/python3.7/site-packages/airflow/example_dags/example_bash_operator.py took 0.093 seconds
[2023-04-14T14:40:27.750+0000] {processor.py:153} INFO - Started process (PID=742) to work on /home/airflow/.local/lib/python3.7/site-packages/airflow/example_dags/example_bash_operator.py
[2023-04-14T14:40:27.751+0000] {processor.py:743} INFO - Processing file /home/airflow/.local/lib/python3.7/site-packages/airflow/example_dags/example_bash_operator.py for tasks to queue
[2023-04-14T14:40:27.752+0000] {logging_mixin.py:137} INFO - [2023-04-14T14:40:27.752+0000] {dagbag.py:532} INFO - Filling up the DagBag from /home/airflow/.local/lib/python3.7/site-packages/airflow/example_dags/example_bash_operator.py
[2023-04-14T14:40:27.767+0000] {processor.py:753} INFO - DAG(s) dict_keys(['example_bash_operator']) retrieved from /home/airflow/.local/lib/python3.7/site-packages/airflow/example_dags/example_bash_operator.py
[2023-04-14T14:40:27.790+0000] {logging_mixin.py:137} INFO - [2023-04-14T14:40:27.790+0000] {dag.py:2693} INFO - Sync 1 DAGs
[2023-04-14T14:40:27.805+0000] {logging_mixin.py:137} INFO - [2023-04-14T14:40:27.805+0000] {dag.py:3444} INFO - Setting next_dagrun for example_bash_operator to 2023-04-13T00:00:00+00:00, run_after=2023-04-14T00:00:00+00:00
[2023-04-14T14:40:27.816+0000] {processor.py:175} INFO - Processing /home/airflow/.local/lib/python3.7/site-packages/airflow/example_dags/example_bash_operator.py took 0.069 seconds
[2023-04-14T14:40:58.240+0000] {processor.py:153} INFO - Started process (PID=795) to work on /home/airflow/.local/lib/python3.7/site-packages/airflow/example_dags/example_bash_operator.py
[2023-04-14T14:40:58.241+0000] {processor.py:743} INFO - Processing file /home/airflow/.local/lib/python3.7/site-packages/airflow/example_dags/example_bash_operator.py for tasks to queue
[2023-04-14T14:40:58.242+0000] {logging_mixin.py:137} INFO - [2023-04-14T14:40:58.242+0000] {dagbag.py:532} INFO - Filling up the DagBag from /home/airflow/.local/lib/python3.7/site-packages/airflow/example_dags/example_bash_operator.py
[2023-04-14T14:40:58.258+0000] {processor.py:753} INFO - DAG(s) dict_keys(['example_bash_operator']) retrieved from /home/airflow/.local/lib/python3.7/site-packages/airflow/example_dags/example_bash_operator.py
[2023-04-14T14:40:58.282+0000] {logging_mixin.py:137} INFO - [2023-04-14T14:40:58.282+0000] {dag.py:2693} INFO - Sync 1 DAGs
[2023-04-14T14:40:58.298+0000] {logging_mixin.py:137} INFO - [2023-04-14T14:40:58.298+0000] {dag.py:3444} INFO - Setting next_dagrun for example_bash_operator to 2023-04-13T00:00:00+00:00, run_after=2023-04-14T00:00:00+00:00
[2023-04-14T14:40:58.309+0000] {processor.py:175} INFO - Processing /home/airflow/.local/lib/python3.7/site-packages/airflow/example_dags/example_bash_operator.py took 0.072 seconds
[2023-04-14T14:42:15.516+0000] {processor.py:153} INFO - Started process (PID=53) to work on /home/airflow/.local/lib/python3.7/site-packages/airflow/example_dags/example_bash_operator.py
[2023-04-14T14:42:15.519+0000] {processor.py:743} INFO - Processing file /home/airflow/.local/lib/python3.7/site-packages/airflow/example_dags/example_bash_operator.py for tasks to queue
[2023-04-14T14:42:15.521+0000] {logging_mixin.py:137} INFO - [2023-04-14T14:42:15.520+0000] {dagbag.py:532} INFO - Filling up the DagBag from /home/airflow/.local/lib/python3.7/site-packages/airflow/example_dags/example_bash_operator.py
[2023-04-14T14:42:15.550+0000] {processor.py:753} INFO - DAG(s) dict_keys(['example_bash_operator']) retrieved from /home/airflow/.local/lib/python3.7/site-packages/airflow/example_dags/example_bash_operator.py
[2023-04-14T14:42:15.571+0000] {logging_mixin.py:137} INFO - [2023-04-14T14:42:15.570+0000] {dag.py:2693} INFO - Sync 1 DAGs
[2023-04-14T14:42:15.609+0000] {logging_mixin.py:137} INFO - [2023-04-14T14:42:15.609+0000] {dag.py:3444} INFO - Setting next_dagrun for example_bash_operator to 2023-04-13T00:00:00+00:00, run_after=2023-04-14T00:00:00+00:00
[2023-04-14T14:42:15.642+0000] {processor.py:175} INFO - Processing /home/airflow/.local/lib/python3.7/site-packages/airflow/example_dags/example_bash_operator.py took 0.130 seconds
[2023-04-14T14:42:46.487+0000] {processor.py:153} INFO - Started process (PID=106) to work on /home/airflow/.local/lib/python3.7/site-packages/airflow/example_dags/example_bash_operator.py
[2023-04-14T14:42:46.488+0000] {processor.py:743} INFO - Processing file /home/airflow/.local/lib/python3.7/site-packages/airflow/example_dags/example_bash_operator.py for tasks to queue
[2023-04-14T14:42:46.489+0000] {logging_mixin.py:137} INFO - [2023-04-14T14:42:46.489+0000] {dagbag.py:532} INFO - Filling up the DagBag from /home/airflow/.local/lib/python3.7/site-packages/airflow/example_dags/example_bash_operator.py
[2023-04-14T14:42:46.505+0000] {processor.py:753} INFO - DAG(s) dict_keys(['example_bash_operator']) retrieved from /home/airflow/.local/lib/python3.7/site-packages/airflow/example_dags/example_bash_operator.py
[2023-04-14T14:42:46.530+0000] {logging_mixin.py:137} INFO - [2023-04-14T14:42:46.530+0000] {dag.py:2693} INFO - Sync 1 DAGs
[2023-04-14T14:42:46.547+0000] {logging_mixin.py:137} INFO - [2023-04-14T14:42:46.547+0000] {dag.py:3444} INFO - Setting next_dagrun for example_bash_operator to 2023-04-13T00:00:00+00:00, run_after=2023-04-14T00:00:00+00:00
[2023-04-14T14:42:46.557+0000] {processor.py:175} INFO - Processing /home/airflow/.local/lib/python3.7/site-packages/airflow/example_dags/example_bash_operator.py took 0.073 seconds
[2023-04-14T14:43:16.982+0000] {processor.py:153} INFO - Started process (PID=159) to work on /home/airflow/.local/lib/python3.7/site-packages/airflow/example_dags/example_bash_operator.py
[2023-04-14T14:43:16.983+0000] {processor.py:743} INFO - Processing file /home/airflow/.local/lib/python3.7/site-packages/airflow/example_dags/example_bash_operator.py for tasks to queue
[2023-04-14T14:43:16.984+0000] {logging_mixin.py:137} INFO - [2023-04-14T14:43:16.984+0000] {dagbag.py:532} INFO - Filling up the DagBag from /home/airflow/.local/lib/python3.7/site-packages/airflow/example_dags/example_bash_operator.py
[2023-04-14T14:43:17.000+0000] {processor.py:753} INFO - DAG(s) dict_keys(['example_bash_operator']) retrieved from /home/airflow/.local/lib/python3.7/site-packages/airflow/example_dags/example_bash_operator.py
[2023-04-14T14:43:17.025+0000] {logging_mixin.py:137} INFO - [2023-04-14T14:43:17.025+0000] {dag.py:2693} INFO - Sync 1 DAGs
[2023-04-14T14:43:17.041+0000] {logging_mixin.py:137} INFO - [2023-04-14T14:43:17.041+0000] {dag.py:3444} INFO - Setting next_dagrun for example_bash_operator to 2023-04-13T00:00:00+00:00, run_after=2023-04-14T00:00:00+00:00
[2023-04-14T14:43:17.055+0000] {processor.py:175} INFO - Processing /home/airflow/.local/lib/python3.7/site-packages/airflow/example_dags/example_bash_operator.py took 0.077 seconds
[2023-04-14T14:43:48.003+0000] {processor.py:153} INFO - Started process (PID=212) to work on /home/airflow/.local/lib/python3.7/site-packages/airflow/example_dags/example_bash_operator.py
[2023-04-14T14:43:48.005+0000] {processor.py:743} INFO - Processing file /home/airflow/.local/lib/python3.7/site-packages/airflow/example_dags/example_bash_operator.py for tasks to queue
[2023-04-14T14:43:48.005+0000] {logging_mixin.py:137} INFO - [2023-04-14T14:43:48.005+0000] {dagbag.py:532} INFO - Filling up the DagBag from /home/airflow/.local/lib/python3.7/site-packages/airflow/example_dags/example_bash_operator.py
[2023-04-14T14:43:48.023+0000] {processor.py:753} INFO - DAG(s) dict_keys(['example_bash_operator']) retrieved from /home/airflow/.local/lib/python3.7/site-packages/airflow/example_dags/example_bash_operator.py
[2023-04-14T14:43:48.057+0000] {logging_mixin.py:137} INFO - [2023-04-14T14:43:48.057+0000] {dag.py:2693} INFO - Sync 1 DAGs
[2023-04-14T14:43:48.093+0000] {logging_mixin.py:137} INFO - [2023-04-14T14:43:48.093+0000] {dag.py:3444} INFO - Setting next_dagrun for example_bash_operator to 2023-04-13T00:00:00+00:00, run_after=2023-04-14T00:00:00+00:00
[2023-04-14T14:43:48.109+0000] {processor.py:175} INFO - Processing /home/airflow/.local/lib/python3.7/site-packages/airflow/example_dags/example_bash_operator.py took 0.108 seconds
[2023-04-14T14:44:18.202+0000] {processor.py:153} INFO - Started process (PID=265) to work on /home/airflow/.local/lib/python3.7/site-packages/airflow/example_dags/example_bash_operator.py
[2023-04-14T14:44:18.203+0000] {processor.py:743} INFO - Processing file /home/airflow/.local/lib/python3.7/site-packages/airflow/example_dags/example_bash_operator.py for tasks to queue
[2023-04-14T14:44:18.205+0000] {logging_mixin.py:137} INFO - [2023-04-14T14:44:18.205+0000] {dagbag.py:532} INFO - Filling up the DagBag from /home/airflow/.local/lib/python3.7/site-packages/airflow/example_dags/example_bash_operator.py
[2023-04-14T14:44:18.224+0000] {processor.py:753} INFO - DAG(s) dict_keys(['example_bash_operator']) retrieved from /home/airflow/.local/lib/python3.7/site-packages/airflow/example_dags/example_bash_operator.py
[2023-04-14T14:44:18.251+0000] {logging_mixin.py:137} INFO - [2023-04-14T14:44:18.250+0000] {dag.py:2693} INFO - Sync 1 DAGs
[2023-04-14T14:44:18.274+0000] {logging_mixin.py:137} INFO - [2023-04-14T14:44:18.274+0000] {dag.py:3444} INFO - Setting next_dagrun for example_bash_operator to 2023-04-13T00:00:00+00:00, run_after=2023-04-14T00:00:00+00:00
[2023-04-14T14:44:18.287+0000] {processor.py:175} INFO - Processing /home/airflow/.local/lib/python3.7/site-packages/airflow/example_dags/example_bash_operator.py took 0.089 seconds
[2023-04-14T14:44:48.582+0000] {processor.py:153} INFO - Started process (PID=318) to work on /home/airflow/.local/lib/python3.7/site-packages/airflow/example_dags/example_bash_operator.py
[2023-04-14T14:44:48.583+0000] {processor.py:743} INFO - Processing file /home/airflow/.local/lib/python3.7/site-packages/airflow/example_dags/example_bash_operator.py for tasks to queue
[2023-04-14T14:44:48.584+0000] {logging_mixin.py:137} INFO - [2023-04-14T14:44:48.584+0000] {dagbag.py:532} INFO - Filling up the DagBag from /home/airflow/.local/lib/python3.7/site-packages/airflow/example_dags/example_bash_operator.py
[2023-04-14T14:44:48.601+0000] {processor.py:753} INFO - DAG(s) dict_keys(['example_bash_operator']) retrieved from /home/airflow/.local/lib/python3.7/site-packages/airflow/example_dags/example_bash_operator.py
[2023-04-14T14:44:48.627+0000] {logging_mixin.py:137} INFO - [2023-04-14T14:44:48.626+0000] {dag.py:2693} INFO - Sync 1 DAGs
[2023-04-14T14:44:48.643+0000] {logging_mixin.py:137} INFO - [2023-04-14T14:44:48.643+0000] {dag.py:3444} INFO - Setting next_dagrun for example_bash_operator to 2023-04-13T00:00:00+00:00, run_after=2023-04-14T00:00:00+00:00
[2023-04-14T14:44:48.654+0000] {processor.py:175} INFO - Processing /home/airflow/.local/lib/python3.7/site-packages/airflow/example_dags/example_bash_operator.py took 0.077 seconds
[2023-04-14T14:45:19.609+0000] {processor.py:153} INFO - Started process (PID=371) to work on /home/airflow/.local/lib/python3.7/site-packages/airflow/example_dags/example_bash_operator.py
[2023-04-14T14:45:19.610+0000] {processor.py:743} INFO - Processing file /home/airflow/.local/lib/python3.7/site-packages/airflow/example_dags/example_bash_operator.py for tasks to queue
[2023-04-14T14:45:19.611+0000] {logging_mixin.py:137} INFO - [2023-04-14T14:45:19.611+0000] {dagbag.py:532} INFO - Filling up the DagBag from /home/airflow/.local/lib/python3.7/site-packages/airflow/example_dags/example_bash_operator.py
[2023-04-14T14:45:19.626+0000] {processor.py:753} INFO - DAG(s) dict_keys(['example_bash_operator']) retrieved from /home/airflow/.local/lib/python3.7/site-packages/airflow/example_dags/example_bash_operator.py
[2023-04-14T14:45:19.650+0000] {logging_mixin.py:137} INFO - [2023-04-14T14:45:19.650+0000] {dag.py:2693} INFO - Sync 1 DAGs
[2023-04-14T14:45:19.666+0000] {logging_mixin.py:137} INFO - [2023-04-14T14:45:19.666+0000] {dag.py:3444} INFO - Setting next_dagrun for example_bash_operator to 2023-04-13T00:00:00+00:00, run_after=2023-04-14T00:00:00+00:00
[2023-04-14T14:45:19.677+0000] {processor.py:175} INFO - Processing /home/airflow/.local/lib/python3.7/site-packages/airflow/example_dags/example_bash_operator.py took 0.071 seconds
[2023-04-14T14:45:50.353+0000] {processor.py:153} INFO - Started process (PID=424) to work on /home/airflow/.local/lib/python3.7/site-packages/airflow/example_dags/example_bash_operator.py
[2023-04-14T14:45:50.355+0000] {processor.py:743} INFO - Processing file /home/airflow/.local/lib/python3.7/site-packages/airflow/example_dags/example_bash_operator.py for tasks to queue
[2023-04-14T14:45:50.358+0000] {logging_mixin.py:137} INFO - [2023-04-14T14:45:50.358+0000] {dagbag.py:532} INFO - Filling up the DagBag from /home/airflow/.local/lib/python3.7/site-packages/airflow/example_dags/example_bash_operator.py
[2023-04-14T14:45:50.404+0000] {processor.py:753} INFO - DAG(s) dict_keys(['example_bash_operator']) retrieved from /home/airflow/.local/lib/python3.7/site-packages/airflow/example_dags/example_bash_operator.py
[2023-04-14T14:45:50.456+0000] {logging_mixin.py:137} INFO - [2023-04-14T14:45:50.456+0000] {dag.py:2693} INFO - Sync 1 DAGs
[2023-04-14T14:45:50.489+0000] {logging_mixin.py:137} INFO - [2023-04-14T14:45:50.489+0000] {dag.py:3444} INFO - Setting next_dagrun for example_bash_operator to 2023-04-13T00:00:00+00:00, run_after=2023-04-14T00:00:00+00:00
[2023-04-14T14:45:50.509+0000] {processor.py:175} INFO - Processing /home/airflow/.local/lib/python3.7/site-packages/airflow/example_dags/example_bash_operator.py took 0.162 seconds
[2023-04-14T14:46:21.429+0000] {processor.py:153} INFO - Started process (PID=477) to work on /home/airflow/.local/lib/python3.7/site-packages/airflow/example_dags/example_bash_operator.py
[2023-04-14T14:46:21.431+0000] {processor.py:743} INFO - Processing file /home/airflow/.local/lib/python3.7/site-packages/airflow/example_dags/example_bash_operator.py for tasks to queue
[2023-04-14T14:46:21.432+0000] {logging_mixin.py:137} INFO - [2023-04-14T14:46:21.432+0000] {dagbag.py:532} INFO - Filling up the DagBag from /home/airflow/.local/lib/python3.7/site-packages/airflow/example_dags/example_bash_operator.py
[2023-04-14T14:46:21.455+0000] {processor.py:753} INFO - DAG(s) dict_keys(['example_bash_operator']) retrieved from /home/airflow/.local/lib/python3.7/site-packages/airflow/example_dags/example_bash_operator.py
[2023-04-14T14:46:21.485+0000] {logging_mixin.py:137} INFO - [2023-04-14T14:46:21.485+0000] {dag.py:2693} INFO - Sync 1 DAGs
[2023-04-14T14:46:21.503+0000] {logging_mixin.py:137} INFO - [2023-04-14T14:46:21.502+0000] {dag.py:3444} INFO - Setting next_dagrun for example_bash_operator to 2023-04-13T00:00:00+00:00, run_after=2023-04-14T00:00:00+00:00
[2023-04-14T14:46:21.515+0000] {processor.py:175} INFO - Processing /home/airflow/.local/lib/python3.7/site-packages/airflow/example_dags/example_bash_operator.py took 0.090 seconds
[2023-04-14T14:46:51.594+0000] {processor.py:153} INFO - Started process (PID=528) to work on /home/airflow/.local/lib/python3.7/site-packages/airflow/example_dags/example_bash_operator.py
[2023-04-14T14:46:51.596+0000] {processor.py:743} INFO - Processing file /home/airflow/.local/lib/python3.7/site-packages/airflow/example_dags/example_bash_operator.py for tasks to queue
[2023-04-14T14:46:51.597+0000] {logging_mixin.py:137} INFO - [2023-04-14T14:46:51.596+0000] {dagbag.py:532} INFO - Filling up the DagBag from /home/airflow/.local/lib/python3.7/site-packages/airflow/example_dags/example_bash_operator.py
[2023-04-14T14:46:51.619+0000] {processor.py:753} INFO - DAG(s) dict_keys(['example_bash_operator']) retrieved from /home/airflow/.local/lib/python3.7/site-packages/airflow/example_dags/example_bash_operator.py
[2023-04-14T14:46:51.644+0000] {logging_mixin.py:137} INFO - [2023-04-14T14:46:51.644+0000] {dag.py:2693} INFO - Sync 1 DAGs
[2023-04-14T14:46:51.662+0000] {logging_mixin.py:137} INFO - [2023-04-14T14:46:51.662+0000] {dag.py:3444} INFO - Setting next_dagrun for example_bash_operator to 2023-04-13T00:00:00+00:00, run_after=2023-04-14T00:00:00+00:00
[2023-04-14T14:46:51.678+0000] {processor.py:175} INFO - Processing /home/airflow/.local/lib/python3.7/site-packages/airflow/example_dags/example_bash_operator.py took 0.088 seconds
[2023-04-14T14:47:22.705+0000] {processor.py:153} INFO - Started process (PID=582) to work on /home/airflow/.local/lib/python3.7/site-packages/airflow/example_dags/example_bash_operator.py
[2023-04-14T14:47:22.710+0000] {processor.py:743} INFO - Processing file /home/airflow/.local/lib/python3.7/site-packages/airflow/example_dags/example_bash_operator.py for tasks to queue
[2023-04-14T14:47:22.715+0000] {logging_mixin.py:137} INFO - [2023-04-14T14:47:22.715+0000] {dagbag.py:532} INFO - Filling up the DagBag from /home/airflow/.local/lib/python3.7/site-packages/airflow/example_dags/example_bash_operator.py
[2023-04-14T14:47:22.783+0000] {processor.py:753} INFO - DAG(s) dict_keys(['example_bash_operator']) retrieved from /home/airflow/.local/lib/python3.7/site-packages/airflow/example_dags/example_bash_operator.py
[2023-04-14T14:47:22.824+0000] {logging_mixin.py:137} INFO - [2023-04-14T14:47:22.824+0000] {dag.py:2693} INFO - Sync 1 DAGs
[2023-04-14T14:47:22.859+0000] {logging_mixin.py:137} INFO - [2023-04-14T14:47:22.859+0000] {dag.py:3444} INFO - Setting next_dagrun for example_bash_operator to 2023-04-13T00:00:00+00:00, run_after=2023-04-14T00:00:00+00:00
[2023-04-14T14:47:22.874+0000] {processor.py:175} INFO - Processing /home/airflow/.local/lib/python3.7/site-packages/airflow/example_dags/example_bash_operator.py took 0.179 seconds
[2023-04-14T14:47:53.859+0000] {processor.py:153} INFO - Started process (PID=637) to work on /home/airflow/.local/lib/python3.7/site-packages/airflow/example_dags/example_bash_operator.py
[2023-04-14T14:47:53.861+0000] {processor.py:743} INFO - Processing file /home/airflow/.local/lib/python3.7/site-packages/airflow/example_dags/example_bash_operator.py for tasks to queue
[2023-04-14T14:47:53.863+0000] {logging_mixin.py:137} INFO - [2023-04-14T14:47:53.863+0000] {dagbag.py:532} INFO - Filling up the DagBag from /home/airflow/.local/lib/python3.7/site-packages/airflow/example_dags/example_bash_operator.py
[2023-04-14T14:47:53.908+0000] {processor.py:753} INFO - DAG(s) dict_keys(['example_bash_operator']) retrieved from /home/airflow/.local/lib/python3.7/site-packages/airflow/example_dags/example_bash_operator.py
[2023-04-14T14:47:53.952+0000] {logging_mixin.py:137} INFO - [2023-04-14T14:47:53.952+0000] {dag.py:2693} INFO - Sync 1 DAGs
[2023-04-14T14:47:53.979+0000] {logging_mixin.py:137} INFO - [2023-04-14T14:47:53.979+0000] {dag.py:3444} INFO - Setting next_dagrun for example_bash_operator to 2023-04-13T00:00:00+00:00, run_after=2023-04-14T00:00:00+00:00
[2023-04-14T14:47:53.998+0000] {processor.py:175} INFO - Processing /home/airflow/.local/lib/python3.7/site-packages/airflow/example_dags/example_bash_operator.py took 0.144 seconds
[2023-04-14T14:48:24.130+0000] {processor.py:153} INFO - Started process (PID=689) to work on /home/airflow/.local/lib/python3.7/site-packages/airflow/example_dags/example_bash_operator.py
[2023-04-14T14:48:24.131+0000] {processor.py:743} INFO - Processing file /home/airflow/.local/lib/python3.7/site-packages/airflow/example_dags/example_bash_operator.py for tasks to queue
[2023-04-14T14:48:24.132+0000] {logging_mixin.py:137} INFO - [2023-04-14T14:48:24.132+0000] {dagbag.py:532} INFO - Filling up the DagBag from /home/airflow/.local/lib/python3.7/site-packages/airflow/example_dags/example_bash_operator.py
[2023-04-14T14:48:24.150+0000] {processor.py:753} INFO - DAG(s) dict_keys(['example_bash_operator']) retrieved from /home/airflow/.local/lib/python3.7/site-packages/airflow/example_dags/example_bash_operator.py
[2023-04-14T14:48:24.177+0000] {logging_mixin.py:137} INFO - [2023-04-14T14:48:24.176+0000] {dag.py:2693} INFO - Sync 1 DAGs
[2023-04-14T14:48:24.193+0000] {logging_mixin.py:137} INFO - [2023-04-14T14:48:24.193+0000] {dag.py:3444} INFO - Setting next_dagrun for example_bash_operator to 2023-04-13T00:00:00+00:00, run_after=2023-04-14T00:00:00+00:00
[2023-04-14T14:48:24.205+0000] {processor.py:175} INFO - Processing /home/airflow/.local/lib/python3.7/site-packages/airflow/example_dags/example_bash_operator.py took 0.078 seconds
[2023-04-14T14:48:54.375+0000] {processor.py:153} INFO - Started process (PID=742) to work on /home/airflow/.local/lib/python3.7/site-packages/airflow/example_dags/example_bash_operator.py
[2023-04-14T14:48:54.376+0000] {processor.py:743} INFO - Processing file /home/airflow/.local/lib/python3.7/site-packages/airflow/example_dags/example_bash_operator.py for tasks to queue
[2023-04-14T14:48:54.377+0000] {logging_mixin.py:137} INFO - [2023-04-14T14:48:54.377+0000] {dagbag.py:532} INFO - Filling up the DagBag from /home/airflow/.local/lib/python3.7/site-packages/airflow/example_dags/example_bash_operator.py
[2023-04-14T14:48:54.395+0000] {processor.py:753} INFO - DAG(s) dict_keys(['example_bash_operator']) retrieved from /home/airflow/.local/lib/python3.7/site-packages/airflow/example_dags/example_bash_operator.py
[2023-04-14T14:48:54.422+0000] {logging_mixin.py:137} INFO - [2023-04-14T14:48:54.422+0000] {dag.py:2693} INFO - Sync 1 DAGs
[2023-04-14T14:48:54.441+0000] {logging_mixin.py:137} INFO - [2023-04-14T14:48:54.441+0000] {dag.py:3444} INFO - Setting next_dagrun for example_bash_operator to 2023-04-13T00:00:00+00:00, run_after=2023-04-14T00:00:00+00:00
[2023-04-14T14:48:54.455+0000] {processor.py:175} INFO - Processing /home/airflow/.local/lib/python3.7/site-packages/airflow/example_dags/example_bash_operator.py took 0.084 seconds
[2023-04-14T14:49:24.736+0000] {processor.py:153} INFO - Started process (PID=795) to work on /home/airflow/.local/lib/python3.7/site-packages/airflow/example_dags/example_bash_operator.py
[2023-04-14T14:49:24.739+0000] {processor.py:743} INFO - Processing file /home/airflow/.local/lib/python3.7/site-packages/airflow/example_dags/example_bash_operator.py for tasks to queue
[2023-04-14T14:49:24.740+0000] {logging_mixin.py:137} INFO - [2023-04-14T14:49:24.740+0000] {dagbag.py:532} INFO - Filling up the DagBag from /home/airflow/.local/lib/python3.7/site-packages/airflow/example_dags/example_bash_operator.py
[2023-04-14T14:49:24.763+0000] {processor.py:753} INFO - DAG(s) dict_keys(['example_bash_operator']) retrieved from /home/airflow/.local/lib/python3.7/site-packages/airflow/example_dags/example_bash_operator.py
[2023-04-14T14:49:24.810+0000] {logging_mixin.py:137} INFO - [2023-04-14T14:49:24.810+0000] {dag.py:2693} INFO - Sync 1 DAGs
[2023-04-14T14:49:24.831+0000] {logging_mixin.py:137} INFO - [2023-04-14T14:49:24.831+0000] {dag.py:3444} INFO - Setting next_dagrun for example_bash_operator to 2023-04-13T00:00:00+00:00, run_after=2023-04-14T00:00:00+00:00
[2023-04-14T14:49:24.856+0000] {processor.py:175} INFO - Processing /home/airflow/.local/lib/python3.7/site-packages/airflow/example_dags/example_bash_operator.py took 0.125 seconds
[2023-04-14T14:49:55.009+0000] {processor.py:153} INFO - Started process (PID=848) to work on /home/airflow/.local/lib/python3.7/site-packages/airflow/example_dags/example_bash_operator.py
[2023-04-14T14:49:55.012+0000] {processor.py:743} INFO - Processing file /home/airflow/.local/lib/python3.7/site-packages/airflow/example_dags/example_bash_operator.py for tasks to queue
[2023-04-14T14:49:55.015+0000] {logging_mixin.py:137} INFO - [2023-04-14T14:49:55.014+0000] {dagbag.py:532} INFO - Filling up the DagBag from /home/airflow/.local/lib/python3.7/site-packages/airflow/example_dags/example_bash_operator.py
[2023-04-14T14:49:55.048+0000] {processor.py:753} INFO - DAG(s) dict_keys(['example_bash_operator']) retrieved from /home/airflow/.local/lib/python3.7/site-packages/airflow/example_dags/example_bash_operator.py
[2023-04-14T14:49:55.081+0000] {logging_mixin.py:137} INFO - [2023-04-14T14:49:55.081+0000] {dag.py:2693} INFO - Sync 1 DAGs
[2023-04-14T14:49:55.102+0000] {logging_mixin.py:137} INFO - [2023-04-14T14:49:55.102+0000] {dag.py:3444} INFO - Setting next_dagrun for example_bash_operator to 2023-04-13T00:00:00+00:00, run_after=2023-04-14T00:00:00+00:00
[2023-04-14T14:49:55.115+0000] {processor.py:175} INFO - Processing /home/airflow/.local/lib/python3.7/site-packages/airflow/example_dags/example_bash_operator.py took 0.110 seconds
[2023-04-14T14:50:25.826+0000] {processor.py:153} INFO - Started process (PID=901) to work on /home/airflow/.local/lib/python3.7/site-packages/airflow/example_dags/example_bash_operator.py
[2023-04-14T14:50:25.828+0000] {processor.py:743} INFO - Processing file /home/airflow/.local/lib/python3.7/site-packages/airflow/example_dags/example_bash_operator.py for tasks to queue
[2023-04-14T14:50:25.830+0000] {logging_mixin.py:137} INFO - [2023-04-14T14:50:25.829+0000] {dagbag.py:532} INFO - Filling up the DagBag from /home/airflow/.local/lib/python3.7/site-packages/airflow/example_dags/example_bash_operator.py
[2023-04-14T14:50:25.851+0000] {processor.py:753} INFO - DAG(s) dict_keys(['example_bash_operator']) retrieved from /home/airflow/.local/lib/python3.7/site-packages/airflow/example_dags/example_bash_operator.py
[2023-04-14T14:50:25.878+0000] {logging_mixin.py:137} INFO - [2023-04-14T14:50:25.878+0000] {dag.py:2693} INFO - Sync 1 DAGs
[2023-04-14T14:50:25.895+0000] {logging_mixin.py:137} INFO - [2023-04-14T14:50:25.895+0000] {dag.py:3444} INFO - Setting next_dagrun for example_bash_operator to 2023-04-13T00:00:00+00:00, run_after=2023-04-14T00:00:00+00:00
[2023-04-14T14:50:25.907+0000] {processor.py:175} INFO - Processing /home/airflow/.local/lib/python3.7/site-packages/airflow/example_dags/example_bash_operator.py took 0.086 seconds
[2023-04-14T14:50:56.274+0000] {processor.py:153} INFO - Started process (PID=955) to work on /home/airflow/.local/lib/python3.7/site-packages/airflow/example_dags/example_bash_operator.py
[2023-04-14T14:50:56.276+0000] {processor.py:743} INFO - Processing file /home/airflow/.local/lib/python3.7/site-packages/airflow/example_dags/example_bash_operator.py for tasks to queue
[2023-04-14T14:50:56.277+0000] {logging_mixin.py:137} INFO - [2023-04-14T14:50:56.277+0000] {dagbag.py:532} INFO - Filling up the DagBag from /home/airflow/.local/lib/python3.7/site-packages/airflow/example_dags/example_bash_operator.py
[2023-04-14T14:50:56.302+0000] {processor.py:753} INFO - DAG(s) dict_keys(['example_bash_operator']) retrieved from /home/airflow/.local/lib/python3.7/site-packages/airflow/example_dags/example_bash_operator.py
[2023-04-14T14:50:56.329+0000] {logging_mixin.py:137} INFO - [2023-04-14T14:50:56.329+0000] {dag.py:2693} INFO - Sync 1 DAGs
[2023-04-14T14:50:56.348+0000] {logging_mixin.py:137} INFO - [2023-04-14T14:50:56.348+0000] {dag.py:3444} INFO - Setting next_dagrun for example_bash_operator to 2023-04-13T00:00:00+00:00, run_after=2023-04-14T00:00:00+00:00
[2023-04-14T14:50:56.360+0000] {processor.py:175} INFO - Processing /home/airflow/.local/lib/python3.7/site-packages/airflow/example_dags/example_bash_operator.py took 0.092 seconds
[2023-04-14T14:51:26.452+0000] {processor.py:153} INFO - Started process (PID=1007) to work on /home/airflow/.local/lib/python3.7/site-packages/airflow/example_dags/example_bash_operator.py
[2023-04-14T14:51:26.455+0000] {processor.py:743} INFO - Processing file /home/airflow/.local/lib/python3.7/site-packages/airflow/example_dags/example_bash_operator.py for tasks to queue
[2023-04-14T14:51:26.456+0000] {logging_mixin.py:137} INFO - [2023-04-14T14:51:26.456+0000] {dagbag.py:532} INFO - Filling up the DagBag from /home/airflow/.local/lib/python3.7/site-packages/airflow/example_dags/example_bash_operator.py
[2023-04-14T14:51:26.482+0000] {processor.py:753} INFO - DAG(s) dict_keys(['example_bash_operator']) retrieved from /home/airflow/.local/lib/python3.7/site-packages/airflow/example_dags/example_bash_operator.py
[2023-04-14T14:51:26.512+0000] {logging_mixin.py:137} INFO - [2023-04-14T14:51:26.512+0000] {dag.py:2693} INFO - Sync 1 DAGs
[2023-04-14T14:51:26.537+0000] {logging_mixin.py:137} INFO - [2023-04-14T14:51:26.537+0000] {dag.py:3444} INFO - Setting next_dagrun for example_bash_operator to 2023-04-13T00:00:00+00:00, run_after=2023-04-14T00:00:00+00:00
[2023-04-14T14:51:26.551+0000] {processor.py:175} INFO - Processing /home/airflow/.local/lib/python3.7/site-packages/airflow/example_dags/example_bash_operator.py took 0.104 seconds
[2023-04-14T14:51:57.577+0000] {processor.py:153} INFO - Started process (PID=1061) to work on /home/airflow/.local/lib/python3.7/site-packages/airflow/example_dags/example_bash_operator.py
[2023-04-14T14:51:57.579+0000] {processor.py:743} INFO - Processing file /home/airflow/.local/lib/python3.7/site-packages/airflow/example_dags/example_bash_operator.py for tasks to queue
[2023-04-14T14:51:57.581+0000] {logging_mixin.py:137} INFO - [2023-04-14T14:51:57.581+0000] {dagbag.py:532} INFO - Filling up the DagBag from /home/airflow/.local/lib/python3.7/site-packages/airflow/example_dags/example_bash_operator.py
[2023-04-14T14:51:57.602+0000] {processor.py:753} INFO - DAG(s) dict_keys(['example_bash_operator']) retrieved from /home/airflow/.local/lib/python3.7/site-packages/airflow/example_dags/example_bash_operator.py
[2023-04-14T14:51:57.627+0000] {logging_mixin.py:137} INFO - [2023-04-14T14:51:57.627+0000] {dag.py:2693} INFO - Sync 1 DAGs
[2023-04-14T14:51:57.650+0000] {logging_mixin.py:137} INFO - [2023-04-14T14:51:57.650+0000] {dag.py:3444} INFO - Setting next_dagrun for example_bash_operator to 2023-04-13T00:00:00+00:00, run_after=2023-04-14T00:00:00+00:00
[2023-04-14T14:51:57.662+0000] {processor.py:175} INFO - Processing /home/airflow/.local/lib/python3.7/site-packages/airflow/example_dags/example_bash_operator.py took 0.090 seconds
[2023-04-14T14:52:27.923+0000] {processor.py:153} INFO - Started process (PID=1113) to work on /home/airflow/.local/lib/python3.7/site-packages/airflow/example_dags/example_bash_operator.py
[2023-04-14T14:52:27.924+0000] {processor.py:743} INFO - Processing file /home/airflow/.local/lib/python3.7/site-packages/airflow/example_dags/example_bash_operator.py for tasks to queue
[2023-04-14T14:52:27.926+0000] {logging_mixin.py:137} INFO - [2023-04-14T14:52:27.926+0000] {dagbag.py:532} INFO - Filling up the DagBag from /home/airflow/.local/lib/python3.7/site-packages/airflow/example_dags/example_bash_operator.py
[2023-04-14T14:52:27.946+0000] {processor.py:753} INFO - DAG(s) dict_keys(['example_bash_operator']) retrieved from /home/airflow/.local/lib/python3.7/site-packages/airflow/example_dags/example_bash_operator.py
[2023-04-14T14:52:27.971+0000] {logging_mixin.py:137} INFO - [2023-04-14T14:52:27.971+0000] {dag.py:2693} INFO - Sync 1 DAGs
[2023-04-14T14:52:27.991+0000] {logging_mixin.py:137} INFO - [2023-04-14T14:52:27.991+0000] {dag.py:3444} INFO - Setting next_dagrun for example_bash_operator to 2023-04-13T00:00:00+00:00, run_after=2023-04-14T00:00:00+00:00
[2023-04-14T14:52:28.005+0000] {processor.py:175} INFO - Processing /home/airflow/.local/lib/python3.7/site-packages/airflow/example_dags/example_bash_operator.py took 0.086 seconds
[2023-04-14T14:52:58.517+0000] {processor.py:153} INFO - Started process (PID=1166) to work on /home/airflow/.local/lib/python3.7/site-packages/airflow/example_dags/example_bash_operator.py
[2023-04-14T14:52:58.520+0000] {processor.py:743} INFO - Processing file /home/airflow/.local/lib/python3.7/site-packages/airflow/example_dags/example_bash_operator.py for tasks to queue
[2023-04-14T14:52:58.521+0000] {logging_mixin.py:137} INFO - [2023-04-14T14:52:58.521+0000] {dagbag.py:532} INFO - Filling up the DagBag from /home/airflow/.local/lib/python3.7/site-packages/airflow/example_dags/example_bash_operator.py
[2023-04-14T14:52:58.558+0000] {processor.py:753} INFO - DAG(s) dict_keys(['example_bash_operator']) retrieved from /home/airflow/.local/lib/python3.7/site-packages/airflow/example_dags/example_bash_operator.py
[2023-04-14T14:52:58.597+0000] {logging_mixin.py:137} INFO - [2023-04-14T14:52:58.596+0000] {dag.py:2693} INFO - Sync 1 DAGs
[2023-04-14T14:52:58.626+0000] {logging_mixin.py:137} INFO - [2023-04-14T14:52:58.625+0000] {dag.py:3444} INFO - Setting next_dagrun for example_bash_operator to 2023-04-13T00:00:00+00:00, run_after=2023-04-14T00:00:00+00:00
[2023-04-14T14:52:58.652+0000] {processor.py:175} INFO - Processing /home/airflow/.local/lib/python3.7/site-packages/airflow/example_dags/example_bash_operator.py took 0.141 seconds
[2023-04-14T14:53:28.940+0000] {processor.py:153} INFO - Started process (PID=1218) to work on /home/airflow/.local/lib/python3.7/site-packages/airflow/example_dags/example_bash_operator.py
[2023-04-14T14:53:28.942+0000] {processor.py:743} INFO - Processing file /home/airflow/.local/lib/python3.7/site-packages/airflow/example_dags/example_bash_operator.py for tasks to queue
[2023-04-14T14:53:28.943+0000] {logging_mixin.py:137} INFO - [2023-04-14T14:53:28.943+0000] {dagbag.py:532} INFO - Filling up the DagBag from /home/airflow/.local/lib/python3.7/site-packages/airflow/example_dags/example_bash_operator.py
[2023-04-14T14:53:28.981+0000] {processor.py:753} INFO - DAG(s) dict_keys(['example_bash_operator']) retrieved from /home/airflow/.local/lib/python3.7/site-packages/airflow/example_dags/example_bash_operator.py
[2023-04-14T14:53:29.016+0000] {logging_mixin.py:137} INFO - [2023-04-14T14:53:29.016+0000] {dag.py:2693} INFO - Sync 1 DAGs
[2023-04-14T14:53:29.038+0000] {logging_mixin.py:137} INFO - [2023-04-14T14:53:29.037+0000] {dag.py:3444} INFO - Setting next_dagrun for example_bash_operator to 2023-04-13T00:00:00+00:00, run_after=2023-04-14T00:00:00+00:00
[2023-04-14T14:53:29.053+0000] {processor.py:175} INFO - Processing /home/airflow/.local/lib/python3.7/site-packages/airflow/example_dags/example_bash_operator.py took 0.117 seconds
[2023-04-14T14:53:59.128+0000] {processor.py:153} INFO - Started process (PID=1269) to work on /home/airflow/.local/lib/python3.7/site-packages/airflow/example_dags/example_bash_operator.py
[2023-04-14T14:53:59.130+0000] {processor.py:743} INFO - Processing file /home/airflow/.local/lib/python3.7/site-packages/airflow/example_dags/example_bash_operator.py for tasks to queue
[2023-04-14T14:53:59.132+0000] {logging_mixin.py:137} INFO - [2023-04-14T14:53:59.132+0000] {dagbag.py:532} INFO - Filling up the DagBag from /home/airflow/.local/lib/python3.7/site-packages/airflow/example_dags/example_bash_operator.py
[2023-04-14T14:53:59.174+0000] {processor.py:753} INFO - DAG(s) dict_keys(['example_bash_operator']) retrieved from /home/airflow/.local/lib/python3.7/site-packages/airflow/example_dags/example_bash_operator.py
[2023-04-14T14:53:59.210+0000] {logging_mixin.py:137} INFO - [2023-04-14T14:53:59.209+0000] {dag.py:2693} INFO - Sync 1 DAGs
[2023-04-14T14:53:59.230+0000] {logging_mixin.py:137} INFO - [2023-04-14T14:53:59.230+0000] {dag.py:3444} INFO - Setting next_dagrun for example_bash_operator to 2023-04-13T00:00:00+00:00, run_after=2023-04-14T00:00:00+00:00
[2023-04-14T14:53:59.244+0000] {processor.py:175} INFO - Processing /home/airflow/.local/lib/python3.7/site-packages/airflow/example_dags/example_bash_operator.py took 0.124 seconds
[2023-04-14T14:54:29.399+0000] {processor.py:153} INFO - Started process (PID=1323) to work on /home/airflow/.local/lib/python3.7/site-packages/airflow/example_dags/example_bash_operator.py
[2023-04-14T14:54:29.401+0000] {processor.py:743} INFO - Processing file /home/airflow/.local/lib/python3.7/site-packages/airflow/example_dags/example_bash_operator.py for tasks to queue
[2023-04-14T14:54:29.403+0000] {logging_mixin.py:137} INFO - [2023-04-14T14:54:29.403+0000] {dagbag.py:532} INFO - Filling up the DagBag from /home/airflow/.local/lib/python3.7/site-packages/airflow/example_dags/example_bash_operator.py
[2023-04-14T14:54:29.431+0000] {processor.py:753} INFO - DAG(s) dict_keys(['example_bash_operator']) retrieved from /home/airflow/.local/lib/python3.7/site-packages/airflow/example_dags/example_bash_operator.py
[2023-04-14T14:54:29.472+0000] {logging_mixin.py:137} INFO - [2023-04-14T14:54:29.472+0000] {dag.py:2693} INFO - Sync 1 DAGs
[2023-04-14T14:54:29.504+0000] {logging_mixin.py:137} INFO - [2023-04-14T14:54:29.504+0000] {dag.py:3444} INFO - Setting next_dagrun for example_bash_operator to 2023-04-13T00:00:00+00:00, run_after=2023-04-14T00:00:00+00:00
[2023-04-14T14:54:29.521+0000] {processor.py:175} INFO - Processing /home/airflow/.local/lib/python3.7/site-packages/airflow/example_dags/example_bash_operator.py took 0.128 seconds
[2023-04-14T14:54:59.968+0000] {processor.py:153} INFO - Started process (PID=1376) to work on /home/airflow/.local/lib/python3.7/site-packages/airflow/example_dags/example_bash_operator.py
[2023-04-14T14:54:59.970+0000] {processor.py:743} INFO - Processing file /home/airflow/.local/lib/python3.7/site-packages/airflow/example_dags/example_bash_operator.py for tasks to queue
[2023-04-14T14:54:59.971+0000] {logging_mixin.py:137} INFO - [2023-04-14T14:54:59.971+0000] {dagbag.py:532} INFO - Filling up the DagBag from /home/airflow/.local/lib/python3.7/site-packages/airflow/example_dags/example_bash_operator.py
[2023-04-14T14:54:59.991+0000] {processor.py:753} INFO - DAG(s) dict_keys(['example_bash_operator']) retrieved from /home/airflow/.local/lib/python3.7/site-packages/airflow/example_dags/example_bash_operator.py
[2023-04-14T14:55:00.032+0000] {logging_mixin.py:137} INFO - [2023-04-14T14:55:00.032+0000] {dag.py:2693} INFO - Sync 1 DAGs
[2023-04-14T14:55:00.054+0000] {logging_mixin.py:137} INFO - [2023-04-14T14:55:00.054+0000] {dag.py:3444} INFO - Setting next_dagrun for example_bash_operator to 2023-04-13T00:00:00+00:00, run_after=2023-04-14T00:00:00+00:00
[2023-04-14T14:55:00.069+0000] {processor.py:175} INFO - Processing /home/airflow/.local/lib/python3.7/site-packages/airflow/example_dags/example_bash_operator.py took 0.105 seconds
[2023-04-14T14:55:30.280+0000] {processor.py:153} INFO - Started process (PID=1428) to work on /home/airflow/.local/lib/python3.7/site-packages/airflow/example_dags/example_bash_operator.py
[2023-04-14T14:55:30.283+0000] {processor.py:743} INFO - Processing file /home/airflow/.local/lib/python3.7/site-packages/airflow/example_dags/example_bash_operator.py for tasks to queue
[2023-04-14T14:55:30.285+0000] {logging_mixin.py:137} INFO - [2023-04-14T14:55:30.285+0000] {dagbag.py:532} INFO - Filling up the DagBag from /home/airflow/.local/lib/python3.7/site-packages/airflow/example_dags/example_bash_operator.py
[2023-04-14T14:55:30.325+0000] {processor.py:753} INFO - DAG(s) dict_keys(['example_bash_operator']) retrieved from /home/airflow/.local/lib/python3.7/site-packages/airflow/example_dags/example_bash_operator.py
[2023-04-14T14:55:30.384+0000] {logging_mixin.py:137} INFO - [2023-04-14T14:55:30.384+0000] {dag.py:2693} INFO - Sync 1 DAGs
[2023-04-14T14:55:30.413+0000] {logging_mixin.py:137} INFO - [2023-04-14T14:55:30.413+0000] {dag.py:3444} INFO - Setting next_dagrun for example_bash_operator to 2023-04-13T00:00:00+00:00, run_after=2023-04-14T00:00:00+00:00
[2023-04-14T14:55:30.430+0000] {processor.py:175} INFO - Processing /home/airflow/.local/lib/python3.7/site-packages/airflow/example_dags/example_bash_operator.py took 0.167 seconds
[2023-04-14T14:56:00.785+0000] {processor.py:153} INFO - Started process (PID=1480) to work on /home/airflow/.local/lib/python3.7/site-packages/airflow/example_dags/example_bash_operator.py
[2023-04-14T14:56:00.788+0000] {processor.py:743} INFO - Processing file /home/airflow/.local/lib/python3.7/site-packages/airflow/example_dags/example_bash_operator.py for tasks to queue
[2023-04-14T14:56:00.789+0000] {logging_mixin.py:137} INFO - [2023-04-14T14:56:00.789+0000] {dagbag.py:532} INFO - Filling up the DagBag from /home/airflow/.local/lib/python3.7/site-packages/airflow/example_dags/example_bash_operator.py
[2023-04-14T14:56:00.827+0000] {processor.py:753} INFO - DAG(s) dict_keys(['example_bash_operator']) retrieved from /home/airflow/.local/lib/python3.7/site-packages/airflow/example_dags/example_bash_operator.py
[2023-04-14T14:56:00.868+0000] {logging_mixin.py:137} INFO - [2023-04-14T14:56:00.868+0000] {dag.py:2693} INFO - Sync 1 DAGs
[2023-04-14T14:56:00.897+0000] {logging_mixin.py:137} INFO - [2023-04-14T14:56:00.896+0000] {dag.py:3444} INFO - Setting next_dagrun for example_bash_operator to 2023-04-13T00:00:00+00:00, run_after=2023-04-14T00:00:00+00:00
[2023-04-14T14:56:00.913+0000] {processor.py:175} INFO - Processing /home/airflow/.local/lib/python3.7/site-packages/airflow/example_dags/example_bash_operator.py took 0.133 seconds
[2023-04-14T14:56:31.142+0000] {processor.py:153} INFO - Started process (PID=1533) to work on /home/airflow/.local/lib/python3.7/site-packages/airflow/example_dags/example_bash_operator.py
[2023-04-14T14:56:31.145+0000] {processor.py:743} INFO - Processing file /home/airflow/.local/lib/python3.7/site-packages/airflow/example_dags/example_bash_operator.py for tasks to queue
[2023-04-14T14:56:31.147+0000] {logging_mixin.py:137} INFO - [2023-04-14T14:56:31.147+0000] {dagbag.py:532} INFO - Filling up the DagBag from /home/airflow/.local/lib/python3.7/site-packages/airflow/example_dags/example_bash_operator.py
[2023-04-14T14:56:31.173+0000] {processor.py:753} INFO - DAG(s) dict_keys(['example_bash_operator']) retrieved from /home/airflow/.local/lib/python3.7/site-packages/airflow/example_dags/example_bash_operator.py
[2023-04-14T14:56:31.224+0000] {logging_mixin.py:137} INFO - [2023-04-14T14:56:31.223+0000] {dag.py:2693} INFO - Sync 1 DAGs
[2023-04-14T14:56:31.248+0000] {logging_mixin.py:137} INFO - [2023-04-14T14:56:31.247+0000] {dag.py:3444} INFO - Setting next_dagrun for example_bash_operator to 2023-04-13T00:00:00+00:00, run_after=2023-04-14T00:00:00+00:00
[2023-04-14T14:56:31.263+0000] {processor.py:175} INFO - Processing /home/airflow/.local/lib/python3.7/site-packages/airflow/example_dags/example_bash_operator.py took 0.126 seconds
[2023-04-14T14:57:01.793+0000] {processor.py:153} INFO - Started process (PID=1586) to work on /home/airflow/.local/lib/python3.7/site-packages/airflow/example_dags/example_bash_operator.py
[2023-04-14T14:57:01.795+0000] {processor.py:743} INFO - Processing file /home/airflow/.local/lib/python3.7/site-packages/airflow/example_dags/example_bash_operator.py for tasks to queue
[2023-04-14T14:57:01.796+0000] {logging_mixin.py:137} INFO - [2023-04-14T14:57:01.796+0000] {dagbag.py:532} INFO - Filling up the DagBag from /home/airflow/.local/lib/python3.7/site-packages/airflow/example_dags/example_bash_operator.py
[2023-04-14T14:57:01.821+0000] {processor.py:753} INFO - DAG(s) dict_keys(['example_bash_operator']) retrieved from /home/airflow/.local/lib/python3.7/site-packages/airflow/example_dags/example_bash_operator.py
[2023-04-14T14:57:01.859+0000] {logging_mixin.py:137} INFO - [2023-04-14T14:57:01.859+0000] {dag.py:2693} INFO - Sync 1 DAGs
[2023-04-14T14:57:01.880+0000] {logging_mixin.py:137} INFO - [2023-04-14T14:57:01.880+0000] {dag.py:3444} INFO - Setting next_dagrun for example_bash_operator to 2023-04-13T00:00:00+00:00, run_after=2023-04-14T00:00:00+00:00
[2023-04-14T14:57:01.895+0000] {processor.py:175} INFO - Processing /home/airflow/.local/lib/python3.7/site-packages/airflow/example_dags/example_bash_operator.py took 0.106 seconds
