[2023-04-14T14:30:19.456+0000] {processor.py:153} INFO - Started process (PID=66) to work on /home/airflow/.local/lib/python3.7/site-packages/airflow/example_dags/example_dag_decorator.py
[2023-04-14T14:30:19.457+0000] {processor.py:743} INFO - Processing file /home/airflow/.local/lib/python3.7/site-packages/airflow/example_dags/example_dag_decorator.py for tasks to queue
[2023-04-14T14:30:19.459+0000] {logging_mixin.py:137} INFO - [2023-04-14T14:30:19.458+0000] {dagbag.py:532} INFO - Filling up the DagBag from /home/airflow/.local/lib/python3.7/site-packages/airflow/example_dags/example_dag_decorator.py
[2023-04-14T14:30:19.478+0000] {logging_mixin.py:137} INFO - [2023-04-14T14:30:19.478+0000] {taskmixin.py:211} WARNING - Dependency <Task(_PythonDecoratedOperator): prepare_email>, send_email already registered for DAG: example_dag_decorator
[2023-04-14T14:30:19.479+0000] {logging_mixin.py:137} INFO - [2023-04-14T14:30:19.478+0000] {taskmixin.py:211} WARNING - Dependency <Task(EmailOperator): send_email>, prepare_email already registered for DAG: example_dag_decorator
[2023-04-14T14:30:19.489+0000] {processor.py:753} INFO - DAG(s) dict_keys(['example_dag_decorator']) retrieved from /home/airflow/.local/lib/python3.7/site-packages/airflow/example_dags/example_dag_decorator.py
[2023-04-14T14:30:19.559+0000] {logging_mixin.py:137} INFO - [2023-04-14T14:30:19.559+0000] {dag.py:2693} INFO - Sync 1 DAGs
[2023-04-14T14:30:19.577+0000] {logging_mixin.py:137} INFO - [2023-04-14T14:30:19.577+0000] {dag.py:3444} INFO - Setting next_dagrun for example_dag_decorator to None, run_after=None
[2023-04-14T14:30:19.600+0000] {processor.py:175} INFO - Processing /home/airflow/.local/lib/python3.7/site-packages/airflow/example_dags/example_dag_decorator.py took 0.149 seconds
[2023-04-14T14:30:50.063+0000] {processor.py:153} INFO - Started process (PID=122) to work on /home/airflow/.local/lib/python3.7/site-packages/airflow/example_dags/example_dag_decorator.py
[2023-04-14T14:30:50.064+0000] {processor.py:743} INFO - Processing file /home/airflow/.local/lib/python3.7/site-packages/airflow/example_dags/example_dag_decorator.py for tasks to queue
[2023-04-14T14:30:50.065+0000] {logging_mixin.py:137} INFO - [2023-04-14T14:30:50.065+0000] {dagbag.py:532} INFO - Filling up the DagBag from /home/airflow/.local/lib/python3.7/site-packages/airflow/example_dags/example_dag_decorator.py
[2023-04-14T14:30:50.078+0000] {logging_mixin.py:137} INFO - [2023-04-14T14:30:50.078+0000] {taskmixin.py:211} WARNING - Dependency <Task(_PythonDecoratedOperator): prepare_email>, send_email already registered for DAG: example_dag_decorator
[2023-04-14T14:30:50.078+0000] {logging_mixin.py:137} INFO - [2023-04-14T14:30:50.078+0000] {taskmixin.py:211} WARNING - Dependency <Task(EmailOperator): send_email>, prepare_email already registered for DAG: example_dag_decorator
[2023-04-14T14:30:50.088+0000] {processor.py:753} INFO - DAG(s) dict_keys(['example_dag_decorator']) retrieved from /home/airflow/.local/lib/python3.7/site-packages/airflow/example_dags/example_dag_decorator.py
[2023-04-14T14:30:50.151+0000] {logging_mixin.py:137} INFO - [2023-04-14T14:30:50.150+0000] {dag.py:2693} INFO - Sync 1 DAGs
[2023-04-14T14:30:50.169+0000] {logging_mixin.py:137} INFO - [2023-04-14T14:30:50.169+0000] {dag.py:3444} INFO - Setting next_dagrun for example_dag_decorator to None, run_after=None
[2023-04-14T14:30:50.181+0000] {processor.py:175} INFO - Processing /home/airflow/.local/lib/python3.7/site-packages/airflow/example_dags/example_dag_decorator.py took 0.120 seconds
[2023-04-14T14:31:20.288+0000] {processor.py:153} INFO - Started process (PID=174) to work on /home/airflow/.local/lib/python3.7/site-packages/airflow/example_dags/example_dag_decorator.py
[2023-04-14T14:31:20.289+0000] {processor.py:743} INFO - Processing file /home/airflow/.local/lib/python3.7/site-packages/airflow/example_dags/example_dag_decorator.py for tasks to queue
[2023-04-14T14:31:20.290+0000] {logging_mixin.py:137} INFO - [2023-04-14T14:31:20.290+0000] {dagbag.py:532} INFO - Filling up the DagBag from /home/airflow/.local/lib/python3.7/site-packages/airflow/example_dags/example_dag_decorator.py
[2023-04-14T14:31:20.307+0000] {logging_mixin.py:137} INFO - [2023-04-14T14:31:20.306+0000] {taskmixin.py:211} WARNING - Dependency <Task(_PythonDecoratedOperator): prepare_email>, send_email already registered for DAG: example_dag_decorator
[2023-04-14T14:31:20.308+0000] {logging_mixin.py:137} INFO - [2023-04-14T14:31:20.308+0000] {taskmixin.py:211} WARNING - Dependency <Task(EmailOperator): send_email>, prepare_email already registered for DAG: example_dag_decorator
[2023-04-14T14:31:20.324+0000] {processor.py:753} INFO - DAG(s) dict_keys(['example_dag_decorator']) retrieved from /home/airflow/.local/lib/python3.7/site-packages/airflow/example_dags/example_dag_decorator.py
[2023-04-14T14:31:20.372+0000] {logging_mixin.py:137} INFO - [2023-04-14T14:31:20.372+0000] {dag.py:2693} INFO - Sync 1 DAGs
[2023-04-14T14:31:20.387+0000] {logging_mixin.py:137} INFO - [2023-04-14T14:31:20.387+0000] {dag.py:3444} INFO - Setting next_dagrun for example_dag_decorator to None, run_after=None
[2023-04-14T14:31:20.400+0000] {processor.py:175} INFO - Processing /home/airflow/.local/lib/python3.7/site-packages/airflow/example_dags/example_dag_decorator.py took 0.116 seconds
[2023-04-14T14:31:51.158+0000] {processor.py:153} INFO - Started process (PID=227) to work on /home/airflow/.local/lib/python3.7/site-packages/airflow/example_dags/example_dag_decorator.py
[2023-04-14T14:31:51.159+0000] {processor.py:743} INFO - Processing file /home/airflow/.local/lib/python3.7/site-packages/airflow/example_dags/example_dag_decorator.py for tasks to queue
[2023-04-14T14:31:51.160+0000] {logging_mixin.py:137} INFO - [2023-04-14T14:31:51.160+0000] {dagbag.py:532} INFO - Filling up the DagBag from /home/airflow/.local/lib/python3.7/site-packages/airflow/example_dags/example_dag_decorator.py
[2023-04-14T14:31:51.172+0000] {logging_mixin.py:137} INFO - [2023-04-14T14:31:51.172+0000] {taskmixin.py:211} WARNING - Dependency <Task(_PythonDecoratedOperator): prepare_email>, send_email already registered for DAG: example_dag_decorator
[2023-04-14T14:31:51.172+0000] {logging_mixin.py:137} INFO - [2023-04-14T14:31:51.172+0000] {taskmixin.py:211} WARNING - Dependency <Task(EmailOperator): send_email>, prepare_email already registered for DAG: example_dag_decorator
[2023-04-14T14:31:51.182+0000] {processor.py:753} INFO - DAG(s) dict_keys(['example_dag_decorator']) retrieved from /home/airflow/.local/lib/python3.7/site-packages/airflow/example_dags/example_dag_decorator.py
[2023-04-14T14:31:51.225+0000] {logging_mixin.py:137} INFO - [2023-04-14T14:31:51.224+0000] {dag.py:2693} INFO - Sync 1 DAGs
[2023-04-14T14:31:51.238+0000] {logging_mixin.py:137} INFO - [2023-04-14T14:31:51.238+0000] {dag.py:3444} INFO - Setting next_dagrun for example_dag_decorator to None, run_after=None
[2023-04-14T14:31:51.249+0000] {processor.py:175} INFO - Processing /home/airflow/.local/lib/python3.7/site-packages/airflow/example_dags/example_dag_decorator.py took 0.094 seconds
[2023-04-14T14:32:23.565+0000] {processor.py:153} INFO - Started process (PID=279) to work on /home/airflow/.local/lib/python3.7/site-packages/airflow/example_dags/example_dag_decorator.py
[2023-04-14T14:32:23.567+0000] {processor.py:743} INFO - Processing file /home/airflow/.local/lib/python3.7/site-packages/airflow/example_dags/example_dag_decorator.py for tasks to queue
[2023-04-14T14:32:23.568+0000] {logging_mixin.py:137} INFO - [2023-04-14T14:32:23.568+0000] {dagbag.py:532} INFO - Filling up the DagBag from /home/airflow/.local/lib/python3.7/site-packages/airflow/example_dags/example_dag_decorator.py
[2023-04-14T14:32:23.584+0000] {logging_mixin.py:137} INFO - [2023-04-14T14:32:23.584+0000] {taskmixin.py:211} WARNING - Dependency <Task(_PythonDecoratedOperator): prepare_email>, send_email already registered for DAG: example_dag_decorator
[2023-04-14T14:32:23.585+0000] {logging_mixin.py:137} INFO - [2023-04-14T14:32:23.585+0000] {taskmixin.py:211} WARNING - Dependency <Task(EmailOperator): send_email>, prepare_email already registered for DAG: example_dag_decorator
[2023-04-14T14:32:23.599+0000] {processor.py:753} INFO - DAG(s) dict_keys(['example_dag_decorator']) retrieved from /home/airflow/.local/lib/python3.7/site-packages/airflow/example_dags/example_dag_decorator.py
[2023-04-14T14:32:23.666+0000] {logging_mixin.py:137} INFO - [2023-04-14T14:32:23.665+0000] {dag.py:2693} INFO - Sync 1 DAGs
[2023-04-14T14:32:23.686+0000] {logging_mixin.py:137} INFO - [2023-04-14T14:32:23.686+0000] {dag.py:3444} INFO - Setting next_dagrun for example_dag_decorator to None, run_after=None
[2023-04-14T14:32:23.701+0000] {processor.py:175} INFO - Processing /home/airflow/.local/lib/python3.7/site-packages/airflow/example_dags/example_dag_decorator.py took 0.139 seconds
[2023-04-14T14:33:51.504+0000] {processor.py:153} INFO - Started process (PID=59) to work on /home/airflow/.local/lib/python3.7/site-packages/airflow/example_dags/example_dag_decorator.py
[2023-04-14T14:33:51.508+0000] {processor.py:743} INFO - Processing file /home/airflow/.local/lib/python3.7/site-packages/airflow/example_dags/example_dag_decorator.py for tasks to queue
[2023-04-14T14:33:51.510+0000] {logging_mixin.py:137} INFO - [2023-04-14T14:33:51.510+0000] {dagbag.py:532} INFO - Filling up the DagBag from /home/airflow/.local/lib/python3.7/site-packages/airflow/example_dags/example_dag_decorator.py
[2023-04-14T14:33:51.540+0000] {logging_mixin.py:137} INFO - [2023-04-14T14:33:51.539+0000] {taskmixin.py:211} WARNING - Dependency <Task(_PythonDecoratedOperator): prepare_email>, send_email already registered for DAG: example_dag_decorator
[2023-04-14T14:33:51.541+0000] {logging_mixin.py:137} INFO - [2023-04-14T14:33:51.541+0000] {taskmixin.py:211} WARNING - Dependency <Task(EmailOperator): send_email>, prepare_email already registered for DAG: example_dag_decorator
[2023-04-14T14:33:51.560+0000] {processor.py:753} INFO - DAG(s) dict_keys(['example_dag_decorator']) retrieved from /home/airflow/.local/lib/python3.7/site-packages/airflow/example_dags/example_dag_decorator.py
[2023-04-14T14:33:51.741+0000] {logging_mixin.py:137} INFO - [2023-04-14T14:33:51.736+0000] {dag.py:2693} INFO - Sync 1 DAGs
[2023-04-14T14:33:51.835+0000] {logging_mixin.py:137} INFO - [2023-04-14T14:33:51.834+0000] {dag.py:3444} INFO - Setting next_dagrun for example_dag_decorator to None, run_after=None
[2023-04-14T14:33:52.004+0000] {processor.py:175} INFO - Processing /home/airflow/.local/lib/python3.7/site-packages/airflow/example_dags/example_dag_decorator.py took 0.507 seconds
[2023-04-14T14:34:23.055+0000] {processor.py:153} INFO - Started process (PID=111) to work on /home/airflow/.local/lib/python3.7/site-packages/airflow/example_dags/example_dag_decorator.py
[2023-04-14T14:34:23.059+0000] {processor.py:743} INFO - Processing file /home/airflow/.local/lib/python3.7/site-packages/airflow/example_dags/example_dag_decorator.py for tasks to queue
[2023-04-14T14:34:23.062+0000] {logging_mixin.py:137} INFO - [2023-04-14T14:34:23.061+0000] {dagbag.py:532} INFO - Filling up the DagBag from /home/airflow/.local/lib/python3.7/site-packages/airflow/example_dags/example_dag_decorator.py
[2023-04-14T14:34:23.094+0000] {logging_mixin.py:137} INFO - [2023-04-14T14:34:23.094+0000] {taskmixin.py:211} WARNING - Dependency <Task(_PythonDecoratedOperator): prepare_email>, send_email already registered for DAG: example_dag_decorator
[2023-04-14T14:34:23.096+0000] {logging_mixin.py:137} INFO - [2023-04-14T14:34:23.095+0000] {taskmixin.py:211} WARNING - Dependency <Task(EmailOperator): send_email>, prepare_email already registered for DAG: example_dag_decorator
[2023-04-14T14:34:23.122+0000] {processor.py:753} INFO - DAG(s) dict_keys(['example_dag_decorator']) retrieved from /home/airflow/.local/lib/python3.7/site-packages/airflow/example_dags/example_dag_decorator.py
[2023-04-14T14:34:23.266+0000] {logging_mixin.py:137} INFO - [2023-04-14T14:34:23.266+0000] {dag.py:2693} INFO - Sync 1 DAGs
[2023-04-14T14:34:23.335+0000] {logging_mixin.py:137} INFO - [2023-04-14T14:34:23.335+0000] {dag.py:3444} INFO - Setting next_dagrun for example_dag_decorator to None, run_after=None
[2023-04-14T14:34:23.374+0000] {processor.py:175} INFO - Processing /home/airflow/.local/lib/python3.7/site-packages/airflow/example_dags/example_dag_decorator.py took 0.325 seconds
[2023-04-14T14:34:53.489+0000] {processor.py:153} INFO - Started process (PID=165) to work on /home/airflow/.local/lib/python3.7/site-packages/airflow/example_dags/example_dag_decorator.py
[2023-04-14T14:34:53.490+0000] {processor.py:743} INFO - Processing file /home/airflow/.local/lib/python3.7/site-packages/airflow/example_dags/example_dag_decorator.py for tasks to queue
[2023-04-14T14:34:53.491+0000] {logging_mixin.py:137} INFO - [2023-04-14T14:34:53.491+0000] {dagbag.py:532} INFO - Filling up the DagBag from /home/airflow/.local/lib/python3.7/site-packages/airflow/example_dags/example_dag_decorator.py
[2023-04-14T14:34:53.504+0000] {logging_mixin.py:137} INFO - [2023-04-14T14:34:53.503+0000] {taskmixin.py:211} WARNING - Dependency <Task(_PythonDecoratedOperator): prepare_email>, send_email already registered for DAG: example_dag_decorator
[2023-04-14T14:34:53.504+0000] {logging_mixin.py:137} INFO - [2023-04-14T14:34:53.504+0000] {taskmixin.py:211} WARNING - Dependency <Task(EmailOperator): send_email>, prepare_email already registered for DAG: example_dag_decorator
[2023-04-14T14:34:53.514+0000] {processor.py:753} INFO - DAG(s) dict_keys(['example_dag_decorator']) retrieved from /home/airflow/.local/lib/python3.7/site-packages/airflow/example_dags/example_dag_decorator.py
[2023-04-14T14:34:53.565+0000] {logging_mixin.py:137} INFO - [2023-04-14T14:34:53.565+0000] {dag.py:2693} INFO - Sync 1 DAGs
[2023-04-14T14:34:53.580+0000] {logging_mixin.py:137} INFO - [2023-04-14T14:34:53.580+0000] {dag.py:3444} INFO - Setting next_dagrun for example_dag_decorator to None, run_after=None
[2023-04-14T14:34:53.591+0000] {processor.py:175} INFO - Processing /home/airflow/.local/lib/python3.7/site-packages/airflow/example_dags/example_dag_decorator.py took 0.105 seconds
[2023-04-14T14:35:24.204+0000] {processor.py:153} INFO - Started process (PID=217) to work on /home/airflow/.local/lib/python3.7/site-packages/airflow/example_dags/example_dag_decorator.py
[2023-04-14T14:35:24.208+0000] {processor.py:743} INFO - Processing file /home/airflow/.local/lib/python3.7/site-packages/airflow/example_dags/example_dag_decorator.py for tasks to queue
[2023-04-14T14:35:24.209+0000] {logging_mixin.py:137} INFO - [2023-04-14T14:35:24.209+0000] {dagbag.py:532} INFO - Filling up the DagBag from /home/airflow/.local/lib/python3.7/site-packages/airflow/example_dags/example_dag_decorator.py
[2023-04-14T14:35:24.230+0000] {logging_mixin.py:137} INFO - [2023-04-14T14:35:24.230+0000] {taskmixin.py:211} WARNING - Dependency <Task(_PythonDecoratedOperator): prepare_email>, send_email already registered for DAG: example_dag_decorator
[2023-04-14T14:35:24.230+0000] {logging_mixin.py:137} INFO - [2023-04-14T14:35:24.230+0000] {taskmixin.py:211} WARNING - Dependency <Task(EmailOperator): send_email>, prepare_email already registered for DAG: example_dag_decorator
[2023-04-14T14:35:24.244+0000] {processor.py:753} INFO - DAG(s) dict_keys(['example_dag_decorator']) retrieved from /home/airflow/.local/lib/python3.7/site-packages/airflow/example_dags/example_dag_decorator.py
[2023-04-14T14:35:24.299+0000] {logging_mixin.py:137} INFO - [2023-04-14T14:35:24.299+0000] {dag.py:2693} INFO - Sync 1 DAGs
[2023-04-14T14:35:24.318+0000] {logging_mixin.py:137} INFO - [2023-04-14T14:35:24.318+0000] {dag.py:3444} INFO - Setting next_dagrun for example_dag_decorator to None, run_after=None
[2023-04-14T14:35:24.332+0000] {processor.py:175} INFO - Processing /home/airflow/.local/lib/python3.7/site-packages/airflow/example_dags/example_dag_decorator.py took 0.132 seconds
[2023-04-14T14:35:54.384+0000] {processor.py:153} INFO - Started process (PID=270) to work on /home/airflow/.local/lib/python3.7/site-packages/airflow/example_dags/example_dag_decorator.py
[2023-04-14T14:35:54.386+0000] {processor.py:743} INFO - Processing file /home/airflow/.local/lib/python3.7/site-packages/airflow/example_dags/example_dag_decorator.py for tasks to queue
[2023-04-14T14:35:54.388+0000] {logging_mixin.py:137} INFO - [2023-04-14T14:35:54.388+0000] {dagbag.py:532} INFO - Filling up the DagBag from /home/airflow/.local/lib/python3.7/site-packages/airflow/example_dags/example_dag_decorator.py
[2023-04-14T14:35:54.426+0000] {logging_mixin.py:137} INFO - [2023-04-14T14:35:54.426+0000] {taskmixin.py:211} WARNING - Dependency <Task(_PythonDecoratedOperator): prepare_email>, send_email already registered for DAG: example_dag_decorator
[2023-04-14T14:35:54.427+0000] {logging_mixin.py:137} INFO - [2023-04-14T14:35:54.427+0000] {taskmixin.py:211} WARNING - Dependency <Task(EmailOperator): send_email>, prepare_email already registered for DAG: example_dag_decorator
[2023-04-14T14:35:54.447+0000] {processor.py:753} INFO - DAG(s) dict_keys(['example_dag_decorator']) retrieved from /home/airflow/.local/lib/python3.7/site-packages/airflow/example_dags/example_dag_decorator.py
[2023-04-14T14:35:54.516+0000] {logging_mixin.py:137} INFO - [2023-04-14T14:35:54.516+0000] {dag.py:2693} INFO - Sync 1 DAGs
[2023-04-14T14:35:54.535+0000] {logging_mixin.py:137} INFO - [2023-04-14T14:35:54.535+0000] {dag.py:3444} INFO - Setting next_dagrun for example_dag_decorator to None, run_after=None
[2023-04-14T14:35:54.548+0000] {processor.py:175} INFO - Processing /home/airflow/.local/lib/python3.7/site-packages/airflow/example_dags/example_dag_decorator.py took 0.172 seconds
[2023-04-14T14:36:25.442+0000] {processor.py:153} INFO - Started process (PID=323) to work on /home/airflow/.local/lib/python3.7/site-packages/airflow/example_dags/example_dag_decorator.py
[2023-04-14T14:36:25.445+0000] {processor.py:743} INFO - Processing file /home/airflow/.local/lib/python3.7/site-packages/airflow/example_dags/example_dag_decorator.py for tasks to queue
[2023-04-14T14:36:25.447+0000] {logging_mixin.py:137} INFO - [2023-04-14T14:36:25.447+0000] {dagbag.py:532} INFO - Filling up the DagBag from /home/airflow/.local/lib/python3.7/site-packages/airflow/example_dags/example_dag_decorator.py
[2023-04-14T14:36:25.470+0000] {logging_mixin.py:137} INFO - [2023-04-14T14:36:25.470+0000] {taskmixin.py:211} WARNING - Dependency <Task(_PythonDecoratedOperator): prepare_email>, send_email already registered for DAG: example_dag_decorator
[2023-04-14T14:36:25.471+0000] {logging_mixin.py:137} INFO - [2023-04-14T14:36:25.471+0000] {taskmixin.py:211} WARNING - Dependency <Task(EmailOperator): send_email>, prepare_email already registered for DAG: example_dag_decorator
[2023-04-14T14:36:25.493+0000] {processor.py:753} INFO - DAG(s) dict_keys(['example_dag_decorator']) retrieved from /home/airflow/.local/lib/python3.7/site-packages/airflow/example_dags/example_dag_decorator.py
[2023-04-14T14:36:25.563+0000] {logging_mixin.py:137} INFO - [2023-04-14T14:36:25.563+0000] {dag.py:2693} INFO - Sync 1 DAGs
[2023-04-14T14:36:25.582+0000] {logging_mixin.py:137} INFO - [2023-04-14T14:36:25.582+0000] {dag.py:3444} INFO - Setting next_dagrun for example_dag_decorator to None, run_after=None
[2023-04-14T14:36:25.594+0000] {processor.py:175} INFO - Processing /home/airflow/.local/lib/python3.7/site-packages/airflow/example_dags/example_dag_decorator.py took 0.159 seconds
[2023-04-14T14:36:55.929+0000] {processor.py:153} INFO - Started process (PID=376) to work on /home/airflow/.local/lib/python3.7/site-packages/airflow/example_dags/example_dag_decorator.py
[2023-04-14T14:36:55.932+0000] {processor.py:743} INFO - Processing file /home/airflow/.local/lib/python3.7/site-packages/airflow/example_dags/example_dag_decorator.py for tasks to queue
[2023-04-14T14:36:55.939+0000] {logging_mixin.py:137} INFO - [2023-04-14T14:36:55.939+0000] {dagbag.py:532} INFO - Filling up the DagBag from /home/airflow/.local/lib/python3.7/site-packages/airflow/example_dags/example_dag_decorator.py
[2023-04-14T14:36:55.995+0000] {logging_mixin.py:137} INFO - [2023-04-14T14:36:55.995+0000] {taskmixin.py:211} WARNING - Dependency <Task(_PythonDecoratedOperator): prepare_email>, send_email already registered for DAG: example_dag_decorator
[2023-04-14T14:36:55.999+0000] {logging_mixin.py:137} INFO - [2023-04-14T14:36:55.999+0000] {taskmixin.py:211} WARNING - Dependency <Task(EmailOperator): send_email>, prepare_email already registered for DAG: example_dag_decorator
[2023-04-14T14:36:56.055+0000] {processor.py:753} INFO - DAG(s) dict_keys(['example_dag_decorator']) retrieved from /home/airflow/.local/lib/python3.7/site-packages/airflow/example_dags/example_dag_decorator.py
[2023-04-14T14:36:56.186+0000] {logging_mixin.py:137} INFO - [2023-04-14T14:36:56.186+0000] {dag.py:2693} INFO - Sync 1 DAGs
[2023-04-14T14:36:56.244+0000] {logging_mixin.py:137} INFO - [2023-04-14T14:36:56.243+0000] {dag.py:3444} INFO - Setting next_dagrun for example_dag_decorator to None, run_after=None
[2023-04-14T14:36:56.289+0000] {processor.py:175} INFO - Processing /home/airflow/.local/lib/python3.7/site-packages/airflow/example_dags/example_dag_decorator.py took 0.368 seconds
[2023-04-14T14:37:26.732+0000] {processor.py:153} INFO - Started process (PID=429) to work on /home/airflow/.local/lib/python3.7/site-packages/airflow/example_dags/example_dag_decorator.py
[2023-04-14T14:37:26.734+0000] {processor.py:743} INFO - Processing file /home/airflow/.local/lib/python3.7/site-packages/airflow/example_dags/example_dag_decorator.py for tasks to queue
[2023-04-14T14:37:26.735+0000] {logging_mixin.py:137} INFO - [2023-04-14T14:37:26.735+0000] {dagbag.py:532} INFO - Filling up the DagBag from /home/airflow/.local/lib/python3.7/site-packages/airflow/example_dags/example_dag_decorator.py
[2023-04-14T14:37:26.753+0000] {logging_mixin.py:137} INFO - [2023-04-14T14:37:26.753+0000] {taskmixin.py:211} WARNING - Dependency <Task(_PythonDecoratedOperator): prepare_email>, send_email already registered for DAG: example_dag_decorator
[2023-04-14T14:37:26.754+0000] {logging_mixin.py:137} INFO - [2023-04-14T14:37:26.754+0000] {taskmixin.py:211} WARNING - Dependency <Task(EmailOperator): send_email>, prepare_email already registered for DAG: example_dag_decorator
[2023-04-14T14:37:26.764+0000] {processor.py:753} INFO - DAG(s) dict_keys(['example_dag_decorator']) retrieved from /home/airflow/.local/lib/python3.7/site-packages/airflow/example_dags/example_dag_decorator.py
[2023-04-14T14:37:26.812+0000] {logging_mixin.py:137} INFO - [2023-04-14T14:37:26.812+0000] {dag.py:2693} INFO - Sync 1 DAGs
[2023-04-14T14:37:26.828+0000] {logging_mixin.py:137} INFO - [2023-04-14T14:37:26.828+0000] {dag.py:3444} INFO - Setting next_dagrun for example_dag_decorator to None, run_after=None
[2023-04-14T14:37:26.839+0000] {processor.py:175} INFO - Processing /home/airflow/.local/lib/python3.7/site-packages/airflow/example_dags/example_dag_decorator.py took 0.111 seconds
[2023-04-14T14:37:58.737+0000] {processor.py:153} INFO - Started process (PID=482) to work on /home/airflow/.local/lib/python3.7/site-packages/airflow/example_dags/example_dag_decorator.py
[2023-04-14T14:37:58.755+0000] {processor.py:743} INFO - Processing file /home/airflow/.local/lib/python3.7/site-packages/airflow/example_dags/example_dag_decorator.py for tasks to queue
[2023-04-14T14:37:58.758+0000] {logging_mixin.py:137} INFO - [2023-04-14T14:37:58.758+0000] {dagbag.py:532} INFO - Filling up the DagBag from /home/airflow/.local/lib/python3.7/site-packages/airflow/example_dags/example_dag_decorator.py
[2023-04-14T14:37:58.859+0000] {logging_mixin.py:137} INFO - [2023-04-14T14:37:58.859+0000] {taskmixin.py:211} WARNING - Dependency <Task(_PythonDecoratedOperator): prepare_email>, send_email already registered for DAG: example_dag_decorator
[2023-04-14T14:37:58.862+0000] {logging_mixin.py:137} INFO - [2023-04-14T14:37:58.861+0000] {taskmixin.py:211} WARNING - Dependency <Task(EmailOperator): send_email>, prepare_email already registered for DAG: example_dag_decorator
[2023-04-14T14:37:58.924+0000] {processor.py:753} INFO - DAG(s) dict_keys(['example_dag_decorator']) retrieved from /home/airflow/.local/lib/python3.7/site-packages/airflow/example_dags/example_dag_decorator.py
[2023-04-14T14:37:59.064+0000] {logging_mixin.py:137} INFO - [2023-04-14T14:37:59.063+0000] {dag.py:2693} INFO - Sync 1 DAGs
[2023-04-14T14:37:59.122+0000] {logging_mixin.py:137} INFO - [2023-04-14T14:37:59.122+0000] {dag.py:3444} INFO - Setting next_dagrun for example_dag_decorator to None, run_after=None
[2023-04-14T14:37:59.176+0000] {processor.py:175} INFO - Processing /home/airflow/.local/lib/python3.7/site-packages/airflow/example_dags/example_dag_decorator.py took 0.443 seconds
[2023-04-14T14:38:29.761+0000] {processor.py:153} INFO - Started process (PID=535) to work on /home/airflow/.local/lib/python3.7/site-packages/airflow/example_dags/example_dag_decorator.py
[2023-04-14T14:38:29.762+0000] {processor.py:743} INFO - Processing file /home/airflow/.local/lib/python3.7/site-packages/airflow/example_dags/example_dag_decorator.py for tasks to queue
[2023-04-14T14:38:29.764+0000] {logging_mixin.py:137} INFO - [2023-04-14T14:38:29.763+0000] {dagbag.py:532} INFO - Filling up the DagBag from /home/airflow/.local/lib/python3.7/site-packages/airflow/example_dags/example_dag_decorator.py
[2023-04-14T14:38:29.811+0000] {logging_mixin.py:137} INFO - [2023-04-14T14:38:29.810+0000] {taskmixin.py:211} WARNING - Dependency <Task(_PythonDecoratedOperator): prepare_email>, send_email already registered for DAG: example_dag_decorator
[2023-04-14T14:38:29.812+0000] {logging_mixin.py:137} INFO - [2023-04-14T14:38:29.812+0000] {taskmixin.py:211} WARNING - Dependency <Task(EmailOperator): send_email>, prepare_email already registered for DAG: example_dag_decorator
[2023-04-14T14:38:29.827+0000] {processor.py:753} INFO - DAG(s) dict_keys(['example_dag_decorator']) retrieved from /home/airflow/.local/lib/python3.7/site-packages/airflow/example_dags/example_dag_decorator.py
[2023-04-14T14:38:29.916+0000] {logging_mixin.py:137} INFO - [2023-04-14T14:38:29.916+0000] {dag.py:2693} INFO - Sync 1 DAGs
[2023-04-14T14:38:29.956+0000] {logging_mixin.py:137} INFO - [2023-04-14T14:38:29.956+0000] {dag.py:3444} INFO - Setting next_dagrun for example_dag_decorator to None, run_after=None
[2023-04-14T14:38:29.977+0000] {processor.py:175} INFO - Processing /home/airflow/.local/lib/python3.7/site-packages/airflow/example_dags/example_dag_decorator.py took 0.221 seconds
[2023-04-14T14:39:00.152+0000] {processor.py:153} INFO - Started process (PID=589) to work on /home/airflow/.local/lib/python3.7/site-packages/airflow/example_dags/example_dag_decorator.py
[2023-04-14T14:39:00.155+0000] {processor.py:743} INFO - Processing file /home/airflow/.local/lib/python3.7/site-packages/airflow/example_dags/example_dag_decorator.py for tasks to queue
[2023-04-14T14:39:00.156+0000] {logging_mixin.py:137} INFO - [2023-04-14T14:39:00.156+0000] {dagbag.py:532} INFO - Filling up the DagBag from /home/airflow/.local/lib/python3.7/site-packages/airflow/example_dags/example_dag_decorator.py
[2023-04-14T14:39:00.189+0000] {logging_mixin.py:137} INFO - [2023-04-14T14:39:00.188+0000] {taskmixin.py:211} WARNING - Dependency <Task(_PythonDecoratedOperator): prepare_email>, send_email already registered for DAG: example_dag_decorator
[2023-04-14T14:39:00.189+0000] {logging_mixin.py:137} INFO - [2023-04-14T14:39:00.189+0000] {taskmixin.py:211} WARNING - Dependency <Task(EmailOperator): send_email>, prepare_email already registered for DAG: example_dag_decorator
[2023-04-14T14:39:00.205+0000] {processor.py:753} INFO - DAG(s) dict_keys(['example_dag_decorator']) retrieved from /home/airflow/.local/lib/python3.7/site-packages/airflow/example_dags/example_dag_decorator.py
[2023-04-14T14:39:00.276+0000] {logging_mixin.py:137} INFO - [2023-04-14T14:39:00.275+0000] {dag.py:2693} INFO - Sync 1 DAGs
[2023-04-14T14:39:00.295+0000] {logging_mixin.py:137} INFO - [2023-04-14T14:39:00.295+0000] {dag.py:3444} INFO - Setting next_dagrun for example_dag_decorator to None, run_after=None
[2023-04-14T14:39:00.311+0000] {processor.py:175} INFO - Processing /home/airflow/.local/lib/python3.7/site-packages/airflow/example_dags/example_dag_decorator.py took 0.166 seconds
[2023-04-14T14:39:30.850+0000] {processor.py:153} INFO - Started process (PID=642) to work on /home/airflow/.local/lib/python3.7/site-packages/airflow/example_dags/example_dag_decorator.py
[2023-04-14T14:39:30.853+0000] {processor.py:743} INFO - Processing file /home/airflow/.local/lib/python3.7/site-packages/airflow/example_dags/example_dag_decorator.py for tasks to queue
[2023-04-14T14:39:30.854+0000] {logging_mixin.py:137} INFO - [2023-04-14T14:39:30.854+0000] {dagbag.py:532} INFO - Filling up the DagBag from /home/airflow/.local/lib/python3.7/site-packages/airflow/example_dags/example_dag_decorator.py
[2023-04-14T14:39:30.866+0000] {logging_mixin.py:137} INFO - [2023-04-14T14:39:30.865+0000] {taskmixin.py:211} WARNING - Dependency <Task(_PythonDecoratedOperator): prepare_email>, send_email already registered for DAG: example_dag_decorator
[2023-04-14T14:39:30.866+0000] {logging_mixin.py:137} INFO - [2023-04-14T14:39:30.866+0000] {taskmixin.py:211} WARNING - Dependency <Task(EmailOperator): send_email>, prepare_email already registered for DAG: example_dag_decorator
[2023-04-14T14:39:30.877+0000] {processor.py:753} INFO - DAG(s) dict_keys(['example_dag_decorator']) retrieved from /home/airflow/.local/lib/python3.7/site-packages/airflow/example_dags/example_dag_decorator.py
[2023-04-14T14:39:30.924+0000] {logging_mixin.py:137} INFO - [2023-04-14T14:39:30.924+0000] {dag.py:2693} INFO - Sync 1 DAGs
[2023-04-14T14:39:30.940+0000] {logging_mixin.py:137} INFO - [2023-04-14T14:39:30.940+0000] {dag.py:3444} INFO - Setting next_dagrun for example_dag_decorator to None, run_after=None
[2023-04-14T14:39:30.957+0000] {processor.py:175} INFO - Processing /home/airflow/.local/lib/python3.7/site-packages/airflow/example_dags/example_dag_decorator.py took 0.110 seconds
[2023-04-14T14:40:01.685+0000] {processor.py:153} INFO - Started process (PID=702) to work on /home/airflow/.local/lib/python3.7/site-packages/airflow/example_dags/example_dag_decorator.py
[2023-04-14T14:40:01.686+0000] {processor.py:743} INFO - Processing file /home/airflow/.local/lib/python3.7/site-packages/airflow/example_dags/example_dag_decorator.py for tasks to queue
[2023-04-14T14:40:01.687+0000] {logging_mixin.py:137} INFO - [2023-04-14T14:40:01.687+0000] {dagbag.py:532} INFO - Filling up the DagBag from /home/airflow/.local/lib/python3.7/site-packages/airflow/example_dags/example_dag_decorator.py
[2023-04-14T14:40:01.698+0000] {logging_mixin.py:137} INFO - [2023-04-14T14:40:01.698+0000] {taskmixin.py:211} WARNING - Dependency <Task(_PythonDecoratedOperator): prepare_email>, send_email already registered for DAG: example_dag_decorator
[2023-04-14T14:40:01.699+0000] {logging_mixin.py:137} INFO - [2023-04-14T14:40:01.699+0000] {taskmixin.py:211} WARNING - Dependency <Task(EmailOperator): send_email>, prepare_email already registered for DAG: example_dag_decorator
[2023-04-14T14:40:01.710+0000] {processor.py:753} INFO - DAG(s) dict_keys(['example_dag_decorator']) retrieved from /home/airflow/.local/lib/python3.7/site-packages/airflow/example_dags/example_dag_decorator.py
[2023-04-14T14:40:01.761+0000] {logging_mixin.py:137} INFO - [2023-04-14T14:40:01.761+0000] {dag.py:2693} INFO - Sync 1 DAGs
[2023-04-14T14:40:01.788+0000] {logging_mixin.py:137} INFO - [2023-04-14T14:40:01.787+0000] {dag.py:3444} INFO - Setting next_dagrun for example_dag_decorator to None, run_after=None
[2023-04-14T14:40:01.811+0000] {processor.py:175} INFO - Processing /home/airflow/.local/lib/python3.7/site-packages/airflow/example_dags/example_dag_decorator.py took 0.130 seconds
[2023-04-14T14:40:32.051+0000] {processor.py:153} INFO - Started process (PID=755) to work on /home/airflow/.local/lib/python3.7/site-packages/airflow/example_dags/example_dag_decorator.py
[2023-04-14T14:40:32.054+0000] {processor.py:743} INFO - Processing file /home/airflow/.local/lib/python3.7/site-packages/airflow/example_dags/example_dag_decorator.py for tasks to queue
[2023-04-14T14:40:32.055+0000] {logging_mixin.py:137} INFO - [2023-04-14T14:40:32.055+0000] {dagbag.py:532} INFO - Filling up the DagBag from /home/airflow/.local/lib/python3.7/site-packages/airflow/example_dags/example_dag_decorator.py
[2023-04-14T14:40:32.096+0000] {logging_mixin.py:137} INFO - [2023-04-14T14:40:32.095+0000] {taskmixin.py:211} WARNING - Dependency <Task(_PythonDecoratedOperator): prepare_email>, send_email already registered for DAG: example_dag_decorator
[2023-04-14T14:40:32.096+0000] {logging_mixin.py:137} INFO - [2023-04-14T14:40:32.096+0000] {taskmixin.py:211} WARNING - Dependency <Task(EmailOperator): send_email>, prepare_email already registered for DAG: example_dag_decorator
[2023-04-14T14:40:32.112+0000] {processor.py:753} INFO - DAG(s) dict_keys(['example_dag_decorator']) retrieved from /home/airflow/.local/lib/python3.7/site-packages/airflow/example_dags/example_dag_decorator.py
[2023-04-14T14:40:32.170+0000] {logging_mixin.py:137} INFO - [2023-04-14T14:40:32.170+0000] {dag.py:2693} INFO - Sync 1 DAGs
[2023-04-14T14:40:32.189+0000] {logging_mixin.py:137} INFO - [2023-04-14T14:40:32.188+0000] {dag.py:3444} INFO - Setting next_dagrun for example_dag_decorator to None, run_after=None
[2023-04-14T14:40:32.210+0000] {processor.py:175} INFO - Processing /home/airflow/.local/lib/python3.7/site-packages/airflow/example_dags/example_dag_decorator.py took 0.164 seconds
[2023-04-14T14:41:02.678+0000] {processor.py:153} INFO - Started process (PID=808) to work on /home/airflow/.local/lib/python3.7/site-packages/airflow/example_dags/example_dag_decorator.py
[2023-04-14T14:41:02.679+0000] {processor.py:743} INFO - Processing file /home/airflow/.local/lib/python3.7/site-packages/airflow/example_dags/example_dag_decorator.py for tasks to queue
[2023-04-14T14:41:02.681+0000] {logging_mixin.py:137} INFO - [2023-04-14T14:41:02.680+0000] {dagbag.py:532} INFO - Filling up the DagBag from /home/airflow/.local/lib/python3.7/site-packages/airflow/example_dags/example_dag_decorator.py
[2023-04-14T14:41:02.699+0000] {logging_mixin.py:137} INFO - [2023-04-14T14:41:02.699+0000] {taskmixin.py:211} WARNING - Dependency <Task(_PythonDecoratedOperator): prepare_email>, send_email already registered for DAG: example_dag_decorator
[2023-04-14T14:41:02.700+0000] {logging_mixin.py:137} INFO - [2023-04-14T14:41:02.700+0000] {taskmixin.py:211} WARNING - Dependency <Task(EmailOperator): send_email>, prepare_email already registered for DAG: example_dag_decorator
[2023-04-14T14:41:02.712+0000] {processor.py:753} INFO - DAG(s) dict_keys(['example_dag_decorator']) retrieved from /home/airflow/.local/lib/python3.7/site-packages/airflow/example_dags/example_dag_decorator.py
[2023-04-14T14:41:02.811+0000] {logging_mixin.py:137} INFO - [2023-04-14T14:41:02.810+0000] {dag.py:2693} INFO - Sync 1 DAGs
[2023-04-14T14:41:02.845+0000] {logging_mixin.py:137} INFO - [2023-04-14T14:41:02.845+0000] {dag.py:3444} INFO - Setting next_dagrun for example_dag_decorator to None, run_after=None
[2023-04-14T14:41:02.861+0000] {processor.py:175} INFO - Processing /home/airflow/.local/lib/python3.7/site-packages/airflow/example_dags/example_dag_decorator.py took 0.189 seconds
[2023-04-14T14:42:16.026+0000] {processor.py:153} INFO - Started process (PID=59) to work on /home/airflow/.local/lib/python3.7/site-packages/airflow/example_dags/example_dag_decorator.py
[2023-04-14T14:42:16.028+0000] {processor.py:743} INFO - Processing file /home/airflow/.local/lib/python3.7/site-packages/airflow/example_dags/example_dag_decorator.py for tasks to queue
[2023-04-14T14:42:16.029+0000] {logging_mixin.py:137} INFO - [2023-04-14T14:42:16.028+0000] {dagbag.py:532} INFO - Filling up the DagBag from /home/airflow/.local/lib/python3.7/site-packages/airflow/example_dags/example_dag_decorator.py
[2023-04-14T14:42:16.046+0000] {logging_mixin.py:137} INFO - [2023-04-14T14:42:16.046+0000] {taskmixin.py:211} WARNING - Dependency <Task(_PythonDecoratedOperator): prepare_email>, send_email already registered for DAG: example_dag_decorator
[2023-04-14T14:42:16.047+0000] {logging_mixin.py:137} INFO - [2023-04-14T14:42:16.047+0000] {taskmixin.py:211} WARNING - Dependency <Task(EmailOperator): send_email>, prepare_email already registered for DAG: example_dag_decorator
[2023-04-14T14:42:16.059+0000] {processor.py:753} INFO - DAG(s) dict_keys(['example_dag_decorator']) retrieved from /home/airflow/.local/lib/python3.7/site-packages/airflow/example_dags/example_dag_decorator.py
[2023-04-14T14:42:16.075+0000] {logging_mixin.py:137} INFO - [2023-04-14T14:42:16.074+0000] {dag.py:2693} INFO - Sync 1 DAGs
[2023-04-14T14:42:16.103+0000] {logging_mixin.py:137} INFO - [2023-04-14T14:42:16.103+0000] {dag.py:3444} INFO - Setting next_dagrun for example_dag_decorator to None, run_after=None
[2023-04-14T14:42:16.121+0000] {processor.py:175} INFO - Processing /home/airflow/.local/lib/python3.7/site-packages/airflow/example_dags/example_dag_decorator.py took 0.098 seconds
[2023-04-14T14:42:46.794+0000] {processor.py:153} INFO - Started process (PID=112) to work on /home/airflow/.local/lib/python3.7/site-packages/airflow/example_dags/example_dag_decorator.py
[2023-04-14T14:42:46.795+0000] {processor.py:743} INFO - Processing file /home/airflow/.local/lib/python3.7/site-packages/airflow/example_dags/example_dag_decorator.py for tasks to queue
[2023-04-14T14:42:46.796+0000] {logging_mixin.py:137} INFO - [2023-04-14T14:42:46.796+0000] {dagbag.py:532} INFO - Filling up the DagBag from /home/airflow/.local/lib/python3.7/site-packages/airflow/example_dags/example_dag_decorator.py
[2023-04-14T14:42:46.808+0000] {logging_mixin.py:137} INFO - [2023-04-14T14:42:46.808+0000] {taskmixin.py:211} WARNING - Dependency <Task(_PythonDecoratedOperator): prepare_email>, send_email already registered for DAG: example_dag_decorator
[2023-04-14T14:42:46.810+0000] {logging_mixin.py:137} INFO - [2023-04-14T14:42:46.810+0000] {taskmixin.py:211} WARNING - Dependency <Task(EmailOperator): send_email>, prepare_email already registered for DAG: example_dag_decorator
[2023-04-14T14:42:46.819+0000] {processor.py:753} INFO - DAG(s) dict_keys(['example_dag_decorator']) retrieved from /home/airflow/.local/lib/python3.7/site-packages/airflow/example_dags/example_dag_decorator.py
[2023-04-14T14:42:46.864+0000] {logging_mixin.py:137} INFO - [2023-04-14T14:42:46.864+0000] {dag.py:2693} INFO - Sync 1 DAGs
[2023-04-14T14:42:46.879+0000] {logging_mixin.py:137} INFO - [2023-04-14T14:42:46.879+0000] {dag.py:3444} INFO - Setting next_dagrun for example_dag_decorator to None, run_after=None
[2023-04-14T14:42:46.894+0000] {processor.py:175} INFO - Processing /home/airflow/.local/lib/python3.7/site-packages/airflow/example_dags/example_dag_decorator.py took 0.102 seconds
[2023-04-14T14:43:17.259+0000] {processor.py:153} INFO - Started process (PID=165) to work on /home/airflow/.local/lib/python3.7/site-packages/airflow/example_dags/example_dag_decorator.py
[2023-04-14T14:43:17.260+0000] {processor.py:743} INFO - Processing file /home/airflow/.local/lib/python3.7/site-packages/airflow/example_dags/example_dag_decorator.py for tasks to queue
[2023-04-14T14:43:17.261+0000] {logging_mixin.py:137} INFO - [2023-04-14T14:43:17.261+0000] {dagbag.py:532} INFO - Filling up the DagBag from /home/airflow/.local/lib/python3.7/site-packages/airflow/example_dags/example_dag_decorator.py
[2023-04-14T14:43:17.274+0000] {logging_mixin.py:137} INFO - [2023-04-14T14:43:17.274+0000] {taskmixin.py:211} WARNING - Dependency <Task(_PythonDecoratedOperator): prepare_email>, send_email already registered for DAG: example_dag_decorator
[2023-04-14T14:43:17.274+0000] {logging_mixin.py:137} INFO - [2023-04-14T14:43:17.274+0000] {taskmixin.py:211} WARNING - Dependency <Task(EmailOperator): send_email>, prepare_email already registered for DAG: example_dag_decorator
[2023-04-14T14:43:17.284+0000] {processor.py:753} INFO - DAG(s) dict_keys(['example_dag_decorator']) retrieved from /home/airflow/.local/lib/python3.7/site-packages/airflow/example_dags/example_dag_decorator.py
[2023-04-14T14:43:17.328+0000] {logging_mixin.py:137} INFO - [2023-04-14T14:43:17.328+0000] {dag.py:2693} INFO - Sync 1 DAGs
[2023-04-14T14:43:17.347+0000] {logging_mixin.py:137} INFO - [2023-04-14T14:43:17.347+0000] {dag.py:3444} INFO - Setting next_dagrun for example_dag_decorator to None, run_after=None
[2023-04-14T14:43:17.360+0000] {processor.py:175} INFO - Processing /home/airflow/.local/lib/python3.7/site-packages/airflow/example_dags/example_dag_decorator.py took 0.104 seconds
[2023-04-14T14:43:48.457+0000] {processor.py:153} INFO - Started process (PID=218) to work on /home/airflow/.local/lib/python3.7/site-packages/airflow/example_dags/example_dag_decorator.py
[2023-04-14T14:43:48.458+0000] {processor.py:743} INFO - Processing file /home/airflow/.local/lib/python3.7/site-packages/airflow/example_dags/example_dag_decorator.py for tasks to queue
[2023-04-14T14:43:48.459+0000] {logging_mixin.py:137} INFO - [2023-04-14T14:43:48.459+0000] {dagbag.py:532} INFO - Filling up the DagBag from /home/airflow/.local/lib/python3.7/site-packages/airflow/example_dags/example_dag_decorator.py
[2023-04-14T14:43:48.470+0000] {logging_mixin.py:137} INFO - [2023-04-14T14:43:48.470+0000] {taskmixin.py:211} WARNING - Dependency <Task(_PythonDecoratedOperator): prepare_email>, send_email already registered for DAG: example_dag_decorator
[2023-04-14T14:43:48.472+0000] {logging_mixin.py:137} INFO - [2023-04-14T14:43:48.471+0000] {taskmixin.py:211} WARNING - Dependency <Task(EmailOperator): send_email>, prepare_email already registered for DAG: example_dag_decorator
[2023-04-14T14:43:48.489+0000] {processor.py:753} INFO - DAG(s) dict_keys(['example_dag_decorator']) retrieved from /home/airflow/.local/lib/python3.7/site-packages/airflow/example_dags/example_dag_decorator.py
[2023-04-14T14:43:48.572+0000] {logging_mixin.py:137} INFO - [2023-04-14T14:43:48.572+0000] {dag.py:2693} INFO - Sync 1 DAGs
[2023-04-14T14:43:48.663+0000] {logging_mixin.py:137} INFO - [2023-04-14T14:43:48.663+0000] {dag.py:3444} INFO - Setting next_dagrun for example_dag_decorator to None, run_after=None
[2023-04-14T14:43:48.695+0000] {processor.py:175} INFO - Processing /home/airflow/.local/lib/python3.7/site-packages/airflow/example_dags/example_dag_decorator.py took 0.241 seconds
[2023-04-14T14:44:19.563+0000] {processor.py:153} INFO - Started process (PID=271) to work on /home/airflow/.local/lib/python3.7/site-packages/airflow/example_dags/example_dag_decorator.py
[2023-04-14T14:44:19.564+0000] {processor.py:743} INFO - Processing file /home/airflow/.local/lib/python3.7/site-packages/airflow/example_dags/example_dag_decorator.py for tasks to queue
[2023-04-14T14:44:19.565+0000] {logging_mixin.py:137} INFO - [2023-04-14T14:44:19.565+0000] {dagbag.py:532} INFO - Filling up the DagBag from /home/airflow/.local/lib/python3.7/site-packages/airflow/example_dags/example_dag_decorator.py
[2023-04-14T14:44:19.578+0000] {logging_mixin.py:137} INFO - [2023-04-14T14:44:19.578+0000] {taskmixin.py:211} WARNING - Dependency <Task(_PythonDecoratedOperator): prepare_email>, send_email already registered for DAG: example_dag_decorator
[2023-04-14T14:44:19.578+0000] {logging_mixin.py:137} INFO - [2023-04-14T14:44:19.578+0000] {taskmixin.py:211} WARNING - Dependency <Task(EmailOperator): send_email>, prepare_email already registered for DAG: example_dag_decorator
[2023-04-14T14:44:19.591+0000] {processor.py:753} INFO - DAG(s) dict_keys(['example_dag_decorator']) retrieved from /home/airflow/.local/lib/python3.7/site-packages/airflow/example_dags/example_dag_decorator.py
[2023-04-14T14:44:19.647+0000] {logging_mixin.py:137} INFO - [2023-04-14T14:44:19.646+0000] {dag.py:2693} INFO - Sync 1 DAGs
[2023-04-14T14:44:19.662+0000] {logging_mixin.py:137} INFO - [2023-04-14T14:44:19.662+0000] {dag.py:3444} INFO - Setting next_dagrun for example_dag_decorator to None, run_after=None
[2023-04-14T14:44:19.675+0000] {processor.py:175} INFO - Processing /home/airflow/.local/lib/python3.7/site-packages/airflow/example_dags/example_dag_decorator.py took 0.115 seconds
[2023-04-14T14:44:49.882+0000] {processor.py:153} INFO - Started process (PID=324) to work on /home/airflow/.local/lib/python3.7/site-packages/airflow/example_dags/example_dag_decorator.py
[2023-04-14T14:44:49.884+0000] {processor.py:743} INFO - Processing file /home/airflow/.local/lib/python3.7/site-packages/airflow/example_dags/example_dag_decorator.py for tasks to queue
[2023-04-14T14:44:49.885+0000] {logging_mixin.py:137} INFO - [2023-04-14T14:44:49.885+0000] {dagbag.py:532} INFO - Filling up the DagBag from /home/airflow/.local/lib/python3.7/site-packages/airflow/example_dags/example_dag_decorator.py
[2023-04-14T14:44:49.897+0000] {logging_mixin.py:137} INFO - [2023-04-14T14:44:49.897+0000] {taskmixin.py:211} WARNING - Dependency <Task(_PythonDecoratedOperator): prepare_email>, send_email already registered for DAG: example_dag_decorator
[2023-04-14T14:44:49.898+0000] {logging_mixin.py:137} INFO - [2023-04-14T14:44:49.898+0000] {taskmixin.py:211} WARNING - Dependency <Task(EmailOperator): send_email>, prepare_email already registered for DAG: example_dag_decorator
[2023-04-14T14:44:49.919+0000] {processor.py:753} INFO - DAG(s) dict_keys(['example_dag_decorator']) retrieved from /home/airflow/.local/lib/python3.7/site-packages/airflow/example_dags/example_dag_decorator.py
[2023-04-14T14:44:49.975+0000] {logging_mixin.py:137} INFO - [2023-04-14T14:44:49.974+0000] {dag.py:2693} INFO - Sync 1 DAGs
[2023-04-14T14:44:49.991+0000] {logging_mixin.py:137} INFO - [2023-04-14T14:44:49.991+0000] {dag.py:3444} INFO - Setting next_dagrun for example_dag_decorator to None, run_after=None
[2023-04-14T14:44:50.003+0000] {processor.py:175} INFO - Processing /home/airflow/.local/lib/python3.7/site-packages/airflow/example_dags/example_dag_decorator.py took 0.126 seconds
[2023-04-14T14:45:20.221+0000] {processor.py:153} INFO - Started process (PID=377) to work on /home/airflow/.local/lib/python3.7/site-packages/airflow/example_dags/example_dag_decorator.py
[2023-04-14T14:45:20.222+0000] {processor.py:743} INFO - Processing file /home/airflow/.local/lib/python3.7/site-packages/airflow/example_dags/example_dag_decorator.py for tasks to queue
[2023-04-14T14:45:20.223+0000] {logging_mixin.py:137} INFO - [2023-04-14T14:45:20.223+0000] {dagbag.py:532} INFO - Filling up the DagBag from /home/airflow/.local/lib/python3.7/site-packages/airflow/example_dags/example_dag_decorator.py
[2023-04-14T14:45:20.237+0000] {logging_mixin.py:137} INFO - [2023-04-14T14:45:20.237+0000] {taskmixin.py:211} WARNING - Dependency <Task(_PythonDecoratedOperator): prepare_email>, send_email already registered for DAG: example_dag_decorator
[2023-04-14T14:45:20.238+0000] {logging_mixin.py:137} INFO - [2023-04-14T14:45:20.238+0000] {taskmixin.py:211} WARNING - Dependency <Task(EmailOperator): send_email>, prepare_email already registered for DAG: example_dag_decorator
[2023-04-14T14:45:20.249+0000] {processor.py:753} INFO - DAG(s) dict_keys(['example_dag_decorator']) retrieved from /home/airflow/.local/lib/python3.7/site-packages/airflow/example_dags/example_dag_decorator.py
[2023-04-14T14:45:20.298+0000] {logging_mixin.py:137} INFO - [2023-04-14T14:45:20.298+0000] {dag.py:2693} INFO - Sync 1 DAGs
[2023-04-14T14:45:20.315+0000] {logging_mixin.py:137} INFO - [2023-04-14T14:45:20.315+0000] {dag.py:3444} INFO - Setting next_dagrun for example_dag_decorator to None, run_after=None
[2023-04-14T14:45:20.328+0000] {processor.py:175} INFO - Processing /home/airflow/.local/lib/python3.7/site-packages/airflow/example_dags/example_dag_decorator.py took 0.110 seconds
[2023-04-14T14:45:50.893+0000] {processor.py:153} INFO - Started process (PID=430) to work on /home/airflow/.local/lib/python3.7/site-packages/airflow/example_dags/example_dag_decorator.py
[2023-04-14T14:45:50.895+0000] {processor.py:743} INFO - Processing file /home/airflow/.local/lib/python3.7/site-packages/airflow/example_dags/example_dag_decorator.py for tasks to queue
[2023-04-14T14:45:50.896+0000] {logging_mixin.py:137} INFO - [2023-04-14T14:45:50.896+0000] {dagbag.py:532} INFO - Filling up the DagBag from /home/airflow/.local/lib/python3.7/site-packages/airflow/example_dags/example_dag_decorator.py
[2023-04-14T14:45:50.909+0000] {logging_mixin.py:137} INFO - [2023-04-14T14:45:50.909+0000] {taskmixin.py:211} WARNING - Dependency <Task(_PythonDecoratedOperator): prepare_email>, send_email already registered for DAG: example_dag_decorator
[2023-04-14T14:45:50.910+0000] {logging_mixin.py:137} INFO - [2023-04-14T14:45:50.910+0000] {taskmixin.py:211} WARNING - Dependency <Task(EmailOperator): send_email>, prepare_email already registered for DAG: example_dag_decorator
[2023-04-14T14:45:50.921+0000] {processor.py:753} INFO - DAG(s) dict_keys(['example_dag_decorator']) retrieved from /home/airflow/.local/lib/python3.7/site-packages/airflow/example_dags/example_dag_decorator.py
[2023-04-14T14:45:50.986+0000] {logging_mixin.py:137} INFO - [2023-04-14T14:45:50.986+0000] {dag.py:2693} INFO - Sync 1 DAGs
[2023-04-14T14:45:51.034+0000] {logging_mixin.py:137} INFO - [2023-04-14T14:45:51.033+0000] {dag.py:3444} INFO - Setting next_dagrun for example_dag_decorator to None, run_after=None
[2023-04-14T14:45:51.054+0000] {processor.py:175} INFO - Processing /home/airflow/.local/lib/python3.7/site-packages/airflow/example_dags/example_dag_decorator.py took 0.164 seconds
[2023-04-14T14:46:22.120+0000] {processor.py:153} INFO - Started process (PID=483) to work on /home/airflow/.local/lib/python3.7/site-packages/airflow/example_dags/example_dag_decorator.py
[2023-04-14T14:46:22.121+0000] {processor.py:743} INFO - Processing file /home/airflow/.local/lib/python3.7/site-packages/airflow/example_dags/example_dag_decorator.py for tasks to queue
[2023-04-14T14:46:22.122+0000] {logging_mixin.py:137} INFO - [2023-04-14T14:46:22.122+0000] {dagbag.py:532} INFO - Filling up the DagBag from /home/airflow/.local/lib/python3.7/site-packages/airflow/example_dags/example_dag_decorator.py
[2023-04-14T14:46:22.135+0000] {logging_mixin.py:137} INFO - [2023-04-14T14:46:22.135+0000] {taskmixin.py:211} WARNING - Dependency <Task(_PythonDecoratedOperator): prepare_email>, send_email already registered for DAG: example_dag_decorator
[2023-04-14T14:46:22.136+0000] {logging_mixin.py:137} INFO - [2023-04-14T14:46:22.136+0000] {taskmixin.py:211} WARNING - Dependency <Task(EmailOperator): send_email>, prepare_email already registered for DAG: example_dag_decorator
[2023-04-14T14:46:22.147+0000] {processor.py:753} INFO - DAG(s) dict_keys(['example_dag_decorator']) retrieved from /home/airflow/.local/lib/python3.7/site-packages/airflow/example_dags/example_dag_decorator.py
[2023-04-14T14:46:22.201+0000] {logging_mixin.py:137} INFO - [2023-04-14T14:46:22.201+0000] {dag.py:2693} INFO - Sync 1 DAGs
[2023-04-14T14:46:22.221+0000] {logging_mixin.py:137} INFO - [2023-04-14T14:46:22.221+0000] {dag.py:3444} INFO - Setting next_dagrun for example_dag_decorator to None, run_after=None
[2023-04-14T14:46:22.235+0000] {processor.py:175} INFO - Processing /home/airflow/.local/lib/python3.7/site-packages/airflow/example_dags/example_dag_decorator.py took 0.119 seconds
[2023-04-14T14:46:53.287+0000] {processor.py:153} INFO - Started process (PID=536) to work on /home/airflow/.local/lib/python3.7/site-packages/airflow/example_dags/example_dag_decorator.py
[2023-04-14T14:46:53.288+0000] {processor.py:743} INFO - Processing file /home/airflow/.local/lib/python3.7/site-packages/airflow/example_dags/example_dag_decorator.py for tasks to queue
[2023-04-14T14:46:53.289+0000] {logging_mixin.py:137} INFO - [2023-04-14T14:46:53.288+0000] {dagbag.py:532} INFO - Filling up the DagBag from /home/airflow/.local/lib/python3.7/site-packages/airflow/example_dags/example_dag_decorator.py
[2023-04-14T14:46:53.302+0000] {logging_mixin.py:137} INFO - [2023-04-14T14:46:53.302+0000] {taskmixin.py:211} WARNING - Dependency <Task(_PythonDecoratedOperator): prepare_email>, send_email already registered for DAG: example_dag_decorator
[2023-04-14T14:46:53.303+0000] {logging_mixin.py:137} INFO - [2023-04-14T14:46:53.303+0000] {taskmixin.py:211} WARNING - Dependency <Task(EmailOperator): send_email>, prepare_email already registered for DAG: example_dag_decorator
[2023-04-14T14:46:53.313+0000] {processor.py:753} INFO - DAG(s) dict_keys(['example_dag_decorator']) retrieved from /home/airflow/.local/lib/python3.7/site-packages/airflow/example_dags/example_dag_decorator.py
[2023-04-14T14:46:53.357+0000] {logging_mixin.py:137} INFO - [2023-04-14T14:46:53.357+0000] {dag.py:2693} INFO - Sync 1 DAGs
[2023-04-14T14:46:53.371+0000] {logging_mixin.py:137} INFO - [2023-04-14T14:46:53.371+0000] {dag.py:3444} INFO - Setting next_dagrun for example_dag_decorator to None, run_after=None
[2023-04-14T14:46:53.382+0000] {processor.py:175} INFO - Processing /home/airflow/.local/lib/python3.7/site-packages/airflow/example_dags/example_dag_decorator.py took 0.098 seconds
[2023-04-14T14:47:23.558+0000] {processor.py:153} INFO - Started process (PID=590) to work on /home/airflow/.local/lib/python3.7/site-packages/airflow/example_dags/example_dag_decorator.py
[2023-04-14T14:47:23.560+0000] {processor.py:743} INFO - Processing file /home/airflow/.local/lib/python3.7/site-packages/airflow/example_dags/example_dag_decorator.py for tasks to queue
[2023-04-14T14:47:23.561+0000] {logging_mixin.py:137} INFO - [2023-04-14T14:47:23.561+0000] {dagbag.py:532} INFO - Filling up the DagBag from /home/airflow/.local/lib/python3.7/site-packages/airflow/example_dags/example_dag_decorator.py
[2023-04-14T14:47:23.576+0000] {logging_mixin.py:137} INFO - [2023-04-14T14:47:23.575+0000] {taskmixin.py:211} WARNING - Dependency <Task(_PythonDecoratedOperator): prepare_email>, send_email already registered for DAG: example_dag_decorator
[2023-04-14T14:47:23.576+0000] {logging_mixin.py:137} INFO - [2023-04-14T14:47:23.576+0000] {taskmixin.py:211} WARNING - Dependency <Task(EmailOperator): send_email>, prepare_email already registered for DAG: example_dag_decorator
[2023-04-14T14:47:23.590+0000] {processor.py:753} INFO - DAG(s) dict_keys(['example_dag_decorator']) retrieved from /home/airflow/.local/lib/python3.7/site-packages/airflow/example_dags/example_dag_decorator.py
[2023-04-14T14:47:23.674+0000] {logging_mixin.py:137} INFO - [2023-04-14T14:47:23.674+0000] {dag.py:2693} INFO - Sync 1 DAGs
[2023-04-14T14:47:23.694+0000] {logging_mixin.py:137} INFO - [2023-04-14T14:47:23.694+0000] {dag.py:3444} INFO - Setting next_dagrun for example_dag_decorator to None, run_after=None
[2023-04-14T14:47:23.718+0000] {processor.py:175} INFO - Processing /home/airflow/.local/lib/python3.7/site-packages/airflow/example_dags/example_dag_decorator.py took 0.163 seconds
[2023-04-14T14:47:54.778+0000] {processor.py:153} INFO - Started process (PID=643) to work on /home/airflow/.local/lib/python3.7/site-packages/airflow/example_dags/example_dag_decorator.py
[2023-04-14T14:47:54.781+0000] {processor.py:743} INFO - Processing file /home/airflow/.local/lib/python3.7/site-packages/airflow/example_dags/example_dag_decorator.py for tasks to queue
[2023-04-14T14:47:54.783+0000] {logging_mixin.py:137} INFO - [2023-04-14T14:47:54.783+0000] {dagbag.py:532} INFO - Filling up the DagBag from /home/airflow/.local/lib/python3.7/site-packages/airflow/example_dags/example_dag_decorator.py
[2023-04-14T14:47:54.839+0000] {logging_mixin.py:137} INFO - [2023-04-14T14:47:54.839+0000] {taskmixin.py:211} WARNING - Dependency <Task(_PythonDecoratedOperator): prepare_email>, send_email already registered for DAG: example_dag_decorator
[2023-04-14T14:47:54.844+0000] {logging_mixin.py:137} INFO - [2023-04-14T14:47:54.844+0000] {taskmixin.py:211} WARNING - Dependency <Task(EmailOperator): send_email>, prepare_email already registered for DAG: example_dag_decorator
[2023-04-14T14:47:54.887+0000] {processor.py:753} INFO - DAG(s) dict_keys(['example_dag_decorator']) retrieved from /home/airflow/.local/lib/python3.7/site-packages/airflow/example_dags/example_dag_decorator.py
[2023-04-14T14:47:54.990+0000] {logging_mixin.py:137} INFO - [2023-04-14T14:47:54.990+0000] {dag.py:2693} INFO - Sync 1 DAGs
[2023-04-14T14:47:55.030+0000] {logging_mixin.py:137} INFO - [2023-04-14T14:47:55.029+0000] {dag.py:3444} INFO - Setting next_dagrun for example_dag_decorator to None, run_after=None
[2023-04-14T14:47:55.068+0000] {processor.py:175} INFO - Processing /home/airflow/.local/lib/python3.7/site-packages/airflow/example_dags/example_dag_decorator.py took 0.294 seconds
[2023-04-14T14:48:25.576+0000] {processor.py:153} INFO - Started process (PID=695) to work on /home/airflow/.local/lib/python3.7/site-packages/airflow/example_dags/example_dag_decorator.py
[2023-04-14T14:48:25.578+0000] {processor.py:743} INFO - Processing file /home/airflow/.local/lib/python3.7/site-packages/airflow/example_dags/example_dag_decorator.py for tasks to queue
[2023-04-14T14:48:25.579+0000] {logging_mixin.py:137} INFO - [2023-04-14T14:48:25.579+0000] {dagbag.py:532} INFO - Filling up the DagBag from /home/airflow/.local/lib/python3.7/site-packages/airflow/example_dags/example_dag_decorator.py
[2023-04-14T14:48:25.591+0000] {logging_mixin.py:137} INFO - [2023-04-14T14:48:25.591+0000] {taskmixin.py:211} WARNING - Dependency <Task(_PythonDecoratedOperator): prepare_email>, send_email already registered for DAG: example_dag_decorator
[2023-04-14T14:48:25.592+0000] {logging_mixin.py:137} INFO - [2023-04-14T14:48:25.592+0000] {taskmixin.py:211} WARNING - Dependency <Task(EmailOperator): send_email>, prepare_email already registered for DAG: example_dag_decorator
[2023-04-14T14:48:25.603+0000] {processor.py:753} INFO - DAG(s) dict_keys(['example_dag_decorator']) retrieved from /home/airflow/.local/lib/python3.7/site-packages/airflow/example_dags/example_dag_decorator.py
[2023-04-14T14:48:25.651+0000] {logging_mixin.py:137} INFO - [2023-04-14T14:48:25.650+0000] {dag.py:2693} INFO - Sync 1 DAGs
[2023-04-14T14:48:25.665+0000] {logging_mixin.py:137} INFO - [2023-04-14T14:48:25.665+0000] {dag.py:3444} INFO - Setting next_dagrun for example_dag_decorator to None, run_after=None
[2023-04-14T14:48:25.678+0000] {processor.py:175} INFO - Processing /home/airflow/.local/lib/python3.7/site-packages/airflow/example_dags/example_dag_decorator.py took 0.106 seconds
[2023-04-14T14:48:55.872+0000] {processor.py:153} INFO - Started process (PID=748) to work on /home/airflow/.local/lib/python3.7/site-packages/airflow/example_dags/example_dag_decorator.py
[2023-04-14T14:48:55.873+0000] {processor.py:743} INFO - Processing file /home/airflow/.local/lib/python3.7/site-packages/airflow/example_dags/example_dag_decorator.py for tasks to queue
[2023-04-14T14:48:55.873+0000] {logging_mixin.py:137} INFO - [2023-04-14T14:48:55.873+0000] {dagbag.py:532} INFO - Filling up the DagBag from /home/airflow/.local/lib/python3.7/site-packages/airflow/example_dags/example_dag_decorator.py
[2023-04-14T14:48:55.889+0000] {logging_mixin.py:137} INFO - [2023-04-14T14:48:55.888+0000] {taskmixin.py:211} WARNING - Dependency <Task(_PythonDecoratedOperator): prepare_email>, send_email already registered for DAG: example_dag_decorator
[2023-04-14T14:48:55.889+0000] {logging_mixin.py:137} INFO - [2023-04-14T14:48:55.889+0000] {taskmixin.py:211} WARNING - Dependency <Task(EmailOperator): send_email>, prepare_email already registered for DAG: example_dag_decorator
[2023-04-14T14:48:55.900+0000] {processor.py:753} INFO - DAG(s) dict_keys(['example_dag_decorator']) retrieved from /home/airflow/.local/lib/python3.7/site-packages/airflow/example_dags/example_dag_decorator.py
[2023-04-14T14:48:55.945+0000] {logging_mixin.py:137} INFO - [2023-04-14T14:48:55.945+0000] {dag.py:2693} INFO - Sync 1 DAGs
[2023-04-14T14:48:55.960+0000] {logging_mixin.py:137} INFO - [2023-04-14T14:48:55.960+0000] {dag.py:3444} INFO - Setting next_dagrun for example_dag_decorator to None, run_after=None
[2023-04-14T14:48:55.971+0000] {processor.py:175} INFO - Processing /home/airflow/.local/lib/python3.7/site-packages/airflow/example_dags/example_dag_decorator.py took 0.102 seconds
[2023-04-14T14:49:26.133+0000] {processor.py:153} INFO - Started process (PID=801) to work on /home/airflow/.local/lib/python3.7/site-packages/airflow/example_dags/example_dag_decorator.py
[2023-04-14T14:49:26.134+0000] {processor.py:743} INFO - Processing file /home/airflow/.local/lib/python3.7/site-packages/airflow/example_dags/example_dag_decorator.py for tasks to queue
[2023-04-14T14:49:26.134+0000] {logging_mixin.py:137} INFO - [2023-04-14T14:49:26.134+0000] {dagbag.py:532} INFO - Filling up the DagBag from /home/airflow/.local/lib/python3.7/site-packages/airflow/example_dags/example_dag_decorator.py
[2023-04-14T14:49:26.146+0000] {logging_mixin.py:137} INFO - [2023-04-14T14:49:26.146+0000] {taskmixin.py:211} WARNING - Dependency <Task(_PythonDecoratedOperator): prepare_email>, send_email already registered for DAG: example_dag_decorator
[2023-04-14T14:49:26.147+0000] {logging_mixin.py:137} INFO - [2023-04-14T14:49:26.147+0000] {taskmixin.py:211} WARNING - Dependency <Task(EmailOperator): send_email>, prepare_email already registered for DAG: example_dag_decorator
[2023-04-14T14:49:26.156+0000] {processor.py:753} INFO - DAG(s) dict_keys(['example_dag_decorator']) retrieved from /home/airflow/.local/lib/python3.7/site-packages/airflow/example_dags/example_dag_decorator.py
[2023-04-14T14:49:26.197+0000] {logging_mixin.py:137} INFO - [2023-04-14T14:49:26.197+0000] {dag.py:2693} INFO - Sync 1 DAGs
[2023-04-14T14:49:26.210+0000] {logging_mixin.py:137} INFO - [2023-04-14T14:49:26.210+0000] {dag.py:3444} INFO - Setting next_dagrun for example_dag_decorator to None, run_after=None
[2023-04-14T14:49:26.221+0000] {processor.py:175} INFO - Processing /home/airflow/.local/lib/python3.7/site-packages/airflow/example_dags/example_dag_decorator.py took 0.091 seconds
[2023-04-14T14:49:56.416+0000] {processor.py:153} INFO - Started process (PID=854) to work on /home/airflow/.local/lib/python3.7/site-packages/airflow/example_dags/example_dag_decorator.py
[2023-04-14T14:49:56.417+0000] {processor.py:743} INFO - Processing file /home/airflow/.local/lib/python3.7/site-packages/airflow/example_dags/example_dag_decorator.py for tasks to queue
[2023-04-14T14:49:56.418+0000] {logging_mixin.py:137} INFO - [2023-04-14T14:49:56.418+0000] {dagbag.py:532} INFO - Filling up the DagBag from /home/airflow/.local/lib/python3.7/site-packages/airflow/example_dags/example_dag_decorator.py
[2023-04-14T14:49:56.431+0000] {logging_mixin.py:137} INFO - [2023-04-14T14:49:56.431+0000] {taskmixin.py:211} WARNING - Dependency <Task(_PythonDecoratedOperator): prepare_email>, send_email already registered for DAG: example_dag_decorator
[2023-04-14T14:49:56.432+0000] {logging_mixin.py:137} INFO - [2023-04-14T14:49:56.432+0000] {taskmixin.py:211} WARNING - Dependency <Task(EmailOperator): send_email>, prepare_email already registered for DAG: example_dag_decorator
[2023-04-14T14:49:56.450+0000] {processor.py:753} INFO - DAG(s) dict_keys(['example_dag_decorator']) retrieved from /home/airflow/.local/lib/python3.7/site-packages/airflow/example_dags/example_dag_decorator.py
[2023-04-14T14:49:56.503+0000] {logging_mixin.py:137} INFO - [2023-04-14T14:49:56.502+0000] {dag.py:2693} INFO - Sync 1 DAGs
[2023-04-14T14:49:56.518+0000] {logging_mixin.py:137} INFO - [2023-04-14T14:49:56.518+0000] {dag.py:3444} INFO - Setting next_dagrun for example_dag_decorator to None, run_after=None
[2023-04-14T14:49:56.532+0000] {processor.py:175} INFO - Processing /home/airflow/.local/lib/python3.7/site-packages/airflow/example_dags/example_dag_decorator.py took 0.119 seconds
[2023-04-14T14:50:27.167+0000] {processor.py:153} INFO - Started process (PID=907) to work on /home/airflow/.local/lib/python3.7/site-packages/airflow/example_dags/example_dag_decorator.py
[2023-04-14T14:50:27.168+0000] {processor.py:743} INFO - Processing file /home/airflow/.local/lib/python3.7/site-packages/airflow/example_dags/example_dag_decorator.py for tasks to queue
[2023-04-14T14:50:27.169+0000] {logging_mixin.py:137} INFO - [2023-04-14T14:50:27.168+0000] {dagbag.py:532} INFO - Filling up the DagBag from /home/airflow/.local/lib/python3.7/site-packages/airflow/example_dags/example_dag_decorator.py
[2023-04-14T14:50:27.179+0000] {logging_mixin.py:137} INFO - [2023-04-14T14:50:27.179+0000] {taskmixin.py:211} WARNING - Dependency <Task(_PythonDecoratedOperator): prepare_email>, send_email already registered for DAG: example_dag_decorator
[2023-04-14T14:50:27.180+0000] {logging_mixin.py:137} INFO - [2023-04-14T14:50:27.180+0000] {taskmixin.py:211} WARNING - Dependency <Task(EmailOperator): send_email>, prepare_email already registered for DAG: example_dag_decorator
[2023-04-14T14:50:27.188+0000] {processor.py:753} INFO - DAG(s) dict_keys(['example_dag_decorator']) retrieved from /home/airflow/.local/lib/python3.7/site-packages/airflow/example_dags/example_dag_decorator.py
[2023-04-14T14:50:27.231+0000] {logging_mixin.py:137} INFO - [2023-04-14T14:50:27.231+0000] {dag.py:2693} INFO - Sync 1 DAGs
[2023-04-14T14:50:27.247+0000] {logging_mixin.py:137} INFO - [2023-04-14T14:50:27.247+0000] {dag.py:3444} INFO - Setting next_dagrun for example_dag_decorator to None, run_after=None
[2023-04-14T14:50:27.259+0000] {processor.py:175} INFO - Processing /home/airflow/.local/lib/python3.7/site-packages/airflow/example_dags/example_dag_decorator.py took 0.096 seconds
[2023-04-14T14:50:57.634+0000] {processor.py:153} INFO - Started process (PID=961) to work on /home/airflow/.local/lib/python3.7/site-packages/airflow/example_dags/example_dag_decorator.py
[2023-04-14T14:50:57.642+0000] {processor.py:743} INFO - Processing file /home/airflow/.local/lib/python3.7/site-packages/airflow/example_dags/example_dag_decorator.py for tasks to queue
[2023-04-14T14:50:57.644+0000] {logging_mixin.py:137} INFO - [2023-04-14T14:50:57.644+0000] {dagbag.py:532} INFO - Filling up the DagBag from /home/airflow/.local/lib/python3.7/site-packages/airflow/example_dags/example_dag_decorator.py
[2023-04-14T14:50:57.669+0000] {logging_mixin.py:137} INFO - [2023-04-14T14:50:57.669+0000] {taskmixin.py:211} WARNING - Dependency <Task(_PythonDecoratedOperator): prepare_email>, send_email already registered for DAG: example_dag_decorator
[2023-04-14T14:50:57.672+0000] {logging_mixin.py:137} INFO - [2023-04-14T14:50:57.672+0000] {taskmixin.py:211} WARNING - Dependency <Task(EmailOperator): send_email>, prepare_email already registered for DAG: example_dag_decorator
[2023-04-14T14:50:57.686+0000] {processor.py:753} INFO - DAG(s) dict_keys(['example_dag_decorator']) retrieved from /home/airflow/.local/lib/python3.7/site-packages/airflow/example_dags/example_dag_decorator.py
[2023-04-14T14:50:57.732+0000] {logging_mixin.py:137} INFO - [2023-04-14T14:50:57.732+0000] {dag.py:2693} INFO - Sync 1 DAGs
[2023-04-14T14:50:57.749+0000] {logging_mixin.py:137} INFO - [2023-04-14T14:50:57.749+0000] {dag.py:3444} INFO - Setting next_dagrun for example_dag_decorator to None, run_after=None
[2023-04-14T14:50:57.762+0000] {processor.py:175} INFO - Processing /home/airflow/.local/lib/python3.7/site-packages/airflow/example_dags/example_dag_decorator.py took 0.134 seconds
[2023-04-14T14:51:27.845+0000] {processor.py:153} INFO - Started process (PID=1013) to work on /home/airflow/.local/lib/python3.7/site-packages/airflow/example_dags/example_dag_decorator.py
[2023-04-14T14:51:27.847+0000] {processor.py:743} INFO - Processing file /home/airflow/.local/lib/python3.7/site-packages/airflow/example_dags/example_dag_decorator.py for tasks to queue
[2023-04-14T14:51:27.848+0000] {logging_mixin.py:137} INFO - [2023-04-14T14:51:27.848+0000] {dagbag.py:532} INFO - Filling up the DagBag from /home/airflow/.local/lib/python3.7/site-packages/airflow/example_dags/example_dag_decorator.py
[2023-04-14T14:51:27.860+0000] {logging_mixin.py:137} INFO - [2023-04-14T14:51:27.860+0000] {taskmixin.py:211} WARNING - Dependency <Task(_PythonDecoratedOperator): prepare_email>, send_email already registered for DAG: example_dag_decorator
[2023-04-14T14:51:27.860+0000] {logging_mixin.py:137} INFO - [2023-04-14T14:51:27.860+0000] {taskmixin.py:211} WARNING - Dependency <Task(EmailOperator): send_email>, prepare_email already registered for DAG: example_dag_decorator
[2023-04-14T14:51:27.869+0000] {processor.py:753} INFO - DAG(s) dict_keys(['example_dag_decorator']) retrieved from /home/airflow/.local/lib/python3.7/site-packages/airflow/example_dags/example_dag_decorator.py
[2023-04-14T14:51:27.914+0000] {logging_mixin.py:137} INFO - [2023-04-14T14:51:27.914+0000] {dag.py:2693} INFO - Sync 1 DAGs
[2023-04-14T14:51:27.930+0000] {logging_mixin.py:137} INFO - [2023-04-14T14:51:27.930+0000] {dag.py:3444} INFO - Setting next_dagrun for example_dag_decorator to None, run_after=None
[2023-04-14T14:51:27.943+0000] {processor.py:175} INFO - Processing /home/airflow/.local/lib/python3.7/site-packages/airflow/example_dags/example_dag_decorator.py took 0.100 seconds
[2023-04-14T14:51:58.044+0000] {processor.py:153} INFO - Started process (PID=1067) to work on /home/airflow/.local/lib/python3.7/site-packages/airflow/example_dags/example_dag_decorator.py
[2023-04-14T14:51:58.045+0000] {processor.py:743} INFO - Processing file /home/airflow/.local/lib/python3.7/site-packages/airflow/example_dags/example_dag_decorator.py for tasks to queue
[2023-04-14T14:51:58.046+0000] {logging_mixin.py:137} INFO - [2023-04-14T14:51:58.046+0000] {dagbag.py:532} INFO - Filling up the DagBag from /home/airflow/.local/lib/python3.7/site-packages/airflow/example_dags/example_dag_decorator.py
[2023-04-14T14:51:58.057+0000] {logging_mixin.py:137} INFO - [2023-04-14T14:51:58.057+0000] {taskmixin.py:211} WARNING - Dependency <Task(_PythonDecoratedOperator): prepare_email>, send_email already registered for DAG: example_dag_decorator
[2023-04-14T14:51:58.058+0000] {logging_mixin.py:137} INFO - [2023-04-14T14:51:58.058+0000] {taskmixin.py:211} WARNING - Dependency <Task(EmailOperator): send_email>, prepare_email already registered for DAG: example_dag_decorator
[2023-04-14T14:51:58.067+0000] {processor.py:753} INFO - DAG(s) dict_keys(['example_dag_decorator']) retrieved from /home/airflow/.local/lib/python3.7/site-packages/airflow/example_dags/example_dag_decorator.py
[2023-04-14T14:51:58.107+0000] {logging_mixin.py:137} INFO - [2023-04-14T14:51:58.107+0000] {dag.py:2693} INFO - Sync 1 DAGs
[2023-04-14T14:51:58.121+0000] {logging_mixin.py:137} INFO - [2023-04-14T14:51:58.120+0000] {dag.py:3444} INFO - Setting next_dagrun for example_dag_decorator to None, run_after=None
[2023-04-14T14:51:58.132+0000] {processor.py:175} INFO - Processing /home/airflow/.local/lib/python3.7/site-packages/airflow/example_dags/example_dag_decorator.py took 0.090 seconds
[2023-04-14T14:52:28.220+0000] {processor.py:153} INFO - Started process (PID=1119) to work on /home/airflow/.local/lib/python3.7/site-packages/airflow/example_dags/example_dag_decorator.py
[2023-04-14T14:52:28.222+0000] {processor.py:743} INFO - Processing file /home/airflow/.local/lib/python3.7/site-packages/airflow/example_dags/example_dag_decorator.py for tasks to queue
[2023-04-14T14:52:28.223+0000] {logging_mixin.py:137} INFO - [2023-04-14T14:52:28.223+0000] {dagbag.py:532} INFO - Filling up the DagBag from /home/airflow/.local/lib/python3.7/site-packages/airflow/example_dags/example_dag_decorator.py
[2023-04-14T14:52:28.234+0000] {logging_mixin.py:137} INFO - [2023-04-14T14:52:28.234+0000] {taskmixin.py:211} WARNING - Dependency <Task(_PythonDecoratedOperator): prepare_email>, send_email already registered for DAG: example_dag_decorator
[2023-04-14T14:52:28.235+0000] {logging_mixin.py:137} INFO - [2023-04-14T14:52:28.234+0000] {taskmixin.py:211} WARNING - Dependency <Task(EmailOperator): send_email>, prepare_email already registered for DAG: example_dag_decorator
[2023-04-14T14:52:28.242+0000] {processor.py:753} INFO - DAG(s) dict_keys(['example_dag_decorator']) retrieved from /home/airflow/.local/lib/python3.7/site-packages/airflow/example_dags/example_dag_decorator.py
[2023-04-14T14:52:28.299+0000] {logging_mixin.py:137} INFO - [2023-04-14T14:52:28.298+0000] {dag.py:2693} INFO - Sync 1 DAGs
[2023-04-14T14:52:28.314+0000] {logging_mixin.py:137} INFO - [2023-04-14T14:52:28.314+0000] {dag.py:3444} INFO - Setting next_dagrun for example_dag_decorator to None, run_after=None
[2023-04-14T14:52:28.327+0000] {processor.py:175} INFO - Processing /home/airflow/.local/lib/python3.7/site-packages/airflow/example_dags/example_dag_decorator.py took 0.109 seconds
[2023-04-14T14:52:58.971+0000] {processor.py:153} INFO - Started process (PID=1172) to work on /home/airflow/.local/lib/python3.7/site-packages/airflow/example_dags/example_dag_decorator.py
[2023-04-14T14:52:58.972+0000] {processor.py:743} INFO - Processing file /home/airflow/.local/lib/python3.7/site-packages/airflow/example_dags/example_dag_decorator.py for tasks to queue
[2023-04-14T14:52:58.973+0000] {logging_mixin.py:137} INFO - [2023-04-14T14:52:58.973+0000] {dagbag.py:532} INFO - Filling up the DagBag from /home/airflow/.local/lib/python3.7/site-packages/airflow/example_dags/example_dag_decorator.py
[2023-04-14T14:52:58.985+0000] {logging_mixin.py:137} INFO - [2023-04-14T14:52:58.985+0000] {taskmixin.py:211} WARNING - Dependency <Task(_PythonDecoratedOperator): prepare_email>, send_email already registered for DAG: example_dag_decorator
[2023-04-14T14:52:58.986+0000] {logging_mixin.py:137} INFO - [2023-04-14T14:52:58.986+0000] {taskmixin.py:211} WARNING - Dependency <Task(EmailOperator): send_email>, prepare_email already registered for DAG: example_dag_decorator
[2023-04-14T14:52:58.996+0000] {processor.py:753} INFO - DAG(s) dict_keys(['example_dag_decorator']) retrieved from /home/airflow/.local/lib/python3.7/site-packages/airflow/example_dags/example_dag_decorator.py
[2023-04-14T14:52:59.046+0000] {logging_mixin.py:137} INFO - [2023-04-14T14:52:59.046+0000] {dag.py:2693} INFO - Sync 1 DAGs
[2023-04-14T14:52:59.063+0000] {logging_mixin.py:137} INFO - [2023-04-14T14:52:59.063+0000] {dag.py:3444} INFO - Setting next_dagrun for example_dag_decorator to None, run_after=None
[2023-04-14T14:52:59.075+0000] {processor.py:175} INFO - Processing /home/airflow/.local/lib/python3.7/site-packages/airflow/example_dags/example_dag_decorator.py took 0.106 seconds
[2023-04-14T14:53:29.388+0000] {processor.py:153} INFO - Started process (PID=1224) to work on /home/airflow/.local/lib/python3.7/site-packages/airflow/example_dags/example_dag_decorator.py
[2023-04-14T14:53:29.389+0000] {processor.py:743} INFO - Processing file /home/airflow/.local/lib/python3.7/site-packages/airflow/example_dags/example_dag_decorator.py for tasks to queue
[2023-04-14T14:53:29.390+0000] {logging_mixin.py:137} INFO - [2023-04-14T14:53:29.390+0000] {dagbag.py:532} INFO - Filling up the DagBag from /home/airflow/.local/lib/python3.7/site-packages/airflow/example_dags/example_dag_decorator.py
[2023-04-14T14:53:29.403+0000] {logging_mixin.py:137} INFO - [2023-04-14T14:53:29.403+0000] {taskmixin.py:211} WARNING - Dependency <Task(_PythonDecoratedOperator): prepare_email>, send_email already registered for DAG: example_dag_decorator
[2023-04-14T14:53:29.403+0000] {logging_mixin.py:137} INFO - [2023-04-14T14:53:29.403+0000] {taskmixin.py:211} WARNING - Dependency <Task(EmailOperator): send_email>, prepare_email already registered for DAG: example_dag_decorator
[2023-04-14T14:53:29.412+0000] {processor.py:753} INFO - DAG(s) dict_keys(['example_dag_decorator']) retrieved from /home/airflow/.local/lib/python3.7/site-packages/airflow/example_dags/example_dag_decorator.py
[2023-04-14T14:53:29.458+0000] {logging_mixin.py:137} INFO - [2023-04-14T14:53:29.457+0000] {dag.py:2693} INFO - Sync 1 DAGs
[2023-04-14T14:53:29.476+0000] {logging_mixin.py:137} INFO - [2023-04-14T14:53:29.475+0000] {dag.py:3444} INFO - Setting next_dagrun for example_dag_decorator to None, run_after=None
[2023-04-14T14:53:29.490+0000] {processor.py:175} INFO - Processing /home/airflow/.local/lib/python3.7/site-packages/airflow/example_dags/example_dag_decorator.py took 0.104 seconds
[2023-04-14T14:53:59.571+0000] {processor.py:153} INFO - Started process (PID=1276) to work on /home/airflow/.local/lib/python3.7/site-packages/airflow/example_dags/example_dag_decorator.py
[2023-04-14T14:53:59.572+0000] {processor.py:743} INFO - Processing file /home/airflow/.local/lib/python3.7/site-packages/airflow/example_dags/example_dag_decorator.py for tasks to queue
[2023-04-14T14:53:59.573+0000] {logging_mixin.py:137} INFO - [2023-04-14T14:53:59.573+0000] {dagbag.py:532} INFO - Filling up the DagBag from /home/airflow/.local/lib/python3.7/site-packages/airflow/example_dags/example_dag_decorator.py
[2023-04-14T14:53:59.584+0000] {logging_mixin.py:137} INFO - [2023-04-14T14:53:59.584+0000] {taskmixin.py:211} WARNING - Dependency <Task(_PythonDecoratedOperator): prepare_email>, send_email already registered for DAG: example_dag_decorator
[2023-04-14T14:53:59.585+0000] {logging_mixin.py:137} INFO - [2023-04-14T14:53:59.585+0000] {taskmixin.py:211} WARNING - Dependency <Task(EmailOperator): send_email>, prepare_email already registered for DAG: example_dag_decorator
[2023-04-14T14:53:59.596+0000] {processor.py:753} INFO - DAG(s) dict_keys(['example_dag_decorator']) retrieved from /home/airflow/.local/lib/python3.7/site-packages/airflow/example_dags/example_dag_decorator.py
[2023-04-14T14:53:59.638+0000] {logging_mixin.py:137} INFO - [2023-04-14T14:53:59.638+0000] {dag.py:2693} INFO - Sync 1 DAGs
[2023-04-14T14:53:59.651+0000] {logging_mixin.py:137} INFO - [2023-04-14T14:53:59.651+0000] {dag.py:3444} INFO - Setting next_dagrun for example_dag_decorator to None, run_after=None
[2023-04-14T14:53:59.663+0000] {processor.py:175} INFO - Processing /home/airflow/.local/lib/python3.7/site-packages/airflow/example_dags/example_dag_decorator.py took 0.095 seconds
[2023-04-14T14:54:29.765+0000] {processor.py:153} INFO - Started process (PID=1329) to work on /home/airflow/.local/lib/python3.7/site-packages/airflow/example_dags/example_dag_decorator.py
[2023-04-14T14:54:29.766+0000] {processor.py:743} INFO - Processing file /home/airflow/.local/lib/python3.7/site-packages/airflow/example_dags/example_dag_decorator.py for tasks to queue
[2023-04-14T14:54:29.767+0000] {logging_mixin.py:137} INFO - [2023-04-14T14:54:29.767+0000] {dagbag.py:532} INFO - Filling up the DagBag from /home/airflow/.local/lib/python3.7/site-packages/airflow/example_dags/example_dag_decorator.py
[2023-04-14T14:54:29.779+0000] {logging_mixin.py:137} INFO - [2023-04-14T14:54:29.778+0000] {taskmixin.py:211} WARNING - Dependency <Task(_PythonDecoratedOperator): prepare_email>, send_email already registered for DAG: example_dag_decorator
[2023-04-14T14:54:29.779+0000] {logging_mixin.py:137} INFO - [2023-04-14T14:54:29.779+0000] {taskmixin.py:211} WARNING - Dependency <Task(EmailOperator): send_email>, prepare_email already registered for DAG: example_dag_decorator
[2023-04-14T14:54:29.790+0000] {processor.py:753} INFO - DAG(s) dict_keys(['example_dag_decorator']) retrieved from /home/airflow/.local/lib/python3.7/site-packages/airflow/example_dags/example_dag_decorator.py
[2023-04-14T14:54:29.838+0000] {logging_mixin.py:137} INFO - [2023-04-14T14:54:29.838+0000] {dag.py:2693} INFO - Sync 1 DAGs
[2023-04-14T14:54:29.853+0000] {logging_mixin.py:137} INFO - [2023-04-14T14:54:29.853+0000] {dag.py:3444} INFO - Setting next_dagrun for example_dag_decorator to None, run_after=None
[2023-04-14T14:54:29.865+0000] {processor.py:175} INFO - Processing /home/airflow/.local/lib/python3.7/site-packages/airflow/example_dags/example_dag_decorator.py took 0.103 seconds
[2023-04-14T14:55:00.382+0000] {processor.py:153} INFO - Started process (PID=1382) to work on /home/airflow/.local/lib/python3.7/site-packages/airflow/example_dags/example_dag_decorator.py
[2023-04-14T14:55:00.384+0000] {processor.py:743} INFO - Processing file /home/airflow/.local/lib/python3.7/site-packages/airflow/example_dags/example_dag_decorator.py for tasks to queue
[2023-04-14T14:55:00.384+0000] {logging_mixin.py:137} INFO - [2023-04-14T14:55:00.384+0000] {dagbag.py:532} INFO - Filling up the DagBag from /home/airflow/.local/lib/python3.7/site-packages/airflow/example_dags/example_dag_decorator.py
[2023-04-14T14:55:00.397+0000] {logging_mixin.py:137} INFO - [2023-04-14T14:55:00.396+0000] {taskmixin.py:211} WARNING - Dependency <Task(_PythonDecoratedOperator): prepare_email>, send_email already registered for DAG: example_dag_decorator
[2023-04-14T14:55:00.397+0000] {logging_mixin.py:137} INFO - [2023-04-14T14:55:00.397+0000] {taskmixin.py:211} WARNING - Dependency <Task(EmailOperator): send_email>, prepare_email already registered for DAG: example_dag_decorator
[2023-04-14T14:55:00.406+0000] {processor.py:753} INFO - DAG(s) dict_keys(['example_dag_decorator']) retrieved from /home/airflow/.local/lib/python3.7/site-packages/airflow/example_dags/example_dag_decorator.py
[2023-04-14T14:55:00.455+0000] {logging_mixin.py:137} INFO - [2023-04-14T14:55:00.455+0000] {dag.py:2693} INFO - Sync 1 DAGs
[2023-04-14T14:55:00.471+0000] {logging_mixin.py:137} INFO - [2023-04-14T14:55:00.471+0000] {dag.py:3444} INFO - Setting next_dagrun for example_dag_decorator to None, run_after=None
[2023-04-14T14:55:00.485+0000] {processor.py:175} INFO - Processing /home/airflow/.local/lib/python3.7/site-packages/airflow/example_dags/example_dag_decorator.py took 0.105 seconds
[2023-04-14T14:55:30.742+0000] {processor.py:153} INFO - Started process (PID=1434) to work on /home/airflow/.local/lib/python3.7/site-packages/airflow/example_dags/example_dag_decorator.py
[2023-04-14T14:55:30.743+0000] {processor.py:743} INFO - Processing file /home/airflow/.local/lib/python3.7/site-packages/airflow/example_dags/example_dag_decorator.py for tasks to queue
[2023-04-14T14:55:30.744+0000] {logging_mixin.py:137} INFO - [2023-04-14T14:55:30.743+0000] {dagbag.py:532} INFO - Filling up the DagBag from /home/airflow/.local/lib/python3.7/site-packages/airflow/example_dags/example_dag_decorator.py
[2023-04-14T14:55:30.755+0000] {logging_mixin.py:137} INFO - [2023-04-14T14:55:30.755+0000] {taskmixin.py:211} WARNING - Dependency <Task(_PythonDecoratedOperator): prepare_email>, send_email already registered for DAG: example_dag_decorator
[2023-04-14T14:55:30.755+0000] {logging_mixin.py:137} INFO - [2023-04-14T14:55:30.755+0000] {taskmixin.py:211} WARNING - Dependency <Task(EmailOperator): send_email>, prepare_email already registered for DAG: example_dag_decorator
[2023-04-14T14:55:30.765+0000] {processor.py:753} INFO - DAG(s) dict_keys(['example_dag_decorator']) retrieved from /home/airflow/.local/lib/python3.7/site-packages/airflow/example_dags/example_dag_decorator.py
[2023-04-14T14:55:30.810+0000] {logging_mixin.py:137} INFO - [2023-04-14T14:55:30.810+0000] {dag.py:2693} INFO - Sync 1 DAGs
[2023-04-14T14:55:30.824+0000] {logging_mixin.py:137} INFO - [2023-04-14T14:55:30.824+0000] {dag.py:3444} INFO - Setting next_dagrun for example_dag_decorator to None, run_after=None
[2023-04-14T14:55:30.836+0000] {processor.py:175} INFO - Processing /home/airflow/.local/lib/python3.7/site-packages/airflow/example_dags/example_dag_decorator.py took 0.096 seconds
[2023-04-14T14:56:01.211+0000] {processor.py:153} INFO - Started process (PID=1486) to work on /home/airflow/.local/lib/python3.7/site-packages/airflow/example_dags/example_dag_decorator.py
[2023-04-14T14:56:01.212+0000] {processor.py:743} INFO - Processing file /home/airflow/.local/lib/python3.7/site-packages/airflow/example_dags/example_dag_decorator.py for tasks to queue
[2023-04-14T14:56:01.212+0000] {logging_mixin.py:137} INFO - [2023-04-14T14:56:01.212+0000] {dagbag.py:532} INFO - Filling up the DagBag from /home/airflow/.local/lib/python3.7/site-packages/airflow/example_dags/example_dag_decorator.py
[2023-04-14T14:56:01.223+0000] {logging_mixin.py:137} INFO - [2023-04-14T14:56:01.223+0000] {taskmixin.py:211} WARNING - Dependency <Task(_PythonDecoratedOperator): prepare_email>, send_email already registered for DAG: example_dag_decorator
[2023-04-14T14:56:01.224+0000] {logging_mixin.py:137} INFO - [2023-04-14T14:56:01.224+0000] {taskmixin.py:211} WARNING - Dependency <Task(EmailOperator): send_email>, prepare_email already registered for DAG: example_dag_decorator
[2023-04-14T14:56:01.235+0000] {processor.py:753} INFO - DAG(s) dict_keys(['example_dag_decorator']) retrieved from /home/airflow/.local/lib/python3.7/site-packages/airflow/example_dags/example_dag_decorator.py
[2023-04-14T14:56:01.283+0000] {logging_mixin.py:137} INFO - [2023-04-14T14:56:01.282+0000] {dag.py:2693} INFO - Sync 1 DAGs
[2023-04-14T14:56:01.301+0000] {logging_mixin.py:137} INFO - [2023-04-14T14:56:01.301+0000] {dag.py:3444} INFO - Setting next_dagrun for example_dag_decorator to None, run_after=None
[2023-04-14T14:56:01.313+0000] {processor.py:175} INFO - Processing /home/airflow/.local/lib/python3.7/site-packages/airflow/example_dags/example_dag_decorator.py took 0.105 seconds
[2023-04-14T14:56:31.586+0000] {processor.py:153} INFO - Started process (PID=1539) to work on /home/airflow/.local/lib/python3.7/site-packages/airflow/example_dags/example_dag_decorator.py
[2023-04-14T14:56:31.587+0000] {processor.py:743} INFO - Processing file /home/airflow/.local/lib/python3.7/site-packages/airflow/example_dags/example_dag_decorator.py for tasks to queue
[2023-04-14T14:56:31.588+0000] {logging_mixin.py:137} INFO - [2023-04-14T14:56:31.588+0000] {dagbag.py:532} INFO - Filling up the DagBag from /home/airflow/.local/lib/python3.7/site-packages/airflow/example_dags/example_dag_decorator.py
[2023-04-14T14:56:31.599+0000] {logging_mixin.py:137} INFO - [2023-04-14T14:56:31.599+0000] {taskmixin.py:211} WARNING - Dependency <Task(_PythonDecoratedOperator): prepare_email>, send_email already registered for DAG: example_dag_decorator
[2023-04-14T14:56:31.600+0000] {logging_mixin.py:137} INFO - [2023-04-14T14:56:31.600+0000] {taskmixin.py:211} WARNING - Dependency <Task(EmailOperator): send_email>, prepare_email already registered for DAG: example_dag_decorator
[2023-04-14T14:56:31.610+0000] {processor.py:753} INFO - DAG(s) dict_keys(['example_dag_decorator']) retrieved from /home/airflow/.local/lib/python3.7/site-packages/airflow/example_dags/example_dag_decorator.py
[2023-04-14T14:56:31.672+0000] {logging_mixin.py:137} INFO - [2023-04-14T14:56:31.672+0000] {dag.py:2693} INFO - Sync 1 DAGs
[2023-04-14T14:56:31.688+0000] {logging_mixin.py:137} INFO - [2023-04-14T14:56:31.688+0000] {dag.py:3444} INFO - Setting next_dagrun for example_dag_decorator to None, run_after=None
[2023-04-14T14:56:31.700+0000] {processor.py:175} INFO - Processing /home/airflow/.local/lib/python3.7/site-packages/airflow/example_dags/example_dag_decorator.py took 0.117 seconds
[2023-04-14T14:57:02.112+0000] {processor.py:153} INFO - Started process (PID=1592) to work on /home/airflow/.local/lib/python3.7/site-packages/airflow/example_dags/example_dag_decorator.py
[2023-04-14T14:57:02.113+0000] {processor.py:743} INFO - Processing file /home/airflow/.local/lib/python3.7/site-packages/airflow/example_dags/example_dag_decorator.py for tasks to queue
[2023-04-14T14:57:02.114+0000] {logging_mixin.py:137} INFO - [2023-04-14T14:57:02.114+0000] {dagbag.py:532} INFO - Filling up the DagBag from /home/airflow/.local/lib/python3.7/site-packages/airflow/example_dags/example_dag_decorator.py
[2023-04-14T14:57:02.132+0000] {logging_mixin.py:137} INFO - [2023-04-14T14:57:02.132+0000] {taskmixin.py:211} WARNING - Dependency <Task(_PythonDecoratedOperator): prepare_email>, send_email already registered for DAG: example_dag_decorator
[2023-04-14T14:57:02.133+0000] {logging_mixin.py:137} INFO - [2023-04-14T14:57:02.133+0000] {taskmixin.py:211} WARNING - Dependency <Task(EmailOperator): send_email>, prepare_email already registered for DAG: example_dag_decorator
[2023-04-14T14:57:02.147+0000] {processor.py:753} INFO - DAG(s) dict_keys(['example_dag_decorator']) retrieved from /home/airflow/.local/lib/python3.7/site-packages/airflow/example_dags/example_dag_decorator.py
[2023-04-14T14:57:02.202+0000] {logging_mixin.py:137} INFO - [2023-04-14T14:57:02.202+0000] {dag.py:2693} INFO - Sync 1 DAGs
[2023-04-14T14:57:02.219+0000] {logging_mixin.py:137} INFO - [2023-04-14T14:57:02.218+0000] {dag.py:3444} INFO - Setting next_dagrun for example_dag_decorator to None, run_after=None
[2023-04-14T14:57:02.233+0000] {processor.py:175} INFO - Processing /home/airflow/.local/lib/python3.7/site-packages/airflow/example_dags/example_dag_decorator.py took 0.124 seconds
