[2023-04-14T14:30:19.629+0000] {processor.py:153} INFO - Started process (PID=68) to work on /home/airflow/.local/lib/python3.7/site-packages/airflow/example_dags/example_kubernetes_executor.py
[2023-04-14T14:30:19.630+0000] {processor.py:743} INFO - Processing file /home/airflow/.local/lib/python3.7/site-packages/airflow/example_dags/example_kubernetes_executor.py for tasks to queue
[2023-04-14T14:30:19.631+0000] {logging_mixin.py:137} INFO - [2023-04-14T14:30:19.631+0000] {dagbag.py:532} INFO - Filling up the DagBag from /home/airflow/.local/lib/python3.7/site-packages/airflow/example_dags/example_kubernetes_executor.py
[2023-04-14T14:30:19.654+0000] {processor.py:753} INFO - DAG(s) dict_keys(['example_kubernetes_executor']) retrieved from /home/airflow/.local/lib/python3.7/site-packages/airflow/example_dags/example_kubernetes_executor.py
[2023-04-14T14:30:19.683+0000] {logging_mixin.py:137} INFO - [2023-04-14T14:30:19.683+0000] {dag.py:2693} INFO - Sync 1 DAGs
[2023-04-14T14:30:19.703+0000] {logging_mixin.py:137} INFO - [2023-04-14T14:30:19.703+0000] {dag.py:3444} INFO - Setting next_dagrun for example_kubernetes_executor to None, run_after=None
[2023-04-14T14:30:19.716+0000] {processor.py:175} INFO - Processing /home/airflow/.local/lib/python3.7/site-packages/airflow/example_dags/example_kubernetes_executor.py took 0.090 seconds
[2023-04-14T14:30:50.204+0000] {processor.py:153} INFO - Started process (PID=124) to work on /home/airflow/.local/lib/python3.7/site-packages/airflow/example_dags/example_kubernetes_executor.py
[2023-04-14T14:30:50.206+0000] {processor.py:743} INFO - Processing file /home/airflow/.local/lib/python3.7/site-packages/airflow/example_dags/example_kubernetes_executor.py for tasks to queue
[2023-04-14T14:30:50.206+0000] {logging_mixin.py:137} INFO - [2023-04-14T14:30:50.206+0000] {dagbag.py:532} INFO - Filling up the DagBag from /home/airflow/.local/lib/python3.7/site-packages/airflow/example_dags/example_kubernetes_executor.py
[2023-04-14T14:30:50.227+0000] {processor.py:753} INFO - DAG(s) dict_keys(['example_kubernetes_executor']) retrieved from /home/airflow/.local/lib/python3.7/site-packages/airflow/example_dags/example_kubernetes_executor.py
[2023-04-14T14:30:50.254+0000] {logging_mixin.py:137} INFO - [2023-04-14T14:30:50.254+0000] {dag.py:2693} INFO - Sync 1 DAGs
[2023-04-14T14:30:50.271+0000] {logging_mixin.py:137} INFO - [2023-04-14T14:30:50.270+0000] {dag.py:3444} INFO - Setting next_dagrun for example_kubernetes_executor to None, run_after=None
[2023-04-14T14:30:50.282+0000] {processor.py:175} INFO - Processing /home/airflow/.local/lib/python3.7/site-packages/airflow/example_dags/example_kubernetes_executor.py took 0.080 seconds
[2023-04-14T14:31:20.414+0000] {processor.py:153} INFO - Started process (PID=176) to work on /home/airflow/.local/lib/python3.7/site-packages/airflow/example_dags/example_kubernetes_executor.py
[2023-04-14T14:31:20.415+0000] {processor.py:743} INFO - Processing file /home/airflow/.local/lib/python3.7/site-packages/airflow/example_dags/example_kubernetes_executor.py for tasks to queue
[2023-04-14T14:31:20.416+0000] {logging_mixin.py:137} INFO - [2023-04-14T14:31:20.416+0000] {dagbag.py:532} INFO - Filling up the DagBag from /home/airflow/.local/lib/python3.7/site-packages/airflow/example_dags/example_kubernetes_executor.py
[2023-04-14T14:31:20.437+0000] {processor.py:753} INFO - DAG(s) dict_keys(['example_kubernetes_executor']) retrieved from /home/airflow/.local/lib/python3.7/site-packages/airflow/example_dags/example_kubernetes_executor.py
[2023-04-14T14:31:20.460+0000] {logging_mixin.py:137} INFO - [2023-04-14T14:31:20.460+0000] {dag.py:2693} INFO - Sync 1 DAGs
[2023-04-14T14:31:20.478+0000] {logging_mixin.py:137} INFO - [2023-04-14T14:31:20.478+0000] {dag.py:3444} INFO - Setting next_dagrun for example_kubernetes_executor to None, run_after=None
[2023-04-14T14:31:20.490+0000] {processor.py:175} INFO - Processing /home/airflow/.local/lib/python3.7/site-packages/airflow/example_dags/example_kubernetes_executor.py took 0.079 seconds
[2023-04-14T14:31:51.272+0000] {processor.py:153} INFO - Started process (PID=229) to work on /home/airflow/.local/lib/python3.7/site-packages/airflow/example_dags/example_kubernetes_executor.py
[2023-04-14T14:31:51.275+0000] {processor.py:743} INFO - Processing file /home/airflow/.local/lib/python3.7/site-packages/airflow/example_dags/example_kubernetes_executor.py for tasks to queue
[2023-04-14T14:31:51.275+0000] {logging_mixin.py:137} INFO - [2023-04-14T14:31:51.275+0000] {dagbag.py:532} INFO - Filling up the DagBag from /home/airflow/.local/lib/python3.7/site-packages/airflow/example_dags/example_kubernetes_executor.py
[2023-04-14T14:31:51.299+0000] {processor.py:753} INFO - DAG(s) dict_keys(['example_kubernetes_executor']) retrieved from /home/airflow/.local/lib/python3.7/site-packages/airflow/example_dags/example_kubernetes_executor.py
[2023-04-14T14:31:51.321+0000] {logging_mixin.py:137} INFO - [2023-04-14T14:31:51.321+0000] {dag.py:2693} INFO - Sync 1 DAGs
[2023-04-14T14:31:51.336+0000] {logging_mixin.py:137} INFO - [2023-04-14T14:31:51.336+0000] {dag.py:3444} INFO - Setting next_dagrun for example_kubernetes_executor to None, run_after=None
[2023-04-14T14:31:51.355+0000] {processor.py:175} INFO - Processing /home/airflow/.local/lib/python3.7/site-packages/airflow/example_dags/example_kubernetes_executor.py took 0.085 seconds
[2023-04-14T14:32:23.689+0000] {processor.py:153} INFO - Started process (PID=281) to work on /home/airflow/.local/lib/python3.7/site-packages/airflow/example_dags/example_kubernetes_executor.py
[2023-04-14T14:32:23.691+0000] {processor.py:743} INFO - Processing file /home/airflow/.local/lib/python3.7/site-packages/airflow/example_dags/example_kubernetes_executor.py for tasks to queue
[2023-04-14T14:32:23.692+0000] {logging_mixin.py:137} INFO - [2023-04-14T14:32:23.692+0000] {dagbag.py:532} INFO - Filling up the DagBag from /home/airflow/.local/lib/python3.7/site-packages/airflow/example_dags/example_kubernetes_executor.py
[2023-04-14T14:32:23.716+0000] {processor.py:753} INFO - DAG(s) dict_keys(['example_kubernetes_executor']) retrieved from /home/airflow/.local/lib/python3.7/site-packages/airflow/example_dags/example_kubernetes_executor.py
[2023-04-14T14:32:23.763+0000] {logging_mixin.py:137} INFO - [2023-04-14T14:32:23.763+0000] {dag.py:2693} INFO - Sync 1 DAGs
[2023-04-14T14:32:23.783+0000] {logging_mixin.py:137} INFO - [2023-04-14T14:32:23.783+0000] {dag.py:3444} INFO - Setting next_dagrun for example_kubernetes_executor to None, run_after=None
[2023-04-14T14:32:23.799+0000] {processor.py:175} INFO - Processing /home/airflow/.local/lib/python3.7/site-packages/airflow/example_dags/example_kubernetes_executor.py took 0.113 seconds
[2023-04-14T14:33:52.096+0000] {processor.py:153} INFO - Started process (PID=61) to work on /home/airflow/.local/lib/python3.7/site-packages/airflow/example_dags/example_kubernetes_executor.py
[2023-04-14T14:33:52.098+0000] {processor.py:743} INFO - Processing file /home/airflow/.local/lib/python3.7/site-packages/airflow/example_dags/example_kubernetes_executor.py for tasks to queue
[2023-04-14T14:33:52.100+0000] {logging_mixin.py:137} INFO - [2023-04-14T14:33:52.099+0000] {dagbag.py:532} INFO - Filling up the DagBag from /home/airflow/.local/lib/python3.7/site-packages/airflow/example_dags/example_kubernetes_executor.py
[2023-04-14T14:33:52.214+0000] {processor.py:753} INFO - DAG(s) dict_keys(['example_kubernetes_executor']) retrieved from /home/airflow/.local/lib/python3.7/site-packages/airflow/example_dags/example_kubernetes_executor.py
[2023-04-14T14:33:52.546+0000] {logging_mixin.py:137} INFO - [2023-04-14T14:33:52.544+0000] {dag.py:2693} INFO - Sync 1 DAGs
[2023-04-14T14:33:52.697+0000] {logging_mixin.py:137} INFO - [2023-04-14T14:33:52.696+0000] {dag.py:3444} INFO - Setting next_dagrun for example_kubernetes_executor to None, run_after=None
[2023-04-14T14:33:52.800+0000] {processor.py:175} INFO - Processing /home/airflow/.local/lib/python3.7/site-packages/airflow/example_dags/example_kubernetes_executor.py took 0.709 seconds
[2023-04-14T14:34:23.442+0000] {processor.py:153} INFO - Started process (PID=113) to work on /home/airflow/.local/lib/python3.7/site-packages/airflow/example_dags/example_kubernetes_executor.py
[2023-04-14T14:34:23.452+0000] {processor.py:743} INFO - Processing file /home/airflow/.local/lib/python3.7/site-packages/airflow/example_dags/example_kubernetes_executor.py for tasks to queue
[2023-04-14T14:34:23.454+0000] {logging_mixin.py:137} INFO - [2023-04-14T14:34:23.453+0000] {dagbag.py:532} INFO - Filling up the DagBag from /home/airflow/.local/lib/python3.7/site-packages/airflow/example_dags/example_kubernetes_executor.py
[2023-04-14T14:34:23.539+0000] {processor.py:753} INFO - DAG(s) dict_keys(['example_kubernetes_executor']) retrieved from /home/airflow/.local/lib/python3.7/site-packages/airflow/example_dags/example_kubernetes_executor.py
[2023-04-14T14:34:23.581+0000] {logging_mixin.py:137} INFO - [2023-04-14T14:34:23.581+0000] {dag.py:2693} INFO - Sync 1 DAGs
[2023-04-14T14:34:23.601+0000] {logging_mixin.py:137} INFO - [2023-04-14T14:34:23.601+0000] {dag.py:3444} INFO - Setting next_dagrun for example_kubernetes_executor to None, run_after=None
[2023-04-14T14:34:23.614+0000] {processor.py:175} INFO - Processing /home/airflow/.local/lib/python3.7/site-packages/airflow/example_dags/example_kubernetes_executor.py took 0.178 seconds
[2023-04-14T14:34:54.569+0000] {processor.py:153} INFO - Started process (PID=166) to work on /home/airflow/.local/lib/python3.7/site-packages/airflow/example_dags/example_kubernetes_executor.py
[2023-04-14T14:34:54.571+0000] {processor.py:743} INFO - Processing file /home/airflow/.local/lib/python3.7/site-packages/airflow/example_dags/example_kubernetes_executor.py for tasks to queue
[2023-04-14T14:34:54.572+0000] {logging_mixin.py:137} INFO - [2023-04-14T14:34:54.572+0000] {dagbag.py:532} INFO - Filling up the DagBag from /home/airflow/.local/lib/python3.7/site-packages/airflow/example_dags/example_kubernetes_executor.py
[2023-04-14T14:34:54.629+0000] {processor.py:753} INFO - DAG(s) dict_keys(['example_kubernetes_executor']) retrieved from /home/airflow/.local/lib/python3.7/site-packages/airflow/example_dags/example_kubernetes_executor.py
[2023-04-14T14:34:54.673+0000] {logging_mixin.py:137} INFO - [2023-04-14T14:34:54.673+0000] {dag.py:2693} INFO - Sync 1 DAGs
[2023-04-14T14:34:54.704+0000] {logging_mixin.py:137} INFO - [2023-04-14T14:34:54.704+0000] {dag.py:3444} INFO - Setting next_dagrun for example_kubernetes_executor to None, run_after=None
[2023-04-14T14:34:54.727+0000] {processor.py:175} INFO - Processing /home/airflow/.local/lib/python3.7/site-packages/airflow/example_dags/example_kubernetes_executor.py took 0.163 seconds
[2023-04-14T14:35:25.362+0000] {processor.py:153} INFO - Started process (PID=219) to work on /home/airflow/.local/lib/python3.7/site-packages/airflow/example_dags/example_kubernetes_executor.py
[2023-04-14T14:35:25.363+0000] {processor.py:743} INFO - Processing file /home/airflow/.local/lib/python3.7/site-packages/airflow/example_dags/example_kubernetes_executor.py for tasks to queue
[2023-04-14T14:35:25.365+0000] {logging_mixin.py:137} INFO - [2023-04-14T14:35:25.365+0000] {dagbag.py:532} INFO - Filling up the DagBag from /home/airflow/.local/lib/python3.7/site-packages/airflow/example_dags/example_kubernetes_executor.py
[2023-04-14T14:35:25.436+0000] {processor.py:753} INFO - DAG(s) dict_keys(['example_kubernetes_executor']) retrieved from /home/airflow/.local/lib/python3.7/site-packages/airflow/example_dags/example_kubernetes_executor.py
[2023-04-14T14:35:25.472+0000] {logging_mixin.py:137} INFO - [2023-04-14T14:35:25.472+0000] {dag.py:2693} INFO - Sync 1 DAGs
[2023-04-14T14:35:25.504+0000] {logging_mixin.py:137} INFO - [2023-04-14T14:35:25.504+0000] {dag.py:3444} INFO - Setting next_dagrun for example_kubernetes_executor to None, run_after=None
[2023-04-14T14:35:25.523+0000] {processor.py:175} INFO - Processing /home/airflow/.local/lib/python3.7/site-packages/airflow/example_dags/example_kubernetes_executor.py took 0.166 seconds
[2023-04-14T14:35:55.585+0000] {processor.py:153} INFO - Started process (PID=272) to work on /home/airflow/.local/lib/python3.7/site-packages/airflow/example_dags/example_kubernetes_executor.py
[2023-04-14T14:35:55.587+0000] {processor.py:743} INFO - Processing file /home/airflow/.local/lib/python3.7/site-packages/airflow/example_dags/example_kubernetes_executor.py for tasks to queue
[2023-04-14T14:35:55.588+0000] {logging_mixin.py:137} INFO - [2023-04-14T14:35:55.588+0000] {dagbag.py:532} INFO - Filling up the DagBag from /home/airflow/.local/lib/python3.7/site-packages/airflow/example_dags/example_kubernetes_executor.py
[2023-04-14T14:35:55.634+0000] {processor.py:753} INFO - DAG(s) dict_keys(['example_kubernetes_executor']) retrieved from /home/airflow/.local/lib/python3.7/site-packages/airflow/example_dags/example_kubernetes_executor.py
[2023-04-14T14:35:55.668+0000] {logging_mixin.py:137} INFO - [2023-04-14T14:35:55.668+0000] {dag.py:2693} INFO - Sync 1 DAGs
[2023-04-14T14:35:55.686+0000] {logging_mixin.py:137} INFO - [2023-04-14T14:35:55.685+0000] {dag.py:3444} INFO - Setting next_dagrun for example_kubernetes_executor to None, run_after=None
[2023-04-14T14:35:55.700+0000] {processor.py:175} INFO - Processing /home/airflow/.local/lib/python3.7/site-packages/airflow/example_dags/example_kubernetes_executor.py took 0.119 seconds
[2023-04-14T14:36:26.640+0000] {processor.py:153} INFO - Started process (PID=325) to work on /home/airflow/.local/lib/python3.7/site-packages/airflow/example_dags/example_kubernetes_executor.py
[2023-04-14T14:36:26.642+0000] {processor.py:743} INFO - Processing file /home/airflow/.local/lib/python3.7/site-packages/airflow/example_dags/example_kubernetes_executor.py for tasks to queue
[2023-04-14T14:36:26.644+0000] {logging_mixin.py:137} INFO - [2023-04-14T14:36:26.644+0000] {dagbag.py:532} INFO - Filling up the DagBag from /home/airflow/.local/lib/python3.7/site-packages/airflow/example_dags/example_kubernetes_executor.py
[2023-04-14T14:36:26.696+0000] {processor.py:753} INFO - DAG(s) dict_keys(['example_kubernetes_executor']) retrieved from /home/airflow/.local/lib/python3.7/site-packages/airflow/example_dags/example_kubernetes_executor.py
[2023-04-14T14:36:26.744+0000] {logging_mixin.py:137} INFO - [2023-04-14T14:36:26.744+0000] {dag.py:2693} INFO - Sync 1 DAGs
[2023-04-14T14:36:26.762+0000] {logging_mixin.py:137} INFO - [2023-04-14T14:36:26.762+0000] {dag.py:3444} INFO - Setting next_dagrun for example_kubernetes_executor to None, run_after=None
[2023-04-14T14:36:26.779+0000] {processor.py:175} INFO - Processing /home/airflow/.local/lib/python3.7/site-packages/airflow/example_dags/example_kubernetes_executor.py took 0.145 seconds
[2023-04-14T14:36:57.439+0000] {processor.py:153} INFO - Started process (PID=378) to work on /home/airflow/.local/lib/python3.7/site-packages/airflow/example_dags/example_kubernetes_executor.py
[2023-04-14T14:36:57.442+0000] {processor.py:743} INFO - Processing file /home/airflow/.local/lib/python3.7/site-packages/airflow/example_dags/example_kubernetes_executor.py for tasks to queue
[2023-04-14T14:36:57.443+0000] {logging_mixin.py:137} INFO - [2023-04-14T14:36:57.443+0000] {dagbag.py:532} INFO - Filling up the DagBag from /home/airflow/.local/lib/python3.7/site-packages/airflow/example_dags/example_kubernetes_executor.py
[2023-04-14T14:36:57.495+0000] {processor.py:753} INFO - DAG(s) dict_keys(['example_kubernetes_executor']) retrieved from /home/airflow/.local/lib/python3.7/site-packages/airflow/example_dags/example_kubernetes_executor.py
[2023-04-14T14:36:57.595+0000] {logging_mixin.py:137} INFO - [2023-04-14T14:36:57.595+0000] {dag.py:2693} INFO - Sync 1 DAGs
[2023-04-14T14:36:57.628+0000] {logging_mixin.py:137} INFO - [2023-04-14T14:36:57.627+0000] {dag.py:3444} INFO - Setting next_dagrun for example_kubernetes_executor to None, run_after=None
[2023-04-14T14:36:57.644+0000] {processor.py:175} INFO - Processing /home/airflow/.local/lib/python3.7/site-packages/airflow/example_dags/example_kubernetes_executor.py took 0.218 seconds
[2023-04-14T14:37:27.900+0000] {processor.py:153} INFO - Started process (PID=431) to work on /home/airflow/.local/lib/python3.7/site-packages/airflow/example_dags/example_kubernetes_executor.py
[2023-04-14T14:37:27.903+0000] {processor.py:743} INFO - Processing file /home/airflow/.local/lib/python3.7/site-packages/airflow/example_dags/example_kubernetes_executor.py for tasks to queue
[2023-04-14T14:37:27.905+0000] {logging_mixin.py:137} INFO - [2023-04-14T14:37:27.905+0000] {dagbag.py:532} INFO - Filling up the DagBag from /home/airflow/.local/lib/python3.7/site-packages/airflow/example_dags/example_kubernetes_executor.py
[2023-04-14T14:37:27.944+0000] {processor.py:753} INFO - DAG(s) dict_keys(['example_kubernetes_executor']) retrieved from /home/airflow/.local/lib/python3.7/site-packages/airflow/example_dags/example_kubernetes_executor.py
[2023-04-14T14:37:27.970+0000] {logging_mixin.py:137} INFO - [2023-04-14T14:37:27.970+0000] {dag.py:2693} INFO - Sync 1 DAGs
[2023-04-14T14:37:27.986+0000] {logging_mixin.py:137} INFO - [2023-04-14T14:37:27.986+0000] {dag.py:3444} INFO - Setting next_dagrun for example_kubernetes_executor to None, run_after=None
[2023-04-14T14:37:27.999+0000] {processor.py:175} INFO - Processing /home/airflow/.local/lib/python3.7/site-packages/airflow/example_dags/example_kubernetes_executor.py took 0.105 seconds
[2023-04-14T14:37:59.798+0000] {processor.py:153} INFO - Started process (PID=484) to work on /home/airflow/.local/lib/python3.7/site-packages/airflow/example_dags/example_kubernetes_executor.py
[2023-04-14T14:37:59.808+0000] {processor.py:743} INFO - Processing file /home/airflow/.local/lib/python3.7/site-packages/airflow/example_dags/example_kubernetes_executor.py for tasks to queue
[2023-04-14T14:37:59.813+0000] {logging_mixin.py:137} INFO - [2023-04-14T14:37:59.813+0000] {dagbag.py:532} INFO - Filling up the DagBag from /home/airflow/.local/lib/python3.7/site-packages/airflow/example_dags/example_kubernetes_executor.py
[2023-04-14T14:37:59.948+0000] {processor.py:753} INFO - DAG(s) dict_keys(['example_kubernetes_executor']) retrieved from /home/airflow/.local/lib/python3.7/site-packages/airflow/example_dags/example_kubernetes_executor.py
[2023-04-14T14:38:00.029+0000] {logging_mixin.py:137} INFO - [2023-04-14T14:38:00.028+0000] {dag.py:2693} INFO - Sync 1 DAGs
[2023-04-14T14:38:00.083+0000] {logging_mixin.py:137} INFO - [2023-04-14T14:38:00.083+0000] {dag.py:3444} INFO - Setting next_dagrun for example_kubernetes_executor to None, run_after=None
[2023-04-14T14:38:00.111+0000] {processor.py:175} INFO - Processing /home/airflow/.local/lib/python3.7/site-packages/airflow/example_dags/example_kubernetes_executor.py took 0.349 seconds
[2023-04-14T14:38:31.093+0000] {processor.py:153} INFO - Started process (PID=545) to work on /home/airflow/.local/lib/python3.7/site-packages/airflow/example_dags/example_kubernetes_executor.py
[2023-04-14T14:38:31.095+0000] {processor.py:743} INFO - Processing file /home/airflow/.local/lib/python3.7/site-packages/airflow/example_dags/example_kubernetes_executor.py for tasks to queue
[2023-04-14T14:38:31.097+0000] {logging_mixin.py:137} INFO - [2023-04-14T14:38:31.097+0000] {dagbag.py:532} INFO - Filling up the DagBag from /home/airflow/.local/lib/python3.7/site-packages/airflow/example_dags/example_kubernetes_executor.py
[2023-04-14T14:38:31.171+0000] {processor.py:753} INFO - DAG(s) dict_keys(['example_kubernetes_executor']) retrieved from /home/airflow/.local/lib/python3.7/site-packages/airflow/example_dags/example_kubernetes_executor.py
[2023-04-14T14:38:31.273+0000] {logging_mixin.py:137} INFO - [2023-04-14T14:38:31.273+0000] {dag.py:2693} INFO - Sync 1 DAGs
[2023-04-14T14:38:31.325+0000] {logging_mixin.py:137} INFO - [2023-04-14T14:38:31.325+0000] {dag.py:3444} INFO - Setting next_dagrun for example_kubernetes_executor to None, run_after=None
[2023-04-14T14:38:31.349+0000] {processor.py:175} INFO - Processing /home/airflow/.local/lib/python3.7/site-packages/airflow/example_dags/example_kubernetes_executor.py took 0.264 seconds
[2023-04-14T14:39:01.458+0000] {processor.py:153} INFO - Started process (PID=598) to work on /home/airflow/.local/lib/python3.7/site-packages/airflow/example_dags/example_kubernetes_executor.py
[2023-04-14T14:39:01.461+0000] {processor.py:743} INFO - Processing file /home/airflow/.local/lib/python3.7/site-packages/airflow/example_dags/example_kubernetes_executor.py for tasks to queue
[2023-04-14T14:39:01.462+0000] {logging_mixin.py:137} INFO - [2023-04-14T14:39:01.462+0000] {dagbag.py:532} INFO - Filling up the DagBag from /home/airflow/.local/lib/python3.7/site-packages/airflow/example_dags/example_kubernetes_executor.py
[2023-04-14T14:39:01.499+0000] {processor.py:753} INFO - DAG(s) dict_keys(['example_kubernetes_executor']) retrieved from /home/airflow/.local/lib/python3.7/site-packages/airflow/example_dags/example_kubernetes_executor.py
[2023-04-14T14:39:01.526+0000] {logging_mixin.py:137} INFO - [2023-04-14T14:39:01.526+0000] {dag.py:2693} INFO - Sync 1 DAGs
[2023-04-14T14:39:01.542+0000] {logging_mixin.py:137} INFO - [2023-04-14T14:39:01.542+0000] {dag.py:3444} INFO - Setting next_dagrun for example_kubernetes_executor to None, run_after=None
[2023-04-14T14:39:01.553+0000] {processor.py:175} INFO - Processing /home/airflow/.local/lib/python3.7/site-packages/airflow/example_dags/example_kubernetes_executor.py took 0.101 seconds
[2023-04-14T14:39:32.024+0000] {processor.py:153} INFO - Started process (PID=651) to work on /home/airflow/.local/lib/python3.7/site-packages/airflow/example_dags/example_kubernetes_executor.py
[2023-04-14T14:39:32.027+0000] {processor.py:743} INFO - Processing file /home/airflow/.local/lib/python3.7/site-packages/airflow/example_dags/example_kubernetes_executor.py for tasks to queue
[2023-04-14T14:39:32.028+0000] {logging_mixin.py:137} INFO - [2023-04-14T14:39:32.028+0000] {dagbag.py:532} INFO - Filling up the DagBag from /home/airflow/.local/lib/python3.7/site-packages/airflow/example_dags/example_kubernetes_executor.py
[2023-04-14T14:39:32.062+0000] {processor.py:753} INFO - DAG(s) dict_keys(['example_kubernetes_executor']) retrieved from /home/airflow/.local/lib/python3.7/site-packages/airflow/example_dags/example_kubernetes_executor.py
[2023-04-14T14:39:32.093+0000] {logging_mixin.py:137} INFO - [2023-04-14T14:39:32.092+0000] {dag.py:2693} INFO - Sync 1 DAGs
[2023-04-14T14:39:32.110+0000] {logging_mixin.py:137} INFO - [2023-04-14T14:39:32.109+0000] {dag.py:3444} INFO - Setting next_dagrun for example_kubernetes_executor to None, run_after=None
[2023-04-14T14:39:32.121+0000] {processor.py:175} INFO - Processing /home/airflow/.local/lib/python3.7/site-packages/airflow/example_dags/example_kubernetes_executor.py took 0.102 seconds
[2023-04-14T14:40:02.923+0000] {processor.py:153} INFO - Started process (PID=704) to work on /home/airflow/.local/lib/python3.7/site-packages/airflow/example_dags/example_kubernetes_executor.py
[2023-04-14T14:40:02.925+0000] {processor.py:743} INFO - Processing file /home/airflow/.local/lib/python3.7/site-packages/airflow/example_dags/example_kubernetes_executor.py for tasks to queue
[2023-04-14T14:40:02.926+0000] {logging_mixin.py:137} INFO - [2023-04-14T14:40:02.926+0000] {dagbag.py:532} INFO - Filling up the DagBag from /home/airflow/.local/lib/python3.7/site-packages/airflow/example_dags/example_kubernetes_executor.py
[2023-04-14T14:40:02.959+0000] {processor.py:753} INFO - DAG(s) dict_keys(['example_kubernetes_executor']) retrieved from /home/airflow/.local/lib/python3.7/site-packages/airflow/example_dags/example_kubernetes_executor.py
[2023-04-14T14:40:02.990+0000] {logging_mixin.py:137} INFO - [2023-04-14T14:40:02.990+0000] {dag.py:2693} INFO - Sync 1 DAGs
[2023-04-14T14:40:03.007+0000] {logging_mixin.py:137} INFO - [2023-04-14T14:40:03.007+0000] {dag.py:3444} INFO - Setting next_dagrun for example_kubernetes_executor to None, run_after=None
[2023-04-14T14:40:03.018+0000] {processor.py:175} INFO - Processing /home/airflow/.local/lib/python3.7/site-packages/airflow/example_dags/example_kubernetes_executor.py took 0.101 seconds
[2023-04-14T14:40:33.280+0000] {processor.py:153} INFO - Started process (PID=757) to work on /home/airflow/.local/lib/python3.7/site-packages/airflow/example_dags/example_kubernetes_executor.py
[2023-04-14T14:40:33.284+0000] {processor.py:743} INFO - Processing file /home/airflow/.local/lib/python3.7/site-packages/airflow/example_dags/example_kubernetes_executor.py for tasks to queue
[2023-04-14T14:40:33.285+0000] {logging_mixin.py:137} INFO - [2023-04-14T14:40:33.285+0000] {dagbag.py:532} INFO - Filling up the DagBag from /home/airflow/.local/lib/python3.7/site-packages/airflow/example_dags/example_kubernetes_executor.py
[2023-04-14T14:40:33.317+0000] {processor.py:753} INFO - DAG(s) dict_keys(['example_kubernetes_executor']) retrieved from /home/airflow/.local/lib/python3.7/site-packages/airflow/example_dags/example_kubernetes_executor.py
[2023-04-14T14:40:33.340+0000] {logging_mixin.py:137} INFO - [2023-04-14T14:40:33.340+0000] {dag.py:2693} INFO - Sync 1 DAGs
[2023-04-14T14:40:33.354+0000] {logging_mixin.py:137} INFO - [2023-04-14T14:40:33.354+0000] {dag.py:3444} INFO - Setting next_dagrun for example_kubernetes_executor to None, run_after=None
[2023-04-14T14:40:33.365+0000] {processor.py:175} INFO - Processing /home/airflow/.local/lib/python3.7/site-packages/airflow/example_dags/example_kubernetes_executor.py took 0.091 seconds
[2023-04-14T14:41:03.946+0000] {processor.py:153} INFO - Started process (PID=810) to work on /home/airflow/.local/lib/python3.7/site-packages/airflow/example_dags/example_kubernetes_executor.py
[2023-04-14T14:41:03.950+0000] {processor.py:743} INFO - Processing file /home/airflow/.local/lib/python3.7/site-packages/airflow/example_dags/example_kubernetes_executor.py for tasks to queue
[2023-04-14T14:41:03.953+0000] {logging_mixin.py:137} INFO - [2023-04-14T14:41:03.953+0000] {dagbag.py:532} INFO - Filling up the DagBag from /home/airflow/.local/lib/python3.7/site-packages/airflow/example_dags/example_kubernetes_executor.py
[2023-04-14T14:41:04.007+0000] {processor.py:753} INFO - DAG(s) dict_keys(['example_kubernetes_executor']) retrieved from /home/airflow/.local/lib/python3.7/site-packages/airflow/example_dags/example_kubernetes_executor.py
[2023-04-14T14:41:04.057+0000] {logging_mixin.py:137} INFO - [2023-04-14T14:41:04.057+0000] {dag.py:2693} INFO - Sync 1 DAGs
[2023-04-14T14:41:04.081+0000] {logging_mixin.py:137} INFO - [2023-04-14T14:41:04.081+0000] {dag.py:3444} INFO - Setting next_dagrun for example_kubernetes_executor to None, run_after=None
[2023-04-14T14:41:04.108+0000] {processor.py:175} INFO - Processing /home/airflow/.local/lib/python3.7/site-packages/airflow/example_dags/example_kubernetes_executor.py took 0.171 seconds
[2023-04-14T14:42:16.174+0000] {processor.py:153} INFO - Started process (PID=61) to work on /home/airflow/.local/lib/python3.7/site-packages/airflow/example_dags/example_kubernetes_executor.py
[2023-04-14T14:42:16.176+0000] {processor.py:743} INFO - Processing file /home/airflow/.local/lib/python3.7/site-packages/airflow/example_dags/example_kubernetes_executor.py for tasks to queue
[2023-04-14T14:42:16.177+0000] {logging_mixin.py:137} INFO - [2023-04-14T14:42:16.176+0000] {dagbag.py:532} INFO - Filling up the DagBag from /home/airflow/.local/lib/python3.7/site-packages/airflow/example_dags/example_kubernetes_executor.py
[2023-04-14T14:42:16.208+0000] {processor.py:753} INFO - DAG(s) dict_keys(['example_kubernetes_executor']) retrieved from /home/airflow/.local/lib/python3.7/site-packages/airflow/example_dags/example_kubernetes_executor.py
[2023-04-14T14:42:16.225+0000] {logging_mixin.py:137} INFO - [2023-04-14T14:42:16.225+0000] {dag.py:2693} INFO - Sync 1 DAGs
[2023-04-14T14:42:16.247+0000] {logging_mixin.py:137} INFO - [2023-04-14T14:42:16.247+0000] {dag.py:3444} INFO - Setting next_dagrun for example_kubernetes_executor to None, run_after=None
[2023-04-14T14:42:16.277+0000] {processor.py:175} INFO - Processing /home/airflow/.local/lib/python3.7/site-packages/airflow/example_dags/example_kubernetes_executor.py took 0.106 seconds
[2023-04-14T14:42:46.920+0000] {processor.py:153} INFO - Started process (PID=114) to work on /home/airflow/.local/lib/python3.7/site-packages/airflow/example_dags/example_kubernetes_executor.py
[2023-04-14T14:42:46.921+0000] {processor.py:743} INFO - Processing file /home/airflow/.local/lib/python3.7/site-packages/airflow/example_dags/example_kubernetes_executor.py for tasks to queue
[2023-04-14T14:42:46.923+0000] {logging_mixin.py:137} INFO - [2023-04-14T14:42:46.923+0000] {dagbag.py:532} INFO - Filling up the DagBag from /home/airflow/.local/lib/python3.7/site-packages/airflow/example_dags/example_kubernetes_executor.py
[2023-04-14T14:42:46.945+0000] {processor.py:753} INFO - DAG(s) dict_keys(['example_kubernetes_executor']) retrieved from /home/airflow/.local/lib/python3.7/site-packages/airflow/example_dags/example_kubernetes_executor.py
[2023-04-14T14:42:47.000+0000] {logging_mixin.py:137} INFO - [2023-04-14T14:42:47.000+0000] {dag.py:2693} INFO - Sync 1 DAGs
[2023-04-14T14:42:47.026+0000] {logging_mixin.py:137} INFO - [2023-04-14T14:42:47.026+0000] {dag.py:3444} INFO - Setting next_dagrun for example_kubernetes_executor to None, run_after=None
[2023-04-14T14:42:47.040+0000] {processor.py:175} INFO - Processing /home/airflow/.local/lib/python3.7/site-packages/airflow/example_dags/example_kubernetes_executor.py took 0.123 seconds
[2023-04-14T14:43:17.373+0000] {processor.py:153} INFO - Started process (PID=167) to work on /home/airflow/.local/lib/python3.7/site-packages/airflow/example_dags/example_kubernetes_executor.py
[2023-04-14T14:43:17.374+0000] {processor.py:743} INFO - Processing file /home/airflow/.local/lib/python3.7/site-packages/airflow/example_dags/example_kubernetes_executor.py for tasks to queue
[2023-04-14T14:43:17.375+0000] {logging_mixin.py:137} INFO - [2023-04-14T14:43:17.375+0000] {dagbag.py:532} INFO - Filling up the DagBag from /home/airflow/.local/lib/python3.7/site-packages/airflow/example_dags/example_kubernetes_executor.py
[2023-04-14T14:43:17.397+0000] {processor.py:753} INFO - DAG(s) dict_keys(['example_kubernetes_executor']) retrieved from /home/airflow/.local/lib/python3.7/site-packages/airflow/example_dags/example_kubernetes_executor.py
[2023-04-14T14:43:17.419+0000] {logging_mixin.py:137} INFO - [2023-04-14T14:43:17.419+0000] {dag.py:2693} INFO - Sync 1 DAGs
[2023-04-14T14:43:17.433+0000] {logging_mixin.py:137} INFO - [2023-04-14T14:43:17.433+0000] {dag.py:3444} INFO - Setting next_dagrun for example_kubernetes_executor to None, run_after=None
[2023-04-14T14:43:17.445+0000] {processor.py:175} INFO - Processing /home/airflow/.local/lib/python3.7/site-packages/airflow/example_dags/example_kubernetes_executor.py took 0.074 seconds
[2023-04-14T14:43:48.841+0000] {processor.py:153} INFO - Started process (PID=220) to work on /home/airflow/.local/lib/python3.7/site-packages/airflow/example_dags/example_kubernetes_executor.py
[2023-04-14T14:43:48.845+0000] {processor.py:743} INFO - Processing file /home/airflow/.local/lib/python3.7/site-packages/airflow/example_dags/example_kubernetes_executor.py for tasks to queue
[2023-04-14T14:43:48.849+0000] {logging_mixin.py:137} INFO - [2023-04-14T14:43:48.849+0000] {dagbag.py:532} INFO - Filling up the DagBag from /home/airflow/.local/lib/python3.7/site-packages/airflow/example_dags/example_kubernetes_executor.py
[2023-04-14T14:43:48.919+0000] {processor.py:753} INFO - DAG(s) dict_keys(['example_kubernetes_executor']) retrieved from /home/airflow/.local/lib/python3.7/site-packages/airflow/example_dags/example_kubernetes_executor.py
[2023-04-14T14:43:48.952+0000] {logging_mixin.py:137} INFO - [2023-04-14T14:43:48.952+0000] {dag.py:2693} INFO - Sync 1 DAGs
[2023-04-14T14:43:48.972+0000] {logging_mixin.py:137} INFO - [2023-04-14T14:43:48.972+0000] {dag.py:3444} INFO - Setting next_dagrun for example_kubernetes_executor to None, run_after=None
[2023-04-14T14:43:48.987+0000] {processor.py:175} INFO - Processing /home/airflow/.local/lib/python3.7/site-packages/airflow/example_dags/example_kubernetes_executor.py took 0.154 seconds
[2023-04-14T14:44:19.698+0000] {processor.py:153} INFO - Started process (PID=273) to work on /home/airflow/.local/lib/python3.7/site-packages/airflow/example_dags/example_kubernetes_executor.py
[2023-04-14T14:44:19.700+0000] {processor.py:743} INFO - Processing file /home/airflow/.local/lib/python3.7/site-packages/airflow/example_dags/example_kubernetes_executor.py for tasks to queue
[2023-04-14T14:44:19.701+0000] {logging_mixin.py:137} INFO - [2023-04-14T14:44:19.701+0000] {dagbag.py:532} INFO - Filling up the DagBag from /home/airflow/.local/lib/python3.7/site-packages/airflow/example_dags/example_kubernetes_executor.py
[2023-04-14T14:44:19.722+0000] {processor.py:753} INFO - DAG(s) dict_keys(['example_kubernetes_executor']) retrieved from /home/airflow/.local/lib/python3.7/site-packages/airflow/example_dags/example_kubernetes_executor.py
[2023-04-14T14:44:19.747+0000] {logging_mixin.py:137} INFO - [2023-04-14T14:44:19.747+0000] {dag.py:2693} INFO - Sync 1 DAGs
[2023-04-14T14:44:19.763+0000] {logging_mixin.py:137} INFO - [2023-04-14T14:44:19.763+0000] {dag.py:3444} INFO - Setting next_dagrun for example_kubernetes_executor to None, run_after=None
[2023-04-14T14:44:19.774+0000] {processor.py:175} INFO - Processing /home/airflow/.local/lib/python3.7/site-packages/airflow/example_dags/example_kubernetes_executor.py took 0.078 seconds
[2023-04-14T14:44:50.028+0000] {processor.py:153} INFO - Started process (PID=326) to work on /home/airflow/.local/lib/python3.7/site-packages/airflow/example_dags/example_kubernetes_executor.py
[2023-04-14T14:44:50.030+0000] {processor.py:743} INFO - Processing file /home/airflow/.local/lib/python3.7/site-packages/airflow/example_dags/example_kubernetes_executor.py for tasks to queue
[2023-04-14T14:44:50.030+0000] {logging_mixin.py:137} INFO - [2023-04-14T14:44:50.030+0000] {dagbag.py:532} INFO - Filling up the DagBag from /home/airflow/.local/lib/python3.7/site-packages/airflow/example_dags/example_kubernetes_executor.py
[2023-04-14T14:44:50.052+0000] {processor.py:753} INFO - DAG(s) dict_keys(['example_kubernetes_executor']) retrieved from /home/airflow/.local/lib/python3.7/site-packages/airflow/example_dags/example_kubernetes_executor.py
[2023-04-14T14:44:50.076+0000] {logging_mixin.py:137} INFO - [2023-04-14T14:44:50.076+0000] {dag.py:2693} INFO - Sync 1 DAGs
[2023-04-14T14:44:50.092+0000] {logging_mixin.py:137} INFO - [2023-04-14T14:44:50.092+0000] {dag.py:3444} INFO - Setting next_dagrun for example_kubernetes_executor to None, run_after=None
[2023-04-14T14:44:50.104+0000] {processor.py:175} INFO - Processing /home/airflow/.local/lib/python3.7/site-packages/airflow/example_dags/example_kubernetes_executor.py took 0.078 seconds
[2023-04-14T14:45:20.337+0000] {processor.py:153} INFO - Started process (PID=379) to work on /home/airflow/.local/lib/python3.7/site-packages/airflow/example_dags/example_kubernetes_executor.py
[2023-04-14T14:45:20.339+0000] {processor.py:743} INFO - Processing file /home/airflow/.local/lib/python3.7/site-packages/airflow/example_dags/example_kubernetes_executor.py for tasks to queue
[2023-04-14T14:45:20.340+0000] {logging_mixin.py:137} INFO - [2023-04-14T14:45:20.340+0000] {dagbag.py:532} INFO - Filling up the DagBag from /home/airflow/.local/lib/python3.7/site-packages/airflow/example_dags/example_kubernetes_executor.py
[2023-04-14T14:45:20.368+0000] {processor.py:753} INFO - DAG(s) dict_keys(['example_kubernetes_executor']) retrieved from /home/airflow/.local/lib/python3.7/site-packages/airflow/example_dags/example_kubernetes_executor.py
[2023-04-14T14:45:20.392+0000] {logging_mixin.py:137} INFO - [2023-04-14T14:45:20.392+0000] {dag.py:2693} INFO - Sync 1 DAGs
[2023-04-14T14:45:20.412+0000] {logging_mixin.py:137} INFO - [2023-04-14T14:45:20.412+0000] {dag.py:3444} INFO - Setting next_dagrun for example_kubernetes_executor to None, run_after=None
[2023-04-14T14:45:20.425+0000] {processor.py:175} INFO - Processing /home/airflow/.local/lib/python3.7/site-packages/airflow/example_dags/example_kubernetes_executor.py took 0.091 seconds
[2023-04-14T14:45:51.085+0000] {processor.py:153} INFO - Started process (PID=432) to work on /home/airflow/.local/lib/python3.7/site-packages/airflow/example_dags/example_kubernetes_executor.py
[2023-04-14T14:45:51.087+0000] {processor.py:743} INFO - Processing file /home/airflow/.local/lib/python3.7/site-packages/airflow/example_dags/example_kubernetes_executor.py for tasks to queue
[2023-04-14T14:45:51.088+0000] {logging_mixin.py:137} INFO - [2023-04-14T14:45:51.088+0000] {dagbag.py:532} INFO - Filling up the DagBag from /home/airflow/.local/lib/python3.7/site-packages/airflow/example_dags/example_kubernetes_executor.py
[2023-04-14T14:45:51.119+0000] {processor.py:753} INFO - DAG(s) dict_keys(['example_kubernetes_executor']) retrieved from /home/airflow/.local/lib/python3.7/site-packages/airflow/example_dags/example_kubernetes_executor.py
[2023-04-14T14:45:51.144+0000] {logging_mixin.py:137} INFO - [2023-04-14T14:45:51.144+0000] {dag.py:2693} INFO - Sync 1 DAGs
[2023-04-14T14:45:51.159+0000] {logging_mixin.py:137} INFO - [2023-04-14T14:45:51.159+0000] {dag.py:3444} INFO - Setting next_dagrun for example_kubernetes_executor to None, run_after=None
[2023-04-14T14:45:51.170+0000] {processor.py:175} INFO - Processing /home/airflow/.local/lib/python3.7/site-packages/airflow/example_dags/example_kubernetes_executor.py took 0.088 seconds
[2023-04-14T14:46:22.263+0000] {processor.py:153} INFO - Started process (PID=485) to work on /home/airflow/.local/lib/python3.7/site-packages/airflow/example_dags/example_kubernetes_executor.py
[2023-04-14T14:46:22.264+0000] {processor.py:743} INFO - Processing file /home/airflow/.local/lib/python3.7/site-packages/airflow/example_dags/example_kubernetes_executor.py for tasks to queue
[2023-04-14T14:46:22.265+0000] {logging_mixin.py:137} INFO - [2023-04-14T14:46:22.265+0000] {dagbag.py:532} INFO - Filling up the DagBag from /home/airflow/.local/lib/python3.7/site-packages/airflow/example_dags/example_kubernetes_executor.py
[2023-04-14T14:46:22.288+0000] {processor.py:753} INFO - DAG(s) dict_keys(['example_kubernetes_executor']) retrieved from /home/airflow/.local/lib/python3.7/site-packages/airflow/example_dags/example_kubernetes_executor.py
[2023-04-14T14:46:22.312+0000] {logging_mixin.py:137} INFO - [2023-04-14T14:46:22.311+0000] {dag.py:2693} INFO - Sync 1 DAGs
[2023-04-14T14:46:22.327+0000] {logging_mixin.py:137} INFO - [2023-04-14T14:46:22.327+0000] {dag.py:3444} INFO - Setting next_dagrun for example_kubernetes_executor to None, run_after=None
[2023-04-14T14:46:22.338+0000] {processor.py:175} INFO - Processing /home/airflow/.local/lib/python3.7/site-packages/airflow/example_dags/example_kubernetes_executor.py took 0.078 seconds
[2023-04-14T14:46:53.407+0000] {processor.py:153} INFO - Started process (PID=538) to work on /home/airflow/.local/lib/python3.7/site-packages/airflow/example_dags/example_kubernetes_executor.py
[2023-04-14T14:46:53.408+0000] {processor.py:743} INFO - Processing file /home/airflow/.local/lib/python3.7/site-packages/airflow/example_dags/example_kubernetes_executor.py for tasks to queue
[2023-04-14T14:46:53.409+0000] {logging_mixin.py:137} INFO - [2023-04-14T14:46:53.409+0000] {dagbag.py:532} INFO - Filling up the DagBag from /home/airflow/.local/lib/python3.7/site-packages/airflow/example_dags/example_kubernetes_executor.py
[2023-04-14T14:46:53.435+0000] {processor.py:753} INFO - DAG(s) dict_keys(['example_kubernetes_executor']) retrieved from /home/airflow/.local/lib/python3.7/site-packages/airflow/example_dags/example_kubernetes_executor.py
[2023-04-14T14:46:53.457+0000] {logging_mixin.py:137} INFO - [2023-04-14T14:46:53.457+0000] {dag.py:2693} INFO - Sync 1 DAGs
[2023-04-14T14:46:53.473+0000] {logging_mixin.py:137} INFO - [2023-04-14T14:46:53.473+0000] {dag.py:3444} INFO - Setting next_dagrun for example_kubernetes_executor to None, run_after=None
[2023-04-14T14:46:53.484+0000] {processor.py:175} INFO - Processing /home/airflow/.local/lib/python3.7/site-packages/airflow/example_dags/example_kubernetes_executor.py took 0.080 seconds
[2023-04-14T14:47:23.935+0000] {processor.py:153} INFO - Started process (PID=592) to work on /home/airflow/.local/lib/python3.7/site-packages/airflow/example_dags/example_kubernetes_executor.py
[2023-04-14T14:47:23.937+0000] {processor.py:743} INFO - Processing file /home/airflow/.local/lib/python3.7/site-packages/airflow/example_dags/example_kubernetes_executor.py for tasks to queue
[2023-04-14T14:47:23.939+0000] {logging_mixin.py:137} INFO - [2023-04-14T14:47:23.939+0000] {dagbag.py:532} INFO - Filling up the DagBag from /home/airflow/.local/lib/python3.7/site-packages/airflow/example_dags/example_kubernetes_executor.py
[2023-04-14T14:47:23.962+0000] {processor.py:753} INFO - DAG(s) dict_keys(['example_kubernetes_executor']) retrieved from /home/airflow/.local/lib/python3.7/site-packages/airflow/example_dags/example_kubernetes_executor.py
[2023-04-14T14:47:23.987+0000] {logging_mixin.py:137} INFO - [2023-04-14T14:47:23.987+0000] {dag.py:2693} INFO - Sync 1 DAGs
[2023-04-14T14:47:24.014+0000] {logging_mixin.py:137} INFO - [2023-04-14T14:47:24.014+0000] {dag.py:3444} INFO - Setting next_dagrun for example_kubernetes_executor to None, run_after=None
[2023-04-14T14:47:24.032+0000] {processor.py:175} INFO - Processing /home/airflow/.local/lib/python3.7/site-packages/airflow/example_dags/example_kubernetes_executor.py took 0.103 seconds
[2023-04-14T14:47:55.425+0000] {processor.py:153} INFO - Started process (PID=647) to work on /home/airflow/.local/lib/python3.7/site-packages/airflow/example_dags/example_kubernetes_executor.py
[2023-04-14T14:47:55.429+0000] {processor.py:743} INFO - Processing file /home/airflow/.local/lib/python3.7/site-packages/airflow/example_dags/example_kubernetes_executor.py for tasks to queue
[2023-04-14T14:47:55.432+0000] {logging_mixin.py:137} INFO - [2023-04-14T14:47:55.432+0000] {dagbag.py:532} INFO - Filling up the DagBag from /home/airflow/.local/lib/python3.7/site-packages/airflow/example_dags/example_kubernetes_executor.py
[2023-04-14T14:47:55.473+0000] {processor.py:753} INFO - DAG(s) dict_keys(['example_kubernetes_executor']) retrieved from /home/airflow/.local/lib/python3.7/site-packages/airflow/example_dags/example_kubernetes_executor.py
[2023-04-14T14:47:55.574+0000] {logging_mixin.py:137} INFO - [2023-04-14T14:47:55.574+0000] {dag.py:2693} INFO - Sync 1 DAGs
[2023-04-14T14:47:55.606+0000] {logging_mixin.py:137} INFO - [2023-04-14T14:47:55.605+0000] {dag.py:3444} INFO - Setting next_dagrun for example_kubernetes_executor to None, run_after=None
[2023-04-14T14:47:55.679+0000] {processor.py:175} INFO - Processing /home/airflow/.local/lib/python3.7/site-packages/airflow/example_dags/example_kubernetes_executor.py took 0.260 seconds
[2023-04-14T14:48:25.808+0000] {processor.py:153} INFO - Started process (PID=697) to work on /home/airflow/.local/lib/python3.7/site-packages/airflow/example_dags/example_kubernetes_executor.py
[2023-04-14T14:48:25.810+0000] {processor.py:743} INFO - Processing file /home/airflow/.local/lib/python3.7/site-packages/airflow/example_dags/example_kubernetes_executor.py for tasks to queue
[2023-04-14T14:48:25.810+0000] {logging_mixin.py:137} INFO - [2023-04-14T14:48:25.810+0000] {dagbag.py:532} INFO - Filling up the DagBag from /home/airflow/.local/lib/python3.7/site-packages/airflow/example_dags/example_kubernetes_executor.py
[2023-04-14T14:48:25.832+0000] {processor.py:753} INFO - DAG(s) dict_keys(['example_kubernetes_executor']) retrieved from /home/airflow/.local/lib/python3.7/site-packages/airflow/example_dags/example_kubernetes_executor.py
[2023-04-14T14:48:25.856+0000] {logging_mixin.py:137} INFO - [2023-04-14T14:48:25.856+0000] {dag.py:2693} INFO - Sync 1 DAGs
[2023-04-14T14:48:25.875+0000] {logging_mixin.py:137} INFO - [2023-04-14T14:48:25.875+0000] {dag.py:3444} INFO - Setting next_dagrun for example_kubernetes_executor to None, run_after=None
[2023-04-14T14:48:25.891+0000] {processor.py:175} INFO - Processing /home/airflow/.local/lib/python3.7/site-packages/airflow/example_dags/example_kubernetes_executor.py took 0.085 seconds
[2023-04-14T14:48:56.082+0000] {processor.py:153} INFO - Started process (PID=750) to work on /home/airflow/.local/lib/python3.7/site-packages/airflow/example_dags/example_kubernetes_executor.py
[2023-04-14T14:48:56.084+0000] {processor.py:743} INFO - Processing file /home/airflow/.local/lib/python3.7/site-packages/airflow/example_dags/example_kubernetes_executor.py for tasks to queue
[2023-04-14T14:48:56.085+0000] {logging_mixin.py:137} INFO - [2023-04-14T14:48:56.085+0000] {dagbag.py:532} INFO - Filling up the DagBag from /home/airflow/.local/lib/python3.7/site-packages/airflow/example_dags/example_kubernetes_executor.py
[2023-04-14T14:48:56.110+0000] {processor.py:753} INFO - DAG(s) dict_keys(['example_kubernetes_executor']) retrieved from /home/airflow/.local/lib/python3.7/site-packages/airflow/example_dags/example_kubernetes_executor.py
[2023-04-14T14:48:56.132+0000] {logging_mixin.py:137} INFO - [2023-04-14T14:48:56.132+0000] {dag.py:2693} INFO - Sync 1 DAGs
[2023-04-14T14:48:56.147+0000] {logging_mixin.py:137} INFO - [2023-04-14T14:48:56.147+0000] {dag.py:3444} INFO - Setting next_dagrun for example_kubernetes_executor to None, run_after=None
[2023-04-14T14:48:56.161+0000] {processor.py:175} INFO - Processing /home/airflow/.local/lib/python3.7/site-packages/airflow/example_dags/example_kubernetes_executor.py took 0.081 seconds
[2023-04-14T14:49:26.326+0000] {processor.py:153} INFO - Started process (PID=803) to work on /home/airflow/.local/lib/python3.7/site-packages/airflow/example_dags/example_kubernetes_executor.py
[2023-04-14T14:49:26.327+0000] {processor.py:743} INFO - Processing file /home/airflow/.local/lib/python3.7/site-packages/airflow/example_dags/example_kubernetes_executor.py for tasks to queue
[2023-04-14T14:49:26.327+0000] {logging_mixin.py:137} INFO - [2023-04-14T14:49:26.327+0000] {dagbag.py:532} INFO - Filling up the DagBag from /home/airflow/.local/lib/python3.7/site-packages/airflow/example_dags/example_kubernetes_executor.py
[2023-04-14T14:49:26.347+0000] {processor.py:753} INFO - DAG(s) dict_keys(['example_kubernetes_executor']) retrieved from /home/airflow/.local/lib/python3.7/site-packages/airflow/example_dags/example_kubernetes_executor.py
[2023-04-14T14:49:26.369+0000] {logging_mixin.py:137} INFO - [2023-04-14T14:49:26.369+0000] {dag.py:2693} INFO - Sync 1 DAGs
[2023-04-14T14:49:26.383+0000] {logging_mixin.py:137} INFO - [2023-04-14T14:49:26.383+0000] {dag.py:3444} INFO - Setting next_dagrun for example_kubernetes_executor to None, run_after=None
[2023-04-14T14:49:26.393+0000] {processor.py:175} INFO - Processing /home/airflow/.local/lib/python3.7/site-packages/airflow/example_dags/example_kubernetes_executor.py took 0.070 seconds
[2023-04-14T14:49:56.568+0000] {processor.py:153} INFO - Started process (PID=856) to work on /home/airflow/.local/lib/python3.7/site-packages/airflow/example_dags/example_kubernetes_executor.py
[2023-04-14T14:49:56.569+0000] {processor.py:743} INFO - Processing file /home/airflow/.local/lib/python3.7/site-packages/airflow/example_dags/example_kubernetes_executor.py for tasks to queue
[2023-04-14T14:49:56.570+0000] {logging_mixin.py:137} INFO - [2023-04-14T14:49:56.570+0000] {dagbag.py:532} INFO - Filling up the DagBag from /home/airflow/.local/lib/python3.7/site-packages/airflow/example_dags/example_kubernetes_executor.py
[2023-04-14T14:49:56.612+0000] {processor.py:753} INFO - DAG(s) dict_keys(['example_kubernetes_executor']) retrieved from /home/airflow/.local/lib/python3.7/site-packages/airflow/example_dags/example_kubernetes_executor.py
[2023-04-14T14:49:56.660+0000] {logging_mixin.py:137} INFO - [2023-04-14T14:49:56.659+0000] {dag.py:2693} INFO - Sync 1 DAGs
[2023-04-14T14:49:56.687+0000] {logging_mixin.py:137} INFO - [2023-04-14T14:49:56.686+0000] {dag.py:3444} INFO - Setting next_dagrun for example_kubernetes_executor to None, run_after=None
[2023-04-14T14:49:56.722+0000] {processor.py:175} INFO - Processing /home/airflow/.local/lib/python3.7/site-packages/airflow/example_dags/example_kubernetes_executor.py took 0.157 seconds
[2023-04-14T14:50:27.284+0000] {processor.py:153} INFO - Started process (PID=909) to work on /home/airflow/.local/lib/python3.7/site-packages/airflow/example_dags/example_kubernetes_executor.py
[2023-04-14T14:50:27.285+0000] {processor.py:743} INFO - Processing file /home/airflow/.local/lib/python3.7/site-packages/airflow/example_dags/example_kubernetes_executor.py for tasks to queue
[2023-04-14T14:50:27.287+0000] {logging_mixin.py:137} INFO - [2023-04-14T14:50:27.286+0000] {dagbag.py:532} INFO - Filling up the DagBag from /home/airflow/.local/lib/python3.7/site-packages/airflow/example_dags/example_kubernetes_executor.py
[2023-04-14T14:50:27.306+0000] {processor.py:753} INFO - DAG(s) dict_keys(['example_kubernetes_executor']) retrieved from /home/airflow/.local/lib/python3.7/site-packages/airflow/example_dags/example_kubernetes_executor.py
[2023-04-14T14:50:27.329+0000] {logging_mixin.py:137} INFO - [2023-04-14T14:50:27.329+0000] {dag.py:2693} INFO - Sync 1 DAGs
[2023-04-14T14:50:27.344+0000] {logging_mixin.py:137} INFO - [2023-04-14T14:50:27.344+0000] {dag.py:3444} INFO - Setting next_dagrun for example_kubernetes_executor to None, run_after=None
[2023-04-14T14:50:27.354+0000] {processor.py:175} INFO - Processing /home/airflow/.local/lib/python3.7/site-packages/airflow/example_dags/example_kubernetes_executor.py took 0.073 seconds
[2023-04-14T14:50:57.788+0000] {processor.py:153} INFO - Started process (PID=963) to work on /home/airflow/.local/lib/python3.7/site-packages/airflow/example_dags/example_kubernetes_executor.py
[2023-04-14T14:50:57.790+0000] {processor.py:743} INFO - Processing file /home/airflow/.local/lib/python3.7/site-packages/airflow/example_dags/example_kubernetes_executor.py for tasks to queue
[2023-04-14T14:50:57.791+0000] {logging_mixin.py:137} INFO - [2023-04-14T14:50:57.791+0000] {dagbag.py:532} INFO - Filling up the DagBag from /home/airflow/.local/lib/python3.7/site-packages/airflow/example_dags/example_kubernetes_executor.py
[2023-04-14T14:50:57.810+0000] {processor.py:753} INFO - DAG(s) dict_keys(['example_kubernetes_executor']) retrieved from /home/airflow/.local/lib/python3.7/site-packages/airflow/example_dags/example_kubernetes_executor.py
[2023-04-14T14:50:57.836+0000] {logging_mixin.py:137} INFO - [2023-04-14T14:50:57.836+0000] {dag.py:2693} INFO - Sync 1 DAGs
[2023-04-14T14:50:57.852+0000] {logging_mixin.py:137} INFO - [2023-04-14T14:50:57.852+0000] {dag.py:3444} INFO - Setting next_dagrun for example_kubernetes_executor to None, run_after=None
[2023-04-14T14:50:57.876+0000] {processor.py:175} INFO - Processing /home/airflow/.local/lib/python3.7/site-packages/airflow/example_dags/example_kubernetes_executor.py took 0.091 seconds
[2023-04-14T14:51:27.958+0000] {processor.py:153} INFO - Started process (PID=1015) to work on /home/airflow/.local/lib/python3.7/site-packages/airflow/example_dags/example_kubernetes_executor.py
[2023-04-14T14:51:27.959+0000] {processor.py:743} INFO - Processing file /home/airflow/.local/lib/python3.7/site-packages/airflow/example_dags/example_kubernetes_executor.py for tasks to queue
[2023-04-14T14:51:27.960+0000] {logging_mixin.py:137} INFO - [2023-04-14T14:51:27.960+0000] {dagbag.py:532} INFO - Filling up the DagBag from /home/airflow/.local/lib/python3.7/site-packages/airflow/example_dags/example_kubernetes_executor.py
[2023-04-14T14:51:27.985+0000] {processor.py:753} INFO - DAG(s) dict_keys(['example_kubernetes_executor']) retrieved from /home/airflow/.local/lib/python3.7/site-packages/airflow/example_dags/example_kubernetes_executor.py
[2023-04-14T14:51:28.008+0000] {logging_mixin.py:137} INFO - [2023-04-14T14:51:28.007+0000] {dag.py:2693} INFO - Sync 1 DAGs
[2023-04-14T14:51:28.022+0000] {logging_mixin.py:137} INFO - [2023-04-14T14:51:28.021+0000] {dag.py:3444} INFO - Setting next_dagrun for example_kubernetes_executor to None, run_after=None
[2023-04-14T14:51:28.032+0000] {processor.py:175} INFO - Processing /home/airflow/.local/lib/python3.7/site-packages/airflow/example_dags/example_kubernetes_executor.py took 0.077 seconds
[2023-04-14T14:51:58.237+0000] {processor.py:153} INFO - Started process (PID=1069) to work on /home/airflow/.local/lib/python3.7/site-packages/airflow/example_dags/example_kubernetes_executor.py
[2023-04-14T14:51:58.238+0000] {processor.py:743} INFO - Processing file /home/airflow/.local/lib/python3.7/site-packages/airflow/example_dags/example_kubernetes_executor.py for tasks to queue
[2023-04-14T14:51:58.239+0000] {logging_mixin.py:137} INFO - [2023-04-14T14:51:58.239+0000] {dagbag.py:532} INFO - Filling up the DagBag from /home/airflow/.local/lib/python3.7/site-packages/airflow/example_dags/example_kubernetes_executor.py
[2023-04-14T14:51:58.258+0000] {processor.py:753} INFO - DAG(s) dict_keys(['example_kubernetes_executor']) retrieved from /home/airflow/.local/lib/python3.7/site-packages/airflow/example_dags/example_kubernetes_executor.py
[2023-04-14T14:51:58.279+0000] {logging_mixin.py:137} INFO - [2023-04-14T14:51:58.279+0000] {dag.py:2693} INFO - Sync 1 DAGs
[2023-04-14T14:51:58.293+0000] {logging_mixin.py:137} INFO - [2023-04-14T14:51:58.293+0000] {dag.py:3444} INFO - Setting next_dagrun for example_kubernetes_executor to None, run_after=None
[2023-04-14T14:51:58.303+0000] {processor.py:175} INFO - Processing /home/airflow/.local/lib/python3.7/site-packages/airflow/example_dags/example_kubernetes_executor.py took 0.068 seconds
[2023-04-14T14:52:28.352+0000] {processor.py:153} INFO - Started process (PID=1121) to work on /home/airflow/.local/lib/python3.7/site-packages/airflow/example_dags/example_kubernetes_executor.py
[2023-04-14T14:52:28.353+0000] {processor.py:743} INFO - Processing file /home/airflow/.local/lib/python3.7/site-packages/airflow/example_dags/example_kubernetes_executor.py for tasks to queue
[2023-04-14T14:52:28.354+0000] {logging_mixin.py:137} INFO - [2023-04-14T14:52:28.354+0000] {dagbag.py:532} INFO - Filling up the DagBag from /home/airflow/.local/lib/python3.7/site-packages/airflow/example_dags/example_kubernetes_executor.py
[2023-04-14T14:52:28.373+0000] {processor.py:753} INFO - DAG(s) dict_keys(['example_kubernetes_executor']) retrieved from /home/airflow/.local/lib/python3.7/site-packages/airflow/example_dags/example_kubernetes_executor.py
[2023-04-14T14:52:28.395+0000] {logging_mixin.py:137} INFO - [2023-04-14T14:52:28.395+0000] {dag.py:2693} INFO - Sync 1 DAGs
[2023-04-14T14:52:28.410+0000] {logging_mixin.py:137} INFO - [2023-04-14T14:52:28.410+0000] {dag.py:3444} INFO - Setting next_dagrun for example_kubernetes_executor to None, run_after=None
[2023-04-14T14:52:28.420+0000] {processor.py:175} INFO - Processing /home/airflow/.local/lib/python3.7/site-packages/airflow/example_dags/example_kubernetes_executor.py took 0.071 seconds
[2023-04-14T14:52:59.075+0000] {processor.py:153} INFO - Started process (PID=1174) to work on /home/airflow/.local/lib/python3.7/site-packages/airflow/example_dags/example_kubernetes_executor.py
[2023-04-14T14:52:59.076+0000] {processor.py:743} INFO - Processing file /home/airflow/.local/lib/python3.7/site-packages/airflow/example_dags/example_kubernetes_executor.py for tasks to queue
[2023-04-14T14:52:59.077+0000] {logging_mixin.py:137} INFO - [2023-04-14T14:52:59.077+0000] {dagbag.py:532} INFO - Filling up the DagBag from /home/airflow/.local/lib/python3.7/site-packages/airflow/example_dags/example_kubernetes_executor.py
[2023-04-14T14:52:59.098+0000] {processor.py:753} INFO - DAG(s) dict_keys(['example_kubernetes_executor']) retrieved from /home/airflow/.local/lib/python3.7/site-packages/airflow/example_dags/example_kubernetes_executor.py
[2023-04-14T14:52:59.120+0000] {logging_mixin.py:137} INFO - [2023-04-14T14:52:59.120+0000] {dag.py:2693} INFO - Sync 1 DAGs
[2023-04-14T14:52:59.134+0000] {logging_mixin.py:137} INFO - [2023-04-14T14:52:59.134+0000] {dag.py:3444} INFO - Setting next_dagrun for example_kubernetes_executor to None, run_after=None
[2023-04-14T14:52:59.145+0000] {processor.py:175} INFO - Processing /home/airflow/.local/lib/python3.7/site-packages/airflow/example_dags/example_kubernetes_executor.py took 0.072 seconds
[2023-04-14T14:53:29.499+0000] {processor.py:153} INFO - Started process (PID=1226) to work on /home/airflow/.local/lib/python3.7/site-packages/airflow/example_dags/example_kubernetes_executor.py
[2023-04-14T14:53:29.500+0000] {processor.py:743} INFO - Processing file /home/airflow/.local/lib/python3.7/site-packages/airflow/example_dags/example_kubernetes_executor.py for tasks to queue
[2023-04-14T14:53:29.501+0000] {logging_mixin.py:137} INFO - [2023-04-14T14:53:29.501+0000] {dagbag.py:532} INFO - Filling up the DagBag from /home/airflow/.local/lib/python3.7/site-packages/airflow/example_dags/example_kubernetes_executor.py
[2023-04-14T14:53:29.527+0000] {processor.py:753} INFO - DAG(s) dict_keys(['example_kubernetes_executor']) retrieved from /home/airflow/.local/lib/python3.7/site-packages/airflow/example_dags/example_kubernetes_executor.py
[2023-04-14T14:53:29.551+0000] {logging_mixin.py:137} INFO - [2023-04-14T14:53:29.551+0000] {dag.py:2693} INFO - Sync 1 DAGs
[2023-04-14T14:53:29.566+0000] {logging_mixin.py:137} INFO - [2023-04-14T14:53:29.566+0000] {dag.py:3444} INFO - Setting next_dagrun for example_kubernetes_executor to None, run_after=None
[2023-04-14T14:53:29.577+0000] {processor.py:175} INFO - Processing /home/airflow/.local/lib/python3.7/site-packages/airflow/example_dags/example_kubernetes_executor.py took 0.082 seconds
[2023-04-14T14:53:59.779+0000] {processor.py:153} INFO - Started process (PID=1278) to work on /home/airflow/.local/lib/python3.7/site-packages/airflow/example_dags/example_kubernetes_executor.py
[2023-04-14T14:53:59.780+0000] {processor.py:743} INFO - Processing file /home/airflow/.local/lib/python3.7/site-packages/airflow/example_dags/example_kubernetes_executor.py for tasks to queue
[2023-04-14T14:53:59.781+0000] {logging_mixin.py:137} INFO - [2023-04-14T14:53:59.781+0000] {dagbag.py:532} INFO - Filling up the DagBag from /home/airflow/.local/lib/python3.7/site-packages/airflow/example_dags/example_kubernetes_executor.py
[2023-04-14T14:53:59.801+0000] {processor.py:753} INFO - DAG(s) dict_keys(['example_kubernetes_executor']) retrieved from /home/airflow/.local/lib/python3.7/site-packages/airflow/example_dags/example_kubernetes_executor.py
[2023-04-14T14:53:59.822+0000] {logging_mixin.py:137} INFO - [2023-04-14T14:53:59.822+0000] {dag.py:2693} INFO - Sync 1 DAGs
[2023-04-14T14:53:59.837+0000] {logging_mixin.py:137} INFO - [2023-04-14T14:53:59.837+0000] {dag.py:3444} INFO - Setting next_dagrun for example_kubernetes_executor to None, run_after=None
[2023-04-14T14:53:59.847+0000] {processor.py:175} INFO - Processing /home/airflow/.local/lib/python3.7/site-packages/airflow/example_dags/example_kubernetes_executor.py took 0.071 seconds
[2023-04-14T14:54:29.892+0000] {processor.py:153} INFO - Started process (PID=1331) to work on /home/airflow/.local/lib/python3.7/site-packages/airflow/example_dags/example_kubernetes_executor.py
[2023-04-14T14:54:29.893+0000] {processor.py:743} INFO - Processing file /home/airflow/.local/lib/python3.7/site-packages/airflow/example_dags/example_kubernetes_executor.py for tasks to queue
[2023-04-14T14:54:29.893+0000] {logging_mixin.py:137} INFO - [2023-04-14T14:54:29.893+0000] {dagbag.py:532} INFO - Filling up the DagBag from /home/airflow/.local/lib/python3.7/site-packages/airflow/example_dags/example_kubernetes_executor.py
[2023-04-14T14:54:29.915+0000] {processor.py:753} INFO - DAG(s) dict_keys(['example_kubernetes_executor']) retrieved from /home/airflow/.local/lib/python3.7/site-packages/airflow/example_dags/example_kubernetes_executor.py
[2023-04-14T14:54:29.938+0000] {logging_mixin.py:137} INFO - [2023-04-14T14:54:29.938+0000] {dag.py:2693} INFO - Sync 1 DAGs
[2023-04-14T14:54:29.952+0000] {logging_mixin.py:137} INFO - [2023-04-14T14:54:29.952+0000] {dag.py:3444} INFO - Setting next_dagrun for example_kubernetes_executor to None, run_after=None
[2023-04-14T14:54:29.962+0000] {processor.py:175} INFO - Processing /home/airflow/.local/lib/python3.7/site-packages/airflow/example_dags/example_kubernetes_executor.py took 0.074 seconds
[2023-04-14T14:55:00.490+0000] {processor.py:153} INFO - Started process (PID=1384) to work on /home/airflow/.local/lib/python3.7/site-packages/airflow/example_dags/example_kubernetes_executor.py
[2023-04-14T14:55:00.491+0000] {processor.py:743} INFO - Processing file /home/airflow/.local/lib/python3.7/site-packages/airflow/example_dags/example_kubernetes_executor.py for tasks to queue
[2023-04-14T14:55:00.492+0000] {logging_mixin.py:137} INFO - [2023-04-14T14:55:00.492+0000] {dagbag.py:532} INFO - Filling up the DagBag from /home/airflow/.local/lib/python3.7/site-packages/airflow/example_dags/example_kubernetes_executor.py
[2023-04-14T14:55:00.513+0000] {processor.py:753} INFO - DAG(s) dict_keys(['example_kubernetes_executor']) retrieved from /home/airflow/.local/lib/python3.7/site-packages/airflow/example_dags/example_kubernetes_executor.py
[2023-04-14T14:55:00.535+0000] {logging_mixin.py:137} INFO - [2023-04-14T14:55:00.535+0000] {dag.py:2693} INFO - Sync 1 DAGs
[2023-04-14T14:55:00.549+0000] {logging_mixin.py:137} INFO - [2023-04-14T14:55:00.548+0000] {dag.py:3444} INFO - Setting next_dagrun for example_kubernetes_executor to None, run_after=None
[2023-04-14T14:55:00.559+0000] {processor.py:175} INFO - Processing /home/airflow/.local/lib/python3.7/site-packages/airflow/example_dags/example_kubernetes_executor.py took 0.072 seconds
[2023-04-14T14:55:30.941+0000] {processor.py:153} INFO - Started process (PID=1436) to work on /home/airflow/.local/lib/python3.7/site-packages/airflow/example_dags/example_kubernetes_executor.py
[2023-04-14T14:55:30.943+0000] {processor.py:743} INFO - Processing file /home/airflow/.local/lib/python3.7/site-packages/airflow/example_dags/example_kubernetes_executor.py for tasks to queue
[2023-04-14T14:55:30.943+0000] {logging_mixin.py:137} INFO - [2023-04-14T14:55:30.943+0000] {dagbag.py:532} INFO - Filling up the DagBag from /home/airflow/.local/lib/python3.7/site-packages/airflow/example_dags/example_kubernetes_executor.py
[2023-04-14T14:55:30.997+0000] {processor.py:753} INFO - DAG(s) dict_keys(['example_kubernetes_executor']) retrieved from /home/airflow/.local/lib/python3.7/site-packages/airflow/example_dags/example_kubernetes_executor.py
[2023-04-14T14:55:31.060+0000] {logging_mixin.py:137} INFO - [2023-04-14T14:55:31.060+0000] {dag.py:2693} INFO - Sync 1 DAGs
[2023-04-14T14:55:31.081+0000] {logging_mixin.py:137} INFO - [2023-04-14T14:55:31.080+0000] {dag.py:3444} INFO - Setting next_dagrun for example_kubernetes_executor to None, run_after=None
[2023-04-14T14:55:31.093+0000] {processor.py:175} INFO - Processing /home/airflow/.local/lib/python3.7/site-packages/airflow/example_dags/example_kubernetes_executor.py took 0.154 seconds
[2023-04-14T14:56:01.338+0000] {processor.py:153} INFO - Started process (PID=1488) to work on /home/airflow/.local/lib/python3.7/site-packages/airflow/example_dags/example_kubernetes_executor.py
[2023-04-14T14:56:01.340+0000] {processor.py:743} INFO - Processing file /home/airflow/.local/lib/python3.7/site-packages/airflow/example_dags/example_kubernetes_executor.py for tasks to queue
[2023-04-14T14:56:01.341+0000] {logging_mixin.py:137} INFO - [2023-04-14T14:56:01.341+0000] {dagbag.py:532} INFO - Filling up the DagBag from /home/airflow/.local/lib/python3.7/site-packages/airflow/example_dags/example_kubernetes_executor.py
[2023-04-14T14:56:01.361+0000] {processor.py:753} INFO - DAG(s) dict_keys(['example_kubernetes_executor']) retrieved from /home/airflow/.local/lib/python3.7/site-packages/airflow/example_dags/example_kubernetes_executor.py
[2023-04-14T14:56:01.385+0000] {logging_mixin.py:137} INFO - [2023-04-14T14:56:01.385+0000] {dag.py:2693} INFO - Sync 1 DAGs
[2023-04-14T14:56:01.400+0000] {logging_mixin.py:137} INFO - [2023-04-14T14:56:01.399+0000] {dag.py:3444} INFO - Setting next_dagrun for example_kubernetes_executor to None, run_after=None
[2023-04-14T14:56:01.411+0000] {processor.py:175} INFO - Processing /home/airflow/.local/lib/python3.7/site-packages/airflow/example_dags/example_kubernetes_executor.py took 0.075 seconds
[2023-04-14T14:56:31.729+0000] {processor.py:153} INFO - Started process (PID=1541) to work on /home/airflow/.local/lib/python3.7/site-packages/airflow/example_dags/example_kubernetes_executor.py
[2023-04-14T14:56:31.730+0000] {processor.py:743} INFO - Processing file /home/airflow/.local/lib/python3.7/site-packages/airflow/example_dags/example_kubernetes_executor.py for tasks to queue
[2023-04-14T14:56:31.731+0000] {logging_mixin.py:137} INFO - [2023-04-14T14:56:31.731+0000] {dagbag.py:532} INFO - Filling up the DagBag from /home/airflow/.local/lib/python3.7/site-packages/airflow/example_dags/example_kubernetes_executor.py
[2023-04-14T14:56:31.752+0000] {processor.py:753} INFO - DAG(s) dict_keys(['example_kubernetes_executor']) retrieved from /home/airflow/.local/lib/python3.7/site-packages/airflow/example_dags/example_kubernetes_executor.py
[2023-04-14T14:56:31.777+0000] {logging_mixin.py:137} INFO - [2023-04-14T14:56:31.777+0000] {dag.py:2693} INFO - Sync 1 DAGs
[2023-04-14T14:56:31.794+0000] {logging_mixin.py:137} INFO - [2023-04-14T14:56:31.793+0000] {dag.py:3444} INFO - Setting next_dagrun for example_kubernetes_executor to None, run_after=None
[2023-04-14T14:56:31.804+0000] {processor.py:175} INFO - Processing /home/airflow/.local/lib/python3.7/site-packages/airflow/example_dags/example_kubernetes_executor.py took 0.078 seconds
[2023-04-14T14:57:02.259+0000] {processor.py:153} INFO - Started process (PID=1594) to work on /home/airflow/.local/lib/python3.7/site-packages/airflow/example_dags/example_kubernetes_executor.py
[2023-04-14T14:57:02.261+0000] {processor.py:743} INFO - Processing file /home/airflow/.local/lib/python3.7/site-packages/airflow/example_dags/example_kubernetes_executor.py for tasks to queue
[2023-04-14T14:57:02.263+0000] {logging_mixin.py:137} INFO - [2023-04-14T14:57:02.263+0000] {dagbag.py:532} INFO - Filling up the DagBag from /home/airflow/.local/lib/python3.7/site-packages/airflow/example_dags/example_kubernetes_executor.py
[2023-04-14T14:57:02.295+0000] {processor.py:753} INFO - DAG(s) dict_keys(['example_kubernetes_executor']) retrieved from /home/airflow/.local/lib/python3.7/site-packages/airflow/example_dags/example_kubernetes_executor.py
[2023-04-14T14:57:02.322+0000] {logging_mixin.py:137} INFO - [2023-04-14T14:57:02.322+0000] {dag.py:2693} INFO - Sync 1 DAGs
[2023-04-14T14:57:02.338+0000] {logging_mixin.py:137} INFO - [2023-04-14T14:57:02.337+0000] {dag.py:3444} INFO - Setting next_dagrun for example_kubernetes_executor to None, run_after=None
[2023-04-14T14:57:02.348+0000] {processor.py:175} INFO - Processing /home/airflow/.local/lib/python3.7/site-packages/airflow/example_dags/example_kubernetes_executor.py took 0.092 seconds
