[2023-04-14T14:30:18.950+0000] {processor.py:153} INFO - Started process (PID=62) to work on /home/airflow/.local/lib/python3.7/site-packages/airflow/example_dags/example_trigger_target_dag.py
[2023-04-14T14:30:18.955+0000] {processor.py:743} INFO - Processing file /home/airflow/.local/lib/python3.7/site-packages/airflow/example_dags/example_trigger_target_dag.py for tasks to queue
[2023-04-14T14:30:18.987+0000] {logging_mixin.py:137} INFO - [2023-04-14T14:30:18.987+0000] {dagbag.py:532} INFO - Filling up the DagBag from /home/airflow/.local/lib/python3.7/site-packages/airflow/example_dags/example_trigger_target_dag.py
[2023-04-14T14:30:19.023+0000] {processor.py:753} INFO - DAG(s) dict_keys(['example_trigger_target_dag']) retrieved from /home/airflow/.local/lib/python3.7/site-packages/airflow/example_dags/example_trigger_target_dag.py
[2023-04-14T14:30:19.088+0000] {logging_mixin.py:137} INFO - [2023-04-14T14:30:19.088+0000] {dag.py:2693} INFO - Sync 1 DAGs
[2023-04-14T14:30:19.151+0000] {logging_mixin.py:137} INFO - [2023-04-14T14:30:19.151+0000] {dag.py:3444} INFO - Setting next_dagrun for example_trigger_target_dag to None, run_after=None
[2023-04-14T14:30:19.196+0000] {processor.py:175} INFO - Processing /home/airflow/.local/lib/python3.7/site-packages/airflow/example_dags/example_trigger_target_dag.py took 0.251 seconds
[2023-04-14T14:30:49.852+0000] {processor.py:153} INFO - Started process (PID=118) to work on /home/airflow/.local/lib/python3.7/site-packages/airflow/example_dags/example_trigger_target_dag.py
[2023-04-14T14:30:49.854+0000] {processor.py:743} INFO - Processing file /home/airflow/.local/lib/python3.7/site-packages/airflow/example_dags/example_trigger_target_dag.py for tasks to queue
[2023-04-14T14:30:49.855+0000] {logging_mixin.py:137} INFO - [2023-04-14T14:30:49.855+0000] {dagbag.py:532} INFO - Filling up the DagBag from /home/airflow/.local/lib/python3.7/site-packages/airflow/example_dags/example_trigger_target_dag.py
[2023-04-14T14:30:49.872+0000] {processor.py:753} INFO - DAG(s) dict_keys(['example_trigger_target_dag']) retrieved from /home/airflow/.local/lib/python3.7/site-packages/airflow/example_dags/example_trigger_target_dag.py
[2023-04-14T14:30:49.894+0000] {logging_mixin.py:137} INFO - [2023-04-14T14:30:49.894+0000] {dag.py:2693} INFO - Sync 1 DAGs
[2023-04-14T14:30:49.910+0000] {logging_mixin.py:137} INFO - [2023-04-14T14:30:49.910+0000] {dag.py:3444} INFO - Setting next_dagrun for example_trigger_target_dag to None, run_after=None
[2023-04-14T14:30:49.921+0000] {processor.py:175} INFO - Processing /home/airflow/.local/lib/python3.7/site-packages/airflow/example_dags/example_trigger_target_dag.py took 0.072 seconds
[2023-04-14T14:31:20.084+0000] {processor.py:153} INFO - Started process (PID=170) to work on /home/airflow/.local/lib/python3.7/site-packages/airflow/example_dags/example_trigger_target_dag.py
[2023-04-14T14:31:20.086+0000] {processor.py:743} INFO - Processing file /home/airflow/.local/lib/python3.7/site-packages/airflow/example_dags/example_trigger_target_dag.py for tasks to queue
[2023-04-14T14:31:20.086+0000] {logging_mixin.py:137} INFO - [2023-04-14T14:31:20.086+0000] {dagbag.py:532} INFO - Filling up the DagBag from /home/airflow/.local/lib/python3.7/site-packages/airflow/example_dags/example_trigger_target_dag.py
[2023-04-14T14:31:20.101+0000] {processor.py:753} INFO - DAG(s) dict_keys(['example_trigger_target_dag']) retrieved from /home/airflow/.local/lib/python3.7/site-packages/airflow/example_dags/example_trigger_target_dag.py
[2023-04-14T14:31:20.121+0000] {logging_mixin.py:137} INFO - [2023-04-14T14:31:20.121+0000] {dag.py:2693} INFO - Sync 1 DAGs
[2023-04-14T14:31:20.136+0000] {logging_mixin.py:137} INFO - [2023-04-14T14:31:20.136+0000] {dag.py:3444} INFO - Setting next_dagrun for example_trigger_target_dag to None, run_after=None
[2023-04-14T14:31:20.147+0000] {processor.py:175} INFO - Processing /home/airflow/.local/lib/python3.7/site-packages/airflow/example_dags/example_trigger_target_dag.py took 0.066 seconds
[2023-04-14T14:31:50.963+0000] {processor.py:153} INFO - Started process (PID=223) to work on /home/airflow/.local/lib/python3.7/site-packages/airflow/example_dags/example_trigger_target_dag.py
[2023-04-14T14:31:50.965+0000] {processor.py:743} INFO - Processing file /home/airflow/.local/lib/python3.7/site-packages/airflow/example_dags/example_trigger_target_dag.py for tasks to queue
[2023-04-14T14:31:50.966+0000] {logging_mixin.py:137} INFO - [2023-04-14T14:31:50.966+0000] {dagbag.py:532} INFO - Filling up the DagBag from /home/airflow/.local/lib/python3.7/site-packages/airflow/example_dags/example_trigger_target_dag.py
[2023-04-14T14:31:50.981+0000] {processor.py:753} INFO - DAG(s) dict_keys(['example_trigger_target_dag']) retrieved from /home/airflow/.local/lib/python3.7/site-packages/airflow/example_dags/example_trigger_target_dag.py
[2023-04-14T14:31:51.002+0000] {logging_mixin.py:137} INFO - [2023-04-14T14:31:51.002+0000] {dag.py:2693} INFO - Sync 1 DAGs
[2023-04-14T14:31:51.017+0000] {logging_mixin.py:137} INFO - [2023-04-14T14:31:51.017+0000] {dag.py:3444} INFO - Setting next_dagrun for example_trigger_target_dag to None, run_after=None
[2023-04-14T14:31:51.028+0000] {processor.py:175} INFO - Processing /home/airflow/.local/lib/python3.7/site-packages/airflow/example_dags/example_trigger_target_dag.py took 0.068 seconds
[2023-04-14T14:32:22.822+0000] {processor.py:153} INFO - Started process (PID=275) to work on /home/airflow/.local/lib/python3.7/site-packages/airflow/example_dags/example_trigger_target_dag.py
[2023-04-14T14:32:22.825+0000] {processor.py:743} INFO - Processing file /home/airflow/.local/lib/python3.7/site-packages/airflow/example_dags/example_trigger_target_dag.py for tasks to queue
[2023-04-14T14:32:22.828+0000] {logging_mixin.py:137} INFO - [2023-04-14T14:32:22.828+0000] {dagbag.py:532} INFO - Filling up the DagBag from /home/airflow/.local/lib/python3.7/site-packages/airflow/example_dags/example_trigger_target_dag.py
[2023-04-14T14:32:22.858+0000] {processor.py:753} INFO - DAG(s) dict_keys(['example_trigger_target_dag']) retrieved from /home/airflow/.local/lib/python3.7/site-packages/airflow/example_dags/example_trigger_target_dag.py
[2023-04-14T14:32:22.925+0000] {logging_mixin.py:137} INFO - [2023-04-14T14:32:22.925+0000] {dag.py:2693} INFO - Sync 1 DAGs
[2023-04-14T14:32:22.976+0000] {logging_mixin.py:137} INFO - [2023-04-14T14:32:22.976+0000] {dag.py:3444} INFO - Setting next_dagrun for example_trigger_target_dag to None, run_after=None
[2023-04-14T14:32:23.018+0000] {processor.py:175} INFO - Processing /home/airflow/.local/lib/python3.7/site-packages/airflow/example_dags/example_trigger_target_dag.py took 0.201 seconds
[2023-04-14T14:33:50.323+0000] {processor.py:153} INFO - Started process (PID=55) to work on /home/airflow/.local/lib/python3.7/site-packages/airflow/example_dags/example_trigger_target_dag.py
[2023-04-14T14:33:50.342+0000] {processor.py:743} INFO - Processing file /home/airflow/.local/lib/python3.7/site-packages/airflow/example_dags/example_trigger_target_dag.py for tasks to queue
[2023-04-14T14:33:50.359+0000] {logging_mixin.py:137} INFO - [2023-04-14T14:33:50.358+0000] {dagbag.py:532} INFO - Filling up the DagBag from /home/airflow/.local/lib/python3.7/site-packages/airflow/example_dags/example_trigger_target_dag.py
[2023-04-14T14:33:50.757+0000] {processor.py:753} INFO - DAG(s) dict_keys(['example_trigger_target_dag']) retrieved from /home/airflow/.local/lib/python3.7/site-packages/airflow/example_dags/example_trigger_target_dag.py
[2023-04-14T14:33:51.044+0000] {logging_mixin.py:137} INFO - [2023-04-14T14:33:51.043+0000] {dag.py:2693} INFO - Sync 1 DAGs
[2023-04-14T14:33:51.120+0000] {logging_mixin.py:137} INFO - [2023-04-14T14:33:51.120+0000] {dag.py:3444} INFO - Setting next_dagrun for example_trigger_target_dag to None, run_after=None
[2023-04-14T14:33:51.175+0000] {processor.py:175} INFO - Processing /home/airflow/.local/lib/python3.7/site-packages/airflow/example_dags/example_trigger_target_dag.py took 0.891 seconds
[2023-04-14T14:34:21.423+0000] {processor.py:153} INFO - Started process (PID=107) to work on /home/airflow/.local/lib/python3.7/site-packages/airflow/example_dags/example_trigger_target_dag.py
[2023-04-14T14:34:21.424+0000] {processor.py:743} INFO - Processing file /home/airflow/.local/lib/python3.7/site-packages/airflow/example_dags/example_trigger_target_dag.py for tasks to queue
[2023-04-14T14:34:21.425+0000] {logging_mixin.py:137} INFO - [2023-04-14T14:34:21.425+0000] {dagbag.py:532} INFO - Filling up the DagBag from /home/airflow/.local/lib/python3.7/site-packages/airflow/example_dags/example_trigger_target_dag.py
[2023-04-14T14:34:21.503+0000] {processor.py:753} INFO - DAG(s) dict_keys(['example_trigger_target_dag']) retrieved from /home/airflow/.local/lib/python3.7/site-packages/airflow/example_dags/example_trigger_target_dag.py
[2023-04-14T14:34:21.576+0000] {logging_mixin.py:137} INFO - [2023-04-14T14:34:21.575+0000] {dag.py:2693} INFO - Sync 1 DAGs
[2023-04-14T14:34:21.616+0000] {logging_mixin.py:137} INFO - [2023-04-14T14:34:21.616+0000] {dag.py:3444} INFO - Setting next_dagrun for example_trigger_target_dag to None, run_after=None
[2023-04-14T14:34:21.649+0000] {processor.py:175} INFO - Processing /home/airflow/.local/lib/python3.7/site-packages/airflow/example_dags/example_trigger_target_dag.py took 0.229 seconds
[2023-04-14T14:34:52.163+0000] {processor.py:153} INFO - Started process (PID=160) to work on /home/airflow/.local/lib/python3.7/site-packages/airflow/example_dags/example_trigger_target_dag.py
[2023-04-14T14:34:52.164+0000] {processor.py:743} INFO - Processing file /home/airflow/.local/lib/python3.7/site-packages/airflow/example_dags/example_trigger_target_dag.py for tasks to queue
[2023-04-14T14:34:52.165+0000] {logging_mixin.py:137} INFO - [2023-04-14T14:34:52.165+0000] {dagbag.py:532} INFO - Filling up the DagBag from /home/airflow/.local/lib/python3.7/site-packages/airflow/example_dags/example_trigger_target_dag.py
[2023-04-14T14:34:52.189+0000] {processor.py:753} INFO - DAG(s) dict_keys(['example_trigger_target_dag']) retrieved from /home/airflow/.local/lib/python3.7/site-packages/airflow/example_dags/example_trigger_target_dag.py
[2023-04-14T14:34:52.215+0000] {logging_mixin.py:137} INFO - [2023-04-14T14:34:52.215+0000] {dag.py:2693} INFO - Sync 1 DAGs
[2023-04-14T14:34:52.241+0000] {logging_mixin.py:137} INFO - [2023-04-14T14:34:52.241+0000] {dag.py:3444} INFO - Setting next_dagrun for example_trigger_target_dag to None, run_after=None
[2023-04-14T14:34:52.257+0000] {processor.py:175} INFO - Processing /home/airflow/.local/lib/python3.7/site-packages/airflow/example_dags/example_trigger_target_dag.py took 0.098 seconds
[2023-04-14T14:35:22.622+0000] {processor.py:153} INFO - Started process (PID=213) to work on /home/airflow/.local/lib/python3.7/site-packages/airflow/example_dags/example_trigger_target_dag.py
[2023-04-14T14:35:22.624+0000] {processor.py:743} INFO - Processing file /home/airflow/.local/lib/python3.7/site-packages/airflow/example_dags/example_trigger_target_dag.py for tasks to queue
[2023-04-14T14:35:22.626+0000] {logging_mixin.py:137} INFO - [2023-04-14T14:35:22.625+0000] {dagbag.py:532} INFO - Filling up the DagBag from /home/airflow/.local/lib/python3.7/site-packages/airflow/example_dags/example_trigger_target_dag.py
[2023-04-14T14:35:22.658+0000] {processor.py:753} INFO - DAG(s) dict_keys(['example_trigger_target_dag']) retrieved from /home/airflow/.local/lib/python3.7/site-packages/airflow/example_dags/example_trigger_target_dag.py
[2023-04-14T14:35:22.688+0000] {logging_mixin.py:137} INFO - [2023-04-14T14:35:22.688+0000] {dag.py:2693} INFO - Sync 1 DAGs
[2023-04-14T14:35:22.720+0000] {logging_mixin.py:137} INFO - [2023-04-14T14:35:22.720+0000] {dag.py:3444} INFO - Setting next_dagrun for example_trigger_target_dag to None, run_after=None
[2023-04-14T14:35:22.777+0000] {processor.py:175} INFO - Processing /home/airflow/.local/lib/python3.7/site-packages/airflow/example_dags/example_trigger_target_dag.py took 0.159 seconds
[2023-04-14T14:35:53.034+0000] {processor.py:153} INFO - Started process (PID=266) to work on /home/airflow/.local/lib/python3.7/site-packages/airflow/example_dags/example_trigger_target_dag.py
[2023-04-14T14:35:53.037+0000] {processor.py:743} INFO - Processing file /home/airflow/.local/lib/python3.7/site-packages/airflow/example_dags/example_trigger_target_dag.py for tasks to queue
[2023-04-14T14:35:53.039+0000] {logging_mixin.py:137} INFO - [2023-04-14T14:35:53.039+0000] {dagbag.py:532} INFO - Filling up the DagBag from /home/airflow/.local/lib/python3.7/site-packages/airflow/example_dags/example_trigger_target_dag.py
[2023-04-14T14:35:53.074+0000] {processor.py:753} INFO - DAG(s) dict_keys(['example_trigger_target_dag']) retrieved from /home/airflow/.local/lib/python3.7/site-packages/airflow/example_dags/example_trigger_target_dag.py
[2023-04-14T14:35:53.104+0000] {logging_mixin.py:137} INFO - [2023-04-14T14:35:53.104+0000] {dag.py:2693} INFO - Sync 1 DAGs
[2023-04-14T14:35:53.125+0000] {logging_mixin.py:137} INFO - [2023-04-14T14:35:53.124+0000] {dag.py:3444} INFO - Setting next_dagrun for example_trigger_target_dag to None, run_after=None
[2023-04-14T14:35:53.138+0000] {processor.py:175} INFO - Processing /home/airflow/.local/lib/python3.7/site-packages/airflow/example_dags/example_trigger_target_dag.py took 0.110 seconds
[2023-04-14T14:36:24.137+0000] {processor.py:153} INFO - Started process (PID=319) to work on /home/airflow/.local/lib/python3.7/site-packages/airflow/example_dags/example_trigger_target_dag.py
[2023-04-14T14:36:24.139+0000] {processor.py:743} INFO - Processing file /home/airflow/.local/lib/python3.7/site-packages/airflow/example_dags/example_trigger_target_dag.py for tasks to queue
[2023-04-14T14:36:24.139+0000] {logging_mixin.py:137} INFO - [2023-04-14T14:36:24.139+0000] {dagbag.py:532} INFO - Filling up the DagBag from /home/airflow/.local/lib/python3.7/site-packages/airflow/example_dags/example_trigger_target_dag.py
[2023-04-14T14:36:24.165+0000] {processor.py:753} INFO - DAG(s) dict_keys(['example_trigger_target_dag']) retrieved from /home/airflow/.local/lib/python3.7/site-packages/airflow/example_dags/example_trigger_target_dag.py
[2023-04-14T14:36:24.189+0000] {logging_mixin.py:137} INFO - [2023-04-14T14:36:24.189+0000] {dag.py:2693} INFO - Sync 1 DAGs
[2023-04-14T14:36:24.207+0000] {logging_mixin.py:137} INFO - [2023-04-14T14:36:24.207+0000] {dag.py:3444} INFO - Setting next_dagrun for example_trigger_target_dag to None, run_after=None
[2023-04-14T14:36:24.220+0000] {processor.py:175} INFO - Processing /home/airflow/.local/lib/python3.7/site-packages/airflow/example_dags/example_trigger_target_dag.py took 0.086 seconds
[2023-04-14T14:36:54.624+0000] {processor.py:153} INFO - Started process (PID=372) to work on /home/airflow/.local/lib/python3.7/site-packages/airflow/example_dags/example_trigger_target_dag.py
[2023-04-14T14:36:54.627+0000] {processor.py:743} INFO - Processing file /home/airflow/.local/lib/python3.7/site-packages/airflow/example_dags/example_trigger_target_dag.py for tasks to queue
[2023-04-14T14:36:54.629+0000] {logging_mixin.py:137} INFO - [2023-04-14T14:36:54.629+0000] {dagbag.py:532} INFO - Filling up the DagBag from /home/airflow/.local/lib/python3.7/site-packages/airflow/example_dags/example_trigger_target_dag.py
[2023-04-14T14:36:54.656+0000] {processor.py:753} INFO - DAG(s) dict_keys(['example_trigger_target_dag']) retrieved from /home/airflow/.local/lib/python3.7/site-packages/airflow/example_dags/example_trigger_target_dag.py
[2023-04-14T14:36:54.703+0000] {logging_mixin.py:137} INFO - [2023-04-14T14:36:54.702+0000] {dag.py:2693} INFO - Sync 1 DAGs
[2023-04-14T14:36:54.745+0000] {logging_mixin.py:137} INFO - [2023-04-14T14:36:54.745+0000] {dag.py:3444} INFO - Setting next_dagrun for example_trigger_target_dag to None, run_after=None
[2023-04-14T14:36:54.775+0000] {processor.py:175} INFO - Processing /home/airflow/.local/lib/python3.7/site-packages/airflow/example_dags/example_trigger_target_dag.py took 0.158 seconds
[2023-04-14T14:37:25.562+0000] {processor.py:153} INFO - Started process (PID=423) to work on /home/airflow/.local/lib/python3.7/site-packages/airflow/example_dags/example_trigger_target_dag.py
[2023-04-14T14:37:25.565+0000] {processor.py:743} INFO - Processing file /home/airflow/.local/lib/python3.7/site-packages/airflow/example_dags/example_trigger_target_dag.py for tasks to queue
[2023-04-14T14:37:25.567+0000] {logging_mixin.py:137} INFO - [2023-04-14T14:37:25.567+0000] {dagbag.py:532} INFO - Filling up the DagBag from /home/airflow/.local/lib/python3.7/site-packages/airflow/example_dags/example_trigger_target_dag.py
[2023-04-14T14:37:25.601+0000] {processor.py:753} INFO - DAG(s) dict_keys(['example_trigger_target_dag']) retrieved from /home/airflow/.local/lib/python3.7/site-packages/airflow/example_dags/example_trigger_target_dag.py
[2023-04-14T14:37:25.648+0000] {logging_mixin.py:137} INFO - [2023-04-14T14:37:25.648+0000] {dag.py:2693} INFO - Sync 1 DAGs
[2023-04-14T14:37:25.675+0000] {logging_mixin.py:137} INFO - [2023-04-14T14:37:25.675+0000] {dag.py:3444} INFO - Setting next_dagrun for example_trigger_target_dag to None, run_after=None
[2023-04-14T14:37:25.694+0000] {processor.py:175} INFO - Processing /home/airflow/.local/lib/python3.7/site-packages/airflow/example_dags/example_trigger_target_dag.py took 0.146 seconds
[2023-04-14T14:37:57.089+0000] {processor.py:153} INFO - Started process (PID=476) to work on /home/airflow/.local/lib/python3.7/site-packages/airflow/example_dags/example_trigger_target_dag.py
[2023-04-14T14:37:57.111+0000] {processor.py:743} INFO - Processing file /home/airflow/.local/lib/python3.7/site-packages/airflow/example_dags/example_trigger_target_dag.py for tasks to queue
[2023-04-14T14:37:57.114+0000] {logging_mixin.py:137} INFO - [2023-04-14T14:37:57.113+0000] {dagbag.py:532} INFO - Filling up the DagBag from /home/airflow/.local/lib/python3.7/site-packages/airflow/example_dags/example_trigger_target_dag.py
[2023-04-14T14:37:57.316+0000] {processor.py:753} INFO - DAG(s) dict_keys(['example_trigger_target_dag']) retrieved from /home/airflow/.local/lib/python3.7/site-packages/airflow/example_dags/example_trigger_target_dag.py
[2023-04-14T14:37:57.578+0000] {logging_mixin.py:137} INFO - [2023-04-14T14:37:57.576+0000] {dag.py:2693} INFO - Sync 1 DAGs
[2023-04-14T14:37:57.687+0000] {logging_mixin.py:137} INFO - [2023-04-14T14:37:57.686+0000] {dag.py:3444} INFO - Setting next_dagrun for example_trigger_target_dag to None, run_after=None
[2023-04-14T14:37:57.785+0000] {processor.py:175} INFO - Processing /home/airflow/.local/lib/python3.7/site-packages/airflow/example_dags/example_trigger_target_dag.py took 0.720 seconds
[2023-04-14T14:38:28.312+0000] {processor.py:153} INFO - Started process (PID=530) to work on /home/airflow/.local/lib/python3.7/site-packages/airflow/example_dags/example_trigger_target_dag.py
[2023-04-14T14:38:28.315+0000] {processor.py:743} INFO - Processing file /home/airflow/.local/lib/python3.7/site-packages/airflow/example_dags/example_trigger_target_dag.py for tasks to queue
[2023-04-14T14:38:28.317+0000] {logging_mixin.py:137} INFO - [2023-04-14T14:38:28.317+0000] {dagbag.py:532} INFO - Filling up the DagBag from /home/airflow/.local/lib/python3.7/site-packages/airflow/example_dags/example_trigger_target_dag.py
[2023-04-14T14:38:28.386+0000] {processor.py:753} INFO - DAG(s) dict_keys(['example_trigger_target_dag']) retrieved from /home/airflow/.local/lib/python3.7/site-packages/airflow/example_dags/example_trigger_target_dag.py
[2023-04-14T14:38:28.427+0000] {logging_mixin.py:137} INFO - [2023-04-14T14:38:28.427+0000] {dag.py:2693} INFO - Sync 1 DAGs
[2023-04-14T14:38:28.465+0000] {logging_mixin.py:137} INFO - [2023-04-14T14:38:28.465+0000] {dag.py:3444} INFO - Setting next_dagrun for example_trigger_target_dag to None, run_after=None
[2023-04-14T14:38:28.486+0000] {processor.py:175} INFO - Processing /home/airflow/.local/lib/python3.7/site-packages/airflow/example_dags/example_trigger_target_dag.py took 0.182 seconds
[2023-04-14T14:38:58.584+0000] {processor.py:153} INFO - Started process (PID=585) to work on /home/airflow/.local/lib/python3.7/site-packages/airflow/example_dags/example_trigger_target_dag.py
[2023-04-14T14:38:58.586+0000] {processor.py:743} INFO - Processing file /home/airflow/.local/lib/python3.7/site-packages/airflow/example_dags/example_trigger_target_dag.py for tasks to queue
[2023-04-14T14:38:58.588+0000] {logging_mixin.py:137} INFO - [2023-04-14T14:38:58.588+0000] {dagbag.py:532} INFO - Filling up the DagBag from /home/airflow/.local/lib/python3.7/site-packages/airflow/example_dags/example_trigger_target_dag.py
[2023-04-14T14:38:58.637+0000] {processor.py:753} INFO - DAG(s) dict_keys(['example_trigger_target_dag']) retrieved from /home/airflow/.local/lib/python3.7/site-packages/airflow/example_dags/example_trigger_target_dag.py
[2023-04-14T14:38:58.676+0000] {logging_mixin.py:137} INFO - [2023-04-14T14:38:58.676+0000] {dag.py:2693} INFO - Sync 1 DAGs
[2023-04-14T14:38:58.721+0000] {logging_mixin.py:137} INFO - [2023-04-14T14:38:58.721+0000] {dag.py:3444} INFO - Setting next_dagrun for example_trigger_target_dag to None, run_after=None
[2023-04-14T14:38:58.739+0000] {processor.py:175} INFO - Processing /home/airflow/.local/lib/python3.7/site-packages/airflow/example_dags/example_trigger_target_dag.py took 0.164 seconds
[2023-04-14T14:39:29.586+0000] {processor.py:153} INFO - Started process (PID=638) to work on /home/airflow/.local/lib/python3.7/site-packages/airflow/example_dags/example_trigger_target_dag.py
[2023-04-14T14:39:29.588+0000] {processor.py:743} INFO - Processing file /home/airflow/.local/lib/python3.7/site-packages/airflow/example_dags/example_trigger_target_dag.py for tasks to queue
[2023-04-14T14:39:29.589+0000] {logging_mixin.py:137} INFO - [2023-04-14T14:39:29.589+0000] {dagbag.py:532} INFO - Filling up the DagBag from /home/airflow/.local/lib/python3.7/site-packages/airflow/example_dags/example_trigger_target_dag.py
[2023-04-14T14:39:29.634+0000] {processor.py:753} INFO - DAG(s) dict_keys(['example_trigger_target_dag']) retrieved from /home/airflow/.local/lib/python3.7/site-packages/airflow/example_dags/example_trigger_target_dag.py
[2023-04-14T14:39:29.668+0000] {logging_mixin.py:137} INFO - [2023-04-14T14:39:29.668+0000] {dag.py:2693} INFO - Sync 1 DAGs
[2023-04-14T14:39:29.694+0000] {logging_mixin.py:137} INFO - [2023-04-14T14:39:29.694+0000] {dag.py:3444} INFO - Setting next_dagrun for example_trigger_target_dag to None, run_after=None
[2023-04-14T14:39:29.716+0000] {processor.py:175} INFO - Processing /home/airflow/.local/lib/python3.7/site-packages/airflow/example_dags/example_trigger_target_dag.py took 0.133 seconds
[2023-04-14T14:40:00.419+0000] {processor.py:153} INFO - Started process (PID=691) to work on /home/airflow/.local/lib/python3.7/site-packages/airflow/example_dags/example_trigger_target_dag.py
[2023-04-14T14:40:00.422+0000] {processor.py:743} INFO - Processing file /home/airflow/.local/lib/python3.7/site-packages/airflow/example_dags/example_trigger_target_dag.py for tasks to queue
[2023-04-14T14:40:00.423+0000] {logging_mixin.py:137} INFO - [2023-04-14T14:40:00.423+0000] {dagbag.py:532} INFO - Filling up the DagBag from /home/airflow/.local/lib/python3.7/site-packages/airflow/example_dags/example_trigger_target_dag.py
[2023-04-14T14:40:00.465+0000] {processor.py:753} INFO - DAG(s) dict_keys(['example_trigger_target_dag']) retrieved from /home/airflow/.local/lib/python3.7/site-packages/airflow/example_dags/example_trigger_target_dag.py
[2023-04-14T14:40:00.501+0000] {logging_mixin.py:137} INFO - [2023-04-14T14:40:00.501+0000] {dag.py:2693} INFO - Sync 1 DAGs
[2023-04-14T14:40:00.524+0000] {logging_mixin.py:137} INFO - [2023-04-14T14:40:00.524+0000] {dag.py:3444} INFO - Setting next_dagrun for example_trigger_target_dag to None, run_after=None
[2023-04-14T14:40:00.538+0000] {processor.py:175} INFO - Processing /home/airflow/.local/lib/python3.7/site-packages/airflow/example_dags/example_trigger_target_dag.py took 0.124 seconds
[2023-04-14T14:40:30.826+0000] {processor.py:153} INFO - Started process (PID=744) to work on /home/airflow/.local/lib/python3.7/site-packages/airflow/example_dags/example_trigger_target_dag.py
[2023-04-14T14:40:30.830+0000] {processor.py:743} INFO - Processing file /home/airflow/.local/lib/python3.7/site-packages/airflow/example_dags/example_trigger_target_dag.py for tasks to queue
[2023-04-14T14:40:30.831+0000] {logging_mixin.py:137} INFO - [2023-04-14T14:40:30.831+0000] {dagbag.py:532} INFO - Filling up the DagBag from /home/airflow/.local/lib/python3.7/site-packages/airflow/example_dags/example_trigger_target_dag.py
[2023-04-14T14:40:30.853+0000] {processor.py:753} INFO - DAG(s) dict_keys(['example_trigger_target_dag']) retrieved from /home/airflow/.local/lib/python3.7/site-packages/airflow/example_dags/example_trigger_target_dag.py
[2023-04-14T14:40:30.875+0000] {logging_mixin.py:137} INFO - [2023-04-14T14:40:30.875+0000] {dag.py:2693} INFO - Sync 1 DAGs
[2023-04-14T14:40:30.891+0000] {logging_mixin.py:137} INFO - [2023-04-14T14:40:30.891+0000] {dag.py:3444} INFO - Setting next_dagrun for example_trigger_target_dag to None, run_after=None
[2023-04-14T14:40:30.904+0000] {processor.py:175} INFO - Processing /home/airflow/.local/lib/python3.7/site-packages/airflow/example_dags/example_trigger_target_dag.py took 0.083 seconds
[2023-04-14T14:41:01.358+0000] {processor.py:153} INFO - Started process (PID=797) to work on /home/airflow/.local/lib/python3.7/site-packages/airflow/example_dags/example_trigger_target_dag.py
[2023-04-14T14:41:01.369+0000] {processor.py:743} INFO - Processing file /home/airflow/.local/lib/python3.7/site-packages/airflow/example_dags/example_trigger_target_dag.py for tasks to queue
[2023-04-14T14:41:01.376+0000] {logging_mixin.py:137} INFO - [2023-04-14T14:41:01.376+0000] {dagbag.py:532} INFO - Filling up the DagBag from /home/airflow/.local/lib/python3.7/site-packages/airflow/example_dags/example_trigger_target_dag.py
[2023-04-14T14:41:01.413+0000] {processor.py:753} INFO - DAG(s) dict_keys(['example_trigger_target_dag']) retrieved from /home/airflow/.local/lib/python3.7/site-packages/airflow/example_dags/example_trigger_target_dag.py
[2023-04-14T14:41:01.464+0000] {logging_mixin.py:137} INFO - [2023-04-14T14:41:01.464+0000] {dag.py:2693} INFO - Sync 1 DAGs
[2023-04-14T14:41:01.491+0000] {logging_mixin.py:137} INFO - [2023-04-14T14:41:01.491+0000] {dag.py:3444} INFO - Setting next_dagrun for example_trigger_target_dag to None, run_after=None
[2023-04-14T14:41:01.506+0000] {processor.py:175} INFO - Processing /home/airflow/.local/lib/python3.7/site-packages/airflow/example_dags/example_trigger_target_dag.py took 0.159 seconds
[2023-04-14T14:42:15.706+0000] {processor.py:153} INFO - Started process (PID=55) to work on /home/airflow/.local/lib/python3.7/site-packages/airflow/example_dags/example_trigger_target_dag.py
[2023-04-14T14:42:15.708+0000] {processor.py:743} INFO - Processing file /home/airflow/.local/lib/python3.7/site-packages/airflow/example_dags/example_trigger_target_dag.py for tasks to queue
[2023-04-14T14:42:15.710+0000] {logging_mixin.py:137} INFO - [2023-04-14T14:42:15.710+0000] {dagbag.py:532} INFO - Filling up the DagBag from /home/airflow/.local/lib/python3.7/site-packages/airflow/example_dags/example_trigger_target_dag.py
[2023-04-14T14:42:15.733+0000] {processor.py:753} INFO - DAG(s) dict_keys(['example_trigger_target_dag']) retrieved from /home/airflow/.local/lib/python3.7/site-packages/airflow/example_dags/example_trigger_target_dag.py
[2023-04-14T14:42:15.759+0000] {logging_mixin.py:137} INFO - [2023-04-14T14:42:15.759+0000] {dag.py:2693} INFO - Sync 1 DAGs
[2023-04-14T14:42:15.786+0000] {logging_mixin.py:137} INFO - [2023-04-14T14:42:15.786+0000] {dag.py:3444} INFO - Setting next_dagrun for example_trigger_target_dag to None, run_after=None
[2023-04-14T14:42:15.813+0000] {processor.py:175} INFO - Processing /home/airflow/.local/lib/python3.7/site-packages/airflow/example_dags/example_trigger_target_dag.py took 0.112 seconds
[2023-04-14T14:42:46.586+0000] {processor.py:153} INFO - Started process (PID=108) to work on /home/airflow/.local/lib/python3.7/site-packages/airflow/example_dags/example_trigger_target_dag.py
[2023-04-14T14:42:46.587+0000] {processor.py:743} INFO - Processing file /home/airflow/.local/lib/python3.7/site-packages/airflow/example_dags/example_trigger_target_dag.py for tasks to queue
[2023-04-14T14:42:46.588+0000] {logging_mixin.py:137} INFO - [2023-04-14T14:42:46.588+0000] {dagbag.py:532} INFO - Filling up the DagBag from /home/airflow/.local/lib/python3.7/site-packages/airflow/example_dags/example_trigger_target_dag.py
[2023-04-14T14:42:46.603+0000] {processor.py:753} INFO - DAG(s) dict_keys(['example_trigger_target_dag']) retrieved from /home/airflow/.local/lib/python3.7/site-packages/airflow/example_dags/example_trigger_target_dag.py
[2023-04-14T14:42:46.635+0000] {logging_mixin.py:137} INFO - [2023-04-14T14:42:46.635+0000] {dag.py:2693} INFO - Sync 1 DAGs
[2023-04-14T14:42:46.652+0000] {logging_mixin.py:137} INFO - [2023-04-14T14:42:46.652+0000] {dag.py:3444} INFO - Setting next_dagrun for example_trigger_target_dag to None, run_after=None
[2023-04-14T14:42:46.665+0000] {processor.py:175} INFO - Processing /home/airflow/.local/lib/python3.7/site-packages/airflow/example_dags/example_trigger_target_dag.py took 0.082 seconds
[2023-04-14T14:43:17.069+0000] {processor.py:153} INFO - Started process (PID=161) to work on /home/airflow/.local/lib/python3.7/site-packages/airflow/example_dags/example_trigger_target_dag.py
[2023-04-14T14:43:17.070+0000] {processor.py:743} INFO - Processing file /home/airflow/.local/lib/python3.7/site-packages/airflow/example_dags/example_trigger_target_dag.py for tasks to queue
[2023-04-14T14:43:17.071+0000] {logging_mixin.py:137} INFO - [2023-04-14T14:43:17.071+0000] {dagbag.py:532} INFO - Filling up the DagBag from /home/airflow/.local/lib/python3.7/site-packages/airflow/example_dags/example_trigger_target_dag.py
[2023-04-14T14:43:17.086+0000] {processor.py:753} INFO - DAG(s) dict_keys(['example_trigger_target_dag']) retrieved from /home/airflow/.local/lib/python3.7/site-packages/airflow/example_dags/example_trigger_target_dag.py
[2023-04-14T14:43:17.105+0000] {logging_mixin.py:137} INFO - [2023-04-14T14:43:17.105+0000] {dag.py:2693} INFO - Sync 1 DAGs
[2023-04-14T14:43:17.120+0000] {logging_mixin.py:137} INFO - [2023-04-14T14:43:17.120+0000] {dag.py:3444} INFO - Setting next_dagrun for example_trigger_target_dag to None, run_after=None
[2023-04-14T14:43:17.132+0000] {processor.py:175} INFO - Processing /home/airflow/.local/lib/python3.7/site-packages/airflow/example_dags/example_trigger_target_dag.py took 0.065 seconds
[2023-04-14T14:43:48.135+0000] {processor.py:153} INFO - Started process (PID=214) to work on /home/airflow/.local/lib/python3.7/site-packages/airflow/example_dags/example_trigger_target_dag.py
[2023-04-14T14:43:48.136+0000] {processor.py:743} INFO - Processing file /home/airflow/.local/lib/python3.7/site-packages/airflow/example_dags/example_trigger_target_dag.py for tasks to queue
[2023-04-14T14:43:48.137+0000] {logging_mixin.py:137} INFO - [2023-04-14T14:43:48.137+0000] {dagbag.py:532} INFO - Filling up the DagBag from /home/airflow/.local/lib/python3.7/site-packages/airflow/example_dags/example_trigger_target_dag.py
[2023-04-14T14:43:48.152+0000] {processor.py:753} INFO - DAG(s) dict_keys(['example_trigger_target_dag']) retrieved from /home/airflow/.local/lib/python3.7/site-packages/airflow/example_dags/example_trigger_target_dag.py
[2023-04-14T14:43:48.174+0000] {logging_mixin.py:137} INFO - [2023-04-14T14:43:48.174+0000] {dag.py:2693} INFO - Sync 1 DAGs
[2023-04-14T14:43:48.207+0000] {logging_mixin.py:137} INFO - [2023-04-14T14:43:48.206+0000] {dag.py:3444} INFO - Setting next_dagrun for example_trigger_target_dag to None, run_after=None
[2023-04-14T14:43:48.226+0000] {processor.py:175} INFO - Processing /home/airflow/.local/lib/python3.7/site-packages/airflow/example_dags/example_trigger_target_dag.py took 0.093 seconds
[2023-04-14T14:44:18.312+0000] {processor.py:153} INFO - Started process (PID=267) to work on /home/airflow/.local/lib/python3.7/site-packages/airflow/example_dags/example_trigger_target_dag.py
[2023-04-14T14:44:18.313+0000] {processor.py:743} INFO - Processing file /home/airflow/.local/lib/python3.7/site-packages/airflow/example_dags/example_trigger_target_dag.py for tasks to queue
[2023-04-14T14:44:18.314+0000] {logging_mixin.py:137} INFO - [2023-04-14T14:44:18.314+0000] {dagbag.py:532} INFO - Filling up the DagBag from /home/airflow/.local/lib/python3.7/site-packages/airflow/example_dags/example_trigger_target_dag.py
[2023-04-14T14:44:18.329+0000] {processor.py:753} INFO - DAG(s) dict_keys(['example_trigger_target_dag']) retrieved from /home/airflow/.local/lib/python3.7/site-packages/airflow/example_dags/example_trigger_target_dag.py
[2023-04-14T14:44:18.358+0000] {logging_mixin.py:137} INFO - [2023-04-14T14:44:18.357+0000] {dag.py:2693} INFO - Sync 1 DAGs
[2023-04-14T14:44:18.378+0000] {logging_mixin.py:137} INFO - [2023-04-14T14:44:18.378+0000] {dag.py:3444} INFO - Setting next_dagrun for example_trigger_target_dag to None, run_after=None
[2023-04-14T14:44:18.388+0000] {processor.py:175} INFO - Processing /home/airflow/.local/lib/python3.7/site-packages/airflow/example_dags/example_trigger_target_dag.py took 0.078 seconds
[2023-04-14T14:44:48.679+0000] {processor.py:153} INFO - Started process (PID=320) to work on /home/airflow/.local/lib/python3.7/site-packages/airflow/example_dags/example_trigger_target_dag.py
[2023-04-14T14:44:48.680+0000] {processor.py:743} INFO - Processing file /home/airflow/.local/lib/python3.7/site-packages/airflow/example_dags/example_trigger_target_dag.py for tasks to queue
[2023-04-14T14:44:48.680+0000] {logging_mixin.py:137} INFO - [2023-04-14T14:44:48.680+0000] {dagbag.py:532} INFO - Filling up the DagBag from /home/airflow/.local/lib/python3.7/site-packages/airflow/example_dags/example_trigger_target_dag.py
[2023-04-14T14:44:48.694+0000] {processor.py:753} INFO - DAG(s) dict_keys(['example_trigger_target_dag']) retrieved from /home/airflow/.local/lib/python3.7/site-packages/airflow/example_dags/example_trigger_target_dag.py
[2023-04-14T14:44:48.712+0000] {logging_mixin.py:137} INFO - [2023-04-14T14:44:48.712+0000] {dag.py:2693} INFO - Sync 1 DAGs
[2023-04-14T14:44:48.726+0000] {logging_mixin.py:137} INFO - [2023-04-14T14:44:48.726+0000] {dag.py:3444} INFO - Setting next_dagrun for example_trigger_target_dag to None, run_after=None
[2023-04-14T14:44:48.736+0000] {processor.py:175} INFO - Processing /home/airflow/.local/lib/python3.7/site-packages/airflow/example_dags/example_trigger_target_dag.py took 0.061 seconds
[2023-04-14T14:45:19.703+0000] {processor.py:153} INFO - Started process (PID=373) to work on /home/airflow/.local/lib/python3.7/site-packages/airflow/example_dags/example_trigger_target_dag.py
[2023-04-14T14:45:19.705+0000] {processor.py:743} INFO - Processing file /home/airflow/.local/lib/python3.7/site-packages/airflow/example_dags/example_trigger_target_dag.py for tasks to queue
[2023-04-14T14:45:19.706+0000] {logging_mixin.py:137} INFO - [2023-04-14T14:45:19.706+0000] {dagbag.py:532} INFO - Filling up the DagBag from /home/airflow/.local/lib/python3.7/site-packages/airflow/example_dags/example_trigger_target_dag.py
[2023-04-14T14:45:19.729+0000] {processor.py:753} INFO - DAG(s) dict_keys(['example_trigger_target_dag']) retrieved from /home/airflow/.local/lib/python3.7/site-packages/airflow/example_dags/example_trigger_target_dag.py
[2023-04-14T14:45:19.774+0000] {logging_mixin.py:137} INFO - [2023-04-14T14:45:19.774+0000] {dag.py:2693} INFO - Sync 1 DAGs
[2023-04-14T14:45:19.882+0000] {logging_mixin.py:137} INFO - [2023-04-14T14:45:19.881+0000] {dag.py:3444} INFO - Setting next_dagrun for example_trigger_target_dag to None, run_after=None
[2023-04-14T14:45:19.898+0000] {processor.py:175} INFO - Processing /home/airflow/.local/lib/python3.7/site-packages/airflow/example_dags/example_trigger_target_dag.py took 0.199 seconds
[2023-04-14T14:45:50.604+0000] {processor.py:153} INFO - Started process (PID=426) to work on /home/airflow/.local/lib/python3.7/site-packages/airflow/example_dags/example_trigger_target_dag.py
[2023-04-14T14:45:50.606+0000] {processor.py:743} INFO - Processing file /home/airflow/.local/lib/python3.7/site-packages/airflow/example_dags/example_trigger_target_dag.py for tasks to queue
[2023-04-14T14:45:50.606+0000] {logging_mixin.py:137} INFO - [2023-04-14T14:45:50.606+0000] {dagbag.py:532} INFO - Filling up the DagBag from /home/airflow/.local/lib/python3.7/site-packages/airflow/example_dags/example_trigger_target_dag.py
[2023-04-14T14:45:50.623+0000] {processor.py:753} INFO - DAG(s) dict_keys(['example_trigger_target_dag']) retrieved from /home/airflow/.local/lib/python3.7/site-packages/airflow/example_dags/example_trigger_target_dag.py
[2023-04-14T14:45:50.645+0000] {logging_mixin.py:137} INFO - [2023-04-14T14:45:50.645+0000] {dag.py:2693} INFO - Sync 1 DAGs
[2023-04-14T14:45:50.663+0000] {logging_mixin.py:137} INFO - [2023-04-14T14:45:50.663+0000] {dag.py:3444} INFO - Setting next_dagrun for example_trigger_target_dag to None, run_after=None
[2023-04-14T14:45:50.714+0000] {processor.py:175} INFO - Processing /home/airflow/.local/lib/python3.7/site-packages/airflow/example_dags/example_trigger_target_dag.py took 0.112 seconds
[2023-04-14T14:46:21.662+0000] {processor.py:153} INFO - Started process (PID=479) to work on /home/airflow/.local/lib/python3.7/site-packages/airflow/example_dags/example_trigger_target_dag.py
[2023-04-14T14:46:21.664+0000] {processor.py:743} INFO - Processing file /home/airflow/.local/lib/python3.7/site-packages/airflow/example_dags/example_trigger_target_dag.py for tasks to queue
[2023-04-14T14:46:21.667+0000] {logging_mixin.py:137} INFO - [2023-04-14T14:46:21.667+0000] {dagbag.py:532} INFO - Filling up the DagBag from /home/airflow/.local/lib/python3.7/site-packages/airflow/example_dags/example_trigger_target_dag.py
[2023-04-14T14:46:21.729+0000] {processor.py:753} INFO - DAG(s) dict_keys(['example_trigger_target_dag']) retrieved from /home/airflow/.local/lib/python3.7/site-packages/airflow/example_dags/example_trigger_target_dag.py
[2023-04-14T14:46:21.814+0000] {logging_mixin.py:137} INFO - [2023-04-14T14:46:21.814+0000] {dag.py:2693} INFO - Sync 1 DAGs
[2023-04-14T14:46:21.876+0000] {logging_mixin.py:137} INFO - [2023-04-14T14:46:21.876+0000] {dag.py:3444} INFO - Setting next_dagrun for example_trigger_target_dag to None, run_after=None
[2023-04-14T14:46:21.920+0000] {processor.py:175} INFO - Processing /home/airflow/.local/lib/python3.7/site-packages/airflow/example_dags/example_trigger_target_dag.py took 0.265 seconds
[2023-04-14T14:46:52.741+0000] {processor.py:153} INFO - Started process (PID=531) to work on /home/airflow/.local/lib/python3.7/site-packages/airflow/example_dags/example_trigger_target_dag.py
[2023-04-14T14:46:52.743+0000] {processor.py:743} INFO - Processing file /home/airflow/.local/lib/python3.7/site-packages/airflow/example_dags/example_trigger_target_dag.py for tasks to queue
[2023-04-14T14:46:52.744+0000] {logging_mixin.py:137} INFO - [2023-04-14T14:46:52.744+0000] {dagbag.py:532} INFO - Filling up the DagBag from /home/airflow/.local/lib/python3.7/site-packages/airflow/example_dags/example_trigger_target_dag.py
[2023-04-14T14:46:52.776+0000] {processor.py:753} INFO - DAG(s) dict_keys(['example_trigger_target_dag']) retrieved from /home/airflow/.local/lib/python3.7/site-packages/airflow/example_dags/example_trigger_target_dag.py
[2023-04-14T14:46:52.815+0000] {logging_mixin.py:137} INFO - [2023-04-14T14:46:52.814+0000] {dag.py:2693} INFO - Sync 1 DAGs
[2023-04-14T14:46:52.850+0000] {logging_mixin.py:137} INFO - [2023-04-14T14:46:52.850+0000] {dag.py:3444} INFO - Setting next_dagrun for example_trigger_target_dag to None, run_after=None
[2023-04-14T14:46:52.875+0000] {processor.py:175} INFO - Processing /home/airflow/.local/lib/python3.7/site-packages/airflow/example_dags/example_trigger_target_dag.py took 0.139 seconds
[2023-04-14T14:47:23.027+0000] {processor.py:153} INFO - Started process (PID=584) to work on /home/airflow/.local/lib/python3.7/site-packages/airflow/example_dags/example_trigger_target_dag.py
[2023-04-14T14:47:23.033+0000] {processor.py:743} INFO - Processing file /home/airflow/.local/lib/python3.7/site-packages/airflow/example_dags/example_trigger_target_dag.py for tasks to queue
[2023-04-14T14:47:23.035+0000] {logging_mixin.py:137} INFO - [2023-04-14T14:47:23.035+0000] {dagbag.py:532} INFO - Filling up the DagBag from /home/airflow/.local/lib/python3.7/site-packages/airflow/example_dags/example_trigger_target_dag.py
[2023-04-14T14:47:23.059+0000] {processor.py:753} INFO - DAG(s) dict_keys(['example_trigger_target_dag']) retrieved from /home/airflow/.local/lib/python3.7/site-packages/airflow/example_dags/example_trigger_target_dag.py
[2023-04-14T14:47:23.106+0000] {logging_mixin.py:137} INFO - [2023-04-14T14:47:23.105+0000] {dag.py:2693} INFO - Sync 1 DAGs
[2023-04-14T14:47:23.130+0000] {logging_mixin.py:137} INFO - [2023-04-14T14:47:23.130+0000] {dag.py:3444} INFO - Setting next_dagrun for example_trigger_target_dag to None, run_after=None
[2023-04-14T14:47:23.183+0000] {processor.py:175} INFO - Processing /home/airflow/.local/lib/python3.7/site-packages/airflow/example_dags/example_trigger_target_dag.py took 0.166 seconds
[2023-04-14T14:47:54.165+0000] {processor.py:153} INFO - Started process (PID=639) to work on /home/airflow/.local/lib/python3.7/site-packages/airflow/example_dags/example_trigger_target_dag.py
[2023-04-14T14:47:54.168+0000] {processor.py:743} INFO - Processing file /home/airflow/.local/lib/python3.7/site-packages/airflow/example_dags/example_trigger_target_dag.py for tasks to queue
[2023-04-14T14:47:54.170+0000] {logging_mixin.py:137} INFO - [2023-04-14T14:47:54.170+0000] {dagbag.py:532} INFO - Filling up the DagBag from /home/airflow/.local/lib/python3.7/site-packages/airflow/example_dags/example_trigger_target_dag.py
[2023-04-14T14:47:54.210+0000] {processor.py:753} INFO - DAG(s) dict_keys(['example_trigger_target_dag']) retrieved from /home/airflow/.local/lib/python3.7/site-packages/airflow/example_dags/example_trigger_target_dag.py
[2023-04-14T14:47:54.255+0000] {logging_mixin.py:137} INFO - [2023-04-14T14:47:54.255+0000] {dag.py:2693} INFO - Sync 1 DAGs
[2023-04-14T14:47:54.312+0000] {logging_mixin.py:137} INFO - [2023-04-14T14:47:54.311+0000] {dag.py:3444} INFO - Setting next_dagrun for example_trigger_target_dag to None, run_after=None
[2023-04-14T14:47:54.379+0000] {processor.py:175} INFO - Processing /home/airflow/.local/lib/python3.7/site-packages/airflow/example_dags/example_trigger_target_dag.py took 0.218 seconds
[2023-04-14T14:48:25.274+0000] {processor.py:153} INFO - Started process (PID=691) to work on /home/airflow/.local/lib/python3.7/site-packages/airflow/example_dags/example_trigger_target_dag.py
[2023-04-14T14:48:25.276+0000] {processor.py:743} INFO - Processing file /home/airflow/.local/lib/python3.7/site-packages/airflow/example_dags/example_trigger_target_dag.py for tasks to queue
[2023-04-14T14:48:25.278+0000] {logging_mixin.py:137} INFO - [2023-04-14T14:48:25.277+0000] {dagbag.py:532} INFO - Filling up the DagBag from /home/airflow/.local/lib/python3.7/site-packages/airflow/example_dags/example_trigger_target_dag.py
[2023-04-14T14:48:25.308+0000] {processor.py:753} INFO - DAG(s) dict_keys(['example_trigger_target_dag']) retrieved from /home/airflow/.local/lib/python3.7/site-packages/airflow/example_dags/example_trigger_target_dag.py
[2023-04-14T14:48:25.351+0000] {logging_mixin.py:137} INFO - [2023-04-14T14:48:25.351+0000] {dag.py:2693} INFO - Sync 1 DAGs
[2023-04-14T14:48:25.373+0000] {logging_mixin.py:137} INFO - [2023-04-14T14:48:25.373+0000] {dag.py:3444} INFO - Setting next_dagrun for example_trigger_target_dag to None, run_after=None
[2023-04-14T14:48:25.388+0000] {processor.py:175} INFO - Processing /home/airflow/.local/lib/python3.7/site-packages/airflow/example_dags/example_trigger_target_dag.py took 0.124 seconds
[2023-04-14T14:48:55.518+0000] {processor.py:153} INFO - Started process (PID=744) to work on /home/airflow/.local/lib/python3.7/site-packages/airflow/example_dags/example_trigger_target_dag.py
[2023-04-14T14:48:55.523+0000] {processor.py:743} INFO - Processing file /home/airflow/.local/lib/python3.7/site-packages/airflow/example_dags/example_trigger_target_dag.py for tasks to queue
[2023-04-14T14:48:55.526+0000] {logging_mixin.py:137} INFO - [2023-04-14T14:48:55.526+0000] {dagbag.py:532} INFO - Filling up the DagBag from /home/airflow/.local/lib/python3.7/site-packages/airflow/example_dags/example_trigger_target_dag.py
[2023-04-14T14:48:55.648+0000] {processor.py:753} INFO - DAG(s) dict_keys(['example_trigger_target_dag']) retrieved from /home/airflow/.local/lib/python3.7/site-packages/airflow/example_dags/example_trigger_target_dag.py
[2023-04-14T14:48:55.688+0000] {logging_mixin.py:137} INFO - [2023-04-14T14:48:55.688+0000] {dag.py:2693} INFO - Sync 1 DAGs
[2023-04-14T14:48:55.713+0000] {logging_mixin.py:137} INFO - [2023-04-14T14:48:55.713+0000] {dag.py:3444} INFO - Setting next_dagrun for example_trigger_target_dag to None, run_after=None
[2023-04-14T14:48:55.732+0000] {processor.py:175} INFO - Processing /home/airflow/.local/lib/python3.7/site-packages/airflow/example_dags/example_trigger_target_dag.py took 0.222 seconds
[2023-04-14T14:49:25.921+0000] {processor.py:153} INFO - Started process (PID=797) to work on /home/airflow/.local/lib/python3.7/site-packages/airflow/example_dags/example_trigger_target_dag.py
[2023-04-14T14:49:25.923+0000] {processor.py:743} INFO - Processing file /home/airflow/.local/lib/python3.7/site-packages/airflow/example_dags/example_trigger_target_dag.py for tasks to queue
[2023-04-14T14:49:25.925+0000] {logging_mixin.py:137} INFO - [2023-04-14T14:49:25.925+0000] {dagbag.py:532} INFO - Filling up the DagBag from /home/airflow/.local/lib/python3.7/site-packages/airflow/example_dags/example_trigger_target_dag.py
[2023-04-14T14:49:25.950+0000] {processor.py:753} INFO - DAG(s) dict_keys(['example_trigger_target_dag']) retrieved from /home/airflow/.local/lib/python3.7/site-packages/airflow/example_dags/example_trigger_target_dag.py
[2023-04-14T14:49:25.977+0000] {logging_mixin.py:137} INFO - [2023-04-14T14:49:25.977+0000] {dag.py:2693} INFO - Sync 1 DAGs
[2023-04-14T14:49:25.997+0000] {logging_mixin.py:137} INFO - [2023-04-14T14:49:25.997+0000] {dag.py:3444} INFO - Setting next_dagrun for example_trigger_target_dag to None, run_after=None
[2023-04-14T14:49:26.012+0000] {processor.py:175} INFO - Processing /home/airflow/.local/lib/python3.7/site-packages/airflow/example_dags/example_trigger_target_dag.py took 0.098 seconds
[2023-04-14T14:49:56.153+0000] {processor.py:153} INFO - Started process (PID=850) to work on /home/airflow/.local/lib/python3.7/site-packages/airflow/example_dags/example_trigger_target_dag.py
[2023-04-14T14:49:56.155+0000] {processor.py:743} INFO - Processing file /home/airflow/.local/lib/python3.7/site-packages/airflow/example_dags/example_trigger_target_dag.py for tasks to queue
[2023-04-14T14:49:56.157+0000] {logging_mixin.py:137} INFO - [2023-04-14T14:49:56.156+0000] {dagbag.py:532} INFO - Filling up the DagBag from /home/airflow/.local/lib/python3.7/site-packages/airflow/example_dags/example_trigger_target_dag.py
[2023-04-14T14:49:56.177+0000] {processor.py:753} INFO - DAG(s) dict_keys(['example_trigger_target_dag']) retrieved from /home/airflow/.local/lib/python3.7/site-packages/airflow/example_dags/example_trigger_target_dag.py
[2023-04-14T14:49:56.201+0000] {logging_mixin.py:137} INFO - [2023-04-14T14:49:56.201+0000] {dag.py:2693} INFO - Sync 1 DAGs
[2023-04-14T14:49:56.220+0000] {logging_mixin.py:137} INFO - [2023-04-14T14:49:56.220+0000] {dag.py:3444} INFO - Setting next_dagrun for example_trigger_target_dag to None, run_after=None
[2023-04-14T14:49:56.232+0000] {processor.py:175} INFO - Processing /home/airflow/.local/lib/python3.7/site-packages/airflow/example_dags/example_trigger_target_dag.py took 0.085 seconds
[2023-04-14T14:50:26.973+0000] {processor.py:153} INFO - Started process (PID=903) to work on /home/airflow/.local/lib/python3.7/site-packages/airflow/example_dags/example_trigger_target_dag.py
[2023-04-14T14:50:26.975+0000] {processor.py:743} INFO - Processing file /home/airflow/.local/lib/python3.7/site-packages/airflow/example_dags/example_trigger_target_dag.py for tasks to queue
[2023-04-14T14:50:26.977+0000] {logging_mixin.py:137} INFO - [2023-04-14T14:50:26.977+0000] {dagbag.py:532} INFO - Filling up the DagBag from /home/airflow/.local/lib/python3.7/site-packages/airflow/example_dags/example_trigger_target_dag.py
[2023-04-14T14:50:27.004+0000] {processor.py:753} INFO - DAG(s) dict_keys(['example_trigger_target_dag']) retrieved from /home/airflow/.local/lib/python3.7/site-packages/airflow/example_dags/example_trigger_target_dag.py
[2023-04-14T14:50:27.025+0000] {logging_mixin.py:137} INFO - [2023-04-14T14:50:27.025+0000] {dag.py:2693} INFO - Sync 1 DAGs
[2023-04-14T14:50:27.040+0000] {logging_mixin.py:137} INFO - [2023-04-14T14:50:27.040+0000] {dag.py:3444} INFO - Setting next_dagrun for example_trigger_target_dag to None, run_after=None
[2023-04-14T14:50:27.052+0000] {processor.py:175} INFO - Processing /home/airflow/.local/lib/python3.7/site-packages/airflow/example_dags/example_trigger_target_dag.py took 0.088 seconds
[2023-04-14T14:50:57.429+0000] {processor.py:153} INFO - Started process (PID=957) to work on /home/airflow/.local/lib/python3.7/site-packages/airflow/example_dags/example_trigger_target_dag.py
[2023-04-14T14:50:57.432+0000] {processor.py:743} INFO - Processing file /home/airflow/.local/lib/python3.7/site-packages/airflow/example_dags/example_trigger_target_dag.py for tasks to queue
[2023-04-14T14:50:57.433+0000] {logging_mixin.py:137} INFO - [2023-04-14T14:50:57.433+0000] {dagbag.py:532} INFO - Filling up the DagBag from /home/airflow/.local/lib/python3.7/site-packages/airflow/example_dags/example_trigger_target_dag.py
[2023-04-14T14:50:57.457+0000] {processor.py:753} INFO - DAG(s) dict_keys(['example_trigger_target_dag']) retrieved from /home/airflow/.local/lib/python3.7/site-packages/airflow/example_dags/example_trigger_target_dag.py
[2023-04-14T14:50:57.481+0000] {logging_mixin.py:137} INFO - [2023-04-14T14:50:57.481+0000] {dag.py:2693} INFO - Sync 1 DAGs
[2023-04-14T14:50:57.498+0000] {logging_mixin.py:137} INFO - [2023-04-14T14:50:57.498+0000] {dag.py:3444} INFO - Setting next_dagrun for example_trigger_target_dag to None, run_after=None
[2023-04-14T14:50:57.511+0000] {processor.py:175} INFO - Processing /home/airflow/.local/lib/python3.7/site-packages/airflow/example_dags/example_trigger_target_dag.py took 0.089 seconds
[2023-04-14T14:51:27.588+0000] {processor.py:153} INFO - Started process (PID=1009) to work on /home/airflow/.local/lib/python3.7/site-packages/airflow/example_dags/example_trigger_target_dag.py
[2023-04-14T14:51:27.589+0000] {processor.py:743} INFO - Processing file /home/airflow/.local/lib/python3.7/site-packages/airflow/example_dags/example_trigger_target_dag.py for tasks to queue
[2023-04-14T14:51:27.595+0000] {logging_mixin.py:137} INFO - [2023-04-14T14:51:27.595+0000] {dagbag.py:532} INFO - Filling up the DagBag from /home/airflow/.local/lib/python3.7/site-packages/airflow/example_dags/example_trigger_target_dag.py
[2023-04-14T14:51:27.654+0000] {processor.py:753} INFO - DAG(s) dict_keys(['example_trigger_target_dag']) retrieved from /home/airflow/.local/lib/python3.7/site-packages/airflow/example_dags/example_trigger_target_dag.py
[2023-04-14T14:51:27.687+0000] {logging_mixin.py:137} INFO - [2023-04-14T14:51:27.686+0000] {dag.py:2693} INFO - Sync 1 DAGs
[2023-04-14T14:51:27.707+0000] {logging_mixin.py:137} INFO - [2023-04-14T14:51:27.707+0000] {dag.py:3444} INFO - Setting next_dagrun for example_trigger_target_dag to None, run_after=None
[2023-04-14T14:51:27.720+0000] {processor.py:175} INFO - Processing /home/airflow/.local/lib/python3.7/site-packages/airflow/example_dags/example_trigger_target_dag.py took 0.135 seconds
[2023-04-14T14:51:57.749+0000] {processor.py:153} INFO - Started process (PID=1063) to work on /home/airflow/.local/lib/python3.7/site-packages/airflow/example_dags/example_trigger_target_dag.py
[2023-04-14T14:51:57.750+0000] {processor.py:743} INFO - Processing file /home/airflow/.local/lib/python3.7/site-packages/airflow/example_dags/example_trigger_target_dag.py for tasks to queue
[2023-04-14T14:51:57.751+0000] {logging_mixin.py:137} INFO - [2023-04-14T14:51:57.751+0000] {dagbag.py:532} INFO - Filling up the DagBag from /home/airflow/.local/lib/python3.7/site-packages/airflow/example_dags/example_trigger_target_dag.py
[2023-04-14T14:51:57.764+0000] {processor.py:753} INFO - DAG(s) dict_keys(['example_trigger_target_dag']) retrieved from /home/airflow/.local/lib/python3.7/site-packages/airflow/example_dags/example_trigger_target_dag.py
[2023-04-14T14:51:57.789+0000] {logging_mixin.py:137} INFO - [2023-04-14T14:51:57.789+0000] {dag.py:2693} INFO - Sync 1 DAGs
[2023-04-14T14:51:57.807+0000] {logging_mixin.py:137} INFO - [2023-04-14T14:51:57.806+0000] {dag.py:3444} INFO - Setting next_dagrun for example_trigger_target_dag to None, run_after=None
[2023-04-14T14:51:57.818+0000] {processor.py:175} INFO - Processing /home/airflow/.local/lib/python3.7/site-packages/airflow/example_dags/example_trigger_target_dag.py took 0.072 seconds
[2023-04-14T14:52:28.029+0000] {processor.py:153} INFO - Started process (PID=1115) to work on /home/airflow/.local/lib/python3.7/site-packages/airflow/example_dags/example_trigger_target_dag.py
[2023-04-14T14:52:28.031+0000] {processor.py:743} INFO - Processing file /home/airflow/.local/lib/python3.7/site-packages/airflow/example_dags/example_trigger_target_dag.py for tasks to queue
[2023-04-14T14:52:28.031+0000] {logging_mixin.py:137} INFO - [2023-04-14T14:52:28.031+0000] {dagbag.py:532} INFO - Filling up the DagBag from /home/airflow/.local/lib/python3.7/site-packages/airflow/example_dags/example_trigger_target_dag.py
[2023-04-14T14:52:28.045+0000] {processor.py:753} INFO - DAG(s) dict_keys(['example_trigger_target_dag']) retrieved from /home/airflow/.local/lib/python3.7/site-packages/airflow/example_dags/example_trigger_target_dag.py
[2023-04-14T14:52:28.065+0000] {logging_mixin.py:137} INFO - [2023-04-14T14:52:28.065+0000] {dag.py:2693} INFO - Sync 1 DAGs
[2023-04-14T14:52:28.081+0000] {logging_mixin.py:137} INFO - [2023-04-14T14:52:28.080+0000] {dag.py:3444} INFO - Setting next_dagrun for example_trigger_target_dag to None, run_after=None
[2023-04-14T14:52:28.093+0000] {processor.py:175} INFO - Processing /home/airflow/.local/lib/python3.7/site-packages/airflow/example_dags/example_trigger_target_dag.py took 0.067 seconds
[2023-04-14T14:52:58.766+0000] {processor.py:153} INFO - Started process (PID=1168) to work on /home/airflow/.local/lib/python3.7/site-packages/airflow/example_dags/example_trigger_target_dag.py
[2023-04-14T14:52:58.768+0000] {processor.py:743} INFO - Processing file /home/airflow/.local/lib/python3.7/site-packages/airflow/example_dags/example_trigger_target_dag.py for tasks to queue
[2023-04-14T14:52:58.768+0000] {logging_mixin.py:137} INFO - [2023-04-14T14:52:58.768+0000] {dagbag.py:532} INFO - Filling up the DagBag from /home/airflow/.local/lib/python3.7/site-packages/airflow/example_dags/example_trigger_target_dag.py
[2023-04-14T14:52:58.783+0000] {processor.py:753} INFO - DAG(s) dict_keys(['example_trigger_target_dag']) retrieved from /home/airflow/.local/lib/python3.7/site-packages/airflow/example_dags/example_trigger_target_dag.py
[2023-04-14T14:52:58.808+0000] {logging_mixin.py:137} INFO - [2023-04-14T14:52:58.808+0000] {dag.py:2693} INFO - Sync 1 DAGs
[2023-04-14T14:52:58.833+0000] {logging_mixin.py:137} INFO - [2023-04-14T14:52:58.833+0000] {dag.py:3444} INFO - Setting next_dagrun for example_trigger_target_dag to None, run_after=None
[2023-04-14T14:52:58.846+0000] {processor.py:175} INFO - Processing /home/airflow/.local/lib/python3.7/site-packages/airflow/example_dags/example_trigger_target_dag.py took 0.084 seconds
[2023-04-14T14:53:29.181+0000] {processor.py:153} INFO - Started process (PID=1220) to work on /home/airflow/.local/lib/python3.7/site-packages/airflow/example_dags/example_trigger_target_dag.py
[2023-04-14T14:53:29.182+0000] {processor.py:743} INFO - Processing file /home/airflow/.local/lib/python3.7/site-packages/airflow/example_dags/example_trigger_target_dag.py for tasks to queue
[2023-04-14T14:53:29.183+0000] {logging_mixin.py:137} INFO - [2023-04-14T14:53:29.183+0000] {dagbag.py:532} INFO - Filling up the DagBag from /home/airflow/.local/lib/python3.7/site-packages/airflow/example_dags/example_trigger_target_dag.py
[2023-04-14T14:53:29.197+0000] {processor.py:753} INFO - DAG(s) dict_keys(['example_trigger_target_dag']) retrieved from /home/airflow/.local/lib/python3.7/site-packages/airflow/example_dags/example_trigger_target_dag.py
[2023-04-14T14:53:29.219+0000] {logging_mixin.py:137} INFO - [2023-04-14T14:53:29.219+0000] {dag.py:2693} INFO - Sync 1 DAGs
[2023-04-14T14:53:29.235+0000] {logging_mixin.py:137} INFO - [2023-04-14T14:53:29.235+0000] {dag.py:3444} INFO - Setting next_dagrun for example_trigger_target_dag to None, run_after=None
[2023-04-14T14:53:29.248+0000] {processor.py:175} INFO - Processing /home/airflow/.local/lib/python3.7/site-packages/airflow/example_dags/example_trigger_target_dag.py took 0.070 seconds
[2023-04-14T14:53:59.280+0000] {processor.py:153} INFO - Started process (PID=1272) to work on /home/airflow/.local/lib/python3.7/site-packages/airflow/example_dags/example_trigger_target_dag.py
[2023-04-14T14:53:59.282+0000] {processor.py:743} INFO - Processing file /home/airflow/.local/lib/python3.7/site-packages/airflow/example_dags/example_trigger_target_dag.py for tasks to queue
[2023-04-14T14:53:59.282+0000] {logging_mixin.py:137} INFO - [2023-04-14T14:53:59.282+0000] {dagbag.py:532} INFO - Filling up the DagBag from /home/airflow/.local/lib/python3.7/site-packages/airflow/example_dags/example_trigger_target_dag.py
[2023-04-14T14:53:59.297+0000] {processor.py:753} INFO - DAG(s) dict_keys(['example_trigger_target_dag']) retrieved from /home/airflow/.local/lib/python3.7/site-packages/airflow/example_dags/example_trigger_target_dag.py
[2023-04-14T14:53:59.320+0000] {logging_mixin.py:137} INFO - [2023-04-14T14:53:59.319+0000] {dag.py:2693} INFO - Sync 1 DAGs
[2023-04-14T14:53:59.337+0000] {logging_mixin.py:137} INFO - [2023-04-14T14:53:59.337+0000] {dag.py:3444} INFO - Setting next_dagrun for example_trigger_target_dag to None, run_after=None
[2023-04-14T14:53:59.350+0000] {processor.py:175} INFO - Processing /home/airflow/.local/lib/python3.7/site-packages/airflow/example_dags/example_trigger_target_dag.py took 0.073 seconds
[2023-04-14T14:54:29.548+0000] {processor.py:153} INFO - Started process (PID=1325) to work on /home/airflow/.local/lib/python3.7/site-packages/airflow/example_dags/example_trigger_target_dag.py
[2023-04-14T14:54:29.550+0000] {processor.py:743} INFO - Processing file /home/airflow/.local/lib/python3.7/site-packages/airflow/example_dags/example_trigger_target_dag.py for tasks to queue
[2023-04-14T14:54:29.550+0000] {logging_mixin.py:137} INFO - [2023-04-14T14:54:29.550+0000] {dagbag.py:532} INFO - Filling up the DagBag from /home/airflow/.local/lib/python3.7/site-packages/airflow/example_dags/example_trigger_target_dag.py
[2023-04-14T14:54:29.566+0000] {processor.py:753} INFO - DAG(s) dict_keys(['example_trigger_target_dag']) retrieved from /home/airflow/.local/lib/python3.7/site-packages/airflow/example_dags/example_trigger_target_dag.py
[2023-04-14T14:54:29.594+0000] {logging_mixin.py:137} INFO - [2023-04-14T14:54:29.594+0000] {dag.py:2693} INFO - Sync 1 DAGs
[2023-04-14T14:54:29.619+0000] {logging_mixin.py:137} INFO - [2023-04-14T14:54:29.619+0000] {dag.py:3444} INFO - Setting next_dagrun for example_trigger_target_dag to None, run_after=None
[2023-04-14T14:54:29.634+0000] {processor.py:175} INFO - Processing /home/airflow/.local/lib/python3.7/site-packages/airflow/example_dags/example_trigger_target_dag.py took 0.088 seconds
[2023-04-14T14:55:00.172+0000] {processor.py:153} INFO - Started process (PID=1378) to work on /home/airflow/.local/lib/python3.7/site-packages/airflow/example_dags/example_trigger_target_dag.py
[2023-04-14T14:55:00.173+0000] {processor.py:743} INFO - Processing file /home/airflow/.local/lib/python3.7/site-packages/airflow/example_dags/example_trigger_target_dag.py for tasks to queue
[2023-04-14T14:55:00.174+0000] {logging_mixin.py:137} INFO - [2023-04-14T14:55:00.174+0000] {dagbag.py:532} INFO - Filling up the DagBag from /home/airflow/.local/lib/python3.7/site-packages/airflow/example_dags/example_trigger_target_dag.py
[2023-04-14T14:55:00.189+0000] {processor.py:753} INFO - DAG(s) dict_keys(['example_trigger_target_dag']) retrieved from /home/airflow/.local/lib/python3.7/site-packages/airflow/example_dags/example_trigger_target_dag.py
[2023-04-14T14:55:00.211+0000] {logging_mixin.py:137} INFO - [2023-04-14T14:55:00.210+0000] {dag.py:2693} INFO - Sync 1 DAGs
[2023-04-14T14:55:00.227+0000] {logging_mixin.py:137} INFO - [2023-04-14T14:55:00.227+0000] {dag.py:3444} INFO - Setting next_dagrun for example_trigger_target_dag to None, run_after=None
[2023-04-14T14:55:00.239+0000] {processor.py:175} INFO - Processing /home/airflow/.local/lib/python3.7/site-packages/airflow/example_dags/example_trigger_target_dag.py took 0.070 seconds
[2023-04-14T14:55:30.551+0000] {processor.py:153} INFO - Started process (PID=1430) to work on /home/airflow/.local/lib/python3.7/site-packages/airflow/example_dags/example_trigger_target_dag.py
[2023-04-14T14:55:30.553+0000] {processor.py:743} INFO - Processing file /home/airflow/.local/lib/python3.7/site-packages/airflow/example_dags/example_trigger_target_dag.py for tasks to queue
[2023-04-14T14:55:30.553+0000] {logging_mixin.py:137} INFO - [2023-04-14T14:55:30.553+0000] {dagbag.py:532} INFO - Filling up the DagBag from /home/airflow/.local/lib/python3.7/site-packages/airflow/example_dags/example_trigger_target_dag.py
[2023-04-14T14:55:30.567+0000] {processor.py:753} INFO - DAG(s) dict_keys(['example_trigger_target_dag']) retrieved from /home/airflow/.local/lib/python3.7/site-packages/airflow/example_dags/example_trigger_target_dag.py
[2023-04-14T14:55:30.588+0000] {logging_mixin.py:137} INFO - [2023-04-14T14:55:30.588+0000] {dag.py:2693} INFO - Sync 1 DAGs
[2023-04-14T14:55:30.606+0000] {logging_mixin.py:137} INFO - [2023-04-14T14:55:30.605+0000] {dag.py:3444} INFO - Setting next_dagrun for example_trigger_target_dag to None, run_after=None
[2023-04-14T14:55:30.617+0000] {processor.py:175} INFO - Processing /home/airflow/.local/lib/python3.7/site-packages/airflow/example_dags/example_trigger_target_dag.py took 0.069 seconds
[2023-04-14T14:56:01.022+0000] {processor.py:153} INFO - Started process (PID=1482) to work on /home/airflow/.local/lib/python3.7/site-packages/airflow/example_dags/example_trigger_target_dag.py
[2023-04-14T14:56:01.024+0000] {processor.py:743} INFO - Processing file /home/airflow/.local/lib/python3.7/site-packages/airflow/example_dags/example_trigger_target_dag.py for tasks to queue
[2023-04-14T14:56:01.024+0000] {logging_mixin.py:137} INFO - [2023-04-14T14:56:01.024+0000] {dagbag.py:532} INFO - Filling up the DagBag from /home/airflow/.local/lib/python3.7/site-packages/airflow/example_dags/example_trigger_target_dag.py
[2023-04-14T14:56:01.038+0000] {processor.py:753} INFO - DAG(s) dict_keys(['example_trigger_target_dag']) retrieved from /home/airflow/.local/lib/python3.7/site-packages/airflow/example_dags/example_trigger_target_dag.py
[2023-04-14T14:56:01.059+0000] {logging_mixin.py:137} INFO - [2023-04-14T14:56:01.059+0000] {dag.py:2693} INFO - Sync 1 DAGs
[2023-04-14T14:56:01.077+0000] {logging_mixin.py:137} INFO - [2023-04-14T14:56:01.077+0000] {dag.py:3444} INFO - Setting next_dagrun for example_trigger_target_dag to None, run_after=None
[2023-04-14T14:56:01.089+0000] {processor.py:175} INFO - Processing /home/airflow/.local/lib/python3.7/site-packages/airflow/example_dags/example_trigger_target_dag.py took 0.071 seconds
[2023-04-14T14:56:31.390+0000] {processor.py:153} INFO - Started process (PID=1535) to work on /home/airflow/.local/lib/python3.7/site-packages/airflow/example_dags/example_trigger_target_dag.py
[2023-04-14T14:56:31.392+0000] {processor.py:743} INFO - Processing file /home/airflow/.local/lib/python3.7/site-packages/airflow/example_dags/example_trigger_target_dag.py for tasks to queue
[2023-04-14T14:56:31.393+0000] {logging_mixin.py:137} INFO - [2023-04-14T14:56:31.393+0000] {dagbag.py:532} INFO - Filling up the DagBag from /home/airflow/.local/lib/python3.7/site-packages/airflow/example_dags/example_trigger_target_dag.py
[2023-04-14T14:56:31.409+0000] {processor.py:753} INFO - DAG(s) dict_keys(['example_trigger_target_dag']) retrieved from /home/airflow/.local/lib/python3.7/site-packages/airflow/example_dags/example_trigger_target_dag.py
[2023-04-14T14:56:31.434+0000] {logging_mixin.py:137} INFO - [2023-04-14T14:56:31.434+0000] {dag.py:2693} INFO - Sync 1 DAGs
[2023-04-14T14:56:31.455+0000] {logging_mixin.py:137} INFO - [2023-04-14T14:56:31.455+0000] {dag.py:3444} INFO - Setting next_dagrun for example_trigger_target_dag to None, run_after=None
[2023-04-14T14:56:31.467+0000] {processor.py:175} INFO - Processing /home/airflow/.local/lib/python3.7/site-packages/airflow/example_dags/example_trigger_target_dag.py took 0.083 seconds
[2023-04-14T14:57:01.923+0000] {processor.py:153} INFO - Started process (PID=1588) to work on /home/airflow/.local/lib/python3.7/site-packages/airflow/example_dags/example_trigger_target_dag.py
[2023-04-14T14:57:01.925+0000] {processor.py:743} INFO - Processing file /home/airflow/.local/lib/python3.7/site-packages/airflow/example_dags/example_trigger_target_dag.py for tasks to queue
[2023-04-14T14:57:01.926+0000] {logging_mixin.py:137} INFO - [2023-04-14T14:57:01.926+0000] {dagbag.py:532} INFO - Filling up the DagBag from /home/airflow/.local/lib/python3.7/site-packages/airflow/example_dags/example_trigger_target_dag.py
[2023-04-14T14:57:01.941+0000] {processor.py:753} INFO - DAG(s) dict_keys(['example_trigger_target_dag']) retrieved from /home/airflow/.local/lib/python3.7/site-packages/airflow/example_dags/example_trigger_target_dag.py
[2023-04-14T14:57:01.962+0000] {logging_mixin.py:137} INFO - [2023-04-14T14:57:01.962+0000] {dag.py:2693} INFO - Sync 1 DAGs
[2023-04-14T14:57:01.978+0000] {logging_mixin.py:137} INFO - [2023-04-14T14:57:01.978+0000] {dag.py:3444} INFO - Setting next_dagrun for example_trigger_target_dag to None, run_after=None
[2023-04-14T14:57:01.990+0000] {processor.py:175} INFO - Processing /home/airflow/.local/lib/python3.7/site-packages/airflow/example_dags/example_trigger_target_dag.py took 0.071 seconds
