[2023-04-14T14:30:15.446+0000] {processor.py:153} INFO - Started process (PID=46) to work on /home/airflow/.local/lib/python3.7/site-packages/airflow/example_dags/example_short_circuit_operator.py
[2023-04-14T14:30:15.458+0000] {processor.py:743} INFO - Processing file /home/airflow/.local/lib/python3.7/site-packages/airflow/example_dags/example_short_circuit_operator.py for tasks to queue
[2023-04-14T14:30:15.461+0000] {logging_mixin.py:137} INFO - [2023-04-14T14:30:15.460+0000] {dagbag.py:532} INFO - Filling up the DagBag from /home/airflow/.local/lib/python3.7/site-packages/airflow/example_dags/example_short_circuit_operator.py
[2023-04-14T14:30:15.515+0000] {processor.py:753} INFO - DAG(s) dict_keys(['example_short_circuit_operator']) retrieved from /home/airflow/.local/lib/python3.7/site-packages/airflow/example_dags/example_short_circuit_operator.py
[2023-04-14T14:30:15.573+0000] {logging_mixin.py:137} INFO - [2023-04-14T14:30:15.573+0000] {dag.py:2693} INFO - Sync 1 DAGs
[2023-04-14T14:30:15.608+0000] {logging_mixin.py:137} INFO - [2023-04-14T14:30:15.608+0000] {dag.py:3444} INFO - Setting next_dagrun for example_short_circuit_operator to 2023-04-13T14:30:15.605372+00:00, run_after=2023-04-14T14:30:15.605372+00:00
[2023-04-14T14:30:15.688+0000] {processor.py:175} INFO - Processing /home/airflow/.local/lib/python3.7/site-packages/airflow/example_dags/example_short_circuit_operator.py took 0.257 seconds
[2023-04-14T14:30:46.539+0000] {processor.py:153} INFO - Started process (PID=100) to work on /home/airflow/.local/lib/python3.7/site-packages/airflow/example_dags/example_short_circuit_operator.py
[2023-04-14T14:30:46.541+0000] {processor.py:743} INFO - Processing file /home/airflow/.local/lib/python3.7/site-packages/airflow/example_dags/example_short_circuit_operator.py for tasks to queue
[2023-04-14T14:30:46.542+0000] {logging_mixin.py:137} INFO - [2023-04-14T14:30:46.542+0000] {dagbag.py:532} INFO - Filling up the DagBag from /home/airflow/.local/lib/python3.7/site-packages/airflow/example_dags/example_short_circuit_operator.py
[2023-04-14T14:30:46.564+0000] {processor.py:753} INFO - DAG(s) dict_keys(['example_short_circuit_operator']) retrieved from /home/airflow/.local/lib/python3.7/site-packages/airflow/example_dags/example_short_circuit_operator.py
[2023-04-14T14:30:46.599+0000] {logging_mixin.py:137} INFO - [2023-04-14T14:30:46.599+0000] {dag.py:2693} INFO - Sync 1 DAGs
[2023-04-14T14:30:46.621+0000] {logging_mixin.py:137} INFO - [2023-04-14T14:30:46.621+0000] {dag.py:3444} INFO - Setting next_dagrun for example_short_circuit_operator to 2023-04-13T14:30:46.620949+00:00, run_after=2023-04-14T14:30:46.620949+00:00
[2023-04-14T14:30:46.634+0000] {processor.py:175} INFO - Processing /home/airflow/.local/lib/python3.7/site-packages/airflow/example_dags/example_short_circuit_operator.py took 0.100 seconds
[2023-04-14T14:31:16.853+0000] {processor.py:153} INFO - Started process (PID=152) to work on /home/airflow/.local/lib/python3.7/site-packages/airflow/example_dags/example_short_circuit_operator.py
[2023-04-14T14:31:16.857+0000] {processor.py:743} INFO - Processing file /home/airflow/.local/lib/python3.7/site-packages/airflow/example_dags/example_short_circuit_operator.py for tasks to queue
[2023-04-14T14:31:16.860+0000] {logging_mixin.py:137} INFO - [2023-04-14T14:31:16.860+0000] {dagbag.py:532} INFO - Filling up the DagBag from /home/airflow/.local/lib/python3.7/site-packages/airflow/example_dags/example_short_circuit_operator.py
[2023-04-14T14:31:16.876+0000] {processor.py:753} INFO - DAG(s) dict_keys(['example_short_circuit_operator']) retrieved from /home/airflow/.local/lib/python3.7/site-packages/airflow/example_dags/example_short_circuit_operator.py
[2023-04-14T14:31:16.900+0000] {logging_mixin.py:137} INFO - [2023-04-14T14:31:16.900+0000] {dag.py:2693} INFO - Sync 1 DAGs
[2023-04-14T14:31:16.916+0000] {logging_mixin.py:137} INFO - [2023-04-14T14:31:16.916+0000] {dag.py:3444} INFO - Setting next_dagrun for example_short_circuit_operator to 2023-04-13T14:31:16.916006+00:00, run_after=2023-04-14T14:31:16.916006+00:00
[2023-04-14T14:31:16.928+0000] {processor.py:175} INFO - Processing /home/airflow/.local/lib/python3.7/site-packages/airflow/example_dags/example_short_circuit_operator.py took 0.079 seconds
[2023-04-14T14:31:47.862+0000] {processor.py:153} INFO - Started process (PID=205) to work on /home/airflow/.local/lib/python3.7/site-packages/airflow/example_dags/example_short_circuit_operator.py
[2023-04-14T14:31:47.863+0000] {processor.py:743} INFO - Processing file /home/airflow/.local/lib/python3.7/site-packages/airflow/example_dags/example_short_circuit_operator.py for tasks to queue
[2023-04-14T14:31:47.865+0000] {logging_mixin.py:137} INFO - [2023-04-14T14:31:47.865+0000] {dagbag.py:532} INFO - Filling up the DagBag from /home/airflow/.local/lib/python3.7/site-packages/airflow/example_dags/example_short_circuit_operator.py
[2023-04-14T14:31:47.876+0000] {processor.py:753} INFO - DAG(s) dict_keys(['example_short_circuit_operator']) retrieved from /home/airflow/.local/lib/python3.7/site-packages/airflow/example_dags/example_short_circuit_operator.py
[2023-04-14T14:31:47.896+0000] {logging_mixin.py:137} INFO - [2023-04-14T14:31:47.896+0000] {dag.py:2693} INFO - Sync 1 DAGs
[2023-04-14T14:31:47.911+0000] {logging_mixin.py:137} INFO - [2023-04-14T14:31:47.911+0000] {dag.py:3444} INFO - Setting next_dagrun for example_short_circuit_operator to 2023-04-13T14:31:47.910847+00:00, run_after=2023-04-14T14:31:47.910847+00:00
[2023-04-14T14:31:47.921+0000] {processor.py:175} INFO - Processing /home/airflow/.local/lib/python3.7/site-packages/airflow/example_dags/example_short_circuit_operator.py took 0.062 seconds
[2023-04-14T14:32:18.860+0000] {processor.py:153} INFO - Started process (PID=257) to work on /home/airflow/.local/lib/python3.7/site-packages/airflow/example_dags/example_short_circuit_operator.py
[2023-04-14T14:32:18.862+0000] {processor.py:743} INFO - Processing file /home/airflow/.local/lib/python3.7/site-packages/airflow/example_dags/example_short_circuit_operator.py for tasks to queue
[2023-04-14T14:32:18.863+0000] {logging_mixin.py:137} INFO - [2023-04-14T14:32:18.863+0000] {dagbag.py:532} INFO - Filling up the DagBag from /home/airflow/.local/lib/python3.7/site-packages/airflow/example_dags/example_short_circuit_operator.py
[2023-04-14T14:32:18.878+0000] {processor.py:753} INFO - DAG(s) dict_keys(['example_short_circuit_operator']) retrieved from /home/airflow/.local/lib/python3.7/site-packages/airflow/example_dags/example_short_circuit_operator.py
[2023-04-14T14:32:18.902+0000] {logging_mixin.py:137} INFO - [2023-04-14T14:32:18.902+0000] {dag.py:2693} INFO - Sync 1 DAGs
[2023-04-14T14:32:18.926+0000] {logging_mixin.py:137} INFO - [2023-04-14T14:32:18.926+0000] {dag.py:3444} INFO - Setting next_dagrun for example_short_circuit_operator to 2023-04-13T14:32:18.926360+00:00, run_after=2023-04-14T14:32:18.926360+00:00
[2023-04-14T14:32:18.945+0000] {processor.py:175} INFO - Processing /home/airflow/.local/lib/python3.7/site-packages/airflow/example_dags/example_short_circuit_operator.py took 0.088 seconds
[2023-04-14T14:33:40.297+0000] {processor.py:153} INFO - Started process (PID=39) to work on /home/airflow/.local/lib/python3.7/site-packages/airflow/example_dags/example_short_circuit_operator.py
[2023-04-14T14:33:40.300+0000] {processor.py:743} INFO - Processing file /home/airflow/.local/lib/python3.7/site-packages/airflow/example_dags/example_short_circuit_operator.py for tasks to queue
[2023-04-14T14:33:40.302+0000] {logging_mixin.py:137} INFO - [2023-04-14T14:33:40.302+0000] {dagbag.py:532} INFO - Filling up the DagBag from /home/airflow/.local/lib/python3.7/site-packages/airflow/example_dags/example_short_circuit_operator.py
[2023-04-14T14:33:40.365+0000] {processor.py:753} INFO - DAG(s) dict_keys(['example_short_circuit_operator']) retrieved from /home/airflow/.local/lib/python3.7/site-packages/airflow/example_dags/example_short_circuit_operator.py
[2023-04-14T14:33:40.517+0000] {logging_mixin.py:137} INFO - [2023-04-14T14:33:40.517+0000] {dag.py:2693} INFO - Sync 1 DAGs
[2023-04-14T14:33:40.789+0000] {logging_mixin.py:137} INFO - [2023-04-14T14:33:40.788+0000] {dag.py:3444} INFO - Setting next_dagrun for example_short_circuit_operator to 2023-04-13T14:33:40.787957+00:00, run_after=2023-04-14T14:33:40.787957+00:00
[2023-04-14T14:33:40.873+0000] {processor.py:175} INFO - Processing /home/airflow/.local/lib/python3.7/site-packages/airflow/example_dags/example_short_circuit_operator.py took 0.586 seconds
[2023-04-14T14:34:12.006+0000] {processor.py:153} INFO - Started process (PID=89) to work on /home/airflow/.local/lib/python3.7/site-packages/airflow/example_dags/example_short_circuit_operator.py
[2023-04-14T14:34:12.010+0000] {processor.py:743} INFO - Processing file /home/airflow/.local/lib/python3.7/site-packages/airflow/example_dags/example_short_circuit_operator.py for tasks to queue
[2023-04-14T14:34:12.012+0000] {logging_mixin.py:137} INFO - [2023-04-14T14:34:12.012+0000] {dagbag.py:532} INFO - Filling up the DagBag from /home/airflow/.local/lib/python3.7/site-packages/airflow/example_dags/example_short_circuit_operator.py
[2023-04-14T14:34:12.063+0000] {processor.py:753} INFO - DAG(s) dict_keys(['example_short_circuit_operator']) retrieved from /home/airflow/.local/lib/python3.7/site-packages/airflow/example_dags/example_short_circuit_operator.py
[2023-04-14T14:34:12.137+0000] {logging_mixin.py:137} INFO - [2023-04-14T14:34:12.136+0000] {dag.py:2693} INFO - Sync 1 DAGs
[2023-04-14T14:34:12.172+0000] {logging_mixin.py:137} INFO - [2023-04-14T14:34:12.172+0000] {dag.py:3444} INFO - Setting next_dagrun for example_short_circuit_operator to 2023-04-13T14:34:12.172267+00:00, run_after=2023-04-14T14:34:12.172267+00:00
[2023-04-14T14:34:12.196+0000] {processor.py:175} INFO - Processing /home/airflow/.local/lib/python3.7/site-packages/airflow/example_dags/example_short_circuit_operator.py took 0.200 seconds
[2023-04-14T14:34:42.433+0000] {processor.py:153} INFO - Started process (PID=142) to work on /home/airflow/.local/lib/python3.7/site-packages/airflow/example_dags/example_short_circuit_operator.py
[2023-04-14T14:34:42.436+0000] {processor.py:743} INFO - Processing file /home/airflow/.local/lib/python3.7/site-packages/airflow/example_dags/example_short_circuit_operator.py for tasks to queue
[2023-04-14T14:34:42.437+0000] {logging_mixin.py:137} INFO - [2023-04-14T14:34:42.437+0000] {dagbag.py:532} INFO - Filling up the DagBag from /home/airflow/.local/lib/python3.7/site-packages/airflow/example_dags/example_short_circuit_operator.py
[2023-04-14T14:34:42.482+0000] {processor.py:753} INFO - DAG(s) dict_keys(['example_short_circuit_operator']) retrieved from /home/airflow/.local/lib/python3.7/site-packages/airflow/example_dags/example_short_circuit_operator.py
[2023-04-14T14:34:42.553+0000] {logging_mixin.py:137} INFO - [2023-04-14T14:34:42.553+0000] {dag.py:2693} INFO - Sync 1 DAGs
[2023-04-14T14:34:42.583+0000] {logging_mixin.py:137} INFO - [2023-04-14T14:34:42.583+0000] {dag.py:3444} INFO - Setting next_dagrun for example_short_circuit_operator to 2023-04-13T14:34:42.582897+00:00, run_after=2023-04-14T14:34:42.582897+00:00
[2023-04-14T14:34:42.664+0000] {processor.py:175} INFO - Processing /home/airflow/.local/lib/python3.7/site-packages/airflow/example_dags/example_short_circuit_operator.py took 0.237 seconds
[2023-04-14T14:35:13.112+0000] {processor.py:153} INFO - Started process (PID=195) to work on /home/airflow/.local/lib/python3.7/site-packages/airflow/example_dags/example_short_circuit_operator.py
[2023-04-14T14:35:13.114+0000] {processor.py:743} INFO - Processing file /home/airflow/.local/lib/python3.7/site-packages/airflow/example_dags/example_short_circuit_operator.py for tasks to queue
[2023-04-14T14:35:13.115+0000] {logging_mixin.py:137} INFO - [2023-04-14T14:35:13.115+0000] {dagbag.py:532} INFO - Filling up the DagBag from /home/airflow/.local/lib/python3.7/site-packages/airflow/example_dags/example_short_circuit_operator.py
[2023-04-14T14:35:13.131+0000] {processor.py:753} INFO - DAG(s) dict_keys(['example_short_circuit_operator']) retrieved from /home/airflow/.local/lib/python3.7/site-packages/airflow/example_dags/example_short_circuit_operator.py
[2023-04-14T14:35:13.162+0000] {logging_mixin.py:137} INFO - [2023-04-14T14:35:13.162+0000] {dag.py:2693} INFO - Sync 1 DAGs
[2023-04-14T14:35:13.215+0000] {logging_mixin.py:137} INFO - [2023-04-14T14:35:13.214+0000] {dag.py:3444} INFO - Setting next_dagrun for example_short_circuit_operator to 2023-04-13T14:35:13.211993+00:00, run_after=2023-04-14T14:35:13.211993+00:00
[2023-04-14T14:35:13.249+0000] {processor.py:175} INFO - Processing /home/airflow/.local/lib/python3.7/site-packages/airflow/example_dags/example_short_circuit_operator.py took 0.139 seconds
[2023-04-14T14:35:43.679+0000] {processor.py:153} INFO - Started process (PID=248) to work on /home/airflow/.local/lib/python3.7/site-packages/airflow/example_dags/example_short_circuit_operator.py
[2023-04-14T14:35:43.681+0000] {processor.py:743} INFO - Processing file /home/airflow/.local/lib/python3.7/site-packages/airflow/example_dags/example_short_circuit_operator.py for tasks to queue
[2023-04-14T14:35:43.682+0000] {logging_mixin.py:137} INFO - [2023-04-14T14:35:43.682+0000] {dagbag.py:532} INFO - Filling up the DagBag from /home/airflow/.local/lib/python3.7/site-packages/airflow/example_dags/example_short_circuit_operator.py
[2023-04-14T14:35:43.696+0000] {processor.py:753} INFO - DAG(s) dict_keys(['example_short_circuit_operator']) retrieved from /home/airflow/.local/lib/python3.7/site-packages/airflow/example_dags/example_short_circuit_operator.py
[2023-04-14T14:35:43.719+0000] {logging_mixin.py:137} INFO - [2023-04-14T14:35:43.719+0000] {dag.py:2693} INFO - Sync 1 DAGs
[2023-04-14T14:35:43.738+0000] {logging_mixin.py:137} INFO - [2023-04-14T14:35:43.738+0000] {dag.py:3444} INFO - Setting next_dagrun for example_short_circuit_operator to 2023-04-13T14:35:43.738567+00:00, run_after=2023-04-14T14:35:43.738567+00:00
[2023-04-14T14:35:43.759+0000] {processor.py:175} INFO - Processing /home/airflow/.local/lib/python3.7/site-packages/airflow/example_dags/example_short_circuit_operator.py took 0.083 seconds
[2023-04-14T14:36:14.607+0000] {processor.py:153} INFO - Started process (PID=301) to work on /home/airflow/.local/lib/python3.7/site-packages/airflow/example_dags/example_short_circuit_operator.py
[2023-04-14T14:36:14.610+0000] {processor.py:743} INFO - Processing file /home/airflow/.local/lib/python3.7/site-packages/airflow/example_dags/example_short_circuit_operator.py for tasks to queue
[2023-04-14T14:36:14.612+0000] {logging_mixin.py:137} INFO - [2023-04-14T14:36:14.612+0000] {dagbag.py:532} INFO - Filling up the DagBag from /home/airflow/.local/lib/python3.7/site-packages/airflow/example_dags/example_short_circuit_operator.py
[2023-04-14T14:36:14.625+0000] {processor.py:753} INFO - DAG(s) dict_keys(['example_short_circuit_operator']) retrieved from /home/airflow/.local/lib/python3.7/site-packages/airflow/example_dags/example_short_circuit_operator.py
[2023-04-14T14:36:14.648+0000] {logging_mixin.py:137} INFO - [2023-04-14T14:36:14.648+0000] {dag.py:2693} INFO - Sync 1 DAGs
[2023-04-14T14:36:14.665+0000] {logging_mixin.py:137} INFO - [2023-04-14T14:36:14.665+0000] {dag.py:3444} INFO - Setting next_dagrun for example_short_circuit_operator to 2023-04-13T14:36:14.664935+00:00, run_after=2023-04-14T14:36:14.664935+00:00
[2023-04-14T14:36:14.682+0000] {processor.py:175} INFO - Processing /home/airflow/.local/lib/python3.7/site-packages/airflow/example_dags/example_short_circuit_operator.py took 0.087 seconds
[2023-04-14T14:36:44.828+0000] {processor.py:153} INFO - Started process (PID=354) to work on /home/airflow/.local/lib/python3.7/site-packages/airflow/example_dags/example_short_circuit_operator.py
[2023-04-14T14:36:44.831+0000] {processor.py:743} INFO - Processing file /home/airflow/.local/lib/python3.7/site-packages/airflow/example_dags/example_short_circuit_operator.py for tasks to queue
[2023-04-14T14:36:44.832+0000] {logging_mixin.py:137} INFO - [2023-04-14T14:36:44.832+0000] {dagbag.py:532} INFO - Filling up the DagBag from /home/airflow/.local/lib/python3.7/site-packages/airflow/example_dags/example_short_circuit_operator.py
[2023-04-14T14:36:44.849+0000] {processor.py:753} INFO - DAG(s) dict_keys(['example_short_circuit_operator']) retrieved from /home/airflow/.local/lib/python3.7/site-packages/airflow/example_dags/example_short_circuit_operator.py
[2023-04-14T14:36:44.874+0000] {logging_mixin.py:137} INFO - [2023-04-14T14:36:44.874+0000] {dag.py:2693} INFO - Sync 1 DAGs
[2023-04-14T14:36:44.892+0000] {logging_mixin.py:137} INFO - [2023-04-14T14:36:44.892+0000] {dag.py:3444} INFO - Setting next_dagrun for example_short_circuit_operator to 2023-04-13T14:36:44.892525+00:00, run_after=2023-04-14T14:36:44.892525+00:00
[2023-04-14T14:36:44.910+0000] {processor.py:175} INFO - Processing /home/airflow/.local/lib/python3.7/site-packages/airflow/example_dags/example_short_circuit_operator.py took 0.086 seconds
[2023-04-14T14:37:16.053+0000] {processor.py:153} INFO - Started process (PID=407) to work on /home/airflow/.local/lib/python3.7/site-packages/airflow/example_dags/example_short_circuit_operator.py
[2023-04-14T14:37:16.054+0000] {processor.py:743} INFO - Processing file /home/airflow/.local/lib/python3.7/site-packages/airflow/example_dags/example_short_circuit_operator.py for tasks to queue
[2023-04-14T14:37:16.055+0000] {logging_mixin.py:137} INFO - [2023-04-14T14:37:16.055+0000] {dagbag.py:532} INFO - Filling up the DagBag from /home/airflow/.local/lib/python3.7/site-packages/airflow/example_dags/example_short_circuit_operator.py
[2023-04-14T14:37:16.068+0000] {processor.py:753} INFO - DAG(s) dict_keys(['example_short_circuit_operator']) retrieved from /home/airflow/.local/lib/python3.7/site-packages/airflow/example_dags/example_short_circuit_operator.py
[2023-04-14T14:37:16.088+0000] {logging_mixin.py:137} INFO - [2023-04-14T14:37:16.088+0000] {dag.py:2693} INFO - Sync 1 DAGs
[2023-04-14T14:37:16.104+0000] {logging_mixin.py:137} INFO - [2023-04-14T14:37:16.104+0000] {dag.py:3444} INFO - Setting next_dagrun for example_short_circuit_operator to 2023-04-13T14:37:16.103954+00:00, run_after=2023-04-14T14:37:16.103954+00:00
[2023-04-14T14:37:16.115+0000] {processor.py:175} INFO - Processing /home/airflow/.local/lib/python3.7/site-packages/airflow/example_dags/example_short_circuit_operator.py took 0.064 seconds
[2023-04-14T14:37:46.494+0000] {processor.py:153} INFO - Started process (PID=460) to work on /home/airflow/.local/lib/python3.7/site-packages/airflow/example_dags/example_short_circuit_operator.py
[2023-04-14T14:37:46.495+0000] {processor.py:743} INFO - Processing file /home/airflow/.local/lib/python3.7/site-packages/airflow/example_dags/example_short_circuit_operator.py for tasks to queue
[2023-04-14T14:37:46.495+0000] {logging_mixin.py:137} INFO - [2023-04-14T14:37:46.495+0000] {dagbag.py:532} INFO - Filling up the DagBag from /home/airflow/.local/lib/python3.7/site-packages/airflow/example_dags/example_short_circuit_operator.py
[2023-04-14T14:37:46.507+0000] {processor.py:753} INFO - DAG(s) dict_keys(['example_short_circuit_operator']) retrieved from /home/airflow/.local/lib/python3.7/site-packages/airflow/example_dags/example_short_circuit_operator.py
[2023-04-14T14:37:46.527+0000] {logging_mixin.py:137} INFO - [2023-04-14T14:37:46.527+0000] {dag.py:2693} INFO - Sync 1 DAGs
[2023-04-14T14:37:46.543+0000] {logging_mixin.py:137} INFO - [2023-04-14T14:37:46.543+0000] {dag.py:3444} INFO - Setting next_dagrun for example_short_circuit_operator to 2023-04-13T14:37:46.543585+00:00, run_after=2023-04-14T14:37:46.543585+00:00
[2023-04-14T14:37:46.556+0000] {processor.py:175} INFO - Processing /home/airflow/.local/lib/python3.7/site-packages/airflow/example_dags/example_short_circuit_operator.py took 0.065 seconds
[2023-04-14T14:38:16.947+0000] {processor.py:153} INFO - Started process (PID=512) to work on /home/airflow/.local/lib/python3.7/site-packages/airflow/example_dags/example_short_circuit_operator.py
[2023-04-14T14:38:16.948+0000] {processor.py:743} INFO - Processing file /home/airflow/.local/lib/python3.7/site-packages/airflow/example_dags/example_short_circuit_operator.py for tasks to queue
[2023-04-14T14:38:16.950+0000] {logging_mixin.py:137} INFO - [2023-04-14T14:38:16.950+0000] {dagbag.py:532} INFO - Filling up the DagBag from /home/airflow/.local/lib/python3.7/site-packages/airflow/example_dags/example_short_circuit_operator.py
[2023-04-14T14:38:16.965+0000] {processor.py:753} INFO - DAG(s) dict_keys(['example_short_circuit_operator']) retrieved from /home/airflow/.local/lib/python3.7/site-packages/airflow/example_dags/example_short_circuit_operator.py
[2023-04-14T14:38:16.998+0000] {logging_mixin.py:137} INFO - [2023-04-14T14:38:16.998+0000] {dag.py:2693} INFO - Sync 1 DAGs
[2023-04-14T14:38:17.020+0000] {logging_mixin.py:137} INFO - [2023-04-14T14:38:17.020+0000] {dag.py:3444} INFO - Setting next_dagrun for example_short_circuit_operator to 2023-04-13T14:38:17.019741+00:00, run_after=2023-04-14T14:38:17.019741+00:00
[2023-04-14T14:38:17.045+0000] {processor.py:175} INFO - Processing /home/airflow/.local/lib/python3.7/site-packages/airflow/example_dags/example_short_circuit_operator.py took 0.101 seconds
[2023-04-14T14:38:47.287+0000] {processor.py:153} INFO - Started process (PID=569) to work on /home/airflow/.local/lib/python3.7/site-packages/airflow/example_dags/example_short_circuit_operator.py
[2023-04-14T14:38:47.289+0000] {processor.py:743} INFO - Processing file /home/airflow/.local/lib/python3.7/site-packages/airflow/example_dags/example_short_circuit_operator.py for tasks to queue
[2023-04-14T14:38:47.290+0000] {logging_mixin.py:137} INFO - [2023-04-14T14:38:47.290+0000] {dagbag.py:532} INFO - Filling up the DagBag from /home/airflow/.local/lib/python3.7/site-packages/airflow/example_dags/example_short_circuit_operator.py
[2023-04-14T14:38:47.305+0000] {processor.py:753} INFO - DAG(s) dict_keys(['example_short_circuit_operator']) retrieved from /home/airflow/.local/lib/python3.7/site-packages/airflow/example_dags/example_short_circuit_operator.py
[2023-04-14T14:38:47.326+0000] {logging_mixin.py:137} INFO - [2023-04-14T14:38:47.326+0000] {dag.py:2693} INFO - Sync 1 DAGs
[2023-04-14T14:38:47.341+0000] {logging_mixin.py:137} INFO - [2023-04-14T14:38:47.341+0000] {dag.py:3444} INFO - Setting next_dagrun for example_short_circuit_operator to 2023-04-13T14:38:47.341506+00:00, run_after=2023-04-14T14:38:47.341506+00:00
[2023-04-14T14:38:47.353+0000] {processor.py:175} INFO - Processing /home/airflow/.local/lib/python3.7/site-packages/airflow/example_dags/example_short_circuit_operator.py took 0.070 seconds
[2023-04-14T14:39:18.350+0000] {processor.py:153} INFO - Started process (PID=622) to work on /home/airflow/.local/lib/python3.7/site-packages/airflow/example_dags/example_short_circuit_operator.py
[2023-04-14T14:39:18.351+0000] {processor.py:743} INFO - Processing file /home/airflow/.local/lib/python3.7/site-packages/airflow/example_dags/example_short_circuit_operator.py for tasks to queue
[2023-04-14T14:39:18.352+0000] {logging_mixin.py:137} INFO - [2023-04-14T14:39:18.352+0000] {dagbag.py:532} INFO - Filling up the DagBag from /home/airflow/.local/lib/python3.7/site-packages/airflow/example_dags/example_short_circuit_operator.py
[2023-04-14T14:39:18.364+0000] {processor.py:753} INFO - DAG(s) dict_keys(['example_short_circuit_operator']) retrieved from /home/airflow/.local/lib/python3.7/site-packages/airflow/example_dags/example_short_circuit_operator.py
[2023-04-14T14:39:18.384+0000] {logging_mixin.py:137} INFO - [2023-04-14T14:39:18.383+0000] {dag.py:2693} INFO - Sync 1 DAGs
[2023-04-14T14:39:18.400+0000] {logging_mixin.py:137} INFO - [2023-04-14T14:39:18.400+0000] {dag.py:3444} INFO - Setting next_dagrun for example_short_circuit_operator to 2023-04-13T14:39:18.399990+00:00, run_after=2023-04-14T14:39:18.399990+00:00
[2023-04-14T14:39:18.410+0000] {processor.py:175} INFO - Processing /home/airflow/.local/lib/python3.7/site-packages/airflow/example_dags/example_short_circuit_operator.py took 0.063 seconds
[2023-04-14T14:39:49.147+0000] {processor.py:153} INFO - Started process (PID=675) to work on /home/airflow/.local/lib/python3.7/site-packages/airflow/example_dags/example_short_circuit_operator.py
[2023-04-14T14:39:49.148+0000] {processor.py:743} INFO - Processing file /home/airflow/.local/lib/python3.7/site-packages/airflow/example_dags/example_short_circuit_operator.py for tasks to queue
[2023-04-14T14:39:49.150+0000] {logging_mixin.py:137} INFO - [2023-04-14T14:39:49.150+0000] {dagbag.py:532} INFO - Filling up the DagBag from /home/airflow/.local/lib/python3.7/site-packages/airflow/example_dags/example_short_circuit_operator.py
[2023-04-14T14:39:49.164+0000] {processor.py:753} INFO - DAG(s) dict_keys(['example_short_circuit_operator']) retrieved from /home/airflow/.local/lib/python3.7/site-packages/airflow/example_dags/example_short_circuit_operator.py
[2023-04-14T14:39:49.192+0000] {logging_mixin.py:137} INFO - [2023-04-14T14:39:49.192+0000] {dag.py:2693} INFO - Sync 1 DAGs
[2023-04-14T14:39:49.209+0000] {logging_mixin.py:137} INFO - [2023-04-14T14:39:49.209+0000] {dag.py:3444} INFO - Setting next_dagrun for example_short_circuit_operator to 2023-04-13T14:39:49.209033+00:00, run_after=2023-04-14T14:39:49.209033+00:00
[2023-04-14T14:39:49.221+0000] {processor.py:175} INFO - Processing /home/airflow/.local/lib/python3.7/site-packages/airflow/example_dags/example_short_circuit_operator.py took 0.078 seconds
[2023-04-14T14:40:19.999+0000] {processor.py:153} INFO - Started process (PID=728) to work on /home/airflow/.local/lib/python3.7/site-packages/airflow/example_dags/example_short_circuit_operator.py
[2023-04-14T14:40:20.001+0000] {processor.py:743} INFO - Processing file /home/airflow/.local/lib/python3.7/site-packages/airflow/example_dags/example_short_circuit_operator.py for tasks to queue
[2023-04-14T14:40:20.001+0000] {logging_mixin.py:137} INFO - [2023-04-14T14:40:20.001+0000] {dagbag.py:532} INFO - Filling up the DagBag from /home/airflow/.local/lib/python3.7/site-packages/airflow/example_dags/example_short_circuit_operator.py
[2023-04-14T14:40:20.015+0000] {processor.py:753} INFO - DAG(s) dict_keys(['example_short_circuit_operator']) retrieved from /home/airflow/.local/lib/python3.7/site-packages/airflow/example_dags/example_short_circuit_operator.py
[2023-04-14T14:40:20.035+0000] {logging_mixin.py:137} INFO - [2023-04-14T14:40:20.035+0000] {dag.py:2693} INFO - Sync 1 DAGs
[2023-04-14T14:40:20.050+0000] {logging_mixin.py:137} INFO - [2023-04-14T14:40:20.050+0000] {dag.py:3444} INFO - Setting next_dagrun for example_short_circuit_operator to 2023-04-13T14:40:20.049961+00:00, run_after=2023-04-14T14:40:20.049961+00:00
[2023-04-14T14:40:20.060+0000] {processor.py:175} INFO - Processing /home/airflow/.local/lib/python3.7/site-packages/airflow/example_dags/example_short_circuit_operator.py took 0.064 seconds
[2023-04-14T14:40:50.406+0000] {processor.py:153} INFO - Started process (PID=781) to work on /home/airflow/.local/lib/python3.7/site-packages/airflow/example_dags/example_short_circuit_operator.py
[2023-04-14T14:40:50.408+0000] {processor.py:743} INFO - Processing file /home/airflow/.local/lib/python3.7/site-packages/airflow/example_dags/example_short_circuit_operator.py for tasks to queue
[2023-04-14T14:40:50.410+0000] {logging_mixin.py:137} INFO - [2023-04-14T14:40:50.410+0000] {dagbag.py:532} INFO - Filling up the DagBag from /home/airflow/.local/lib/python3.7/site-packages/airflow/example_dags/example_short_circuit_operator.py
[2023-04-14T14:40:50.425+0000] {processor.py:753} INFO - DAG(s) dict_keys(['example_short_circuit_operator']) retrieved from /home/airflow/.local/lib/python3.7/site-packages/airflow/example_dags/example_short_circuit_operator.py
[2023-04-14T14:40:50.447+0000] {logging_mixin.py:137} INFO - [2023-04-14T14:40:50.447+0000] {dag.py:2693} INFO - Sync 1 DAGs
[2023-04-14T14:40:50.463+0000] {logging_mixin.py:137} INFO - [2023-04-14T14:40:50.463+0000] {dag.py:3444} INFO - Setting next_dagrun for example_short_circuit_operator to 2023-04-13T14:40:50.463002+00:00, run_after=2023-04-14T14:40:50.463002+00:00
[2023-04-14T14:40:50.474+0000] {processor.py:175} INFO - Processing /home/airflow/.local/lib/python3.7/site-packages/airflow/example_dags/example_short_circuit_operator.py took 0.072 seconds
[2023-04-14T14:41:20.718+0000] {processor.py:153} INFO - Started process (PID=834) to work on /home/airflow/.local/lib/python3.7/site-packages/airflow/example_dags/example_short_circuit_operator.py
[2023-04-14T14:41:20.720+0000] {processor.py:743} INFO - Processing file /home/airflow/.local/lib/python3.7/site-packages/airflow/example_dags/example_short_circuit_operator.py for tasks to queue
[2023-04-14T14:41:20.720+0000] {logging_mixin.py:137} INFO - [2023-04-14T14:41:20.720+0000] {dagbag.py:532} INFO - Filling up the DagBag from /home/airflow/.local/lib/python3.7/site-packages/airflow/example_dags/example_short_circuit_operator.py
[2023-04-14T14:41:20.732+0000] {processor.py:753} INFO - DAG(s) dict_keys(['example_short_circuit_operator']) retrieved from /home/airflow/.local/lib/python3.7/site-packages/airflow/example_dags/example_short_circuit_operator.py
[2023-04-14T14:41:20.754+0000] {logging_mixin.py:137} INFO - [2023-04-14T14:41:20.754+0000] {dag.py:2693} INFO - Sync 1 DAGs
[2023-04-14T14:41:20.770+0000] {logging_mixin.py:137} INFO - [2023-04-14T14:41:20.770+0000] {dag.py:3444} INFO - Setting next_dagrun for example_short_circuit_operator to 2023-04-13T14:41:20.769881+00:00, run_after=2023-04-14T14:41:20.769881+00:00
[2023-04-14T14:41:20.781+0000] {processor.py:175} INFO - Processing /home/airflow/.local/lib/python3.7/site-packages/airflow/example_dags/example_short_circuit_operator.py took 0.065 seconds
[2023-04-14T14:42:12.333+0000] {processor.py:153} INFO - Started process (PID=39) to work on /home/airflow/.local/lib/python3.7/site-packages/airflow/example_dags/example_short_circuit_operator.py
[2023-04-14T14:42:12.341+0000] {processor.py:743} INFO - Processing file /home/airflow/.local/lib/python3.7/site-packages/airflow/example_dags/example_short_circuit_operator.py for tasks to queue
[2023-04-14T14:42:12.343+0000] {logging_mixin.py:137} INFO - [2023-04-14T14:42:12.343+0000] {dagbag.py:532} INFO - Filling up the DagBag from /home/airflow/.local/lib/python3.7/site-packages/airflow/example_dags/example_short_circuit_operator.py
[2023-04-14T14:42:12.386+0000] {processor.py:753} INFO - DAG(s) dict_keys(['example_short_circuit_operator']) retrieved from /home/airflow/.local/lib/python3.7/site-packages/airflow/example_dags/example_short_circuit_operator.py
[2023-04-14T14:42:12.413+0000] {logging_mixin.py:137} INFO - [2023-04-14T14:42:12.413+0000] {dag.py:2693} INFO - Sync 1 DAGs
[2023-04-14T14:42:12.467+0000] {logging_mixin.py:137} INFO - [2023-04-14T14:42:12.467+0000] {dag.py:3444} INFO - Setting next_dagrun for example_short_circuit_operator to 2023-04-13T14:42:12.467328+00:00, run_after=2023-04-14T14:42:12.467328+00:00
[2023-04-14T14:42:12.489+0000] {processor.py:175} INFO - Processing /home/airflow/.local/lib/python3.7/site-packages/airflow/example_dags/example_short_circuit_operator.py took 0.188 seconds
[2023-04-14T14:42:43.138+0000] {processor.py:153} INFO - Started process (PID=91) to work on /home/airflow/.local/lib/python3.7/site-packages/airflow/example_dags/example_short_circuit_operator.py
[2023-04-14T14:42:43.140+0000] {processor.py:743} INFO - Processing file /home/airflow/.local/lib/python3.7/site-packages/airflow/example_dags/example_short_circuit_operator.py for tasks to queue
[2023-04-14T14:42:43.141+0000] {logging_mixin.py:137} INFO - [2023-04-14T14:42:43.141+0000] {dagbag.py:532} INFO - Filling up the DagBag from /home/airflow/.local/lib/python3.7/site-packages/airflow/example_dags/example_short_circuit_operator.py
[2023-04-14T14:42:43.159+0000] {processor.py:753} INFO - DAG(s) dict_keys(['example_short_circuit_operator']) retrieved from /home/airflow/.local/lib/python3.7/site-packages/airflow/example_dags/example_short_circuit_operator.py
[2023-04-14T14:42:43.190+0000] {logging_mixin.py:137} INFO - [2023-04-14T14:42:43.189+0000] {dag.py:2693} INFO - Sync 1 DAGs
[2023-04-14T14:42:43.218+0000] {logging_mixin.py:137} INFO - [2023-04-14T14:42:43.218+0000] {dag.py:3444} INFO - Setting next_dagrun for example_short_circuit_operator to 2023-04-13T14:42:43.217701+00:00, run_after=2023-04-14T14:42:43.217701+00:00
[2023-04-14T14:42:43.236+0000] {processor.py:175} INFO - Processing /home/airflow/.local/lib/python3.7/site-packages/airflow/example_dags/example_short_circuit_operator.py took 0.103 seconds
[2023-04-14T14:43:13.616+0000] {processor.py:153} INFO - Started process (PID=143) to work on /home/airflow/.local/lib/python3.7/site-packages/airflow/example_dags/example_short_circuit_operator.py
[2023-04-14T14:43:13.619+0000] {processor.py:743} INFO - Processing file /home/airflow/.local/lib/python3.7/site-packages/airflow/example_dags/example_short_circuit_operator.py for tasks to queue
[2023-04-14T14:43:13.621+0000] {logging_mixin.py:137} INFO - [2023-04-14T14:43:13.620+0000] {dagbag.py:532} INFO - Filling up the DagBag from /home/airflow/.local/lib/python3.7/site-packages/airflow/example_dags/example_short_circuit_operator.py
[2023-04-14T14:43:13.649+0000] {processor.py:753} INFO - DAG(s) dict_keys(['example_short_circuit_operator']) retrieved from /home/airflow/.local/lib/python3.7/site-packages/airflow/example_dags/example_short_circuit_operator.py
[2023-04-14T14:43:13.689+0000] {logging_mixin.py:137} INFO - [2023-04-14T14:43:13.689+0000] {dag.py:2693} INFO - Sync 1 DAGs
[2023-04-14T14:43:13.740+0000] {logging_mixin.py:137} INFO - [2023-04-14T14:43:13.740+0000] {dag.py:3444} INFO - Setting next_dagrun for example_short_circuit_operator to 2023-04-13T14:43:13.740016+00:00, run_after=2023-04-14T14:43:13.740016+00:00
[2023-04-14T14:43:13.762+0000] {processor.py:175} INFO - Processing /home/airflow/.local/lib/python3.7/site-packages/airflow/example_dags/example_short_circuit_operator.py took 0.152 seconds
[2023-04-14T14:43:44.894+0000] {processor.py:153} INFO - Started process (PID=198) to work on /home/airflow/.local/lib/python3.7/site-packages/airflow/example_dags/example_short_circuit_operator.py
[2023-04-14T14:43:44.896+0000] {processor.py:743} INFO - Processing file /home/airflow/.local/lib/python3.7/site-packages/airflow/example_dags/example_short_circuit_operator.py for tasks to queue
[2023-04-14T14:43:44.897+0000] {logging_mixin.py:137} INFO - [2023-04-14T14:43:44.896+0000] {dagbag.py:532} INFO - Filling up the DagBag from /home/airflow/.local/lib/python3.7/site-packages/airflow/example_dags/example_short_circuit_operator.py
[2023-04-14T14:43:44.920+0000] {processor.py:753} INFO - DAG(s) dict_keys(['example_short_circuit_operator']) retrieved from /home/airflow/.local/lib/python3.7/site-packages/airflow/example_dags/example_short_circuit_operator.py
[2023-04-14T14:43:44.964+0000] {logging_mixin.py:137} INFO - [2023-04-14T14:43:44.964+0000] {dag.py:2693} INFO - Sync 1 DAGs
[2023-04-14T14:43:44.985+0000] {logging_mixin.py:137} INFO - [2023-04-14T14:43:44.985+0000] {dag.py:3444} INFO - Setting next_dagrun for example_short_circuit_operator to 2023-04-13T14:43:44.984876+00:00, run_after=2023-04-14T14:43:44.984876+00:00
[2023-04-14T14:43:45.001+0000] {processor.py:175} INFO - Processing /home/airflow/.local/lib/python3.7/site-packages/airflow/example_dags/example_short_circuit_operator.py took 0.110 seconds
[2023-04-14T14:44:15.096+0000] {processor.py:153} INFO - Started process (PID=249) to work on /home/airflow/.local/lib/python3.7/site-packages/airflow/example_dags/example_short_circuit_operator.py
[2023-04-14T14:44:15.097+0000] {processor.py:743} INFO - Processing file /home/airflow/.local/lib/python3.7/site-packages/airflow/example_dags/example_short_circuit_operator.py for tasks to queue
[2023-04-14T14:44:15.098+0000] {logging_mixin.py:137} INFO - [2023-04-14T14:44:15.098+0000] {dagbag.py:532} INFO - Filling up the DagBag from /home/airflow/.local/lib/python3.7/site-packages/airflow/example_dags/example_short_circuit_operator.py
[2023-04-14T14:44:15.109+0000] {processor.py:753} INFO - DAG(s) dict_keys(['example_short_circuit_operator']) retrieved from /home/airflow/.local/lib/python3.7/site-packages/airflow/example_dags/example_short_circuit_operator.py
[2023-04-14T14:44:15.129+0000] {logging_mixin.py:137} INFO - [2023-04-14T14:44:15.129+0000] {dag.py:2693} INFO - Sync 1 DAGs
[2023-04-14T14:44:15.145+0000] {logging_mixin.py:137} INFO - [2023-04-14T14:44:15.145+0000] {dag.py:3444} INFO - Setting next_dagrun for example_short_circuit_operator to 2023-04-13T14:44:15.145127+00:00, run_after=2023-04-14T14:44:15.145127+00:00
[2023-04-14T14:44:15.157+0000] {processor.py:175} INFO - Processing /home/airflow/.local/lib/python3.7/site-packages/airflow/example_dags/example_short_circuit_operator.py took 0.064 seconds
[2023-04-14T14:44:45.329+0000] {processor.py:153} INFO - Started process (PID=302) to work on /home/airflow/.local/lib/python3.7/site-packages/airflow/example_dags/example_short_circuit_operator.py
[2023-04-14T14:44:45.331+0000] {processor.py:743} INFO - Processing file /home/airflow/.local/lib/python3.7/site-packages/airflow/example_dags/example_short_circuit_operator.py for tasks to queue
[2023-04-14T14:44:45.331+0000] {logging_mixin.py:137} INFO - [2023-04-14T14:44:45.331+0000] {dagbag.py:532} INFO - Filling up the DagBag from /home/airflow/.local/lib/python3.7/site-packages/airflow/example_dags/example_short_circuit_operator.py
[2023-04-14T14:44:45.343+0000] {processor.py:753} INFO - DAG(s) dict_keys(['example_short_circuit_operator']) retrieved from /home/airflow/.local/lib/python3.7/site-packages/airflow/example_dags/example_short_circuit_operator.py
[2023-04-14T14:44:45.369+0000] {logging_mixin.py:137} INFO - [2023-04-14T14:44:45.369+0000] {dag.py:2693} INFO - Sync 1 DAGs
[2023-04-14T14:44:45.389+0000] {logging_mixin.py:137} INFO - [2023-04-14T14:44:45.389+0000] {dag.py:3444} INFO - Setting next_dagrun for example_short_circuit_operator to 2023-04-13T14:44:45.388831+00:00, run_after=2023-04-14T14:44:45.388831+00:00
[2023-04-14T14:44:45.406+0000] {processor.py:175} INFO - Processing /home/airflow/.local/lib/python3.7/site-packages/airflow/example_dags/example_short_circuit_operator.py took 0.080 seconds
[2023-04-14T14:45:15.487+0000] {processor.py:153} INFO - Started process (PID=355) to work on /home/airflow/.local/lib/python3.7/site-packages/airflow/example_dags/example_short_circuit_operator.py
[2023-04-14T14:45:15.488+0000] {processor.py:743} INFO - Processing file /home/airflow/.local/lib/python3.7/site-packages/airflow/example_dags/example_short_circuit_operator.py for tasks to queue
[2023-04-14T14:45:15.489+0000] {logging_mixin.py:137} INFO - [2023-04-14T14:45:15.489+0000] {dagbag.py:532} INFO - Filling up the DagBag from /home/airflow/.local/lib/python3.7/site-packages/airflow/example_dags/example_short_circuit_operator.py
[2023-04-14T14:45:15.525+0000] {processor.py:753} INFO - DAG(s) dict_keys(['example_short_circuit_operator']) retrieved from /home/airflow/.local/lib/python3.7/site-packages/airflow/example_dags/example_short_circuit_operator.py
[2023-04-14T14:45:15.553+0000] {logging_mixin.py:137} INFO - [2023-04-14T14:45:15.553+0000] {dag.py:2693} INFO - Sync 1 DAGs
[2023-04-14T14:45:15.575+0000] {logging_mixin.py:137} INFO - [2023-04-14T14:45:15.575+0000] {dag.py:3444} INFO - Setting next_dagrun for example_short_circuit_operator to 2023-04-13T14:45:15.575240+00:00, run_after=2023-04-14T14:45:15.575240+00:00
[2023-04-14T14:45:15.589+0000] {processor.py:175} INFO - Processing /home/airflow/.local/lib/python3.7/site-packages/airflow/example_dags/example_short_circuit_operator.py took 0.107 seconds
[2023-04-14T14:45:45.843+0000] {processor.py:153} INFO - Started process (PID=408) to work on /home/airflow/.local/lib/python3.7/site-packages/airflow/example_dags/example_short_circuit_operator.py
[2023-04-14T14:45:45.846+0000] {processor.py:743} INFO - Processing file /home/airflow/.local/lib/python3.7/site-packages/airflow/example_dags/example_short_circuit_operator.py for tasks to queue
[2023-04-14T14:45:45.851+0000] {logging_mixin.py:137} INFO - [2023-04-14T14:45:45.851+0000] {dagbag.py:532} INFO - Filling up the DagBag from /home/airflow/.local/lib/python3.7/site-packages/airflow/example_dags/example_short_circuit_operator.py
[2023-04-14T14:45:45.877+0000] {processor.py:753} INFO - DAG(s) dict_keys(['example_short_circuit_operator']) retrieved from /home/airflow/.local/lib/python3.7/site-packages/airflow/example_dags/example_short_circuit_operator.py
[2023-04-14T14:45:45.915+0000] {logging_mixin.py:137} INFO - [2023-04-14T14:45:45.914+0000] {dag.py:2693} INFO - Sync 1 DAGs
[2023-04-14T14:45:45.939+0000] {logging_mixin.py:137} INFO - [2023-04-14T14:45:45.939+0000] {dag.py:3444} INFO - Setting next_dagrun for example_short_circuit_operator to 2023-04-13T14:45:45.938929+00:00, run_after=2023-04-14T14:45:45.938929+00:00
[2023-04-14T14:45:45.957+0000] {processor.py:175} INFO - Processing /home/airflow/.local/lib/python3.7/site-packages/airflow/example_dags/example_short_circuit_operator.py took 0.119 seconds
[2023-04-14T14:46:16.398+0000] {processor.py:153} INFO - Started process (PID=461) to work on /home/airflow/.local/lib/python3.7/site-packages/airflow/example_dags/example_short_circuit_operator.py
[2023-04-14T14:46:16.401+0000] {processor.py:743} INFO - Processing file /home/airflow/.local/lib/python3.7/site-packages/airflow/example_dags/example_short_circuit_operator.py for tasks to queue
[2023-04-14T14:46:16.402+0000] {logging_mixin.py:137} INFO - [2023-04-14T14:46:16.402+0000] {dagbag.py:532} INFO - Filling up the DagBag from /home/airflow/.local/lib/python3.7/site-packages/airflow/example_dags/example_short_circuit_operator.py
[2023-04-14T14:46:16.429+0000] {processor.py:753} INFO - DAG(s) dict_keys(['example_short_circuit_operator']) retrieved from /home/airflow/.local/lib/python3.7/site-packages/airflow/example_dags/example_short_circuit_operator.py
[2023-04-14T14:46:16.522+0000] {logging_mixin.py:137} INFO - [2023-04-14T14:46:16.522+0000] {dag.py:2693} INFO - Sync 1 DAGs
[2023-04-14T14:46:16.575+0000] {logging_mixin.py:137} INFO - [2023-04-14T14:46:16.575+0000] {dag.py:3444} INFO - Setting next_dagrun for example_short_circuit_operator to 2023-04-13T14:46:16.575038+00:00, run_after=2023-04-14T14:46:16.575038+00:00
[2023-04-14T14:46:16.600+0000] {processor.py:175} INFO - Processing /home/airflow/.local/lib/python3.7/site-packages/airflow/example_dags/example_short_circuit_operator.py took 0.210 seconds
[2023-04-14T14:46:46.716+0000] {processor.py:153} INFO - Started process (PID=514) to work on /home/airflow/.local/lib/python3.7/site-packages/airflow/example_dags/example_short_circuit_operator.py
[2023-04-14T14:46:46.718+0000] {processor.py:743} INFO - Processing file /home/airflow/.local/lib/python3.7/site-packages/airflow/example_dags/example_short_circuit_operator.py for tasks to queue
[2023-04-14T14:46:46.719+0000] {logging_mixin.py:137} INFO - [2023-04-14T14:46:46.719+0000] {dagbag.py:532} INFO - Filling up the DagBag from /home/airflow/.local/lib/python3.7/site-packages/airflow/example_dags/example_short_circuit_operator.py
[2023-04-14T14:46:46.736+0000] {processor.py:753} INFO - DAG(s) dict_keys(['example_short_circuit_operator']) retrieved from /home/airflow/.local/lib/python3.7/site-packages/airflow/example_dags/example_short_circuit_operator.py
[2023-04-14T14:46:46.768+0000] {logging_mixin.py:137} INFO - [2023-04-14T14:46:46.767+0000] {dag.py:2693} INFO - Sync 1 DAGs
[2023-04-14T14:46:46.795+0000] {logging_mixin.py:137} INFO - [2023-04-14T14:46:46.795+0000] {dag.py:3444} INFO - Setting next_dagrun for example_short_circuit_operator to 2023-04-13T14:46:46.794981+00:00, run_after=2023-04-14T14:46:46.794981+00:00
[2023-04-14T14:46:46.812+0000] {processor.py:175} INFO - Processing /home/airflow/.local/lib/python3.7/site-packages/airflow/example_dags/example_short_circuit_operator.py took 0.102 seconds
[2023-04-14T14:47:16.900+0000] {processor.py:153} INFO - Started process (PID=568) to work on /home/airflow/.local/lib/python3.7/site-packages/airflow/example_dags/example_short_circuit_operator.py
[2023-04-14T14:47:16.902+0000] {processor.py:743} INFO - Processing file /home/airflow/.local/lib/python3.7/site-packages/airflow/example_dags/example_short_circuit_operator.py for tasks to queue
[2023-04-14T14:47:16.903+0000] {logging_mixin.py:137} INFO - [2023-04-14T14:47:16.903+0000] {dagbag.py:532} INFO - Filling up the DagBag from /home/airflow/.local/lib/python3.7/site-packages/airflow/example_dags/example_short_circuit_operator.py
[2023-04-14T14:47:16.926+0000] {processor.py:753} INFO - DAG(s) dict_keys(['example_short_circuit_operator']) retrieved from /home/airflow/.local/lib/python3.7/site-packages/airflow/example_dags/example_short_circuit_operator.py
[2023-04-14T14:47:16.966+0000] {logging_mixin.py:137} INFO - [2023-04-14T14:47:16.965+0000] {dag.py:2693} INFO - Sync 1 DAGs
[2023-04-14T14:47:17.014+0000] {logging_mixin.py:137} INFO - [2023-04-14T14:47:17.013+0000] {dag.py:3444} INFO - Setting next_dagrun for example_short_circuit_operator to 2023-04-13T14:47:17.013304+00:00, run_after=2023-04-14T14:47:17.013304+00:00
[2023-04-14T14:47:17.033+0000] {processor.py:175} INFO - Processing /home/airflow/.local/lib/python3.7/site-packages/airflow/example_dags/example_short_circuit_operator.py took 0.139 seconds
[2023-04-14T14:47:47.733+0000] {processor.py:153} INFO - Started process (PID=623) to work on /home/airflow/.local/lib/python3.7/site-packages/airflow/example_dags/example_short_circuit_operator.py
[2023-04-14T14:47:47.734+0000] {processor.py:743} INFO - Processing file /home/airflow/.local/lib/python3.7/site-packages/airflow/example_dags/example_short_circuit_operator.py for tasks to queue
[2023-04-14T14:47:47.735+0000] {logging_mixin.py:137} INFO - [2023-04-14T14:47:47.735+0000] {dagbag.py:532} INFO - Filling up the DagBag from /home/airflow/.local/lib/python3.7/site-packages/airflow/example_dags/example_short_circuit_operator.py
[2023-04-14T14:47:47.753+0000] {processor.py:753} INFO - DAG(s) dict_keys(['example_short_circuit_operator']) retrieved from /home/airflow/.local/lib/python3.7/site-packages/airflow/example_dags/example_short_circuit_operator.py
[2023-04-14T14:47:47.783+0000] {logging_mixin.py:137} INFO - [2023-04-14T14:47:47.783+0000] {dag.py:2693} INFO - Sync 1 DAGs
[2023-04-14T14:47:47.810+0000] {logging_mixin.py:137} INFO - [2023-04-14T14:47:47.810+0000] {dag.py:3444} INFO - Setting next_dagrun for example_short_circuit_operator to 2023-04-13T14:47:47.809898+00:00, run_after=2023-04-14T14:47:47.809898+00:00
[2023-04-14T14:47:47.829+0000] {processor.py:175} INFO - Processing /home/airflow/.local/lib/python3.7/site-packages/airflow/example_dags/example_short_circuit_operator.py took 0.099 seconds
[2023-04-14T14:48:18.316+0000] {processor.py:153} INFO - Started process (PID=675) to work on /home/airflow/.local/lib/python3.7/site-packages/airflow/example_dags/example_short_circuit_operator.py
[2023-04-14T14:48:18.318+0000] {processor.py:743} INFO - Processing file /home/airflow/.local/lib/python3.7/site-packages/airflow/example_dags/example_short_circuit_operator.py for tasks to queue
[2023-04-14T14:48:18.319+0000] {logging_mixin.py:137} INFO - [2023-04-14T14:48:18.319+0000] {dagbag.py:532} INFO - Filling up the DagBag from /home/airflow/.local/lib/python3.7/site-packages/airflow/example_dags/example_short_circuit_operator.py
[2023-04-14T14:48:18.337+0000] {processor.py:753} INFO - DAG(s) dict_keys(['example_short_circuit_operator']) retrieved from /home/airflow/.local/lib/python3.7/site-packages/airflow/example_dags/example_short_circuit_operator.py
[2023-04-14T14:48:18.364+0000] {logging_mixin.py:137} INFO - [2023-04-14T14:48:18.364+0000] {dag.py:2693} INFO - Sync 1 DAGs
[2023-04-14T14:48:18.381+0000] {logging_mixin.py:137} INFO - [2023-04-14T14:48:18.381+0000] {dag.py:3444} INFO - Setting next_dagrun for example_short_circuit_operator to 2023-04-13T14:48:18.381286+00:00, run_after=2023-04-14T14:48:18.381286+00:00
[2023-04-14T14:48:18.394+0000] {processor.py:175} INFO - Processing /home/airflow/.local/lib/python3.7/site-packages/airflow/example_dags/example_short_circuit_operator.py took 0.081 seconds
[2023-04-14T14:48:48.468+0000] {processor.py:153} INFO - Started process (PID=728) to work on /home/airflow/.local/lib/python3.7/site-packages/airflow/example_dags/example_short_circuit_operator.py
[2023-04-14T14:48:48.470+0000] {processor.py:743} INFO - Processing file /home/airflow/.local/lib/python3.7/site-packages/airflow/example_dags/example_short_circuit_operator.py for tasks to queue
[2023-04-14T14:48:48.470+0000] {logging_mixin.py:137} INFO - [2023-04-14T14:48:48.470+0000] {dagbag.py:532} INFO - Filling up the DagBag from /home/airflow/.local/lib/python3.7/site-packages/airflow/example_dags/example_short_circuit_operator.py
[2023-04-14T14:48:48.489+0000] {processor.py:753} INFO - DAG(s) dict_keys(['example_short_circuit_operator']) retrieved from /home/airflow/.local/lib/python3.7/site-packages/airflow/example_dags/example_short_circuit_operator.py
[2023-04-14T14:48:48.516+0000] {logging_mixin.py:137} INFO - [2023-04-14T14:48:48.516+0000] {dag.py:2693} INFO - Sync 1 DAGs
[2023-04-14T14:48:48.533+0000] {logging_mixin.py:137} INFO - [2023-04-14T14:48:48.533+0000] {dag.py:3444} INFO - Setting next_dagrun for example_short_circuit_operator to 2023-04-13T14:48:48.533130+00:00, run_after=2023-04-14T14:48:48.533130+00:00
[2023-04-14T14:48:48.544+0000] {processor.py:175} INFO - Processing /home/airflow/.local/lib/python3.7/site-packages/airflow/example_dags/example_short_circuit_operator.py took 0.078 seconds
[2023-04-14T14:49:18.995+0000] {processor.py:153} INFO - Started process (PID=781) to work on /home/airflow/.local/lib/python3.7/site-packages/airflow/example_dags/example_short_circuit_operator.py
[2023-04-14T14:49:18.997+0000] {processor.py:743} INFO - Processing file /home/airflow/.local/lib/python3.7/site-packages/airflow/example_dags/example_short_circuit_operator.py for tasks to queue
[2023-04-14T14:49:18.998+0000] {logging_mixin.py:137} INFO - [2023-04-14T14:49:18.998+0000] {dagbag.py:532} INFO - Filling up the DagBag from /home/airflow/.local/lib/python3.7/site-packages/airflow/example_dags/example_short_circuit_operator.py
[2023-04-14T14:49:19.015+0000] {processor.py:753} INFO - DAG(s) dict_keys(['example_short_circuit_operator']) retrieved from /home/airflow/.local/lib/python3.7/site-packages/airflow/example_dags/example_short_circuit_operator.py
[2023-04-14T14:49:19.041+0000] {logging_mixin.py:137} INFO - [2023-04-14T14:49:19.040+0000] {dag.py:2693} INFO - Sync 1 DAGs
[2023-04-14T14:49:19.057+0000] {logging_mixin.py:137} INFO - [2023-04-14T14:49:19.057+0000] {dag.py:3444} INFO - Setting next_dagrun for example_short_circuit_operator to 2023-04-13T14:49:19.057590+00:00, run_after=2023-04-14T14:49:19.057590+00:00
[2023-04-14T14:49:19.071+0000] {processor.py:175} INFO - Processing /home/airflow/.local/lib/python3.7/site-packages/airflow/example_dags/example_short_circuit_operator.py took 0.080 seconds
[2023-04-14T14:49:49.277+0000] {processor.py:153} INFO - Started process (PID=834) to work on /home/airflow/.local/lib/python3.7/site-packages/airflow/example_dags/example_short_circuit_operator.py
[2023-04-14T14:49:49.280+0000] {processor.py:743} INFO - Processing file /home/airflow/.local/lib/python3.7/site-packages/airflow/example_dags/example_short_circuit_operator.py for tasks to queue
[2023-04-14T14:49:49.281+0000] {logging_mixin.py:137} INFO - [2023-04-14T14:49:49.281+0000] {dagbag.py:532} INFO - Filling up the DagBag from /home/airflow/.local/lib/python3.7/site-packages/airflow/example_dags/example_short_circuit_operator.py
[2023-04-14T14:49:49.296+0000] {processor.py:753} INFO - DAG(s) dict_keys(['example_short_circuit_operator']) retrieved from /home/airflow/.local/lib/python3.7/site-packages/airflow/example_dags/example_short_circuit_operator.py
[2023-04-14T14:49:49.323+0000] {logging_mixin.py:137} INFO - [2023-04-14T14:49:49.323+0000] {dag.py:2693} INFO - Sync 1 DAGs
[2023-04-14T14:49:49.343+0000] {logging_mixin.py:137} INFO - [2023-04-14T14:49:49.343+0000] {dag.py:3444} INFO - Setting next_dagrun for example_short_circuit_operator to 2023-04-13T14:49:49.343197+00:00, run_after=2023-04-14T14:49:49.343197+00:00
[2023-04-14T14:49:49.354+0000] {processor.py:175} INFO - Processing /home/airflow/.local/lib/python3.7/site-packages/airflow/example_dags/example_short_circuit_operator.py took 0.084 seconds
[2023-04-14T14:50:20.068+0000] {processor.py:153} INFO - Started process (PID=887) to work on /home/airflow/.local/lib/python3.7/site-packages/airflow/example_dags/example_short_circuit_operator.py
[2023-04-14T14:50:20.070+0000] {processor.py:743} INFO - Processing file /home/airflow/.local/lib/python3.7/site-packages/airflow/example_dags/example_short_circuit_operator.py for tasks to queue
[2023-04-14T14:50:20.071+0000] {logging_mixin.py:137} INFO - [2023-04-14T14:50:20.071+0000] {dagbag.py:532} INFO - Filling up the DagBag from /home/airflow/.local/lib/python3.7/site-packages/airflow/example_dags/example_short_circuit_operator.py
[2023-04-14T14:50:20.084+0000] {processor.py:753} INFO - DAG(s) dict_keys(['example_short_circuit_operator']) retrieved from /home/airflow/.local/lib/python3.7/site-packages/airflow/example_dags/example_short_circuit_operator.py
[2023-04-14T14:50:20.108+0000] {logging_mixin.py:137} INFO - [2023-04-14T14:50:20.108+0000] {dag.py:2693} INFO - Sync 1 DAGs
[2023-04-14T14:50:20.124+0000] {logging_mixin.py:137} INFO - [2023-04-14T14:50:20.124+0000] {dag.py:3444} INFO - Setting next_dagrun for example_short_circuit_operator to 2023-04-13T14:50:20.124478+00:00, run_after=2023-04-14T14:50:20.124478+00:00
[2023-04-14T14:50:20.135+0000] {processor.py:175} INFO - Processing /home/airflow/.local/lib/python3.7/site-packages/airflow/example_dags/example_short_circuit_operator.py took 0.070 seconds
[2023-04-14T14:50:50.520+0000] {processor.py:153} INFO - Started process (PID=941) to work on /home/airflow/.local/lib/python3.7/site-packages/airflow/example_dags/example_short_circuit_operator.py
[2023-04-14T14:50:50.522+0000] {processor.py:743} INFO - Processing file /home/airflow/.local/lib/python3.7/site-packages/airflow/example_dags/example_short_circuit_operator.py for tasks to queue
[2023-04-14T14:50:50.523+0000] {logging_mixin.py:137} INFO - [2023-04-14T14:50:50.523+0000] {dagbag.py:532} INFO - Filling up the DagBag from /home/airflow/.local/lib/python3.7/site-packages/airflow/example_dags/example_short_circuit_operator.py
[2023-04-14T14:50:50.539+0000] {processor.py:753} INFO - DAG(s) dict_keys(['example_short_circuit_operator']) retrieved from /home/airflow/.local/lib/python3.7/site-packages/airflow/example_dags/example_short_circuit_operator.py
[2023-04-14T14:50:50.569+0000] {logging_mixin.py:137} INFO - [2023-04-14T14:50:50.569+0000] {dag.py:2693} INFO - Sync 1 DAGs
[2023-04-14T14:50:50.586+0000] {logging_mixin.py:137} INFO - [2023-04-14T14:50:50.586+0000] {dag.py:3444} INFO - Setting next_dagrun for example_short_circuit_operator to 2023-04-13T14:50:50.586641+00:00, run_after=2023-04-14T14:50:50.586641+00:00
[2023-04-14T14:50:50.598+0000] {processor.py:175} INFO - Processing /home/airflow/.local/lib/python3.7/site-packages/airflow/example_dags/example_short_circuit_operator.py took 0.083 seconds
[2023-04-14T14:51:20.649+0000] {processor.py:153} INFO - Started process (PID=993) to work on /home/airflow/.local/lib/python3.7/site-packages/airflow/example_dags/example_short_circuit_operator.py
[2023-04-14T14:51:20.651+0000] {processor.py:743} INFO - Processing file /home/airflow/.local/lib/python3.7/site-packages/airflow/example_dags/example_short_circuit_operator.py for tasks to queue
[2023-04-14T14:51:20.652+0000] {logging_mixin.py:137} INFO - [2023-04-14T14:51:20.652+0000] {dagbag.py:532} INFO - Filling up the DagBag from /home/airflow/.local/lib/python3.7/site-packages/airflow/example_dags/example_short_circuit_operator.py
[2023-04-14T14:51:20.663+0000] {processor.py:753} INFO - DAG(s) dict_keys(['example_short_circuit_operator']) retrieved from /home/airflow/.local/lib/python3.7/site-packages/airflow/example_dags/example_short_circuit_operator.py
[2023-04-14T14:51:20.697+0000] {logging_mixin.py:137} INFO - [2023-04-14T14:51:20.696+0000] {dag.py:2693} INFO - Sync 1 DAGs
[2023-04-14T14:51:20.724+0000] {logging_mixin.py:137} INFO - [2023-04-14T14:51:20.724+0000] {dag.py:3444} INFO - Setting next_dagrun for example_short_circuit_operator to 2023-04-13T14:51:20.724260+00:00, run_after=2023-04-14T14:51:20.724260+00:00
[2023-04-14T14:51:20.741+0000] {processor.py:175} INFO - Processing /home/airflow/.local/lib/python3.7/site-packages/airflow/example_dags/example_short_circuit_operator.py took 0.095 seconds
[2023-04-14T14:51:50.869+0000] {processor.py:153} INFO - Started process (PID=1047) to work on /home/airflow/.local/lib/python3.7/site-packages/airflow/example_dags/example_short_circuit_operator.py
[2023-04-14T14:51:50.872+0000] {processor.py:743} INFO - Processing file /home/airflow/.local/lib/python3.7/site-packages/airflow/example_dags/example_short_circuit_operator.py for tasks to queue
[2023-04-14T14:51:50.872+0000] {logging_mixin.py:137} INFO - [2023-04-14T14:51:50.872+0000] {dagbag.py:532} INFO - Filling up the DagBag from /home/airflow/.local/lib/python3.7/site-packages/airflow/example_dags/example_short_circuit_operator.py
[2023-04-14T14:51:50.888+0000] {processor.py:753} INFO - DAG(s) dict_keys(['example_short_circuit_operator']) retrieved from /home/airflow/.local/lib/python3.7/site-packages/airflow/example_dags/example_short_circuit_operator.py
[2023-04-14T14:51:50.916+0000] {logging_mixin.py:137} INFO - [2023-04-14T14:51:50.916+0000] {dag.py:2693} INFO - Sync 1 DAGs
[2023-04-14T14:51:50.935+0000] {logging_mixin.py:137} INFO - [2023-04-14T14:51:50.935+0000] {dag.py:3444} INFO - Setting next_dagrun for example_short_circuit_operator to 2023-04-13T14:51:50.935444+00:00, run_after=2023-04-14T14:51:50.935444+00:00
[2023-04-14T14:51:50.946+0000] {processor.py:175} INFO - Processing /home/airflow/.local/lib/python3.7/site-packages/airflow/example_dags/example_short_circuit_operator.py took 0.080 seconds
[2023-04-14T14:52:21.236+0000] {processor.py:153} INFO - Started process (PID=1099) to work on /home/airflow/.local/lib/python3.7/site-packages/airflow/example_dags/example_short_circuit_operator.py
[2023-04-14T14:52:21.238+0000] {processor.py:743} INFO - Processing file /home/airflow/.local/lib/python3.7/site-packages/airflow/example_dags/example_short_circuit_operator.py for tasks to queue
[2023-04-14T14:52:21.239+0000] {logging_mixin.py:137} INFO - [2023-04-14T14:52:21.239+0000] {dagbag.py:532} INFO - Filling up the DagBag from /home/airflow/.local/lib/python3.7/site-packages/airflow/example_dags/example_short_circuit_operator.py
[2023-04-14T14:52:21.251+0000] {processor.py:753} INFO - DAG(s) dict_keys(['example_short_circuit_operator']) retrieved from /home/airflow/.local/lib/python3.7/site-packages/airflow/example_dags/example_short_circuit_operator.py
[2023-04-14T14:52:21.279+0000] {logging_mixin.py:137} INFO - [2023-04-14T14:52:21.279+0000] {dag.py:2693} INFO - Sync 1 DAGs
[2023-04-14T14:52:21.296+0000] {logging_mixin.py:137} INFO - [2023-04-14T14:52:21.296+0000] {dag.py:3444} INFO - Setting next_dagrun for example_short_circuit_operator to 2023-04-13T14:52:21.296083+00:00, run_after=2023-04-14T14:52:21.296083+00:00
[2023-04-14T14:52:21.307+0000] {processor.py:175} INFO - Processing /home/airflow/.local/lib/python3.7/site-packages/airflow/example_dags/example_short_circuit_operator.py took 0.074 seconds
[2023-04-14T14:52:51.696+0000] {processor.py:153} INFO - Started process (PID=1152) to work on /home/airflow/.local/lib/python3.7/site-packages/airflow/example_dags/example_short_circuit_operator.py
[2023-04-14T14:52:51.698+0000] {processor.py:743} INFO - Processing file /home/airflow/.local/lib/python3.7/site-packages/airflow/example_dags/example_short_circuit_operator.py for tasks to queue
[2023-04-14T14:52:51.700+0000] {logging_mixin.py:137} INFO - [2023-04-14T14:52:51.700+0000] {dagbag.py:532} INFO - Filling up the DagBag from /home/airflow/.local/lib/python3.7/site-packages/airflow/example_dags/example_short_circuit_operator.py
[2023-04-14T14:52:51.717+0000] {processor.py:753} INFO - DAG(s) dict_keys(['example_short_circuit_operator']) retrieved from /home/airflow/.local/lib/python3.7/site-packages/airflow/example_dags/example_short_circuit_operator.py
[2023-04-14T14:52:51.751+0000] {logging_mixin.py:137} INFO - [2023-04-14T14:52:51.751+0000] {dag.py:2693} INFO - Sync 1 DAGs
[2023-04-14T14:52:51.767+0000] {logging_mixin.py:137} INFO - [2023-04-14T14:52:51.767+0000] {dag.py:3444} INFO - Setting next_dagrun for example_short_circuit_operator to 2023-04-13T14:52:51.766955+00:00, run_after=2023-04-14T14:52:51.766955+00:00
[2023-04-14T14:52:51.780+0000] {processor.py:175} INFO - Processing /home/airflow/.local/lib/python3.7/site-packages/airflow/example_dags/example_short_circuit_operator.py took 0.088 seconds
[2023-04-14T14:53:22.101+0000] {processor.py:153} INFO - Started process (PID=1204) to work on /home/airflow/.local/lib/python3.7/site-packages/airflow/example_dags/example_short_circuit_operator.py
[2023-04-14T14:53:22.103+0000] {processor.py:743} INFO - Processing file /home/airflow/.local/lib/python3.7/site-packages/airflow/example_dags/example_short_circuit_operator.py for tasks to queue
[2023-04-14T14:53:22.103+0000] {logging_mixin.py:137} INFO - [2023-04-14T14:53:22.103+0000] {dagbag.py:532} INFO - Filling up the DagBag from /home/airflow/.local/lib/python3.7/site-packages/airflow/example_dags/example_short_circuit_operator.py
[2023-04-14T14:53:22.119+0000] {processor.py:753} INFO - DAG(s) dict_keys(['example_short_circuit_operator']) retrieved from /home/airflow/.local/lib/python3.7/site-packages/airflow/example_dags/example_short_circuit_operator.py
[2023-04-14T14:53:22.146+0000] {logging_mixin.py:137} INFO - [2023-04-14T14:53:22.146+0000] {dag.py:2693} INFO - Sync 1 DAGs
[2023-04-14T14:53:22.162+0000] {logging_mixin.py:137} INFO - [2023-04-14T14:53:22.162+0000] {dag.py:3444} INFO - Setting next_dagrun for example_short_circuit_operator to 2023-04-13T14:53:22.162537+00:00, run_after=2023-04-14T14:53:22.162537+00:00
[2023-04-14T14:53:22.177+0000] {processor.py:175} INFO - Processing /home/airflow/.local/lib/python3.7/site-packages/airflow/example_dags/example_short_circuit_operator.py took 0.079 seconds
[2023-04-14T14:53:52.366+0000] {processor.py:153} INFO - Started process (PID=1256) to work on /home/airflow/.local/lib/python3.7/site-packages/airflow/example_dags/example_short_circuit_operator.py
[2023-04-14T14:53:52.368+0000] {processor.py:743} INFO - Processing file /home/airflow/.local/lib/python3.7/site-packages/airflow/example_dags/example_short_circuit_operator.py for tasks to queue
[2023-04-14T14:53:52.369+0000] {logging_mixin.py:137} INFO - [2023-04-14T14:53:52.369+0000] {dagbag.py:532} INFO - Filling up the DagBag from /home/airflow/.local/lib/python3.7/site-packages/airflow/example_dags/example_short_circuit_operator.py
[2023-04-14T14:53:52.387+0000] {processor.py:753} INFO - DAG(s) dict_keys(['example_short_circuit_operator']) retrieved from /home/airflow/.local/lib/python3.7/site-packages/airflow/example_dags/example_short_circuit_operator.py
[2023-04-14T14:53:52.416+0000] {logging_mixin.py:137} INFO - [2023-04-14T14:53:52.416+0000] {dag.py:2693} INFO - Sync 1 DAGs
[2023-04-14T14:53:52.433+0000] {logging_mixin.py:137} INFO - [2023-04-14T14:53:52.433+0000] {dag.py:3444} INFO - Setting next_dagrun for example_short_circuit_operator to 2023-04-13T14:53:52.433446+00:00, run_after=2023-04-14T14:53:52.433446+00:00
[2023-04-14T14:53:52.446+0000] {processor.py:175} INFO - Processing /home/airflow/.local/lib/python3.7/site-packages/airflow/example_dags/example_short_circuit_operator.py took 0.082 seconds
[2023-04-14T14:54:22.708+0000] {processor.py:153} INFO - Started process (PID=1309) to work on /home/airflow/.local/lib/python3.7/site-packages/airflow/example_dags/example_short_circuit_operator.py
[2023-04-14T14:54:22.710+0000] {processor.py:743} INFO - Processing file /home/airflow/.local/lib/python3.7/site-packages/airflow/example_dags/example_short_circuit_operator.py for tasks to queue
[2023-04-14T14:54:22.711+0000] {logging_mixin.py:137} INFO - [2023-04-14T14:54:22.711+0000] {dagbag.py:532} INFO - Filling up the DagBag from /home/airflow/.local/lib/python3.7/site-packages/airflow/example_dags/example_short_circuit_operator.py
[2023-04-14T14:54:22.725+0000] {processor.py:753} INFO - DAG(s) dict_keys(['example_short_circuit_operator']) retrieved from /home/airflow/.local/lib/python3.7/site-packages/airflow/example_dags/example_short_circuit_operator.py
[2023-04-14T14:54:22.755+0000] {logging_mixin.py:137} INFO - [2023-04-14T14:54:22.755+0000] {dag.py:2693} INFO - Sync 1 DAGs
[2023-04-14T14:54:22.772+0000] {logging_mixin.py:137} INFO - [2023-04-14T14:54:22.772+0000] {dag.py:3444} INFO - Setting next_dagrun for example_short_circuit_operator to 2023-04-13T14:54:22.771890+00:00, run_after=2023-04-14T14:54:22.771890+00:00
[2023-04-14T14:54:22.784+0000] {processor.py:175} INFO - Processing /home/airflow/.local/lib/python3.7/site-packages/airflow/example_dags/example_short_circuit_operator.py took 0.079 seconds
[2023-04-14T14:54:53.120+0000] {processor.py:153} INFO - Started process (PID=1362) to work on /home/airflow/.local/lib/python3.7/site-packages/airflow/example_dags/example_short_circuit_operator.py
[2023-04-14T14:54:53.122+0000] {processor.py:743} INFO - Processing file /home/airflow/.local/lib/python3.7/site-packages/airflow/example_dags/example_short_circuit_operator.py for tasks to queue
[2023-04-14T14:54:53.124+0000] {logging_mixin.py:137} INFO - [2023-04-14T14:54:53.124+0000] {dagbag.py:532} INFO - Filling up the DagBag from /home/airflow/.local/lib/python3.7/site-packages/airflow/example_dags/example_short_circuit_operator.py
[2023-04-14T14:54:53.140+0000] {processor.py:753} INFO - DAG(s) dict_keys(['example_short_circuit_operator']) retrieved from /home/airflow/.local/lib/python3.7/site-packages/airflow/example_dags/example_short_circuit_operator.py
[2023-04-14T14:54:53.165+0000] {logging_mixin.py:137} INFO - [2023-04-14T14:54:53.165+0000] {dag.py:2693} INFO - Sync 1 DAGs
[2023-04-14T14:54:53.183+0000] {logging_mixin.py:137} INFO - [2023-04-14T14:54:53.183+0000] {dag.py:3444} INFO - Setting next_dagrun for example_short_circuit_operator to 2023-04-13T14:54:53.182775+00:00, run_after=2023-04-14T14:54:53.182775+00:00
[2023-04-14T14:54:53.194+0000] {processor.py:175} INFO - Processing /home/airflow/.local/lib/python3.7/site-packages/airflow/example_dags/example_short_circuit_operator.py took 0.079 seconds
[2023-04-14T14:55:23.649+0000] {processor.py:153} INFO - Started process (PID=1414) to work on /home/airflow/.local/lib/python3.7/site-packages/airflow/example_dags/example_short_circuit_operator.py
[2023-04-14T14:55:23.651+0000] {processor.py:743} INFO - Processing file /home/airflow/.local/lib/python3.7/site-packages/airflow/example_dags/example_short_circuit_operator.py for tasks to queue
[2023-04-14T14:55:23.652+0000] {logging_mixin.py:137} INFO - [2023-04-14T14:55:23.652+0000] {dagbag.py:532} INFO - Filling up the DagBag from /home/airflow/.local/lib/python3.7/site-packages/airflow/example_dags/example_short_circuit_operator.py
[2023-04-14T14:55:23.679+0000] {processor.py:753} INFO - DAG(s) dict_keys(['example_short_circuit_operator']) retrieved from /home/airflow/.local/lib/python3.7/site-packages/airflow/example_dags/example_short_circuit_operator.py
[2023-04-14T14:55:23.723+0000] {logging_mixin.py:137} INFO - [2023-04-14T14:55:23.723+0000] {dag.py:2693} INFO - Sync 1 DAGs
[2023-04-14T14:55:23.742+0000] {logging_mixin.py:137} INFO - [2023-04-14T14:55:23.742+0000] {dag.py:3444} INFO - Setting next_dagrun for example_short_circuit_operator to 2023-04-13T14:55:23.742390+00:00, run_after=2023-04-14T14:55:23.742390+00:00
[2023-04-14T14:55:23.756+0000] {processor.py:175} INFO - Processing /home/airflow/.local/lib/python3.7/site-packages/airflow/example_dags/example_short_circuit_operator.py took 0.110 seconds
[2023-04-14T14:55:53.897+0000] {processor.py:153} INFO - Started process (PID=1466) to work on /home/airflow/.local/lib/python3.7/site-packages/airflow/example_dags/example_short_circuit_operator.py
[2023-04-14T14:55:53.899+0000] {processor.py:743} INFO - Processing file /home/airflow/.local/lib/python3.7/site-packages/airflow/example_dags/example_short_circuit_operator.py for tasks to queue
[2023-04-14T14:55:53.900+0000] {logging_mixin.py:137} INFO - [2023-04-14T14:55:53.900+0000] {dagbag.py:532} INFO - Filling up the DagBag from /home/airflow/.local/lib/python3.7/site-packages/airflow/example_dags/example_short_circuit_operator.py
[2023-04-14T14:55:53.914+0000] {processor.py:753} INFO - DAG(s) dict_keys(['example_short_circuit_operator']) retrieved from /home/airflow/.local/lib/python3.7/site-packages/airflow/example_dags/example_short_circuit_operator.py
[2023-04-14T14:55:53.942+0000] {logging_mixin.py:137} INFO - [2023-04-14T14:55:53.942+0000] {dag.py:2693} INFO - Sync 1 DAGs
[2023-04-14T14:55:53.960+0000] {logging_mixin.py:137} INFO - [2023-04-14T14:55:53.960+0000] {dag.py:3444} INFO - Setting next_dagrun for example_short_circuit_operator to 2023-04-13T14:55:53.959959+00:00, run_after=2023-04-14T14:55:53.959959+00:00
[2023-04-14T14:55:53.972+0000] {processor.py:175} INFO - Processing /home/airflow/.local/lib/python3.7/site-packages/airflow/example_dags/example_short_circuit_operator.py took 0.081 seconds
[2023-04-14T14:56:24.223+0000] {processor.py:153} INFO - Started process (PID=1519) to work on /home/airflow/.local/lib/python3.7/site-packages/airflow/example_dags/example_short_circuit_operator.py
[2023-04-14T14:56:24.225+0000] {processor.py:743} INFO - Processing file /home/airflow/.local/lib/python3.7/site-packages/airflow/example_dags/example_short_circuit_operator.py for tasks to queue
[2023-04-14T14:56:24.225+0000] {logging_mixin.py:137} INFO - [2023-04-14T14:56:24.225+0000] {dagbag.py:532} INFO - Filling up the DagBag from /home/airflow/.local/lib/python3.7/site-packages/airflow/example_dags/example_short_circuit_operator.py
[2023-04-14T14:56:24.239+0000] {processor.py:753} INFO - DAG(s) dict_keys(['example_short_circuit_operator']) retrieved from /home/airflow/.local/lib/python3.7/site-packages/airflow/example_dags/example_short_circuit_operator.py
[2023-04-14T14:56:24.283+0000] {logging_mixin.py:137} INFO - [2023-04-14T14:56:24.282+0000] {dag.py:2693} INFO - Sync 1 DAGs
[2023-04-14T14:56:24.308+0000] {logging_mixin.py:137} INFO - [2023-04-14T14:56:24.308+0000] {dag.py:3444} INFO - Setting next_dagrun for example_short_circuit_operator to 2023-04-13T14:56:24.307875+00:00, run_after=2023-04-14T14:56:24.307875+00:00
[2023-04-14T14:56:24.329+0000] {processor.py:175} INFO - Processing /home/airflow/.local/lib/python3.7/site-packages/airflow/example_dags/example_short_circuit_operator.py took 0.109 seconds
[2023-04-14T14:56:54.895+0000] {processor.py:153} INFO - Started process (PID=1572) to work on /home/airflow/.local/lib/python3.7/site-packages/airflow/example_dags/example_short_circuit_operator.py
[2023-04-14T14:56:54.897+0000] {processor.py:743} INFO - Processing file /home/airflow/.local/lib/python3.7/site-packages/airflow/example_dags/example_short_circuit_operator.py for tasks to queue
[2023-04-14T14:56:54.897+0000] {logging_mixin.py:137} INFO - [2023-04-14T14:56:54.897+0000] {dagbag.py:532} INFO - Filling up the DagBag from /home/airflow/.local/lib/python3.7/site-packages/airflow/example_dags/example_short_circuit_operator.py
[2023-04-14T14:56:54.914+0000] {processor.py:753} INFO - DAG(s) dict_keys(['example_short_circuit_operator']) retrieved from /home/airflow/.local/lib/python3.7/site-packages/airflow/example_dags/example_short_circuit_operator.py
[2023-04-14T14:56:54.937+0000] {logging_mixin.py:137} INFO - [2023-04-14T14:56:54.937+0000] {dag.py:2693} INFO - Sync 1 DAGs
[2023-04-14T14:56:54.959+0000] {logging_mixin.py:137} INFO - [2023-04-14T14:56:54.959+0000] {dag.py:3444} INFO - Setting next_dagrun for example_short_circuit_operator to 2023-04-13T14:56:54.958873+00:00, run_after=2023-04-14T14:56:54.958873+00:00
[2023-04-14T14:56:54.975+0000] {processor.py:175} INFO - Processing /home/airflow/.local/lib/python3.7/site-packages/airflow/example_dags/example_short_circuit_operator.py took 0.083 seconds
[2023-04-14T14:57:25.187+0000] {processor.py:153} INFO - Started process (PID=1625) to work on /home/airflow/.local/lib/python3.7/site-packages/airflow/example_dags/example_short_circuit_operator.py
[2023-04-14T14:57:25.190+0000] {processor.py:743} INFO - Processing file /home/airflow/.local/lib/python3.7/site-packages/airflow/example_dags/example_short_circuit_operator.py for tasks to queue
[2023-04-14T14:57:25.194+0000] {logging_mixin.py:137} INFO - [2023-04-14T14:57:25.194+0000] {dagbag.py:532} INFO - Filling up the DagBag from /home/airflow/.local/lib/python3.7/site-packages/airflow/example_dags/example_short_circuit_operator.py
[2023-04-14T14:57:25.220+0000] {processor.py:753} INFO - DAG(s) dict_keys(['example_short_circuit_operator']) retrieved from /home/airflow/.local/lib/python3.7/site-packages/airflow/example_dags/example_short_circuit_operator.py
[2023-04-14T14:57:25.275+0000] {logging_mixin.py:137} INFO - [2023-04-14T14:57:25.275+0000] {dag.py:2693} INFO - Sync 1 DAGs
[2023-04-14T14:57:25.296+0000] {logging_mixin.py:137} INFO - [2023-04-14T14:57:25.296+0000] {dag.py:3444} INFO - Setting next_dagrun for example_short_circuit_operator to 2023-04-13T14:57:25.296051+00:00, run_after=2023-04-14T14:57:25.296051+00:00
[2023-04-14T14:57:25.312+0000] {processor.py:175} INFO - Processing /home/airflow/.local/lib/python3.7/site-packages/airflow/example_dags/example_short_circuit_operator.py took 0.130 seconds
[2023-04-14T15:05:46.302+0000] {processor.py:153} INFO - Started process (PID=1641) to work on /home/airflow/.local/lib/python3.7/site-packages/airflow/example_dags/example_short_circuit_operator.py
[2023-04-14T15:05:46.306+0000] {processor.py:743} INFO - Processing file /home/airflow/.local/lib/python3.7/site-packages/airflow/example_dags/example_short_circuit_operator.py for tasks to queue
[2023-04-14T15:05:46.313+0000] {logging_mixin.py:137} INFO - [2023-04-14T15:05:46.313+0000] {dagbag.py:532} INFO - Filling up the DagBag from /home/airflow/.local/lib/python3.7/site-packages/airflow/example_dags/example_short_circuit_operator.py
[2023-04-14T15:05:46.391+0000] {processor.py:753} INFO - DAG(s) dict_keys(['example_short_circuit_operator']) retrieved from /home/airflow/.local/lib/python3.7/site-packages/airflow/example_dags/example_short_circuit_operator.py
[2023-04-14T15:05:46.612+0000] {logging_mixin.py:137} INFO - [2023-04-14T15:05:46.611+0000] {dag.py:2693} INFO - Sync 1 DAGs
[2023-04-14T15:05:46.869+0000] {logging_mixin.py:137} INFO - [2023-04-14T15:05:46.869+0000] {dag.py:3444} INFO - Setting next_dagrun for example_short_circuit_operator to 2023-04-13T15:05:46.805171+00:00, run_after=2023-04-14T15:05:46.805171+00:00
[2023-04-14T15:05:47.203+0000] {processor.py:175} INFO - Processing /home/airflow/.local/lib/python3.7/site-packages/airflow/example_dags/example_short_circuit_operator.py took 0.930 seconds
