[2023-04-14T14:30:16.174+0000] {processor.py:153} INFO - Started process (PID=48) to work on /home/airflow/.local/lib/python3.7/site-packages/airflow/example_dags/example_external_task_marker_dag.py
[2023-04-14T14:30:16.178+0000] {processor.py:743} INFO - Processing file /home/airflow/.local/lib/python3.7/site-packages/airflow/example_dags/example_external_task_marker_dag.py for tasks to queue
[2023-04-14T14:30:16.182+0000] {logging_mixin.py:137} INFO - [2023-04-14T14:30:16.182+0000] {dagbag.py:532} INFO - Filling up the DagBag from /home/airflow/.local/lib/python3.7/site-packages/airflow/example_dags/example_external_task_marker_dag.py
[2023-04-14T14:30:16.281+0000] {processor.py:753} INFO - DAG(s) dict_keys(['example_external_task_marker_child', 'example_external_task_marker_parent']) retrieved from /home/airflow/.local/lib/python3.7/site-packages/airflow/example_dags/example_external_task_marker_dag.py
[2023-04-14T14:30:16.362+0000] {logging_mixin.py:137} INFO - [2023-04-14T14:30:16.362+0000] {dag.py:2693} INFO - Sync 2 DAGs
[2023-04-14T14:30:16.427+0000] {logging_mixin.py:137} INFO - [2023-04-14T14:30:16.427+0000] {dag.py:3444} INFO - Setting next_dagrun for example_external_task_marker_child to None, run_after=None
[2023-04-14T14:30:16.440+0000] {logging_mixin.py:137} INFO - [2023-04-14T14:30:16.440+0000] {dag.py:3444} INFO - Setting next_dagrun for example_external_task_marker_parent to None, run_after=None
[2023-04-14T14:30:16.469+0000] {processor.py:175} INFO - Processing /home/airflow/.local/lib/python3.7/site-packages/airflow/example_dags/example_external_task_marker_dag.py took 0.302 seconds
[2023-04-14T14:30:46.656+0000] {processor.py:153} INFO - Started process (PID=102) to work on /home/airflow/.local/lib/python3.7/site-packages/airflow/example_dags/example_external_task_marker_dag.py
[2023-04-14T14:30:46.657+0000] {processor.py:743} INFO - Processing file /home/airflow/.local/lib/python3.7/site-packages/airflow/example_dags/example_external_task_marker_dag.py for tasks to queue
[2023-04-14T14:30:46.658+0000] {logging_mixin.py:137} INFO - [2023-04-14T14:30:46.658+0000] {dagbag.py:532} INFO - Filling up the DagBag from /home/airflow/.local/lib/python3.7/site-packages/airflow/example_dags/example_external_task_marker_dag.py
[2023-04-14T14:30:46.667+0000] {processor.py:753} INFO - DAG(s) dict_keys(['example_external_task_marker_parent', 'example_external_task_marker_child']) retrieved from /home/airflow/.local/lib/python3.7/site-packages/airflow/example_dags/example_external_task_marker_dag.py
[2023-04-14T14:30:46.689+0000] {logging_mixin.py:137} INFO - [2023-04-14T14:30:46.689+0000] {dag.py:2693} INFO - Sync 2 DAGs
[2023-04-14T14:30:46.704+0000] {logging_mixin.py:137} INFO - [2023-04-14T14:30:46.704+0000] {dag.py:3444} INFO - Setting next_dagrun for example_external_task_marker_child to None, run_after=None
[2023-04-14T14:30:46.707+0000] {logging_mixin.py:137} INFO - [2023-04-14T14:30:46.706+0000] {dag.py:3444} INFO - Setting next_dagrun for example_external_task_marker_parent to None, run_after=None
[2023-04-14T14:30:46.716+0000] {processor.py:175} INFO - Processing /home/airflow/.local/lib/python3.7/site-packages/airflow/example_dags/example_external_task_marker_dag.py took 0.062 seconds
[2023-04-14T14:31:16.963+0000] {processor.py:153} INFO - Started process (PID=154) to work on /home/airflow/.local/lib/python3.7/site-packages/airflow/example_dags/example_external_task_marker_dag.py
[2023-04-14T14:31:16.969+0000] {processor.py:743} INFO - Processing file /home/airflow/.local/lib/python3.7/site-packages/airflow/example_dags/example_external_task_marker_dag.py for tasks to queue
[2023-04-14T14:31:16.970+0000] {logging_mixin.py:137} INFO - [2023-04-14T14:31:16.970+0000] {dagbag.py:532} INFO - Filling up the DagBag from /home/airflow/.local/lib/python3.7/site-packages/airflow/example_dags/example_external_task_marker_dag.py
[2023-04-14T14:31:16.985+0000] {processor.py:753} INFO - DAG(s) dict_keys(['example_external_task_marker_parent', 'example_external_task_marker_child']) retrieved from /home/airflow/.local/lib/python3.7/site-packages/airflow/example_dags/example_external_task_marker_dag.py
[2023-04-14T14:31:17.017+0000] {logging_mixin.py:137} INFO - [2023-04-14T14:31:17.017+0000] {dag.py:2693} INFO - Sync 2 DAGs
[2023-04-14T14:31:17.034+0000] {logging_mixin.py:137} INFO - [2023-04-14T14:31:17.034+0000] {dag.py:3444} INFO - Setting next_dagrun for example_external_task_marker_child to None, run_after=None
[2023-04-14T14:31:17.037+0000] {logging_mixin.py:137} INFO - [2023-04-14T14:31:17.037+0000] {dag.py:3444} INFO - Setting next_dagrun for example_external_task_marker_parent to None, run_after=None
[2023-04-14T14:31:17.048+0000] {processor.py:175} INFO - Processing /home/airflow/.local/lib/python3.7/site-packages/airflow/example_dags/example_external_task_marker_dag.py took 0.088 seconds
[2023-04-14T14:31:47.960+0000] {processor.py:153} INFO - Started process (PID=207) to work on /home/airflow/.local/lib/python3.7/site-packages/airflow/example_dags/example_external_task_marker_dag.py
[2023-04-14T14:31:47.962+0000] {processor.py:743} INFO - Processing file /home/airflow/.local/lib/python3.7/site-packages/airflow/example_dags/example_external_task_marker_dag.py for tasks to queue
[2023-04-14T14:31:47.963+0000] {logging_mixin.py:137} INFO - [2023-04-14T14:31:47.963+0000] {dagbag.py:532} INFO - Filling up the DagBag from /home/airflow/.local/lib/python3.7/site-packages/airflow/example_dags/example_external_task_marker_dag.py
[2023-04-14T14:31:47.976+0000] {processor.py:753} INFO - DAG(s) dict_keys(['example_external_task_marker_parent', 'example_external_task_marker_child']) retrieved from /home/airflow/.local/lib/python3.7/site-packages/airflow/example_dags/example_external_task_marker_dag.py
[2023-04-14T14:31:48.002+0000] {logging_mixin.py:137} INFO - [2023-04-14T14:31:48.002+0000] {dag.py:2693} INFO - Sync 2 DAGs
[2023-04-14T14:31:48.019+0000] {logging_mixin.py:137} INFO - [2023-04-14T14:31:48.019+0000] {dag.py:3444} INFO - Setting next_dagrun for example_external_task_marker_child to None, run_after=None
[2023-04-14T14:31:48.022+0000] {logging_mixin.py:137} INFO - [2023-04-14T14:31:48.022+0000] {dag.py:3444} INFO - Setting next_dagrun for example_external_task_marker_parent to None, run_after=None
[2023-04-14T14:31:48.031+0000] {processor.py:175} INFO - Processing /home/airflow/.local/lib/python3.7/site-packages/airflow/example_dags/example_external_task_marker_dag.py took 0.075 seconds
[2023-04-14T14:32:18.978+0000] {processor.py:153} INFO - Started process (PID=259) to work on /home/airflow/.local/lib/python3.7/site-packages/airflow/example_dags/example_external_task_marker_dag.py
[2023-04-14T14:32:18.979+0000] {processor.py:743} INFO - Processing file /home/airflow/.local/lib/python3.7/site-packages/airflow/example_dags/example_external_task_marker_dag.py for tasks to queue
[2023-04-14T14:32:18.980+0000] {logging_mixin.py:137} INFO - [2023-04-14T14:32:18.980+0000] {dagbag.py:532} INFO - Filling up the DagBag from /home/airflow/.local/lib/python3.7/site-packages/airflow/example_dags/example_external_task_marker_dag.py
[2023-04-14T14:32:18.990+0000] {processor.py:753} INFO - DAG(s) dict_keys(['example_external_task_marker_parent', 'example_external_task_marker_child']) retrieved from /home/airflow/.local/lib/python3.7/site-packages/airflow/example_dags/example_external_task_marker_dag.py
[2023-04-14T14:32:19.014+0000] {logging_mixin.py:137} INFO - [2023-04-14T14:32:19.014+0000] {dag.py:2693} INFO - Sync 2 DAGs
[2023-04-14T14:32:19.030+0000] {logging_mixin.py:137} INFO - [2023-04-14T14:32:19.030+0000] {dag.py:3444} INFO - Setting next_dagrun for example_external_task_marker_child to None, run_after=None
[2023-04-14T14:32:19.033+0000] {logging_mixin.py:137} INFO - [2023-04-14T14:32:19.033+0000] {dag.py:3444} INFO - Setting next_dagrun for example_external_task_marker_parent to None, run_after=None
[2023-04-14T14:32:19.043+0000] {processor.py:175} INFO - Processing /home/airflow/.local/lib/python3.7/site-packages/airflow/example_dags/example_external_task_marker_dag.py took 0.068 seconds
[2023-04-14T14:33:42.528+0000] {processor.py:153} INFO - Started process (PID=41) to work on /home/airflow/.local/lib/python3.7/site-packages/airflow/example_dags/example_external_task_marker_dag.py
[2023-04-14T14:33:42.576+0000] {processor.py:743} INFO - Processing file /home/airflow/.local/lib/python3.7/site-packages/airflow/example_dags/example_external_task_marker_dag.py for tasks to queue
[2023-04-14T14:33:42.614+0000] {logging_mixin.py:137} INFO - [2023-04-14T14:33:42.613+0000] {dagbag.py:532} INFO - Filling up the DagBag from /home/airflow/.local/lib/python3.7/site-packages/airflow/example_dags/example_external_task_marker_dag.py
[2023-04-14T14:33:42.785+0000] {processor.py:753} INFO - DAG(s) dict_keys(['example_external_task_marker_child', 'example_external_task_marker_parent']) retrieved from /home/airflow/.local/lib/python3.7/site-packages/airflow/example_dags/example_external_task_marker_dag.py
[2023-04-14T14:33:43.134+0000] {logging_mixin.py:137} INFO - [2023-04-14T14:33:43.133+0000] {dag.py:2693} INFO - Sync 2 DAGs
[2023-04-14T14:33:43.197+0000] {logging_mixin.py:137} INFO - [2023-04-14T14:33:43.197+0000] {dag.py:3444} INFO - Setting next_dagrun for example_external_task_marker_child to None, run_after=None
[2023-04-14T14:33:43.209+0000] {logging_mixin.py:137} INFO - [2023-04-14T14:33:43.209+0000] {dag.py:3444} INFO - Setting next_dagrun for example_external_task_marker_parent to None, run_after=None
[2023-04-14T14:33:43.362+0000] {processor.py:175} INFO - Processing /home/airflow/.local/lib/python3.7/site-packages/airflow/example_dags/example_external_task_marker_dag.py took 0.896 seconds
[2023-04-14T14:34:14.065+0000] {processor.py:153} INFO - Started process (PID=92) to work on /home/airflow/.local/lib/python3.7/site-packages/airflow/example_dags/example_external_task_marker_dag.py
[2023-04-14T14:34:14.067+0000] {processor.py:743} INFO - Processing file /home/airflow/.local/lib/python3.7/site-packages/airflow/example_dags/example_external_task_marker_dag.py for tasks to queue
[2023-04-14T14:34:14.068+0000] {logging_mixin.py:137} INFO - [2023-04-14T14:34:14.068+0000] {dagbag.py:532} INFO - Filling up the DagBag from /home/airflow/.local/lib/python3.7/site-packages/airflow/example_dags/example_external_task_marker_dag.py
[2023-04-14T14:34:14.103+0000] {processor.py:753} INFO - DAG(s) dict_keys(['example_external_task_marker_child', 'example_external_task_marker_parent']) retrieved from /home/airflow/.local/lib/python3.7/site-packages/airflow/example_dags/example_external_task_marker_dag.py
[2023-04-14T14:34:14.141+0000] {logging_mixin.py:137} INFO - [2023-04-14T14:34:14.141+0000] {dag.py:2693} INFO - Sync 2 DAGs
[2023-04-14T14:34:14.162+0000] {logging_mixin.py:137} INFO - [2023-04-14T14:34:14.162+0000] {dag.py:3444} INFO - Setting next_dagrun for example_external_task_marker_child to None, run_after=None
[2023-04-14T14:34:14.165+0000] {logging_mixin.py:137} INFO - [2023-04-14T14:34:14.165+0000] {dag.py:3444} INFO - Setting next_dagrun for example_external_task_marker_parent to None, run_after=None
[2023-04-14T14:34:14.177+0000] {processor.py:175} INFO - Processing /home/airflow/.local/lib/python3.7/site-packages/airflow/example_dags/example_external_task_marker_dag.py took 0.117 seconds
[2023-04-14T14:34:44.797+0000] {processor.py:153} INFO - Started process (PID=144) to work on /home/airflow/.local/lib/python3.7/site-packages/airflow/example_dags/example_external_task_marker_dag.py
[2023-04-14T14:34:44.801+0000] {processor.py:743} INFO - Processing file /home/airflow/.local/lib/python3.7/site-packages/airflow/example_dags/example_external_task_marker_dag.py for tasks to queue
[2023-04-14T14:34:44.803+0000] {logging_mixin.py:137} INFO - [2023-04-14T14:34:44.803+0000] {dagbag.py:532} INFO - Filling up the DagBag from /home/airflow/.local/lib/python3.7/site-packages/airflow/example_dags/example_external_task_marker_dag.py
[2023-04-14T14:34:44.841+0000] {processor.py:753} INFO - DAG(s) dict_keys(['example_external_task_marker_parent', 'example_external_task_marker_child']) retrieved from /home/airflow/.local/lib/python3.7/site-packages/airflow/example_dags/example_external_task_marker_dag.py
[2023-04-14T14:34:44.932+0000] {logging_mixin.py:137} INFO - [2023-04-14T14:34:44.932+0000] {dag.py:2693} INFO - Sync 2 DAGs
[2023-04-14T14:34:44.975+0000] {logging_mixin.py:137} INFO - [2023-04-14T14:34:44.975+0000] {dag.py:3444} INFO - Setting next_dagrun for example_external_task_marker_child to None, run_after=None
[2023-04-14T14:34:44.981+0000] {logging_mixin.py:137} INFO - [2023-04-14T14:34:44.981+0000] {dag.py:3444} INFO - Setting next_dagrun for example_external_task_marker_parent to None, run_after=None
[2023-04-14T14:34:45.012+0000] {processor.py:175} INFO - Processing /home/airflow/.local/lib/python3.7/site-packages/airflow/example_dags/example_external_task_marker_dag.py took 0.239 seconds
[2023-04-14T14:35:15.298+0000] {processor.py:153} INFO - Started process (PID=197) to work on /home/airflow/.local/lib/python3.7/site-packages/airflow/example_dags/example_external_task_marker_dag.py
[2023-04-14T14:35:15.299+0000] {processor.py:743} INFO - Processing file /home/airflow/.local/lib/python3.7/site-packages/airflow/example_dags/example_external_task_marker_dag.py for tasks to queue
[2023-04-14T14:35:15.300+0000] {logging_mixin.py:137} INFO - [2023-04-14T14:35:15.300+0000] {dagbag.py:532} INFO - Filling up the DagBag from /home/airflow/.local/lib/python3.7/site-packages/airflow/example_dags/example_external_task_marker_dag.py
[2023-04-14T14:35:15.312+0000] {processor.py:753} INFO - DAG(s) dict_keys(['example_external_task_marker_child', 'example_external_task_marker_parent']) retrieved from /home/airflow/.local/lib/python3.7/site-packages/airflow/example_dags/example_external_task_marker_dag.py
[2023-04-14T14:35:15.338+0000] {logging_mixin.py:137} INFO - [2023-04-14T14:35:15.338+0000] {dag.py:2693} INFO - Sync 2 DAGs
[2023-04-14T14:35:15.359+0000] {logging_mixin.py:137} INFO - [2023-04-14T14:35:15.359+0000] {dag.py:3444} INFO - Setting next_dagrun for example_external_task_marker_child to None, run_after=None
[2023-04-14T14:35:15.362+0000] {logging_mixin.py:137} INFO - [2023-04-14T14:35:15.362+0000] {dag.py:3444} INFO - Setting next_dagrun for example_external_task_marker_parent to None, run_after=None
[2023-04-14T14:35:15.375+0000] {processor.py:175} INFO - Processing /home/airflow/.local/lib/python3.7/site-packages/airflow/example_dags/example_external_task_marker_dag.py took 0.080 seconds
[2023-04-14T14:35:45.806+0000] {processor.py:153} INFO - Started process (PID=250) to work on /home/airflow/.local/lib/python3.7/site-packages/airflow/example_dags/example_external_task_marker_dag.py
[2023-04-14T14:35:45.808+0000] {processor.py:743} INFO - Processing file /home/airflow/.local/lib/python3.7/site-packages/airflow/example_dags/example_external_task_marker_dag.py for tasks to queue
[2023-04-14T14:35:45.808+0000] {logging_mixin.py:137} INFO - [2023-04-14T14:35:45.808+0000] {dagbag.py:532} INFO - Filling up the DagBag from /home/airflow/.local/lib/python3.7/site-packages/airflow/example_dags/example_external_task_marker_dag.py
[2023-04-14T14:35:45.826+0000] {processor.py:753} INFO - DAG(s) dict_keys(['example_external_task_marker_child', 'example_external_task_marker_parent']) retrieved from /home/airflow/.local/lib/python3.7/site-packages/airflow/example_dags/example_external_task_marker_dag.py
[2023-04-14T14:35:45.859+0000] {logging_mixin.py:137} INFO - [2023-04-14T14:35:45.859+0000] {dag.py:2693} INFO - Sync 2 DAGs
[2023-04-14T14:35:45.884+0000] {logging_mixin.py:137} INFO - [2023-04-14T14:35:45.884+0000] {dag.py:3444} INFO - Setting next_dagrun for example_external_task_marker_child to None, run_after=None
[2023-04-14T14:35:45.887+0000] {logging_mixin.py:137} INFO - [2023-04-14T14:35:45.887+0000] {dag.py:3444} INFO - Setting next_dagrun for example_external_task_marker_parent to None, run_after=None
[2023-04-14T14:35:45.900+0000] {processor.py:175} INFO - Processing /home/airflow/.local/lib/python3.7/site-packages/airflow/example_dags/example_external_task_marker_dag.py took 0.097 seconds
[2023-04-14T14:36:16.176+0000] {processor.py:153} INFO - Started process (PID=303) to work on /home/airflow/.local/lib/python3.7/site-packages/airflow/example_dags/example_external_task_marker_dag.py
[2023-04-14T14:36:16.182+0000] {processor.py:743} INFO - Processing file /home/airflow/.local/lib/python3.7/site-packages/airflow/example_dags/example_external_task_marker_dag.py for tasks to queue
[2023-04-14T14:36:16.186+0000] {logging_mixin.py:137} INFO - [2023-04-14T14:36:16.186+0000] {dagbag.py:532} INFO - Filling up the DagBag from /home/airflow/.local/lib/python3.7/site-packages/airflow/example_dags/example_external_task_marker_dag.py
[2023-04-14T14:36:16.221+0000] {processor.py:753} INFO - DAG(s) dict_keys(['example_external_task_marker_child', 'example_external_task_marker_parent']) retrieved from /home/airflow/.local/lib/python3.7/site-packages/airflow/example_dags/example_external_task_marker_dag.py
[2023-04-14T14:36:16.277+0000] {logging_mixin.py:137} INFO - [2023-04-14T14:36:16.277+0000] {dag.py:2693} INFO - Sync 2 DAGs
[2023-04-14T14:36:16.303+0000] {logging_mixin.py:137} INFO - [2023-04-14T14:36:16.303+0000] {dag.py:3444} INFO - Setting next_dagrun for example_external_task_marker_child to None, run_after=None
[2023-04-14T14:36:16.310+0000] {logging_mixin.py:137} INFO - [2023-04-14T14:36:16.310+0000] {dag.py:3444} INFO - Setting next_dagrun for example_external_task_marker_parent to None, run_after=None
[2023-04-14T14:36:16.330+0000] {processor.py:175} INFO - Processing /home/airflow/.local/lib/python3.7/site-packages/airflow/example_dags/example_external_task_marker_dag.py took 0.168 seconds
[2023-04-14T14:36:46.916+0000] {processor.py:153} INFO - Started process (PID=356) to work on /home/airflow/.local/lib/python3.7/site-packages/airflow/example_dags/example_external_task_marker_dag.py
[2023-04-14T14:36:46.920+0000] {processor.py:743} INFO - Processing file /home/airflow/.local/lib/python3.7/site-packages/airflow/example_dags/example_external_task_marker_dag.py for tasks to queue
[2023-04-14T14:36:46.921+0000] {logging_mixin.py:137} INFO - [2023-04-14T14:36:46.921+0000] {dagbag.py:532} INFO - Filling up the DagBag from /home/airflow/.local/lib/python3.7/site-packages/airflow/example_dags/example_external_task_marker_dag.py
[2023-04-14T14:36:46.942+0000] {processor.py:753} INFO - DAG(s) dict_keys(['example_external_task_marker_parent', 'example_external_task_marker_child']) retrieved from /home/airflow/.local/lib/python3.7/site-packages/airflow/example_dags/example_external_task_marker_dag.py
[2023-04-14T14:36:46.976+0000] {logging_mixin.py:137} INFO - [2023-04-14T14:36:46.976+0000] {dag.py:2693} INFO - Sync 2 DAGs
[2023-04-14T14:36:47.000+0000] {logging_mixin.py:137} INFO - [2023-04-14T14:36:47.000+0000] {dag.py:3444} INFO - Setting next_dagrun for example_external_task_marker_child to None, run_after=None
[2023-04-14T14:36:47.003+0000] {logging_mixin.py:137} INFO - [2023-04-14T14:36:47.003+0000] {dag.py:3444} INFO - Setting next_dagrun for example_external_task_marker_parent to None, run_after=None
[2023-04-14T14:36:47.017+0000] {processor.py:175} INFO - Processing /home/airflow/.local/lib/python3.7/site-packages/airflow/example_dags/example_external_task_marker_dag.py took 0.107 seconds
[2023-04-14T14:37:17.113+0000] {processor.py:153} INFO - Started process (PID=409) to work on /home/airflow/.local/lib/python3.7/site-packages/airflow/example_dags/example_external_task_marker_dag.py
[2023-04-14T14:37:17.114+0000] {processor.py:743} INFO - Processing file /home/airflow/.local/lib/python3.7/site-packages/airflow/example_dags/example_external_task_marker_dag.py for tasks to queue
[2023-04-14T14:37:17.115+0000] {logging_mixin.py:137} INFO - [2023-04-14T14:37:17.115+0000] {dagbag.py:532} INFO - Filling up the DagBag from /home/airflow/.local/lib/python3.7/site-packages/airflow/example_dags/example_external_task_marker_dag.py
[2023-04-14T14:37:17.130+0000] {processor.py:753} INFO - DAG(s) dict_keys(['example_external_task_marker_child', 'example_external_task_marker_parent']) retrieved from /home/airflow/.local/lib/python3.7/site-packages/airflow/example_dags/example_external_task_marker_dag.py
[2023-04-14T14:37:17.159+0000] {logging_mixin.py:137} INFO - [2023-04-14T14:37:17.159+0000] {dag.py:2693} INFO - Sync 2 DAGs
[2023-04-14T14:37:17.176+0000] {logging_mixin.py:137} INFO - [2023-04-14T14:37:17.175+0000] {dag.py:3444} INFO - Setting next_dagrun for example_external_task_marker_child to None, run_after=None
[2023-04-14T14:37:17.181+0000] {logging_mixin.py:137} INFO - [2023-04-14T14:37:17.181+0000] {dag.py:3444} INFO - Setting next_dagrun for example_external_task_marker_parent to None, run_after=None
[2023-04-14T14:37:17.225+0000] {processor.py:175} INFO - Processing /home/airflow/.local/lib/python3.7/site-packages/airflow/example_dags/example_external_task_marker_dag.py took 0.117 seconds
[2023-04-14T14:37:47.540+0000] {processor.py:153} INFO - Started process (PID=462) to work on /home/airflow/.local/lib/python3.7/site-packages/airflow/example_dags/example_external_task_marker_dag.py
[2023-04-14T14:37:47.543+0000] {processor.py:743} INFO - Processing file /home/airflow/.local/lib/python3.7/site-packages/airflow/example_dags/example_external_task_marker_dag.py for tasks to queue
[2023-04-14T14:37:47.545+0000] {logging_mixin.py:137} INFO - [2023-04-14T14:37:47.544+0000] {dagbag.py:532} INFO - Filling up the DagBag from /home/airflow/.local/lib/python3.7/site-packages/airflow/example_dags/example_external_task_marker_dag.py
[2023-04-14T14:37:47.594+0000] {processor.py:753} INFO - DAG(s) dict_keys(['example_external_task_marker_parent', 'example_external_task_marker_child']) retrieved from /home/airflow/.local/lib/python3.7/site-packages/airflow/example_dags/example_external_task_marker_dag.py
[2023-04-14T14:37:47.631+0000] {logging_mixin.py:137} INFO - [2023-04-14T14:37:47.631+0000] {dag.py:2693} INFO - Sync 2 DAGs
[2023-04-14T14:37:47.660+0000] {logging_mixin.py:137} INFO - [2023-04-14T14:37:47.660+0000] {dag.py:3444} INFO - Setting next_dagrun for example_external_task_marker_child to None, run_after=None
[2023-04-14T14:37:47.664+0000] {logging_mixin.py:137} INFO - [2023-04-14T14:37:47.663+0000] {dag.py:3444} INFO - Setting next_dagrun for example_external_task_marker_parent to None, run_after=None
[2023-04-14T14:37:47.675+0000] {processor.py:175} INFO - Processing /home/airflow/.local/lib/python3.7/site-packages/airflow/example_dags/example_external_task_marker_dag.py took 0.140 seconds
[2023-04-14T14:38:18.032+0000] {processor.py:153} INFO - Started process (PID=514) to work on /home/airflow/.local/lib/python3.7/site-packages/airflow/example_dags/example_external_task_marker_dag.py
[2023-04-14T14:38:18.037+0000] {processor.py:743} INFO - Processing file /home/airflow/.local/lib/python3.7/site-packages/airflow/example_dags/example_external_task_marker_dag.py for tasks to queue
[2023-04-14T14:38:18.040+0000] {logging_mixin.py:137} INFO - [2023-04-14T14:38:18.039+0000] {dagbag.py:532} INFO - Filling up the DagBag from /home/airflow/.local/lib/python3.7/site-packages/airflow/example_dags/example_external_task_marker_dag.py
[2023-04-14T14:38:18.116+0000] {processor.py:753} INFO - DAG(s) dict_keys(['example_external_task_marker_child', 'example_external_task_marker_parent']) retrieved from /home/airflow/.local/lib/python3.7/site-packages/airflow/example_dags/example_external_task_marker_dag.py
[2023-04-14T14:38:18.195+0000] {logging_mixin.py:137} INFO - [2023-04-14T14:38:18.195+0000] {dag.py:2693} INFO - Sync 2 DAGs
[2023-04-14T14:38:18.224+0000] {logging_mixin.py:137} INFO - [2023-04-14T14:38:18.224+0000] {dag.py:3444} INFO - Setting next_dagrun for example_external_task_marker_child to None, run_after=None
[2023-04-14T14:38:18.228+0000] {logging_mixin.py:137} INFO - [2023-04-14T14:38:18.228+0000] {dag.py:3444} INFO - Setting next_dagrun for example_external_task_marker_parent to None, run_after=None
[2023-04-14T14:38:18.253+0000] {processor.py:175} INFO - Processing /home/airflow/.local/lib/python3.7/site-packages/airflow/example_dags/example_external_task_marker_dag.py took 0.232 seconds
[2023-04-14T14:38:48.399+0000] {processor.py:153} INFO - Started process (PID=571) to work on /home/airflow/.local/lib/python3.7/site-packages/airflow/example_dags/example_external_task_marker_dag.py
[2023-04-14T14:38:48.404+0000] {processor.py:743} INFO - Processing file /home/airflow/.local/lib/python3.7/site-packages/airflow/example_dags/example_external_task_marker_dag.py for tasks to queue
[2023-04-14T14:38:48.405+0000] {logging_mixin.py:137} INFO - [2023-04-14T14:38:48.405+0000] {dagbag.py:532} INFO - Filling up the DagBag from /home/airflow/.local/lib/python3.7/site-packages/airflow/example_dags/example_external_task_marker_dag.py
[2023-04-14T14:38:48.452+0000] {processor.py:753} INFO - DAG(s) dict_keys(['example_external_task_marker_parent', 'example_external_task_marker_child']) retrieved from /home/airflow/.local/lib/python3.7/site-packages/airflow/example_dags/example_external_task_marker_dag.py
[2023-04-14T14:38:48.509+0000] {logging_mixin.py:137} INFO - [2023-04-14T14:38:48.509+0000] {dag.py:2693} INFO - Sync 2 DAGs
[2023-04-14T14:38:48.569+0000] {logging_mixin.py:137} INFO - [2023-04-14T14:38:48.568+0000] {dag.py:3444} INFO - Setting next_dagrun for example_external_task_marker_child to None, run_after=None
[2023-04-14T14:38:48.572+0000] {logging_mixin.py:137} INFO - [2023-04-14T14:38:48.572+0000] {dag.py:3444} INFO - Setting next_dagrun for example_external_task_marker_parent to None, run_after=None
[2023-04-14T14:38:48.587+0000] {processor.py:175} INFO - Processing /home/airflow/.local/lib/python3.7/site-packages/airflow/example_dags/example_external_task_marker_dag.py took 0.206 seconds
[2023-04-14T14:39:19.389+0000] {processor.py:153} INFO - Started process (PID=624) to work on /home/airflow/.local/lib/python3.7/site-packages/airflow/example_dags/example_external_task_marker_dag.py
[2023-04-14T14:39:19.391+0000] {processor.py:743} INFO - Processing file /home/airflow/.local/lib/python3.7/site-packages/airflow/example_dags/example_external_task_marker_dag.py for tasks to queue
[2023-04-14T14:39:19.391+0000] {logging_mixin.py:137} INFO - [2023-04-14T14:39:19.391+0000] {dagbag.py:532} INFO - Filling up the DagBag from /home/airflow/.local/lib/python3.7/site-packages/airflow/example_dags/example_external_task_marker_dag.py
[2023-04-14T14:39:19.401+0000] {processor.py:753} INFO - DAG(s) dict_keys(['example_external_task_marker_parent', 'example_external_task_marker_child']) retrieved from /home/airflow/.local/lib/python3.7/site-packages/airflow/example_dags/example_external_task_marker_dag.py
[2023-04-14T14:39:19.433+0000] {logging_mixin.py:137} INFO - [2023-04-14T14:39:19.433+0000] {dag.py:2693} INFO - Sync 2 DAGs
[2023-04-14T14:39:19.454+0000] {logging_mixin.py:137} INFO - [2023-04-14T14:39:19.454+0000] {dag.py:3444} INFO - Setting next_dagrun for example_external_task_marker_child to None, run_after=None
[2023-04-14T14:39:19.458+0000] {logging_mixin.py:137} INFO - [2023-04-14T14:39:19.458+0000] {dag.py:3444} INFO - Setting next_dagrun for example_external_task_marker_parent to None, run_after=None
[2023-04-14T14:39:19.471+0000] {processor.py:175} INFO - Processing /home/airflow/.local/lib/python3.7/site-packages/airflow/example_dags/example_external_task_marker_dag.py took 0.085 seconds
[2023-04-14T14:39:50.176+0000] {processor.py:153} INFO - Started process (PID=677) to work on /home/airflow/.local/lib/python3.7/site-packages/airflow/example_dags/example_external_task_marker_dag.py
[2023-04-14T14:39:50.179+0000] {processor.py:743} INFO - Processing file /home/airflow/.local/lib/python3.7/site-packages/airflow/example_dags/example_external_task_marker_dag.py for tasks to queue
[2023-04-14T14:39:50.180+0000] {logging_mixin.py:137} INFO - [2023-04-14T14:39:50.180+0000] {dagbag.py:532} INFO - Filling up the DagBag from /home/airflow/.local/lib/python3.7/site-packages/airflow/example_dags/example_external_task_marker_dag.py
[2023-04-14T14:39:50.194+0000] {processor.py:753} INFO - DAG(s) dict_keys(['example_external_task_marker_child', 'example_external_task_marker_parent']) retrieved from /home/airflow/.local/lib/python3.7/site-packages/airflow/example_dags/example_external_task_marker_dag.py
[2023-04-14T14:39:50.224+0000] {logging_mixin.py:137} INFO - [2023-04-14T14:39:50.224+0000] {dag.py:2693} INFO - Sync 2 DAGs
[2023-04-14T14:39:50.242+0000] {logging_mixin.py:137} INFO - [2023-04-14T14:39:50.242+0000] {dag.py:3444} INFO - Setting next_dagrun for example_external_task_marker_child to None, run_after=None
[2023-04-14T14:39:50.245+0000] {logging_mixin.py:137} INFO - [2023-04-14T14:39:50.245+0000] {dag.py:3444} INFO - Setting next_dagrun for example_external_task_marker_parent to None, run_after=None
[2023-04-14T14:39:50.255+0000] {processor.py:175} INFO - Processing /home/airflow/.local/lib/python3.7/site-packages/airflow/example_dags/example_external_task_marker_dag.py took 0.085 seconds
[2023-04-14T14:40:21.024+0000] {processor.py:153} INFO - Started process (PID=730) to work on /home/airflow/.local/lib/python3.7/site-packages/airflow/example_dags/example_external_task_marker_dag.py
[2023-04-14T14:40:21.026+0000] {processor.py:743} INFO - Processing file /home/airflow/.local/lib/python3.7/site-packages/airflow/example_dags/example_external_task_marker_dag.py for tasks to queue
[2023-04-14T14:40:21.027+0000] {logging_mixin.py:137} INFO - [2023-04-14T14:40:21.027+0000] {dagbag.py:532} INFO - Filling up the DagBag from /home/airflow/.local/lib/python3.7/site-packages/airflow/example_dags/example_external_task_marker_dag.py
[2023-04-14T14:40:21.038+0000] {processor.py:753} INFO - DAG(s) dict_keys(['example_external_task_marker_parent', 'example_external_task_marker_child']) retrieved from /home/airflow/.local/lib/python3.7/site-packages/airflow/example_dags/example_external_task_marker_dag.py
[2023-04-14T14:40:21.060+0000] {logging_mixin.py:137} INFO - [2023-04-14T14:40:21.060+0000] {dag.py:2693} INFO - Sync 2 DAGs
[2023-04-14T14:40:21.076+0000] {logging_mixin.py:137} INFO - [2023-04-14T14:40:21.075+0000] {dag.py:3444} INFO - Setting next_dagrun for example_external_task_marker_child to None, run_after=None
[2023-04-14T14:40:21.078+0000] {logging_mixin.py:137} INFO - [2023-04-14T14:40:21.078+0000] {dag.py:3444} INFO - Setting next_dagrun for example_external_task_marker_parent to None, run_after=None
[2023-04-14T14:40:21.088+0000] {processor.py:175} INFO - Processing /home/airflow/.local/lib/python3.7/site-packages/airflow/example_dags/example_external_task_marker_dag.py took 0.069 seconds
[2023-04-14T14:40:51.455+0000] {processor.py:153} INFO - Started process (PID=783) to work on /home/airflow/.local/lib/python3.7/site-packages/airflow/example_dags/example_external_task_marker_dag.py
[2023-04-14T14:40:51.457+0000] {processor.py:743} INFO - Processing file /home/airflow/.local/lib/python3.7/site-packages/airflow/example_dags/example_external_task_marker_dag.py for tasks to queue
[2023-04-14T14:40:51.458+0000] {logging_mixin.py:137} INFO - [2023-04-14T14:40:51.458+0000] {dagbag.py:532} INFO - Filling up the DagBag from /home/airflow/.local/lib/python3.7/site-packages/airflow/example_dags/example_external_task_marker_dag.py
[2023-04-14T14:40:51.471+0000] {processor.py:753} INFO - DAG(s) dict_keys(['example_external_task_marker_child', 'example_external_task_marker_parent']) retrieved from /home/airflow/.local/lib/python3.7/site-packages/airflow/example_dags/example_external_task_marker_dag.py
[2023-04-14T14:40:51.498+0000] {logging_mixin.py:137} INFO - [2023-04-14T14:40:51.498+0000] {dag.py:2693} INFO - Sync 2 DAGs
[2023-04-14T14:40:51.513+0000] {logging_mixin.py:137} INFO - [2023-04-14T14:40:51.513+0000] {dag.py:3444} INFO - Setting next_dagrun for example_external_task_marker_child to None, run_after=None
[2023-04-14T14:40:51.515+0000] {logging_mixin.py:137} INFO - [2023-04-14T14:40:51.515+0000] {dag.py:3444} INFO - Setting next_dagrun for example_external_task_marker_parent to None, run_after=None
[2023-04-14T14:40:51.525+0000] {processor.py:175} INFO - Processing /home/airflow/.local/lib/python3.7/site-packages/airflow/example_dags/example_external_task_marker_dag.py took 0.075 seconds
[2023-04-14T14:41:21.760+0000] {processor.py:153} INFO - Started process (PID=836) to work on /home/airflow/.local/lib/python3.7/site-packages/airflow/example_dags/example_external_task_marker_dag.py
[2023-04-14T14:41:21.763+0000] {processor.py:743} INFO - Processing file /home/airflow/.local/lib/python3.7/site-packages/airflow/example_dags/example_external_task_marker_dag.py for tasks to queue
[2023-04-14T14:41:21.764+0000] {logging_mixin.py:137} INFO - [2023-04-14T14:41:21.764+0000] {dagbag.py:532} INFO - Filling up the DagBag from /home/airflow/.local/lib/python3.7/site-packages/airflow/example_dags/example_external_task_marker_dag.py
[2023-04-14T14:41:21.781+0000] {processor.py:753} INFO - DAG(s) dict_keys(['example_external_task_marker_parent', 'example_external_task_marker_child']) retrieved from /home/airflow/.local/lib/python3.7/site-packages/airflow/example_dags/example_external_task_marker_dag.py
[2023-04-14T14:41:21.843+0000] {logging_mixin.py:137} INFO - [2023-04-14T14:41:21.842+0000] {dag.py:2693} INFO - Sync 2 DAGs
[2023-04-14T14:41:21.866+0000] {logging_mixin.py:137} INFO - [2023-04-14T14:41:21.866+0000] {dag.py:3444} INFO - Setting next_dagrun for example_external_task_marker_child to None, run_after=None
[2023-04-14T14:41:21.871+0000] {logging_mixin.py:137} INFO - [2023-04-14T14:41:21.871+0000] {dag.py:3444} INFO - Setting next_dagrun for example_external_task_marker_parent to None, run_after=None
[2023-04-14T14:41:21.884+0000] {processor.py:175} INFO - Processing /home/airflow/.local/lib/python3.7/site-packages/airflow/example_dags/example_external_task_marker_dag.py took 0.130 seconds
[2023-04-14T14:42:12.698+0000] {processor.py:153} INFO - Started process (PID=41) to work on /home/airflow/.local/lib/python3.7/site-packages/airflow/example_dags/example_external_task_marker_dag.py
[2023-04-14T14:42:12.713+0000] {processor.py:743} INFO - Processing file /home/airflow/.local/lib/python3.7/site-packages/airflow/example_dags/example_external_task_marker_dag.py for tasks to queue
[2023-04-14T14:42:12.717+0000] {logging_mixin.py:137} INFO - [2023-04-14T14:42:12.717+0000] {dagbag.py:532} INFO - Filling up the DagBag from /home/airflow/.local/lib/python3.7/site-packages/airflow/example_dags/example_external_task_marker_dag.py
[2023-04-14T14:42:12.739+0000] {processor.py:753} INFO - DAG(s) dict_keys(['example_external_task_marker_child', 'example_external_task_marker_parent']) retrieved from /home/airflow/.local/lib/python3.7/site-packages/airflow/example_dags/example_external_task_marker_dag.py
[2023-04-14T14:42:12.787+0000] {logging_mixin.py:137} INFO - [2023-04-14T14:42:12.786+0000] {dag.py:2693} INFO - Sync 2 DAGs
[2023-04-14T14:42:12.836+0000] {logging_mixin.py:137} INFO - [2023-04-14T14:42:12.835+0000] {dag.py:3444} INFO - Setting next_dagrun for example_external_task_marker_child to None, run_after=None
[2023-04-14T14:42:12.845+0000] {logging_mixin.py:137} INFO - [2023-04-14T14:42:12.845+0000] {dag.py:3444} INFO - Setting next_dagrun for example_external_task_marker_parent to None, run_after=None
[2023-04-14T14:42:12.867+0000] {processor.py:175} INFO - Processing /home/airflow/.local/lib/python3.7/site-packages/airflow/example_dags/example_external_task_marker_dag.py took 0.175 seconds
[2023-04-14T14:42:43.393+0000] {processor.py:153} INFO - Started process (PID=94) to work on /home/airflow/.local/lib/python3.7/site-packages/airflow/example_dags/example_external_task_marker_dag.py
[2023-04-14T14:42:43.394+0000] {processor.py:743} INFO - Processing file /home/airflow/.local/lib/python3.7/site-packages/airflow/example_dags/example_external_task_marker_dag.py for tasks to queue
[2023-04-14T14:42:43.395+0000] {logging_mixin.py:137} INFO - [2023-04-14T14:42:43.395+0000] {dagbag.py:532} INFO - Filling up the DagBag from /home/airflow/.local/lib/python3.7/site-packages/airflow/example_dags/example_external_task_marker_dag.py
[2023-04-14T14:42:43.409+0000] {processor.py:753} INFO - DAG(s) dict_keys(['example_external_task_marker_child', 'example_external_task_marker_parent']) retrieved from /home/airflow/.local/lib/python3.7/site-packages/airflow/example_dags/example_external_task_marker_dag.py
[2023-04-14T14:42:43.445+0000] {logging_mixin.py:137} INFO - [2023-04-14T14:42:43.445+0000] {dag.py:2693} INFO - Sync 2 DAGs
[2023-04-14T14:42:43.474+0000] {logging_mixin.py:137} INFO - [2023-04-14T14:42:43.474+0000] {dag.py:3444} INFO - Setting next_dagrun for example_external_task_marker_child to None, run_after=None
[2023-04-14T14:42:43.478+0000] {logging_mixin.py:137} INFO - [2023-04-14T14:42:43.478+0000] {dag.py:3444} INFO - Setting next_dagrun for example_external_task_marker_parent to None, run_after=None
[2023-04-14T14:42:43.495+0000] {processor.py:175} INFO - Processing /home/airflow/.local/lib/python3.7/site-packages/airflow/example_dags/example_external_task_marker_dag.py took 0.106 seconds
[2023-04-14T14:43:13.906+0000] {processor.py:153} INFO - Started process (PID=145) to work on /home/airflow/.local/lib/python3.7/site-packages/airflow/example_dags/example_external_task_marker_dag.py
[2023-04-14T14:43:13.908+0000] {processor.py:743} INFO - Processing file /home/airflow/.local/lib/python3.7/site-packages/airflow/example_dags/example_external_task_marker_dag.py for tasks to queue
[2023-04-14T14:43:13.909+0000] {logging_mixin.py:137} INFO - [2023-04-14T14:43:13.909+0000] {dagbag.py:532} INFO - Filling up the DagBag from /home/airflow/.local/lib/python3.7/site-packages/airflow/example_dags/example_external_task_marker_dag.py
[2023-04-14T14:43:13.920+0000] {processor.py:753} INFO - DAG(s) dict_keys(['example_external_task_marker_parent', 'example_external_task_marker_child']) retrieved from /home/airflow/.local/lib/python3.7/site-packages/airflow/example_dags/example_external_task_marker_dag.py
[2023-04-14T14:43:13.944+0000] {logging_mixin.py:137} INFO - [2023-04-14T14:43:13.944+0000] {dag.py:2693} INFO - Sync 2 DAGs
[2023-04-14T14:43:13.962+0000] {logging_mixin.py:137} INFO - [2023-04-14T14:43:13.962+0000] {dag.py:3444} INFO - Setting next_dagrun for example_external_task_marker_child to None, run_after=None
[2023-04-14T14:43:13.966+0000] {logging_mixin.py:137} INFO - [2023-04-14T14:43:13.965+0000] {dag.py:3444} INFO - Setting next_dagrun for example_external_task_marker_parent to None, run_after=None
[2023-04-14T14:43:13.978+0000] {processor.py:175} INFO - Processing /home/airflow/.local/lib/python3.7/site-packages/airflow/example_dags/example_external_task_marker_dag.py took 0.075 seconds
[2023-04-14T14:43:45.189+0000] {processor.py:153} INFO - Started process (PID=200) to work on /home/airflow/.local/lib/python3.7/site-packages/airflow/example_dags/example_external_task_marker_dag.py
[2023-04-14T14:43:45.190+0000] {processor.py:743} INFO - Processing file /home/airflow/.local/lib/python3.7/site-packages/airflow/example_dags/example_external_task_marker_dag.py for tasks to queue
[2023-04-14T14:43:45.192+0000] {logging_mixin.py:137} INFO - [2023-04-14T14:43:45.191+0000] {dagbag.py:532} INFO - Filling up the DagBag from /home/airflow/.local/lib/python3.7/site-packages/airflow/example_dags/example_external_task_marker_dag.py
[2023-04-14T14:43:45.208+0000] {processor.py:753} INFO - DAG(s) dict_keys(['example_external_task_marker_parent', 'example_external_task_marker_child']) retrieved from /home/airflow/.local/lib/python3.7/site-packages/airflow/example_dags/example_external_task_marker_dag.py
[2023-04-14T14:43:45.246+0000] {logging_mixin.py:137} INFO - [2023-04-14T14:43:45.246+0000] {dag.py:2693} INFO - Sync 2 DAGs
[2023-04-14T14:43:45.270+0000] {logging_mixin.py:137} INFO - [2023-04-14T14:43:45.270+0000] {dag.py:3444} INFO - Setting next_dagrun for example_external_task_marker_child to None, run_after=None
[2023-04-14T14:43:45.274+0000] {logging_mixin.py:137} INFO - [2023-04-14T14:43:45.274+0000] {dag.py:3444} INFO - Setting next_dagrun for example_external_task_marker_parent to None, run_after=None
[2023-04-14T14:43:45.286+0000] {processor.py:175} INFO - Processing /home/airflow/.local/lib/python3.7/site-packages/airflow/example_dags/example_external_task_marker_dag.py took 0.104 seconds
[2023-04-14T14:44:16.208+0000] {processor.py:153} INFO - Started process (PID=252) to work on /home/airflow/.local/lib/python3.7/site-packages/airflow/example_dags/example_external_task_marker_dag.py
[2023-04-14T14:44:16.213+0000] {processor.py:743} INFO - Processing file /home/airflow/.local/lib/python3.7/site-packages/airflow/example_dags/example_external_task_marker_dag.py for tasks to queue
[2023-04-14T14:44:16.214+0000] {logging_mixin.py:137} INFO - [2023-04-14T14:44:16.214+0000] {dagbag.py:532} INFO - Filling up the DagBag from /home/airflow/.local/lib/python3.7/site-packages/airflow/example_dags/example_external_task_marker_dag.py
[2023-04-14T14:44:16.226+0000] {processor.py:753} INFO - DAG(s) dict_keys(['example_external_task_marker_child', 'example_external_task_marker_parent']) retrieved from /home/airflow/.local/lib/python3.7/site-packages/airflow/example_dags/example_external_task_marker_dag.py
[2023-04-14T14:44:16.254+0000] {logging_mixin.py:137} INFO - [2023-04-14T14:44:16.254+0000] {dag.py:2693} INFO - Sync 2 DAGs
[2023-04-14T14:44:16.277+0000] {logging_mixin.py:137} INFO - [2023-04-14T14:44:16.277+0000] {dag.py:3444} INFO - Setting next_dagrun for example_external_task_marker_child to None, run_after=None
[2023-04-14T14:44:16.283+0000] {logging_mixin.py:137} INFO - [2023-04-14T14:44:16.283+0000] {dag.py:3444} INFO - Setting next_dagrun for example_external_task_marker_parent to None, run_after=None
[2023-04-14T14:44:16.301+0000] {processor.py:175} INFO - Processing /home/airflow/.local/lib/python3.7/site-packages/airflow/example_dags/example_external_task_marker_dag.py took 0.097 seconds
[2023-04-14T14:44:46.476+0000] {processor.py:153} INFO - Started process (PID=304) to work on /home/airflow/.local/lib/python3.7/site-packages/airflow/example_dags/example_external_task_marker_dag.py
[2023-04-14T14:44:46.479+0000] {processor.py:743} INFO - Processing file /home/airflow/.local/lib/python3.7/site-packages/airflow/example_dags/example_external_task_marker_dag.py for tasks to queue
[2023-04-14T14:44:46.480+0000] {logging_mixin.py:137} INFO - [2023-04-14T14:44:46.480+0000] {dagbag.py:532} INFO - Filling up the DagBag from /home/airflow/.local/lib/python3.7/site-packages/airflow/example_dags/example_external_task_marker_dag.py
[2023-04-14T14:44:46.497+0000] {processor.py:753} INFO - DAG(s) dict_keys(['example_external_task_marker_child', 'example_external_task_marker_parent']) retrieved from /home/airflow/.local/lib/python3.7/site-packages/airflow/example_dags/example_external_task_marker_dag.py
[2023-04-14T14:44:46.522+0000] {logging_mixin.py:137} INFO - [2023-04-14T14:44:46.522+0000] {dag.py:2693} INFO - Sync 2 DAGs
[2023-04-14T14:44:46.539+0000] {logging_mixin.py:137} INFO - [2023-04-14T14:44:46.539+0000] {dag.py:3444} INFO - Setting next_dagrun for example_external_task_marker_child to None, run_after=None
[2023-04-14T14:44:46.541+0000] {logging_mixin.py:137} INFO - [2023-04-14T14:44:46.541+0000] {dag.py:3444} INFO - Setting next_dagrun for example_external_task_marker_parent to None, run_after=None
[2023-04-14T14:44:46.552+0000] {processor.py:175} INFO - Processing /home/airflow/.local/lib/python3.7/site-packages/airflow/example_dags/example_external_task_marker_dag.py took 0.082 seconds
[2023-04-14T14:45:16.656+0000] {processor.py:153} INFO - Started process (PID=357) to work on /home/airflow/.local/lib/python3.7/site-packages/airflow/example_dags/example_external_task_marker_dag.py
[2023-04-14T14:45:16.658+0000] {processor.py:743} INFO - Processing file /home/airflow/.local/lib/python3.7/site-packages/airflow/example_dags/example_external_task_marker_dag.py for tasks to queue
[2023-04-14T14:45:16.659+0000] {logging_mixin.py:137} INFO - [2023-04-14T14:45:16.659+0000] {dagbag.py:532} INFO - Filling up the DagBag from /home/airflow/.local/lib/python3.7/site-packages/airflow/example_dags/example_external_task_marker_dag.py
[2023-04-14T14:45:16.680+0000] {processor.py:753} INFO - DAG(s) dict_keys(['example_external_task_marker_parent', 'example_external_task_marker_child']) retrieved from /home/airflow/.local/lib/python3.7/site-packages/airflow/example_dags/example_external_task_marker_dag.py
[2023-04-14T14:45:16.711+0000] {logging_mixin.py:137} INFO - [2023-04-14T14:45:16.711+0000] {dag.py:2693} INFO - Sync 2 DAGs
[2023-04-14T14:45:16.732+0000] {logging_mixin.py:137} INFO - [2023-04-14T14:45:16.732+0000] {dag.py:3444} INFO - Setting next_dagrun for example_external_task_marker_child to None, run_after=None
[2023-04-14T14:45:16.735+0000] {logging_mixin.py:137} INFO - [2023-04-14T14:45:16.735+0000] {dag.py:3444} INFO - Setting next_dagrun for example_external_task_marker_parent to None, run_after=None
[2023-04-14T14:45:16.749+0000] {processor.py:175} INFO - Processing /home/airflow/.local/lib/python3.7/site-packages/airflow/example_dags/example_external_task_marker_dag.py took 0.098 seconds
[2023-04-14T14:45:47.032+0000] {processor.py:153} INFO - Started process (PID=410) to work on /home/airflow/.local/lib/python3.7/site-packages/airflow/example_dags/example_external_task_marker_dag.py
[2023-04-14T14:45:47.035+0000] {processor.py:743} INFO - Processing file /home/airflow/.local/lib/python3.7/site-packages/airflow/example_dags/example_external_task_marker_dag.py for tasks to queue
[2023-04-14T14:45:47.037+0000] {logging_mixin.py:137} INFO - [2023-04-14T14:45:47.036+0000] {dagbag.py:532} INFO - Filling up the DagBag from /home/airflow/.local/lib/python3.7/site-packages/airflow/example_dags/example_external_task_marker_dag.py
[2023-04-14T14:45:47.095+0000] {processor.py:753} INFO - DAG(s) dict_keys(['example_external_task_marker_parent', 'example_external_task_marker_child']) retrieved from /home/airflow/.local/lib/python3.7/site-packages/airflow/example_dags/example_external_task_marker_dag.py
[2023-04-14T14:45:47.163+0000] {logging_mixin.py:137} INFO - [2023-04-14T14:45:47.162+0000] {dag.py:2693} INFO - Sync 2 DAGs
[2023-04-14T14:45:47.282+0000] {logging_mixin.py:137} INFO - [2023-04-14T14:45:47.282+0000] {dag.py:3444} INFO - Setting next_dagrun for example_external_task_marker_child to None, run_after=None
[2023-04-14T14:45:47.288+0000] {logging_mixin.py:137} INFO - [2023-04-14T14:45:47.288+0000] {dag.py:3444} INFO - Setting next_dagrun for example_external_task_marker_parent to None, run_after=None
[2023-04-14T14:45:47.320+0000] {processor.py:175} INFO - Processing /home/airflow/.local/lib/python3.7/site-packages/airflow/example_dags/example_external_task_marker_dag.py took 0.296 seconds
[2023-04-14T14:46:17.689+0000] {processor.py:153} INFO - Started process (PID=463) to work on /home/airflow/.local/lib/python3.7/site-packages/airflow/example_dags/example_external_task_marker_dag.py
[2023-04-14T14:46:17.691+0000] {processor.py:743} INFO - Processing file /home/airflow/.local/lib/python3.7/site-packages/airflow/example_dags/example_external_task_marker_dag.py for tasks to queue
[2023-04-14T14:46:17.692+0000] {logging_mixin.py:137} INFO - [2023-04-14T14:46:17.692+0000] {dagbag.py:532} INFO - Filling up the DagBag from /home/airflow/.local/lib/python3.7/site-packages/airflow/example_dags/example_external_task_marker_dag.py
[2023-04-14T14:46:17.710+0000] {processor.py:753} INFO - DAG(s) dict_keys(['example_external_task_marker_parent', 'example_external_task_marker_child']) retrieved from /home/airflow/.local/lib/python3.7/site-packages/airflow/example_dags/example_external_task_marker_dag.py
[2023-04-14T14:46:17.765+0000] {logging_mixin.py:137} INFO - [2023-04-14T14:46:17.765+0000] {dag.py:2693} INFO - Sync 2 DAGs
[2023-04-14T14:46:17.792+0000] {logging_mixin.py:137} INFO - [2023-04-14T14:46:17.792+0000] {dag.py:3444} INFO - Setting next_dagrun for example_external_task_marker_child to None, run_after=None
[2023-04-14T14:46:17.796+0000] {logging_mixin.py:137} INFO - [2023-04-14T14:46:17.796+0000] {dag.py:3444} INFO - Setting next_dagrun for example_external_task_marker_parent to None, run_after=None
[2023-04-14T14:46:17.816+0000] {processor.py:175} INFO - Processing /home/airflow/.local/lib/python3.7/site-packages/airflow/example_dags/example_external_task_marker_dag.py took 0.131 seconds
[2023-04-14T14:46:47.890+0000] {processor.py:153} INFO - Started process (PID=516) to work on /home/airflow/.local/lib/python3.7/site-packages/airflow/example_dags/example_external_task_marker_dag.py
[2023-04-14T14:46:47.893+0000] {processor.py:743} INFO - Processing file /home/airflow/.local/lib/python3.7/site-packages/airflow/example_dags/example_external_task_marker_dag.py for tasks to queue
[2023-04-14T14:46:47.895+0000] {logging_mixin.py:137} INFO - [2023-04-14T14:46:47.895+0000] {dagbag.py:532} INFO - Filling up the DagBag from /home/airflow/.local/lib/python3.7/site-packages/airflow/example_dags/example_external_task_marker_dag.py
[2023-04-14T14:46:47.911+0000] {processor.py:753} INFO - DAG(s) dict_keys(['example_external_task_marker_parent', 'example_external_task_marker_child']) retrieved from /home/airflow/.local/lib/python3.7/site-packages/airflow/example_dags/example_external_task_marker_dag.py
[2023-04-14T14:46:47.941+0000] {logging_mixin.py:137} INFO - [2023-04-14T14:46:47.940+0000] {dag.py:2693} INFO - Sync 2 DAGs
[2023-04-14T14:46:47.964+0000] {logging_mixin.py:137} INFO - [2023-04-14T14:46:47.964+0000] {dag.py:3444} INFO - Setting next_dagrun for example_external_task_marker_child to None, run_after=None
[2023-04-14T14:46:47.967+0000] {logging_mixin.py:137} INFO - [2023-04-14T14:46:47.967+0000] {dag.py:3444} INFO - Setting next_dagrun for example_external_task_marker_parent to None, run_after=None
[2023-04-14T14:46:47.980+0000] {processor.py:175} INFO - Processing /home/airflow/.local/lib/python3.7/site-packages/airflow/example_dags/example_external_task_marker_dag.py took 0.096 seconds
[2023-04-14T14:47:18.107+0000] {processor.py:153} INFO - Started process (PID=570) to work on /home/airflow/.local/lib/python3.7/site-packages/airflow/example_dags/example_external_task_marker_dag.py
[2023-04-14T14:47:18.109+0000] {processor.py:743} INFO - Processing file /home/airflow/.local/lib/python3.7/site-packages/airflow/example_dags/example_external_task_marker_dag.py for tasks to queue
[2023-04-14T14:47:18.110+0000] {logging_mixin.py:137} INFO - [2023-04-14T14:47:18.110+0000] {dagbag.py:532} INFO - Filling up the DagBag from /home/airflow/.local/lib/python3.7/site-packages/airflow/example_dags/example_external_task_marker_dag.py
[2023-04-14T14:47:18.126+0000] {processor.py:753} INFO - DAG(s) dict_keys(['example_external_task_marker_parent', 'example_external_task_marker_child']) retrieved from /home/airflow/.local/lib/python3.7/site-packages/airflow/example_dags/example_external_task_marker_dag.py
[2023-04-14T14:47:18.172+0000] {logging_mixin.py:137} INFO - [2023-04-14T14:47:18.172+0000] {dag.py:2693} INFO - Sync 2 DAGs
[2023-04-14T14:47:18.196+0000] {logging_mixin.py:137} INFO - [2023-04-14T14:47:18.196+0000] {dag.py:3444} INFO - Setting next_dagrun for example_external_task_marker_child to None, run_after=None
[2023-04-14T14:47:18.200+0000] {logging_mixin.py:137} INFO - [2023-04-14T14:47:18.200+0000] {dag.py:3444} INFO - Setting next_dagrun for example_external_task_marker_parent to None, run_after=None
[2023-04-14T14:47:18.215+0000] {processor.py:175} INFO - Processing /home/airflow/.local/lib/python3.7/site-packages/airflow/example_dags/example_external_task_marker_dag.py took 0.114 seconds
[2023-04-14T14:47:48.881+0000] {processor.py:153} INFO - Started process (PID=625) to work on /home/airflow/.local/lib/python3.7/site-packages/airflow/example_dags/example_external_task_marker_dag.py
[2023-04-14T14:47:48.883+0000] {processor.py:743} INFO - Processing file /home/airflow/.local/lib/python3.7/site-packages/airflow/example_dags/example_external_task_marker_dag.py for tasks to queue
[2023-04-14T14:47:48.884+0000] {logging_mixin.py:137} INFO - [2023-04-14T14:47:48.884+0000] {dagbag.py:532} INFO - Filling up the DagBag from /home/airflow/.local/lib/python3.7/site-packages/airflow/example_dags/example_external_task_marker_dag.py
[2023-04-14T14:47:48.901+0000] {processor.py:753} INFO - DAG(s) dict_keys(['example_external_task_marker_child', 'example_external_task_marker_parent']) retrieved from /home/airflow/.local/lib/python3.7/site-packages/airflow/example_dags/example_external_task_marker_dag.py
[2023-04-14T14:47:48.938+0000] {logging_mixin.py:137} INFO - [2023-04-14T14:47:48.938+0000] {dag.py:2693} INFO - Sync 2 DAGs
[2023-04-14T14:47:48.965+0000] {logging_mixin.py:137} INFO - [2023-04-14T14:47:48.965+0000] {dag.py:3444} INFO - Setting next_dagrun for example_external_task_marker_child to None, run_after=None
[2023-04-14T14:47:48.969+0000] {logging_mixin.py:137} INFO - [2023-04-14T14:47:48.969+0000] {dag.py:3444} INFO - Setting next_dagrun for example_external_task_marker_parent to None, run_after=None
[2023-04-14T14:47:48.985+0000] {processor.py:175} INFO - Processing /home/airflow/.local/lib/python3.7/site-packages/airflow/example_dags/example_external_task_marker_dag.py took 0.110 seconds
[2023-04-14T14:48:19.460+0000] {processor.py:153} INFO - Started process (PID=677) to work on /home/airflow/.local/lib/python3.7/site-packages/airflow/example_dags/example_external_task_marker_dag.py
[2023-04-14T14:48:19.462+0000] {processor.py:743} INFO - Processing file /home/airflow/.local/lib/python3.7/site-packages/airflow/example_dags/example_external_task_marker_dag.py for tasks to queue
[2023-04-14T14:48:19.464+0000] {logging_mixin.py:137} INFO - [2023-04-14T14:48:19.464+0000] {dagbag.py:532} INFO - Filling up the DagBag from /home/airflow/.local/lib/python3.7/site-packages/airflow/example_dags/example_external_task_marker_dag.py
[2023-04-14T14:48:19.481+0000] {processor.py:753} INFO - DAG(s) dict_keys(['example_external_task_marker_parent', 'example_external_task_marker_child']) retrieved from /home/airflow/.local/lib/python3.7/site-packages/airflow/example_dags/example_external_task_marker_dag.py
[2023-04-14T14:48:19.507+0000] {logging_mixin.py:137} INFO - [2023-04-14T14:48:19.507+0000] {dag.py:2693} INFO - Sync 2 DAGs
[2023-04-14T14:48:19.525+0000] {logging_mixin.py:137} INFO - [2023-04-14T14:48:19.525+0000] {dag.py:3444} INFO - Setting next_dagrun for example_external_task_marker_child to None, run_after=None
[2023-04-14T14:48:19.528+0000] {logging_mixin.py:137} INFO - [2023-04-14T14:48:19.528+0000] {dag.py:3444} INFO - Setting next_dagrun for example_external_task_marker_parent to None, run_after=None
[2023-04-14T14:48:19.539+0000] {processor.py:175} INFO - Processing /home/airflow/.local/lib/python3.7/site-packages/airflow/example_dags/example_external_task_marker_dag.py took 0.085 seconds
[2023-04-14T14:48:49.589+0000] {processor.py:153} INFO - Started process (PID=730) to work on /home/airflow/.local/lib/python3.7/site-packages/airflow/example_dags/example_external_task_marker_dag.py
[2023-04-14T14:48:49.591+0000] {processor.py:743} INFO - Processing file /home/airflow/.local/lib/python3.7/site-packages/airflow/example_dags/example_external_task_marker_dag.py for tasks to queue
[2023-04-14T14:48:49.593+0000] {logging_mixin.py:137} INFO - [2023-04-14T14:48:49.593+0000] {dagbag.py:532} INFO - Filling up the DagBag from /home/airflow/.local/lib/python3.7/site-packages/airflow/example_dags/example_external_task_marker_dag.py
[2023-04-14T14:48:49.608+0000] {processor.py:753} INFO - DAG(s) dict_keys(['example_external_task_marker_child', 'example_external_task_marker_parent']) retrieved from /home/airflow/.local/lib/python3.7/site-packages/airflow/example_dags/example_external_task_marker_dag.py
[2023-04-14T14:48:49.633+0000] {logging_mixin.py:137} INFO - [2023-04-14T14:48:49.633+0000] {dag.py:2693} INFO - Sync 2 DAGs
[2023-04-14T14:48:49.650+0000] {logging_mixin.py:137} INFO - [2023-04-14T14:48:49.650+0000] {dag.py:3444} INFO - Setting next_dagrun for example_external_task_marker_child to None, run_after=None
[2023-04-14T14:48:49.652+0000] {logging_mixin.py:137} INFO - [2023-04-14T14:48:49.652+0000] {dag.py:3444} INFO - Setting next_dagrun for example_external_task_marker_parent to None, run_after=None
[2023-04-14T14:48:49.663+0000] {processor.py:175} INFO - Processing /home/airflow/.local/lib/python3.7/site-packages/airflow/example_dags/example_external_task_marker_dag.py took 0.078 seconds
[2023-04-14T14:49:20.135+0000] {processor.py:153} INFO - Started process (PID=783) to work on /home/airflow/.local/lib/python3.7/site-packages/airflow/example_dags/example_external_task_marker_dag.py
[2023-04-14T14:49:20.137+0000] {processor.py:743} INFO - Processing file /home/airflow/.local/lib/python3.7/site-packages/airflow/example_dags/example_external_task_marker_dag.py for tasks to queue
[2023-04-14T14:49:20.139+0000] {logging_mixin.py:137} INFO - [2023-04-14T14:49:20.139+0000] {dagbag.py:532} INFO - Filling up the DagBag from /home/airflow/.local/lib/python3.7/site-packages/airflow/example_dags/example_external_task_marker_dag.py
[2023-04-14T14:49:20.161+0000] {processor.py:753} INFO - DAG(s) dict_keys(['example_external_task_marker_parent', 'example_external_task_marker_child']) retrieved from /home/airflow/.local/lib/python3.7/site-packages/airflow/example_dags/example_external_task_marker_dag.py
[2023-04-14T14:49:20.193+0000] {logging_mixin.py:137} INFO - [2023-04-14T14:49:20.193+0000] {dag.py:2693} INFO - Sync 2 DAGs
[2023-04-14T14:49:20.213+0000] {logging_mixin.py:137} INFO - [2023-04-14T14:49:20.213+0000] {dag.py:3444} INFO - Setting next_dagrun for example_external_task_marker_child to None, run_after=None
[2023-04-14T14:49:20.216+0000] {logging_mixin.py:137} INFO - [2023-04-14T14:49:20.216+0000] {dag.py:3444} INFO - Setting next_dagrun for example_external_task_marker_parent to None, run_after=None
[2023-04-14T14:49:20.230+0000] {processor.py:175} INFO - Processing /home/airflow/.local/lib/python3.7/site-packages/airflow/example_dags/example_external_task_marker_dag.py took 0.101 seconds
[2023-04-14T14:49:50.404+0000] {processor.py:153} INFO - Started process (PID=836) to work on /home/airflow/.local/lib/python3.7/site-packages/airflow/example_dags/example_external_task_marker_dag.py
[2023-04-14T14:49:50.406+0000] {processor.py:743} INFO - Processing file /home/airflow/.local/lib/python3.7/site-packages/airflow/example_dags/example_external_task_marker_dag.py for tasks to queue
[2023-04-14T14:49:50.407+0000] {logging_mixin.py:137} INFO - [2023-04-14T14:49:50.407+0000] {dagbag.py:532} INFO - Filling up the DagBag from /home/airflow/.local/lib/python3.7/site-packages/airflow/example_dags/example_external_task_marker_dag.py
[2023-04-14T14:49:50.423+0000] {processor.py:753} INFO - DAG(s) dict_keys(['example_external_task_marker_parent', 'example_external_task_marker_child']) retrieved from /home/airflow/.local/lib/python3.7/site-packages/airflow/example_dags/example_external_task_marker_dag.py
[2023-04-14T14:49:50.449+0000] {logging_mixin.py:137} INFO - [2023-04-14T14:49:50.448+0000] {dag.py:2693} INFO - Sync 2 DAGs
[2023-04-14T14:49:50.465+0000] {logging_mixin.py:137} INFO - [2023-04-14T14:49:50.465+0000] {dag.py:3444} INFO - Setting next_dagrun for example_external_task_marker_child to None, run_after=None
[2023-04-14T14:49:50.468+0000] {logging_mixin.py:137} INFO - [2023-04-14T14:49:50.467+0000] {dag.py:3444} INFO - Setting next_dagrun for example_external_task_marker_parent to None, run_after=None
[2023-04-14T14:49:50.478+0000] {processor.py:175} INFO - Processing /home/airflow/.local/lib/python3.7/site-packages/airflow/example_dags/example_external_task_marker_dag.py took 0.081 seconds
[2023-04-14T14:50:21.202+0000] {processor.py:153} INFO - Started process (PID=889) to work on /home/airflow/.local/lib/python3.7/site-packages/airflow/example_dags/example_external_task_marker_dag.py
[2023-04-14T14:50:21.205+0000] {processor.py:743} INFO - Processing file /home/airflow/.local/lib/python3.7/site-packages/airflow/example_dags/example_external_task_marker_dag.py for tasks to queue
[2023-04-14T14:50:21.207+0000] {logging_mixin.py:137} INFO - [2023-04-14T14:50:21.206+0000] {dagbag.py:532} INFO - Filling up the DagBag from /home/airflow/.local/lib/python3.7/site-packages/airflow/example_dags/example_external_task_marker_dag.py
[2023-04-14T14:50:21.221+0000] {processor.py:753} INFO - DAG(s) dict_keys(['example_external_task_marker_child', 'example_external_task_marker_parent']) retrieved from /home/airflow/.local/lib/python3.7/site-packages/airflow/example_dags/example_external_task_marker_dag.py
[2023-04-14T14:50:21.246+0000] {logging_mixin.py:137} INFO - [2023-04-14T14:50:21.246+0000] {dag.py:2693} INFO - Sync 2 DAGs
[2023-04-14T14:50:21.262+0000] {logging_mixin.py:137} INFO - [2023-04-14T14:50:21.262+0000] {dag.py:3444} INFO - Setting next_dagrun for example_external_task_marker_child to None, run_after=None
[2023-04-14T14:50:21.265+0000] {logging_mixin.py:137} INFO - [2023-04-14T14:50:21.265+0000] {dag.py:3444} INFO - Setting next_dagrun for example_external_task_marker_parent to None, run_after=None
[2023-04-14T14:50:21.283+0000] {processor.py:175} INFO - Processing /home/airflow/.local/lib/python3.7/site-packages/airflow/example_dags/example_external_task_marker_dag.py took 0.087 seconds
[2023-04-14T14:50:51.657+0000] {processor.py:153} INFO - Started process (PID=943) to work on /home/airflow/.local/lib/python3.7/site-packages/airflow/example_dags/example_external_task_marker_dag.py
[2023-04-14T14:50:51.659+0000] {processor.py:743} INFO - Processing file /home/airflow/.local/lib/python3.7/site-packages/airflow/example_dags/example_external_task_marker_dag.py for tasks to queue
[2023-04-14T14:50:51.661+0000] {logging_mixin.py:137} INFO - [2023-04-14T14:50:51.661+0000] {dagbag.py:532} INFO - Filling up the DagBag from /home/airflow/.local/lib/python3.7/site-packages/airflow/example_dags/example_external_task_marker_dag.py
[2023-04-14T14:50:51.676+0000] {processor.py:753} INFO - DAG(s) dict_keys(['example_external_task_marker_parent', 'example_external_task_marker_child']) retrieved from /home/airflow/.local/lib/python3.7/site-packages/airflow/example_dags/example_external_task_marker_dag.py
[2023-04-14T14:50:51.701+0000] {logging_mixin.py:137} INFO - [2023-04-14T14:50:51.701+0000] {dag.py:2693} INFO - Sync 2 DAGs
[2023-04-14T14:50:51.724+0000] {logging_mixin.py:137} INFO - [2023-04-14T14:50:51.724+0000] {dag.py:3444} INFO - Setting next_dagrun for example_external_task_marker_child to None, run_after=None
[2023-04-14T14:50:51.728+0000] {logging_mixin.py:137} INFO - [2023-04-14T14:50:51.728+0000] {dag.py:3444} INFO - Setting next_dagrun for example_external_task_marker_parent to None, run_after=None
[2023-04-14T14:50:51.740+0000] {processor.py:175} INFO - Processing /home/airflow/.local/lib/python3.7/site-packages/airflow/example_dags/example_external_task_marker_dag.py took 0.089 seconds
[2023-04-14T14:51:21.813+0000] {processor.py:153} INFO - Started process (PID=995) to work on /home/airflow/.local/lib/python3.7/site-packages/airflow/example_dags/example_external_task_marker_dag.py
[2023-04-14T14:51:21.816+0000] {processor.py:743} INFO - Processing file /home/airflow/.local/lib/python3.7/site-packages/airflow/example_dags/example_external_task_marker_dag.py for tasks to queue
[2023-04-14T14:51:21.817+0000] {logging_mixin.py:137} INFO - [2023-04-14T14:51:21.817+0000] {dagbag.py:532} INFO - Filling up the DagBag from /home/airflow/.local/lib/python3.7/site-packages/airflow/example_dags/example_external_task_marker_dag.py
[2023-04-14T14:51:21.835+0000] {processor.py:753} INFO - DAG(s) dict_keys(['example_external_task_marker_child', 'example_external_task_marker_parent']) retrieved from /home/airflow/.local/lib/python3.7/site-packages/airflow/example_dags/example_external_task_marker_dag.py
[2023-04-14T14:51:21.863+0000] {logging_mixin.py:137} INFO - [2023-04-14T14:51:21.863+0000] {dag.py:2693} INFO - Sync 2 DAGs
[2023-04-14T14:51:21.882+0000] {logging_mixin.py:137} INFO - [2023-04-14T14:51:21.882+0000] {dag.py:3444} INFO - Setting next_dagrun for example_external_task_marker_child to None, run_after=None
[2023-04-14T14:51:21.885+0000] {logging_mixin.py:137} INFO - [2023-04-14T14:51:21.885+0000] {dag.py:3444} INFO - Setting next_dagrun for example_external_task_marker_parent to None, run_after=None
[2023-04-14T14:51:21.904+0000] {processor.py:175} INFO - Processing /home/airflow/.local/lib/python3.7/site-packages/airflow/example_dags/example_external_task_marker_dag.py took 0.099 seconds
[2023-04-14T14:51:51.990+0000] {processor.py:153} INFO - Started process (PID=1049) to work on /home/airflow/.local/lib/python3.7/site-packages/airflow/example_dags/example_external_task_marker_dag.py
[2023-04-14T14:51:51.992+0000] {processor.py:743} INFO - Processing file /home/airflow/.local/lib/python3.7/site-packages/airflow/example_dags/example_external_task_marker_dag.py for tasks to queue
[2023-04-14T14:51:51.994+0000] {logging_mixin.py:137} INFO - [2023-04-14T14:51:51.994+0000] {dagbag.py:532} INFO - Filling up the DagBag from /home/airflow/.local/lib/python3.7/site-packages/airflow/example_dags/example_external_task_marker_dag.py
[2023-04-14T14:51:52.007+0000] {processor.py:753} INFO - DAG(s) dict_keys(['example_external_task_marker_child', 'example_external_task_marker_parent']) retrieved from /home/airflow/.local/lib/python3.7/site-packages/airflow/example_dags/example_external_task_marker_dag.py
[2023-04-14T14:51:52.031+0000] {logging_mixin.py:137} INFO - [2023-04-14T14:51:52.031+0000] {dag.py:2693} INFO - Sync 2 DAGs
[2023-04-14T14:51:52.049+0000] {logging_mixin.py:137} INFO - [2023-04-14T14:51:52.049+0000] {dag.py:3444} INFO - Setting next_dagrun for example_external_task_marker_child to None, run_after=None
[2023-04-14T14:51:52.051+0000] {logging_mixin.py:137} INFO - [2023-04-14T14:51:52.051+0000] {dag.py:3444} INFO - Setting next_dagrun for example_external_task_marker_parent to None, run_after=None
[2023-04-14T14:51:52.062+0000] {processor.py:175} INFO - Processing /home/airflow/.local/lib/python3.7/site-packages/airflow/example_dags/example_external_task_marker_dag.py took 0.076 seconds
[2023-04-14T14:52:22.366+0000] {processor.py:153} INFO - Started process (PID=1101) to work on /home/airflow/.local/lib/python3.7/site-packages/airflow/example_dags/example_external_task_marker_dag.py
[2023-04-14T14:52:22.368+0000] {processor.py:743} INFO - Processing file /home/airflow/.local/lib/python3.7/site-packages/airflow/example_dags/example_external_task_marker_dag.py for tasks to queue
[2023-04-14T14:52:22.369+0000] {logging_mixin.py:137} INFO - [2023-04-14T14:52:22.369+0000] {dagbag.py:532} INFO - Filling up the DagBag from /home/airflow/.local/lib/python3.7/site-packages/airflow/example_dags/example_external_task_marker_dag.py
[2023-04-14T14:52:22.386+0000] {processor.py:753} INFO - DAG(s) dict_keys(['example_external_task_marker_child', 'example_external_task_marker_parent']) retrieved from /home/airflow/.local/lib/python3.7/site-packages/airflow/example_dags/example_external_task_marker_dag.py
[2023-04-14T14:52:22.412+0000] {logging_mixin.py:137} INFO - [2023-04-14T14:52:22.412+0000] {dag.py:2693} INFO - Sync 2 DAGs
[2023-04-14T14:52:22.434+0000] {logging_mixin.py:137} INFO - [2023-04-14T14:52:22.434+0000] {dag.py:3444} INFO - Setting next_dagrun for example_external_task_marker_child to None, run_after=None
[2023-04-14T14:52:22.438+0000] {logging_mixin.py:137} INFO - [2023-04-14T14:52:22.438+0000] {dag.py:3444} INFO - Setting next_dagrun for example_external_task_marker_parent to None, run_after=None
[2023-04-14T14:52:22.450+0000] {processor.py:175} INFO - Processing /home/airflow/.local/lib/python3.7/site-packages/airflow/example_dags/example_external_task_marker_dag.py took 0.091 seconds
[2023-04-14T14:52:52.858+0000] {processor.py:153} INFO - Started process (PID=1154) to work on /home/airflow/.local/lib/python3.7/site-packages/airflow/example_dags/example_external_task_marker_dag.py
[2023-04-14T14:52:52.861+0000] {processor.py:743} INFO - Processing file /home/airflow/.local/lib/python3.7/site-packages/airflow/example_dags/example_external_task_marker_dag.py for tasks to queue
[2023-04-14T14:52:52.862+0000] {logging_mixin.py:137} INFO - [2023-04-14T14:52:52.862+0000] {dagbag.py:532} INFO - Filling up the DagBag from /home/airflow/.local/lib/python3.7/site-packages/airflow/example_dags/example_external_task_marker_dag.py
[2023-04-14T14:52:52.877+0000] {processor.py:753} INFO - DAG(s) dict_keys(['example_external_task_marker_child', 'example_external_task_marker_parent']) retrieved from /home/airflow/.local/lib/python3.7/site-packages/airflow/example_dags/example_external_task_marker_dag.py
[2023-04-14T14:52:52.903+0000] {logging_mixin.py:137} INFO - [2023-04-14T14:52:52.903+0000] {dag.py:2693} INFO - Sync 2 DAGs
[2023-04-14T14:52:52.935+0000] {logging_mixin.py:137} INFO - [2023-04-14T14:52:52.935+0000] {dag.py:3444} INFO - Setting next_dagrun for example_external_task_marker_child to None, run_after=None
[2023-04-14T14:52:52.939+0000] {logging_mixin.py:137} INFO - [2023-04-14T14:52:52.939+0000] {dag.py:3444} INFO - Setting next_dagrun for example_external_task_marker_parent to None, run_after=None
[2023-04-14T14:52:52.952+0000] {processor.py:175} INFO - Processing /home/airflow/.local/lib/python3.7/site-packages/airflow/example_dags/example_external_task_marker_dag.py took 0.100 seconds
[2023-04-14T14:53:23.250+0000] {processor.py:153} INFO - Started process (PID=1206) to work on /home/airflow/.local/lib/python3.7/site-packages/airflow/example_dags/example_external_task_marker_dag.py
[2023-04-14T14:53:23.253+0000] {processor.py:743} INFO - Processing file /home/airflow/.local/lib/python3.7/site-packages/airflow/example_dags/example_external_task_marker_dag.py for tasks to queue
[2023-04-14T14:53:23.254+0000] {logging_mixin.py:137} INFO - [2023-04-14T14:53:23.254+0000] {dagbag.py:532} INFO - Filling up the DagBag from /home/airflow/.local/lib/python3.7/site-packages/airflow/example_dags/example_external_task_marker_dag.py
[2023-04-14T14:53:23.270+0000] {processor.py:753} INFO - DAG(s) dict_keys(['example_external_task_marker_child', 'example_external_task_marker_parent']) retrieved from /home/airflow/.local/lib/python3.7/site-packages/airflow/example_dags/example_external_task_marker_dag.py
[2023-04-14T14:53:23.296+0000] {logging_mixin.py:137} INFO - [2023-04-14T14:53:23.296+0000] {dag.py:2693} INFO - Sync 2 DAGs
[2023-04-14T14:53:23.321+0000] {logging_mixin.py:137} INFO - [2023-04-14T14:53:23.321+0000] {dag.py:3444} INFO - Setting next_dagrun for example_external_task_marker_child to None, run_after=None
[2023-04-14T14:53:23.324+0000] {logging_mixin.py:137} INFO - [2023-04-14T14:53:23.324+0000] {dag.py:3444} INFO - Setting next_dagrun for example_external_task_marker_parent to None, run_after=None
[2023-04-14T14:53:23.338+0000] {processor.py:175} INFO - Processing /home/airflow/.local/lib/python3.7/site-packages/airflow/example_dags/example_external_task_marker_dag.py took 0.095 seconds
[2023-04-14T14:53:53.513+0000] {processor.py:153} INFO - Started process (PID=1258) to work on /home/airflow/.local/lib/python3.7/site-packages/airflow/example_dags/example_external_task_marker_dag.py
[2023-04-14T14:53:53.516+0000] {processor.py:743} INFO - Processing file /home/airflow/.local/lib/python3.7/site-packages/airflow/example_dags/example_external_task_marker_dag.py for tasks to queue
[2023-04-14T14:53:53.518+0000] {logging_mixin.py:137} INFO - [2023-04-14T14:53:53.518+0000] {dagbag.py:532} INFO - Filling up the DagBag from /home/airflow/.local/lib/python3.7/site-packages/airflow/example_dags/example_external_task_marker_dag.py
[2023-04-14T14:53:53.534+0000] {processor.py:753} INFO - DAG(s) dict_keys(['example_external_task_marker_child', 'example_external_task_marker_parent']) retrieved from /home/airflow/.local/lib/python3.7/site-packages/airflow/example_dags/example_external_task_marker_dag.py
[2023-04-14T14:53:53.563+0000] {logging_mixin.py:137} INFO - [2023-04-14T14:53:53.563+0000] {dag.py:2693} INFO - Sync 2 DAGs
[2023-04-14T14:53:53.582+0000] {logging_mixin.py:137} INFO - [2023-04-14T14:53:53.582+0000] {dag.py:3444} INFO - Setting next_dagrun for example_external_task_marker_child to None, run_after=None
[2023-04-14T14:53:53.586+0000] {logging_mixin.py:137} INFO - [2023-04-14T14:53:53.585+0000] {dag.py:3444} INFO - Setting next_dagrun for example_external_task_marker_parent to None, run_after=None
[2023-04-14T14:53:53.597+0000] {processor.py:175} INFO - Processing /home/airflow/.local/lib/python3.7/site-packages/airflow/example_dags/example_external_task_marker_dag.py took 0.090 seconds
[2023-04-14T14:54:23.847+0000] {processor.py:153} INFO - Started process (PID=1311) to work on /home/airflow/.local/lib/python3.7/site-packages/airflow/example_dags/example_external_task_marker_dag.py
[2023-04-14T14:54:23.850+0000] {processor.py:743} INFO - Processing file /home/airflow/.local/lib/python3.7/site-packages/airflow/example_dags/example_external_task_marker_dag.py for tasks to queue
[2023-04-14T14:54:23.852+0000] {logging_mixin.py:137} INFO - [2023-04-14T14:54:23.852+0000] {dagbag.py:532} INFO - Filling up the DagBag from /home/airflow/.local/lib/python3.7/site-packages/airflow/example_dags/example_external_task_marker_dag.py
[2023-04-14T14:54:23.868+0000] {processor.py:753} INFO - DAG(s) dict_keys(['example_external_task_marker_parent', 'example_external_task_marker_child']) retrieved from /home/airflow/.local/lib/python3.7/site-packages/airflow/example_dags/example_external_task_marker_dag.py
[2023-04-14T14:54:23.900+0000] {logging_mixin.py:137} INFO - [2023-04-14T14:54:23.900+0000] {dag.py:2693} INFO - Sync 2 DAGs
[2023-04-14T14:54:23.920+0000] {logging_mixin.py:137} INFO - [2023-04-14T14:54:23.920+0000] {dag.py:3444} INFO - Setting next_dagrun for example_external_task_marker_child to None, run_after=None
[2023-04-14T14:54:23.923+0000] {logging_mixin.py:137} INFO - [2023-04-14T14:54:23.923+0000] {dag.py:3444} INFO - Setting next_dagrun for example_external_task_marker_parent to None, run_after=None
[2023-04-14T14:54:23.956+0000] {processor.py:175} INFO - Processing /home/airflow/.local/lib/python3.7/site-packages/airflow/example_dags/example_external_task_marker_dag.py took 0.115 seconds
[2023-04-14T14:54:54.235+0000] {processor.py:153} INFO - Started process (PID=1364) to work on /home/airflow/.local/lib/python3.7/site-packages/airflow/example_dags/example_external_task_marker_dag.py
[2023-04-14T14:54:54.237+0000] {processor.py:743} INFO - Processing file /home/airflow/.local/lib/python3.7/site-packages/airflow/example_dags/example_external_task_marker_dag.py for tasks to queue
[2023-04-14T14:54:54.237+0000] {logging_mixin.py:137} INFO - [2023-04-14T14:54:54.237+0000] {dagbag.py:532} INFO - Filling up the DagBag from /home/airflow/.local/lib/python3.7/site-packages/airflow/example_dags/example_external_task_marker_dag.py
[2023-04-14T14:54:54.255+0000] {processor.py:753} INFO - DAG(s) dict_keys(['example_external_task_marker_child', 'example_external_task_marker_parent']) retrieved from /home/airflow/.local/lib/python3.7/site-packages/airflow/example_dags/example_external_task_marker_dag.py
[2023-04-14T14:54:54.283+0000] {logging_mixin.py:137} INFO - [2023-04-14T14:54:54.283+0000] {dag.py:2693} INFO - Sync 2 DAGs
[2023-04-14T14:54:54.299+0000] {logging_mixin.py:137} INFO - [2023-04-14T14:54:54.299+0000] {dag.py:3444} INFO - Setting next_dagrun for example_external_task_marker_child to None, run_after=None
[2023-04-14T14:54:54.302+0000] {logging_mixin.py:137} INFO - [2023-04-14T14:54:54.301+0000] {dag.py:3444} INFO - Setting next_dagrun for example_external_task_marker_parent to None, run_after=None
[2023-04-14T14:54:54.314+0000] {processor.py:175} INFO - Processing /home/airflow/.local/lib/python3.7/site-packages/airflow/example_dags/example_external_task_marker_dag.py took 0.083 seconds
[2023-04-14T14:55:24.900+0000] {processor.py:153} INFO - Started process (PID=1416) to work on /home/airflow/.local/lib/python3.7/site-packages/airflow/example_dags/example_external_task_marker_dag.py
[2023-04-14T14:55:24.903+0000] {processor.py:743} INFO - Processing file /home/airflow/.local/lib/python3.7/site-packages/airflow/example_dags/example_external_task_marker_dag.py for tasks to queue
[2023-04-14T14:55:24.906+0000] {logging_mixin.py:137} INFO - [2023-04-14T14:55:24.906+0000] {dagbag.py:532} INFO - Filling up the DagBag from /home/airflow/.local/lib/python3.7/site-packages/airflow/example_dags/example_external_task_marker_dag.py
[2023-04-14T14:55:24.929+0000] {processor.py:753} INFO - DAG(s) dict_keys(['example_external_task_marker_parent', 'example_external_task_marker_child']) retrieved from /home/airflow/.local/lib/python3.7/site-packages/airflow/example_dags/example_external_task_marker_dag.py
[2023-04-14T14:55:24.998+0000] {logging_mixin.py:137} INFO - [2023-04-14T14:55:24.998+0000] {dag.py:2693} INFO - Sync 2 DAGs
[2023-04-14T14:55:25.066+0000] {logging_mixin.py:137} INFO - [2023-04-14T14:55:25.065+0000] {dag.py:3444} INFO - Setting next_dagrun for example_external_task_marker_child to None, run_after=None
[2023-04-14T14:55:25.097+0000] {logging_mixin.py:137} INFO - [2023-04-14T14:55:25.097+0000] {dag.py:3444} INFO - Setting next_dagrun for example_external_task_marker_parent to None, run_after=None
[2023-04-14T14:55:25.140+0000] {processor.py:175} INFO - Processing /home/airflow/.local/lib/python3.7/site-packages/airflow/example_dags/example_external_task_marker_dag.py took 0.250 seconds
[2023-04-14T14:55:56.126+0000] {processor.py:153} INFO - Started process (PID=1468) to work on /home/airflow/.local/lib/python3.7/site-packages/airflow/example_dags/example_external_task_marker_dag.py
[2023-04-14T14:55:56.127+0000] {processor.py:743} INFO - Processing file /home/airflow/.local/lib/python3.7/site-packages/airflow/example_dags/example_external_task_marker_dag.py for tasks to queue
[2023-04-14T14:55:56.128+0000] {logging_mixin.py:137} INFO - [2023-04-14T14:55:56.128+0000] {dagbag.py:532} INFO - Filling up the DagBag from /home/airflow/.local/lib/python3.7/site-packages/airflow/example_dags/example_external_task_marker_dag.py
[2023-04-14T14:55:56.145+0000] {processor.py:753} INFO - DAG(s) dict_keys(['example_external_task_marker_parent', 'example_external_task_marker_child']) retrieved from /home/airflow/.local/lib/python3.7/site-packages/airflow/example_dags/example_external_task_marker_dag.py
[2023-04-14T14:55:56.201+0000] {logging_mixin.py:137} INFO - [2023-04-14T14:55:56.201+0000] {dag.py:2693} INFO - Sync 2 DAGs
[2023-04-14T14:55:56.228+0000] {logging_mixin.py:137} INFO - [2023-04-14T14:55:56.228+0000] {dag.py:3444} INFO - Setting next_dagrun for example_external_task_marker_child to None, run_after=None
[2023-04-14T14:55:56.231+0000] {logging_mixin.py:137} INFO - [2023-04-14T14:55:56.231+0000] {dag.py:3444} INFO - Setting next_dagrun for example_external_task_marker_parent to None, run_after=None
[2023-04-14T14:55:56.245+0000] {processor.py:175} INFO - Processing /home/airflow/.local/lib/python3.7/site-packages/airflow/example_dags/example_external_task_marker_dag.py took 0.123 seconds
[2023-04-14T14:56:26.424+0000] {processor.py:153} INFO - Started process (PID=1521) to work on /home/airflow/.local/lib/python3.7/site-packages/airflow/example_dags/example_external_task_marker_dag.py
[2023-04-14T14:56:26.427+0000] {processor.py:743} INFO - Processing file /home/airflow/.local/lib/python3.7/site-packages/airflow/example_dags/example_external_task_marker_dag.py for tasks to queue
[2023-04-14T14:56:26.428+0000] {logging_mixin.py:137} INFO - [2023-04-14T14:56:26.428+0000] {dagbag.py:532} INFO - Filling up the DagBag from /home/airflow/.local/lib/python3.7/site-packages/airflow/example_dags/example_external_task_marker_dag.py
[2023-04-14T14:56:26.449+0000] {processor.py:753} INFO - DAG(s) dict_keys(['example_external_task_marker_child', 'example_external_task_marker_parent']) retrieved from /home/airflow/.local/lib/python3.7/site-packages/airflow/example_dags/example_external_task_marker_dag.py
[2023-04-14T14:56:26.480+0000] {logging_mixin.py:137} INFO - [2023-04-14T14:56:26.480+0000] {dag.py:2693} INFO - Sync 2 DAGs
[2023-04-14T14:56:26.497+0000] {logging_mixin.py:137} INFO - [2023-04-14T14:56:26.497+0000] {dag.py:3444} INFO - Setting next_dagrun for example_external_task_marker_child to None, run_after=None
[2023-04-14T14:56:26.500+0000] {logging_mixin.py:137} INFO - [2023-04-14T14:56:26.500+0000] {dag.py:3444} INFO - Setting next_dagrun for example_external_task_marker_parent to None, run_after=None
[2023-04-14T14:56:26.511+0000] {processor.py:175} INFO - Processing /home/airflow/.local/lib/python3.7/site-packages/airflow/example_dags/example_external_task_marker_dag.py took 0.094 seconds
[2023-04-14T14:56:57.051+0000] {processor.py:153} INFO - Started process (PID=1574) to work on /home/airflow/.local/lib/python3.7/site-packages/airflow/example_dags/example_external_task_marker_dag.py
[2023-04-14T14:56:57.053+0000] {processor.py:743} INFO - Processing file /home/airflow/.local/lib/python3.7/site-packages/airflow/example_dags/example_external_task_marker_dag.py for tasks to queue
[2023-04-14T14:56:57.057+0000] {logging_mixin.py:137} INFO - [2023-04-14T14:56:57.057+0000] {dagbag.py:532} INFO - Filling up the DagBag from /home/airflow/.local/lib/python3.7/site-packages/airflow/example_dags/example_external_task_marker_dag.py
[2023-04-14T14:56:57.084+0000] {processor.py:753} INFO - DAG(s) dict_keys(['example_external_task_marker_parent', 'example_external_task_marker_child']) retrieved from /home/airflow/.local/lib/python3.7/site-packages/airflow/example_dags/example_external_task_marker_dag.py
[2023-04-14T14:56:57.121+0000] {logging_mixin.py:137} INFO - [2023-04-14T14:56:57.120+0000] {dag.py:2693} INFO - Sync 2 DAGs
[2023-04-14T14:56:57.141+0000] {logging_mixin.py:137} INFO - [2023-04-14T14:56:57.141+0000] {dag.py:3444} INFO - Setting next_dagrun for example_external_task_marker_child to None, run_after=None
[2023-04-14T14:56:57.144+0000] {logging_mixin.py:137} INFO - [2023-04-14T14:56:57.144+0000] {dag.py:3444} INFO - Setting next_dagrun for example_external_task_marker_parent to None, run_after=None
[2023-04-14T14:56:57.156+0000] {processor.py:175} INFO - Processing /home/airflow/.local/lib/python3.7/site-packages/airflow/example_dags/example_external_task_marker_dag.py took 0.112 seconds
[2023-04-14T14:57:28.976+0000] {processor.py:153} INFO - Started process (PID=1627) to work on /home/airflow/.local/lib/python3.7/site-packages/airflow/example_dags/example_external_task_marker_dag.py
[2023-04-14T14:57:29.013+0000] {processor.py:743} INFO - Processing file /home/airflow/.local/lib/python3.7/site-packages/airflow/example_dags/example_external_task_marker_dag.py for tasks to queue
[2023-04-14T14:57:29.025+0000] {logging_mixin.py:137} INFO - [2023-04-14T14:57:29.025+0000] {dagbag.py:532} INFO - Filling up the DagBag from /home/airflow/.local/lib/python3.7/site-packages/airflow/example_dags/example_external_task_marker_dag.py
[2023-04-14T15:05:31.222+0000] {processor.py:753} INFO - DAG(s) dict_keys(['example_external_task_marker_child', 'example_external_task_marker_parent']) retrieved from /home/airflow/.local/lib/python3.7/site-packages/airflow/example_dags/example_external_task_marker_dag.py
[2023-04-14T15:05:32.209+0000] {logging_mixin.py:137} INFO - [2023-04-14T15:05:32.195+0000] {dag.py:2693} INFO - Sync 2 DAGs
