[2023-04-14T14:30:19.076+0000] {processor.py:153} INFO - Started process (PID=63) to work on /home/airflow/.local/lib/python3.7/site-packages/airflow/example_dags/example_branch_python_dop_operator_3.py
[2023-04-14T14:30:19.086+0000] {processor.py:743} INFO - Processing file /home/airflow/.local/lib/python3.7/site-packages/airflow/example_dags/example_branch_python_dop_operator_3.py for tasks to queue
[2023-04-14T14:30:19.089+0000] {logging_mixin.py:137} INFO - [2023-04-14T14:30:19.089+0000] {dagbag.py:532} INFO - Filling up the DagBag from /home/airflow/.local/lib/python3.7/site-packages/airflow/example_dags/example_branch_python_dop_operator_3.py
[2023-04-14T14:30:19.187+0000] {processor.py:753} INFO - DAG(s) dict_keys(['example_branch_dop_operator_v3']) retrieved from /home/airflow/.local/lib/python3.7/site-packages/airflow/example_dags/example_branch_python_dop_operator_3.py
[2023-04-14T14:30:19.227+0000] {logging_mixin.py:137} INFO - [2023-04-14T14:30:19.227+0000] {dag.py:2693} INFO - Sync 1 DAGs
[2023-04-14T14:30:19.253+0000] {logging_mixin.py:137} INFO - [2023-04-14T14:30:19.253+0000] {dag.py:3444} INFO - Setting next_dagrun for example_branch_dop_operator_v3 to 2023-04-14T14:29:00+00:00, run_after=2023-04-14T14:30:00+00:00
[2023-04-14T14:30:19.271+0000] {processor.py:175} INFO - Processing /home/airflow/.local/lib/python3.7/site-packages/airflow/example_dags/example_branch_python_dop_operator_3.py took 0.216 seconds
[2023-04-14T14:30:49.946+0000] {processor.py:153} INFO - Started process (PID=119) to work on /home/airflow/.local/lib/python3.7/site-packages/airflow/example_dags/example_branch_python_dop_operator_3.py
[2023-04-14T14:30:49.947+0000] {processor.py:743} INFO - Processing file /home/airflow/.local/lib/python3.7/site-packages/airflow/example_dags/example_branch_python_dop_operator_3.py for tasks to queue
[2023-04-14T14:30:49.948+0000] {logging_mixin.py:137} INFO - [2023-04-14T14:30:49.948+0000] {dagbag.py:532} INFO - Filling up the DagBag from /home/airflow/.local/lib/python3.7/site-packages/airflow/example_dags/example_branch_python_dop_operator_3.py
[2023-04-14T14:30:49.965+0000] {processor.py:753} INFO - DAG(s) dict_keys(['example_branch_dop_operator_v3']) retrieved from /home/airflow/.local/lib/python3.7/site-packages/airflow/example_dags/example_branch_python_dop_operator_3.py
[2023-04-14T14:30:49.986+0000] {logging_mixin.py:137} INFO - [2023-04-14T14:30:49.985+0000] {dag.py:2693} INFO - Sync 1 DAGs
[2023-04-14T14:30:50.008+0000] {logging_mixin.py:137} INFO - [2023-04-14T14:30:50.008+0000] {dag.py:3444} INFO - Setting next_dagrun for example_branch_dop_operator_v3 to 2023-04-14T14:29:00+00:00, run_after=2023-04-14T14:30:00+00:00
[2023-04-14T14:30:50.023+0000] {processor.py:175} INFO - Processing /home/airflow/.local/lib/python3.7/site-packages/airflow/example_dags/example_branch_python_dop_operator_3.py took 0.079 seconds
[2023-04-14T14:31:20.096+0000] {processor.py:153} INFO - Started process (PID=171) to work on /home/airflow/.local/lib/python3.7/site-packages/airflow/example_dags/example_branch_python_dop_operator_3.py
[2023-04-14T14:31:20.097+0000] {processor.py:743} INFO - Processing file /home/airflow/.local/lib/python3.7/site-packages/airflow/example_dags/example_branch_python_dop_operator_3.py for tasks to queue
[2023-04-14T14:31:20.097+0000] {logging_mixin.py:137} INFO - [2023-04-14T14:31:20.097+0000] {dagbag.py:532} INFO - Filling up the DagBag from /home/airflow/.local/lib/python3.7/site-packages/airflow/example_dags/example_branch_python_dop_operator_3.py
[2023-04-14T14:31:20.113+0000] {processor.py:753} INFO - DAG(s) dict_keys(['example_branch_dop_operator_v3']) retrieved from /home/airflow/.local/lib/python3.7/site-packages/airflow/example_dags/example_branch_python_dop_operator_3.py
[2023-04-14T14:31:20.133+0000] {logging_mixin.py:137} INFO - [2023-04-14T14:31:20.133+0000] {dag.py:2693} INFO - Sync 1 DAGs
[2023-04-14T14:31:20.151+0000] {logging_mixin.py:137} INFO - [2023-04-14T14:31:20.151+0000] {dag.py:3444} INFO - Setting next_dagrun for example_branch_dop_operator_v3 to 2023-04-14T14:30:00+00:00, run_after=2023-04-14T14:31:00+00:00
[2023-04-14T14:31:20.163+0000] {processor.py:175} INFO - Processing /home/airflow/.local/lib/python3.7/site-packages/airflow/example_dags/example_branch_python_dop_operator_3.py took 0.070 seconds
[2023-04-14T14:31:50.998+0000] {processor.py:153} INFO - Started process (PID=224) to work on /home/airflow/.local/lib/python3.7/site-packages/airflow/example_dags/example_branch_python_dop_operator_3.py
[2023-04-14T14:31:50.999+0000] {processor.py:743} INFO - Processing file /home/airflow/.local/lib/python3.7/site-packages/airflow/example_dags/example_branch_python_dop_operator_3.py for tasks to queue
[2023-04-14T14:31:51.000+0000] {logging_mixin.py:137} INFO - [2023-04-14T14:31:51.000+0000] {dagbag.py:532} INFO - Filling up the DagBag from /home/airflow/.local/lib/python3.7/site-packages/airflow/example_dags/example_branch_python_dop_operator_3.py
[2023-04-14T14:31:51.015+0000] {processor.py:753} INFO - DAG(s) dict_keys(['example_branch_dop_operator_v3']) retrieved from /home/airflow/.local/lib/python3.7/site-packages/airflow/example_dags/example_branch_python_dop_operator_3.py
[2023-04-14T14:31:51.035+0000] {logging_mixin.py:137} INFO - [2023-04-14T14:31:51.035+0000] {dag.py:2693} INFO - Sync 1 DAGs
[2023-04-14T14:31:51.055+0000] {logging_mixin.py:137} INFO - [2023-04-14T14:31:51.055+0000] {dag.py:3444} INFO - Setting next_dagrun for example_branch_dop_operator_v3 to 2023-04-14T14:30:00+00:00, run_after=2023-04-14T14:31:00+00:00
[2023-04-14T14:31:51.072+0000] {processor.py:175} INFO - Processing /home/airflow/.local/lib/python3.7/site-packages/airflow/example_dags/example_branch_python_dop_operator_3.py took 0.077 seconds
[2023-04-14T14:32:23.055+0000] {processor.py:153} INFO - Started process (PID=276) to work on /home/airflow/.local/lib/python3.7/site-packages/airflow/example_dags/example_branch_python_dop_operator_3.py
[2023-04-14T14:32:23.062+0000] {processor.py:743} INFO - Processing file /home/airflow/.local/lib/python3.7/site-packages/airflow/example_dags/example_branch_python_dop_operator_3.py for tasks to queue
[2023-04-14T14:32:23.068+0000] {logging_mixin.py:137} INFO - [2023-04-14T14:32:23.068+0000] {dagbag.py:532} INFO - Filling up the DagBag from /home/airflow/.local/lib/python3.7/site-packages/airflow/example_dags/example_branch_python_dop_operator_3.py
[2023-04-14T14:32:23.091+0000] {processor.py:753} INFO - DAG(s) dict_keys(['example_branch_dop_operator_v3']) retrieved from /home/airflow/.local/lib/python3.7/site-packages/airflow/example_dags/example_branch_python_dop_operator_3.py
[2023-04-14T14:32:23.181+0000] {logging_mixin.py:137} INFO - [2023-04-14T14:32:23.180+0000] {dag.py:2693} INFO - Sync 1 DAGs
[2023-04-14T14:32:23.224+0000] {logging_mixin.py:137} INFO - [2023-04-14T14:32:23.224+0000] {dag.py:3444} INFO - Setting next_dagrun for example_branch_dop_operator_v3 to 2023-04-14T14:31:00+00:00, run_after=2023-04-14T14:32:00+00:00
[2023-04-14T14:32:23.287+0000] {processor.py:175} INFO - Processing /home/airflow/.local/lib/python3.7/site-packages/airflow/example_dags/example_branch_python_dop_operator_3.py took 0.237 seconds
[2023-04-14T14:33:50.960+0000] {processor.py:153} INFO - Started process (PID=56) to work on /home/airflow/.local/lib/python3.7/site-packages/airflow/example_dags/example_branch_python_dop_operator_3.py
[2023-04-14T14:33:50.978+0000] {processor.py:743} INFO - Processing file /home/airflow/.local/lib/python3.7/site-packages/airflow/example_dags/example_branch_python_dop_operator_3.py for tasks to queue
[2023-04-14T14:33:50.988+0000] {logging_mixin.py:137} INFO - [2023-04-14T14:33:50.987+0000] {dagbag.py:532} INFO - Filling up the DagBag from /home/airflow/.local/lib/python3.7/site-packages/airflow/example_dags/example_branch_python_dop_operator_3.py
[2023-04-14T14:33:51.081+0000] {processor.py:753} INFO - DAG(s) dict_keys(['example_branch_dop_operator_v3']) retrieved from /home/airflow/.local/lib/python3.7/site-packages/airflow/example_dags/example_branch_python_dop_operator_3.py
[2023-04-14T14:33:51.165+0000] {logging_mixin.py:137} INFO - [2023-04-14T14:33:51.165+0000] {dag.py:2693} INFO - Sync 1 DAGs
[2023-04-14T14:33:51.244+0000] {logging_mixin.py:137} INFO - [2023-04-14T14:33:51.244+0000] {dag.py:3444} INFO - Setting next_dagrun for example_branch_dop_operator_v3 to 2023-04-14T14:32:00+00:00, run_after=2023-04-14T14:33:00+00:00
[2023-04-14T14:33:51.303+0000] {processor.py:175} INFO - Processing /home/airflow/.local/lib/python3.7/site-packages/airflow/example_dags/example_branch_python_dop_operator_3.py took 0.358 seconds
[2023-04-14T14:34:21.703+0000] {processor.py:153} INFO - Started process (PID=108) to work on /home/airflow/.local/lib/python3.7/site-packages/airflow/example_dags/example_branch_python_dop_operator_3.py
[2023-04-14T14:34:21.705+0000] {processor.py:743} INFO - Processing file /home/airflow/.local/lib/python3.7/site-packages/airflow/example_dags/example_branch_python_dop_operator_3.py for tasks to queue
[2023-04-14T14:34:21.706+0000] {logging_mixin.py:137} INFO - [2023-04-14T14:34:21.706+0000] {dagbag.py:532} INFO - Filling up the DagBag from /home/airflow/.local/lib/python3.7/site-packages/airflow/example_dags/example_branch_python_dop_operator_3.py
[2023-04-14T14:34:21.729+0000] {processor.py:753} INFO - DAG(s) dict_keys(['example_branch_dop_operator_v3']) retrieved from /home/airflow/.local/lib/python3.7/site-packages/airflow/example_dags/example_branch_python_dop_operator_3.py
[2023-04-14T14:34:21.758+0000] {logging_mixin.py:137} INFO - [2023-04-14T14:34:21.758+0000] {dag.py:2693} INFO - Sync 1 DAGs
[2023-04-14T14:34:21.780+0000] {logging_mixin.py:137} INFO - [2023-04-14T14:34:21.780+0000] {dag.py:3444} INFO - Setting next_dagrun for example_branch_dop_operator_v3 to 2023-04-14T14:33:00+00:00, run_after=2023-04-14T14:34:00+00:00
[2023-04-14T14:34:21.792+0000] {processor.py:175} INFO - Processing /home/airflow/.local/lib/python3.7/site-packages/airflow/example_dags/example_branch_python_dop_operator_3.py took 0.093 seconds
[2023-04-14T14:34:52.290+0000] {processor.py:153} INFO - Started process (PID=161) to work on /home/airflow/.local/lib/python3.7/site-packages/airflow/example_dags/example_branch_python_dop_operator_3.py
[2023-04-14T14:34:52.291+0000] {processor.py:743} INFO - Processing file /home/airflow/.local/lib/python3.7/site-packages/airflow/example_dags/example_branch_python_dop_operator_3.py for tasks to queue
[2023-04-14T14:34:52.292+0000] {logging_mixin.py:137} INFO - [2023-04-14T14:34:52.292+0000] {dagbag.py:532} INFO - Filling up the DagBag from /home/airflow/.local/lib/python3.7/site-packages/airflow/example_dags/example_branch_python_dop_operator_3.py
[2023-04-14T14:34:52.310+0000] {processor.py:753} INFO - DAG(s) dict_keys(['example_branch_dop_operator_v3']) retrieved from /home/airflow/.local/lib/python3.7/site-packages/airflow/example_dags/example_branch_python_dop_operator_3.py
[2023-04-14T14:34:52.330+0000] {logging_mixin.py:137} INFO - [2023-04-14T14:34:52.330+0000] {dag.py:2693} INFO - Sync 1 DAGs
[2023-04-14T14:34:52.348+0000] {logging_mixin.py:137} INFO - [2023-04-14T14:34:52.348+0000] {dag.py:3444} INFO - Setting next_dagrun for example_branch_dop_operator_v3 to 2023-04-14T14:33:00+00:00, run_after=2023-04-14T14:34:00+00:00
[2023-04-14T14:34:52.361+0000] {processor.py:175} INFO - Processing /home/airflow/.local/lib/python3.7/site-packages/airflow/example_dags/example_branch_python_dop_operator_3.py took 0.075 seconds
[2023-04-14T14:35:22.804+0000] {processor.py:153} INFO - Started process (PID=214) to work on /home/airflow/.local/lib/python3.7/site-packages/airflow/example_dags/example_branch_python_dop_operator_3.py
[2023-04-14T14:35:22.805+0000] {processor.py:743} INFO - Processing file /home/airflow/.local/lib/python3.7/site-packages/airflow/example_dags/example_branch_python_dop_operator_3.py for tasks to queue
[2023-04-14T14:35:22.806+0000] {logging_mixin.py:137} INFO - [2023-04-14T14:35:22.806+0000] {dagbag.py:532} INFO - Filling up the DagBag from /home/airflow/.local/lib/python3.7/site-packages/airflow/example_dags/example_branch_python_dop_operator_3.py
[2023-04-14T14:35:22.824+0000] {processor.py:753} INFO - DAG(s) dict_keys(['example_branch_dop_operator_v3']) retrieved from /home/airflow/.local/lib/python3.7/site-packages/airflow/example_dags/example_branch_python_dop_operator_3.py
[2023-04-14T14:35:22.863+0000] {logging_mixin.py:137} INFO - [2023-04-14T14:35:22.863+0000] {dag.py:2693} INFO - Sync 1 DAGs
[2023-04-14T14:35:22.892+0000] {logging_mixin.py:137} INFO - [2023-04-14T14:35:22.892+0000] {dag.py:3444} INFO - Setting next_dagrun for example_branch_dop_operator_v3 to 2023-04-14T14:34:00+00:00, run_after=2023-04-14T14:35:00+00:00
[2023-04-14T14:35:22.968+0000] {processor.py:175} INFO - Processing /home/airflow/.local/lib/python3.7/site-packages/airflow/example_dags/example_branch_python_dop_operator_3.py took 0.167 seconds
[2023-04-14T14:35:53.166+0000] {processor.py:153} INFO - Started process (PID=267) to work on /home/airflow/.local/lib/python3.7/site-packages/airflow/example_dags/example_branch_python_dop_operator_3.py
[2023-04-14T14:35:53.169+0000] {processor.py:743} INFO - Processing file /home/airflow/.local/lib/python3.7/site-packages/airflow/example_dags/example_branch_python_dop_operator_3.py for tasks to queue
[2023-04-14T14:35:53.171+0000] {logging_mixin.py:137} INFO - [2023-04-14T14:35:53.171+0000] {dagbag.py:532} INFO - Filling up the DagBag from /home/airflow/.local/lib/python3.7/site-packages/airflow/example_dags/example_branch_python_dop_operator_3.py
[2023-04-14T14:35:53.202+0000] {processor.py:753} INFO - DAG(s) dict_keys(['example_branch_dop_operator_v3']) retrieved from /home/airflow/.local/lib/python3.7/site-packages/airflow/example_dags/example_branch_python_dop_operator_3.py
[2023-04-14T14:35:53.249+0000] {logging_mixin.py:137} INFO - [2023-04-14T14:35:53.249+0000] {dag.py:2693} INFO - Sync 1 DAGs
[2023-04-14T14:35:53.293+0000] {logging_mixin.py:137} INFO - [2023-04-14T14:35:53.293+0000] {dag.py:3444} INFO - Setting next_dagrun for example_branch_dop_operator_v3 to 2023-04-14T14:34:00+00:00, run_after=2023-04-14T14:35:00+00:00
[2023-04-14T14:35:53.307+0000] {processor.py:175} INFO - Processing /home/airflow/.local/lib/python3.7/site-packages/airflow/example_dags/example_branch_python_dop_operator_3.py took 0.145 seconds
[2023-04-14T14:36:24.154+0000] {processor.py:153} INFO - Started process (PID=320) to work on /home/airflow/.local/lib/python3.7/site-packages/airflow/example_dags/example_branch_python_dop_operator_3.py
[2023-04-14T14:36:24.156+0000] {processor.py:743} INFO - Processing file /home/airflow/.local/lib/python3.7/site-packages/airflow/example_dags/example_branch_python_dop_operator_3.py for tasks to queue
[2023-04-14T14:36:24.158+0000] {logging_mixin.py:137} INFO - [2023-04-14T14:36:24.158+0000] {dagbag.py:532} INFO - Filling up the DagBag from /home/airflow/.local/lib/python3.7/site-packages/airflow/example_dags/example_branch_python_dop_operator_3.py
[2023-04-14T14:36:24.180+0000] {processor.py:753} INFO - DAG(s) dict_keys(['example_branch_dop_operator_v3']) retrieved from /home/airflow/.local/lib/python3.7/site-packages/airflow/example_dags/example_branch_python_dop_operator_3.py
[2023-04-14T14:36:24.203+0000] {logging_mixin.py:137} INFO - [2023-04-14T14:36:24.203+0000] {dag.py:2693} INFO - Sync 1 DAGs
[2023-04-14T14:36:24.224+0000] {logging_mixin.py:137} INFO - [2023-04-14T14:36:24.223+0000] {dag.py:3444} INFO - Setting next_dagrun for example_branch_dop_operator_v3 to 2023-04-14T14:35:00+00:00, run_after=2023-04-14T14:36:00+00:00
[2023-04-14T14:36:24.237+0000] {processor.py:175} INFO - Processing /home/airflow/.local/lib/python3.7/site-packages/airflow/example_dags/example_branch_python_dop_operator_3.py took 0.087 seconds
[2023-04-14T14:36:54.820+0000] {processor.py:153} INFO - Started process (PID=373) to work on /home/airflow/.local/lib/python3.7/site-packages/airflow/example_dags/example_branch_python_dop_operator_3.py
[2023-04-14T14:36:54.825+0000] {processor.py:743} INFO - Processing file /home/airflow/.local/lib/python3.7/site-packages/airflow/example_dags/example_branch_python_dop_operator_3.py for tasks to queue
[2023-04-14T14:36:54.830+0000] {logging_mixin.py:137} INFO - [2023-04-14T14:36:54.830+0000] {dagbag.py:532} INFO - Filling up the DagBag from /home/airflow/.local/lib/python3.7/site-packages/airflow/example_dags/example_branch_python_dop_operator_3.py
[2023-04-14T14:36:54.869+0000] {processor.py:753} INFO - DAG(s) dict_keys(['example_branch_dop_operator_v3']) retrieved from /home/airflow/.local/lib/python3.7/site-packages/airflow/example_dags/example_branch_python_dop_operator_3.py
[2023-04-14T14:36:54.922+0000] {logging_mixin.py:137} INFO - [2023-04-14T14:36:54.922+0000] {dag.py:2693} INFO - Sync 1 DAGs
[2023-04-14T14:36:54.950+0000] {logging_mixin.py:137} INFO - [2023-04-14T14:36:54.950+0000] {dag.py:3444} INFO - Setting next_dagrun for example_branch_dop_operator_v3 to 2023-04-14T14:35:00+00:00, run_after=2023-04-14T14:36:00+00:00
[2023-04-14T14:36:54.972+0000] {processor.py:175} INFO - Processing /home/airflow/.local/lib/python3.7/site-packages/airflow/example_dags/example_branch_python_dop_operator_3.py took 0.159 seconds
[2023-04-14T14:37:25.735+0000] {processor.py:153} INFO - Started process (PID=424) to work on /home/airflow/.local/lib/python3.7/site-packages/airflow/example_dags/example_branch_python_dop_operator_3.py
[2023-04-14T14:37:25.737+0000] {processor.py:743} INFO - Processing file /home/airflow/.local/lib/python3.7/site-packages/airflow/example_dags/example_branch_python_dop_operator_3.py for tasks to queue
[2023-04-14T14:37:25.738+0000] {logging_mixin.py:137} INFO - [2023-04-14T14:37:25.738+0000] {dagbag.py:532} INFO - Filling up the DagBag from /home/airflow/.local/lib/python3.7/site-packages/airflow/example_dags/example_branch_python_dop_operator_3.py
[2023-04-14T14:37:25.755+0000] {processor.py:753} INFO - DAG(s) dict_keys(['example_branch_dop_operator_v3']) retrieved from /home/airflow/.local/lib/python3.7/site-packages/airflow/example_dags/example_branch_python_dop_operator_3.py
[2023-04-14T14:37:25.775+0000] {logging_mixin.py:137} INFO - [2023-04-14T14:37:25.775+0000] {dag.py:2693} INFO - Sync 1 DAGs
[2023-04-14T14:37:25.797+0000] {logging_mixin.py:137} INFO - [2023-04-14T14:37:25.797+0000] {dag.py:3444} INFO - Setting next_dagrun for example_branch_dop_operator_v3 to 2023-04-14T14:36:00+00:00, run_after=2023-04-14T14:37:00+00:00
[2023-04-14T14:37:25.809+0000] {processor.py:175} INFO - Processing /home/airflow/.local/lib/python3.7/site-packages/airflow/example_dags/example_branch_python_dop_operator_3.py took 0.077 seconds
[2023-04-14T14:37:58.043+0000] {processor.py:153} INFO - Started process (PID=477) to work on /home/airflow/.local/lib/python3.7/site-packages/airflow/example_dags/example_branch_python_dop_operator_3.py
[2023-04-14T14:37:58.054+0000] {processor.py:743} INFO - Processing file /home/airflow/.local/lib/python3.7/site-packages/airflow/example_dags/example_branch_python_dop_operator_3.py for tasks to queue
[2023-04-14T14:37:58.066+0000] {logging_mixin.py:137} INFO - [2023-04-14T14:37:58.066+0000] {dagbag.py:532} INFO - Filling up the DagBag from /home/airflow/.local/lib/python3.7/site-packages/airflow/example_dags/example_branch_python_dop_operator_3.py
[2023-04-14T14:37:58.176+0000] {processor.py:753} INFO - DAG(s) dict_keys(['example_branch_dop_operator_v3']) retrieved from /home/airflow/.local/lib/python3.7/site-packages/airflow/example_dags/example_branch_python_dop_operator_3.py
[2023-04-14T14:37:58.244+0000] {logging_mixin.py:137} INFO - [2023-04-14T14:37:58.244+0000] {dag.py:2693} INFO - Sync 1 DAGs
[2023-04-14T14:37:58.318+0000] {logging_mixin.py:137} INFO - [2023-04-14T14:37:58.318+0000] {dag.py:3444} INFO - Setting next_dagrun for example_branch_dop_operator_v3 to 2023-04-14T14:36:00+00:00, run_after=2023-04-14T14:37:00+00:00
[2023-04-14T14:37:58.343+0000] {processor.py:175} INFO - Processing /home/airflow/.local/lib/python3.7/site-packages/airflow/example_dags/example_branch_python_dop_operator_3.py took 0.308 seconds
[2023-04-14T14:38:28.572+0000] {processor.py:153} INFO - Started process (PID=532) to work on /home/airflow/.local/lib/python3.7/site-packages/airflow/example_dags/example_branch_python_dop_operator_3.py
[2023-04-14T14:38:28.573+0000] {processor.py:743} INFO - Processing file /home/airflow/.local/lib/python3.7/site-packages/airflow/example_dags/example_branch_python_dop_operator_3.py for tasks to queue
[2023-04-14T14:38:28.575+0000] {logging_mixin.py:137} INFO - [2023-04-14T14:38:28.575+0000] {dagbag.py:532} INFO - Filling up the DagBag from /home/airflow/.local/lib/python3.7/site-packages/airflow/example_dags/example_branch_python_dop_operator_3.py
[2023-04-14T14:38:28.594+0000] {processor.py:753} INFO - DAG(s) dict_keys(['example_branch_dop_operator_v3']) retrieved from /home/airflow/.local/lib/python3.7/site-packages/airflow/example_dags/example_branch_python_dop_operator_3.py
[2023-04-14T14:38:28.615+0000] {logging_mixin.py:137} INFO - [2023-04-14T14:38:28.615+0000] {dag.py:2693} INFO - Sync 1 DAGs
[2023-04-14T14:38:28.634+0000] {logging_mixin.py:137} INFO - [2023-04-14T14:38:28.634+0000] {dag.py:3444} INFO - Setting next_dagrun for example_branch_dop_operator_v3 to 2023-04-14T14:37:00+00:00, run_after=2023-04-14T14:38:00+00:00
[2023-04-14T14:38:28.651+0000] {processor.py:175} INFO - Processing /home/airflow/.local/lib/python3.7/site-packages/airflow/example_dags/example_branch_python_dop_operator_3.py took 0.084 seconds
[2023-04-14T14:38:58.769+0000] {processor.py:153} INFO - Started process (PID=586) to work on /home/airflow/.local/lib/python3.7/site-packages/airflow/example_dags/example_branch_python_dop_operator_3.py
[2023-04-14T14:38:58.772+0000] {processor.py:743} INFO - Processing file /home/airflow/.local/lib/python3.7/site-packages/airflow/example_dags/example_branch_python_dop_operator_3.py for tasks to queue
[2023-04-14T14:38:58.774+0000] {logging_mixin.py:137} INFO - [2023-04-14T14:38:58.774+0000] {dagbag.py:532} INFO - Filling up the DagBag from /home/airflow/.local/lib/python3.7/site-packages/airflow/example_dags/example_branch_python_dop_operator_3.py
[2023-04-14T14:38:58.799+0000] {processor.py:753} INFO - DAG(s) dict_keys(['example_branch_dop_operator_v3']) retrieved from /home/airflow/.local/lib/python3.7/site-packages/airflow/example_dags/example_branch_python_dop_operator_3.py
[2023-04-14T14:38:58.825+0000] {logging_mixin.py:137} INFO - [2023-04-14T14:38:58.824+0000] {dag.py:2693} INFO - Sync 1 DAGs
[2023-04-14T14:38:58.860+0000] {logging_mixin.py:137} INFO - [2023-04-14T14:38:58.859+0000] {dag.py:3444} INFO - Setting next_dagrun for example_branch_dop_operator_v3 to 2023-04-14T14:37:00+00:00, run_after=2023-04-14T14:38:00+00:00
[2023-04-14T14:38:58.883+0000] {processor.py:175} INFO - Processing /home/airflow/.local/lib/python3.7/site-packages/airflow/example_dags/example_branch_python_dop_operator_3.py took 0.120 seconds
[2023-04-14T14:39:29.744+0000] {processor.py:153} INFO - Started process (PID=639) to work on /home/airflow/.local/lib/python3.7/site-packages/airflow/example_dags/example_branch_python_dop_operator_3.py
[2023-04-14T14:39:29.745+0000] {processor.py:743} INFO - Processing file /home/airflow/.local/lib/python3.7/site-packages/airflow/example_dags/example_branch_python_dop_operator_3.py for tasks to queue
[2023-04-14T14:39:29.746+0000] {logging_mixin.py:137} INFO - [2023-04-14T14:39:29.746+0000] {dagbag.py:532} INFO - Filling up the DagBag from /home/airflow/.local/lib/python3.7/site-packages/airflow/example_dags/example_branch_python_dop_operator_3.py
[2023-04-14T14:39:29.763+0000] {processor.py:753} INFO - DAG(s) dict_keys(['example_branch_dop_operator_v3']) retrieved from /home/airflow/.local/lib/python3.7/site-packages/airflow/example_dags/example_branch_python_dop_operator_3.py
[2023-04-14T14:39:29.782+0000] {logging_mixin.py:137} INFO - [2023-04-14T14:39:29.782+0000] {dag.py:2693} INFO - Sync 1 DAGs
[2023-04-14T14:39:29.801+0000] {logging_mixin.py:137} INFO - [2023-04-14T14:39:29.801+0000] {dag.py:3444} INFO - Setting next_dagrun for example_branch_dop_operator_v3 to 2023-04-14T14:38:00+00:00, run_after=2023-04-14T14:39:00+00:00
[2023-04-14T14:39:29.813+0000] {processor.py:175} INFO - Processing /home/airflow/.local/lib/python3.7/site-packages/airflow/example_dags/example_branch_python_dop_operator_3.py took 0.072 seconds
[2023-04-14T14:40:00.566+0000] {processor.py:153} INFO - Started process (PID=692) to work on /home/airflow/.local/lib/python3.7/site-packages/airflow/example_dags/example_branch_python_dop_operator_3.py
[2023-04-14T14:40:00.567+0000] {processor.py:743} INFO - Processing file /home/airflow/.local/lib/python3.7/site-packages/airflow/example_dags/example_branch_python_dop_operator_3.py for tasks to queue
[2023-04-14T14:40:00.567+0000] {logging_mixin.py:137} INFO - [2023-04-14T14:40:00.567+0000] {dagbag.py:532} INFO - Filling up the DagBag from /home/airflow/.local/lib/python3.7/site-packages/airflow/example_dags/example_branch_python_dop_operator_3.py
[2023-04-14T14:40:00.583+0000] {processor.py:753} INFO - DAG(s) dict_keys(['example_branch_dop_operator_v3']) retrieved from /home/airflow/.local/lib/python3.7/site-packages/airflow/example_dags/example_branch_python_dop_operator_3.py
[2023-04-14T14:40:00.602+0000] {logging_mixin.py:137} INFO - [2023-04-14T14:40:00.601+0000] {dag.py:2693} INFO - Sync 1 DAGs
[2023-04-14T14:40:00.619+0000] {logging_mixin.py:137} INFO - [2023-04-14T14:40:00.619+0000] {dag.py:3444} INFO - Setting next_dagrun for example_branch_dop_operator_v3 to 2023-04-14T14:39:00+00:00, run_after=2023-04-14T14:40:00+00:00
[2023-04-14T14:40:00.629+0000] {processor.py:175} INFO - Processing /home/airflow/.local/lib/python3.7/site-packages/airflow/example_dags/example_branch_python_dop_operator_3.py took 0.067 seconds
[2023-04-14T14:40:30.927+0000] {processor.py:153} INFO - Started process (PID=745) to work on /home/airflow/.local/lib/python3.7/site-packages/airflow/example_dags/example_branch_python_dop_operator_3.py
[2023-04-14T14:40:30.928+0000] {processor.py:743} INFO - Processing file /home/airflow/.local/lib/python3.7/site-packages/airflow/example_dags/example_branch_python_dop_operator_3.py for tasks to queue
[2023-04-14T14:40:30.929+0000] {logging_mixin.py:137} INFO - [2023-04-14T14:40:30.929+0000] {dagbag.py:532} INFO - Filling up the DagBag from /home/airflow/.local/lib/python3.7/site-packages/airflow/example_dags/example_branch_python_dop_operator_3.py
[2023-04-14T14:40:30.946+0000] {processor.py:753} INFO - DAG(s) dict_keys(['example_branch_dop_operator_v3']) retrieved from /home/airflow/.local/lib/python3.7/site-packages/airflow/example_dags/example_branch_python_dop_operator_3.py
[2023-04-14T14:40:30.967+0000] {logging_mixin.py:137} INFO - [2023-04-14T14:40:30.967+0000] {dag.py:2693} INFO - Sync 1 DAGs
[2023-04-14T14:40:30.985+0000] {logging_mixin.py:137} INFO - [2023-04-14T14:40:30.984+0000] {dag.py:3444} INFO - Setting next_dagrun for example_branch_dop_operator_v3 to 2023-04-14T14:39:00+00:00, run_after=2023-04-14T14:40:00+00:00
[2023-04-14T14:40:30.997+0000] {processor.py:175} INFO - Processing /home/airflow/.local/lib/python3.7/site-packages/airflow/example_dags/example_branch_python_dop_operator_3.py took 0.073 seconds
[2023-04-14T14:41:01.531+0000] {processor.py:153} INFO - Started process (PID=805) to work on /home/airflow/.local/lib/python3.7/site-packages/airflow/example_dags/example_branch_python_dop_operator_3.py
[2023-04-14T14:41:01.532+0000] {processor.py:743} INFO - Processing file /home/airflow/.local/lib/python3.7/site-packages/airflow/example_dags/example_branch_python_dop_operator_3.py for tasks to queue
[2023-04-14T14:41:01.532+0000] {logging_mixin.py:137} INFO - [2023-04-14T14:41:01.532+0000] {dagbag.py:532} INFO - Filling up the DagBag from /home/airflow/.local/lib/python3.7/site-packages/airflow/example_dags/example_branch_python_dop_operator_3.py
[2023-04-14T14:41:01.549+0000] {processor.py:753} INFO - DAG(s) dict_keys(['example_branch_dop_operator_v3']) retrieved from /home/airflow/.local/lib/python3.7/site-packages/airflow/example_dags/example_branch_python_dop_operator_3.py
[2023-04-14T14:41:01.573+0000] {logging_mixin.py:137} INFO - [2023-04-14T14:41:01.573+0000] {dag.py:2693} INFO - Sync 1 DAGs
[2023-04-14T14:41:01.592+0000] {logging_mixin.py:137} INFO - [2023-04-14T14:41:01.592+0000] {dag.py:3444} INFO - Setting next_dagrun for example_branch_dop_operator_v3 to 2023-04-14T14:40:00+00:00, run_after=2023-04-14T14:41:00+00:00
[2023-04-14T14:41:01.603+0000] {processor.py:175} INFO - Processing /home/airflow/.local/lib/python3.7/site-packages/airflow/example_dags/example_branch_python_dop_operator_3.py took 0.075 seconds
[2023-04-14T14:42:15.813+0000] {processor.py:153} INFO - Started process (PID=56) to work on /home/airflow/.local/lib/python3.7/site-packages/airflow/example_dags/example_branch_python_dop_operator_3.py
[2023-04-14T14:42:15.815+0000] {processor.py:743} INFO - Processing file /home/airflow/.local/lib/python3.7/site-packages/airflow/example_dags/example_branch_python_dop_operator_3.py for tasks to queue
[2023-04-14T14:42:15.817+0000] {logging_mixin.py:137} INFO - [2023-04-14T14:42:15.817+0000] {dagbag.py:532} INFO - Filling up the DagBag from /home/airflow/.local/lib/python3.7/site-packages/airflow/example_dags/example_branch_python_dop_operator_3.py
[2023-04-14T14:42:15.849+0000] {processor.py:753} INFO - DAG(s) dict_keys(['example_branch_dop_operator_v3']) retrieved from /home/airflow/.local/lib/python3.7/site-packages/airflow/example_dags/example_branch_python_dop_operator_3.py
[2023-04-14T14:42:15.868+0000] {logging_mixin.py:137} INFO - [2023-04-14T14:42:15.868+0000] {dag.py:2693} INFO - Sync 1 DAGs
[2023-04-14T14:42:15.924+0000] {logging_mixin.py:137} INFO - [2023-04-14T14:42:15.924+0000] {dag.py:3444} INFO - Setting next_dagrun for example_branch_dop_operator_v3 to 2023-04-14T14:41:00+00:00, run_after=2023-04-14T14:42:00+00:00
[2023-04-14T14:42:15.940+0000] {processor.py:175} INFO - Processing /home/airflow/.local/lib/python3.7/site-packages/airflow/example_dags/example_branch_python_dop_operator_3.py took 0.134 seconds
[2023-04-14T14:42:46.692+0000] {processor.py:153} INFO - Started process (PID=109) to work on /home/airflow/.local/lib/python3.7/site-packages/airflow/example_dags/example_branch_python_dop_operator_3.py
[2023-04-14T14:42:46.693+0000] {processor.py:743} INFO - Processing file /home/airflow/.local/lib/python3.7/site-packages/airflow/example_dags/example_branch_python_dop_operator_3.py for tasks to queue
[2023-04-14T14:42:46.694+0000] {logging_mixin.py:137} INFO - [2023-04-14T14:42:46.694+0000] {dagbag.py:532} INFO - Filling up the DagBag from /home/airflow/.local/lib/python3.7/site-packages/airflow/example_dags/example_branch_python_dop_operator_3.py
[2023-04-14T14:42:46.710+0000] {processor.py:753} INFO - DAG(s) dict_keys(['example_branch_dop_operator_v3']) retrieved from /home/airflow/.local/lib/python3.7/site-packages/airflow/example_dags/example_branch_python_dop_operator_3.py
[2023-04-14T14:42:46.730+0000] {logging_mixin.py:137} INFO - [2023-04-14T14:42:46.730+0000] {dag.py:2693} INFO - Sync 1 DAGs
[2023-04-14T14:42:46.748+0000] {logging_mixin.py:137} INFO - [2023-04-14T14:42:46.748+0000] {dag.py:3444} INFO - Setting next_dagrun for example_branch_dop_operator_v3 to 2023-04-14T14:41:00+00:00, run_after=2023-04-14T14:42:00+00:00
[2023-04-14T14:42:46.759+0000] {processor.py:175} INFO - Processing /home/airflow/.local/lib/python3.7/site-packages/airflow/example_dags/example_branch_python_dop_operator_3.py took 0.071 seconds
[2023-04-14T14:43:17.080+0000] {processor.py:153} INFO - Started process (PID=162) to work on /home/airflow/.local/lib/python3.7/site-packages/airflow/example_dags/example_branch_python_dop_operator_3.py
[2023-04-14T14:43:17.082+0000] {processor.py:743} INFO - Processing file /home/airflow/.local/lib/python3.7/site-packages/airflow/example_dags/example_branch_python_dop_operator_3.py for tasks to queue
[2023-04-14T14:43:17.082+0000] {logging_mixin.py:137} INFO - [2023-04-14T14:43:17.082+0000] {dagbag.py:532} INFO - Filling up the DagBag from /home/airflow/.local/lib/python3.7/site-packages/airflow/example_dags/example_branch_python_dop_operator_3.py
[2023-04-14T14:43:17.099+0000] {processor.py:753} INFO - DAG(s) dict_keys(['example_branch_dop_operator_v3']) retrieved from /home/airflow/.local/lib/python3.7/site-packages/airflow/example_dags/example_branch_python_dop_operator_3.py
[2023-04-14T14:43:17.118+0000] {logging_mixin.py:137} INFO - [2023-04-14T14:43:17.118+0000] {dag.py:2693} INFO - Sync 1 DAGs
[2023-04-14T14:43:17.139+0000] {logging_mixin.py:137} INFO - [2023-04-14T14:43:17.139+0000] {dag.py:3444} INFO - Setting next_dagrun for example_branch_dop_operator_v3 to 2023-04-14T14:42:00+00:00, run_after=2023-04-14T14:43:00+00:00
[2023-04-14T14:43:17.156+0000] {processor.py:175} INFO - Processing /home/airflow/.local/lib/python3.7/site-packages/airflow/example_dags/example_branch_python_dop_operator_3.py took 0.078 seconds
[2023-04-14T14:43:48.276+0000] {processor.py:153} INFO - Started process (PID=215) to work on /home/airflow/.local/lib/python3.7/site-packages/airflow/example_dags/example_branch_python_dop_operator_3.py
[2023-04-14T14:43:48.285+0000] {processor.py:743} INFO - Processing file /home/airflow/.local/lib/python3.7/site-packages/airflow/example_dags/example_branch_python_dop_operator_3.py for tasks to queue
[2023-04-14T14:43:48.287+0000] {logging_mixin.py:137} INFO - [2023-04-14T14:43:48.287+0000] {dagbag.py:532} INFO - Filling up the DagBag from /home/airflow/.local/lib/python3.7/site-packages/airflow/example_dags/example_branch_python_dop_operator_3.py
[2023-04-14T14:43:48.315+0000] {processor.py:753} INFO - DAG(s) dict_keys(['example_branch_dop_operator_v3']) retrieved from /home/airflow/.local/lib/python3.7/site-packages/airflow/example_dags/example_branch_python_dop_operator_3.py
[2023-04-14T14:43:48.339+0000] {logging_mixin.py:137} INFO - [2023-04-14T14:43:48.339+0000] {dag.py:2693} INFO - Sync 1 DAGs
[2023-04-14T14:43:48.376+0000] {logging_mixin.py:137} INFO - [2023-04-14T14:43:48.376+0000] {dag.py:3444} INFO - Setting next_dagrun for example_branch_dop_operator_v3 to 2023-04-14T14:42:00+00:00, run_after=2023-04-14T14:43:00+00:00
[2023-04-14T14:43:48.393+0000] {processor.py:175} INFO - Processing /home/airflow/.local/lib/python3.7/site-packages/airflow/example_dags/example_branch_python_dop_operator_3.py took 0.139 seconds
[2023-04-14T14:44:19.421+0000] {processor.py:153} INFO - Started process (PID=268) to work on /home/airflow/.local/lib/python3.7/site-packages/airflow/example_dags/example_branch_python_dop_operator_3.py
[2023-04-14T14:44:19.423+0000] {processor.py:743} INFO - Processing file /home/airflow/.local/lib/python3.7/site-packages/airflow/example_dags/example_branch_python_dop_operator_3.py for tasks to queue
[2023-04-14T14:44:19.425+0000] {logging_mixin.py:137} INFO - [2023-04-14T14:44:19.424+0000] {dagbag.py:532} INFO - Filling up the DagBag from /home/airflow/.local/lib/python3.7/site-packages/airflow/example_dags/example_branch_python_dop_operator_3.py
[2023-04-14T14:44:19.453+0000] {processor.py:753} INFO - DAG(s) dict_keys(['example_branch_dop_operator_v3']) retrieved from /home/airflow/.local/lib/python3.7/site-packages/airflow/example_dags/example_branch_python_dop_operator_3.py
[2023-04-14T14:44:19.477+0000] {logging_mixin.py:137} INFO - [2023-04-14T14:44:19.477+0000] {dag.py:2693} INFO - Sync 1 DAGs
[2023-04-14T14:44:19.500+0000] {logging_mixin.py:137} INFO - [2023-04-14T14:44:19.500+0000] {dag.py:3444} INFO - Setting next_dagrun for example_branch_dop_operator_v3 to 2023-04-14T14:43:00+00:00, run_after=2023-04-14T14:44:00+00:00
[2023-04-14T14:44:19.513+0000] {processor.py:175} INFO - Processing /home/airflow/.local/lib/python3.7/site-packages/airflow/example_dags/example_branch_python_dop_operator_3.py took 0.099 seconds
[2023-04-14T14:44:49.754+0000] {processor.py:153} INFO - Started process (PID=321) to work on /home/airflow/.local/lib/python3.7/site-packages/airflow/example_dags/example_branch_python_dop_operator_3.py
[2023-04-14T14:44:49.757+0000] {processor.py:743} INFO - Processing file /home/airflow/.local/lib/python3.7/site-packages/airflow/example_dags/example_branch_python_dop_operator_3.py for tasks to queue
[2023-04-14T14:44:49.759+0000] {logging_mixin.py:137} INFO - [2023-04-14T14:44:49.759+0000] {dagbag.py:532} INFO - Filling up the DagBag from /home/airflow/.local/lib/python3.7/site-packages/airflow/example_dags/example_branch_python_dop_operator_3.py
[2023-04-14T14:44:49.785+0000] {processor.py:753} INFO - DAG(s) dict_keys(['example_branch_dop_operator_v3']) retrieved from /home/airflow/.local/lib/python3.7/site-packages/airflow/example_dags/example_branch_python_dop_operator_3.py
[2023-04-14T14:44:49.809+0000] {logging_mixin.py:137} INFO - [2023-04-14T14:44:49.809+0000] {dag.py:2693} INFO - Sync 1 DAGs
[2023-04-14T14:44:49.830+0000] {logging_mixin.py:137} INFO - [2023-04-14T14:44:49.829+0000] {dag.py:3444} INFO - Setting next_dagrun for example_branch_dop_operator_v3 to 2023-04-14T14:43:00+00:00, run_after=2023-04-14T14:44:00+00:00
[2023-04-14T14:44:49.844+0000] {processor.py:175} INFO - Processing /home/airflow/.local/lib/python3.7/site-packages/airflow/example_dags/example_branch_python_dop_operator_3.py took 0.098 seconds
[2023-04-14T14:45:19.945+0000] {processor.py:153} INFO - Started process (PID=374) to work on /home/airflow/.local/lib/python3.7/site-packages/airflow/example_dags/example_branch_python_dop_operator_3.py
[2023-04-14T14:45:19.947+0000] {processor.py:743} INFO - Processing file /home/airflow/.local/lib/python3.7/site-packages/airflow/example_dags/example_branch_python_dop_operator_3.py for tasks to queue
[2023-04-14T14:45:19.948+0000] {logging_mixin.py:137} INFO - [2023-04-14T14:45:19.948+0000] {dagbag.py:532} INFO - Filling up the DagBag from /home/airflow/.local/lib/python3.7/site-packages/airflow/example_dags/example_branch_python_dop_operator_3.py
[2023-04-14T14:45:20.001+0000] {processor.py:753} INFO - DAG(s) dict_keys(['example_branch_dop_operator_v3']) retrieved from /home/airflow/.local/lib/python3.7/site-packages/airflow/example_dags/example_branch_python_dop_operator_3.py
[2023-04-14T14:45:20.030+0000] {logging_mixin.py:137} INFO - [2023-04-14T14:45:20.029+0000] {dag.py:2693} INFO - Sync 1 DAGs
[2023-04-14T14:45:20.054+0000] {logging_mixin.py:137} INFO - [2023-04-14T14:45:20.054+0000] {dag.py:3444} INFO - Setting next_dagrun for example_branch_dop_operator_v3 to 2023-04-14T14:44:00+00:00, run_after=2023-04-14T14:45:00+00:00
[2023-04-14T14:45:20.070+0000] {processor.py:175} INFO - Processing /home/airflow/.local/lib/python3.7/site-packages/airflow/example_dags/example_branch_python_dop_operator_3.py took 0.136 seconds
[2023-04-14T14:45:50.638+0000] {processor.py:153} INFO - Started process (PID=427) to work on /home/airflow/.local/lib/python3.7/site-packages/airflow/example_dags/example_branch_python_dop_operator_3.py
[2023-04-14T14:45:50.640+0000] {processor.py:743} INFO - Processing file /home/airflow/.local/lib/python3.7/site-packages/airflow/example_dags/example_branch_python_dop_operator_3.py for tasks to queue
[2023-04-14T14:45:50.640+0000] {logging_mixin.py:137} INFO - [2023-04-14T14:45:50.640+0000] {dagbag.py:532} INFO - Filling up the DagBag from /home/airflow/.local/lib/python3.7/site-packages/airflow/example_dags/example_branch_python_dop_operator_3.py
[2023-04-14T14:45:50.656+0000] {processor.py:753} INFO - DAG(s) dict_keys(['example_branch_dop_operator_v3']) retrieved from /home/airflow/.local/lib/python3.7/site-packages/airflow/example_dags/example_branch_python_dop_operator_3.py
[2023-04-14T14:45:50.718+0000] {logging_mixin.py:137} INFO - [2023-04-14T14:45:50.717+0000] {dag.py:2693} INFO - Sync 1 DAGs
[2023-04-14T14:45:50.782+0000] {logging_mixin.py:137} INFO - [2023-04-14T14:45:50.782+0000] {dag.py:3444} INFO - Setting next_dagrun for example_branch_dop_operator_v3 to 2023-04-14T14:44:00+00:00, run_after=2023-04-14T14:45:00+00:00
[2023-04-14T14:45:50.794+0000] {processor.py:175} INFO - Processing /home/airflow/.local/lib/python3.7/site-packages/airflow/example_dags/example_branch_python_dop_operator_3.py took 0.159 seconds
[2023-04-14T14:46:21.954+0000] {processor.py:153} INFO - Started process (PID=480) to work on /home/airflow/.local/lib/python3.7/site-packages/airflow/example_dags/example_branch_python_dop_operator_3.py
[2023-04-14T14:46:21.956+0000] {processor.py:743} INFO - Processing file /home/airflow/.local/lib/python3.7/site-packages/airflow/example_dags/example_branch_python_dop_operator_3.py for tasks to queue
[2023-04-14T14:46:21.957+0000] {logging_mixin.py:137} INFO - [2023-04-14T14:46:21.957+0000] {dagbag.py:532} INFO - Filling up the DagBag from /home/airflow/.local/lib/python3.7/site-packages/airflow/example_dags/example_branch_python_dop_operator_3.py
[2023-04-14T14:46:21.990+0000] {processor.py:753} INFO - DAG(s) dict_keys(['example_branch_dop_operator_v3']) retrieved from /home/airflow/.local/lib/python3.7/site-packages/airflow/example_dags/example_branch_python_dop_operator_3.py
[2023-04-14T14:46:22.014+0000] {logging_mixin.py:137} INFO - [2023-04-14T14:46:22.013+0000] {dag.py:2693} INFO - Sync 1 DAGs
[2023-04-14T14:46:22.033+0000] {logging_mixin.py:137} INFO - [2023-04-14T14:46:22.033+0000] {dag.py:3444} INFO - Setting next_dagrun for example_branch_dop_operator_v3 to 2023-04-14T14:45:00+00:00, run_after=2023-04-14T14:46:00+00:00
[2023-04-14T14:46:22.045+0000] {processor.py:175} INFO - Processing /home/airflow/.local/lib/python3.7/site-packages/airflow/example_dags/example_branch_python_dop_operator_3.py took 0.094 seconds
[2023-04-14T14:46:52.904+0000] {processor.py:153} INFO - Started process (PID=533) to work on /home/airflow/.local/lib/python3.7/site-packages/airflow/example_dags/example_branch_python_dop_operator_3.py
[2023-04-14T14:46:52.905+0000] {processor.py:743} INFO - Processing file /home/airflow/.local/lib/python3.7/site-packages/airflow/example_dags/example_branch_python_dop_operator_3.py for tasks to queue
[2023-04-14T14:46:52.906+0000] {logging_mixin.py:137} INFO - [2023-04-14T14:46:52.906+0000] {dagbag.py:532} INFO - Filling up the DagBag from /home/airflow/.local/lib/python3.7/site-packages/airflow/example_dags/example_branch_python_dop_operator_3.py
[2023-04-14T14:46:52.935+0000] {processor.py:753} INFO - DAG(s) dict_keys(['example_branch_dop_operator_v3']) retrieved from /home/airflow/.local/lib/python3.7/site-packages/airflow/example_dags/example_branch_python_dop_operator_3.py
[2023-04-14T14:46:52.959+0000] {logging_mixin.py:137} INFO - [2023-04-14T14:46:52.959+0000] {dag.py:2693} INFO - Sync 1 DAGs
[2023-04-14T14:46:52.978+0000] {logging_mixin.py:137} INFO - [2023-04-14T14:46:52.978+0000] {dag.py:3444} INFO - Setting next_dagrun for example_branch_dop_operator_v3 to 2023-04-14T14:45:00+00:00, run_after=2023-04-14T14:46:00+00:00
[2023-04-14T14:46:52.990+0000] {processor.py:175} INFO - Processing /home/airflow/.local/lib/python3.7/site-packages/airflow/example_dags/example_branch_python_dop_operator_3.py took 0.090 seconds
[2023-04-14T14:47:23.035+0000] {processor.py:153} INFO - Started process (PID=585) to work on /home/airflow/.local/lib/python3.7/site-packages/airflow/example_dags/example_branch_python_dop_operator_3.py
[2023-04-14T14:47:23.037+0000] {processor.py:743} INFO - Processing file /home/airflow/.local/lib/python3.7/site-packages/airflow/example_dags/example_branch_python_dop_operator_3.py for tasks to queue
[2023-04-14T14:47:23.038+0000] {logging_mixin.py:137} INFO - [2023-04-14T14:47:23.037+0000] {dagbag.py:532} INFO - Filling up the DagBag from /home/airflow/.local/lib/python3.7/site-packages/airflow/example_dags/example_branch_python_dop_operator_3.py
[2023-04-14T14:47:23.062+0000] {processor.py:753} INFO - DAG(s) dict_keys(['example_branch_dop_operator_v3']) retrieved from /home/airflow/.local/lib/python3.7/site-packages/airflow/example_dags/example_branch_python_dop_operator_3.py
[2023-04-14T14:47:23.106+0000] {logging_mixin.py:137} INFO - [2023-04-14T14:47:23.105+0000] {dag.py:2693} INFO - Sync 1 DAGs
[2023-04-14T14:47:23.159+0000] {logging_mixin.py:137} INFO - [2023-04-14T14:47:23.158+0000] {dag.py:3444} INFO - Setting next_dagrun for example_branch_dop_operator_v3 to 2023-04-14T14:46:00+00:00, run_after=2023-04-14T14:47:00+00:00
[2023-04-14T14:47:23.190+0000] {processor.py:175} INFO - Processing /home/airflow/.local/lib/python3.7/site-packages/airflow/example_dags/example_branch_python_dop_operator_3.py took 0.159 seconds
[2023-04-14T14:47:54.166+0000] {processor.py:153} INFO - Started process (PID=640) to work on /home/airflow/.local/lib/python3.7/site-packages/airflow/example_dags/example_branch_python_dop_operator_3.py
[2023-04-14T14:47:54.169+0000] {processor.py:743} INFO - Processing file /home/airflow/.local/lib/python3.7/site-packages/airflow/example_dags/example_branch_python_dop_operator_3.py for tasks to queue
[2023-04-14T14:47:54.170+0000] {logging_mixin.py:137} INFO - [2023-04-14T14:47:54.170+0000] {dagbag.py:532} INFO - Filling up the DagBag from /home/airflow/.local/lib/python3.7/site-packages/airflow/example_dags/example_branch_python_dop_operator_3.py
[2023-04-14T14:47:54.203+0000] {processor.py:753} INFO - DAG(s) dict_keys(['example_branch_dop_operator_v3']) retrieved from /home/airflow/.local/lib/python3.7/site-packages/airflow/example_dags/example_branch_python_dop_operator_3.py
[2023-04-14T14:47:54.239+0000] {logging_mixin.py:137} INFO - [2023-04-14T14:47:54.239+0000] {dag.py:2693} INFO - Sync 1 DAGs
[2023-04-14T14:47:54.301+0000] {logging_mixin.py:137} INFO - [2023-04-14T14:47:54.301+0000] {dag.py:3444} INFO - Setting next_dagrun for example_branch_dop_operator_v3 to 2023-04-14T14:46:00+00:00, run_after=2023-04-14T14:47:00+00:00
[2023-04-14T14:47:54.380+0000] {processor.py:175} INFO - Processing /home/airflow/.local/lib/python3.7/site-packages/airflow/example_dags/example_branch_python_dop_operator_3.py took 0.219 seconds
[2023-04-14T14:48:25.273+0000] {processor.py:153} INFO - Started process (PID=692) to work on /home/airflow/.local/lib/python3.7/site-packages/airflow/example_dags/example_branch_python_dop_operator_3.py
[2023-04-14T14:48:25.276+0000] {processor.py:743} INFO - Processing file /home/airflow/.local/lib/python3.7/site-packages/airflow/example_dags/example_branch_python_dop_operator_3.py for tasks to queue
[2023-04-14T14:48:25.277+0000] {logging_mixin.py:137} INFO - [2023-04-14T14:48:25.277+0000] {dagbag.py:532} INFO - Filling up the DagBag from /home/airflow/.local/lib/python3.7/site-packages/airflow/example_dags/example_branch_python_dop_operator_3.py
[2023-04-14T14:48:25.309+0000] {processor.py:753} INFO - DAG(s) dict_keys(['example_branch_dop_operator_v3']) retrieved from /home/airflow/.local/lib/python3.7/site-packages/airflow/example_dags/example_branch_python_dop_operator_3.py
[2023-04-14T14:48:25.350+0000] {logging_mixin.py:137} INFO - [2023-04-14T14:48:25.349+0000] {dag.py:2693} INFO - Sync 1 DAGs
[2023-04-14T14:48:25.376+0000] {logging_mixin.py:137} INFO - [2023-04-14T14:48:25.376+0000] {dag.py:3444} INFO - Setting next_dagrun for example_branch_dop_operator_v3 to 2023-04-14T14:47:00+00:00, run_after=2023-04-14T14:48:00+00:00
[2023-04-14T14:48:25.390+0000] {processor.py:175} INFO - Processing /home/airflow/.local/lib/python3.7/site-packages/airflow/example_dags/example_branch_python_dop_operator_3.py took 0.125 seconds
[2023-04-14T14:48:55.536+0000] {processor.py:153} INFO - Started process (PID=745) to work on /home/airflow/.local/lib/python3.7/site-packages/airflow/example_dags/example_branch_python_dop_operator_3.py
[2023-04-14T14:48:55.540+0000] {processor.py:743} INFO - Processing file /home/airflow/.local/lib/python3.7/site-packages/airflow/example_dags/example_branch_python_dop_operator_3.py for tasks to queue
[2023-04-14T14:48:55.555+0000] {logging_mixin.py:137} INFO - [2023-04-14T14:48:55.553+0000] {dagbag.py:532} INFO - Filling up the DagBag from /home/airflow/.local/lib/python3.7/site-packages/airflow/example_dags/example_branch_python_dop_operator_3.py
[2023-04-14T14:48:55.649+0000] {processor.py:753} INFO - DAG(s) dict_keys(['example_branch_dop_operator_v3']) retrieved from /home/airflow/.local/lib/python3.7/site-packages/airflow/example_dags/example_branch_python_dop_operator_3.py
[2023-04-14T14:48:55.688+0000] {logging_mixin.py:137} INFO - [2023-04-14T14:48:55.688+0000] {dag.py:2693} INFO - Sync 1 DAGs
[2023-04-14T14:48:55.719+0000] {logging_mixin.py:137} INFO - [2023-04-14T14:48:55.718+0000] {dag.py:3444} INFO - Setting next_dagrun for example_branch_dop_operator_v3 to 2023-04-14T14:47:00+00:00, run_after=2023-04-14T14:48:00+00:00
[2023-04-14T14:48:55.732+0000] {processor.py:175} INFO - Processing /home/airflow/.local/lib/python3.7/site-packages/airflow/example_dags/example_branch_python_dop_operator_3.py took 0.206 seconds
[2023-04-14T14:49:25.927+0000] {processor.py:153} INFO - Started process (PID=798) to work on /home/airflow/.local/lib/python3.7/site-packages/airflow/example_dags/example_branch_python_dop_operator_3.py
[2023-04-14T14:49:25.930+0000] {processor.py:743} INFO - Processing file /home/airflow/.local/lib/python3.7/site-packages/airflow/example_dags/example_branch_python_dop_operator_3.py for tasks to queue
[2023-04-14T14:49:25.932+0000] {logging_mixin.py:137} INFO - [2023-04-14T14:49:25.932+0000] {dagbag.py:532} INFO - Filling up the DagBag from /home/airflow/.local/lib/python3.7/site-packages/airflow/example_dags/example_branch_python_dop_operator_3.py
[2023-04-14T14:49:25.957+0000] {processor.py:753} INFO - DAG(s) dict_keys(['example_branch_dop_operator_v3']) retrieved from /home/airflow/.local/lib/python3.7/site-packages/airflow/example_dags/example_branch_python_dop_operator_3.py
[2023-04-14T14:49:25.981+0000] {logging_mixin.py:137} INFO - [2023-04-14T14:49:25.981+0000] {dag.py:2693} INFO - Sync 1 DAGs
[2023-04-14T14:49:26.004+0000] {logging_mixin.py:137} INFO - [2023-04-14T14:49:26.004+0000] {dag.py:3444} INFO - Setting next_dagrun for example_branch_dop_operator_v3 to 2023-04-14T14:48:00+00:00, run_after=2023-04-14T14:49:00+00:00
[2023-04-14T14:49:26.019+0000] {processor.py:175} INFO - Processing /home/airflow/.local/lib/python3.7/site-packages/airflow/example_dags/example_branch_python_dop_operator_3.py took 0.098 seconds
[2023-04-14T14:49:56.160+0000] {processor.py:153} INFO - Started process (PID=851) to work on /home/airflow/.local/lib/python3.7/site-packages/airflow/example_dags/example_branch_python_dop_operator_3.py
[2023-04-14T14:49:56.162+0000] {processor.py:743} INFO - Processing file /home/airflow/.local/lib/python3.7/site-packages/airflow/example_dags/example_branch_python_dop_operator_3.py for tasks to queue
[2023-04-14T14:49:56.163+0000] {logging_mixin.py:137} INFO - [2023-04-14T14:49:56.163+0000] {dagbag.py:532} INFO - Filling up the DagBag from /home/airflow/.local/lib/python3.7/site-packages/airflow/example_dags/example_branch_python_dop_operator_3.py
[2023-04-14T14:49:56.182+0000] {processor.py:753} INFO - DAG(s) dict_keys(['example_branch_dop_operator_v3']) retrieved from /home/airflow/.local/lib/python3.7/site-packages/airflow/example_dags/example_branch_python_dop_operator_3.py
[2023-04-14T14:49:56.207+0000] {logging_mixin.py:137} INFO - [2023-04-14T14:49:56.207+0000] {dag.py:2693} INFO - Sync 1 DAGs
[2023-04-14T14:49:56.228+0000] {logging_mixin.py:137} INFO - [2023-04-14T14:49:56.228+0000] {dag.py:3444} INFO - Setting next_dagrun for example_branch_dop_operator_v3 to 2023-04-14T14:48:00+00:00, run_after=2023-04-14T14:49:00+00:00
[2023-04-14T14:49:56.241+0000] {processor.py:175} INFO - Processing /home/airflow/.local/lib/python3.7/site-packages/airflow/example_dags/example_branch_python_dop_operator_3.py took 0.087 seconds
[2023-04-14T14:50:26.975+0000] {processor.py:153} INFO - Started process (PID=904) to work on /home/airflow/.local/lib/python3.7/site-packages/airflow/example_dags/example_branch_python_dop_operator_3.py
[2023-04-14T14:50:26.978+0000] {processor.py:743} INFO - Processing file /home/airflow/.local/lib/python3.7/site-packages/airflow/example_dags/example_branch_python_dop_operator_3.py for tasks to queue
[2023-04-14T14:50:26.979+0000] {logging_mixin.py:137} INFO - [2023-04-14T14:50:26.979+0000] {dagbag.py:532} INFO - Filling up the DagBag from /home/airflow/.local/lib/python3.7/site-packages/airflow/example_dags/example_branch_python_dop_operator_3.py
[2023-04-14T14:50:27.005+0000] {processor.py:753} INFO - DAG(s) dict_keys(['example_branch_dop_operator_v3']) retrieved from /home/airflow/.local/lib/python3.7/site-packages/airflow/example_dags/example_branch_python_dop_operator_3.py
[2023-04-14T14:50:27.025+0000] {logging_mixin.py:137} INFO - [2023-04-14T14:50:27.025+0000] {dag.py:2693} INFO - Sync 1 DAGs
[2023-04-14T14:50:27.043+0000] {logging_mixin.py:137} INFO - [2023-04-14T14:50:27.043+0000] {dag.py:3444} INFO - Setting next_dagrun for example_branch_dop_operator_v3 to 2023-04-14T14:49:00+00:00, run_after=2023-04-14T14:50:00+00:00
[2023-04-14T14:50:27.055+0000] {processor.py:175} INFO - Processing /home/airflow/.local/lib/python3.7/site-packages/airflow/example_dags/example_branch_python_dop_operator_3.py took 0.087 seconds
[2023-04-14T14:50:57.434+0000] {processor.py:153} INFO - Started process (PID=958) to work on /home/airflow/.local/lib/python3.7/site-packages/airflow/example_dags/example_branch_python_dop_operator_3.py
[2023-04-14T14:50:57.437+0000] {processor.py:743} INFO - Processing file /home/airflow/.local/lib/python3.7/site-packages/airflow/example_dags/example_branch_python_dop_operator_3.py for tasks to queue
[2023-04-14T14:50:57.438+0000] {logging_mixin.py:137} INFO - [2023-04-14T14:50:57.438+0000] {dagbag.py:532} INFO - Filling up the DagBag from /home/airflow/.local/lib/python3.7/site-packages/airflow/example_dags/example_branch_python_dop_operator_3.py
[2023-04-14T14:50:57.460+0000] {processor.py:753} INFO - DAG(s) dict_keys(['example_branch_dop_operator_v3']) retrieved from /home/airflow/.local/lib/python3.7/site-packages/airflow/example_dags/example_branch_python_dop_operator_3.py
[2023-04-14T14:50:57.481+0000] {logging_mixin.py:137} INFO - [2023-04-14T14:50:57.481+0000] {dag.py:2693} INFO - Sync 1 DAGs
[2023-04-14T14:50:57.501+0000] {logging_mixin.py:137} INFO - [2023-04-14T14:50:57.501+0000] {dag.py:3444} INFO - Setting next_dagrun for example_branch_dop_operator_v3 to 2023-04-14T14:49:00+00:00, run_after=2023-04-14T14:50:00+00:00
[2023-04-14T14:50:57.514+0000] {processor.py:175} INFO - Processing /home/airflow/.local/lib/python3.7/site-packages/airflow/example_dags/example_branch_python_dop_operator_3.py took 0.085 seconds
[2023-04-14T14:51:27.632+0000] {processor.py:153} INFO - Started process (PID=1010) to work on /home/airflow/.local/lib/python3.7/site-packages/airflow/example_dags/example_branch_python_dop_operator_3.py
[2023-04-14T14:51:27.642+0000] {processor.py:743} INFO - Processing file /home/airflow/.local/lib/python3.7/site-packages/airflow/example_dags/example_branch_python_dop_operator_3.py for tasks to queue
[2023-04-14T14:51:27.643+0000] {logging_mixin.py:137} INFO - [2023-04-14T14:51:27.643+0000] {dagbag.py:532} INFO - Filling up the DagBag from /home/airflow/.local/lib/python3.7/site-packages/airflow/example_dags/example_branch_python_dop_operator_3.py
[2023-04-14T14:51:27.663+0000] {processor.py:753} INFO - DAG(s) dict_keys(['example_branch_dop_operator_v3']) retrieved from /home/airflow/.local/lib/python3.7/site-packages/airflow/example_dags/example_branch_python_dop_operator_3.py
[2023-04-14T14:51:27.696+0000] {logging_mixin.py:137} INFO - [2023-04-14T14:51:27.696+0000] {dag.py:2693} INFO - Sync 1 DAGs
[2023-04-14T14:51:27.720+0000] {logging_mixin.py:137} INFO - [2023-04-14T14:51:27.720+0000] {dag.py:3444} INFO - Setting next_dagrun for example_branch_dop_operator_v3 to 2023-04-14T14:50:00+00:00, run_after=2023-04-14T14:51:00+00:00
[2023-04-14T14:51:27.733+0000] {processor.py:175} INFO - Processing /home/airflow/.local/lib/python3.7/site-packages/airflow/example_dags/example_branch_python_dop_operator_3.py took 0.138 seconds
[2023-04-14T14:51:57.840+0000] {processor.py:153} INFO - Started process (PID=1064) to work on /home/airflow/.local/lib/python3.7/site-packages/airflow/example_dags/example_branch_python_dop_operator_3.py
[2023-04-14T14:51:57.842+0000] {processor.py:743} INFO - Processing file /home/airflow/.local/lib/python3.7/site-packages/airflow/example_dags/example_branch_python_dop_operator_3.py for tasks to queue
[2023-04-14T14:51:57.845+0000] {logging_mixin.py:137} INFO - [2023-04-14T14:51:57.845+0000] {dagbag.py:532} INFO - Filling up the DagBag from /home/airflow/.local/lib/python3.7/site-packages/airflow/example_dags/example_branch_python_dop_operator_3.py
[2023-04-14T14:51:57.864+0000] {processor.py:753} INFO - DAG(s) dict_keys(['example_branch_dop_operator_v3']) retrieved from /home/airflow/.local/lib/python3.7/site-packages/airflow/example_dags/example_branch_python_dop_operator_3.py
[2023-04-14T14:51:57.886+0000] {logging_mixin.py:137} INFO - [2023-04-14T14:51:57.886+0000] {dag.py:2693} INFO - Sync 1 DAGs
[2023-04-14T14:51:57.915+0000] {logging_mixin.py:137} INFO - [2023-04-14T14:51:57.914+0000] {dag.py:3444} INFO - Setting next_dagrun for example_branch_dop_operator_v3 to 2023-04-14T14:50:00+00:00, run_after=2023-04-14T14:51:00+00:00
[2023-04-14T14:51:57.927+0000] {processor.py:175} INFO - Processing /home/airflow/.local/lib/python3.7/site-packages/airflow/example_dags/example_branch_python_dop_operator_3.py took 0.089 seconds
[2023-04-14T14:52:28.100+0000] {processor.py:153} INFO - Started process (PID=1116) to work on /home/airflow/.local/lib/python3.7/site-packages/airflow/example_dags/example_branch_python_dop_operator_3.py
[2023-04-14T14:52:28.102+0000] {processor.py:743} INFO - Processing file /home/airflow/.local/lib/python3.7/site-packages/airflow/example_dags/example_branch_python_dop_operator_3.py for tasks to queue
[2023-04-14T14:52:28.102+0000] {logging_mixin.py:137} INFO - [2023-04-14T14:52:28.102+0000] {dagbag.py:532} INFO - Filling up the DagBag from /home/airflow/.local/lib/python3.7/site-packages/airflow/example_dags/example_branch_python_dop_operator_3.py
[2023-04-14T14:52:28.119+0000] {processor.py:753} INFO - DAG(s) dict_keys(['example_branch_dop_operator_v3']) retrieved from /home/airflow/.local/lib/python3.7/site-packages/airflow/example_dags/example_branch_python_dop_operator_3.py
[2023-04-14T14:52:28.138+0000] {logging_mixin.py:137} INFO - [2023-04-14T14:52:28.138+0000] {dag.py:2693} INFO - Sync 1 DAGs
[2023-04-14T14:52:28.159+0000] {logging_mixin.py:137} INFO - [2023-04-14T14:52:28.159+0000] {dag.py:3444} INFO - Setting next_dagrun for example_branch_dop_operator_v3 to 2023-04-14T14:51:00+00:00, run_after=2023-04-14T14:52:00+00:00
[2023-04-14T14:52:28.171+0000] {processor.py:175} INFO - Processing /home/airflow/.local/lib/python3.7/site-packages/airflow/example_dags/example_branch_python_dop_operator_3.py took 0.073 seconds
[2023-04-14T14:52:58.772+0000] {processor.py:153} INFO - Started process (PID=1169) to work on /home/airflow/.local/lib/python3.7/site-packages/airflow/example_dags/example_branch_python_dop_operator_3.py
[2023-04-14T14:52:58.773+0000] {processor.py:743} INFO - Processing file /home/airflow/.local/lib/python3.7/site-packages/airflow/example_dags/example_branch_python_dop_operator_3.py for tasks to queue
[2023-04-14T14:52:58.774+0000] {logging_mixin.py:137} INFO - [2023-04-14T14:52:58.774+0000] {dagbag.py:532} INFO - Filling up the DagBag from /home/airflow/.local/lib/python3.7/site-packages/airflow/example_dags/example_branch_python_dop_operator_3.py
[2023-04-14T14:52:58.789+0000] {processor.py:753} INFO - DAG(s) dict_keys(['example_branch_dop_operator_v3']) retrieved from /home/airflow/.local/lib/python3.7/site-packages/airflow/example_dags/example_branch_python_dop_operator_3.py
[2023-04-14T14:52:58.815+0000] {logging_mixin.py:137} INFO - [2023-04-14T14:52:58.815+0000] {dag.py:2693} INFO - Sync 1 DAGs
[2023-04-14T14:52:58.837+0000] {logging_mixin.py:137} INFO - [2023-04-14T14:52:58.837+0000] {dag.py:3444} INFO - Setting next_dagrun for example_branch_dop_operator_v3 to 2023-04-14T14:51:00+00:00, run_after=2023-04-14T14:52:00+00:00
[2023-04-14T14:52:58.853+0000] {processor.py:175} INFO - Processing /home/airflow/.local/lib/python3.7/site-packages/airflow/example_dags/example_branch_python_dop_operator_3.py took 0.084 seconds
[2023-04-14T14:53:29.185+0000] {processor.py:153} INFO - Started process (PID=1221) to work on /home/airflow/.local/lib/python3.7/site-packages/airflow/example_dags/example_branch_python_dop_operator_3.py
[2023-04-14T14:53:29.186+0000] {processor.py:743} INFO - Processing file /home/airflow/.local/lib/python3.7/site-packages/airflow/example_dags/example_branch_python_dop_operator_3.py for tasks to queue
[2023-04-14T14:53:29.186+0000] {logging_mixin.py:137} INFO - [2023-04-14T14:53:29.186+0000] {dagbag.py:532} INFO - Filling up the DagBag from /home/airflow/.local/lib/python3.7/site-packages/airflow/example_dags/example_branch_python_dop_operator_3.py
[2023-04-14T14:53:29.202+0000] {processor.py:753} INFO - DAG(s) dict_keys(['example_branch_dop_operator_v3']) retrieved from /home/airflow/.local/lib/python3.7/site-packages/airflow/example_dags/example_branch_python_dop_operator_3.py
[2023-04-14T14:53:29.224+0000] {logging_mixin.py:137} INFO - [2023-04-14T14:53:29.223+0000] {dag.py:2693} INFO - Sync 1 DAGs
[2023-04-14T14:53:29.242+0000] {logging_mixin.py:137} INFO - [2023-04-14T14:53:29.242+0000] {dag.py:3444} INFO - Setting next_dagrun for example_branch_dop_operator_v3 to 2023-04-14T14:52:00+00:00, run_after=2023-04-14T14:53:00+00:00
[2023-04-14T14:53:29.255+0000] {processor.py:175} INFO - Processing /home/airflow/.local/lib/python3.7/site-packages/airflow/example_dags/example_branch_python_dop_operator_3.py took 0.073 seconds
[2023-04-14T14:53:59.376+0000] {processor.py:153} INFO - Started process (PID=1273) to work on /home/airflow/.local/lib/python3.7/site-packages/airflow/example_dags/example_branch_python_dop_operator_3.py
[2023-04-14T14:53:59.377+0000] {processor.py:743} INFO - Processing file /home/airflow/.local/lib/python3.7/site-packages/airflow/example_dags/example_branch_python_dop_operator_3.py for tasks to queue
[2023-04-14T14:53:59.377+0000] {logging_mixin.py:137} INFO - [2023-04-14T14:53:59.377+0000] {dagbag.py:532} INFO - Filling up the DagBag from /home/airflow/.local/lib/python3.7/site-packages/airflow/example_dags/example_branch_python_dop_operator_3.py
[2023-04-14T14:53:59.393+0000] {processor.py:753} INFO - DAG(s) dict_keys(['example_branch_dop_operator_v3']) retrieved from /home/airflow/.local/lib/python3.7/site-packages/airflow/example_dags/example_branch_python_dop_operator_3.py
[2023-04-14T14:53:59.412+0000] {logging_mixin.py:137} INFO - [2023-04-14T14:53:59.412+0000] {dag.py:2693} INFO - Sync 1 DAGs
[2023-04-14T14:53:59.429+0000] {logging_mixin.py:137} INFO - [2023-04-14T14:53:59.429+0000] {dag.py:3444} INFO - Setting next_dagrun for example_branch_dop_operator_v3 to 2023-04-14T14:52:00+00:00, run_after=2023-04-14T14:53:00+00:00
[2023-04-14T14:53:59.440+0000] {processor.py:175} INFO - Processing /home/airflow/.local/lib/python3.7/site-packages/airflow/example_dags/example_branch_python_dop_operator_3.py took 0.067 seconds
[2023-04-14T14:54:29.649+0000] {processor.py:153} INFO - Started process (PID=1326) to work on /home/airflow/.local/lib/python3.7/site-packages/airflow/example_dags/example_branch_python_dop_operator_3.py
[2023-04-14T14:54:29.650+0000] {processor.py:743} INFO - Processing file /home/airflow/.local/lib/python3.7/site-packages/airflow/example_dags/example_branch_python_dop_operator_3.py for tasks to queue
[2023-04-14T14:54:29.651+0000] {logging_mixin.py:137} INFO - [2023-04-14T14:54:29.651+0000] {dagbag.py:532} INFO - Filling up the DagBag from /home/airflow/.local/lib/python3.7/site-packages/airflow/example_dags/example_branch_python_dop_operator_3.py
[2023-04-14T14:54:29.668+0000] {processor.py:753} INFO - DAG(s) dict_keys(['example_branch_dop_operator_v3']) retrieved from /home/airflow/.local/lib/python3.7/site-packages/airflow/example_dags/example_branch_python_dop_operator_3.py
[2023-04-14T14:54:29.687+0000] {logging_mixin.py:137} INFO - [2023-04-14T14:54:29.687+0000] {dag.py:2693} INFO - Sync 1 DAGs
[2023-04-14T14:54:29.708+0000] {logging_mixin.py:137} INFO - [2023-04-14T14:54:29.708+0000] {dag.py:3444} INFO - Setting next_dagrun for example_branch_dop_operator_v3 to 2023-04-14T14:53:00+00:00, run_after=2023-04-14T14:54:00+00:00
[2023-04-14T14:54:29.720+0000] {processor.py:175} INFO - Processing /home/airflow/.local/lib/python3.7/site-packages/airflow/example_dags/example_branch_python_dop_operator_3.py took 0.074 seconds
[2023-04-14T14:55:00.177+0000] {processor.py:153} INFO - Started process (PID=1379) to work on /home/airflow/.local/lib/python3.7/site-packages/airflow/example_dags/example_branch_python_dop_operator_3.py
[2023-04-14T14:55:00.178+0000] {processor.py:743} INFO - Processing file /home/airflow/.local/lib/python3.7/site-packages/airflow/example_dags/example_branch_python_dop_operator_3.py for tasks to queue
[2023-04-14T14:55:00.179+0000] {logging_mixin.py:137} INFO - [2023-04-14T14:55:00.179+0000] {dagbag.py:532} INFO - Filling up the DagBag from /home/airflow/.local/lib/python3.7/site-packages/airflow/example_dags/example_branch_python_dop_operator_3.py
[2023-04-14T14:55:00.195+0000] {processor.py:753} INFO - DAG(s) dict_keys(['example_branch_dop_operator_v3']) retrieved from /home/airflow/.local/lib/python3.7/site-packages/airflow/example_dags/example_branch_python_dop_operator_3.py
[2023-04-14T14:55:00.215+0000] {logging_mixin.py:137} INFO - [2023-04-14T14:55:00.215+0000] {dag.py:2693} INFO - Sync 1 DAGs
[2023-04-14T14:55:00.234+0000] {logging_mixin.py:137} INFO - [2023-04-14T14:55:00.234+0000] {dag.py:3444} INFO - Setting next_dagrun for example_branch_dop_operator_v3 to 2023-04-14T14:54:00+00:00, run_after=2023-04-14T14:55:00+00:00
[2023-04-14T14:55:00.246+0000] {processor.py:175} INFO - Processing /home/airflow/.local/lib/python3.7/site-packages/airflow/example_dags/example_branch_python_dop_operator_3.py took 0.072 seconds
[2023-04-14T14:55:30.555+0000] {processor.py:153} INFO - Started process (PID=1431) to work on /home/airflow/.local/lib/python3.7/site-packages/airflow/example_dags/example_branch_python_dop_operator_3.py
[2023-04-14T14:55:30.556+0000] {processor.py:743} INFO - Processing file /home/airflow/.local/lib/python3.7/site-packages/airflow/example_dags/example_branch_python_dop_operator_3.py for tasks to queue
[2023-04-14T14:55:30.556+0000] {logging_mixin.py:137} INFO - [2023-04-14T14:55:30.556+0000] {dagbag.py:532} INFO - Filling up the DagBag from /home/airflow/.local/lib/python3.7/site-packages/airflow/example_dags/example_branch_python_dop_operator_3.py
[2023-04-14T14:55:30.571+0000] {processor.py:753} INFO - DAG(s) dict_keys(['example_branch_dop_operator_v3']) retrieved from /home/airflow/.local/lib/python3.7/site-packages/airflow/example_dags/example_branch_python_dop_operator_3.py
[2023-04-14T14:55:30.591+0000] {logging_mixin.py:137} INFO - [2023-04-14T14:55:30.591+0000] {dag.py:2693} INFO - Sync 1 DAGs
[2023-04-14T14:55:30.614+0000] {logging_mixin.py:137} INFO - [2023-04-14T14:55:30.614+0000] {dag.py:3444} INFO - Setting next_dagrun for example_branch_dop_operator_v3 to 2023-04-14T14:54:00+00:00, run_after=2023-04-14T14:55:00+00:00
[2023-04-14T14:55:30.625+0000] {processor.py:175} INFO - Processing /home/airflow/.local/lib/python3.7/site-packages/airflow/example_dags/example_branch_python_dop_operator_3.py took 0.073 seconds
[2023-04-14T14:56:01.023+0000] {processor.py:153} INFO - Started process (PID=1483) to work on /home/airflow/.local/lib/python3.7/site-packages/airflow/example_dags/example_branch_python_dop_operator_3.py
[2023-04-14T14:56:01.024+0000] {processor.py:743} INFO - Processing file /home/airflow/.local/lib/python3.7/site-packages/airflow/example_dags/example_branch_python_dop_operator_3.py for tasks to queue
[2023-04-14T14:56:01.025+0000] {logging_mixin.py:137} INFO - [2023-04-14T14:56:01.025+0000] {dagbag.py:532} INFO - Filling up the DagBag from /home/airflow/.local/lib/python3.7/site-packages/airflow/example_dags/example_branch_python_dop_operator_3.py
[2023-04-14T14:56:01.039+0000] {processor.py:753} INFO - DAG(s) dict_keys(['example_branch_dop_operator_v3']) retrieved from /home/airflow/.local/lib/python3.7/site-packages/airflow/example_dags/example_branch_python_dop_operator_3.py
[2023-04-14T14:56:01.059+0000] {logging_mixin.py:137} INFO - [2023-04-14T14:56:01.059+0000] {dag.py:2693} INFO - Sync 1 DAGs
[2023-04-14T14:56:01.080+0000] {logging_mixin.py:137} INFO - [2023-04-14T14:56:01.080+0000] {dag.py:3444} INFO - Setting next_dagrun for example_branch_dop_operator_v3 to 2023-04-14T14:55:00+00:00, run_after=2023-04-14T14:56:00+00:00
[2023-04-14T14:56:01.091+0000] {processor.py:175} INFO - Processing /home/airflow/.local/lib/python3.7/site-packages/airflow/example_dags/example_branch_python_dop_operator_3.py took 0.071 seconds
[2023-04-14T14:56:31.393+0000] {processor.py:153} INFO - Started process (PID=1536) to work on /home/airflow/.local/lib/python3.7/site-packages/airflow/example_dags/example_branch_python_dop_operator_3.py
[2023-04-14T14:56:31.395+0000] {processor.py:743} INFO - Processing file /home/airflow/.local/lib/python3.7/site-packages/airflow/example_dags/example_branch_python_dop_operator_3.py for tasks to queue
[2023-04-14T14:56:31.395+0000] {logging_mixin.py:137} INFO - [2023-04-14T14:56:31.395+0000] {dagbag.py:532} INFO - Filling up the DagBag from /home/airflow/.local/lib/python3.7/site-packages/airflow/example_dags/example_branch_python_dop_operator_3.py
[2023-04-14T14:56:31.412+0000] {processor.py:753} INFO - DAG(s) dict_keys(['example_branch_dop_operator_v3']) retrieved from /home/airflow/.local/lib/python3.7/site-packages/airflow/example_dags/example_branch_python_dop_operator_3.py
[2023-04-14T14:56:31.437+0000] {logging_mixin.py:137} INFO - [2023-04-14T14:56:31.437+0000] {dag.py:2693} INFO - Sync 1 DAGs
[2023-04-14T14:56:31.460+0000] {logging_mixin.py:137} INFO - [2023-04-14T14:56:31.460+0000] {dag.py:3444} INFO - Setting next_dagrun for example_branch_dop_operator_v3 to 2023-04-14T14:55:00+00:00, run_after=2023-04-14T14:56:00+00:00
[2023-04-14T14:56:31.473+0000] {processor.py:175} INFO - Processing /home/airflow/.local/lib/python3.7/site-packages/airflow/example_dags/example_branch_python_dop_operator_3.py took 0.083 seconds
[2023-04-14T14:57:02.002+0000] {processor.py:153} INFO - Started process (PID=1589) to work on /home/airflow/.local/lib/python3.7/site-packages/airflow/example_dags/example_branch_python_dop_operator_3.py
[2023-04-14T14:57:02.003+0000] {processor.py:743} INFO - Processing file /home/airflow/.local/lib/python3.7/site-packages/airflow/example_dags/example_branch_python_dop_operator_3.py for tasks to queue
[2023-04-14T14:57:02.004+0000] {logging_mixin.py:137} INFO - [2023-04-14T14:57:02.003+0000] {dagbag.py:532} INFO - Filling up the DagBag from /home/airflow/.local/lib/python3.7/site-packages/airflow/example_dags/example_branch_python_dop_operator_3.py
[2023-04-14T14:57:02.020+0000] {processor.py:753} INFO - DAG(s) dict_keys(['example_branch_dop_operator_v3']) retrieved from /home/airflow/.local/lib/python3.7/site-packages/airflow/example_dags/example_branch_python_dop_operator_3.py
[2023-04-14T14:57:02.039+0000] {logging_mixin.py:137} INFO - [2023-04-14T14:57:02.039+0000] {dag.py:2693} INFO - Sync 1 DAGs
[2023-04-14T14:57:02.057+0000] {logging_mixin.py:137} INFO - [2023-04-14T14:57:02.057+0000] {dag.py:3444} INFO - Setting next_dagrun for example_branch_dop_operator_v3 to 2023-04-14T14:56:00+00:00, run_after=2023-04-14T14:57:00+00:00
[2023-04-14T14:57:02.068+0000] {processor.py:175} INFO - Processing /home/airflow/.local/lib/python3.7/site-packages/airflow/example_dags/example_branch_python_dop_operator_3.py took 0.069 seconds
