[2023-04-14T14:30:17.575+0000] {processor.py:153} INFO - Started process (PID=53) to work on /home/airflow/.local/lib/python3.7/site-packages/airflow/example_dags/example_branch_day_of_week_operator.py
[2023-04-14T14:30:17.580+0000] {processor.py:743} INFO - Processing file /home/airflow/.local/lib/python3.7/site-packages/airflow/example_dags/example_branch_day_of_week_operator.py for tasks to queue
[2023-04-14T14:30:17.586+0000] {logging_mixin.py:137} INFO - [2023-04-14T14:30:17.586+0000] {dagbag.py:532} INFO - Filling up the DagBag from /home/airflow/.local/lib/python3.7/site-packages/airflow/example_dags/example_branch_day_of_week_operator.py
[2023-04-14T14:30:17.641+0000] {processor.py:753} INFO - DAG(s) dict_keys(['example_weekday_branch_operator']) retrieved from /home/airflow/.local/lib/python3.7/site-packages/airflow/example_dags/example_branch_day_of_week_operator.py
[2023-04-14T14:30:17.708+0000] {logging_mixin.py:137} INFO - [2023-04-14T14:30:17.708+0000] {dag.py:2693} INFO - Sync 1 DAGs
[2023-04-14T14:30:17.762+0000] {logging_mixin.py:137} INFO - [2023-04-14T14:30:17.762+0000] {dag.py:3444} INFO - Setting next_dagrun for example_weekday_branch_operator to 2023-04-13T00:00:00+00:00, run_after=2023-04-14T00:00:00+00:00
[2023-04-14T14:30:17.793+0000] {processor.py:175} INFO - Processing /home/airflow/.local/lib/python3.7/site-packages/airflow/example_dags/example_branch_day_of_week_operator.py took 0.224 seconds
[2023-04-14T14:30:48.199+0000] {processor.py:153} INFO - Started process (PID=109) to work on /home/airflow/.local/lib/python3.7/site-packages/airflow/example_dags/example_branch_day_of_week_operator.py
[2023-04-14T14:30:48.202+0000] {processor.py:743} INFO - Processing file /home/airflow/.local/lib/python3.7/site-packages/airflow/example_dags/example_branch_day_of_week_operator.py for tasks to queue
[2023-04-14T14:30:48.203+0000] {logging_mixin.py:137} INFO - [2023-04-14T14:30:48.203+0000] {dagbag.py:532} INFO - Filling up the DagBag from /home/airflow/.local/lib/python3.7/site-packages/airflow/example_dags/example_branch_day_of_week_operator.py
[2023-04-14T14:30:48.232+0000] {processor.py:753} INFO - DAG(s) dict_keys(['example_weekday_branch_operator']) retrieved from /home/airflow/.local/lib/python3.7/site-packages/airflow/example_dags/example_branch_day_of_week_operator.py
[2023-04-14T14:30:48.295+0000] {logging_mixin.py:137} INFO - [2023-04-14T14:30:48.295+0000] {dag.py:2693} INFO - Sync 1 DAGs
[2023-04-14T14:30:48.336+0000] {logging_mixin.py:137} INFO - [2023-04-14T14:30:48.335+0000] {dag.py:3444} INFO - Setting next_dagrun for example_weekday_branch_operator to 2023-04-13T00:00:00+00:00, run_after=2023-04-14T00:00:00+00:00
[2023-04-14T14:30:48.355+0000] {processor.py:175} INFO - Processing /home/airflow/.local/lib/python3.7/site-packages/airflow/example_dags/example_branch_day_of_week_operator.py took 0.162 seconds
[2023-04-14T14:31:19.317+0000] {processor.py:153} INFO - Started process (PID=161) to work on /home/airflow/.local/lib/python3.7/site-packages/airflow/example_dags/example_branch_day_of_week_operator.py
[2023-04-14T14:31:19.319+0000] {processor.py:743} INFO - Processing file /home/airflow/.local/lib/python3.7/site-packages/airflow/example_dags/example_branch_day_of_week_operator.py for tasks to queue
[2023-04-14T14:31:19.319+0000] {logging_mixin.py:137} INFO - [2023-04-14T14:31:19.319+0000] {dagbag.py:532} INFO - Filling up the DagBag from /home/airflow/.local/lib/python3.7/site-packages/airflow/example_dags/example_branch_day_of_week_operator.py
[2023-04-14T14:31:19.334+0000] {processor.py:753} INFO - DAG(s) dict_keys(['example_weekday_branch_operator']) retrieved from /home/airflow/.local/lib/python3.7/site-packages/airflow/example_dags/example_branch_day_of_week_operator.py
[2023-04-14T14:31:19.365+0000] {logging_mixin.py:137} INFO - [2023-04-14T14:31:19.365+0000] {dag.py:2693} INFO - Sync 1 DAGs
[2023-04-14T14:31:19.390+0000] {logging_mixin.py:137} INFO - [2023-04-14T14:31:19.389+0000] {dag.py:3444} INFO - Setting next_dagrun for example_weekday_branch_operator to 2023-04-13T00:00:00+00:00, run_after=2023-04-14T00:00:00+00:00
[2023-04-14T14:31:19.408+0000] {processor.py:175} INFO - Processing /home/airflow/.local/lib/python3.7/site-packages/airflow/example_dags/example_branch_day_of_week_operator.py took 0.094 seconds
[2023-04-14T14:31:50.252+0000] {processor.py:153} INFO - Started process (PID=214) to work on /home/airflow/.local/lib/python3.7/site-packages/airflow/example_dags/example_branch_day_of_week_operator.py
[2023-04-14T14:31:50.254+0000] {processor.py:743} INFO - Processing file /home/airflow/.local/lib/python3.7/site-packages/airflow/example_dags/example_branch_day_of_week_operator.py for tasks to queue
[2023-04-14T14:31:50.256+0000] {logging_mixin.py:137} INFO - [2023-04-14T14:31:50.256+0000] {dagbag.py:532} INFO - Filling up the DagBag from /home/airflow/.local/lib/python3.7/site-packages/airflow/example_dags/example_branch_day_of_week_operator.py
[2023-04-14T14:31:50.275+0000] {processor.py:753} INFO - DAG(s) dict_keys(['example_weekday_branch_operator']) retrieved from /home/airflow/.local/lib/python3.7/site-packages/airflow/example_dags/example_branch_day_of_week_operator.py
[2023-04-14T14:31:50.304+0000] {logging_mixin.py:137} INFO - [2023-04-14T14:31:50.304+0000] {dag.py:2693} INFO - Sync 1 DAGs
[2023-04-14T14:31:50.326+0000] {logging_mixin.py:137} INFO - [2023-04-14T14:31:50.326+0000] {dag.py:3444} INFO - Setting next_dagrun for example_weekday_branch_operator to 2023-04-13T00:00:00+00:00, run_after=2023-04-14T00:00:00+00:00
[2023-04-14T14:31:50.339+0000] {processor.py:175} INFO - Processing /home/airflow/.local/lib/python3.7/site-packages/airflow/example_dags/example_branch_day_of_week_operator.py took 0.090 seconds
[2023-04-14T14:32:21.417+0000] {processor.py:153} INFO - Started process (PID=265) to work on /home/airflow/.local/lib/python3.7/site-packages/airflow/example_dags/example_branch_day_of_week_operator.py
[2023-04-14T14:32:21.420+0000] {processor.py:743} INFO - Processing file /home/airflow/.local/lib/python3.7/site-packages/airflow/example_dags/example_branch_day_of_week_operator.py for tasks to queue
[2023-04-14T14:32:21.423+0000] {logging_mixin.py:137} INFO - [2023-04-14T14:32:21.423+0000] {dagbag.py:532} INFO - Filling up the DagBag from /home/airflow/.local/lib/python3.7/site-packages/airflow/example_dags/example_branch_day_of_week_operator.py
[2023-04-14T14:32:21.463+0000] {processor.py:753} INFO - DAG(s) dict_keys(['example_weekday_branch_operator']) retrieved from /home/airflow/.local/lib/python3.7/site-packages/airflow/example_dags/example_branch_day_of_week_operator.py
[2023-04-14T14:32:21.526+0000] {logging_mixin.py:137} INFO - [2023-04-14T14:32:21.524+0000] {dag.py:2693} INFO - Sync 1 DAGs
[2023-04-14T14:32:21.587+0000] {logging_mixin.py:137} INFO - [2023-04-14T14:32:21.587+0000] {dag.py:3444} INFO - Setting next_dagrun for example_weekday_branch_operator to 2023-04-13T00:00:00+00:00, run_after=2023-04-14T00:00:00+00:00
[2023-04-14T14:32:21.613+0000] {processor.py:175} INFO - Processing /home/airflow/.local/lib/python3.7/site-packages/airflow/example_dags/example_branch_day_of_week_operator.py took 0.201 seconds
[2023-04-14T14:33:45.092+0000] {processor.py:153} INFO - Started process (PID=46) to work on /home/airflow/.local/lib/python3.7/site-packages/airflow/example_dags/example_branch_day_of_week_operator.py
[2023-04-14T14:33:45.098+0000] {processor.py:743} INFO - Processing file /home/airflow/.local/lib/python3.7/site-packages/airflow/example_dags/example_branch_day_of_week_operator.py for tasks to queue
[2023-04-14T14:33:45.104+0000] {logging_mixin.py:137} INFO - [2023-04-14T14:33:45.104+0000] {dagbag.py:532} INFO - Filling up the DagBag from /home/airflow/.local/lib/python3.7/site-packages/airflow/example_dags/example_branch_day_of_week_operator.py
[2023-04-14T14:33:45.160+0000] {processor.py:753} INFO - DAG(s) dict_keys(['example_weekday_branch_operator']) retrieved from /home/airflow/.local/lib/python3.7/site-packages/airflow/example_dags/example_branch_day_of_week_operator.py
[2023-04-14T14:33:45.239+0000] {logging_mixin.py:137} INFO - [2023-04-14T14:33:45.239+0000] {dag.py:2693} INFO - Sync 1 DAGs
[2023-04-14T14:33:45.323+0000] {logging_mixin.py:137} INFO - [2023-04-14T14:33:45.322+0000] {dag.py:3444} INFO - Setting next_dagrun for example_weekday_branch_operator to 2023-04-13T00:00:00+00:00, run_after=2023-04-14T00:00:00+00:00
[2023-04-14T14:33:45.831+0000] {processor.py:175} INFO - Processing /home/airflow/.local/lib/python3.7/site-packages/airflow/example_dags/example_branch_day_of_week_operator.py took 0.747 seconds
[2023-04-14T14:34:16.070+0000] {processor.py:153} INFO - Started process (PID=98) to work on /home/airflow/.local/lib/python3.7/site-packages/airflow/example_dags/example_branch_day_of_week_operator.py
[2023-04-14T14:34:16.071+0000] {processor.py:743} INFO - Processing file /home/airflow/.local/lib/python3.7/site-packages/airflow/example_dags/example_branch_day_of_week_operator.py for tasks to queue
[2023-04-14T14:34:16.072+0000] {logging_mixin.py:137} INFO - [2023-04-14T14:34:16.072+0000] {dagbag.py:532} INFO - Filling up the DagBag from /home/airflow/.local/lib/python3.7/site-packages/airflow/example_dags/example_branch_day_of_week_operator.py
[2023-04-14T14:34:16.093+0000] {processor.py:753} INFO - DAG(s) dict_keys(['example_weekday_branch_operator']) retrieved from /home/airflow/.local/lib/python3.7/site-packages/airflow/example_dags/example_branch_day_of_week_operator.py
[2023-04-14T14:34:16.182+0000] {logging_mixin.py:137} INFO - [2023-04-14T14:34:16.182+0000] {dag.py:2693} INFO - Sync 1 DAGs
[2023-04-14T14:34:16.243+0000] {logging_mixin.py:137} INFO - [2023-04-14T14:34:16.243+0000] {dag.py:3444} INFO - Setting next_dagrun for example_weekday_branch_operator to 2023-04-13T00:00:00+00:00, run_after=2023-04-14T00:00:00+00:00
[2023-04-14T14:34:16.282+0000] {processor.py:175} INFO - Processing /home/airflow/.local/lib/python3.7/site-packages/airflow/example_dags/example_branch_day_of_week_operator.py took 0.216 seconds
[2023-04-14T14:34:46.333+0000] {processor.py:153} INFO - Started process (PID=150) to work on /home/airflow/.local/lib/python3.7/site-packages/airflow/example_dags/example_branch_day_of_week_operator.py
[2023-04-14T14:34:46.336+0000] {processor.py:743} INFO - Processing file /home/airflow/.local/lib/python3.7/site-packages/airflow/example_dags/example_branch_day_of_week_operator.py for tasks to queue
[2023-04-14T14:34:46.338+0000] {logging_mixin.py:137} INFO - [2023-04-14T14:34:46.338+0000] {dagbag.py:532} INFO - Filling up the DagBag from /home/airflow/.local/lib/python3.7/site-packages/airflow/example_dags/example_branch_day_of_week_operator.py
[2023-04-14T14:34:46.380+0000] {processor.py:753} INFO - DAG(s) dict_keys(['example_weekday_branch_operator']) retrieved from /home/airflow/.local/lib/python3.7/site-packages/airflow/example_dags/example_branch_day_of_week_operator.py
[2023-04-14T14:34:46.434+0000] {logging_mixin.py:137} INFO - [2023-04-14T14:34:46.434+0000] {dag.py:2693} INFO - Sync 1 DAGs
[2023-04-14T14:34:46.469+0000] {logging_mixin.py:137} INFO - [2023-04-14T14:34:46.469+0000] {dag.py:3444} INFO - Setting next_dagrun for example_weekday_branch_operator to 2023-04-13T00:00:00+00:00, run_after=2023-04-14T00:00:00+00:00
[2023-04-14T14:34:46.507+0000] {processor.py:175} INFO - Processing /home/airflow/.local/lib/python3.7/site-packages/airflow/example_dags/example_branch_day_of_week_operator.py took 0.179 seconds
[2023-04-14T14:35:16.736+0000] {processor.py:153} INFO - Started process (PID=202) to work on /home/airflow/.local/lib/python3.7/site-packages/airflow/example_dags/example_branch_day_of_week_operator.py
[2023-04-14T14:35:16.738+0000] {processor.py:743} INFO - Processing file /home/airflow/.local/lib/python3.7/site-packages/airflow/example_dags/example_branch_day_of_week_operator.py for tasks to queue
[2023-04-14T14:35:16.739+0000] {logging_mixin.py:137} INFO - [2023-04-14T14:35:16.739+0000] {dagbag.py:532} INFO - Filling up the DagBag from /home/airflow/.local/lib/python3.7/site-packages/airflow/example_dags/example_branch_day_of_week_operator.py
[2023-04-14T14:35:16.761+0000] {processor.py:753} INFO - DAG(s) dict_keys(['example_weekday_branch_operator']) retrieved from /home/airflow/.local/lib/python3.7/site-packages/airflow/example_dags/example_branch_day_of_week_operator.py
[2023-04-14T14:35:16.795+0000] {logging_mixin.py:137} INFO - [2023-04-14T14:35:16.795+0000] {dag.py:2693} INFO - Sync 1 DAGs
[2023-04-14T14:35:16.814+0000] {logging_mixin.py:137} INFO - [2023-04-14T14:35:16.814+0000] {dag.py:3444} INFO - Setting next_dagrun for example_weekday_branch_operator to 2023-04-13T00:00:00+00:00, run_after=2023-04-14T00:00:00+00:00
[2023-04-14T14:35:16.833+0000] {processor.py:175} INFO - Processing /home/airflow/.local/lib/python3.7/site-packages/airflow/example_dags/example_branch_day_of_week_operator.py took 0.102 seconds
[2023-04-14T14:35:47.149+0000] {processor.py:153} INFO - Started process (PID=255) to work on /home/airflow/.local/lib/python3.7/site-packages/airflow/example_dags/example_branch_day_of_week_operator.py
[2023-04-14T14:35:47.150+0000] {processor.py:743} INFO - Processing file /home/airflow/.local/lib/python3.7/site-packages/airflow/example_dags/example_branch_day_of_week_operator.py for tasks to queue
[2023-04-14T14:35:47.151+0000] {logging_mixin.py:137} INFO - [2023-04-14T14:35:47.151+0000] {dagbag.py:532} INFO - Filling up the DagBag from /home/airflow/.local/lib/python3.7/site-packages/airflow/example_dags/example_branch_day_of_week_operator.py
[2023-04-14T14:35:47.163+0000] {processor.py:753} INFO - DAG(s) dict_keys(['example_weekday_branch_operator']) retrieved from /home/airflow/.local/lib/python3.7/site-packages/airflow/example_dags/example_branch_day_of_week_operator.py
[2023-04-14T14:35:47.189+0000] {logging_mixin.py:137} INFO - [2023-04-14T14:35:47.189+0000] {dag.py:2693} INFO - Sync 1 DAGs
[2023-04-14T14:35:47.214+0000] {logging_mixin.py:137} INFO - [2023-04-14T14:35:47.214+0000] {dag.py:3444} INFO - Setting next_dagrun for example_weekday_branch_operator to 2023-04-13T00:00:00+00:00, run_after=2023-04-14T00:00:00+00:00
[2023-04-14T14:35:47.232+0000] {processor.py:175} INFO - Processing /home/airflow/.local/lib/python3.7/site-packages/airflow/example_dags/example_branch_day_of_week_operator.py took 0.087 seconds
[2023-04-14T14:36:17.522+0000] {processor.py:153} INFO - Started process (PID=308) to work on /home/airflow/.local/lib/python3.7/site-packages/airflow/example_dags/example_branch_day_of_week_operator.py
[2023-04-14T14:36:17.526+0000] {processor.py:743} INFO - Processing file /home/airflow/.local/lib/python3.7/site-packages/airflow/example_dags/example_branch_day_of_week_operator.py for tasks to queue
[2023-04-14T14:36:17.528+0000] {logging_mixin.py:137} INFO - [2023-04-14T14:36:17.528+0000] {dagbag.py:532} INFO - Filling up the DagBag from /home/airflow/.local/lib/python3.7/site-packages/airflow/example_dags/example_branch_day_of_week_operator.py
[2023-04-14T14:36:17.547+0000] {processor.py:753} INFO - DAG(s) dict_keys(['example_weekday_branch_operator']) retrieved from /home/airflow/.local/lib/python3.7/site-packages/airflow/example_dags/example_branch_day_of_week_operator.py
[2023-04-14T14:36:17.580+0000] {logging_mixin.py:137} INFO - [2023-04-14T14:36:17.580+0000] {dag.py:2693} INFO - Sync 1 DAGs
[2023-04-14T14:36:17.612+0000] {logging_mixin.py:137} INFO - [2023-04-14T14:36:17.611+0000] {dag.py:3444} INFO - Setting next_dagrun for example_weekday_branch_operator to 2023-04-13T00:00:00+00:00, run_after=2023-04-14T00:00:00+00:00
[2023-04-14T14:36:17.637+0000] {processor.py:175} INFO - Processing /home/airflow/.local/lib/python3.7/site-packages/airflow/example_dags/example_branch_day_of_week_operator.py took 0.120 seconds
[2023-04-14T14:36:48.304+0000] {processor.py:153} INFO - Started process (PID=361) to work on /home/airflow/.local/lib/python3.7/site-packages/airflow/example_dags/example_branch_day_of_week_operator.py
[2023-04-14T14:36:48.309+0000] {processor.py:743} INFO - Processing file /home/airflow/.local/lib/python3.7/site-packages/airflow/example_dags/example_branch_day_of_week_operator.py for tasks to queue
[2023-04-14T14:36:48.311+0000] {logging_mixin.py:137} INFO - [2023-04-14T14:36:48.310+0000] {dagbag.py:532} INFO - Filling up the DagBag from /home/airflow/.local/lib/python3.7/site-packages/airflow/example_dags/example_branch_day_of_week_operator.py
[2023-04-14T14:36:48.325+0000] {processor.py:753} INFO - DAG(s) dict_keys(['example_weekday_branch_operator']) retrieved from /home/airflow/.local/lib/python3.7/site-packages/airflow/example_dags/example_branch_day_of_week_operator.py
[2023-04-14T14:36:48.347+0000] {logging_mixin.py:137} INFO - [2023-04-14T14:36:48.347+0000] {dag.py:2693} INFO - Sync 1 DAGs
[2023-04-14T14:36:48.366+0000] {logging_mixin.py:137} INFO - [2023-04-14T14:36:48.366+0000] {dag.py:3444} INFO - Setting next_dagrun for example_weekday_branch_operator to 2023-04-13T00:00:00+00:00, run_after=2023-04-14T00:00:00+00:00
[2023-04-14T14:36:48.386+0000] {processor.py:175} INFO - Processing /home/airflow/.local/lib/python3.7/site-packages/airflow/example_dags/example_branch_day_of_week_operator.py took 0.086 seconds
[2023-04-14T14:37:18.745+0000] {processor.py:153} INFO - Started process (PID=414) to work on /home/airflow/.local/lib/python3.7/site-packages/airflow/example_dags/example_branch_day_of_week_operator.py
[2023-04-14T14:37:18.746+0000] {processor.py:743} INFO - Processing file /home/airflow/.local/lib/python3.7/site-packages/airflow/example_dags/example_branch_day_of_week_operator.py for tasks to queue
[2023-04-14T14:37:18.747+0000] {logging_mixin.py:137} INFO - [2023-04-14T14:37:18.747+0000] {dagbag.py:532} INFO - Filling up the DagBag from /home/airflow/.local/lib/python3.7/site-packages/airflow/example_dags/example_branch_day_of_week_operator.py
[2023-04-14T14:37:18.761+0000] {processor.py:753} INFO - DAG(s) dict_keys(['example_weekday_branch_operator']) retrieved from /home/airflow/.local/lib/python3.7/site-packages/airflow/example_dags/example_branch_day_of_week_operator.py
[2023-04-14T14:37:18.783+0000] {logging_mixin.py:137} INFO - [2023-04-14T14:37:18.783+0000] {dag.py:2693} INFO - Sync 1 DAGs
[2023-04-14T14:37:18.806+0000] {logging_mixin.py:137} INFO - [2023-04-14T14:37:18.806+0000] {dag.py:3444} INFO - Setting next_dagrun for example_weekday_branch_operator to 2023-04-13T00:00:00+00:00, run_after=2023-04-14T00:00:00+00:00
[2023-04-14T14:37:18.822+0000] {processor.py:175} INFO - Processing /home/airflow/.local/lib/python3.7/site-packages/airflow/example_dags/example_branch_day_of_week_operator.py took 0.080 seconds
[2023-04-14T14:37:48.859+0000] {processor.py:153} INFO - Started process (PID=467) to work on /home/airflow/.local/lib/python3.7/site-packages/airflow/example_dags/example_branch_day_of_week_operator.py
[2023-04-14T14:37:48.860+0000] {processor.py:743} INFO - Processing file /home/airflow/.local/lib/python3.7/site-packages/airflow/example_dags/example_branch_day_of_week_operator.py for tasks to queue
[2023-04-14T14:37:48.861+0000] {logging_mixin.py:137} INFO - [2023-04-14T14:37:48.861+0000] {dagbag.py:532} INFO - Filling up the DagBag from /home/airflow/.local/lib/python3.7/site-packages/airflow/example_dags/example_branch_day_of_week_operator.py
[2023-04-14T14:37:48.872+0000] {processor.py:753} INFO - DAG(s) dict_keys(['example_weekday_branch_operator']) retrieved from /home/airflow/.local/lib/python3.7/site-packages/airflow/example_dags/example_branch_day_of_week_operator.py
[2023-04-14T14:37:48.892+0000] {logging_mixin.py:137} INFO - [2023-04-14T14:37:48.892+0000] {dag.py:2693} INFO - Sync 1 DAGs
[2023-04-14T14:37:48.908+0000] {logging_mixin.py:137} INFO - [2023-04-14T14:37:48.908+0000] {dag.py:3444} INFO - Setting next_dagrun for example_weekday_branch_operator to 2023-04-13T00:00:00+00:00, run_after=2023-04-14T00:00:00+00:00
[2023-04-14T14:37:48.919+0000] {processor.py:175} INFO - Processing /home/airflow/.local/lib/python3.7/site-packages/airflow/example_dags/example_branch_day_of_week_operator.py took 0.063 seconds
[2023-04-14T14:38:19.567+0000] {processor.py:153} INFO - Started process (PID=520) to work on /home/airflow/.local/lib/python3.7/site-packages/airflow/example_dags/example_branch_day_of_week_operator.py
[2023-04-14T14:38:19.569+0000] {processor.py:743} INFO - Processing file /home/airflow/.local/lib/python3.7/site-packages/airflow/example_dags/example_branch_day_of_week_operator.py for tasks to queue
[2023-04-14T14:38:19.570+0000] {logging_mixin.py:137} INFO - [2023-04-14T14:38:19.570+0000] {dagbag.py:532} INFO - Filling up the DagBag from /home/airflow/.local/lib/python3.7/site-packages/airflow/example_dags/example_branch_day_of_week_operator.py
[2023-04-14T14:38:19.594+0000] {processor.py:753} INFO - DAG(s) dict_keys(['example_weekday_branch_operator']) retrieved from /home/airflow/.local/lib/python3.7/site-packages/airflow/example_dags/example_branch_day_of_week_operator.py
[2023-04-14T14:38:19.628+0000] {logging_mixin.py:137} INFO - [2023-04-14T14:38:19.628+0000] {dag.py:2693} INFO - Sync 1 DAGs
[2023-04-14T14:38:19.649+0000] {logging_mixin.py:137} INFO - [2023-04-14T14:38:19.649+0000] {dag.py:3444} INFO - Setting next_dagrun for example_weekday_branch_operator to 2023-04-13T00:00:00+00:00, run_after=2023-04-14T00:00:00+00:00
[2023-04-14T14:38:19.661+0000] {processor.py:175} INFO - Processing /home/airflow/.local/lib/python3.7/site-packages/airflow/example_dags/example_branch_day_of_week_operator.py took 0.096 seconds
[2023-04-14T14:38:49.943+0000] {processor.py:153} INFO - Started process (PID=576) to work on /home/airflow/.local/lib/python3.7/site-packages/airflow/example_dags/example_branch_day_of_week_operator.py
[2023-04-14T14:38:49.946+0000] {processor.py:743} INFO - Processing file /home/airflow/.local/lib/python3.7/site-packages/airflow/example_dags/example_branch_day_of_week_operator.py for tasks to queue
[2023-04-14T14:38:49.947+0000] {logging_mixin.py:137} INFO - [2023-04-14T14:38:49.947+0000] {dagbag.py:532} INFO - Filling up the DagBag from /home/airflow/.local/lib/python3.7/site-packages/airflow/example_dags/example_branch_day_of_week_operator.py
[2023-04-14T14:38:49.961+0000] {processor.py:753} INFO - DAG(s) dict_keys(['example_weekday_branch_operator']) retrieved from /home/airflow/.local/lib/python3.7/site-packages/airflow/example_dags/example_branch_day_of_week_operator.py
[2023-04-14T14:38:49.983+0000] {logging_mixin.py:137} INFO - [2023-04-14T14:38:49.982+0000] {dag.py:2693} INFO - Sync 1 DAGs
[2023-04-14T14:38:50.000+0000] {logging_mixin.py:137} INFO - [2023-04-14T14:38:50.000+0000] {dag.py:3444} INFO - Setting next_dagrun for example_weekday_branch_operator to 2023-04-13T00:00:00+00:00, run_after=2023-04-14T00:00:00+00:00
[2023-04-14T14:38:50.011+0000] {processor.py:175} INFO - Processing /home/airflow/.local/lib/python3.7/site-packages/airflow/example_dags/example_branch_day_of_week_operator.py took 0.071 seconds
[2023-04-14T14:39:20.899+0000] {processor.py:153} INFO - Started process (PID=629) to work on /home/airflow/.local/lib/python3.7/site-packages/airflow/example_dags/example_branch_day_of_week_operator.py
[2023-04-14T14:39:20.901+0000] {processor.py:743} INFO - Processing file /home/airflow/.local/lib/python3.7/site-packages/airflow/example_dags/example_branch_day_of_week_operator.py for tasks to queue
[2023-04-14T14:39:20.902+0000] {logging_mixin.py:137} INFO - [2023-04-14T14:39:20.902+0000] {dagbag.py:532} INFO - Filling up the DagBag from /home/airflow/.local/lib/python3.7/site-packages/airflow/example_dags/example_branch_day_of_week_operator.py
[2023-04-14T14:39:20.914+0000] {processor.py:753} INFO - DAG(s) dict_keys(['example_weekday_branch_operator']) retrieved from /home/airflow/.local/lib/python3.7/site-packages/airflow/example_dags/example_branch_day_of_week_operator.py
[2023-04-14T14:39:20.936+0000] {logging_mixin.py:137} INFO - [2023-04-14T14:39:20.936+0000] {dag.py:2693} INFO - Sync 1 DAGs
[2023-04-14T14:39:20.963+0000] {logging_mixin.py:137} INFO - [2023-04-14T14:39:20.963+0000] {dag.py:3444} INFO - Setting next_dagrun for example_weekday_branch_operator to 2023-04-13T00:00:00+00:00, run_after=2023-04-14T00:00:00+00:00
[2023-04-14T14:39:20.994+0000] {processor.py:175} INFO - Processing /home/airflow/.local/lib/python3.7/site-packages/airflow/example_dags/example_branch_day_of_week_operator.py took 0.098 seconds
[2023-04-14T14:39:51.507+0000] {processor.py:153} INFO - Started process (PID=682) to work on /home/airflow/.local/lib/python3.7/site-packages/airflow/example_dags/example_branch_day_of_week_operator.py
[2023-04-14T14:39:51.508+0000] {processor.py:743} INFO - Processing file /home/airflow/.local/lib/python3.7/site-packages/airflow/example_dags/example_branch_day_of_week_operator.py for tasks to queue
[2023-04-14T14:39:51.508+0000] {logging_mixin.py:137} INFO - [2023-04-14T14:39:51.508+0000] {dagbag.py:532} INFO - Filling up the DagBag from /home/airflow/.local/lib/python3.7/site-packages/airflow/example_dags/example_branch_day_of_week_operator.py
[2023-04-14T14:39:51.518+0000] {processor.py:753} INFO - DAG(s) dict_keys(['example_weekday_branch_operator']) retrieved from /home/airflow/.local/lib/python3.7/site-packages/airflow/example_dags/example_branch_day_of_week_operator.py
[2023-04-14T14:39:51.536+0000] {logging_mixin.py:137} INFO - [2023-04-14T14:39:51.536+0000] {dag.py:2693} INFO - Sync 1 DAGs
[2023-04-14T14:39:51.552+0000] {logging_mixin.py:137} INFO - [2023-04-14T14:39:51.552+0000] {dag.py:3444} INFO - Setting next_dagrun for example_weekday_branch_operator to 2023-04-13T00:00:00+00:00, run_after=2023-04-14T00:00:00+00:00
[2023-04-14T14:39:51.562+0000] {processor.py:175} INFO - Processing /home/airflow/.local/lib/python3.7/site-packages/airflow/example_dags/example_branch_day_of_week_operator.py took 0.058 seconds
[2023-04-14T14:40:22.323+0000] {processor.py:153} INFO - Started process (PID=735) to work on /home/airflow/.local/lib/python3.7/site-packages/airflow/example_dags/example_branch_day_of_week_operator.py
[2023-04-14T14:40:22.324+0000] {processor.py:743} INFO - Processing file /home/airflow/.local/lib/python3.7/site-packages/airflow/example_dags/example_branch_day_of_week_operator.py for tasks to queue
[2023-04-14T14:40:22.324+0000] {logging_mixin.py:137} INFO - [2023-04-14T14:40:22.324+0000] {dagbag.py:532} INFO - Filling up the DagBag from /home/airflow/.local/lib/python3.7/site-packages/airflow/example_dags/example_branch_day_of_week_operator.py
[2023-04-14T14:40:22.335+0000] {processor.py:753} INFO - DAG(s) dict_keys(['example_weekday_branch_operator']) retrieved from /home/airflow/.local/lib/python3.7/site-packages/airflow/example_dags/example_branch_day_of_week_operator.py
[2023-04-14T14:40:22.355+0000] {logging_mixin.py:137} INFO - [2023-04-14T14:40:22.355+0000] {dag.py:2693} INFO - Sync 1 DAGs
[2023-04-14T14:40:22.371+0000] {logging_mixin.py:137} INFO - [2023-04-14T14:40:22.370+0000] {dag.py:3444} INFO - Setting next_dagrun for example_weekday_branch_operator to 2023-04-13T00:00:00+00:00, run_after=2023-04-14T00:00:00+00:00
[2023-04-14T14:40:22.381+0000] {processor.py:175} INFO - Processing /home/airflow/.local/lib/python3.7/site-packages/airflow/example_dags/example_branch_day_of_week_operator.py took 0.061 seconds
[2023-04-14T14:40:52.737+0000] {processor.py:153} INFO - Started process (PID=788) to work on /home/airflow/.local/lib/python3.7/site-packages/airflow/example_dags/example_branch_day_of_week_operator.py
[2023-04-14T14:40:52.738+0000] {processor.py:743} INFO - Processing file /home/airflow/.local/lib/python3.7/site-packages/airflow/example_dags/example_branch_day_of_week_operator.py for tasks to queue
[2023-04-14T14:40:52.739+0000] {logging_mixin.py:137} INFO - [2023-04-14T14:40:52.739+0000] {dagbag.py:532} INFO - Filling up the DagBag from /home/airflow/.local/lib/python3.7/site-packages/airflow/example_dags/example_branch_day_of_week_operator.py
[2023-04-14T14:40:52.749+0000] {processor.py:753} INFO - DAG(s) dict_keys(['example_weekday_branch_operator']) retrieved from /home/airflow/.local/lib/python3.7/site-packages/airflow/example_dags/example_branch_day_of_week_operator.py
[2023-04-14T14:40:52.769+0000] {logging_mixin.py:137} INFO - [2023-04-14T14:40:52.769+0000] {dag.py:2693} INFO - Sync 1 DAGs
[2023-04-14T14:40:52.785+0000] {logging_mixin.py:137} INFO - [2023-04-14T14:40:52.784+0000] {dag.py:3444} INFO - Setting next_dagrun for example_weekday_branch_operator to 2023-04-13T00:00:00+00:00, run_after=2023-04-14T00:00:00+00:00
[2023-04-14T14:40:52.796+0000] {processor.py:175} INFO - Processing /home/airflow/.local/lib/python3.7/site-packages/airflow/example_dags/example_branch_day_of_week_operator.py took 0.062 seconds
[2023-04-14T14:41:23.070+0000] {processor.py:153} INFO - Started process (PID=841) to work on /home/airflow/.local/lib/python3.7/site-packages/airflow/example_dags/example_branch_day_of_week_operator.py
[2023-04-14T14:41:23.071+0000] {processor.py:743} INFO - Processing file /home/airflow/.local/lib/python3.7/site-packages/airflow/example_dags/example_branch_day_of_week_operator.py for tasks to queue
[2023-04-14T14:41:23.072+0000] {logging_mixin.py:137} INFO - [2023-04-14T14:41:23.072+0000] {dagbag.py:532} INFO - Filling up the DagBag from /home/airflow/.local/lib/python3.7/site-packages/airflow/example_dags/example_branch_day_of_week_operator.py
[2023-04-14T14:41:23.093+0000] {processor.py:753} INFO - DAG(s) dict_keys(['example_weekday_branch_operator']) retrieved from /home/airflow/.local/lib/python3.7/site-packages/airflow/example_dags/example_branch_day_of_week_operator.py
[2023-04-14T14:41:23.115+0000] {logging_mixin.py:137} INFO - [2023-04-14T14:41:23.115+0000] {dag.py:2693} INFO - Sync 1 DAGs
[2023-04-14T14:41:23.134+0000] {logging_mixin.py:137} INFO - [2023-04-14T14:41:23.134+0000] {dag.py:3444} INFO - Setting next_dagrun for example_weekday_branch_operator to 2023-04-13T00:00:00+00:00, run_after=2023-04-14T00:00:00+00:00
[2023-04-14T14:41:23.152+0000] {processor.py:175} INFO - Processing /home/airflow/.local/lib/python3.7/site-packages/airflow/example_dags/example_branch_day_of_week_operator.py took 0.085 seconds
[2023-04-14T14:42:13.538+0000] {processor.py:153} INFO - Started process (PID=46) to work on /home/airflow/.local/lib/python3.7/site-packages/airflow/example_dags/example_branch_day_of_week_operator.py
[2023-04-14T14:42:13.540+0000] {processor.py:743} INFO - Processing file /home/airflow/.local/lib/python3.7/site-packages/airflow/example_dags/example_branch_day_of_week_operator.py for tasks to queue
[2023-04-14T14:42:13.542+0000] {logging_mixin.py:137} INFO - [2023-04-14T14:42:13.542+0000] {dagbag.py:532} INFO - Filling up the DagBag from /home/airflow/.local/lib/python3.7/site-packages/airflow/example_dags/example_branch_day_of_week_operator.py
[2023-04-14T14:42:13.565+0000] {processor.py:753} INFO - DAG(s) dict_keys(['example_weekday_branch_operator']) retrieved from /home/airflow/.local/lib/python3.7/site-packages/airflow/example_dags/example_branch_day_of_week_operator.py
[2023-04-14T14:42:13.598+0000] {logging_mixin.py:137} INFO - [2023-04-14T14:42:13.597+0000] {dag.py:2693} INFO - Sync 1 DAGs
[2023-04-14T14:42:13.655+0000] {logging_mixin.py:137} INFO - [2023-04-14T14:42:13.655+0000] {dag.py:3444} INFO - Setting next_dagrun for example_weekday_branch_operator to 2023-04-13T00:00:00+00:00, run_after=2023-04-14T00:00:00+00:00
[2023-04-14T14:42:13.771+0000] {processor.py:175} INFO - Processing /home/airflow/.local/lib/python3.7/site-packages/airflow/example_dags/example_branch_day_of_week_operator.py took 0.236 seconds
[2023-04-14T14:42:43.978+0000] {processor.py:153} INFO - Started process (PID=99) to work on /home/airflow/.local/lib/python3.7/site-packages/airflow/example_dags/example_branch_day_of_week_operator.py
[2023-04-14T14:42:43.980+0000] {processor.py:743} INFO - Processing file /home/airflow/.local/lib/python3.7/site-packages/airflow/example_dags/example_branch_day_of_week_operator.py for tasks to queue
[2023-04-14T14:42:43.980+0000] {logging_mixin.py:137} INFO - [2023-04-14T14:42:43.980+0000] {dagbag.py:532} INFO - Filling up the DagBag from /home/airflow/.local/lib/python3.7/site-packages/airflow/example_dags/example_branch_day_of_week_operator.py
[2023-04-14T14:42:43.997+0000] {processor.py:753} INFO - DAG(s) dict_keys(['example_weekday_branch_operator']) retrieved from /home/airflow/.local/lib/python3.7/site-packages/airflow/example_dags/example_branch_day_of_week_operator.py
[2023-04-14T14:42:44.024+0000] {logging_mixin.py:137} INFO - [2023-04-14T14:42:44.024+0000] {dag.py:2693} INFO - Sync 1 DAGs
[2023-04-14T14:42:44.043+0000] {logging_mixin.py:137} INFO - [2023-04-14T14:42:44.043+0000] {dag.py:3444} INFO - Setting next_dagrun for example_weekday_branch_operator to 2023-04-13T00:00:00+00:00, run_after=2023-04-14T00:00:00+00:00
[2023-04-14T14:42:44.053+0000] {processor.py:175} INFO - Processing /home/airflow/.local/lib/python3.7/site-packages/airflow/example_dags/example_branch_day_of_week_operator.py took 0.078 seconds
[2023-04-14T14:43:14.634+0000] {processor.py:153} INFO - Started process (PID=152) to work on /home/airflow/.local/lib/python3.7/site-packages/airflow/example_dags/example_branch_day_of_week_operator.py
[2023-04-14T14:43:14.635+0000] {processor.py:743} INFO - Processing file /home/airflow/.local/lib/python3.7/site-packages/airflow/example_dags/example_branch_day_of_week_operator.py for tasks to queue
[2023-04-14T14:43:14.636+0000] {logging_mixin.py:137} INFO - [2023-04-14T14:43:14.636+0000] {dagbag.py:532} INFO - Filling up the DagBag from /home/airflow/.local/lib/python3.7/site-packages/airflow/example_dags/example_branch_day_of_week_operator.py
[2023-04-14T14:43:14.648+0000] {processor.py:753} INFO - DAG(s) dict_keys(['example_weekday_branch_operator']) retrieved from /home/airflow/.local/lib/python3.7/site-packages/airflow/example_dags/example_branch_day_of_week_operator.py
[2023-04-14T14:43:14.674+0000] {logging_mixin.py:137} INFO - [2023-04-14T14:43:14.674+0000] {dag.py:2693} INFO - Sync 1 DAGs
[2023-04-14T14:43:14.690+0000] {logging_mixin.py:137} INFO - [2023-04-14T14:43:14.690+0000] {dag.py:3444} INFO - Setting next_dagrun for example_weekday_branch_operator to 2023-04-13T00:00:00+00:00, run_after=2023-04-14T00:00:00+00:00
[2023-04-14T14:43:14.701+0000] {processor.py:175} INFO - Processing /home/airflow/.local/lib/python3.7/site-packages/airflow/example_dags/example_branch_day_of_week_operator.py took 0.070 seconds
[2023-04-14T14:43:45.503+0000] {processor.py:153} INFO - Started process (PID=205) to work on /home/airflow/.local/lib/python3.7/site-packages/airflow/example_dags/example_branch_day_of_week_operator.py
[2023-04-14T14:43:45.504+0000] {processor.py:743} INFO - Processing file /home/airflow/.local/lib/python3.7/site-packages/airflow/example_dags/example_branch_day_of_week_operator.py for tasks to queue
[2023-04-14T14:43:45.505+0000] {logging_mixin.py:137} INFO - [2023-04-14T14:43:45.505+0000] {dagbag.py:532} INFO - Filling up the DagBag from /home/airflow/.local/lib/python3.7/site-packages/airflow/example_dags/example_branch_day_of_week_operator.py
[2023-04-14T14:43:45.516+0000] {processor.py:753} INFO - DAG(s) dict_keys(['example_weekday_branch_operator']) retrieved from /home/airflow/.local/lib/python3.7/site-packages/airflow/example_dags/example_branch_day_of_week_operator.py
[2023-04-14T14:43:45.536+0000] {logging_mixin.py:137} INFO - [2023-04-14T14:43:45.536+0000] {dag.py:2693} INFO - Sync 1 DAGs
[2023-04-14T14:43:45.553+0000] {logging_mixin.py:137} INFO - [2023-04-14T14:43:45.552+0000] {dag.py:3444} INFO - Setting next_dagrun for example_weekday_branch_operator to 2023-04-13T00:00:00+00:00, run_after=2023-04-14T00:00:00+00:00
[2023-04-14T14:43:45.562+0000] {processor.py:175} INFO - Processing /home/airflow/.local/lib/python3.7/site-packages/airflow/example_dags/example_branch_day_of_week_operator.py took 0.062 seconds
[2023-04-14T14:44:16.779+0000] {processor.py:153} INFO - Started process (PID=258) to work on /home/airflow/.local/lib/python3.7/site-packages/airflow/example_dags/example_branch_day_of_week_operator.py
[2023-04-14T14:44:16.780+0000] {processor.py:743} INFO - Processing file /home/airflow/.local/lib/python3.7/site-packages/airflow/example_dags/example_branch_day_of_week_operator.py for tasks to queue
[2023-04-14T14:44:16.781+0000] {logging_mixin.py:137} INFO - [2023-04-14T14:44:16.781+0000] {dagbag.py:532} INFO - Filling up the DagBag from /home/airflow/.local/lib/python3.7/site-packages/airflow/example_dags/example_branch_day_of_week_operator.py
[2023-04-14T14:44:16.794+0000] {processor.py:753} INFO - DAG(s) dict_keys(['example_weekday_branch_operator']) retrieved from /home/airflow/.local/lib/python3.7/site-packages/airflow/example_dags/example_branch_day_of_week_operator.py
[2023-04-14T14:44:16.814+0000] {logging_mixin.py:137} INFO - [2023-04-14T14:44:16.814+0000] {dag.py:2693} INFO - Sync 1 DAGs
[2023-04-14T14:44:16.830+0000] {logging_mixin.py:137} INFO - [2023-04-14T14:44:16.830+0000] {dag.py:3444} INFO - Setting next_dagrun for example_weekday_branch_operator to 2023-04-13T00:00:00+00:00, run_after=2023-04-14T00:00:00+00:00
[2023-04-14T14:44:16.841+0000] {processor.py:175} INFO - Processing /home/airflow/.local/lib/python3.7/site-packages/airflow/example_dags/example_branch_day_of_week_operator.py took 0.065 seconds
[2023-04-14T14:44:47.860+0000] {processor.py:153} INFO - Started process (PID=311) to work on /home/airflow/.local/lib/python3.7/site-packages/airflow/example_dags/example_branch_day_of_week_operator.py
[2023-04-14T14:44:47.861+0000] {processor.py:743} INFO - Processing file /home/airflow/.local/lib/python3.7/site-packages/airflow/example_dags/example_branch_day_of_week_operator.py for tasks to queue
[2023-04-14T14:44:47.862+0000] {logging_mixin.py:137} INFO - [2023-04-14T14:44:47.862+0000] {dagbag.py:532} INFO - Filling up the DagBag from /home/airflow/.local/lib/python3.7/site-packages/airflow/example_dags/example_branch_day_of_week_operator.py
[2023-04-14T14:44:47.881+0000] {processor.py:753} INFO - DAG(s) dict_keys(['example_weekday_branch_operator']) retrieved from /home/airflow/.local/lib/python3.7/site-packages/airflow/example_dags/example_branch_day_of_week_operator.py
[2023-04-14T14:44:47.953+0000] {logging_mixin.py:137} INFO - [2023-04-14T14:44:47.952+0000] {dag.py:2693} INFO - Sync 1 DAGs
[2023-04-14T14:44:47.991+0000] {logging_mixin.py:137} INFO - [2023-04-14T14:44:47.991+0000] {dag.py:3444} INFO - Setting next_dagrun for example_weekday_branch_operator to 2023-04-13T00:00:00+00:00, run_after=2023-04-14T00:00:00+00:00
[2023-04-14T14:44:48.010+0000] {processor.py:175} INFO - Processing /home/airflow/.local/lib/python3.7/site-packages/airflow/example_dags/example_branch_day_of_week_operator.py took 0.154 seconds
[2023-04-14T14:45:18.918+0000] {processor.py:153} INFO - Started process (PID=363) to work on /home/airflow/.local/lib/python3.7/site-packages/airflow/example_dags/example_branch_day_of_week_operator.py
[2023-04-14T14:45:18.920+0000] {processor.py:743} INFO - Processing file /home/airflow/.local/lib/python3.7/site-packages/airflow/example_dags/example_branch_day_of_week_operator.py for tasks to queue
[2023-04-14T14:45:18.921+0000] {logging_mixin.py:137} INFO - [2023-04-14T14:45:18.921+0000] {dagbag.py:532} INFO - Filling up the DagBag from /home/airflow/.local/lib/python3.7/site-packages/airflow/example_dags/example_branch_day_of_week_operator.py
[2023-04-14T14:45:18.942+0000] {processor.py:753} INFO - DAG(s) dict_keys(['example_weekday_branch_operator']) retrieved from /home/airflow/.local/lib/python3.7/site-packages/airflow/example_dags/example_branch_day_of_week_operator.py
[2023-04-14T14:45:18.967+0000] {logging_mixin.py:137} INFO - [2023-04-14T14:45:18.967+0000] {dag.py:2693} INFO - Sync 1 DAGs
[2023-04-14T14:45:18.987+0000] {logging_mixin.py:137} INFO - [2023-04-14T14:45:18.987+0000] {dag.py:3444} INFO - Setting next_dagrun for example_weekday_branch_operator to 2023-04-13T00:00:00+00:00, run_after=2023-04-14T00:00:00+00:00
[2023-04-14T14:45:19.009+0000] {processor.py:175} INFO - Processing /home/airflow/.local/lib/python3.7/site-packages/airflow/example_dags/example_branch_day_of_week_operator.py took 0.098 seconds
[2023-04-14T14:45:49.506+0000] {processor.py:153} INFO - Started process (PID=415) to work on /home/airflow/.local/lib/python3.7/site-packages/airflow/example_dags/example_branch_day_of_week_operator.py
[2023-04-14T14:45:49.510+0000] {processor.py:743} INFO - Processing file /home/airflow/.local/lib/python3.7/site-packages/airflow/example_dags/example_branch_day_of_week_operator.py for tasks to queue
[2023-04-14T14:45:49.511+0000] {logging_mixin.py:137} INFO - [2023-04-14T14:45:49.511+0000] {dagbag.py:532} INFO - Filling up the DagBag from /home/airflow/.local/lib/python3.7/site-packages/airflow/example_dags/example_branch_day_of_week_operator.py
[2023-04-14T14:45:49.556+0000] {processor.py:753} INFO - DAG(s) dict_keys(['example_weekday_branch_operator']) retrieved from /home/airflow/.local/lib/python3.7/site-packages/airflow/example_dags/example_branch_day_of_week_operator.py
[2023-04-14T14:45:49.596+0000] {logging_mixin.py:137} INFO - [2023-04-14T14:45:49.596+0000] {dag.py:2693} INFO - Sync 1 DAGs
[2023-04-14T14:45:49.625+0000] {logging_mixin.py:137} INFO - [2023-04-14T14:45:49.624+0000] {dag.py:3444} INFO - Setting next_dagrun for example_weekday_branch_operator to 2023-04-13T00:00:00+00:00, run_after=2023-04-14T00:00:00+00:00
[2023-04-14T14:45:49.647+0000] {processor.py:175} INFO - Processing /home/airflow/.local/lib/python3.7/site-packages/airflow/example_dags/example_branch_day_of_week_operator.py took 0.149 seconds
[2023-04-14T14:46:19.979+0000] {processor.py:153} INFO - Started process (PID=468) to work on /home/airflow/.local/lib/python3.7/site-packages/airflow/example_dags/example_branch_day_of_week_operator.py
[2023-04-14T14:46:19.982+0000] {processor.py:743} INFO - Processing file /home/airflow/.local/lib/python3.7/site-packages/airflow/example_dags/example_branch_day_of_week_operator.py for tasks to queue
[2023-04-14T14:46:19.984+0000] {logging_mixin.py:137} INFO - [2023-04-14T14:46:19.984+0000] {dagbag.py:532} INFO - Filling up the DagBag from /home/airflow/.local/lib/python3.7/site-packages/airflow/example_dags/example_branch_day_of_week_operator.py
[2023-04-14T14:46:20.002+0000] {processor.py:753} INFO - DAG(s) dict_keys(['example_weekday_branch_operator']) retrieved from /home/airflow/.local/lib/python3.7/site-packages/airflow/example_dags/example_branch_day_of_week_operator.py
[2023-04-14T14:46:20.027+0000] {logging_mixin.py:137} INFO - [2023-04-14T14:46:20.027+0000] {dag.py:2693} INFO - Sync 1 DAGs
[2023-04-14T14:46:20.047+0000] {logging_mixin.py:137} INFO - [2023-04-14T14:46:20.046+0000] {dag.py:3444} INFO - Setting next_dagrun for example_weekday_branch_operator to 2023-04-13T00:00:00+00:00, run_after=2023-04-14T00:00:00+00:00
[2023-04-14T14:46:20.058+0000] {processor.py:175} INFO - Processing /home/airflow/.local/lib/python3.7/site-packages/airflow/example_dags/example_branch_day_of_week_operator.py took 0.085 seconds
[2023-04-14T14:46:50.155+0000] {processor.py:153} INFO - Started process (PID=521) to work on /home/airflow/.local/lib/python3.7/site-packages/airflow/example_dags/example_branch_day_of_week_operator.py
[2023-04-14T14:46:50.156+0000] {processor.py:743} INFO - Processing file /home/airflow/.local/lib/python3.7/site-packages/airflow/example_dags/example_branch_day_of_week_operator.py for tasks to queue
[2023-04-14T14:46:50.157+0000] {logging_mixin.py:137} INFO - [2023-04-14T14:46:50.157+0000] {dagbag.py:532} INFO - Filling up the DagBag from /home/airflow/.local/lib/python3.7/site-packages/airflow/example_dags/example_branch_day_of_week_operator.py
[2023-04-14T14:46:50.172+0000] {processor.py:753} INFO - DAG(s) dict_keys(['example_weekday_branch_operator']) retrieved from /home/airflow/.local/lib/python3.7/site-packages/airflow/example_dags/example_branch_day_of_week_operator.py
[2023-04-14T14:46:50.200+0000] {logging_mixin.py:137} INFO - [2023-04-14T14:46:50.199+0000] {dag.py:2693} INFO - Sync 1 DAGs
[2023-04-14T14:46:50.220+0000] {logging_mixin.py:137} INFO - [2023-04-14T14:46:50.220+0000] {dag.py:3444} INFO - Setting next_dagrun for example_weekday_branch_operator to 2023-04-13T00:00:00+00:00, run_after=2023-04-14T00:00:00+00:00
[2023-04-14T14:46:50.233+0000] {processor.py:175} INFO - Processing /home/airflow/.local/lib/python3.7/site-packages/airflow/example_dags/example_branch_day_of_week_operator.py took 0.081 seconds
[2023-04-14T14:47:20.603+0000] {processor.py:153} INFO - Started process (PID=575) to work on /home/airflow/.local/lib/python3.7/site-packages/airflow/example_dags/example_branch_day_of_week_operator.py
[2023-04-14T14:47:20.618+0000] {processor.py:743} INFO - Processing file /home/airflow/.local/lib/python3.7/site-packages/airflow/example_dags/example_branch_day_of_week_operator.py for tasks to queue
[2023-04-14T14:47:20.625+0000] {logging_mixin.py:137} INFO - [2023-04-14T14:47:20.625+0000] {dagbag.py:532} INFO - Filling up the DagBag from /home/airflow/.local/lib/python3.7/site-packages/airflow/example_dags/example_branch_day_of_week_operator.py
[2023-04-14T14:47:20.689+0000] {processor.py:753} INFO - DAG(s) dict_keys(['example_weekday_branch_operator']) retrieved from /home/airflow/.local/lib/python3.7/site-packages/airflow/example_dags/example_branch_day_of_week_operator.py
[2023-04-14T14:47:20.772+0000] {logging_mixin.py:137} INFO - [2023-04-14T14:47:20.772+0000] {dag.py:2693} INFO - Sync 1 DAGs
[2023-04-14T14:47:20.827+0000] {logging_mixin.py:137} INFO - [2023-04-14T14:47:20.827+0000] {dag.py:3444} INFO - Setting next_dagrun for example_weekday_branch_operator to 2023-04-13T00:00:00+00:00, run_after=2023-04-14T00:00:00+00:00
[2023-04-14T14:47:20.849+0000] {processor.py:175} INFO - Processing /home/airflow/.local/lib/python3.7/site-packages/airflow/example_dags/example_branch_day_of_week_operator.py took 0.282 seconds
[2023-04-14T14:47:51.274+0000] {processor.py:153} INFO - Started process (PID=630) to work on /home/airflow/.local/lib/python3.7/site-packages/airflow/example_dags/example_branch_day_of_week_operator.py
[2023-04-14T14:47:51.277+0000] {processor.py:743} INFO - Processing file /home/airflow/.local/lib/python3.7/site-packages/airflow/example_dags/example_branch_day_of_week_operator.py for tasks to queue
[2023-04-14T14:47:51.279+0000] {logging_mixin.py:137} INFO - [2023-04-14T14:47:51.279+0000] {dagbag.py:532} INFO - Filling up the DagBag from /home/airflow/.local/lib/python3.7/site-packages/airflow/example_dags/example_branch_day_of_week_operator.py
[2023-04-14T14:47:51.298+0000] {processor.py:753} INFO - DAG(s) dict_keys(['example_weekday_branch_operator']) retrieved from /home/airflow/.local/lib/python3.7/site-packages/airflow/example_dags/example_branch_day_of_week_operator.py
[2023-04-14T14:47:51.323+0000] {logging_mixin.py:137} INFO - [2023-04-14T14:47:51.323+0000] {dag.py:2693} INFO - Sync 1 DAGs
[2023-04-14T14:47:51.344+0000] {logging_mixin.py:137} INFO - [2023-04-14T14:47:51.344+0000] {dag.py:3444} INFO - Setting next_dagrun for example_weekday_branch_operator to 2023-04-13T00:00:00+00:00, run_after=2023-04-14T00:00:00+00:00
[2023-04-14T14:47:51.356+0000] {processor.py:175} INFO - Processing /home/airflow/.local/lib/python3.7/site-packages/airflow/example_dags/example_branch_day_of_week_operator.py took 0.090 seconds
[2023-04-14T14:48:21.745+0000] {processor.py:153} INFO - Started process (PID=682) to work on /home/airflow/.local/lib/python3.7/site-packages/airflow/example_dags/example_branch_day_of_week_operator.py
[2023-04-14T14:48:21.747+0000] {processor.py:743} INFO - Processing file /home/airflow/.local/lib/python3.7/site-packages/airflow/example_dags/example_branch_day_of_week_operator.py for tasks to queue
[2023-04-14T14:48:21.749+0000] {logging_mixin.py:137} INFO - [2023-04-14T14:48:21.749+0000] {dagbag.py:532} INFO - Filling up the DagBag from /home/airflow/.local/lib/python3.7/site-packages/airflow/example_dags/example_branch_day_of_week_operator.py
[2023-04-14T14:48:21.768+0000] {processor.py:753} INFO - DAG(s) dict_keys(['example_weekday_branch_operator']) retrieved from /home/airflow/.local/lib/python3.7/site-packages/airflow/example_dags/example_branch_day_of_week_operator.py
[2023-04-14T14:48:21.791+0000] {logging_mixin.py:137} INFO - [2023-04-14T14:48:21.791+0000] {dag.py:2693} INFO - Sync 1 DAGs
[2023-04-14T14:48:21.808+0000] {logging_mixin.py:137} INFO - [2023-04-14T14:48:21.808+0000] {dag.py:3444} INFO - Setting next_dagrun for example_weekday_branch_operator to 2023-04-13T00:00:00+00:00, run_after=2023-04-14T00:00:00+00:00
[2023-04-14T14:48:21.819+0000] {processor.py:175} INFO - Processing /home/airflow/.local/lib/python3.7/site-packages/airflow/example_dags/example_branch_day_of_week_operator.py took 0.079 seconds
[2023-04-14T14:48:52.049+0000] {processor.py:153} INFO - Started process (PID=735) to work on /home/airflow/.local/lib/python3.7/site-packages/airflow/example_dags/example_branch_day_of_week_operator.py
[2023-04-14T14:48:52.050+0000] {processor.py:743} INFO - Processing file /home/airflow/.local/lib/python3.7/site-packages/airflow/example_dags/example_branch_day_of_week_operator.py for tasks to queue
[2023-04-14T14:48:52.051+0000] {logging_mixin.py:137} INFO - [2023-04-14T14:48:52.051+0000] {dagbag.py:532} INFO - Filling up the DagBag from /home/airflow/.local/lib/python3.7/site-packages/airflow/example_dags/example_branch_day_of_week_operator.py
[2023-04-14T14:48:52.075+0000] {processor.py:753} INFO - DAG(s) dict_keys(['example_weekday_branch_operator']) retrieved from /home/airflow/.local/lib/python3.7/site-packages/airflow/example_dags/example_branch_day_of_week_operator.py
[2023-04-14T14:48:52.100+0000] {logging_mixin.py:137} INFO - [2023-04-14T14:48:52.100+0000] {dag.py:2693} INFO - Sync 1 DAGs
[2023-04-14T14:48:52.117+0000] {logging_mixin.py:137} INFO - [2023-04-14T14:48:52.117+0000] {dag.py:3444} INFO - Setting next_dagrun for example_weekday_branch_operator to 2023-04-13T00:00:00+00:00, run_after=2023-04-14T00:00:00+00:00
[2023-04-14T14:48:52.130+0000] {processor.py:175} INFO - Processing /home/airflow/.local/lib/python3.7/site-packages/airflow/example_dags/example_branch_day_of_week_operator.py took 0.085 seconds
[2023-04-14T14:49:22.427+0000] {processor.py:153} INFO - Started process (PID=788) to work on /home/airflow/.local/lib/python3.7/site-packages/airflow/example_dags/example_branch_day_of_week_operator.py
[2023-04-14T14:49:22.429+0000] {processor.py:743} INFO - Processing file /home/airflow/.local/lib/python3.7/site-packages/airflow/example_dags/example_branch_day_of_week_operator.py for tasks to queue
[2023-04-14T14:49:22.430+0000] {logging_mixin.py:137} INFO - [2023-04-14T14:49:22.430+0000] {dagbag.py:532} INFO - Filling up the DagBag from /home/airflow/.local/lib/python3.7/site-packages/airflow/example_dags/example_branch_day_of_week_operator.py
[2023-04-14T14:49:22.443+0000] {processor.py:753} INFO - DAG(s) dict_keys(['example_weekday_branch_operator']) retrieved from /home/airflow/.local/lib/python3.7/site-packages/airflow/example_dags/example_branch_day_of_week_operator.py
[2023-04-14T14:49:22.464+0000] {logging_mixin.py:137} INFO - [2023-04-14T14:49:22.464+0000] {dag.py:2693} INFO - Sync 1 DAGs
[2023-04-14T14:49:22.480+0000] {logging_mixin.py:137} INFO - [2023-04-14T14:49:22.480+0000] {dag.py:3444} INFO - Setting next_dagrun for example_weekday_branch_operator to 2023-04-13T00:00:00+00:00, run_after=2023-04-14T00:00:00+00:00
[2023-04-14T14:49:22.493+0000] {processor.py:175} INFO - Processing /home/airflow/.local/lib/python3.7/site-packages/airflow/example_dags/example_branch_day_of_week_operator.py took 0.069 seconds
[2023-04-14T14:49:52.678+0000] {processor.py:153} INFO - Started process (PID=841) to work on /home/airflow/.local/lib/python3.7/site-packages/airflow/example_dags/example_branch_day_of_week_operator.py
[2023-04-14T14:49:52.679+0000] {processor.py:743} INFO - Processing file /home/airflow/.local/lib/python3.7/site-packages/airflow/example_dags/example_branch_day_of_week_operator.py for tasks to queue
[2023-04-14T14:49:52.680+0000] {logging_mixin.py:137} INFO - [2023-04-14T14:49:52.680+0000] {dagbag.py:532} INFO - Filling up the DagBag from /home/airflow/.local/lib/python3.7/site-packages/airflow/example_dags/example_branch_day_of_week_operator.py
[2023-04-14T14:49:52.690+0000] {processor.py:753} INFO - DAG(s) dict_keys(['example_weekday_branch_operator']) retrieved from /home/airflow/.local/lib/python3.7/site-packages/airflow/example_dags/example_branch_day_of_week_operator.py
[2023-04-14T14:49:52.709+0000] {logging_mixin.py:137} INFO - [2023-04-14T14:49:52.709+0000] {dag.py:2693} INFO - Sync 1 DAGs
[2023-04-14T14:49:52.724+0000] {logging_mixin.py:137} INFO - [2023-04-14T14:49:52.724+0000] {dag.py:3444} INFO - Setting next_dagrun for example_weekday_branch_operator to 2023-04-13T00:00:00+00:00, run_after=2023-04-14T00:00:00+00:00
[2023-04-14T14:49:52.734+0000] {processor.py:175} INFO - Processing /home/airflow/.local/lib/python3.7/site-packages/airflow/example_dags/example_branch_day_of_week_operator.py took 0.059 seconds
[2023-04-14T14:50:23.442+0000] {processor.py:153} INFO - Started process (PID=894) to work on /home/airflow/.local/lib/python3.7/site-packages/airflow/example_dags/example_branch_day_of_week_operator.py
[2023-04-14T14:50:23.443+0000] {processor.py:743} INFO - Processing file /home/airflow/.local/lib/python3.7/site-packages/airflow/example_dags/example_branch_day_of_week_operator.py for tasks to queue
[2023-04-14T14:50:23.443+0000] {logging_mixin.py:137} INFO - [2023-04-14T14:50:23.443+0000] {dagbag.py:532} INFO - Filling up the DagBag from /home/airflow/.local/lib/python3.7/site-packages/airflow/example_dags/example_branch_day_of_week_operator.py
[2023-04-14T14:50:23.454+0000] {processor.py:753} INFO - DAG(s) dict_keys(['example_weekday_branch_operator']) retrieved from /home/airflow/.local/lib/python3.7/site-packages/airflow/example_dags/example_branch_day_of_week_operator.py
[2023-04-14T14:50:23.473+0000] {logging_mixin.py:137} INFO - [2023-04-14T14:50:23.473+0000] {dag.py:2693} INFO - Sync 1 DAGs
[2023-04-14T14:50:23.493+0000] {logging_mixin.py:137} INFO - [2023-04-14T14:50:23.493+0000] {dag.py:3444} INFO - Setting next_dagrun for example_weekday_branch_operator to 2023-04-13T00:00:00+00:00, run_after=2023-04-14T00:00:00+00:00
[2023-04-14T14:50:23.504+0000] {processor.py:175} INFO - Processing /home/airflow/.local/lib/python3.7/site-packages/airflow/example_dags/example_branch_day_of_week_operator.py took 0.065 seconds
[2023-04-14T14:50:53.848+0000] {processor.py:153} INFO - Started process (PID=948) to work on /home/airflow/.local/lib/python3.7/site-packages/airflow/example_dags/example_branch_day_of_week_operator.py
[2023-04-14T14:50:53.849+0000] {processor.py:743} INFO - Processing file /home/airflow/.local/lib/python3.7/site-packages/airflow/example_dags/example_branch_day_of_week_operator.py for tasks to queue
[2023-04-14T14:50:53.850+0000] {logging_mixin.py:137} INFO - [2023-04-14T14:50:53.850+0000] {dagbag.py:532} INFO - Filling up the DagBag from /home/airflow/.local/lib/python3.7/site-packages/airflow/example_dags/example_branch_day_of_week_operator.py
[2023-04-14T14:50:53.860+0000] {processor.py:753} INFO - DAG(s) dict_keys(['example_weekday_branch_operator']) retrieved from /home/airflow/.local/lib/python3.7/site-packages/airflow/example_dags/example_branch_day_of_week_operator.py
[2023-04-14T14:50:53.878+0000] {logging_mixin.py:137} INFO - [2023-04-14T14:50:53.878+0000] {dag.py:2693} INFO - Sync 1 DAGs
[2023-04-14T14:50:53.894+0000] {logging_mixin.py:137} INFO - [2023-04-14T14:50:53.894+0000] {dag.py:3444} INFO - Setting next_dagrun for example_weekday_branch_operator to 2023-04-13T00:00:00+00:00, run_after=2023-04-14T00:00:00+00:00
[2023-04-14T14:50:53.909+0000] {processor.py:175} INFO - Processing /home/airflow/.local/lib/python3.7/site-packages/airflow/example_dags/example_branch_day_of_week_operator.py took 0.063 seconds
[2023-04-14T14:51:24.064+0000] {processor.py:153} INFO - Started process (PID=1000) to work on /home/airflow/.local/lib/python3.7/site-packages/airflow/example_dags/example_branch_day_of_week_operator.py
[2023-04-14T14:51:24.065+0000] {processor.py:743} INFO - Processing file /home/airflow/.local/lib/python3.7/site-packages/airflow/example_dags/example_branch_day_of_week_operator.py for tasks to queue
[2023-04-14T14:51:24.066+0000] {logging_mixin.py:137} INFO - [2023-04-14T14:51:24.065+0000] {dagbag.py:532} INFO - Filling up the DagBag from /home/airflow/.local/lib/python3.7/site-packages/airflow/example_dags/example_branch_day_of_week_operator.py
[2023-04-14T14:51:24.076+0000] {processor.py:753} INFO - DAG(s) dict_keys(['example_weekday_branch_operator']) retrieved from /home/airflow/.local/lib/python3.7/site-packages/airflow/example_dags/example_branch_day_of_week_operator.py
[2023-04-14T14:51:24.097+0000] {logging_mixin.py:137} INFO - [2023-04-14T14:51:24.096+0000] {dag.py:2693} INFO - Sync 1 DAGs
[2023-04-14T14:51:24.114+0000] {logging_mixin.py:137} INFO - [2023-04-14T14:51:24.114+0000] {dag.py:3444} INFO - Setting next_dagrun for example_weekday_branch_operator to 2023-04-13T00:00:00+00:00, run_after=2023-04-14T00:00:00+00:00
[2023-04-14T14:51:24.126+0000] {processor.py:175} INFO - Processing /home/airflow/.local/lib/python3.7/site-packages/airflow/example_dags/example_branch_day_of_week_operator.py took 0.065 seconds
[2023-04-14T14:51:54.220+0000] {processor.py:153} INFO - Started process (PID=1054) to work on /home/airflow/.local/lib/python3.7/site-packages/airflow/example_dags/example_branch_day_of_week_operator.py
[2023-04-14T14:51:54.221+0000] {processor.py:743} INFO - Processing file /home/airflow/.local/lib/python3.7/site-packages/airflow/example_dags/example_branch_day_of_week_operator.py for tasks to queue
[2023-04-14T14:51:54.222+0000] {logging_mixin.py:137} INFO - [2023-04-14T14:51:54.222+0000] {dagbag.py:532} INFO - Filling up the DagBag from /home/airflow/.local/lib/python3.7/site-packages/airflow/example_dags/example_branch_day_of_week_operator.py
[2023-04-14T14:51:54.233+0000] {processor.py:753} INFO - DAG(s) dict_keys(['example_weekday_branch_operator']) retrieved from /home/airflow/.local/lib/python3.7/site-packages/airflow/example_dags/example_branch_day_of_week_operator.py
[2023-04-14T14:51:54.253+0000] {logging_mixin.py:137} INFO - [2023-04-14T14:51:54.253+0000] {dag.py:2693} INFO - Sync 1 DAGs
[2023-04-14T14:51:54.271+0000] {logging_mixin.py:137} INFO - [2023-04-14T14:51:54.271+0000] {dag.py:3444} INFO - Setting next_dagrun for example_weekday_branch_operator to 2023-04-13T00:00:00+00:00, run_after=2023-04-14T00:00:00+00:00
[2023-04-14T14:51:54.284+0000] {processor.py:175} INFO - Processing /home/airflow/.local/lib/python3.7/site-packages/airflow/example_dags/example_branch_day_of_week_operator.py took 0.066 seconds
[2023-04-14T14:52:24.577+0000] {processor.py:153} INFO - Started process (PID=1106) to work on /home/airflow/.local/lib/python3.7/site-packages/airflow/example_dags/example_branch_day_of_week_operator.py
[2023-04-14T14:52:24.578+0000] {processor.py:743} INFO - Processing file /home/airflow/.local/lib/python3.7/site-packages/airflow/example_dags/example_branch_day_of_week_operator.py for tasks to queue
[2023-04-14T14:52:24.579+0000] {logging_mixin.py:137} INFO - [2023-04-14T14:52:24.579+0000] {dagbag.py:532} INFO - Filling up the DagBag from /home/airflow/.local/lib/python3.7/site-packages/airflow/example_dags/example_branch_day_of_week_operator.py
[2023-04-14T14:52:24.590+0000] {processor.py:753} INFO - DAG(s) dict_keys(['example_weekday_branch_operator']) retrieved from /home/airflow/.local/lib/python3.7/site-packages/airflow/example_dags/example_branch_day_of_week_operator.py
[2023-04-14T14:52:24.614+0000] {logging_mixin.py:137} INFO - [2023-04-14T14:52:24.614+0000] {dag.py:2693} INFO - Sync 1 DAGs
[2023-04-14T14:52:24.638+0000] {logging_mixin.py:137} INFO - [2023-04-14T14:52:24.638+0000] {dag.py:3444} INFO - Setting next_dagrun for example_weekday_branch_operator to 2023-04-13T00:00:00+00:00, run_after=2023-04-14T00:00:00+00:00
[2023-04-14T14:52:24.650+0000] {processor.py:175} INFO - Processing /home/airflow/.local/lib/python3.7/site-packages/airflow/example_dags/example_branch_day_of_week_operator.py took 0.077 seconds
[2023-04-14T14:52:55.149+0000] {processor.py:153} INFO - Started process (PID=1159) to work on /home/airflow/.local/lib/python3.7/site-packages/airflow/example_dags/example_branch_day_of_week_operator.py
[2023-04-14T14:52:55.151+0000] {processor.py:743} INFO - Processing file /home/airflow/.local/lib/python3.7/site-packages/airflow/example_dags/example_branch_day_of_week_operator.py for tasks to queue
[2023-04-14T14:52:55.152+0000] {logging_mixin.py:137} INFO - [2023-04-14T14:52:55.152+0000] {dagbag.py:532} INFO - Filling up the DagBag from /home/airflow/.local/lib/python3.7/site-packages/airflow/example_dags/example_branch_day_of_week_operator.py
[2023-04-14T14:52:55.168+0000] {processor.py:753} INFO - DAG(s) dict_keys(['example_weekday_branch_operator']) retrieved from /home/airflow/.local/lib/python3.7/site-packages/airflow/example_dags/example_branch_day_of_week_operator.py
[2023-04-14T14:52:55.190+0000] {logging_mixin.py:137} INFO - [2023-04-14T14:52:55.190+0000] {dag.py:2693} INFO - Sync 1 DAGs
[2023-04-14T14:52:55.207+0000] {logging_mixin.py:137} INFO - [2023-04-14T14:52:55.206+0000] {dag.py:3444} INFO - Setting next_dagrun for example_weekday_branch_operator to 2023-04-13T00:00:00+00:00, run_after=2023-04-14T00:00:00+00:00
[2023-04-14T14:52:55.219+0000] {processor.py:175} INFO - Processing /home/airflow/.local/lib/python3.7/site-packages/airflow/example_dags/example_branch_day_of_week_operator.py took 0.073 seconds
[2023-04-14T14:53:25.612+0000] {processor.py:153} INFO - Started process (PID=1211) to work on /home/airflow/.local/lib/python3.7/site-packages/airflow/example_dags/example_branch_day_of_week_operator.py
[2023-04-14T14:53:25.613+0000] {processor.py:743} INFO - Processing file /home/airflow/.local/lib/python3.7/site-packages/airflow/example_dags/example_branch_day_of_week_operator.py for tasks to queue
[2023-04-14T14:53:25.614+0000] {logging_mixin.py:137} INFO - [2023-04-14T14:53:25.614+0000] {dagbag.py:532} INFO - Filling up the DagBag from /home/airflow/.local/lib/python3.7/site-packages/airflow/example_dags/example_branch_day_of_week_operator.py
[2023-04-14T14:53:25.624+0000] {processor.py:753} INFO - DAG(s) dict_keys(['example_weekday_branch_operator']) retrieved from /home/airflow/.local/lib/python3.7/site-packages/airflow/example_dags/example_branch_day_of_week_operator.py
[2023-04-14T14:53:25.645+0000] {logging_mixin.py:137} INFO - [2023-04-14T14:53:25.644+0000] {dag.py:2693} INFO - Sync 1 DAGs
[2023-04-14T14:53:25.661+0000] {logging_mixin.py:137} INFO - [2023-04-14T14:53:25.661+0000] {dag.py:3444} INFO - Setting next_dagrun for example_weekday_branch_operator to 2023-04-13T00:00:00+00:00, run_after=2023-04-14T00:00:00+00:00
[2023-04-14T14:53:25.676+0000] {processor.py:175} INFO - Processing /home/airflow/.local/lib/python3.7/site-packages/airflow/example_dags/example_branch_day_of_week_operator.py took 0.068 seconds
[2023-04-14T14:53:55.780+0000] {processor.py:153} INFO - Started process (PID=1263) to work on /home/airflow/.local/lib/python3.7/site-packages/airflow/example_dags/example_branch_day_of_week_operator.py
[2023-04-14T14:53:55.781+0000] {processor.py:743} INFO - Processing file /home/airflow/.local/lib/python3.7/site-packages/airflow/example_dags/example_branch_day_of_week_operator.py for tasks to queue
[2023-04-14T14:53:55.782+0000] {logging_mixin.py:137} INFO - [2023-04-14T14:53:55.782+0000] {dagbag.py:532} INFO - Filling up the DagBag from /home/airflow/.local/lib/python3.7/site-packages/airflow/example_dags/example_branch_day_of_week_operator.py
[2023-04-14T14:53:55.793+0000] {processor.py:753} INFO - DAG(s) dict_keys(['example_weekday_branch_operator']) retrieved from /home/airflow/.local/lib/python3.7/site-packages/airflow/example_dags/example_branch_day_of_week_operator.py
[2023-04-14T14:53:55.814+0000] {logging_mixin.py:137} INFO - [2023-04-14T14:53:55.814+0000] {dag.py:2693} INFO - Sync 1 DAGs
[2023-04-14T14:53:55.835+0000] {logging_mixin.py:137} INFO - [2023-04-14T14:53:55.835+0000] {dag.py:3444} INFO - Setting next_dagrun for example_weekday_branch_operator to 2023-04-13T00:00:00+00:00, run_after=2023-04-14T00:00:00+00:00
[2023-04-14T14:53:55.845+0000] {processor.py:175} INFO - Processing /home/airflow/.local/lib/python3.7/site-packages/airflow/example_dags/example_branch_day_of_week_operator.py took 0.068 seconds
[2023-04-14T14:54:26.064+0000] {processor.py:153} INFO - Started process (PID=1316) to work on /home/airflow/.local/lib/python3.7/site-packages/airflow/example_dags/example_branch_day_of_week_operator.py
[2023-04-14T14:54:26.066+0000] {processor.py:743} INFO - Processing file /home/airflow/.local/lib/python3.7/site-packages/airflow/example_dags/example_branch_day_of_week_operator.py for tasks to queue
[2023-04-14T14:54:26.066+0000] {logging_mixin.py:137} INFO - [2023-04-14T14:54:26.066+0000] {dagbag.py:532} INFO - Filling up the DagBag from /home/airflow/.local/lib/python3.7/site-packages/airflow/example_dags/example_branch_day_of_week_operator.py
[2023-04-14T14:54:26.079+0000] {processor.py:753} INFO - DAG(s) dict_keys(['example_weekday_branch_operator']) retrieved from /home/airflow/.local/lib/python3.7/site-packages/airflow/example_dags/example_branch_day_of_week_operator.py
[2023-04-14T14:54:26.100+0000] {logging_mixin.py:137} INFO - [2023-04-14T14:54:26.099+0000] {dag.py:2693} INFO - Sync 1 DAGs
[2023-04-14T14:54:26.117+0000] {logging_mixin.py:137} INFO - [2023-04-14T14:54:26.116+0000] {dag.py:3444} INFO - Setting next_dagrun for example_weekday_branch_operator to 2023-04-13T00:00:00+00:00, run_after=2023-04-14T00:00:00+00:00
[2023-04-14T14:54:26.129+0000] {processor.py:175} INFO - Processing /home/airflow/.local/lib/python3.7/site-packages/airflow/example_dags/example_branch_day_of_week_operator.py took 0.068 seconds
[2023-04-14T14:54:56.644+0000] {processor.py:153} INFO - Started process (PID=1369) to work on /home/airflow/.local/lib/python3.7/site-packages/airflow/example_dags/example_branch_day_of_week_operator.py
[2023-04-14T14:54:56.645+0000] {processor.py:743} INFO - Processing file /home/airflow/.local/lib/python3.7/site-packages/airflow/example_dags/example_branch_day_of_week_operator.py for tasks to queue
[2023-04-14T14:54:56.646+0000] {logging_mixin.py:137} INFO - [2023-04-14T14:54:56.646+0000] {dagbag.py:532} INFO - Filling up the DagBag from /home/airflow/.local/lib/python3.7/site-packages/airflow/example_dags/example_branch_day_of_week_operator.py
[2023-04-14T14:54:56.658+0000] {processor.py:753} INFO - DAG(s) dict_keys(['example_weekday_branch_operator']) retrieved from /home/airflow/.local/lib/python3.7/site-packages/airflow/example_dags/example_branch_day_of_week_operator.py
[2023-04-14T14:54:56.679+0000] {logging_mixin.py:137} INFO - [2023-04-14T14:54:56.679+0000] {dag.py:2693} INFO - Sync 1 DAGs
[2023-04-14T14:54:56.696+0000] {logging_mixin.py:137} INFO - [2023-04-14T14:54:56.696+0000] {dag.py:3444} INFO - Setting next_dagrun for example_weekday_branch_operator to 2023-04-13T00:00:00+00:00, run_after=2023-04-14T00:00:00+00:00
[2023-04-14T14:54:56.707+0000] {processor.py:175} INFO - Processing /home/airflow/.local/lib/python3.7/site-packages/airflow/example_dags/example_branch_day_of_week_operator.py took 0.068 seconds
[2023-04-14T14:55:27.733+0000] {processor.py:153} INFO - Started process (PID=1421) to work on /home/airflow/.local/lib/python3.7/site-packages/airflow/example_dags/example_branch_day_of_week_operator.py
[2023-04-14T14:55:27.735+0000] {processor.py:743} INFO - Processing file /home/airflow/.local/lib/python3.7/site-packages/airflow/example_dags/example_branch_day_of_week_operator.py for tasks to queue
[2023-04-14T14:55:27.736+0000] {logging_mixin.py:137} INFO - [2023-04-14T14:55:27.736+0000] {dagbag.py:532} INFO - Filling up the DagBag from /home/airflow/.local/lib/python3.7/site-packages/airflow/example_dags/example_branch_day_of_week_operator.py
[2023-04-14T14:55:27.749+0000] {processor.py:753} INFO - DAG(s) dict_keys(['example_weekday_branch_operator']) retrieved from /home/airflow/.local/lib/python3.7/site-packages/airflow/example_dags/example_branch_day_of_week_operator.py
[2023-04-14T14:55:27.794+0000] {logging_mixin.py:137} INFO - [2023-04-14T14:55:27.794+0000] {dag.py:2693} INFO - Sync 1 DAGs
[2023-04-14T14:55:27.820+0000] {logging_mixin.py:137} INFO - [2023-04-14T14:55:27.820+0000] {dag.py:3444} INFO - Setting next_dagrun for example_weekday_branch_operator to 2023-04-13T00:00:00+00:00, run_after=2023-04-14T00:00:00+00:00
[2023-04-14T14:55:27.847+0000] {processor.py:175} INFO - Processing /home/airflow/.local/lib/python3.7/site-packages/airflow/example_dags/example_branch_day_of_week_operator.py took 0.117 seconds
[2023-04-14T14:55:58.441+0000] {processor.py:153} INFO - Started process (PID=1473) to work on /home/airflow/.local/lib/python3.7/site-packages/airflow/example_dags/example_branch_day_of_week_operator.py
[2023-04-14T14:55:58.442+0000] {processor.py:743} INFO - Processing file /home/airflow/.local/lib/python3.7/site-packages/airflow/example_dags/example_branch_day_of_week_operator.py for tasks to queue
[2023-04-14T14:55:58.443+0000] {logging_mixin.py:137} INFO - [2023-04-14T14:55:58.443+0000] {dagbag.py:532} INFO - Filling up the DagBag from /home/airflow/.local/lib/python3.7/site-packages/airflow/example_dags/example_branch_day_of_week_operator.py
[2023-04-14T14:55:58.456+0000] {processor.py:753} INFO - DAG(s) dict_keys(['example_weekday_branch_operator']) retrieved from /home/airflow/.local/lib/python3.7/site-packages/airflow/example_dags/example_branch_day_of_week_operator.py
[2023-04-14T14:55:58.478+0000] {logging_mixin.py:137} INFO - [2023-04-14T14:55:58.478+0000] {dag.py:2693} INFO - Sync 1 DAGs
[2023-04-14T14:55:58.496+0000] {logging_mixin.py:137} INFO - [2023-04-14T14:55:58.496+0000] {dag.py:3444} INFO - Setting next_dagrun for example_weekday_branch_operator to 2023-04-13T00:00:00+00:00, run_after=2023-04-14T00:00:00+00:00
[2023-04-14T14:55:58.508+0000] {processor.py:175} INFO - Processing /home/airflow/.local/lib/python3.7/site-packages/airflow/example_dags/example_branch_day_of_week_operator.py took 0.070 seconds
[2023-04-14T14:56:28.758+0000] {processor.py:153} INFO - Started process (PID=1526) to work on /home/airflow/.local/lib/python3.7/site-packages/airflow/example_dags/example_branch_day_of_week_operator.py
[2023-04-14T14:56:28.759+0000] {processor.py:743} INFO - Processing file /home/airflow/.local/lib/python3.7/site-packages/airflow/example_dags/example_branch_day_of_week_operator.py for tasks to queue
[2023-04-14T14:56:28.760+0000] {logging_mixin.py:137} INFO - [2023-04-14T14:56:28.759+0000] {dagbag.py:532} INFO - Filling up the DagBag from /home/airflow/.local/lib/python3.7/site-packages/airflow/example_dags/example_branch_day_of_week_operator.py
[2023-04-14T14:56:28.770+0000] {processor.py:753} INFO - DAG(s) dict_keys(['example_weekday_branch_operator']) retrieved from /home/airflow/.local/lib/python3.7/site-packages/airflow/example_dags/example_branch_day_of_week_operator.py
[2023-04-14T14:56:28.789+0000] {logging_mixin.py:137} INFO - [2023-04-14T14:56:28.789+0000] {dag.py:2693} INFO - Sync 1 DAGs
[2023-04-14T14:56:28.804+0000] {logging_mixin.py:137} INFO - [2023-04-14T14:56:28.804+0000] {dag.py:3444} INFO - Setting next_dagrun for example_weekday_branch_operator to 2023-04-13T00:00:00+00:00, run_after=2023-04-14T00:00:00+00:00
[2023-04-14T14:56:28.815+0000] {processor.py:175} INFO - Processing /home/airflow/.local/lib/python3.7/site-packages/airflow/example_dags/example_branch_day_of_week_operator.py took 0.061 seconds
[2023-04-14T14:56:59.317+0000] {processor.py:153} INFO - Started process (PID=1579) to work on /home/airflow/.local/lib/python3.7/site-packages/airflow/example_dags/example_branch_day_of_week_operator.py
[2023-04-14T14:56:59.318+0000] {processor.py:743} INFO - Processing file /home/airflow/.local/lib/python3.7/site-packages/airflow/example_dags/example_branch_day_of_week_operator.py for tasks to queue
[2023-04-14T14:56:59.319+0000] {logging_mixin.py:137} INFO - [2023-04-14T14:56:59.319+0000] {dagbag.py:532} INFO - Filling up the DagBag from /home/airflow/.local/lib/python3.7/site-packages/airflow/example_dags/example_branch_day_of_week_operator.py
[2023-04-14T14:56:59.333+0000] {processor.py:753} INFO - DAG(s) dict_keys(['example_weekday_branch_operator']) retrieved from /home/airflow/.local/lib/python3.7/site-packages/airflow/example_dags/example_branch_day_of_week_operator.py
[2023-04-14T14:56:59.358+0000] {logging_mixin.py:137} INFO - [2023-04-14T14:56:59.358+0000] {dag.py:2693} INFO - Sync 1 DAGs
[2023-04-14T14:56:59.384+0000] {logging_mixin.py:137} INFO - [2023-04-14T14:56:59.384+0000] {dag.py:3444} INFO - Setting next_dagrun for example_weekday_branch_operator to 2023-04-13T00:00:00+00:00, run_after=2023-04-14T00:00:00+00:00
[2023-04-14T14:56:59.429+0000] {processor.py:175} INFO - Processing /home/airflow/.local/lib/python3.7/site-packages/airflow/example_dags/example_branch_day_of_week_operator.py took 0.116 seconds
