[2023-04-14T14:30:19.335+0000] {processor.py:153} INFO - Started process (PID=65) to work on /home/airflow/.local/lib/python3.7/site-packages/airflow/example_dags/example_task_group_decorator.py
[2023-04-14T14:30:19.338+0000] {processor.py:743} INFO - Processing file /home/airflow/.local/lib/python3.7/site-packages/airflow/example_dags/example_task_group_decorator.py for tasks to queue
[2023-04-14T14:30:19.339+0000] {logging_mixin.py:137} INFO - [2023-04-14T14:30:19.339+0000] {dagbag.py:532} INFO - Filling up the DagBag from /home/airflow/.local/lib/python3.7/site-packages/airflow/example_dags/example_task_group_decorator.py
[2023-04-14T14:30:19.380+0000] {processor.py:753} INFO - DAG(s) dict_keys(['example_task_group_decorator']) retrieved from /home/airflow/.local/lib/python3.7/site-packages/airflow/example_dags/example_task_group_decorator.py
[2023-04-14T14:30:19.416+0000] {logging_mixin.py:137} INFO - [2023-04-14T14:30:19.416+0000] {dag.py:2693} INFO - Sync 1 DAGs
[2023-04-14T14:30:19.450+0000] {logging_mixin.py:137} INFO - [2023-04-14T14:30:19.449+0000] {dag.py:3444} INFO - Setting next_dagrun for example_task_group_decorator to 2023-04-13T14:30:19.449598+00:00, run_after=2023-04-14T14:30:19.449598+00:00
[2023-04-14T14:30:19.467+0000] {processor.py:175} INFO - Processing /home/airflow/.local/lib/python3.7/site-packages/airflow/example_dags/example_task_group_decorator.py took 0.136 seconds
[2023-04-14T14:30:50.047+0000] {processor.py:153} INFO - Started process (PID=121) to work on /home/airflow/.local/lib/python3.7/site-packages/airflow/example_dags/example_task_group_decorator.py
[2023-04-14T14:30:50.048+0000] {processor.py:743} INFO - Processing file /home/airflow/.local/lib/python3.7/site-packages/airflow/example_dags/example_task_group_decorator.py for tasks to queue
[2023-04-14T14:30:50.049+0000] {logging_mixin.py:137} INFO - [2023-04-14T14:30:50.049+0000] {dagbag.py:532} INFO - Filling up the DagBag from /home/airflow/.local/lib/python3.7/site-packages/airflow/example_dags/example_task_group_decorator.py
[2023-04-14T14:30:50.068+0000] {processor.py:753} INFO - DAG(s) dict_keys(['example_task_group_decorator']) retrieved from /home/airflow/.local/lib/python3.7/site-packages/airflow/example_dags/example_task_group_decorator.py
[2023-04-14T14:30:50.091+0000] {logging_mixin.py:137} INFO - [2023-04-14T14:30:50.090+0000] {dag.py:2693} INFO - Sync 1 DAGs
[2023-04-14T14:30:50.117+0000] {logging_mixin.py:137} INFO - [2023-04-14T14:30:50.117+0000] {dag.py:3444} INFO - Setting next_dagrun for example_task_group_decorator to 2023-04-13T14:30:50.116750+00:00, run_after=2023-04-14T14:30:50.116750+00:00
[2023-04-14T14:30:50.133+0000] {processor.py:175} INFO - Processing /home/airflow/.local/lib/python3.7/site-packages/airflow/example_dags/example_task_group_decorator.py took 0.088 seconds
[2023-04-14T14:31:20.193+0000] {processor.py:153} INFO - Started process (PID=173) to work on /home/airflow/.local/lib/python3.7/site-packages/airflow/example_dags/example_task_group_decorator.py
[2023-04-14T14:31:20.196+0000] {processor.py:743} INFO - Processing file /home/airflow/.local/lib/python3.7/site-packages/airflow/example_dags/example_task_group_decorator.py for tasks to queue
[2023-04-14T14:31:20.197+0000] {logging_mixin.py:137} INFO - [2023-04-14T14:31:20.197+0000] {dagbag.py:532} INFO - Filling up the DagBag from /home/airflow/.local/lib/python3.7/site-packages/airflow/example_dags/example_task_group_decorator.py
[2023-04-14T14:31:20.224+0000] {processor.py:753} INFO - DAG(s) dict_keys(['example_task_group_decorator']) retrieved from /home/airflow/.local/lib/python3.7/site-packages/airflow/example_dags/example_task_group_decorator.py
[2023-04-14T14:31:20.249+0000] {logging_mixin.py:137} INFO - [2023-04-14T14:31:20.249+0000] {dag.py:2693} INFO - Sync 1 DAGs
[2023-04-14T14:31:20.265+0000] {logging_mixin.py:137} INFO - [2023-04-14T14:31:20.265+0000] {dag.py:3444} INFO - Setting next_dagrun for example_task_group_decorator to 2023-04-13T14:31:20.264972+00:00, run_after=2023-04-14T14:31:20.264972+00:00
[2023-04-14T14:31:20.278+0000] {processor.py:175} INFO - Processing /home/airflow/.local/lib/python3.7/site-packages/airflow/example_dags/example_task_group_decorator.py took 0.090 seconds
[2023-04-14T14:31:51.097+0000] {processor.py:153} INFO - Started process (PID=226) to work on /home/airflow/.local/lib/python3.7/site-packages/airflow/example_dags/example_task_group_decorator.py
[2023-04-14T14:31:51.098+0000] {processor.py:743} INFO - Processing file /home/airflow/.local/lib/python3.7/site-packages/airflow/example_dags/example_task_group_decorator.py for tasks to queue
[2023-04-14T14:31:51.099+0000] {logging_mixin.py:137} INFO - [2023-04-14T14:31:51.099+0000] {dagbag.py:532} INFO - Filling up the DagBag from /home/airflow/.local/lib/python3.7/site-packages/airflow/example_dags/example_task_group_decorator.py
[2023-04-14T14:31:51.118+0000] {processor.py:753} INFO - DAG(s) dict_keys(['example_task_group_decorator']) retrieved from /home/airflow/.local/lib/python3.7/site-packages/airflow/example_dags/example_task_group_decorator.py
[2023-04-14T14:31:51.138+0000] {logging_mixin.py:137} INFO - [2023-04-14T14:31:51.138+0000] {dag.py:2693} INFO - Sync 1 DAGs
[2023-04-14T14:31:51.156+0000] {logging_mixin.py:137} INFO - [2023-04-14T14:31:51.156+0000] {dag.py:3444} INFO - Setting next_dagrun for example_task_group_decorator to 2023-04-13T14:31:51.156205+00:00, run_after=2023-04-14T14:31:51.156205+00:00
[2023-04-14T14:31:51.168+0000] {processor.py:175} INFO - Processing /home/airflow/.local/lib/python3.7/site-packages/airflow/example_dags/example_task_group_decorator.py took 0.074 seconds
[2023-04-14T14:32:23.356+0000] {processor.py:153} INFO - Started process (PID=278) to work on /home/airflow/.local/lib/python3.7/site-packages/airflow/example_dags/example_task_group_decorator.py
[2023-04-14T14:32:23.365+0000] {processor.py:743} INFO - Processing file /home/airflow/.local/lib/python3.7/site-packages/airflow/example_dags/example_task_group_decorator.py for tasks to queue
[2023-04-14T14:32:23.367+0000] {logging_mixin.py:137} INFO - [2023-04-14T14:32:23.367+0000] {dagbag.py:532} INFO - Filling up the DagBag from /home/airflow/.local/lib/python3.7/site-packages/airflow/example_dags/example_task_group_decorator.py
[2023-04-14T14:32:23.413+0000] {processor.py:753} INFO - DAG(s) dict_keys(['example_task_group_decorator']) retrieved from /home/airflow/.local/lib/python3.7/site-packages/airflow/example_dags/example_task_group_decorator.py
[2023-04-14T14:32:23.450+0000] {logging_mixin.py:137} INFO - [2023-04-14T14:32:23.450+0000] {dag.py:2693} INFO - Sync 1 DAGs
[2023-04-14T14:32:23.495+0000] {logging_mixin.py:137} INFO - [2023-04-14T14:32:23.495+0000] {dag.py:3444} INFO - Setting next_dagrun for example_task_group_decorator to 2023-04-13T14:32:23.495246+00:00, run_after=2023-04-14T14:32:23.495246+00:00
[2023-04-14T14:32:23.521+0000] {processor.py:175} INFO - Processing /home/airflow/.local/lib/python3.7/site-packages/airflow/example_dags/example_task_group_decorator.py took 0.169 seconds
[2023-04-14T14:33:51.347+0000] {processor.py:153} INFO - Started process (PID=58) to work on /home/airflow/.local/lib/python3.7/site-packages/airflow/example_dags/example_task_group_decorator.py
[2023-04-14T14:33:51.352+0000] {processor.py:743} INFO - Processing file /home/airflow/.local/lib/python3.7/site-packages/airflow/example_dags/example_task_group_decorator.py for tasks to queue
[2023-04-14T14:33:51.356+0000] {logging_mixin.py:137} INFO - [2023-04-14T14:33:51.355+0000] {dagbag.py:532} INFO - Filling up the DagBag from /home/airflow/.local/lib/python3.7/site-packages/airflow/example_dags/example_task_group_decorator.py
[2023-04-14T14:33:51.436+0000] {processor.py:753} INFO - DAG(s) dict_keys(['example_task_group_decorator']) retrieved from /home/airflow/.local/lib/python3.7/site-packages/airflow/example_dags/example_task_group_decorator.py
[2023-04-14T14:33:51.514+0000] {logging_mixin.py:137} INFO - [2023-04-14T14:33:51.514+0000] {dag.py:2693} INFO - Sync 1 DAGs
[2023-04-14T14:33:51.549+0000] {logging_mixin.py:137} INFO - [2023-04-14T14:33:51.549+0000] {dag.py:3444} INFO - Setting next_dagrun for example_task_group_decorator to 2023-04-13T14:33:51.548390+00:00, run_after=2023-04-14T14:33:51.548390+00:00
[2023-04-14T14:33:51.572+0000] {processor.py:175} INFO - Processing /home/airflow/.local/lib/python3.7/site-packages/airflow/example_dags/example_task_group_decorator.py took 0.231 seconds
[2023-04-14T14:34:21.847+0000] {processor.py:153} INFO - Started process (PID=110) to work on /home/airflow/.local/lib/python3.7/site-packages/airflow/example_dags/example_task_group_decorator.py
[2023-04-14T14:34:21.852+0000] {processor.py:743} INFO - Processing file /home/airflow/.local/lib/python3.7/site-packages/airflow/example_dags/example_task_group_decorator.py for tasks to queue
[2023-04-14T14:34:21.854+0000] {logging_mixin.py:137} INFO - [2023-04-14T14:34:21.854+0000] {dagbag.py:532} INFO - Filling up the DagBag from /home/airflow/.local/lib/python3.7/site-packages/airflow/example_dags/example_task_group_decorator.py
[2023-04-14T14:34:21.883+0000] {processor.py:753} INFO - DAG(s) dict_keys(['example_task_group_decorator']) retrieved from /home/airflow/.local/lib/python3.7/site-packages/airflow/example_dags/example_task_group_decorator.py
[2023-04-14T14:34:21.932+0000] {logging_mixin.py:137} INFO - [2023-04-14T14:34:21.932+0000] {dag.py:2693} INFO - Sync 1 DAGs
[2023-04-14T14:34:21.958+0000] {logging_mixin.py:137} INFO - [2023-04-14T14:34:21.958+0000] {dag.py:3444} INFO - Setting next_dagrun for example_task_group_decorator to 2023-04-13T14:34:21.958568+00:00, run_after=2023-04-14T14:34:21.958568+00:00
[2023-04-14T14:34:22.000+0000] {processor.py:175} INFO - Processing /home/airflow/.local/lib/python3.7/site-packages/airflow/example_dags/example_task_group_decorator.py took 0.161 seconds
[2023-04-14T14:34:52.387+0000] {processor.py:153} INFO - Started process (PID=163) to work on /home/airflow/.local/lib/python3.7/site-packages/airflow/example_dags/example_task_group_decorator.py
[2023-04-14T14:34:52.388+0000] {processor.py:743} INFO - Processing file /home/airflow/.local/lib/python3.7/site-packages/airflow/example_dags/example_task_group_decorator.py for tasks to queue
[2023-04-14T14:34:52.389+0000] {logging_mixin.py:137} INFO - [2023-04-14T14:34:52.389+0000] {dagbag.py:532} INFO - Filling up the DagBag from /home/airflow/.local/lib/python3.7/site-packages/airflow/example_dags/example_task_group_decorator.py
[2023-04-14T14:34:52.408+0000] {processor.py:753} INFO - DAG(s) dict_keys(['example_task_group_decorator']) retrieved from /home/airflow/.local/lib/python3.7/site-packages/airflow/example_dags/example_task_group_decorator.py
[2023-04-14T14:34:52.428+0000] {logging_mixin.py:137} INFO - [2023-04-14T14:34:52.427+0000] {dag.py:2693} INFO - Sync 1 DAGs
[2023-04-14T14:34:52.442+0000] {logging_mixin.py:137} INFO - [2023-04-14T14:34:52.442+0000] {dag.py:3444} INFO - Setting next_dagrun for example_task_group_decorator to 2023-04-13T14:34:52.442697+00:00, run_after=2023-04-14T14:34:52.442697+00:00
[2023-04-14T14:34:52.453+0000] {processor.py:175} INFO - Processing /home/airflow/.local/lib/python3.7/site-packages/airflow/example_dags/example_task_group_decorator.py took 0.069 seconds
[2023-04-14T14:35:23.019+0000] {processor.py:153} INFO - Started process (PID=216) to work on /home/airflow/.local/lib/python3.7/site-packages/airflow/example_dags/example_task_group_decorator.py
[2023-04-14T14:35:23.021+0000] {processor.py:743} INFO - Processing file /home/airflow/.local/lib/python3.7/site-packages/airflow/example_dags/example_task_group_decorator.py for tasks to queue
[2023-04-14T14:35:23.023+0000] {logging_mixin.py:137} INFO - [2023-04-14T14:35:23.023+0000] {dagbag.py:532} INFO - Filling up the DagBag from /home/airflow/.local/lib/python3.7/site-packages/airflow/example_dags/example_task_group_decorator.py
[2023-04-14T14:35:23.054+0000] {processor.py:753} INFO - DAG(s) dict_keys(['example_task_group_decorator']) retrieved from /home/airflow/.local/lib/python3.7/site-packages/airflow/example_dags/example_task_group_decorator.py
[2023-04-14T14:35:23.101+0000] {logging_mixin.py:137} INFO - [2023-04-14T14:35:23.101+0000] {dag.py:2693} INFO - Sync 1 DAGs
[2023-04-14T14:35:23.136+0000] {logging_mixin.py:137} INFO - [2023-04-14T14:35:23.135+0000] {dag.py:3444} INFO - Setting next_dagrun for example_task_group_decorator to 2023-04-13T14:35:23.135392+00:00, run_after=2023-04-14T14:35:23.135392+00:00
[2023-04-14T14:35:23.157+0000] {processor.py:175} INFO - Processing /home/airflow/.local/lib/python3.7/site-packages/airflow/example_dags/example_task_group_decorator.py took 0.146 seconds
[2023-04-14T14:35:53.344+0000] {processor.py:153} INFO - Started process (PID=269) to work on /home/airflow/.local/lib/python3.7/site-packages/airflow/example_dags/example_task_group_decorator.py
[2023-04-14T14:35:53.345+0000] {processor.py:743} INFO - Processing file /home/airflow/.local/lib/python3.7/site-packages/airflow/example_dags/example_task_group_decorator.py for tasks to queue
[2023-04-14T14:35:53.346+0000] {logging_mixin.py:137} INFO - [2023-04-14T14:35:53.346+0000] {dagbag.py:532} INFO - Filling up the DagBag from /home/airflow/.local/lib/python3.7/site-packages/airflow/example_dags/example_task_group_decorator.py
[2023-04-14T14:35:53.399+0000] {processor.py:753} INFO - DAG(s) dict_keys(['example_task_group_decorator']) retrieved from /home/airflow/.local/lib/python3.7/site-packages/airflow/example_dags/example_task_group_decorator.py
[2023-04-14T14:35:53.444+0000] {logging_mixin.py:137} INFO - [2023-04-14T14:35:53.444+0000] {dag.py:2693} INFO - Sync 1 DAGs
[2023-04-14T14:35:53.467+0000] {logging_mixin.py:137} INFO - [2023-04-14T14:35:53.467+0000] {dag.py:3444} INFO - Setting next_dagrun for example_task_group_decorator to 2023-04-13T14:35:53.466979+00:00, run_after=2023-04-14T14:35:53.466979+00:00
[2023-04-14T14:35:53.480+0000] {processor.py:175} INFO - Processing /home/airflow/.local/lib/python3.7/site-packages/airflow/example_dags/example_task_group_decorator.py took 0.139 seconds
[2023-04-14T14:36:24.263+0000] {processor.py:153} INFO - Started process (PID=322) to work on /home/airflow/.local/lib/python3.7/site-packages/airflow/example_dags/example_task_group_decorator.py
[2023-04-14T14:36:24.264+0000] {processor.py:743} INFO - Processing file /home/airflow/.local/lib/python3.7/site-packages/airflow/example_dags/example_task_group_decorator.py for tasks to queue
[2023-04-14T14:36:24.265+0000] {logging_mixin.py:137} INFO - [2023-04-14T14:36:24.265+0000] {dagbag.py:532} INFO - Filling up the DagBag from /home/airflow/.local/lib/python3.7/site-packages/airflow/example_dags/example_task_group_decorator.py
[2023-04-14T14:36:24.285+0000] {processor.py:753} INFO - DAG(s) dict_keys(['example_task_group_decorator']) retrieved from /home/airflow/.local/lib/python3.7/site-packages/airflow/example_dags/example_task_group_decorator.py
[2023-04-14T14:36:24.307+0000] {logging_mixin.py:137} INFO - [2023-04-14T14:36:24.307+0000] {dag.py:2693} INFO - Sync 1 DAGs
[2023-04-14T14:36:24.342+0000] {logging_mixin.py:137} INFO - [2023-04-14T14:36:24.342+0000] {dag.py:3444} INFO - Setting next_dagrun for example_task_group_decorator to 2023-04-13T14:36:24.342315+00:00, run_after=2023-04-14T14:36:24.342315+00:00
[2023-04-14T14:36:24.358+0000] {processor.py:175} INFO - Processing /home/airflow/.local/lib/python3.7/site-packages/airflow/example_dags/example_task_group_decorator.py took 0.098 seconds
[2023-04-14T14:36:55.448+0000] {processor.py:153} INFO - Started process (PID=375) to work on /home/airflow/.local/lib/python3.7/site-packages/airflow/example_dags/example_task_group_decorator.py
[2023-04-14T14:36:55.454+0000] {processor.py:743} INFO - Processing file /home/airflow/.local/lib/python3.7/site-packages/airflow/example_dags/example_task_group_decorator.py for tasks to queue
[2023-04-14T14:36:55.459+0000] {logging_mixin.py:137} INFO - [2023-04-14T14:36:55.458+0000] {dagbag.py:532} INFO - Filling up the DagBag from /home/airflow/.local/lib/python3.7/site-packages/airflow/example_dags/example_task_group_decorator.py
[2023-04-14T14:36:55.598+0000] {processor.py:753} INFO - DAG(s) dict_keys(['example_task_group_decorator']) retrieved from /home/airflow/.local/lib/python3.7/site-packages/airflow/example_dags/example_task_group_decorator.py
[2023-04-14T14:36:55.676+0000] {logging_mixin.py:137} INFO - [2023-04-14T14:36:55.675+0000] {dag.py:2693} INFO - Sync 1 DAGs
[2023-04-14T14:36:55.776+0000] {logging_mixin.py:137} INFO - [2023-04-14T14:36:55.775+0000] {dag.py:3444} INFO - Setting next_dagrun for example_task_group_decorator to 2023-04-13T14:36:55.775152+00:00, run_after=2023-04-14T14:36:55.775152+00:00
[2023-04-14T14:36:55.820+0000] {processor.py:175} INFO - Processing /home/airflow/.local/lib/python3.7/site-packages/airflow/example_dags/example_task_group_decorator.py took 0.377 seconds
[2023-04-14T14:37:26.004+0000] {processor.py:153} INFO - Started process (PID=427) to work on /home/airflow/.local/lib/python3.7/site-packages/airflow/example_dags/example_task_group_decorator.py
[2023-04-14T14:37:26.006+0000] {processor.py:743} INFO - Processing file /home/airflow/.local/lib/python3.7/site-packages/airflow/example_dags/example_task_group_decorator.py for tasks to queue
[2023-04-14T14:37:26.007+0000] {logging_mixin.py:137} INFO - [2023-04-14T14:37:26.007+0000] {dagbag.py:532} INFO - Filling up the DagBag from /home/airflow/.local/lib/python3.7/site-packages/airflow/example_dags/example_task_group_decorator.py
[2023-04-14T14:37:26.029+0000] {processor.py:753} INFO - DAG(s) dict_keys(['example_task_group_decorator']) retrieved from /home/airflow/.local/lib/python3.7/site-packages/airflow/example_dags/example_task_group_decorator.py
[2023-04-14T14:37:26.057+0000] {logging_mixin.py:137} INFO - [2023-04-14T14:37:26.057+0000] {dag.py:2693} INFO - Sync 1 DAGs
[2023-04-14T14:37:26.083+0000] {logging_mixin.py:137} INFO - [2023-04-14T14:37:26.083+0000] {dag.py:3444} INFO - Setting next_dagrun for example_task_group_decorator to 2023-04-13T14:37:26.083515+00:00, run_after=2023-04-14T14:37:26.083515+00:00
[2023-04-14T14:37:26.117+0000] {processor.py:175} INFO - Processing /home/airflow/.local/lib/python3.7/site-packages/airflow/example_dags/example_task_group_decorator.py took 0.117 seconds
[2023-04-14T14:37:58.438+0000] {processor.py:153} INFO - Started process (PID=479) to work on /home/airflow/.local/lib/python3.7/site-packages/airflow/example_dags/example_task_group_decorator.py
[2023-04-14T14:37:58.439+0000] {processor.py:743} INFO - Processing file /home/airflow/.local/lib/python3.7/site-packages/airflow/example_dags/example_task_group_decorator.py for tasks to queue
[2023-04-14T14:37:58.441+0000] {logging_mixin.py:137} INFO - [2023-04-14T14:37:58.441+0000] {dagbag.py:532} INFO - Filling up the DagBag from /home/airflow/.local/lib/python3.7/site-packages/airflow/example_dags/example_task_group_decorator.py
[2023-04-14T14:37:58.481+0000] {processor.py:753} INFO - DAG(s) dict_keys(['example_task_group_decorator']) retrieved from /home/airflow/.local/lib/python3.7/site-packages/airflow/example_dags/example_task_group_decorator.py
[2023-04-14T14:37:58.528+0000] {logging_mixin.py:137} INFO - [2023-04-14T14:37:58.528+0000] {dag.py:2693} INFO - Sync 1 DAGs
[2023-04-14T14:37:58.555+0000] {logging_mixin.py:137} INFO - [2023-04-14T14:37:58.555+0000] {dag.py:3444} INFO - Setting next_dagrun for example_task_group_decorator to 2023-04-13T14:37:58.554539+00:00, run_after=2023-04-14T14:37:58.554539+00:00
[2023-04-14T14:37:58.659+0000] {processor.py:175} INFO - Processing /home/airflow/.local/lib/python3.7/site-packages/airflow/example_dags/example_task_group_decorator.py took 0.225 seconds
[2023-04-14T14:38:29.760+0000] {processor.py:153} INFO - Started process (PID=534) to work on /home/airflow/.local/lib/python3.7/site-packages/airflow/example_dags/example_task_group_decorator.py
[2023-04-14T14:38:29.762+0000] {processor.py:743} INFO - Processing file /home/airflow/.local/lib/python3.7/site-packages/airflow/example_dags/example_task_group_decorator.py for tasks to queue
[2023-04-14T14:38:29.764+0000] {logging_mixin.py:137} INFO - [2023-04-14T14:38:29.763+0000] {dagbag.py:532} INFO - Filling up the DagBag from /home/airflow/.local/lib/python3.7/site-packages/airflow/example_dags/example_task_group_decorator.py
[2023-04-14T14:38:29.825+0000] {processor.py:753} INFO - DAG(s) dict_keys(['example_task_group_decorator']) retrieved from /home/airflow/.local/lib/python3.7/site-packages/airflow/example_dags/example_task_group_decorator.py
[2023-04-14T14:38:29.863+0000] {logging_mixin.py:137} INFO - [2023-04-14T14:38:29.863+0000] {dag.py:2693} INFO - Sync 1 DAGs
[2023-04-14T14:38:29.909+0000] {logging_mixin.py:137} INFO - [2023-04-14T14:38:29.909+0000] {dag.py:3444} INFO - Setting next_dagrun for example_task_group_decorator to 2023-04-13T14:38:29.909190+00:00, run_after=2023-04-14T14:38:29.909190+00:00
[2023-04-14T14:38:29.934+0000] {processor.py:175} INFO - Processing /home/airflow/.local/lib/python3.7/site-packages/airflow/example_dags/example_task_group_decorator.py took 0.185 seconds
[2023-04-14T14:39:00.150+0000] {processor.py:153} INFO - Started process (PID=588) to work on /home/airflow/.local/lib/python3.7/site-packages/airflow/example_dags/example_task_group_decorator.py
[2023-04-14T14:39:00.154+0000] {processor.py:743} INFO - Processing file /home/airflow/.local/lib/python3.7/site-packages/airflow/example_dags/example_task_group_decorator.py for tasks to queue
[2023-04-14T14:39:00.155+0000] {logging_mixin.py:137} INFO - [2023-04-14T14:39:00.155+0000] {dagbag.py:532} INFO - Filling up the DagBag from /home/airflow/.local/lib/python3.7/site-packages/airflow/example_dags/example_task_group_decorator.py
[2023-04-14T14:39:00.202+0000] {processor.py:753} INFO - DAG(s) dict_keys(['example_task_group_decorator']) retrieved from /home/airflow/.local/lib/python3.7/site-packages/airflow/example_dags/example_task_group_decorator.py
[2023-04-14T14:39:00.243+0000] {logging_mixin.py:137} INFO - [2023-04-14T14:39:00.243+0000] {dag.py:2693} INFO - Sync 1 DAGs
[2023-04-14T14:39:00.269+0000] {logging_mixin.py:137} INFO - [2023-04-14T14:39:00.269+0000] {dag.py:3444} INFO - Setting next_dagrun for example_task_group_decorator to 2023-04-13T14:39:00.268562+00:00, run_after=2023-04-14T14:39:00.268562+00:00
[2023-04-14T14:39:00.285+0000] {processor.py:175} INFO - Processing /home/airflow/.local/lib/python3.7/site-packages/airflow/example_dags/example_task_group_decorator.py took 0.144 seconds
[2023-04-14T14:39:30.848+0000] {processor.py:153} INFO - Started process (PID=641) to work on /home/airflow/.local/lib/python3.7/site-packages/airflow/example_dags/example_task_group_decorator.py
[2023-04-14T14:39:30.850+0000] {processor.py:743} INFO - Processing file /home/airflow/.local/lib/python3.7/site-packages/airflow/example_dags/example_task_group_decorator.py for tasks to queue
[2023-04-14T14:39:30.851+0000] {logging_mixin.py:137} INFO - [2023-04-14T14:39:30.851+0000] {dagbag.py:532} INFO - Filling up the DagBag from /home/airflow/.local/lib/python3.7/site-packages/airflow/example_dags/example_task_group_decorator.py
[2023-04-14T14:39:30.871+0000] {processor.py:753} INFO - DAG(s) dict_keys(['example_task_group_decorator']) retrieved from /home/airflow/.local/lib/python3.7/site-packages/airflow/example_dags/example_task_group_decorator.py
[2023-04-14T14:39:30.894+0000] {logging_mixin.py:137} INFO - [2023-04-14T14:39:30.894+0000] {dag.py:2693} INFO - Sync 1 DAGs
[2023-04-14T14:39:30.911+0000] {logging_mixin.py:137} INFO - [2023-04-14T14:39:30.911+0000] {dag.py:3444} INFO - Setting next_dagrun for example_task_group_decorator to 2023-04-13T14:39:30.911550+00:00, run_after=2023-04-14T14:39:30.911550+00:00
[2023-04-14T14:39:30.923+0000] {processor.py:175} INFO - Processing /home/airflow/.local/lib/python3.7/site-packages/airflow/example_dags/example_task_group_decorator.py took 0.079 seconds
[2023-04-14T14:40:01.682+0000] {processor.py:153} INFO - Started process (PID=701) to work on /home/airflow/.local/lib/python3.7/site-packages/airflow/example_dags/example_task_group_decorator.py
[2023-04-14T14:40:01.683+0000] {processor.py:743} INFO - Processing file /home/airflow/.local/lib/python3.7/site-packages/airflow/example_dags/example_task_group_decorator.py for tasks to queue
[2023-04-14T14:40:01.684+0000] {logging_mixin.py:137} INFO - [2023-04-14T14:40:01.684+0000] {dagbag.py:532} INFO - Filling up the DagBag from /home/airflow/.local/lib/python3.7/site-packages/airflow/example_dags/example_task_group_decorator.py
[2023-04-14T14:40:01.705+0000] {processor.py:753} INFO - DAG(s) dict_keys(['example_task_group_decorator']) retrieved from /home/airflow/.local/lib/python3.7/site-packages/airflow/example_dags/example_task_group_decorator.py
[2023-04-14T14:40:01.728+0000] {logging_mixin.py:137} INFO - [2023-04-14T14:40:01.728+0000] {dag.py:2693} INFO - Sync 1 DAGs
[2023-04-14T14:40:01.746+0000] {logging_mixin.py:137} INFO - [2023-04-14T14:40:01.746+0000] {dag.py:3444} INFO - Setting next_dagrun for example_task_group_decorator to 2023-04-13T14:40:01.746175+00:00, run_after=2023-04-14T14:40:01.746175+00:00
[2023-04-14T14:40:01.767+0000] {processor.py:175} INFO - Processing /home/airflow/.local/lib/python3.7/site-packages/airflow/example_dags/example_task_group_decorator.py took 0.089 seconds
[2023-04-14T14:40:32.048+0000] {processor.py:153} INFO - Started process (PID=754) to work on /home/airflow/.local/lib/python3.7/site-packages/airflow/example_dags/example_task_group_decorator.py
[2023-04-14T14:40:32.052+0000] {processor.py:743} INFO - Processing file /home/airflow/.local/lib/python3.7/site-packages/airflow/example_dags/example_task_group_decorator.py for tasks to queue
[2023-04-14T14:40:32.054+0000] {logging_mixin.py:137} INFO - [2023-04-14T14:40:32.054+0000] {dagbag.py:532} INFO - Filling up the DagBag from /home/airflow/.local/lib/python3.7/site-packages/airflow/example_dags/example_task_group_decorator.py
[2023-04-14T14:40:32.108+0000] {processor.py:753} INFO - DAG(s) dict_keys(['example_task_group_decorator']) retrieved from /home/airflow/.local/lib/python3.7/site-packages/airflow/example_dags/example_task_group_decorator.py
[2023-04-14T14:40:32.141+0000] {logging_mixin.py:137} INFO - [2023-04-14T14:40:32.141+0000] {dag.py:2693} INFO - Sync 1 DAGs
[2023-04-14T14:40:32.164+0000] {logging_mixin.py:137} INFO - [2023-04-14T14:40:32.164+0000] {dag.py:3444} INFO - Setting next_dagrun for example_task_group_decorator to 2023-04-13T14:40:32.163708+00:00, run_after=2023-04-14T14:40:32.163708+00:00
[2023-04-14T14:40:32.180+0000] {processor.py:175} INFO - Processing /home/airflow/.local/lib/python3.7/site-packages/airflow/example_dags/example_task_group_decorator.py took 0.139 seconds
[2023-04-14T14:41:02.671+0000] {processor.py:153} INFO - Started process (PID=807) to work on /home/airflow/.local/lib/python3.7/site-packages/airflow/example_dags/example_task_group_decorator.py
[2023-04-14T14:41:02.673+0000] {processor.py:743} INFO - Processing file /home/airflow/.local/lib/python3.7/site-packages/airflow/example_dags/example_task_group_decorator.py for tasks to queue
[2023-04-14T14:41:02.675+0000] {logging_mixin.py:137} INFO - [2023-04-14T14:41:02.675+0000] {dagbag.py:532} INFO - Filling up the DagBag from /home/airflow/.local/lib/python3.7/site-packages/airflow/example_dags/example_task_group_decorator.py
[2023-04-14T14:41:02.704+0000] {processor.py:753} INFO - DAG(s) dict_keys(['example_task_group_decorator']) retrieved from /home/airflow/.local/lib/python3.7/site-packages/airflow/example_dags/example_task_group_decorator.py
[2023-04-14T14:41:02.732+0000] {logging_mixin.py:137} INFO - [2023-04-14T14:41:02.732+0000] {dag.py:2693} INFO - Sync 1 DAGs
[2023-04-14T14:41:02.785+0000] {logging_mixin.py:137} INFO - [2023-04-14T14:41:02.785+0000] {dag.py:3444} INFO - Setting next_dagrun for example_task_group_decorator to 2023-04-13T14:41:02.784507+00:00, run_after=2023-04-14T14:41:02.784507+00:00
[2023-04-14T14:41:02.833+0000] {processor.py:175} INFO - Processing /home/airflow/.local/lib/python3.7/site-packages/airflow/example_dags/example_task_group_decorator.py took 0.169 seconds
[2023-04-14T14:42:15.977+0000] {processor.py:153} INFO - Started process (PID=58) to work on /home/airflow/.local/lib/python3.7/site-packages/airflow/example_dags/example_task_group_decorator.py
[2023-04-14T14:42:15.980+0000] {processor.py:743} INFO - Processing file /home/airflow/.local/lib/python3.7/site-packages/airflow/example_dags/example_task_group_decorator.py for tasks to queue
[2023-04-14T14:42:15.983+0000] {logging_mixin.py:137} INFO - [2023-04-14T14:42:15.983+0000] {dagbag.py:532} INFO - Filling up the DagBag from /home/airflow/.local/lib/python3.7/site-packages/airflow/example_dags/example_task_group_decorator.py
[2023-04-14T14:42:16.012+0000] {processor.py:753} INFO - DAG(s) dict_keys(['example_task_group_decorator']) retrieved from /home/airflow/.local/lib/python3.7/site-packages/airflow/example_dags/example_task_group_decorator.py
[2023-04-14T14:42:16.027+0000] {logging_mixin.py:137} INFO - [2023-04-14T14:42:16.027+0000] {dag.py:2693} INFO - Sync 1 DAGs
[2023-04-14T14:42:16.050+0000] {logging_mixin.py:137} INFO - [2023-04-14T14:42:16.049+0000] {dag.py:3444} INFO - Setting next_dagrun for example_task_group_decorator to 2023-04-13T14:42:16.049649+00:00, run_after=2023-04-14T14:42:16.049649+00:00
[2023-04-14T14:42:16.065+0000] {processor.py:175} INFO - Processing /home/airflow/.local/lib/python3.7/site-packages/airflow/example_dags/example_task_group_decorator.py took 0.094 seconds
[2023-04-14T14:42:46.783+0000] {processor.py:153} INFO - Started process (PID=111) to work on /home/airflow/.local/lib/python3.7/site-packages/airflow/example_dags/example_task_group_decorator.py
[2023-04-14T14:42:46.784+0000] {processor.py:743} INFO - Processing file /home/airflow/.local/lib/python3.7/site-packages/airflow/example_dags/example_task_group_decorator.py for tasks to queue
[2023-04-14T14:42:46.785+0000] {logging_mixin.py:137} INFO - [2023-04-14T14:42:46.785+0000] {dagbag.py:532} INFO - Filling up the DagBag from /home/airflow/.local/lib/python3.7/site-packages/airflow/example_dags/example_task_group_decorator.py
[2023-04-14T14:42:46.804+0000] {processor.py:753} INFO - DAG(s) dict_keys(['example_task_group_decorator']) retrieved from /home/airflow/.local/lib/python3.7/site-packages/airflow/example_dags/example_task_group_decorator.py
[2023-04-14T14:42:46.826+0000] {logging_mixin.py:137} INFO - [2023-04-14T14:42:46.826+0000] {dag.py:2693} INFO - Sync 1 DAGs
[2023-04-14T14:42:46.841+0000] {logging_mixin.py:137} INFO - [2023-04-14T14:42:46.841+0000] {dag.py:3444} INFO - Setting next_dagrun for example_task_group_decorator to 2023-04-13T14:42:46.841039+00:00, run_after=2023-04-14T14:42:46.841039+00:00
[2023-04-14T14:42:46.852+0000] {processor.py:175} INFO - Processing /home/airflow/.local/lib/python3.7/site-packages/airflow/example_dags/example_task_group_decorator.py took 0.072 seconds
[2023-04-14T14:43:17.182+0000] {processor.py:153} INFO - Started process (PID=164) to work on /home/airflow/.local/lib/python3.7/site-packages/airflow/example_dags/example_task_group_decorator.py
[2023-04-14T14:43:17.183+0000] {processor.py:743} INFO - Processing file /home/airflow/.local/lib/python3.7/site-packages/airflow/example_dags/example_task_group_decorator.py for tasks to queue
[2023-04-14T14:43:17.184+0000] {logging_mixin.py:137} INFO - [2023-04-14T14:43:17.184+0000] {dagbag.py:532} INFO - Filling up the DagBag from /home/airflow/.local/lib/python3.7/site-packages/airflow/example_dags/example_task_group_decorator.py
[2023-04-14T14:43:17.202+0000] {processor.py:753} INFO - DAG(s) dict_keys(['example_task_group_decorator']) retrieved from /home/airflow/.local/lib/python3.7/site-packages/airflow/example_dags/example_task_group_decorator.py
[2023-04-14T14:43:17.223+0000] {logging_mixin.py:137} INFO - [2023-04-14T14:43:17.223+0000] {dag.py:2693} INFO - Sync 1 DAGs
[2023-04-14T14:43:17.238+0000] {logging_mixin.py:137} INFO - [2023-04-14T14:43:17.238+0000] {dag.py:3444} INFO - Setting next_dagrun for example_task_group_decorator to 2023-04-13T14:43:17.238421+00:00, run_after=2023-04-14T14:43:17.238421+00:00
[2023-04-14T14:43:17.250+0000] {processor.py:175} INFO - Processing /home/airflow/.local/lib/python3.7/site-packages/airflow/example_dags/example_task_group_decorator.py took 0.071 seconds
[2023-04-14T14:43:48.424+0000] {processor.py:153} INFO - Started process (PID=217) to work on /home/airflow/.local/lib/python3.7/site-packages/airflow/example_dags/example_task_group_decorator.py
[2023-04-14T14:43:48.425+0000] {processor.py:743} INFO - Processing file /home/airflow/.local/lib/python3.7/site-packages/airflow/example_dags/example_task_group_decorator.py for tasks to queue
[2023-04-14T14:43:48.426+0000] {logging_mixin.py:137} INFO - [2023-04-14T14:43:48.426+0000] {dagbag.py:532} INFO - Filling up the DagBag from /home/airflow/.local/lib/python3.7/site-packages/airflow/example_dags/example_task_group_decorator.py
[2023-04-14T14:43:48.446+0000] {processor.py:753} INFO - DAG(s) dict_keys(['example_task_group_decorator']) retrieved from /home/airflow/.local/lib/python3.7/site-packages/airflow/example_dags/example_task_group_decorator.py
[2023-04-14T14:43:48.467+0000] {logging_mixin.py:137} INFO - [2023-04-14T14:43:48.467+0000] {dag.py:2693} INFO - Sync 1 DAGs
[2023-04-14T14:43:48.489+0000] {logging_mixin.py:137} INFO - [2023-04-14T14:43:48.489+0000] {dag.py:3444} INFO - Setting next_dagrun for example_task_group_decorator to 2023-04-13T14:43:48.489333+00:00, run_after=2023-04-14T14:43:48.489333+00:00
[2023-04-14T14:43:48.503+0000] {processor.py:175} INFO - Processing /home/airflow/.local/lib/python3.7/site-packages/airflow/example_dags/example_task_group_decorator.py took 0.082 seconds
[2023-04-14T14:44:19.544+0000] {processor.py:153} INFO - Started process (PID=270) to work on /home/airflow/.local/lib/python3.7/site-packages/airflow/example_dags/example_task_group_decorator.py
[2023-04-14T14:44:19.546+0000] {processor.py:743} INFO - Processing file /home/airflow/.local/lib/python3.7/site-packages/airflow/example_dags/example_task_group_decorator.py for tasks to queue
[2023-04-14T14:44:19.547+0000] {logging_mixin.py:137} INFO - [2023-04-14T14:44:19.547+0000] {dagbag.py:532} INFO - Filling up the DagBag from /home/airflow/.local/lib/python3.7/site-packages/airflow/example_dags/example_task_group_decorator.py
[2023-04-14T14:44:19.570+0000] {processor.py:753} INFO - DAG(s) dict_keys(['example_task_group_decorator']) retrieved from /home/airflow/.local/lib/python3.7/site-packages/airflow/example_dags/example_task_group_decorator.py
[2023-04-14T14:44:19.597+0000] {logging_mixin.py:137} INFO - [2023-04-14T14:44:19.597+0000] {dag.py:2693} INFO - Sync 1 DAGs
[2023-04-14T14:44:19.615+0000] {logging_mixin.py:137} INFO - [2023-04-14T14:44:19.615+0000] {dag.py:3444} INFO - Setting next_dagrun for example_task_group_decorator to 2023-04-13T14:44:19.614945+00:00, run_after=2023-04-14T14:44:19.614945+00:00
[2023-04-14T14:44:19.628+0000] {processor.py:175} INFO - Processing /home/airflow/.local/lib/python3.7/site-packages/airflow/example_dags/example_task_group_decorator.py took 0.093 seconds
[2023-04-14T14:44:49.867+0000] {processor.py:153} INFO - Started process (PID=323) to work on /home/airflow/.local/lib/python3.7/site-packages/airflow/example_dags/example_task_group_decorator.py
[2023-04-14T14:44:49.868+0000] {processor.py:743} INFO - Processing file /home/airflow/.local/lib/python3.7/site-packages/airflow/example_dags/example_task_group_decorator.py for tasks to queue
[2023-04-14T14:44:49.869+0000] {logging_mixin.py:137} INFO - [2023-04-14T14:44:49.869+0000] {dagbag.py:532} INFO - Filling up the DagBag from /home/airflow/.local/lib/python3.7/site-packages/airflow/example_dags/example_task_group_decorator.py
[2023-04-14T14:44:49.894+0000] {processor.py:753} INFO - DAG(s) dict_keys(['example_task_group_decorator']) retrieved from /home/airflow/.local/lib/python3.7/site-packages/airflow/example_dags/example_task_group_decorator.py
[2023-04-14T14:44:49.928+0000] {logging_mixin.py:137} INFO - [2023-04-14T14:44:49.928+0000] {dag.py:2693} INFO - Sync 1 DAGs
[2023-04-14T14:44:49.948+0000] {logging_mixin.py:137} INFO - [2023-04-14T14:44:49.948+0000] {dag.py:3444} INFO - Setting next_dagrun for example_task_group_decorator to 2023-04-13T14:44:49.948392+00:00, run_after=2023-04-14T14:44:49.948392+00:00
[2023-04-14T14:44:49.962+0000] {processor.py:175} INFO - Processing /home/airflow/.local/lib/python3.7/site-packages/airflow/example_dags/example_task_group_decorator.py took 0.098 seconds
[2023-04-14T14:45:20.108+0000] {processor.py:153} INFO - Started process (PID=376) to work on /home/airflow/.local/lib/python3.7/site-packages/airflow/example_dags/example_task_group_decorator.py
[2023-04-14T14:45:20.110+0000] {processor.py:743} INFO - Processing file /home/airflow/.local/lib/python3.7/site-packages/airflow/example_dags/example_task_group_decorator.py for tasks to queue
[2023-04-14T14:45:20.111+0000] {logging_mixin.py:137} INFO - [2023-04-14T14:45:20.111+0000] {dagbag.py:532} INFO - Filling up the DagBag from /home/airflow/.local/lib/python3.7/site-packages/airflow/example_dags/example_task_group_decorator.py
[2023-04-14T14:45:20.137+0000] {processor.py:753} INFO - DAG(s) dict_keys(['example_task_group_decorator']) retrieved from /home/airflow/.local/lib/python3.7/site-packages/airflow/example_dags/example_task_group_decorator.py
[2023-04-14T14:45:20.162+0000] {logging_mixin.py:137} INFO - [2023-04-14T14:45:20.162+0000] {dag.py:2693} INFO - Sync 1 DAGs
[2023-04-14T14:45:20.178+0000] {logging_mixin.py:137} INFO - [2023-04-14T14:45:20.178+0000] {dag.py:3444} INFO - Setting next_dagrun for example_task_group_decorator to 2023-04-13T14:45:20.177877+00:00, run_after=2023-04-14T14:45:20.177877+00:00
[2023-04-14T14:45:20.191+0000] {processor.py:175} INFO - Processing /home/airflow/.local/lib/python3.7/site-packages/airflow/example_dags/example_task_group_decorator.py took 0.085 seconds
[2023-04-14T14:45:50.818+0000] {processor.py:153} INFO - Started process (PID=429) to work on /home/airflow/.local/lib/python3.7/site-packages/airflow/example_dags/example_task_group_decorator.py
[2023-04-14T14:45:50.820+0000] {processor.py:743} INFO - Processing file /home/airflow/.local/lib/python3.7/site-packages/airflow/example_dags/example_task_group_decorator.py for tasks to queue
[2023-04-14T14:45:50.820+0000] {logging_mixin.py:137} INFO - [2023-04-14T14:45:50.820+0000] {dagbag.py:532} INFO - Filling up the DagBag from /home/airflow/.local/lib/python3.7/site-packages/airflow/example_dags/example_task_group_decorator.py
[2023-04-14T14:45:50.839+0000] {processor.py:753} INFO - DAG(s) dict_keys(['example_task_group_decorator']) retrieved from /home/airflow/.local/lib/python3.7/site-packages/airflow/example_dags/example_task_group_decorator.py
[2023-04-14T14:45:50.860+0000] {logging_mixin.py:137} INFO - [2023-04-14T14:45:50.860+0000] {dag.py:2693} INFO - Sync 1 DAGs
[2023-04-14T14:45:50.887+0000] {logging_mixin.py:137} INFO - [2023-04-14T14:45:50.886+0000] {dag.py:3444} INFO - Setting next_dagrun for example_task_group_decorator to 2023-04-13T14:45:50.886737+00:00, run_after=2023-04-14T14:45:50.886737+00:00
[2023-04-14T14:45:50.901+0000] {processor.py:175} INFO - Processing /home/airflow/.local/lib/python3.7/site-packages/airflow/example_dags/example_task_group_decorator.py took 0.086 seconds
[2023-04-14T14:46:22.071+0000] {processor.py:153} INFO - Started process (PID=482) to work on /home/airflow/.local/lib/python3.7/site-packages/airflow/example_dags/example_task_group_decorator.py
[2023-04-14T14:46:22.072+0000] {processor.py:743} INFO - Processing file /home/airflow/.local/lib/python3.7/site-packages/airflow/example_dags/example_task_group_decorator.py for tasks to queue
[2023-04-14T14:46:22.073+0000] {logging_mixin.py:137} INFO - [2023-04-14T14:46:22.073+0000] {dagbag.py:532} INFO - Filling up the DagBag from /home/airflow/.local/lib/python3.7/site-packages/airflow/example_dags/example_task_group_decorator.py
[2023-04-14T14:46:22.093+0000] {processor.py:753} INFO - DAG(s) dict_keys(['example_task_group_decorator']) retrieved from /home/airflow/.local/lib/python3.7/site-packages/airflow/example_dags/example_task_group_decorator.py
[2023-04-14T14:46:22.124+0000] {logging_mixin.py:137} INFO - [2023-04-14T14:46:22.124+0000] {dag.py:2693} INFO - Sync 1 DAGs
[2023-04-14T14:46:22.142+0000] {logging_mixin.py:137} INFO - [2023-04-14T14:46:22.142+0000] {dag.py:3444} INFO - Setting next_dagrun for example_task_group_decorator to 2023-04-13T14:46:22.142423+00:00, run_after=2023-04-14T14:46:22.142423+00:00
[2023-04-14T14:46:22.157+0000] {processor.py:175} INFO - Processing /home/airflow/.local/lib/python3.7/site-packages/airflow/example_dags/example_task_group_decorator.py took 0.088 seconds
[2023-04-14T14:46:53.165+0000] {processor.py:153} INFO - Started process (PID=535) to work on /home/airflow/.local/lib/python3.7/site-packages/airflow/example_dags/example_task_group_decorator.py
[2023-04-14T14:46:53.167+0000] {processor.py:743} INFO - Processing file /home/airflow/.local/lib/python3.7/site-packages/airflow/example_dags/example_task_group_decorator.py for tasks to queue
[2023-04-14T14:46:53.169+0000] {logging_mixin.py:137} INFO - [2023-04-14T14:46:53.168+0000] {dagbag.py:532} INFO - Filling up the DagBag from /home/airflow/.local/lib/python3.7/site-packages/airflow/example_dags/example_task_group_decorator.py
[2023-04-14T14:46:53.199+0000] {processor.py:753} INFO - DAG(s) dict_keys(['example_task_group_decorator']) retrieved from /home/airflow/.local/lib/python3.7/site-packages/airflow/example_dags/example_task_group_decorator.py
[2023-04-14T14:46:53.229+0000] {logging_mixin.py:137} INFO - [2023-04-14T14:46:53.228+0000] {dag.py:2693} INFO - Sync 1 DAGs
[2023-04-14T14:46:53.248+0000] {logging_mixin.py:137} INFO - [2023-04-14T14:46:53.248+0000] {dag.py:3444} INFO - Setting next_dagrun for example_task_group_decorator to 2023-04-13T14:46:53.247896+00:00, run_after=2023-04-14T14:46:53.247896+00:00
[2023-04-14T14:46:53.263+0000] {processor.py:175} INFO - Processing /home/airflow/.local/lib/python3.7/site-packages/airflow/example_dags/example_task_group_decorator.py took 0.104 seconds
[2023-04-14T14:47:23.387+0000] {processor.py:153} INFO - Started process (PID=588) to work on /home/airflow/.local/lib/python3.7/site-packages/airflow/example_dags/example_task_group_decorator.py
[2023-04-14T14:47:23.389+0000] {processor.py:743} INFO - Processing file /home/airflow/.local/lib/python3.7/site-packages/airflow/example_dags/example_task_group_decorator.py for tasks to queue
[2023-04-14T14:47:23.390+0000] {logging_mixin.py:137} INFO - [2023-04-14T14:47:23.390+0000] {dagbag.py:532} INFO - Filling up the DagBag from /home/airflow/.local/lib/python3.7/site-packages/airflow/example_dags/example_task_group_decorator.py
[2023-04-14T14:47:23.418+0000] {processor.py:753} INFO - DAG(s) dict_keys(['example_task_group_decorator']) retrieved from /home/airflow/.local/lib/python3.7/site-packages/airflow/example_dags/example_task_group_decorator.py
[2023-04-14T14:47:23.462+0000] {logging_mixin.py:137} INFO - [2023-04-14T14:47:23.462+0000] {dag.py:2693} INFO - Sync 1 DAGs
[2023-04-14T14:47:23.485+0000] {logging_mixin.py:137} INFO - [2023-04-14T14:47:23.485+0000] {dag.py:3444} INFO - Setting next_dagrun for example_task_group_decorator to 2023-04-13T14:47:23.485388+00:00, run_after=2023-04-14T14:47:23.485388+00:00
[2023-04-14T14:47:23.515+0000] {processor.py:175} INFO - Processing /home/airflow/.local/lib/python3.7/site-packages/airflow/example_dags/example_task_group_decorator.py took 0.133 seconds
[2023-04-14T14:47:54.762+0000] {processor.py:153} INFO - Started process (PID=642) to work on /home/airflow/.local/lib/python3.7/site-packages/airflow/example_dags/example_task_group_decorator.py
[2023-04-14T14:47:54.773+0000] {processor.py:743} INFO - Processing file /home/airflow/.local/lib/python3.7/site-packages/airflow/example_dags/example_task_group_decorator.py for tasks to queue
[2023-04-14T14:47:54.780+0000] {logging_mixin.py:137} INFO - [2023-04-14T14:47:54.780+0000] {dagbag.py:532} INFO - Filling up the DagBag from /home/airflow/.local/lib/python3.7/site-packages/airflow/example_dags/example_task_group_decorator.py
[2023-04-14T14:47:54.850+0000] {processor.py:753} INFO - DAG(s) dict_keys(['example_task_group_decorator']) retrieved from /home/airflow/.local/lib/python3.7/site-packages/airflow/example_dags/example_task_group_decorator.py
[2023-04-14T14:47:54.918+0000] {logging_mixin.py:137} INFO - [2023-04-14T14:47:54.918+0000] {dag.py:2693} INFO - Sync 1 DAGs
[2023-04-14T14:47:54.957+0000] {logging_mixin.py:137} INFO - [2023-04-14T14:47:54.957+0000] {dag.py:3444} INFO - Setting next_dagrun for example_task_group_decorator to 2023-04-13T14:47:54.957398+00:00, run_after=2023-04-14T14:47:54.957398+00:00
[2023-04-14T14:47:54.994+0000] {processor.py:175} INFO - Processing /home/airflow/.local/lib/python3.7/site-packages/airflow/example_dags/example_task_group_decorator.py took 0.237 seconds
[2023-04-14T14:48:25.462+0000] {processor.py:153} INFO - Started process (PID=694) to work on /home/airflow/.local/lib/python3.7/site-packages/airflow/example_dags/example_task_group_decorator.py
[2023-04-14T14:48:25.464+0000] {processor.py:743} INFO - Processing file /home/airflow/.local/lib/python3.7/site-packages/airflow/example_dags/example_task_group_decorator.py for tasks to queue
[2023-04-14T14:48:25.465+0000] {logging_mixin.py:137} INFO - [2023-04-14T14:48:25.464+0000] {dagbag.py:532} INFO - Filling up the DagBag from /home/airflow/.local/lib/python3.7/site-packages/airflow/example_dags/example_task_group_decorator.py
[2023-04-14T14:48:25.487+0000] {processor.py:753} INFO - DAG(s) dict_keys(['example_task_group_decorator']) retrieved from /home/airflow/.local/lib/python3.7/site-packages/airflow/example_dags/example_task_group_decorator.py
[2023-04-14T14:48:25.511+0000] {logging_mixin.py:137} INFO - [2023-04-14T14:48:25.511+0000] {dag.py:2693} INFO - Sync 1 DAGs
[2023-04-14T14:48:25.536+0000] {logging_mixin.py:137} INFO - [2023-04-14T14:48:25.536+0000] {dag.py:3444} INFO - Setting next_dagrun for example_task_group_decorator to 2023-04-13T14:48:25.536108+00:00, run_after=2023-04-14T14:48:25.536108+00:00
[2023-04-14T14:48:25.550+0000] {processor.py:175} INFO - Processing /home/airflow/.local/lib/python3.7/site-packages/airflow/example_dags/example_task_group_decorator.py took 0.091 seconds
[2023-04-14T14:48:55.773+0000] {processor.py:153} INFO - Started process (PID=747) to work on /home/airflow/.local/lib/python3.7/site-packages/airflow/example_dags/example_task_group_decorator.py
[2023-04-14T14:48:55.775+0000] {processor.py:743} INFO - Processing file /home/airflow/.local/lib/python3.7/site-packages/airflow/example_dags/example_task_group_decorator.py for tasks to queue
[2023-04-14T14:48:55.776+0000] {logging_mixin.py:137} INFO - [2023-04-14T14:48:55.776+0000] {dagbag.py:532} INFO - Filling up the DagBag from /home/airflow/.local/lib/python3.7/site-packages/airflow/example_dags/example_task_group_decorator.py
[2023-04-14T14:48:55.798+0000] {processor.py:753} INFO - DAG(s) dict_keys(['example_task_group_decorator']) retrieved from /home/airflow/.local/lib/python3.7/site-packages/airflow/example_dags/example_task_group_decorator.py
[2023-04-14T14:48:55.820+0000] {logging_mixin.py:137} INFO - [2023-04-14T14:48:55.819+0000] {dag.py:2693} INFO - Sync 1 DAGs
[2023-04-14T14:48:55.835+0000] {logging_mixin.py:137} INFO - [2023-04-14T14:48:55.835+0000] {dag.py:3444} INFO - Setting next_dagrun for example_task_group_decorator to 2023-04-13T14:48:55.835096+00:00, run_after=2023-04-14T14:48:55.835096+00:00
[2023-04-14T14:48:55.848+0000] {processor.py:175} INFO - Processing /home/airflow/.local/lib/python3.7/site-packages/airflow/example_dags/example_task_group_decorator.py took 0.080 seconds
[2023-04-14T14:49:26.045+0000] {processor.py:153} INFO - Started process (PID=800) to work on /home/airflow/.local/lib/python3.7/site-packages/airflow/example_dags/example_task_group_decorator.py
[2023-04-14T14:49:26.047+0000] {processor.py:743} INFO - Processing file /home/airflow/.local/lib/python3.7/site-packages/airflow/example_dags/example_task_group_decorator.py for tasks to queue
[2023-04-14T14:49:26.047+0000] {logging_mixin.py:137} INFO - [2023-04-14T14:49:26.047+0000] {dagbag.py:532} INFO - Filling up the DagBag from /home/airflow/.local/lib/python3.7/site-packages/airflow/example_dags/example_task_group_decorator.py
[2023-04-14T14:49:26.065+0000] {processor.py:753} INFO - DAG(s) dict_keys(['example_task_group_decorator']) retrieved from /home/airflow/.local/lib/python3.7/site-packages/airflow/example_dags/example_task_group_decorator.py
[2023-04-14T14:49:26.086+0000] {logging_mixin.py:137} INFO - [2023-04-14T14:49:26.086+0000] {dag.py:2693} INFO - Sync 1 DAGs
[2023-04-14T14:49:26.102+0000] {logging_mixin.py:137} INFO - [2023-04-14T14:49:26.102+0000] {dag.py:3444} INFO - Setting next_dagrun for example_task_group_decorator to 2023-04-13T14:49:26.102618+00:00, run_after=2023-04-14T14:49:26.102618+00:00
[2023-04-14T14:49:26.114+0000] {processor.py:175} INFO - Processing /home/airflow/.local/lib/python3.7/site-packages/airflow/example_dags/example_task_group_decorator.py took 0.072 seconds
[2023-04-14T14:49:56.292+0000] {processor.py:153} INFO - Started process (PID=853) to work on /home/airflow/.local/lib/python3.7/site-packages/airflow/example_dags/example_task_group_decorator.py
[2023-04-14T14:49:56.294+0000] {processor.py:743} INFO - Processing file /home/airflow/.local/lib/python3.7/site-packages/airflow/example_dags/example_task_group_decorator.py for tasks to queue
[2023-04-14T14:49:56.295+0000] {logging_mixin.py:137} INFO - [2023-04-14T14:49:56.295+0000] {dagbag.py:532} INFO - Filling up the DagBag from /home/airflow/.local/lib/python3.7/site-packages/airflow/example_dags/example_task_group_decorator.py
[2023-04-14T14:49:56.316+0000] {processor.py:753} INFO - DAG(s) dict_keys(['example_task_group_decorator']) retrieved from /home/airflow/.local/lib/python3.7/site-packages/airflow/example_dags/example_task_group_decorator.py
[2023-04-14T14:49:56.356+0000] {logging_mixin.py:137} INFO - [2023-04-14T14:49:56.355+0000] {dag.py:2693} INFO - Sync 1 DAGs
[2023-04-14T14:49:56.379+0000] {logging_mixin.py:137} INFO - [2023-04-14T14:49:56.379+0000] {dag.py:3444} INFO - Setting next_dagrun for example_task_group_decorator to 2023-04-13T14:49:56.379385+00:00, run_after=2023-04-14T14:49:56.379385+00:00
[2023-04-14T14:49:56.393+0000] {processor.py:175} INFO - Processing /home/airflow/.local/lib/python3.7/site-packages/airflow/example_dags/example_task_group_decorator.py took 0.105 seconds
[2023-04-14T14:50:27.163+0000] {processor.py:153} INFO - Started process (PID=906) to work on /home/airflow/.local/lib/python3.7/site-packages/airflow/example_dags/example_task_group_decorator.py
[2023-04-14T14:50:27.164+0000] {processor.py:743} INFO - Processing file /home/airflow/.local/lib/python3.7/site-packages/airflow/example_dags/example_task_group_decorator.py for tasks to queue
[2023-04-14T14:50:27.165+0000] {logging_mixin.py:137} INFO - [2023-04-14T14:50:27.165+0000] {dagbag.py:532} INFO - Filling up the DagBag from /home/airflow/.local/lib/python3.7/site-packages/airflow/example_dags/example_task_group_decorator.py
[2023-04-14T14:50:27.183+0000] {processor.py:753} INFO - DAG(s) dict_keys(['example_task_group_decorator']) retrieved from /home/airflow/.local/lib/python3.7/site-packages/airflow/example_dags/example_task_group_decorator.py
[2023-04-14T14:50:27.204+0000] {logging_mixin.py:137} INFO - [2023-04-14T14:50:27.204+0000] {dag.py:2693} INFO - Sync 1 DAGs
[2023-04-14T14:50:27.220+0000] {logging_mixin.py:137} INFO - [2023-04-14T14:50:27.220+0000] {dag.py:3444} INFO - Setting next_dagrun for example_task_group_decorator to 2023-04-13T14:50:27.219931+00:00, run_after=2023-04-14T14:50:27.219931+00:00
[2023-04-14T14:50:27.231+0000] {processor.py:175} INFO - Processing /home/airflow/.local/lib/python3.7/site-packages/airflow/example_dags/example_task_group_decorator.py took 0.071 seconds
[2023-04-14T14:50:57.626+0000] {processor.py:153} INFO - Started process (PID=960) to work on /home/airflow/.local/lib/python3.7/site-packages/airflow/example_dags/example_task_group_decorator.py
[2023-04-14T14:50:57.628+0000] {processor.py:743} INFO - Processing file /home/airflow/.local/lib/python3.7/site-packages/airflow/example_dags/example_task_group_decorator.py for tasks to queue
[2023-04-14T14:50:57.629+0000] {logging_mixin.py:137} INFO - [2023-04-14T14:50:57.629+0000] {dagbag.py:532} INFO - Filling up the DagBag from /home/airflow/.local/lib/python3.7/site-packages/airflow/example_dags/example_task_group_decorator.py
[2023-04-14T14:50:57.681+0000] {processor.py:753} INFO - DAG(s) dict_keys(['example_task_group_decorator']) retrieved from /home/airflow/.local/lib/python3.7/site-packages/airflow/example_dags/example_task_group_decorator.py
[2023-04-14T14:50:57.705+0000] {logging_mixin.py:137} INFO - [2023-04-14T14:50:57.705+0000] {dag.py:2693} INFO - Sync 1 DAGs
[2023-04-14T14:50:57.722+0000] {logging_mixin.py:137} INFO - [2023-04-14T14:50:57.722+0000] {dag.py:3444} INFO - Setting next_dagrun for example_task_group_decorator to 2023-04-13T14:50:57.722017+00:00, run_after=2023-04-14T14:50:57.722017+00:00
[2023-04-14T14:50:57.736+0000] {processor.py:175} INFO - Processing /home/airflow/.local/lib/python3.7/site-packages/airflow/example_dags/example_task_group_decorator.py took 0.114 seconds
[2023-04-14T14:51:27.758+0000] {processor.py:153} INFO - Started process (PID=1012) to work on /home/airflow/.local/lib/python3.7/site-packages/airflow/example_dags/example_task_group_decorator.py
[2023-04-14T14:51:27.759+0000] {processor.py:743} INFO - Processing file /home/airflow/.local/lib/python3.7/site-packages/airflow/example_dags/example_task_group_decorator.py for tasks to queue
[2023-04-14T14:51:27.760+0000] {logging_mixin.py:137} INFO - [2023-04-14T14:51:27.760+0000] {dagbag.py:532} INFO - Filling up the DagBag from /home/airflow/.local/lib/python3.7/site-packages/airflow/example_dags/example_task_group_decorator.py
[2023-04-14T14:51:27.778+0000] {processor.py:753} INFO - DAG(s) dict_keys(['example_task_group_decorator']) retrieved from /home/airflow/.local/lib/python3.7/site-packages/airflow/example_dags/example_task_group_decorator.py
[2023-04-14T14:51:27.801+0000] {logging_mixin.py:137} INFO - [2023-04-14T14:51:27.801+0000] {dag.py:2693} INFO - Sync 1 DAGs
[2023-04-14T14:51:27.818+0000] {logging_mixin.py:137} INFO - [2023-04-14T14:51:27.818+0000] {dag.py:3444} INFO - Setting next_dagrun for example_task_group_decorator to 2023-04-13T14:51:27.818118+00:00, run_after=2023-04-14T14:51:27.818118+00:00
[2023-04-14T14:51:27.830+0000] {processor.py:175} INFO - Processing /home/airflow/.local/lib/python3.7/site-packages/airflow/example_dags/example_task_group_decorator.py took 0.075 seconds
[2023-04-14T14:51:57.953+0000] {processor.py:153} INFO - Started process (PID=1066) to work on /home/airflow/.local/lib/python3.7/site-packages/airflow/example_dags/example_task_group_decorator.py
[2023-04-14T14:51:57.955+0000] {processor.py:743} INFO - Processing file /home/airflow/.local/lib/python3.7/site-packages/airflow/example_dags/example_task_group_decorator.py for tasks to queue
[2023-04-14T14:51:57.956+0000] {logging_mixin.py:137} INFO - [2023-04-14T14:51:57.955+0000] {dagbag.py:532} INFO - Filling up the DagBag from /home/airflow/.local/lib/python3.7/site-packages/airflow/example_dags/example_task_group_decorator.py
[2023-04-14T14:51:57.973+0000] {processor.py:753} INFO - DAG(s) dict_keys(['example_task_group_decorator']) retrieved from /home/airflow/.local/lib/python3.7/site-packages/airflow/example_dags/example_task_group_decorator.py
[2023-04-14T14:51:57.995+0000] {logging_mixin.py:137} INFO - [2023-04-14T14:51:57.995+0000] {dag.py:2693} INFO - Sync 1 DAGs
[2023-04-14T14:51:58.010+0000] {logging_mixin.py:137} INFO - [2023-04-14T14:51:58.010+0000] {dag.py:3444} INFO - Setting next_dagrun for example_task_group_decorator to 2023-04-13T14:51:58.010561+00:00, run_after=2023-04-14T14:51:58.010561+00:00
[2023-04-14T14:51:58.022+0000] {processor.py:175} INFO - Processing /home/airflow/.local/lib/python3.7/site-packages/airflow/example_dags/example_task_group_decorator.py took 0.071 seconds
[2023-04-14T14:52:28.195+0000] {processor.py:153} INFO - Started process (PID=1118) to work on /home/airflow/.local/lib/python3.7/site-packages/airflow/example_dags/example_task_group_decorator.py
[2023-04-14T14:52:28.196+0000] {processor.py:743} INFO - Processing file /home/airflow/.local/lib/python3.7/site-packages/airflow/example_dags/example_task_group_decorator.py for tasks to queue
[2023-04-14T14:52:28.197+0000] {logging_mixin.py:137} INFO - [2023-04-14T14:52:28.197+0000] {dagbag.py:532} INFO - Filling up the DagBag from /home/airflow/.local/lib/python3.7/site-packages/airflow/example_dags/example_task_group_decorator.py
[2023-04-14T14:52:28.217+0000] {processor.py:753} INFO - DAG(s) dict_keys(['example_task_group_decorator']) retrieved from /home/airflow/.local/lib/python3.7/site-packages/airflow/example_dags/example_task_group_decorator.py
[2023-04-14T14:52:28.237+0000] {logging_mixin.py:137} INFO - [2023-04-14T14:52:28.237+0000] {dag.py:2693} INFO - Sync 1 DAGs
[2023-04-14T14:52:28.257+0000] {logging_mixin.py:137} INFO - [2023-04-14T14:52:28.257+0000] {dag.py:3444} INFO - Setting next_dagrun for example_task_group_decorator to 2023-04-13T14:52:28.257231+00:00, run_after=2023-04-14T14:52:28.257231+00:00
[2023-04-14T14:52:28.273+0000] {processor.py:175} INFO - Processing /home/airflow/.local/lib/python3.7/site-packages/airflow/example_dags/example_task_group_decorator.py took 0.081 seconds
[2023-04-14T14:52:58.879+0000] {processor.py:153} INFO - Started process (PID=1171) to work on /home/airflow/.local/lib/python3.7/site-packages/airflow/example_dags/example_task_group_decorator.py
[2023-04-14T14:52:58.880+0000] {processor.py:743} INFO - Processing file /home/airflow/.local/lib/python3.7/site-packages/airflow/example_dags/example_task_group_decorator.py for tasks to queue
[2023-04-14T14:52:58.881+0000] {logging_mixin.py:137} INFO - [2023-04-14T14:52:58.881+0000] {dagbag.py:532} INFO - Filling up the DagBag from /home/airflow/.local/lib/python3.7/site-packages/airflow/example_dags/example_task_group_decorator.py
[2023-04-14T14:52:58.899+0000] {processor.py:753} INFO - DAG(s) dict_keys(['example_task_group_decorator']) retrieved from /home/airflow/.local/lib/python3.7/site-packages/airflow/example_dags/example_task_group_decorator.py
[2023-04-14T14:52:58.922+0000] {logging_mixin.py:137} INFO - [2023-04-14T14:52:58.922+0000] {dag.py:2693} INFO - Sync 1 DAGs
[2023-04-14T14:52:58.940+0000] {logging_mixin.py:137} INFO - [2023-04-14T14:52:58.940+0000] {dag.py:3444} INFO - Setting next_dagrun for example_task_group_decorator to 2023-04-13T14:52:58.940130+00:00, run_after=2023-04-14T14:52:58.940130+00:00
[2023-04-14T14:52:58.954+0000] {processor.py:175} INFO - Processing /home/airflow/.local/lib/python3.7/site-packages/airflow/example_dags/example_task_group_decorator.py took 0.078 seconds
[2023-04-14T14:53:29.291+0000] {processor.py:153} INFO - Started process (PID=1223) to work on /home/airflow/.local/lib/python3.7/site-packages/airflow/example_dags/example_task_group_decorator.py
[2023-04-14T14:53:29.293+0000] {processor.py:743} INFO - Processing file /home/airflow/.local/lib/python3.7/site-packages/airflow/example_dags/example_task_group_decorator.py for tasks to queue
[2023-04-14T14:53:29.294+0000] {logging_mixin.py:137} INFO - [2023-04-14T14:53:29.294+0000] {dagbag.py:532} INFO - Filling up the DagBag from /home/airflow/.local/lib/python3.7/site-packages/airflow/example_dags/example_task_group_decorator.py
[2023-04-14T14:53:29.317+0000] {processor.py:753} INFO - DAG(s) dict_keys(['example_task_group_decorator']) retrieved from /home/airflow/.local/lib/python3.7/site-packages/airflow/example_dags/example_task_group_decorator.py
[2023-04-14T14:53:29.342+0000] {logging_mixin.py:137} INFO - [2023-04-14T14:53:29.342+0000] {dag.py:2693} INFO - Sync 1 DAGs
[2023-04-14T14:53:29.361+0000] {logging_mixin.py:137} INFO - [2023-04-14T14:53:29.361+0000] {dag.py:3444} INFO - Setting next_dagrun for example_task_group_decorator to 2023-04-13T14:53:29.361533+00:00, run_after=2023-04-14T14:53:29.361533+00:00
[2023-04-14T14:53:29.375+0000] {processor.py:175} INFO - Processing /home/airflow/.local/lib/python3.7/site-packages/airflow/example_dags/example_task_group_decorator.py took 0.090 seconds
[2023-04-14T14:53:59.465+0000] {processor.py:153} INFO - Started process (PID=1275) to work on /home/airflow/.local/lib/python3.7/site-packages/airflow/example_dags/example_task_group_decorator.py
[2023-04-14T14:53:59.466+0000] {processor.py:743} INFO - Processing file /home/airflow/.local/lib/python3.7/site-packages/airflow/example_dags/example_task_group_decorator.py for tasks to queue
[2023-04-14T14:53:59.467+0000] {logging_mixin.py:137} INFO - [2023-04-14T14:53:59.467+0000] {dagbag.py:532} INFO - Filling up the DagBag from /home/airflow/.local/lib/python3.7/site-packages/airflow/example_dags/example_task_group_decorator.py
[2023-04-14T14:53:59.485+0000] {processor.py:753} INFO - DAG(s) dict_keys(['example_task_group_decorator']) retrieved from /home/airflow/.local/lib/python3.7/site-packages/airflow/example_dags/example_task_group_decorator.py
[2023-04-14T14:53:59.507+0000] {logging_mixin.py:137} INFO - [2023-04-14T14:53:59.507+0000] {dag.py:2693} INFO - Sync 1 DAGs
[2023-04-14T14:53:59.523+0000] {logging_mixin.py:137} INFO - [2023-04-14T14:53:59.523+0000] {dag.py:3444} INFO - Setting next_dagrun for example_task_group_decorator to 2023-04-13T14:53:59.523538+00:00, run_after=2023-04-14T14:53:59.523538+00:00
[2023-04-14T14:53:59.541+0000] {processor.py:175} INFO - Processing /home/airflow/.local/lib/python3.7/site-packages/airflow/example_dags/example_task_group_decorator.py took 0.078 seconds
[2023-04-14T14:54:29.744+0000] {processor.py:153} INFO - Started process (PID=1328) to work on /home/airflow/.local/lib/python3.7/site-packages/airflow/example_dags/example_task_group_decorator.py
[2023-04-14T14:54:29.745+0000] {processor.py:743} INFO - Processing file /home/airflow/.local/lib/python3.7/site-packages/airflow/example_dags/example_task_group_decorator.py for tasks to queue
[2023-04-14T14:54:29.746+0000] {logging_mixin.py:137} INFO - [2023-04-14T14:54:29.746+0000] {dagbag.py:532} INFO - Filling up the DagBag from /home/airflow/.local/lib/python3.7/site-packages/airflow/example_dags/example_task_group_decorator.py
[2023-04-14T14:54:29.767+0000] {processor.py:753} INFO - DAG(s) dict_keys(['example_task_group_decorator']) retrieved from /home/airflow/.local/lib/python3.7/site-packages/airflow/example_dags/example_task_group_decorator.py
[2023-04-14T14:54:29.789+0000] {logging_mixin.py:137} INFO - [2023-04-14T14:54:29.788+0000] {dag.py:2693} INFO - Sync 1 DAGs
[2023-04-14T14:54:29.808+0000] {logging_mixin.py:137} INFO - [2023-04-14T14:54:29.808+0000] {dag.py:3444} INFO - Setting next_dagrun for example_task_group_decorator to 2023-04-13T14:54:29.807990+00:00, run_after=2023-04-14T14:54:29.807990+00:00
[2023-04-14T14:54:29.820+0000] {processor.py:175} INFO - Processing /home/airflow/.local/lib/python3.7/site-packages/airflow/example_dags/example_task_group_decorator.py took 0.080 seconds
[2023-04-14T14:55:00.278+0000] {processor.py:153} INFO - Started process (PID=1381) to work on /home/airflow/.local/lib/python3.7/site-packages/airflow/example_dags/example_task_group_decorator.py
[2023-04-14T14:55:00.279+0000] {processor.py:743} INFO - Processing file /home/airflow/.local/lib/python3.7/site-packages/airflow/example_dags/example_task_group_decorator.py for tasks to queue
[2023-04-14T14:55:00.280+0000] {logging_mixin.py:137} INFO - [2023-04-14T14:55:00.280+0000] {dagbag.py:532} INFO - Filling up the DagBag from /home/airflow/.local/lib/python3.7/site-packages/airflow/example_dags/example_task_group_decorator.py
[2023-04-14T14:55:00.301+0000] {processor.py:753} INFO - DAG(s) dict_keys(['example_task_group_decorator']) retrieved from /home/airflow/.local/lib/python3.7/site-packages/airflow/example_dags/example_task_group_decorator.py
[2023-04-14T14:55:00.330+0000] {logging_mixin.py:137} INFO - [2023-04-14T14:55:00.330+0000] {dag.py:2693} INFO - Sync 1 DAGs
[2023-04-14T14:55:00.351+0000] {logging_mixin.py:137} INFO - [2023-04-14T14:55:00.351+0000] {dag.py:3444} INFO - Setting next_dagrun for example_task_group_decorator to 2023-04-13T14:55:00.350763+00:00, run_after=2023-04-14T14:55:00.350763+00:00
[2023-04-14T14:55:00.367+0000] {processor.py:175} INFO - Processing /home/airflow/.local/lib/python3.7/site-packages/airflow/example_dags/example_task_group_decorator.py took 0.094 seconds
[2023-04-14T14:55:30.650+0000] {processor.py:153} INFO - Started process (PID=1433) to work on /home/airflow/.local/lib/python3.7/site-packages/airflow/example_dags/example_task_group_decorator.py
[2023-04-14T14:55:30.652+0000] {processor.py:743} INFO - Processing file /home/airflow/.local/lib/python3.7/site-packages/airflow/example_dags/example_task_group_decorator.py for tasks to queue
[2023-04-14T14:55:30.653+0000] {logging_mixin.py:137} INFO - [2023-04-14T14:55:30.653+0000] {dagbag.py:532} INFO - Filling up the DagBag from /home/airflow/.local/lib/python3.7/site-packages/airflow/example_dags/example_task_group_decorator.py
[2023-04-14T14:55:30.671+0000] {processor.py:753} INFO - DAG(s) dict_keys(['example_task_group_decorator']) retrieved from /home/airflow/.local/lib/python3.7/site-packages/airflow/example_dags/example_task_group_decorator.py
[2023-04-14T14:55:30.694+0000] {logging_mixin.py:137} INFO - [2023-04-14T14:55:30.694+0000] {dag.py:2693} INFO - Sync 1 DAGs
[2023-04-14T14:55:30.709+0000] {logging_mixin.py:137} INFO - [2023-04-14T14:55:30.709+0000] {dag.py:3444} INFO - Setting next_dagrun for example_task_group_decorator to 2023-04-13T14:55:30.709419+00:00, run_after=2023-04-14T14:55:30.709419+00:00
[2023-04-14T14:55:30.720+0000] {processor.py:175} INFO - Processing /home/airflow/.local/lib/python3.7/site-packages/airflow/example_dags/example_task_group_decorator.py took 0.072 seconds
[2023-04-14T14:56:01.207+0000] {processor.py:153} INFO - Started process (PID=1485) to work on /home/airflow/.local/lib/python3.7/site-packages/airflow/example_dags/example_task_group_decorator.py
[2023-04-14T14:56:01.208+0000] {processor.py:743} INFO - Processing file /home/airflow/.local/lib/python3.7/site-packages/airflow/example_dags/example_task_group_decorator.py for tasks to queue
[2023-04-14T14:56:01.209+0000] {logging_mixin.py:137} INFO - [2023-04-14T14:56:01.209+0000] {dagbag.py:532} INFO - Filling up the DagBag from /home/airflow/.local/lib/python3.7/site-packages/airflow/example_dags/example_task_group_decorator.py
[2023-04-14T14:56:01.227+0000] {processor.py:753} INFO - DAG(s) dict_keys(['example_task_group_decorator']) retrieved from /home/airflow/.local/lib/python3.7/site-packages/airflow/example_dags/example_task_group_decorator.py
[2023-04-14T14:56:01.250+0000] {logging_mixin.py:137} INFO - [2023-04-14T14:56:01.250+0000] {dag.py:2693} INFO - Sync 1 DAGs
[2023-04-14T14:56:01.266+0000] {logging_mixin.py:137} INFO - [2023-04-14T14:56:01.266+0000] {dag.py:3444} INFO - Setting next_dagrun for example_task_group_decorator to 2023-04-13T14:56:01.266490+00:00, run_after=2023-04-14T14:56:01.266490+00:00
[2023-04-14T14:56:01.280+0000] {processor.py:175} INFO - Processing /home/airflow/.local/lib/python3.7/site-packages/airflow/example_dags/example_task_group_decorator.py took 0.076 seconds
[2023-04-14T14:56:31.584+0000] {processor.py:153} INFO - Started process (PID=1538) to work on /home/airflow/.local/lib/python3.7/site-packages/airflow/example_dags/example_task_group_decorator.py
[2023-04-14T14:56:31.585+0000] {processor.py:743} INFO - Processing file /home/airflow/.local/lib/python3.7/site-packages/airflow/example_dags/example_task_group_decorator.py for tasks to queue
[2023-04-14T14:56:31.586+0000] {logging_mixin.py:137} INFO - [2023-04-14T14:56:31.586+0000] {dagbag.py:532} INFO - Filling up the DagBag from /home/airflow/.local/lib/python3.7/site-packages/airflow/example_dags/example_task_group_decorator.py
[2023-04-14T14:56:31.606+0000] {processor.py:753} INFO - DAG(s) dict_keys(['example_task_group_decorator']) retrieved from /home/airflow/.local/lib/python3.7/site-packages/airflow/example_dags/example_task_group_decorator.py
[2023-04-14T14:56:31.635+0000] {logging_mixin.py:137} INFO - [2023-04-14T14:56:31.634+0000] {dag.py:2693} INFO - Sync 1 DAGs
[2023-04-14T14:56:31.660+0000] {logging_mixin.py:137} INFO - [2023-04-14T14:56:31.660+0000] {dag.py:3444} INFO - Setting next_dagrun for example_task_group_decorator to 2023-04-13T14:56:31.660490+00:00, run_after=2023-04-14T14:56:31.660490+00:00
[2023-04-14T14:56:31.672+0000] {processor.py:175} INFO - Processing /home/airflow/.local/lib/python3.7/site-packages/airflow/example_dags/example_task_group_decorator.py took 0.091 seconds
[2023-04-14T14:57:02.091+0000] {processor.py:153} INFO - Started process (PID=1591) to work on /home/airflow/.local/lib/python3.7/site-packages/airflow/example_dags/example_task_group_decorator.py
[2023-04-14T14:57:02.093+0000] {processor.py:743} INFO - Processing file /home/airflow/.local/lib/python3.7/site-packages/airflow/example_dags/example_task_group_decorator.py for tasks to queue
[2023-04-14T14:57:02.094+0000] {logging_mixin.py:137} INFO - [2023-04-14T14:57:02.094+0000] {dagbag.py:532} INFO - Filling up the DagBag from /home/airflow/.local/lib/python3.7/site-packages/airflow/example_dags/example_task_group_decorator.py
[2023-04-14T14:57:02.113+0000] {processor.py:753} INFO - DAG(s) dict_keys(['example_task_group_decorator']) retrieved from /home/airflow/.local/lib/python3.7/site-packages/airflow/example_dags/example_task_group_decorator.py
[2023-04-14T14:57:02.143+0000] {logging_mixin.py:137} INFO - [2023-04-14T14:57:02.143+0000] {dag.py:2693} INFO - Sync 1 DAGs
[2023-04-14T14:57:02.163+0000] {logging_mixin.py:137} INFO - [2023-04-14T14:57:02.163+0000] {dag.py:3444} INFO - Setting next_dagrun for example_task_group_decorator to 2023-04-13T14:57:02.163159+00:00, run_after=2023-04-14T14:57:02.163159+00:00
[2023-04-14T14:57:02.175+0000] {processor.py:175} INFO - Processing /home/airflow/.local/lib/python3.7/site-packages/airflow/example_dags/example_task_group_decorator.py took 0.087 seconds
