[2023-04-14T14:30:20.038+0000] {processor.py:153} INFO - Started process (PID=74) to work on /home/airflow/.local/lib/python3.7/site-packages/airflow/example_dags/example_latest_only_with_trigger.py
[2023-04-14T14:30:20.039+0000] {processor.py:743} INFO - Processing file /home/airflow/.local/lib/python3.7/site-packages/airflow/example_dags/example_latest_only_with_trigger.py for tasks to queue
[2023-04-14T14:30:20.040+0000] {logging_mixin.py:137} INFO - [2023-04-14T14:30:20.040+0000] {dagbag.py:532} INFO - Filling up the DagBag from /home/airflow/.local/lib/python3.7/site-packages/airflow/example_dags/example_latest_only_with_trigger.py
[2023-04-14T14:30:20.050+0000] {processor.py:753} INFO - DAG(s) dict_keys(['latest_only_with_trigger']) retrieved from /home/airflow/.local/lib/python3.7/site-packages/airflow/example_dags/example_latest_only_with_trigger.py
[2023-04-14T14:30:20.070+0000] {logging_mixin.py:137} INFO - [2023-04-14T14:30:20.070+0000] {dag.py:2693} INFO - Sync 1 DAGs
[2023-04-14T14:30:20.091+0000] {logging_mixin.py:137} INFO - [2023-04-14T14:30:20.090+0000] {dag.py:3444} INFO - Setting next_dagrun for latest_only_with_trigger to 2023-04-14T10:30:20.090743+00:00, run_after=2023-04-14T14:30:20.090743+00:00
[2023-04-14T14:30:20.104+0000] {processor.py:175} INFO - Processing /home/airflow/.local/lib/python3.7/site-packages/airflow/example_dags/example_latest_only_with_trigger.py took 0.069 seconds
[2023-04-14T14:30:50.530+0000] {processor.py:153} INFO - Started process (PID=130) to work on /home/airflow/.local/lib/python3.7/site-packages/airflow/example_dags/example_latest_only_with_trigger.py
[2023-04-14T14:30:50.543+0000] {processor.py:743} INFO - Processing file /home/airflow/.local/lib/python3.7/site-packages/airflow/example_dags/example_latest_only_with_trigger.py for tasks to queue
[2023-04-14T14:30:50.544+0000] {logging_mixin.py:137} INFO - [2023-04-14T14:30:50.544+0000] {dagbag.py:532} INFO - Filling up the DagBag from /home/airflow/.local/lib/python3.7/site-packages/airflow/example_dags/example_latest_only_with_trigger.py
[2023-04-14T14:30:50.558+0000] {processor.py:753} INFO - DAG(s) dict_keys(['latest_only_with_trigger']) retrieved from /home/airflow/.local/lib/python3.7/site-packages/airflow/example_dags/example_latest_only_with_trigger.py
[2023-04-14T14:30:50.582+0000] {logging_mixin.py:137} INFO - [2023-04-14T14:30:50.582+0000] {dag.py:2693} INFO - Sync 1 DAGs
[2023-04-14T14:30:50.599+0000] {logging_mixin.py:137} INFO - [2023-04-14T14:30:50.599+0000] {dag.py:3444} INFO - Setting next_dagrun for latest_only_with_trigger to 2023-04-14T10:30:50.599345+00:00, run_after=2023-04-14T14:30:50.599345+00:00
[2023-04-14T14:30:50.611+0000] {processor.py:175} INFO - Processing /home/airflow/.local/lib/python3.7/site-packages/airflow/example_dags/example_latest_only_with_trigger.py took 0.089 seconds
[2023-04-14T14:31:20.713+0000] {processor.py:153} INFO - Started process (PID=182) to work on /home/airflow/.local/lib/python3.7/site-packages/airflow/example_dags/example_latest_only_with_trigger.py
[2023-04-14T14:31:20.714+0000] {processor.py:743} INFO - Processing file /home/airflow/.local/lib/python3.7/site-packages/airflow/example_dags/example_latest_only_with_trigger.py for tasks to queue
[2023-04-14T14:31:20.714+0000] {logging_mixin.py:137} INFO - [2023-04-14T14:31:20.714+0000] {dagbag.py:532} INFO - Filling up the DagBag from /home/airflow/.local/lib/python3.7/site-packages/airflow/example_dags/example_latest_only_with_trigger.py
[2023-04-14T14:31:20.728+0000] {processor.py:753} INFO - DAG(s) dict_keys(['latest_only_with_trigger']) retrieved from /home/airflow/.local/lib/python3.7/site-packages/airflow/example_dags/example_latest_only_with_trigger.py
[2023-04-14T14:31:20.747+0000] {logging_mixin.py:137} INFO - [2023-04-14T14:31:20.747+0000] {dag.py:2693} INFO - Sync 1 DAGs
[2023-04-14T14:31:20.762+0000] {logging_mixin.py:137} INFO - [2023-04-14T14:31:20.762+0000] {dag.py:3444} INFO - Setting next_dagrun for latest_only_with_trigger to 2023-04-14T10:31:20.762664+00:00, run_after=2023-04-14T14:31:20.762664+00:00
[2023-04-14T14:31:20.775+0000] {processor.py:175} INFO - Processing /home/airflow/.local/lib/python3.7/site-packages/airflow/example_dags/example_latest_only_with_trigger.py took 0.065 seconds
[2023-04-14T14:31:51.566+0000] {processor.py:153} INFO - Started process (PID=235) to work on /home/airflow/.local/lib/python3.7/site-packages/airflow/example_dags/example_latest_only_with_trigger.py
[2023-04-14T14:31:51.567+0000] {processor.py:743} INFO - Processing file /home/airflow/.local/lib/python3.7/site-packages/airflow/example_dags/example_latest_only_with_trigger.py for tasks to queue
[2023-04-14T14:31:51.567+0000] {logging_mixin.py:137} INFO - [2023-04-14T14:31:51.567+0000] {dagbag.py:532} INFO - Filling up the DagBag from /home/airflow/.local/lib/python3.7/site-packages/airflow/example_dags/example_latest_only_with_trigger.py
[2023-04-14T14:31:51.577+0000] {processor.py:753} INFO - DAG(s) dict_keys(['latest_only_with_trigger']) retrieved from /home/airflow/.local/lib/python3.7/site-packages/airflow/example_dags/example_latest_only_with_trigger.py
[2023-04-14T14:31:51.596+0000] {logging_mixin.py:137} INFO - [2023-04-14T14:31:51.595+0000] {dag.py:2693} INFO - Sync 1 DAGs
[2023-04-14T14:31:51.612+0000] {logging_mixin.py:137} INFO - [2023-04-14T14:31:51.612+0000] {dag.py:3444} INFO - Setting next_dagrun for latest_only_with_trigger to 2023-04-14T10:31:51.611972+00:00, run_after=2023-04-14T14:31:51.611972+00:00
[2023-04-14T14:31:51.624+0000] {processor.py:175} INFO - Processing /home/airflow/.local/lib/python3.7/site-packages/airflow/example_dags/example_latest_only_with_trigger.py took 0.061 seconds
[2023-04-14T14:32:24.137+0000] {processor.py:153} INFO - Started process (PID=287) to work on /home/airflow/.local/lib/python3.7/site-packages/airflow/example_dags/example_latest_only_with_trigger.py
[2023-04-14T14:32:24.139+0000] {processor.py:743} INFO - Processing file /home/airflow/.local/lib/python3.7/site-packages/airflow/example_dags/example_latest_only_with_trigger.py for tasks to queue
[2023-04-14T14:32:24.140+0000] {logging_mixin.py:137} INFO - [2023-04-14T14:32:24.140+0000] {dagbag.py:532} INFO - Filling up the DagBag from /home/airflow/.local/lib/python3.7/site-packages/airflow/example_dags/example_latest_only_with_trigger.py
[2023-04-14T14:32:24.155+0000] {processor.py:753} INFO - DAG(s) dict_keys(['latest_only_with_trigger']) retrieved from /home/airflow/.local/lib/python3.7/site-packages/airflow/example_dags/example_latest_only_with_trigger.py
[2023-04-14T14:32:24.181+0000] {logging_mixin.py:137} INFO - [2023-04-14T14:32:24.181+0000] {dag.py:2693} INFO - Sync 1 DAGs
[2023-04-14T14:32:24.204+0000] {logging_mixin.py:137} INFO - [2023-04-14T14:32:24.204+0000] {dag.py:3444} INFO - Setting next_dagrun for latest_only_with_trigger to 2023-04-14T10:32:24.204252+00:00, run_after=2023-04-14T14:32:24.204252+00:00
[2023-04-14T14:32:24.219+0000] {processor.py:175} INFO - Processing /home/airflow/.local/lib/python3.7/site-packages/airflow/example_dags/example_latest_only_with_trigger.py took 0.087 seconds
[2023-04-14T14:33:55.548+0000] {processor.py:153} INFO - Started process (PID=67) to work on /home/airflow/.local/lib/python3.7/site-packages/airflow/example_dags/example_latest_only_with_trigger.py
[2023-04-14T14:33:55.555+0000] {processor.py:743} INFO - Processing file /home/airflow/.local/lib/python3.7/site-packages/airflow/example_dags/example_latest_only_with_trigger.py for tasks to queue
[2023-04-14T14:33:55.566+0000] {logging_mixin.py:137} INFO - [2023-04-14T14:33:55.566+0000] {dagbag.py:532} INFO - Filling up the DagBag from /home/airflow/.local/lib/python3.7/site-packages/airflow/example_dags/example_latest_only_with_trigger.py
[2023-04-14T14:33:55.711+0000] {processor.py:753} INFO - DAG(s) dict_keys(['latest_only_with_trigger']) retrieved from /home/airflow/.local/lib/python3.7/site-packages/airflow/example_dags/example_latest_only_with_trigger.py
[2023-04-14T14:33:55.993+0000] {logging_mixin.py:137} INFO - [2023-04-14T14:33:55.993+0000] {dag.py:2693} INFO - Sync 1 DAGs
[2023-04-14T14:33:56.161+0000] {logging_mixin.py:137} INFO - [2023-04-14T14:33:56.160+0000] {dag.py:3444} INFO - Setting next_dagrun for latest_only_with_trigger to 2023-04-14T10:33:56.157940+00:00, run_after=2023-04-14T14:33:56.157940+00:00
[2023-04-14T14:33:56.414+0000] {processor.py:175} INFO - Processing /home/airflow/.local/lib/python3.7/site-packages/airflow/example_dags/example_latest_only_with_trigger.py took 0.876 seconds
[2023-04-14T14:34:27.544+0000] {processor.py:153} INFO - Started process (PID=119) to work on /home/airflow/.local/lib/python3.7/site-packages/airflow/example_dags/example_latest_only_with_trigger.py
[2023-04-14T14:34:27.550+0000] {processor.py:743} INFO - Processing file /home/airflow/.local/lib/python3.7/site-packages/airflow/example_dags/example_latest_only_with_trigger.py for tasks to queue
[2023-04-14T14:34:27.552+0000] {logging_mixin.py:137} INFO - [2023-04-14T14:34:27.552+0000] {dagbag.py:532} INFO - Filling up the DagBag from /home/airflow/.local/lib/python3.7/site-packages/airflow/example_dags/example_latest_only_with_trigger.py
[2023-04-14T14:34:27.628+0000] {processor.py:753} INFO - DAG(s) dict_keys(['latest_only_with_trigger']) retrieved from /home/airflow/.local/lib/python3.7/site-packages/airflow/example_dags/example_latest_only_with_trigger.py
[2023-04-14T14:34:27.718+0000] {logging_mixin.py:137} INFO - [2023-04-14T14:34:27.718+0000] {dag.py:2693} INFO - Sync 1 DAGs
[2023-04-14T14:34:27.843+0000] {logging_mixin.py:137} INFO - [2023-04-14T14:34:27.843+0000] {dag.py:3444} INFO - Setting next_dagrun for latest_only_with_trigger to 2023-04-14T10:34:27.842945+00:00, run_after=2023-04-14T14:34:27.842945+00:00
[2023-04-14T14:34:27.873+0000] {processor.py:175} INFO - Processing /home/airflow/.local/lib/python3.7/site-packages/airflow/example_dags/example_latest_only_with_trigger.py took 0.348 seconds
[2023-04-14T14:34:58.069+0000] {processor.py:153} INFO - Started process (PID=172) to work on /home/airflow/.local/lib/python3.7/site-packages/airflow/example_dags/example_latest_only_with_trigger.py
[2023-04-14T14:34:58.073+0000] {processor.py:743} INFO - Processing file /home/airflow/.local/lib/python3.7/site-packages/airflow/example_dags/example_latest_only_with_trigger.py for tasks to queue
[2023-04-14T14:34:58.075+0000] {logging_mixin.py:137} INFO - [2023-04-14T14:34:58.074+0000] {dagbag.py:532} INFO - Filling up the DagBag from /home/airflow/.local/lib/python3.7/site-packages/airflow/example_dags/example_latest_only_with_trigger.py
[2023-04-14T14:34:58.099+0000] {processor.py:753} INFO - DAG(s) dict_keys(['latest_only_with_trigger']) retrieved from /home/airflow/.local/lib/python3.7/site-packages/airflow/example_dags/example_latest_only_with_trigger.py
[2023-04-14T14:34:58.138+0000] {logging_mixin.py:137} INFO - [2023-04-14T14:34:58.138+0000] {dag.py:2693} INFO - Sync 1 DAGs
[2023-04-14T14:34:58.176+0000] {logging_mixin.py:137} INFO - [2023-04-14T14:34:58.175+0000] {dag.py:3444} INFO - Setting next_dagrun for latest_only_with_trigger to 2023-04-14T10:34:58.175376+00:00, run_after=2023-04-14T14:34:58.175376+00:00
[2023-04-14T14:34:58.194+0000] {processor.py:175} INFO - Processing /home/airflow/.local/lib/python3.7/site-packages/airflow/example_dags/example_latest_only_with_trigger.py took 0.134 seconds
[2023-04-14T14:35:29.015+0000] {processor.py:153} INFO - Started process (PID=225) to work on /home/airflow/.local/lib/python3.7/site-packages/airflow/example_dags/example_latest_only_with_trigger.py
[2023-04-14T14:35:29.018+0000] {processor.py:743} INFO - Processing file /home/airflow/.local/lib/python3.7/site-packages/airflow/example_dags/example_latest_only_with_trigger.py for tasks to queue
[2023-04-14T14:35:29.021+0000] {logging_mixin.py:137} INFO - [2023-04-14T14:35:29.021+0000] {dagbag.py:532} INFO - Filling up the DagBag from /home/airflow/.local/lib/python3.7/site-packages/airflow/example_dags/example_latest_only_with_trigger.py
[2023-04-14T14:35:29.060+0000] {processor.py:753} INFO - DAG(s) dict_keys(['latest_only_with_trigger']) retrieved from /home/airflow/.local/lib/python3.7/site-packages/airflow/example_dags/example_latest_only_with_trigger.py
[2023-04-14T14:35:29.139+0000] {logging_mixin.py:137} INFO - [2023-04-14T14:35:29.139+0000] {dag.py:2693} INFO - Sync 1 DAGs
[2023-04-14T14:35:29.186+0000] {logging_mixin.py:137} INFO - [2023-04-14T14:35:29.186+0000] {dag.py:3444} INFO - Setting next_dagrun for latest_only_with_trigger to 2023-04-14T10:35:29.185462+00:00, run_after=2023-04-14T14:35:29.185462+00:00
[2023-04-14T14:35:29.215+0000] {processor.py:175} INFO - Processing /home/airflow/.local/lib/python3.7/site-packages/airflow/example_dags/example_latest_only_with_trigger.py took 0.206 seconds
[2023-04-14T14:36:00.017+0000] {processor.py:153} INFO - Started process (PID=278) to work on /home/airflow/.local/lib/python3.7/site-packages/airflow/example_dags/example_latest_only_with_trigger.py
[2023-04-14T14:36:00.020+0000] {processor.py:743} INFO - Processing file /home/airflow/.local/lib/python3.7/site-packages/airflow/example_dags/example_latest_only_with_trigger.py for tasks to queue
[2023-04-14T14:36:00.021+0000] {logging_mixin.py:137} INFO - [2023-04-14T14:36:00.021+0000] {dagbag.py:532} INFO - Filling up the DagBag from /home/airflow/.local/lib/python3.7/site-packages/airflow/example_dags/example_latest_only_with_trigger.py
[2023-04-14T14:36:00.043+0000] {processor.py:753} INFO - DAG(s) dict_keys(['latest_only_with_trigger']) retrieved from /home/airflow/.local/lib/python3.7/site-packages/airflow/example_dags/example_latest_only_with_trigger.py
[2023-04-14T14:36:00.075+0000] {logging_mixin.py:137} INFO - [2023-04-14T14:36:00.075+0000] {dag.py:2693} INFO - Sync 1 DAGs
[2023-04-14T14:36:00.101+0000] {logging_mixin.py:137} INFO - [2023-04-14T14:36:00.101+0000] {dag.py:3444} INFO - Setting next_dagrun for latest_only_with_trigger to 2023-04-14T10:36:00.100659+00:00, run_after=2023-04-14T14:36:00.100659+00:00
[2023-04-14T14:36:00.119+0000] {processor.py:175} INFO - Processing /home/airflow/.local/lib/python3.7/site-packages/airflow/example_dags/example_latest_only_with_trigger.py took 0.109 seconds
[2023-04-14T14:36:30.449+0000] {processor.py:153} INFO - Started process (PID=338) to work on /home/airflow/.local/lib/python3.7/site-packages/airflow/example_dags/example_latest_only_with_trigger.py
[2023-04-14T14:36:30.451+0000] {processor.py:743} INFO - Processing file /home/airflow/.local/lib/python3.7/site-packages/airflow/example_dags/example_latest_only_with_trigger.py for tasks to queue
[2023-04-14T14:36:30.452+0000] {logging_mixin.py:137} INFO - [2023-04-14T14:36:30.452+0000] {dagbag.py:532} INFO - Filling up the DagBag from /home/airflow/.local/lib/python3.7/site-packages/airflow/example_dags/example_latest_only_with_trigger.py
[2023-04-14T14:36:30.466+0000] {processor.py:753} INFO - DAG(s) dict_keys(['latest_only_with_trigger']) retrieved from /home/airflow/.local/lib/python3.7/site-packages/airflow/example_dags/example_latest_only_with_trigger.py
[2023-04-14T14:36:30.492+0000] {logging_mixin.py:137} INFO - [2023-04-14T14:36:30.492+0000] {dag.py:2693} INFO - Sync 1 DAGs
[2023-04-14T14:36:30.547+0000] {logging_mixin.py:137} INFO - [2023-04-14T14:36:30.547+0000] {dag.py:3444} INFO - Setting next_dagrun for latest_only_with_trigger to 2023-04-14T10:36:30.546883+00:00, run_after=2023-04-14T14:36:30.546883+00:00
[2023-04-14T14:36:30.579+0000] {processor.py:175} INFO - Processing /home/airflow/.local/lib/python3.7/site-packages/airflow/example_dags/example_latest_only_with_trigger.py took 0.135 seconds
[2023-04-14T14:37:00.997+0000] {processor.py:153} INFO - Started process (PID=391) to work on /home/airflow/.local/lib/python3.7/site-packages/airflow/example_dags/example_latest_only_with_trigger.py
[2023-04-14T14:37:01.000+0000] {processor.py:743} INFO - Processing file /home/airflow/.local/lib/python3.7/site-packages/airflow/example_dags/example_latest_only_with_trigger.py for tasks to queue
[2023-04-14T14:37:01.002+0000] {logging_mixin.py:137} INFO - [2023-04-14T14:37:01.001+0000] {dagbag.py:532} INFO - Filling up the DagBag from /home/airflow/.local/lib/python3.7/site-packages/airflow/example_dags/example_latest_only_with_trigger.py
[2023-04-14T14:37:01.031+0000] {processor.py:753} INFO - DAG(s) dict_keys(['latest_only_with_trigger']) retrieved from /home/airflow/.local/lib/python3.7/site-packages/airflow/example_dags/example_latest_only_with_trigger.py
[2023-04-14T14:37:01.081+0000] {logging_mixin.py:137} INFO - [2023-04-14T14:37:01.081+0000] {dag.py:2693} INFO - Sync 1 DAGs
[2023-04-14T14:37:01.129+0000] {logging_mixin.py:137} INFO - [2023-04-14T14:37:01.129+0000] {dag.py:3444} INFO - Setting next_dagrun for latest_only_with_trigger to 2023-04-14T10:37:01.129147+00:00, run_after=2023-04-14T14:37:01.129147+00:00
[2023-04-14T14:37:01.152+0000] {processor.py:175} INFO - Processing /home/airflow/.local/lib/python3.7/site-packages/airflow/example_dags/example_latest_only_with_trigger.py took 0.159 seconds
[2023-04-14T14:37:31.342+0000] {processor.py:153} INFO - Started process (PID=444) to work on /home/airflow/.local/lib/python3.7/site-packages/airflow/example_dags/example_latest_only_with_trigger.py
[2023-04-14T14:37:31.343+0000] {processor.py:743} INFO - Processing file /home/airflow/.local/lib/python3.7/site-packages/airflow/example_dags/example_latest_only_with_trigger.py for tasks to queue
[2023-04-14T14:37:31.344+0000] {logging_mixin.py:137} INFO - [2023-04-14T14:37:31.344+0000] {dagbag.py:532} INFO - Filling up the DagBag from /home/airflow/.local/lib/python3.7/site-packages/airflow/example_dags/example_latest_only_with_trigger.py
[2023-04-14T14:37:31.354+0000] {processor.py:753} INFO - DAG(s) dict_keys(['latest_only_with_trigger']) retrieved from /home/airflow/.local/lib/python3.7/site-packages/airflow/example_dags/example_latest_only_with_trigger.py
[2023-04-14T14:37:31.372+0000] {logging_mixin.py:137} INFO - [2023-04-14T14:37:31.372+0000] {dag.py:2693} INFO - Sync 1 DAGs
[2023-04-14T14:37:31.387+0000] {logging_mixin.py:137} INFO - [2023-04-14T14:37:31.387+0000] {dag.py:3444} INFO - Setting next_dagrun for latest_only_with_trigger to 2023-04-14T10:37:31.387604+00:00, run_after=2023-04-14T14:37:31.387604+00:00
[2023-04-14T14:37:31.399+0000] {processor.py:175} INFO - Processing /home/airflow/.local/lib/python3.7/site-packages/airflow/example_dags/example_latest_only_with_trigger.py took 0.060 seconds
[2023-04-14T14:38:01.611+0000] {processor.py:153} INFO - Started process (PID=496) to work on /home/airflow/.local/lib/python3.7/site-packages/airflow/example_dags/example_latest_only_with_trigger.py
[2023-04-14T14:38:01.612+0000] {processor.py:743} INFO - Processing file /home/airflow/.local/lib/python3.7/site-packages/airflow/example_dags/example_latest_only_with_trigger.py for tasks to queue
[2023-04-14T14:38:01.613+0000] {logging_mixin.py:137} INFO - [2023-04-14T14:38:01.613+0000] {dagbag.py:532} INFO - Filling up the DagBag from /home/airflow/.local/lib/python3.7/site-packages/airflow/example_dags/example_latest_only_with_trigger.py
[2023-04-14T14:38:01.625+0000] {processor.py:753} INFO - DAG(s) dict_keys(['latest_only_with_trigger']) retrieved from /home/airflow/.local/lib/python3.7/site-packages/airflow/example_dags/example_latest_only_with_trigger.py
[2023-04-14T14:38:01.646+0000] {logging_mixin.py:137} INFO - [2023-04-14T14:38:01.646+0000] {dag.py:2693} INFO - Sync 1 DAGs
[2023-04-14T14:38:01.664+0000] {logging_mixin.py:137} INFO - [2023-04-14T14:38:01.664+0000] {dag.py:3444} INFO - Setting next_dagrun for latest_only_with_trigger to 2023-04-14T10:38:01.664226+00:00, run_after=2023-04-14T14:38:01.664226+00:00
[2023-04-14T14:38:01.677+0000] {processor.py:175} INFO - Processing /home/airflow/.local/lib/python3.7/site-packages/airflow/example_dags/example_latest_only_with_trigger.py took 0.070 seconds
[2023-04-14T14:38:32.900+0000] {processor.py:153} INFO - Started process (PID=553) to work on /home/airflow/.local/lib/python3.7/site-packages/airflow/example_dags/example_latest_only_with_trigger.py
[2023-04-14T14:38:32.901+0000] {processor.py:743} INFO - Processing file /home/airflow/.local/lib/python3.7/site-packages/airflow/example_dags/example_latest_only_with_trigger.py for tasks to queue
[2023-04-14T14:38:32.902+0000] {logging_mixin.py:137} INFO - [2023-04-14T14:38:32.902+0000] {dagbag.py:532} INFO - Filling up the DagBag from /home/airflow/.local/lib/python3.7/site-packages/airflow/example_dags/example_latest_only_with_trigger.py
[2023-04-14T14:38:32.916+0000] {processor.py:753} INFO - DAG(s) dict_keys(['latest_only_with_trigger']) retrieved from /home/airflow/.local/lib/python3.7/site-packages/airflow/example_dags/example_latest_only_with_trigger.py
[2023-04-14T14:38:32.944+0000] {logging_mixin.py:137} INFO - [2023-04-14T14:38:32.944+0000] {dag.py:2693} INFO - Sync 1 DAGs
[2023-04-14T14:38:32.980+0000] {logging_mixin.py:137} INFO - [2023-04-14T14:38:32.980+0000] {dag.py:3444} INFO - Setting next_dagrun for latest_only_with_trigger to 2023-04-14T10:38:32.979806+00:00, run_after=2023-04-14T14:38:32.979806+00:00
[2023-04-14T14:38:33.004+0000] {processor.py:175} INFO - Processing /home/airflow/.local/lib/python3.7/site-packages/airflow/example_dags/example_latest_only_with_trigger.py took 0.107 seconds
[2023-04-14T14:39:03.884+0000] {processor.py:153} INFO - Started process (PID=606) to work on /home/airflow/.local/lib/python3.7/site-packages/airflow/example_dags/example_latest_only_with_trigger.py
[2023-04-14T14:39:03.886+0000] {processor.py:743} INFO - Processing file /home/airflow/.local/lib/python3.7/site-packages/airflow/example_dags/example_latest_only_with_trigger.py for tasks to queue
[2023-04-14T14:39:03.888+0000] {logging_mixin.py:137} INFO - [2023-04-14T14:39:03.888+0000] {dagbag.py:532} INFO - Filling up the DagBag from /home/airflow/.local/lib/python3.7/site-packages/airflow/example_dags/example_latest_only_with_trigger.py
[2023-04-14T14:39:03.900+0000] {processor.py:753} INFO - DAG(s) dict_keys(['latest_only_with_trigger']) retrieved from /home/airflow/.local/lib/python3.7/site-packages/airflow/example_dags/example_latest_only_with_trigger.py
[2023-04-14T14:39:03.924+0000] {logging_mixin.py:137} INFO - [2023-04-14T14:39:03.924+0000] {dag.py:2693} INFO - Sync 1 DAGs
[2023-04-14T14:39:03.943+0000] {logging_mixin.py:137} INFO - [2023-04-14T14:39:03.943+0000] {dag.py:3444} INFO - Setting next_dagrun for latest_only_with_trigger to 2023-04-14T10:39:03.943064+00:00, run_after=2023-04-14T14:39:03.943064+00:00
[2023-04-14T14:39:03.959+0000] {processor.py:175} INFO - Processing /home/airflow/.local/lib/python3.7/site-packages/airflow/example_dags/example_latest_only_with_trigger.py took 0.078 seconds
[2023-04-14T14:39:34.669+0000] {processor.py:153} INFO - Started process (PID=659) to work on /home/airflow/.local/lib/python3.7/site-packages/airflow/example_dags/example_latest_only_with_trigger.py
[2023-04-14T14:39:34.670+0000] {processor.py:743} INFO - Processing file /home/airflow/.local/lib/python3.7/site-packages/airflow/example_dags/example_latest_only_with_trigger.py for tasks to queue
[2023-04-14T14:39:34.671+0000] {logging_mixin.py:137} INFO - [2023-04-14T14:39:34.671+0000] {dagbag.py:532} INFO - Filling up the DagBag from /home/airflow/.local/lib/python3.7/site-packages/airflow/example_dags/example_latest_only_with_trigger.py
[2023-04-14T14:39:34.683+0000] {processor.py:753} INFO - DAG(s) dict_keys(['latest_only_with_trigger']) retrieved from /home/airflow/.local/lib/python3.7/site-packages/airflow/example_dags/example_latest_only_with_trigger.py
[2023-04-14T14:39:34.709+0000] {logging_mixin.py:137} INFO - [2023-04-14T14:39:34.708+0000] {dag.py:2693} INFO - Sync 1 DAGs
[2023-04-14T14:39:34.753+0000] {logging_mixin.py:137} INFO - [2023-04-14T14:39:34.753+0000] {dag.py:3444} INFO - Setting next_dagrun for latest_only_with_trigger to 2023-04-14T10:39:34.752996+00:00, run_after=2023-04-14T14:39:34.752996+00:00
[2023-04-14T14:39:34.774+0000] {processor.py:175} INFO - Processing /home/airflow/.local/lib/python3.7/site-packages/airflow/example_dags/example_latest_only_with_trigger.py took 0.109 seconds
[2023-04-14T14:40:05.470+0000] {processor.py:153} INFO - Started process (PID=712) to work on /home/airflow/.local/lib/python3.7/site-packages/airflow/example_dags/example_latest_only_with_trigger.py
[2023-04-14T14:40:05.472+0000] {processor.py:743} INFO - Processing file /home/airflow/.local/lib/python3.7/site-packages/airflow/example_dags/example_latest_only_with_trigger.py for tasks to queue
[2023-04-14T14:40:05.474+0000] {logging_mixin.py:137} INFO - [2023-04-14T14:40:05.474+0000] {dagbag.py:532} INFO - Filling up the DagBag from /home/airflow/.local/lib/python3.7/site-packages/airflow/example_dags/example_latest_only_with_trigger.py
[2023-04-14T14:40:05.493+0000] {processor.py:753} INFO - DAG(s) dict_keys(['latest_only_with_trigger']) retrieved from /home/airflow/.local/lib/python3.7/site-packages/airflow/example_dags/example_latest_only_with_trigger.py
[2023-04-14T14:40:05.520+0000] {logging_mixin.py:137} INFO - [2023-04-14T14:40:05.520+0000] {dag.py:2693} INFO - Sync 1 DAGs
[2023-04-14T14:40:05.546+0000] {logging_mixin.py:137} INFO - [2023-04-14T14:40:05.546+0000] {dag.py:3444} INFO - Setting next_dagrun for latest_only_with_trigger to 2023-04-14T10:40:05.546185+00:00, run_after=2023-04-14T14:40:05.546185+00:00
[2023-04-14T14:40:05.562+0000] {processor.py:175} INFO - Processing /home/airflow/.local/lib/python3.7/site-packages/airflow/example_dags/example_latest_only_with_trigger.py took 0.095 seconds
[2023-04-14T14:40:35.588+0000] {processor.py:153} INFO - Started process (PID=763) to work on /home/airflow/.local/lib/python3.7/site-packages/airflow/example_dags/example_latest_only_with_trigger.py
[2023-04-14T14:40:35.589+0000] {processor.py:743} INFO - Processing file /home/airflow/.local/lib/python3.7/site-packages/airflow/example_dags/example_latest_only_with_trigger.py for tasks to queue
[2023-04-14T14:40:35.590+0000] {logging_mixin.py:137} INFO - [2023-04-14T14:40:35.590+0000] {dagbag.py:532} INFO - Filling up the DagBag from /home/airflow/.local/lib/python3.7/site-packages/airflow/example_dags/example_latest_only_with_trigger.py
[2023-04-14T14:40:35.600+0000] {processor.py:753} INFO - DAG(s) dict_keys(['latest_only_with_trigger']) retrieved from /home/airflow/.local/lib/python3.7/site-packages/airflow/example_dags/example_latest_only_with_trigger.py
[2023-04-14T14:40:35.628+0000] {logging_mixin.py:137} INFO - [2023-04-14T14:40:35.628+0000] {dag.py:2693} INFO - Sync 1 DAGs
[2023-04-14T14:40:35.648+0000] {logging_mixin.py:137} INFO - [2023-04-14T14:40:35.648+0000] {dag.py:3444} INFO - Setting next_dagrun for latest_only_with_trigger to 2023-04-14T10:40:35.648526+00:00, run_after=2023-04-14T14:40:35.648526+00:00
[2023-04-14T14:40:35.664+0000] {processor.py:175} INFO - Processing /home/airflow/.local/lib/python3.7/site-packages/airflow/example_dags/example_latest_only_with_trigger.py took 0.078 seconds
[2023-04-14T14:41:06.389+0000] {processor.py:153} INFO - Started process (PID=816) to work on /home/airflow/.local/lib/python3.7/site-packages/airflow/example_dags/example_latest_only_with_trigger.py
[2023-04-14T14:41:06.391+0000] {processor.py:743} INFO - Processing file /home/airflow/.local/lib/python3.7/site-packages/airflow/example_dags/example_latest_only_with_trigger.py for tasks to queue
[2023-04-14T14:41:06.393+0000] {logging_mixin.py:137} INFO - [2023-04-14T14:41:06.392+0000] {dagbag.py:532} INFO - Filling up the DagBag from /home/airflow/.local/lib/python3.7/site-packages/airflow/example_dags/example_latest_only_with_trigger.py
[2023-04-14T14:41:06.415+0000] {processor.py:753} INFO - DAG(s) dict_keys(['latest_only_with_trigger']) retrieved from /home/airflow/.local/lib/python3.7/site-packages/airflow/example_dags/example_latest_only_with_trigger.py
[2023-04-14T14:41:06.448+0000] {logging_mixin.py:137} INFO - [2023-04-14T14:41:06.448+0000] {dag.py:2693} INFO - Sync 1 DAGs
[2023-04-14T14:41:06.472+0000] {logging_mixin.py:137} INFO - [2023-04-14T14:41:06.472+0000] {dag.py:3444} INFO - Setting next_dagrun for latest_only_with_trigger to 2023-04-14T10:41:06.471791+00:00, run_after=2023-04-14T14:41:06.471791+00:00
[2023-04-14T14:41:06.499+0000] {processor.py:175} INFO - Processing /home/airflow/.local/lib/python3.7/site-packages/airflow/example_dags/example_latest_only_with_trigger.py took 0.114 seconds
[2023-04-14T14:42:16.571+0000] {processor.py:153} INFO - Started process (PID=67) to work on /home/airflow/.local/lib/python3.7/site-packages/airflow/example_dags/example_latest_only_with_trigger.py
[2023-04-14T14:42:16.573+0000] {processor.py:743} INFO - Processing file /home/airflow/.local/lib/python3.7/site-packages/airflow/example_dags/example_latest_only_with_trigger.py for tasks to queue
[2023-04-14T14:42:16.574+0000] {logging_mixin.py:137} INFO - [2023-04-14T14:42:16.574+0000] {dagbag.py:532} INFO - Filling up the DagBag from /home/airflow/.local/lib/python3.7/site-packages/airflow/example_dags/example_latest_only_with_trigger.py
[2023-04-14T14:42:16.590+0000] {processor.py:753} INFO - DAG(s) dict_keys(['latest_only_with_trigger']) retrieved from /home/airflow/.local/lib/python3.7/site-packages/airflow/example_dags/example_latest_only_with_trigger.py
[2023-04-14T14:42:16.603+0000] {logging_mixin.py:137} INFO - [2023-04-14T14:42:16.603+0000] {dag.py:2693} INFO - Sync 1 DAGs
[2023-04-14T14:42:16.627+0000] {logging_mixin.py:137} INFO - [2023-04-14T14:42:16.627+0000] {dag.py:3444} INFO - Setting next_dagrun for latest_only_with_trigger to 2023-04-14T10:42:16.627357+00:00, run_after=2023-04-14T14:42:16.627357+00:00
[2023-04-14T14:42:16.643+0000] {processor.py:175} INFO - Processing /home/airflow/.local/lib/python3.7/site-packages/airflow/example_dags/example_latest_only_with_trigger.py took 0.075 seconds
[2023-04-14T14:42:47.262+0000] {processor.py:153} INFO - Started process (PID=120) to work on /home/airflow/.local/lib/python3.7/site-packages/airflow/example_dags/example_latest_only_with_trigger.py
[2023-04-14T14:42:47.264+0000] {processor.py:743} INFO - Processing file /home/airflow/.local/lib/python3.7/site-packages/airflow/example_dags/example_latest_only_with_trigger.py for tasks to queue
[2023-04-14T14:42:47.264+0000] {logging_mixin.py:137} INFO - [2023-04-14T14:42:47.264+0000] {dagbag.py:532} INFO - Filling up the DagBag from /home/airflow/.local/lib/python3.7/site-packages/airflow/example_dags/example_latest_only_with_trigger.py
[2023-04-14T14:42:47.275+0000] {processor.py:753} INFO - DAG(s) dict_keys(['latest_only_with_trigger']) retrieved from /home/airflow/.local/lib/python3.7/site-packages/airflow/example_dags/example_latest_only_with_trigger.py
[2023-04-14T14:42:47.294+0000] {logging_mixin.py:137} INFO - [2023-04-14T14:42:47.294+0000] {dag.py:2693} INFO - Sync 1 DAGs
[2023-04-14T14:42:47.310+0000] {logging_mixin.py:137} INFO - [2023-04-14T14:42:47.310+0000] {dag.py:3444} INFO - Setting next_dagrun for latest_only_with_trigger to 2023-04-14T10:42:47.310141+00:00, run_after=2023-04-14T14:42:47.310141+00:00
[2023-04-14T14:42:47.321+0000] {processor.py:175} INFO - Processing /home/airflow/.local/lib/python3.7/site-packages/airflow/example_dags/example_latest_only_with_trigger.py took 0.062 seconds
[2023-04-14T14:43:17.645+0000] {processor.py:153} INFO - Started process (PID=173) to work on /home/airflow/.local/lib/python3.7/site-packages/airflow/example_dags/example_latest_only_with_trigger.py
[2023-04-14T14:43:17.646+0000] {processor.py:743} INFO - Processing file /home/airflow/.local/lib/python3.7/site-packages/airflow/example_dags/example_latest_only_with_trigger.py for tasks to queue
[2023-04-14T14:43:17.646+0000] {logging_mixin.py:137} INFO - [2023-04-14T14:43:17.646+0000] {dagbag.py:532} INFO - Filling up the DagBag from /home/airflow/.local/lib/python3.7/site-packages/airflow/example_dags/example_latest_only_with_trigger.py
[2023-04-14T14:43:17.656+0000] {processor.py:753} INFO - DAG(s) dict_keys(['latest_only_with_trigger']) retrieved from /home/airflow/.local/lib/python3.7/site-packages/airflow/example_dags/example_latest_only_with_trigger.py
[2023-04-14T14:43:17.675+0000] {logging_mixin.py:137} INFO - [2023-04-14T14:43:17.675+0000] {dag.py:2693} INFO - Sync 1 DAGs
[2023-04-14T14:43:17.689+0000] {logging_mixin.py:137} INFO - [2023-04-14T14:43:17.689+0000] {dag.py:3444} INFO - Setting next_dagrun for latest_only_with_trigger to 2023-04-14T10:43:17.689579+00:00, run_after=2023-04-14T14:43:17.689579+00:00
[2023-04-14T14:43:17.701+0000] {processor.py:175} INFO - Processing /home/airflow/.local/lib/python3.7/site-packages/airflow/example_dags/example_latest_only_with_trigger.py took 0.059 seconds
[2023-04-14T14:43:49.313+0000] {processor.py:153} INFO - Started process (PID=226) to work on /home/airflow/.local/lib/python3.7/site-packages/airflow/example_dags/example_latest_only_with_trigger.py
[2023-04-14T14:43:49.314+0000] {processor.py:743} INFO - Processing file /home/airflow/.local/lib/python3.7/site-packages/airflow/example_dags/example_latest_only_with_trigger.py for tasks to queue
[2023-04-14T14:43:49.316+0000] {logging_mixin.py:137} INFO - [2023-04-14T14:43:49.316+0000] {dagbag.py:532} INFO - Filling up the DagBag from /home/airflow/.local/lib/python3.7/site-packages/airflow/example_dags/example_latest_only_with_trigger.py
[2023-04-14T14:43:49.331+0000] {processor.py:753} INFO - DAG(s) dict_keys(['latest_only_with_trigger']) retrieved from /home/airflow/.local/lib/python3.7/site-packages/airflow/example_dags/example_latest_only_with_trigger.py
[2023-04-14T14:43:49.353+0000] {logging_mixin.py:137} INFO - [2023-04-14T14:43:49.353+0000] {dag.py:2693} INFO - Sync 1 DAGs
[2023-04-14T14:43:49.371+0000] {logging_mixin.py:137} INFO - [2023-04-14T14:43:49.371+0000] {dag.py:3444} INFO - Setting next_dagrun for latest_only_with_trigger to 2023-04-14T10:43:49.370814+00:00, run_after=2023-04-14T14:43:49.370814+00:00
[2023-04-14T14:43:49.383+0000] {processor.py:175} INFO - Processing /home/airflow/.local/lib/python3.7/site-packages/airflow/example_dags/example_latest_only_with_trigger.py took 0.074 seconds
[2023-04-14T14:44:19.991+0000] {processor.py:153} INFO - Started process (PID=279) to work on /home/airflow/.local/lib/python3.7/site-packages/airflow/example_dags/example_latest_only_with_trigger.py
[2023-04-14T14:44:19.992+0000] {processor.py:743} INFO - Processing file /home/airflow/.local/lib/python3.7/site-packages/airflow/example_dags/example_latest_only_with_trigger.py for tasks to queue
[2023-04-14T14:44:19.993+0000] {logging_mixin.py:137} INFO - [2023-04-14T14:44:19.993+0000] {dagbag.py:532} INFO - Filling up the DagBag from /home/airflow/.local/lib/python3.7/site-packages/airflow/example_dags/example_latest_only_with_trigger.py
[2023-04-14T14:44:20.003+0000] {processor.py:753} INFO - DAG(s) dict_keys(['latest_only_with_trigger']) retrieved from /home/airflow/.local/lib/python3.7/site-packages/airflow/example_dags/example_latest_only_with_trigger.py
[2023-04-14T14:44:20.022+0000] {logging_mixin.py:137} INFO - [2023-04-14T14:44:20.022+0000] {dag.py:2693} INFO - Sync 1 DAGs
[2023-04-14T14:44:20.038+0000] {logging_mixin.py:137} INFO - [2023-04-14T14:44:20.038+0000] {dag.py:3444} INFO - Setting next_dagrun for latest_only_with_trigger to 2023-04-14T10:44:20.037969+00:00, run_after=2023-04-14T14:44:20.037969+00:00
[2023-04-14T14:44:20.050+0000] {processor.py:175} INFO - Processing /home/airflow/.local/lib/python3.7/site-packages/airflow/example_dags/example_latest_only_with_trigger.py took 0.063 seconds
[2023-04-14T14:44:50.339+0000] {processor.py:153} INFO - Started process (PID=332) to work on /home/airflow/.local/lib/python3.7/site-packages/airflow/example_dags/example_latest_only_with_trigger.py
[2023-04-14T14:44:50.340+0000] {processor.py:743} INFO - Processing file /home/airflow/.local/lib/python3.7/site-packages/airflow/example_dags/example_latest_only_with_trigger.py for tasks to queue
[2023-04-14T14:44:50.340+0000] {logging_mixin.py:137} INFO - [2023-04-14T14:44:50.340+0000] {dagbag.py:532} INFO - Filling up the DagBag from /home/airflow/.local/lib/python3.7/site-packages/airflow/example_dags/example_latest_only_with_trigger.py
[2023-04-14T14:44:50.351+0000] {processor.py:753} INFO - DAG(s) dict_keys(['latest_only_with_trigger']) retrieved from /home/airflow/.local/lib/python3.7/site-packages/airflow/example_dags/example_latest_only_with_trigger.py
[2023-04-14T14:44:50.371+0000] {logging_mixin.py:137} INFO - [2023-04-14T14:44:50.371+0000] {dag.py:2693} INFO - Sync 1 DAGs
[2023-04-14T14:44:50.387+0000] {logging_mixin.py:137} INFO - [2023-04-14T14:44:50.387+0000] {dag.py:3444} INFO - Setting next_dagrun for latest_only_with_trigger to 2023-04-14T10:44:50.387608+00:00, run_after=2023-04-14T14:44:50.387608+00:00
[2023-04-14T14:44:50.402+0000] {processor.py:175} INFO - Processing /home/airflow/.local/lib/python3.7/site-packages/airflow/example_dags/example_latest_only_with_trigger.py took 0.066 seconds
[2023-04-14T14:45:20.716+0000] {processor.py:153} INFO - Started process (PID=385) to work on /home/airflow/.local/lib/python3.7/site-packages/airflow/example_dags/example_latest_only_with_trigger.py
[2023-04-14T14:45:20.717+0000] {processor.py:743} INFO - Processing file /home/airflow/.local/lib/python3.7/site-packages/airflow/example_dags/example_latest_only_with_trigger.py for tasks to queue
[2023-04-14T14:45:20.717+0000] {logging_mixin.py:137} INFO - [2023-04-14T14:45:20.717+0000] {dagbag.py:532} INFO - Filling up the DagBag from /home/airflow/.local/lib/python3.7/site-packages/airflow/example_dags/example_latest_only_with_trigger.py
[2023-04-14T14:45:20.728+0000] {processor.py:753} INFO - DAG(s) dict_keys(['latest_only_with_trigger']) retrieved from /home/airflow/.local/lib/python3.7/site-packages/airflow/example_dags/example_latest_only_with_trigger.py
[2023-04-14T14:45:20.747+0000] {logging_mixin.py:137} INFO - [2023-04-14T14:45:20.747+0000] {dag.py:2693} INFO - Sync 1 DAGs
[2023-04-14T14:45:20.762+0000] {logging_mixin.py:137} INFO - [2023-04-14T14:45:20.762+0000] {dag.py:3444} INFO - Setting next_dagrun for latest_only_with_trigger to 2023-04-14T10:45:20.762421+00:00, run_after=2023-04-14T14:45:20.762421+00:00
[2023-04-14T14:45:20.774+0000] {processor.py:175} INFO - Processing /home/airflow/.local/lib/python3.7/site-packages/airflow/example_dags/example_latest_only_with_trigger.py took 0.061 seconds
[2023-04-14T14:45:51.402+0000] {processor.py:153} INFO - Started process (PID=438) to work on /home/airflow/.local/lib/python3.7/site-packages/airflow/example_dags/example_latest_only_with_trigger.py
[2023-04-14T14:45:51.403+0000] {processor.py:743} INFO - Processing file /home/airflow/.local/lib/python3.7/site-packages/airflow/example_dags/example_latest_only_with_trigger.py for tasks to queue
[2023-04-14T14:45:51.404+0000] {logging_mixin.py:137} INFO - [2023-04-14T14:45:51.404+0000] {dagbag.py:532} INFO - Filling up the DagBag from /home/airflow/.local/lib/python3.7/site-packages/airflow/example_dags/example_latest_only_with_trigger.py
[2023-04-14T14:45:51.415+0000] {processor.py:753} INFO - DAG(s) dict_keys(['latest_only_with_trigger']) retrieved from /home/airflow/.local/lib/python3.7/site-packages/airflow/example_dags/example_latest_only_with_trigger.py
[2023-04-14T14:45:51.437+0000] {logging_mixin.py:137} INFO - [2023-04-14T14:45:51.437+0000] {dag.py:2693} INFO - Sync 1 DAGs
[2023-04-14T14:45:51.456+0000] {logging_mixin.py:137} INFO - [2023-04-14T14:45:51.456+0000] {dag.py:3444} INFO - Setting next_dagrun for latest_only_with_trigger to 2023-04-14T10:45:51.455946+00:00, run_after=2023-04-14T14:45:51.455946+00:00
[2023-04-14T14:45:51.468+0000] {processor.py:175} INFO - Processing /home/airflow/.local/lib/python3.7/site-packages/airflow/example_dags/example_latest_only_with_trigger.py took 0.069 seconds
[2023-04-14T14:46:22.615+0000] {processor.py:153} INFO - Started process (PID=491) to work on /home/airflow/.local/lib/python3.7/site-packages/airflow/example_dags/example_latest_only_with_trigger.py
[2023-04-14T14:46:22.617+0000] {processor.py:743} INFO - Processing file /home/airflow/.local/lib/python3.7/site-packages/airflow/example_dags/example_latest_only_with_trigger.py for tasks to queue
[2023-04-14T14:46:22.618+0000] {logging_mixin.py:137} INFO - [2023-04-14T14:46:22.618+0000] {dagbag.py:532} INFO - Filling up the DagBag from /home/airflow/.local/lib/python3.7/site-packages/airflow/example_dags/example_latest_only_with_trigger.py
[2023-04-14T14:46:22.639+0000] {processor.py:753} INFO - DAG(s) dict_keys(['latest_only_with_trigger']) retrieved from /home/airflow/.local/lib/python3.7/site-packages/airflow/example_dags/example_latest_only_with_trigger.py
[2023-04-14T14:46:22.660+0000] {logging_mixin.py:137} INFO - [2023-04-14T14:46:22.660+0000] {dag.py:2693} INFO - Sync 1 DAGs
[2023-04-14T14:46:22.678+0000] {logging_mixin.py:137} INFO - [2023-04-14T14:46:22.678+0000] {dag.py:3444} INFO - Setting next_dagrun for latest_only_with_trigger to 2023-04-14T10:46:22.678467+00:00, run_after=2023-04-14T14:46:22.678467+00:00
[2023-04-14T14:46:22.690+0000] {processor.py:175} INFO - Processing /home/airflow/.local/lib/python3.7/site-packages/airflow/example_dags/example_latest_only_with_trigger.py took 0.078 seconds
[2023-04-14T14:46:53.688+0000] {processor.py:153} INFO - Started process (PID=544) to work on /home/airflow/.local/lib/python3.7/site-packages/airflow/example_dags/example_latest_only_with_trigger.py
[2023-04-14T14:46:53.689+0000] {processor.py:743} INFO - Processing file /home/airflow/.local/lib/python3.7/site-packages/airflow/example_dags/example_latest_only_with_trigger.py for tasks to queue
[2023-04-14T14:46:53.690+0000] {logging_mixin.py:137} INFO - [2023-04-14T14:46:53.690+0000] {dagbag.py:532} INFO - Filling up the DagBag from /home/airflow/.local/lib/python3.7/site-packages/airflow/example_dags/example_latest_only_with_trigger.py
[2023-04-14T14:46:53.700+0000] {processor.py:753} INFO - DAG(s) dict_keys(['latest_only_with_trigger']) retrieved from /home/airflow/.local/lib/python3.7/site-packages/airflow/example_dags/example_latest_only_with_trigger.py
[2023-04-14T14:46:53.723+0000] {logging_mixin.py:137} INFO - [2023-04-14T14:46:53.723+0000] {dag.py:2693} INFO - Sync 1 DAGs
[2023-04-14T14:46:53.746+0000] {logging_mixin.py:137} INFO - [2023-04-14T14:46:53.746+0000] {dag.py:3444} INFO - Setting next_dagrun for latest_only_with_trigger to 2023-04-14T10:46:53.746218+00:00, run_after=2023-04-14T14:46:53.746218+00:00
[2023-04-14T14:46:53.759+0000] {processor.py:175} INFO - Processing /home/airflow/.local/lib/python3.7/site-packages/airflow/example_dags/example_latest_only_with_trigger.py took 0.074 seconds
[2023-04-14T14:47:24.414+0000] {processor.py:153} INFO - Started process (PID=598) to work on /home/airflow/.local/lib/python3.7/site-packages/airflow/example_dags/example_latest_only_with_trigger.py
[2023-04-14T14:47:24.416+0000] {processor.py:743} INFO - Processing file /home/airflow/.local/lib/python3.7/site-packages/airflow/example_dags/example_latest_only_with_trigger.py for tasks to queue
[2023-04-14T14:47:24.417+0000] {logging_mixin.py:137} INFO - [2023-04-14T14:47:24.417+0000] {dagbag.py:532} INFO - Filling up the DagBag from /home/airflow/.local/lib/python3.7/site-packages/airflow/example_dags/example_latest_only_with_trigger.py
[2023-04-14T14:47:24.428+0000] {processor.py:753} INFO - DAG(s) dict_keys(['latest_only_with_trigger']) retrieved from /home/airflow/.local/lib/python3.7/site-packages/airflow/example_dags/example_latest_only_with_trigger.py
[2023-04-14T14:47:24.447+0000] {logging_mixin.py:137} INFO - [2023-04-14T14:47:24.447+0000] {dag.py:2693} INFO - Sync 1 DAGs
[2023-04-14T14:47:24.463+0000] {logging_mixin.py:137} INFO - [2023-04-14T14:47:24.463+0000] {dag.py:3444} INFO - Setting next_dagrun for latest_only_with_trigger to 2023-04-14T10:47:24.463129+00:00, run_after=2023-04-14T14:47:24.463129+00:00
[2023-04-14T14:47:24.476+0000] {processor.py:175} INFO - Processing /home/airflow/.local/lib/python3.7/site-packages/airflow/example_dags/example_latest_only_with_trigger.py took 0.065 seconds
[2023-04-14T14:47:57.147+0000] {processor.py:153} INFO - Started process (PID=653) to work on /home/airflow/.local/lib/python3.7/site-packages/airflow/example_dags/example_latest_only_with_trigger.py
[2023-04-14T14:47:57.149+0000] {processor.py:743} INFO - Processing file /home/airflow/.local/lib/python3.7/site-packages/airflow/example_dags/example_latest_only_with_trigger.py for tasks to queue
[2023-04-14T14:47:57.151+0000] {logging_mixin.py:137} INFO - [2023-04-14T14:47:57.150+0000] {dagbag.py:532} INFO - Filling up the DagBag from /home/airflow/.local/lib/python3.7/site-packages/airflow/example_dags/example_latest_only_with_trigger.py
[2023-04-14T14:47:57.177+0000] {processor.py:753} INFO - DAG(s) dict_keys(['latest_only_with_trigger']) retrieved from /home/airflow/.local/lib/python3.7/site-packages/airflow/example_dags/example_latest_only_with_trigger.py
[2023-04-14T14:47:57.206+0000] {logging_mixin.py:137} INFO - [2023-04-14T14:47:57.206+0000] {dag.py:2693} INFO - Sync 1 DAGs
[2023-04-14T14:47:57.230+0000] {logging_mixin.py:137} INFO - [2023-04-14T14:47:57.230+0000] {dag.py:3444} INFO - Setting next_dagrun for latest_only_with_trigger to 2023-04-14T10:47:57.230018+00:00, run_after=2023-04-14T14:47:57.230018+00:00
[2023-04-14T14:47:57.247+0000] {processor.py:175} INFO - Processing /home/airflow/.local/lib/python3.7/site-packages/airflow/example_dags/example_latest_only_with_trigger.py took 0.103 seconds
[2023-04-14T14:48:27.385+0000] {processor.py:153} INFO - Started process (PID=705) to work on /home/airflow/.local/lib/python3.7/site-packages/airflow/example_dags/example_latest_only_with_trigger.py
[2023-04-14T14:48:27.386+0000] {processor.py:743} INFO - Processing file /home/airflow/.local/lib/python3.7/site-packages/airflow/example_dags/example_latest_only_with_trigger.py for tasks to queue
[2023-04-14T14:48:27.387+0000] {logging_mixin.py:137} INFO - [2023-04-14T14:48:27.387+0000] {dagbag.py:532} INFO - Filling up the DagBag from /home/airflow/.local/lib/python3.7/site-packages/airflow/example_dags/example_latest_only_with_trigger.py
[2023-04-14T14:48:27.398+0000] {processor.py:753} INFO - DAG(s) dict_keys(['latest_only_with_trigger']) retrieved from /home/airflow/.local/lib/python3.7/site-packages/airflow/example_dags/example_latest_only_with_trigger.py
[2023-04-14T14:48:27.422+0000] {logging_mixin.py:137} INFO - [2023-04-14T14:48:27.422+0000] {dag.py:2693} INFO - Sync 1 DAGs
[2023-04-14T14:48:27.439+0000] {logging_mixin.py:137} INFO - [2023-04-14T14:48:27.439+0000] {dag.py:3444} INFO - Setting next_dagrun for latest_only_with_trigger to 2023-04-14T10:48:27.439176+00:00, run_after=2023-04-14T14:48:27.439176+00:00
[2023-04-14T14:48:27.451+0000] {processor.py:175} INFO - Processing /home/airflow/.local/lib/python3.7/site-packages/airflow/example_dags/example_latest_only_with_trigger.py took 0.069 seconds
[2023-04-14T14:48:57.628+0000] {processor.py:153} INFO - Started process (PID=758) to work on /home/airflow/.local/lib/python3.7/site-packages/airflow/example_dags/example_latest_only_with_trigger.py
[2023-04-14T14:48:57.630+0000] {processor.py:743} INFO - Processing file /home/airflow/.local/lib/python3.7/site-packages/airflow/example_dags/example_latest_only_with_trigger.py for tasks to queue
[2023-04-14T14:48:57.631+0000] {logging_mixin.py:137} INFO - [2023-04-14T14:48:57.631+0000] {dagbag.py:532} INFO - Filling up the DagBag from /home/airflow/.local/lib/python3.7/site-packages/airflow/example_dags/example_latest_only_with_trigger.py
[2023-04-14T14:48:57.644+0000] {processor.py:753} INFO - DAG(s) dict_keys(['latest_only_with_trigger']) retrieved from /home/airflow/.local/lib/python3.7/site-packages/airflow/example_dags/example_latest_only_with_trigger.py
[2023-04-14T14:48:57.681+0000] {logging_mixin.py:137} INFO - [2023-04-14T14:48:57.681+0000] {dag.py:2693} INFO - Sync 1 DAGs
[2023-04-14T14:48:57.720+0000] {logging_mixin.py:137} INFO - [2023-04-14T14:48:57.720+0000] {dag.py:3444} INFO - Setting next_dagrun for latest_only_with_trigger to 2023-04-14T10:48:57.719852+00:00, run_after=2023-04-14T14:48:57.719852+00:00
[2023-04-14T14:48:57.747+0000] {processor.py:175} INFO - Processing /home/airflow/.local/lib/python3.7/site-packages/airflow/example_dags/example_latest_only_with_trigger.py took 0.123 seconds
[2023-04-14T14:49:28.649+0000] {processor.py:153} INFO - Started process (PID=810) to work on /home/airflow/.local/lib/python3.7/site-packages/airflow/example_dags/example_latest_only_with_trigger.py
[2023-04-14T14:49:28.650+0000] {processor.py:743} INFO - Processing file /home/airflow/.local/lib/python3.7/site-packages/airflow/example_dags/example_latest_only_with_trigger.py for tasks to queue
[2023-04-14T14:49:28.651+0000] {logging_mixin.py:137} INFO - [2023-04-14T14:49:28.651+0000] {dagbag.py:532} INFO - Filling up the DagBag from /home/airflow/.local/lib/python3.7/site-packages/airflow/example_dags/example_latest_only_with_trigger.py
[2023-04-14T14:49:28.664+0000] {processor.py:753} INFO - DAG(s) dict_keys(['latest_only_with_trigger']) retrieved from /home/airflow/.local/lib/python3.7/site-packages/airflow/example_dags/example_latest_only_with_trigger.py
[2023-04-14T14:49:28.687+0000] {logging_mixin.py:137} INFO - [2023-04-14T14:49:28.687+0000] {dag.py:2693} INFO - Sync 1 DAGs
[2023-04-14T14:49:28.730+0000] {logging_mixin.py:137} INFO - [2023-04-14T14:49:28.730+0000] {dag.py:3444} INFO - Setting next_dagrun for latest_only_with_trigger to 2023-04-14T10:49:28.729968+00:00, run_after=2023-04-14T14:49:28.729968+00:00
[2023-04-14T14:49:28.756+0000] {processor.py:175} INFO - Processing /home/airflow/.local/lib/python3.7/site-packages/airflow/example_dags/example_latest_only_with_trigger.py took 0.111 seconds
[2023-04-14T14:49:59.199+0000] {processor.py:153} INFO - Started process (PID=862) to work on /home/airflow/.local/lib/python3.7/site-packages/airflow/example_dags/example_latest_only_with_trigger.py
[2023-04-14T14:49:59.201+0000] {processor.py:743} INFO - Processing file /home/airflow/.local/lib/python3.7/site-packages/airflow/example_dags/example_latest_only_with_trigger.py for tasks to queue
[2023-04-14T14:49:59.203+0000] {logging_mixin.py:137} INFO - [2023-04-14T14:49:59.203+0000] {dagbag.py:532} INFO - Filling up the DagBag from /home/airflow/.local/lib/python3.7/site-packages/airflow/example_dags/example_latest_only_with_trigger.py
[2023-04-14T14:49:59.225+0000] {processor.py:753} INFO - DAG(s) dict_keys(['latest_only_with_trigger']) retrieved from /home/airflow/.local/lib/python3.7/site-packages/airflow/example_dags/example_latest_only_with_trigger.py
[2023-04-14T14:49:59.273+0000] {logging_mixin.py:137} INFO - [2023-04-14T14:49:59.273+0000] {dag.py:2693} INFO - Sync 1 DAGs
[2023-04-14T14:49:59.308+0000] {logging_mixin.py:137} INFO - [2023-04-14T14:49:59.308+0000] {dag.py:3444} INFO - Setting next_dagrun for latest_only_with_trigger to 2023-04-14T10:49:59.308072+00:00, run_after=2023-04-14T14:49:59.308072+00:00
[2023-04-14T14:49:59.330+0000] {processor.py:175} INFO - Processing /home/airflow/.local/lib/python3.7/site-packages/airflow/example_dags/example_latest_only_with_trigger.py took 0.140 seconds
[2023-04-14T14:50:29.653+0000] {processor.py:153} INFO - Started process (PID=915) to work on /home/airflow/.local/lib/python3.7/site-packages/airflow/example_dags/example_latest_only_with_trigger.py
[2023-04-14T14:50:29.655+0000] {processor.py:743} INFO - Processing file /home/airflow/.local/lib/python3.7/site-packages/airflow/example_dags/example_latest_only_with_trigger.py for tasks to queue
[2023-04-14T14:50:29.657+0000] {logging_mixin.py:137} INFO - [2023-04-14T14:50:29.656+0000] {dagbag.py:532} INFO - Filling up the DagBag from /home/airflow/.local/lib/python3.7/site-packages/airflow/example_dags/example_latest_only_with_trigger.py
[2023-04-14T14:50:29.676+0000] {processor.py:753} INFO - DAG(s) dict_keys(['latest_only_with_trigger']) retrieved from /home/airflow/.local/lib/python3.7/site-packages/airflow/example_dags/example_latest_only_with_trigger.py
[2023-04-14T14:50:29.700+0000] {logging_mixin.py:137} INFO - [2023-04-14T14:50:29.700+0000] {dag.py:2693} INFO - Sync 1 DAGs
[2023-04-14T14:50:29.717+0000] {logging_mixin.py:137} INFO - [2023-04-14T14:50:29.717+0000] {dag.py:3444} INFO - Setting next_dagrun for latest_only_with_trigger to 2023-04-14T10:50:29.717034+00:00, run_after=2023-04-14T14:50:29.717034+00:00
[2023-04-14T14:50:29.728+0000] {processor.py:175} INFO - Processing /home/airflow/.local/lib/python3.7/site-packages/airflow/example_dags/example_latest_only_with_trigger.py took 0.082 seconds
[2023-04-14T14:51:00.168+0000] {processor.py:153} INFO - Started process (PID=969) to work on /home/airflow/.local/lib/python3.7/site-packages/airflow/example_dags/example_latest_only_with_trigger.py
[2023-04-14T14:51:00.170+0000] {processor.py:743} INFO - Processing file /home/airflow/.local/lib/python3.7/site-packages/airflow/example_dags/example_latest_only_with_trigger.py for tasks to queue
[2023-04-14T14:51:00.174+0000] {logging_mixin.py:137} INFO - [2023-04-14T14:51:00.174+0000] {dagbag.py:532} INFO - Filling up the DagBag from /home/airflow/.local/lib/python3.7/site-packages/airflow/example_dags/example_latest_only_with_trigger.py
[2023-04-14T14:51:00.208+0000] {processor.py:753} INFO - DAG(s) dict_keys(['latest_only_with_trigger']) retrieved from /home/airflow/.local/lib/python3.7/site-packages/airflow/example_dags/example_latest_only_with_trigger.py
[2023-04-14T14:51:00.240+0000] {logging_mixin.py:137} INFO - [2023-04-14T14:51:00.240+0000] {dag.py:2693} INFO - Sync 1 DAGs
[2023-04-14T14:51:00.261+0000] {logging_mixin.py:137} INFO - [2023-04-14T14:51:00.261+0000] {dag.py:3444} INFO - Setting next_dagrun for latest_only_with_trigger to 2023-04-14T10:51:00.261034+00:00, run_after=2023-04-14T14:51:00.261034+00:00
[2023-04-14T14:51:00.277+0000] {processor.py:175} INFO - Processing /home/airflow/.local/lib/python3.7/site-packages/airflow/example_dags/example_latest_only_with_trigger.py took 0.115 seconds
[2023-04-14T14:51:30.367+0000] {processor.py:153} INFO - Started process (PID=1021) to work on /home/airflow/.local/lib/python3.7/site-packages/airflow/example_dags/example_latest_only_with_trigger.py
[2023-04-14T14:51:30.370+0000] {processor.py:743} INFO - Processing file /home/airflow/.local/lib/python3.7/site-packages/airflow/example_dags/example_latest_only_with_trigger.py for tasks to queue
[2023-04-14T14:51:30.371+0000] {logging_mixin.py:137} INFO - [2023-04-14T14:51:30.371+0000] {dagbag.py:532} INFO - Filling up the DagBag from /home/airflow/.local/lib/python3.7/site-packages/airflow/example_dags/example_latest_only_with_trigger.py
[2023-04-14T14:51:30.385+0000] {processor.py:753} INFO - DAG(s) dict_keys(['latest_only_with_trigger']) retrieved from /home/airflow/.local/lib/python3.7/site-packages/airflow/example_dags/example_latest_only_with_trigger.py
[2023-04-14T14:51:30.408+0000] {logging_mixin.py:137} INFO - [2023-04-14T14:51:30.408+0000] {dag.py:2693} INFO - Sync 1 DAGs
[2023-04-14T14:51:30.425+0000] {logging_mixin.py:137} INFO - [2023-04-14T14:51:30.425+0000] {dag.py:3444} INFO - Setting next_dagrun for latest_only_with_trigger to 2023-04-14T10:51:30.425239+00:00, run_after=2023-04-14T14:51:30.425239+00:00
[2023-04-14T14:51:30.437+0000] {processor.py:175} INFO - Processing /home/airflow/.local/lib/python3.7/site-packages/airflow/example_dags/example_latest_only_with_trigger.py took 0.075 seconds
[2023-04-14T14:52:00.592+0000] {processor.py:153} INFO - Started process (PID=1075) to work on /home/airflow/.local/lib/python3.7/site-packages/airflow/example_dags/example_latest_only_with_trigger.py
[2023-04-14T14:52:00.594+0000] {processor.py:743} INFO - Processing file /home/airflow/.local/lib/python3.7/site-packages/airflow/example_dags/example_latest_only_with_trigger.py for tasks to queue
[2023-04-14T14:52:00.596+0000] {logging_mixin.py:137} INFO - [2023-04-14T14:52:00.596+0000] {dagbag.py:532} INFO - Filling up the DagBag from /home/airflow/.local/lib/python3.7/site-packages/airflow/example_dags/example_latest_only_with_trigger.py
[2023-04-14T14:52:00.614+0000] {processor.py:753} INFO - DAG(s) dict_keys(['latest_only_with_trigger']) retrieved from /home/airflow/.local/lib/python3.7/site-packages/airflow/example_dags/example_latest_only_with_trigger.py
[2023-04-14T14:52:00.663+0000] {logging_mixin.py:137} INFO - [2023-04-14T14:52:00.663+0000] {dag.py:2693} INFO - Sync 1 DAGs
[2023-04-14T14:52:00.690+0000] {logging_mixin.py:137} INFO - [2023-04-14T14:52:00.690+0000] {dag.py:3444} INFO - Setting next_dagrun for latest_only_with_trigger to 2023-04-14T10:52:00.689999+00:00, run_after=2023-04-14T14:52:00.689999+00:00
[2023-04-14T14:52:00.708+0000] {processor.py:175} INFO - Processing /home/airflow/.local/lib/python3.7/site-packages/airflow/example_dags/example_latest_only_with_trigger.py took 0.124 seconds
[2023-04-14T14:52:31.706+0000] {processor.py:153} INFO - Started process (PID=1127) to work on /home/airflow/.local/lib/python3.7/site-packages/airflow/example_dags/example_latest_only_with_trigger.py
[2023-04-14T14:52:31.709+0000] {processor.py:743} INFO - Processing file /home/airflow/.local/lib/python3.7/site-packages/airflow/example_dags/example_latest_only_with_trigger.py for tasks to queue
[2023-04-14T14:52:31.710+0000] {logging_mixin.py:137} INFO - [2023-04-14T14:52:31.710+0000] {dagbag.py:532} INFO - Filling up the DagBag from /home/airflow/.local/lib/python3.7/site-packages/airflow/example_dags/example_latest_only_with_trigger.py
[2023-04-14T14:52:31.724+0000] {processor.py:753} INFO - DAG(s) dict_keys(['latest_only_with_trigger']) retrieved from /home/airflow/.local/lib/python3.7/site-packages/airflow/example_dags/example_latest_only_with_trigger.py
[2023-04-14T14:52:31.747+0000] {logging_mixin.py:137} INFO - [2023-04-14T14:52:31.747+0000] {dag.py:2693} INFO - Sync 1 DAGs
[2023-04-14T14:52:31.766+0000] {logging_mixin.py:137} INFO - [2023-04-14T14:52:31.766+0000] {dag.py:3444} INFO - Setting next_dagrun for latest_only_with_trigger to 2023-04-14T10:52:31.766078+00:00, run_after=2023-04-14T14:52:31.766078+00:00
[2023-04-14T14:52:31.779+0000] {processor.py:175} INFO - Processing /home/airflow/.local/lib/python3.7/site-packages/airflow/example_dags/example_latest_only_with_trigger.py took 0.079 seconds
[2023-04-14T14:53:02.433+0000] {processor.py:153} INFO - Started process (PID=1180) to work on /home/airflow/.local/lib/python3.7/site-packages/airflow/example_dags/example_latest_only_with_trigger.py
[2023-04-14T14:53:02.436+0000] {processor.py:743} INFO - Processing file /home/airflow/.local/lib/python3.7/site-packages/airflow/example_dags/example_latest_only_with_trigger.py for tasks to queue
[2023-04-14T14:53:02.437+0000] {logging_mixin.py:137} INFO - [2023-04-14T14:53:02.437+0000] {dagbag.py:532} INFO - Filling up the DagBag from /home/airflow/.local/lib/python3.7/site-packages/airflow/example_dags/example_latest_only_with_trigger.py
[2023-04-14T14:53:02.473+0000] {processor.py:753} INFO - DAG(s) dict_keys(['latest_only_with_trigger']) retrieved from /home/airflow/.local/lib/python3.7/site-packages/airflow/example_dags/example_latest_only_with_trigger.py
[2023-04-14T14:53:02.506+0000] {logging_mixin.py:137} INFO - [2023-04-14T14:53:02.506+0000] {dag.py:2693} INFO - Sync 1 DAGs
[2023-04-14T14:53:02.532+0000] {logging_mixin.py:137} INFO - [2023-04-14T14:53:02.532+0000] {dag.py:3444} INFO - Setting next_dagrun for latest_only_with_trigger to 2023-04-14T10:53:02.531752+00:00, run_after=2023-04-14T14:53:02.531752+00:00
[2023-04-14T14:53:02.548+0000] {processor.py:175} INFO - Processing /home/airflow/.local/lib/python3.7/site-packages/airflow/example_dags/example_latest_only_with_trigger.py took 0.127 seconds
[2023-04-14T14:53:32.855+0000] {processor.py:153} INFO - Started process (PID=1232) to work on /home/airflow/.local/lib/python3.7/site-packages/airflow/example_dags/example_latest_only_with_trigger.py
[2023-04-14T14:53:32.858+0000] {processor.py:743} INFO - Processing file /home/airflow/.local/lib/python3.7/site-packages/airflow/example_dags/example_latest_only_with_trigger.py for tasks to queue
[2023-04-14T14:53:32.860+0000] {logging_mixin.py:137} INFO - [2023-04-14T14:53:32.860+0000] {dagbag.py:532} INFO - Filling up the DagBag from /home/airflow/.local/lib/python3.7/site-packages/airflow/example_dags/example_latest_only_with_trigger.py
[2023-04-14T14:53:32.883+0000] {processor.py:753} INFO - DAG(s) dict_keys(['latest_only_with_trigger']) retrieved from /home/airflow/.local/lib/python3.7/site-packages/airflow/example_dags/example_latest_only_with_trigger.py
[2023-04-14T14:53:32.913+0000] {logging_mixin.py:137} INFO - [2023-04-14T14:53:32.913+0000] {dag.py:2693} INFO - Sync 1 DAGs
[2023-04-14T14:53:32.933+0000] {logging_mixin.py:137} INFO - [2023-04-14T14:53:32.933+0000] {dag.py:3444} INFO - Setting next_dagrun for latest_only_with_trigger to 2023-04-14T10:53:32.933450+00:00, run_after=2023-04-14T14:53:32.933450+00:00
[2023-04-14T14:53:32.947+0000] {processor.py:175} INFO - Processing /home/airflow/.local/lib/python3.7/site-packages/airflow/example_dags/example_latest_only_with_trigger.py took 0.102 seconds
[2023-04-14T14:54:03.134+0000] {processor.py:153} INFO - Started process (PID=1284) to work on /home/airflow/.local/lib/python3.7/site-packages/airflow/example_dags/example_latest_only_with_trigger.py
[2023-04-14T14:54:03.136+0000] {processor.py:743} INFO - Processing file /home/airflow/.local/lib/python3.7/site-packages/airflow/example_dags/example_latest_only_with_trigger.py for tasks to queue
[2023-04-14T14:54:03.138+0000] {logging_mixin.py:137} INFO - [2023-04-14T14:54:03.138+0000] {dagbag.py:532} INFO - Filling up the DagBag from /home/airflow/.local/lib/python3.7/site-packages/airflow/example_dags/example_latest_only_with_trigger.py
[2023-04-14T14:54:03.163+0000] {processor.py:753} INFO - DAG(s) dict_keys(['latest_only_with_trigger']) retrieved from /home/airflow/.local/lib/python3.7/site-packages/airflow/example_dags/example_latest_only_with_trigger.py
[2023-04-14T14:54:03.190+0000] {logging_mixin.py:137} INFO - [2023-04-14T14:54:03.190+0000] {dag.py:2693} INFO - Sync 1 DAGs
[2023-04-14T14:54:03.211+0000] {logging_mixin.py:137} INFO - [2023-04-14T14:54:03.211+0000] {dag.py:3444} INFO - Setting next_dagrun for latest_only_with_trigger to 2023-04-14T10:54:03.210830+00:00, run_after=2023-04-14T14:54:03.210830+00:00
[2023-04-14T14:54:03.225+0000] {processor.py:175} INFO - Processing /home/airflow/.local/lib/python3.7/site-packages/airflow/example_dags/example_latest_only_with_trigger.py took 0.099 seconds
[2023-04-14T14:54:33.313+0000] {processor.py:153} INFO - Started process (PID=1337) to work on /home/airflow/.local/lib/python3.7/site-packages/airflow/example_dags/example_latest_only_with_trigger.py
[2023-04-14T14:54:33.317+0000] {processor.py:743} INFO - Processing file /home/airflow/.local/lib/python3.7/site-packages/airflow/example_dags/example_latest_only_with_trigger.py for tasks to queue
[2023-04-14T14:54:33.319+0000] {logging_mixin.py:137} INFO - [2023-04-14T14:54:33.319+0000] {dagbag.py:532} INFO - Filling up the DagBag from /home/airflow/.local/lib/python3.7/site-packages/airflow/example_dags/example_latest_only_with_trigger.py
[2023-04-14T14:54:33.340+0000] {processor.py:753} INFO - DAG(s) dict_keys(['latest_only_with_trigger']) retrieved from /home/airflow/.local/lib/python3.7/site-packages/airflow/example_dags/example_latest_only_with_trigger.py
[2023-04-14T14:54:33.373+0000] {logging_mixin.py:137} INFO - [2023-04-14T14:54:33.373+0000] {dag.py:2693} INFO - Sync 1 DAGs
[2023-04-14T14:54:33.440+0000] {logging_mixin.py:137} INFO - [2023-04-14T14:54:33.439+0000] {dag.py:3444} INFO - Setting next_dagrun for latest_only_with_trigger to 2023-04-14T10:54:33.439108+00:00, run_after=2023-04-14T14:54:33.439108+00:00
[2023-04-14T14:54:33.464+0000] {processor.py:175} INFO - Processing /home/airflow/.local/lib/python3.7/site-packages/airflow/example_dags/example_latest_only_with_trigger.py took 0.160 seconds
[2023-04-14T14:55:03.942+0000] {processor.py:153} INFO - Started process (PID=1390) to work on /home/airflow/.local/lib/python3.7/site-packages/airflow/example_dags/example_latest_only_with_trigger.py
[2023-04-14T14:55:03.946+0000] {processor.py:743} INFO - Processing file /home/airflow/.local/lib/python3.7/site-packages/airflow/example_dags/example_latest_only_with_trigger.py for tasks to queue
[2023-04-14T14:55:03.947+0000] {logging_mixin.py:137} INFO - [2023-04-14T14:55:03.947+0000] {dagbag.py:532} INFO - Filling up the DagBag from /home/airflow/.local/lib/python3.7/site-packages/airflow/example_dags/example_latest_only_with_trigger.py
[2023-04-14T14:55:03.967+0000] {processor.py:753} INFO - DAG(s) dict_keys(['latest_only_with_trigger']) retrieved from /home/airflow/.local/lib/python3.7/site-packages/airflow/example_dags/example_latest_only_with_trigger.py
[2023-04-14T14:55:03.993+0000] {logging_mixin.py:137} INFO - [2023-04-14T14:55:03.993+0000] {dag.py:2693} INFO - Sync 1 DAGs
[2023-04-14T14:55:04.013+0000] {logging_mixin.py:137} INFO - [2023-04-14T14:55:04.013+0000] {dag.py:3444} INFO - Setting next_dagrun for latest_only_with_trigger to 2023-04-14T10:55:04.013404+00:00, run_after=2023-04-14T14:55:04.013404+00:00
[2023-04-14T14:55:04.028+0000] {processor.py:175} INFO - Processing /home/airflow/.local/lib/python3.7/site-packages/airflow/example_dags/example_latest_only_with_trigger.py took 0.093 seconds
[2023-04-14T14:55:34.263+0000] {processor.py:153} INFO - Started process (PID=1442) to work on /home/airflow/.local/lib/python3.7/site-packages/airflow/example_dags/example_latest_only_with_trigger.py
[2023-04-14T14:55:34.265+0000] {processor.py:743} INFO - Processing file /home/airflow/.local/lib/python3.7/site-packages/airflow/example_dags/example_latest_only_with_trigger.py for tasks to queue
[2023-04-14T14:55:34.265+0000] {logging_mixin.py:137} INFO - [2023-04-14T14:55:34.265+0000] {dagbag.py:532} INFO - Filling up the DagBag from /home/airflow/.local/lib/python3.7/site-packages/airflow/example_dags/example_latest_only_with_trigger.py
[2023-04-14T14:55:34.286+0000] {processor.py:753} INFO - DAG(s) dict_keys(['latest_only_with_trigger']) retrieved from /home/airflow/.local/lib/python3.7/site-packages/airflow/example_dags/example_latest_only_with_trigger.py
[2023-04-14T14:55:34.340+0000] {logging_mixin.py:137} INFO - [2023-04-14T14:55:34.340+0000] {dag.py:2693} INFO - Sync 1 DAGs
[2023-04-14T14:55:34.369+0000] {logging_mixin.py:137} INFO - [2023-04-14T14:55:34.369+0000] {dag.py:3444} INFO - Setting next_dagrun for latest_only_with_trigger to 2023-04-14T10:55:34.369167+00:00, run_after=2023-04-14T14:55:34.369167+00:00
[2023-04-14T14:55:34.389+0000] {processor.py:175} INFO - Processing /home/airflow/.local/lib/python3.7/site-packages/airflow/example_dags/example_latest_only_with_trigger.py took 0.131 seconds
[2023-04-14T14:56:04.719+0000] {processor.py:153} INFO - Started process (PID=1494) to work on /home/airflow/.local/lib/python3.7/site-packages/airflow/example_dags/example_latest_only_with_trigger.py
[2023-04-14T14:56:04.722+0000] {processor.py:743} INFO - Processing file /home/airflow/.local/lib/python3.7/site-packages/airflow/example_dags/example_latest_only_with_trigger.py for tasks to queue
[2023-04-14T14:56:04.724+0000] {logging_mixin.py:137} INFO - [2023-04-14T14:56:04.724+0000] {dagbag.py:532} INFO - Filling up the DagBag from /home/airflow/.local/lib/python3.7/site-packages/airflow/example_dags/example_latest_only_with_trigger.py
[2023-04-14T14:56:04.742+0000] {processor.py:753} INFO - DAG(s) dict_keys(['latest_only_with_trigger']) retrieved from /home/airflow/.local/lib/python3.7/site-packages/airflow/example_dags/example_latest_only_with_trigger.py
[2023-04-14T14:56:04.767+0000] {logging_mixin.py:137} INFO - [2023-04-14T14:56:04.766+0000] {dag.py:2693} INFO - Sync 1 DAGs
[2023-04-14T14:56:04.783+0000] {logging_mixin.py:137} INFO - [2023-04-14T14:56:04.783+0000] {dag.py:3444} INFO - Setting next_dagrun for latest_only_with_trigger to 2023-04-14T10:56:04.783054+00:00, run_after=2023-04-14T14:56:04.783054+00:00
[2023-04-14T14:56:04.794+0000] {processor.py:175} INFO - Processing /home/airflow/.local/lib/python3.7/site-packages/airflow/example_dags/example_latest_only_with_trigger.py took 0.083 seconds
[2023-04-14T14:56:35.243+0000] {processor.py:153} INFO - Started process (PID=1547) to work on /home/airflow/.local/lib/python3.7/site-packages/airflow/example_dags/example_latest_only_with_trigger.py
[2023-04-14T14:56:35.245+0000] {processor.py:743} INFO - Processing file /home/airflow/.local/lib/python3.7/site-packages/airflow/example_dags/example_latest_only_with_trigger.py for tasks to queue
[2023-04-14T14:56:35.247+0000] {logging_mixin.py:137} INFO - [2023-04-14T14:56:35.246+0000] {dagbag.py:532} INFO - Filling up the DagBag from /home/airflow/.local/lib/python3.7/site-packages/airflow/example_dags/example_latest_only_with_trigger.py
[2023-04-14T14:56:35.263+0000] {processor.py:753} INFO - DAG(s) dict_keys(['latest_only_with_trigger']) retrieved from /home/airflow/.local/lib/python3.7/site-packages/airflow/example_dags/example_latest_only_with_trigger.py
[2023-04-14T14:56:35.289+0000] {logging_mixin.py:137} INFO - [2023-04-14T14:56:35.288+0000] {dag.py:2693} INFO - Sync 1 DAGs
[2023-04-14T14:56:35.306+0000] {logging_mixin.py:137} INFO - [2023-04-14T14:56:35.305+0000] {dag.py:3444} INFO - Setting next_dagrun for latest_only_with_trigger to 2023-04-14T10:56:35.305607+00:00, run_after=2023-04-14T14:56:35.305607+00:00
[2023-04-14T14:56:35.318+0000] {processor.py:175} INFO - Processing /home/airflow/.local/lib/python3.7/site-packages/airflow/example_dags/example_latest_only_with_trigger.py took 0.082 seconds
[2023-04-14T14:57:05.619+0000] {processor.py:153} INFO - Started process (PID=1600) to work on /home/airflow/.local/lib/python3.7/site-packages/airflow/example_dags/example_latest_only_with_trigger.py
[2023-04-14T14:57:05.621+0000] {processor.py:743} INFO - Processing file /home/airflow/.local/lib/python3.7/site-packages/airflow/example_dags/example_latest_only_with_trigger.py for tasks to queue
[2023-04-14T14:57:05.622+0000] {logging_mixin.py:137} INFO - [2023-04-14T14:57:05.622+0000] {dagbag.py:532} INFO - Filling up the DagBag from /home/airflow/.local/lib/python3.7/site-packages/airflow/example_dags/example_latest_only_with_trigger.py
[2023-04-14T14:57:05.636+0000] {processor.py:753} INFO - DAG(s) dict_keys(['latest_only_with_trigger']) retrieved from /home/airflow/.local/lib/python3.7/site-packages/airflow/example_dags/example_latest_only_with_trigger.py
[2023-04-14T14:57:05.661+0000] {logging_mixin.py:137} INFO - [2023-04-14T14:57:05.661+0000] {dag.py:2693} INFO - Sync 1 DAGs
[2023-04-14T14:57:05.685+0000] {logging_mixin.py:137} INFO - [2023-04-14T14:57:05.685+0000] {dag.py:3444} INFO - Setting next_dagrun for latest_only_with_trigger to 2023-04-14T10:57:05.685209+00:00, run_after=2023-04-14T14:57:05.685209+00:00
[2023-04-14T14:57:05.699+0000] {processor.py:175} INFO - Processing /home/airflow/.local/lib/python3.7/site-packages/airflow/example_dags/example_latest_only_with_trigger.py took 0.085 seconds
