[2023-04-14T14:30:20.009+0000] {processor.py:153} INFO - Started process (PID=73) to work on /home/airflow/.local/lib/python3.7/site-packages/airflow/example_dags/tutorial_dag.py
[2023-04-14T14:30:20.010+0000] {processor.py:743} INFO - Processing file /home/airflow/.local/lib/python3.7/site-packages/airflow/example_dags/tutorial_dag.py for tasks to queue
[2023-04-14T14:30:20.011+0000] {logging_mixin.py:137} INFO - [2023-04-14T14:30:20.011+0000] {dagbag.py:532} INFO - Filling up the DagBag from /home/airflow/.local/lib/python3.7/site-packages/airflow/example_dags/tutorial_dag.py
[2023-04-14T14:30:20.024+0000] {processor.py:753} INFO - DAG(s) dict_keys(['tutorial_dag']) retrieved from /home/airflow/.local/lib/python3.7/site-packages/airflow/example_dags/tutorial_dag.py
[2023-04-14T14:30:20.045+0000] {logging_mixin.py:137} INFO - [2023-04-14T14:30:20.045+0000] {dag.py:2693} INFO - Sync 1 DAGs
[2023-04-14T14:30:20.063+0000] {logging_mixin.py:137} INFO - [2023-04-14T14:30:20.063+0000] {dag.py:3444} INFO - Setting next_dagrun for tutorial_dag to None, run_after=None
[2023-04-14T14:30:20.076+0000] {processor.py:175} INFO - Processing /home/airflow/.local/lib/python3.7/site-packages/airflow/example_dags/tutorial_dag.py took 0.070 seconds
[2023-04-14T14:30:50.460+0000] {processor.py:153} INFO - Started process (PID=129) to work on /home/airflow/.local/lib/python3.7/site-packages/airflow/example_dags/tutorial_dag.py
[2023-04-14T14:30:50.462+0000] {processor.py:743} INFO - Processing file /home/airflow/.local/lib/python3.7/site-packages/airflow/example_dags/tutorial_dag.py for tasks to queue
[2023-04-14T14:30:50.463+0000] {logging_mixin.py:137} INFO - [2023-04-14T14:30:50.462+0000] {dagbag.py:532} INFO - Filling up the DagBag from /home/airflow/.local/lib/python3.7/site-packages/airflow/example_dags/tutorial_dag.py
[2023-04-14T14:30:50.473+0000] {processor.py:753} INFO - DAG(s) dict_keys(['tutorial_dag']) retrieved from /home/airflow/.local/lib/python3.7/site-packages/airflow/example_dags/tutorial_dag.py
[2023-04-14T14:30:50.494+0000] {logging_mixin.py:137} INFO - [2023-04-14T14:30:50.494+0000] {dag.py:2693} INFO - Sync 1 DAGs
[2023-04-14T14:30:50.511+0000] {logging_mixin.py:137} INFO - [2023-04-14T14:30:50.510+0000] {dag.py:3444} INFO - Setting next_dagrun for tutorial_dag to None, run_after=None
[2023-04-14T14:30:50.523+0000] {processor.py:175} INFO - Processing /home/airflow/.local/lib/python3.7/site-packages/airflow/example_dags/tutorial_dag.py took 0.067 seconds
[2023-04-14T14:31:20.704+0000] {processor.py:153} INFO - Started process (PID=181) to work on /home/airflow/.local/lib/python3.7/site-packages/airflow/example_dags/tutorial_dag.py
[2023-04-14T14:31:20.705+0000] {processor.py:743} INFO - Processing file /home/airflow/.local/lib/python3.7/site-packages/airflow/example_dags/tutorial_dag.py for tasks to queue
[2023-04-14T14:31:20.706+0000] {logging_mixin.py:137} INFO - [2023-04-14T14:31:20.706+0000] {dagbag.py:532} INFO - Filling up the DagBag from /home/airflow/.local/lib/python3.7/site-packages/airflow/example_dags/tutorial_dag.py
[2023-04-14T14:31:20.716+0000] {processor.py:753} INFO - DAG(s) dict_keys(['tutorial_dag']) retrieved from /home/airflow/.local/lib/python3.7/site-packages/airflow/example_dags/tutorial_dag.py
[2023-04-14T14:31:20.736+0000] {logging_mixin.py:137} INFO - [2023-04-14T14:31:20.736+0000] {dag.py:2693} INFO - Sync 1 DAGs
[2023-04-14T14:31:20.751+0000] {logging_mixin.py:137} INFO - [2023-04-14T14:31:20.751+0000] {dag.py:3444} INFO - Setting next_dagrun for tutorial_dag to None, run_after=None
[2023-04-14T14:31:20.762+0000] {processor.py:175} INFO - Processing /home/airflow/.local/lib/python3.7/site-packages/airflow/example_dags/tutorial_dag.py took 0.060 seconds
[2023-04-14T14:31:51.563+0000] {processor.py:153} INFO - Started process (PID=234) to work on /home/airflow/.local/lib/python3.7/site-packages/airflow/example_dags/tutorial_dag.py
[2023-04-14T14:31:51.565+0000] {processor.py:743} INFO - Processing file /home/airflow/.local/lib/python3.7/site-packages/airflow/example_dags/tutorial_dag.py for tasks to queue
[2023-04-14T14:31:51.566+0000] {logging_mixin.py:137} INFO - [2023-04-14T14:31:51.565+0000] {dagbag.py:532} INFO - Filling up the DagBag from /home/airflow/.local/lib/python3.7/site-packages/airflow/example_dags/tutorial_dag.py
[2023-04-14T14:31:51.576+0000] {processor.py:753} INFO - DAG(s) dict_keys(['tutorial_dag']) retrieved from /home/airflow/.local/lib/python3.7/site-packages/airflow/example_dags/tutorial_dag.py
[2023-04-14T14:31:51.596+0000] {logging_mixin.py:137} INFO - [2023-04-14T14:31:51.595+0000] {dag.py:2693} INFO - Sync 1 DAGs
[2023-04-14T14:31:51.612+0000] {logging_mixin.py:137} INFO - [2023-04-14T14:31:51.612+0000] {dag.py:3444} INFO - Setting next_dagrun for tutorial_dag to None, run_after=None
[2023-04-14T14:31:51.624+0000] {processor.py:175} INFO - Processing /home/airflow/.local/lib/python3.7/site-packages/airflow/example_dags/tutorial_dag.py took 0.063 seconds
[2023-04-14T14:32:24.045+0000] {processor.py:153} INFO - Started process (PID=286) to work on /home/airflow/.local/lib/python3.7/site-packages/airflow/example_dags/tutorial_dag.py
[2023-04-14T14:32:24.046+0000] {processor.py:743} INFO - Processing file /home/airflow/.local/lib/python3.7/site-packages/airflow/example_dags/tutorial_dag.py for tasks to queue
[2023-04-14T14:32:24.047+0000] {logging_mixin.py:137} INFO - [2023-04-14T14:32:24.047+0000] {dagbag.py:532} INFO - Filling up the DagBag from /home/airflow/.local/lib/python3.7/site-packages/airflow/example_dags/tutorial_dag.py
[2023-04-14T14:32:24.058+0000] {processor.py:753} INFO - DAG(s) dict_keys(['tutorial_dag']) retrieved from /home/airflow/.local/lib/python3.7/site-packages/airflow/example_dags/tutorial_dag.py
[2023-04-14T14:32:24.081+0000] {logging_mixin.py:137} INFO - [2023-04-14T14:32:24.080+0000] {dag.py:2693} INFO - Sync 1 DAGs
[2023-04-14T14:32:24.099+0000] {logging_mixin.py:137} INFO - [2023-04-14T14:32:24.099+0000] {dag.py:3444} INFO - Setting next_dagrun for tutorial_dag to None, run_after=None
[2023-04-14T14:32:24.113+0000] {processor.py:175} INFO - Processing /home/airflow/.local/lib/python3.7/site-packages/airflow/example_dags/tutorial_dag.py took 0.071 seconds
[2023-04-14T14:33:54.980+0000] {processor.py:153} INFO - Started process (PID=66) to work on /home/airflow/.local/lib/python3.7/site-packages/airflow/example_dags/tutorial_dag.py
[2023-04-14T14:33:54.992+0000] {processor.py:743} INFO - Processing file /home/airflow/.local/lib/python3.7/site-packages/airflow/example_dags/tutorial_dag.py for tasks to queue
[2023-04-14T14:33:55.007+0000] {logging_mixin.py:137} INFO - [2023-04-14T14:33:55.005+0000] {dagbag.py:532} INFO - Filling up the DagBag from /home/airflow/.local/lib/python3.7/site-packages/airflow/example_dags/tutorial_dag.py
[2023-04-14T14:33:55.082+0000] {processor.py:753} INFO - DAG(s) dict_keys(['tutorial_dag']) retrieved from /home/airflow/.local/lib/python3.7/site-packages/airflow/example_dags/tutorial_dag.py
[2023-04-14T14:33:55.231+0000] {logging_mixin.py:137} INFO - [2023-04-14T14:33:55.231+0000] {dag.py:2693} INFO - Sync 1 DAGs
[2023-04-14T14:33:55.333+0000] {logging_mixin.py:137} INFO - [2023-04-14T14:33:55.332+0000] {dag.py:3444} INFO - Setting next_dagrun for tutorial_dag to None, run_after=None
[2023-04-14T14:33:55.400+0000] {processor.py:175} INFO - Processing /home/airflow/.local/lib/python3.7/site-packages/airflow/example_dags/tutorial_dag.py took 0.440 seconds
[2023-04-14T14:34:26.262+0000] {processor.py:153} INFO - Started process (PID=118) to work on /home/airflow/.local/lib/python3.7/site-packages/airflow/example_dags/tutorial_dag.py
[2023-04-14T14:34:26.266+0000] {processor.py:743} INFO - Processing file /home/airflow/.local/lib/python3.7/site-packages/airflow/example_dags/tutorial_dag.py for tasks to queue
[2023-04-14T14:34:26.268+0000] {logging_mixin.py:137} INFO - [2023-04-14T14:34:26.267+0000] {dagbag.py:532} INFO - Filling up the DagBag from /home/airflow/.local/lib/python3.7/site-packages/airflow/example_dags/tutorial_dag.py
[2023-04-14T14:34:26.414+0000] {processor.py:753} INFO - DAG(s) dict_keys(['tutorial_dag']) retrieved from /home/airflow/.local/lib/python3.7/site-packages/airflow/example_dags/tutorial_dag.py
[2023-04-14T14:34:26.442+0000] {logging_mixin.py:137} INFO - [2023-04-14T14:34:26.442+0000] {dag.py:2693} INFO - Sync 1 DAGs
[2023-04-14T14:34:26.460+0000] {logging_mixin.py:137} INFO - [2023-04-14T14:34:26.460+0000] {dag.py:3444} INFO - Setting next_dagrun for tutorial_dag to None, run_after=None
[2023-04-14T14:34:26.486+0000] {processor.py:175} INFO - Processing /home/airflow/.local/lib/python3.7/site-packages/airflow/example_dags/tutorial_dag.py took 0.232 seconds
[2023-04-14T14:34:57.030+0000] {processor.py:153} INFO - Started process (PID=171) to work on /home/airflow/.local/lib/python3.7/site-packages/airflow/example_dags/tutorial_dag.py
[2023-04-14T14:34:57.033+0000] {processor.py:743} INFO - Processing file /home/airflow/.local/lib/python3.7/site-packages/airflow/example_dags/tutorial_dag.py for tasks to queue
[2023-04-14T14:34:57.035+0000] {logging_mixin.py:137} INFO - [2023-04-14T14:34:57.035+0000] {dagbag.py:532} INFO - Filling up the DagBag from /home/airflow/.local/lib/python3.7/site-packages/airflow/example_dags/tutorial_dag.py
[2023-04-14T14:34:57.053+0000] {processor.py:753} INFO - DAG(s) dict_keys(['tutorial_dag']) retrieved from /home/airflow/.local/lib/python3.7/site-packages/airflow/example_dags/tutorial_dag.py
[2023-04-14T14:34:57.080+0000] {logging_mixin.py:137} INFO - [2023-04-14T14:34:57.079+0000] {dag.py:2693} INFO - Sync 1 DAGs
[2023-04-14T14:34:57.099+0000] {logging_mixin.py:137} INFO - [2023-04-14T14:34:57.099+0000] {dag.py:3444} INFO - Setting next_dagrun for tutorial_dag to None, run_after=None
[2023-04-14T14:34:57.112+0000] {processor.py:175} INFO - Processing /home/airflow/.local/lib/python3.7/site-packages/airflow/example_dags/tutorial_dag.py took 0.091 seconds
[2023-04-14T14:35:27.958+0000] {processor.py:153} INFO - Started process (PID=224) to work on /home/airflow/.local/lib/python3.7/site-packages/airflow/example_dags/tutorial_dag.py
[2023-04-14T14:35:27.960+0000] {processor.py:743} INFO - Processing file /home/airflow/.local/lib/python3.7/site-packages/airflow/example_dags/tutorial_dag.py for tasks to queue
[2023-04-14T14:35:27.961+0000] {logging_mixin.py:137} INFO - [2023-04-14T14:35:27.961+0000] {dagbag.py:532} INFO - Filling up the DagBag from /home/airflow/.local/lib/python3.7/site-packages/airflow/example_dags/tutorial_dag.py
[2023-04-14T14:35:27.980+0000] {processor.py:753} INFO - DAG(s) dict_keys(['tutorial_dag']) retrieved from /home/airflow/.local/lib/python3.7/site-packages/airflow/example_dags/tutorial_dag.py
[2023-04-14T14:35:28.006+0000] {logging_mixin.py:137} INFO - [2023-04-14T14:35:28.006+0000] {dag.py:2693} INFO - Sync 1 DAGs
[2023-04-14T14:35:28.025+0000] {logging_mixin.py:137} INFO - [2023-04-14T14:35:28.025+0000] {dag.py:3444} INFO - Setting next_dagrun for tutorial_dag to None, run_after=None
[2023-04-14T14:35:28.067+0000] {processor.py:175} INFO - Processing /home/airflow/.local/lib/python3.7/site-packages/airflow/example_dags/tutorial_dag.py took 0.116 seconds
[2023-04-14T14:35:58.973+0000] {processor.py:153} INFO - Started process (PID=277) to work on /home/airflow/.local/lib/python3.7/site-packages/airflow/example_dags/tutorial_dag.py
[2023-04-14T14:35:58.974+0000] {processor.py:743} INFO - Processing file /home/airflow/.local/lib/python3.7/site-packages/airflow/example_dags/tutorial_dag.py for tasks to queue
[2023-04-14T14:35:58.975+0000] {logging_mixin.py:137} INFO - [2023-04-14T14:35:58.975+0000] {dagbag.py:532} INFO - Filling up the DagBag from /home/airflow/.local/lib/python3.7/site-packages/airflow/example_dags/tutorial_dag.py
[2023-04-14T14:35:58.985+0000] {processor.py:753} INFO - DAG(s) dict_keys(['tutorial_dag']) retrieved from /home/airflow/.local/lib/python3.7/site-packages/airflow/example_dags/tutorial_dag.py
[2023-04-14T14:35:59.007+0000] {logging_mixin.py:137} INFO - [2023-04-14T14:35:59.006+0000] {dag.py:2693} INFO - Sync 1 DAGs
[2023-04-14T14:35:59.022+0000] {logging_mixin.py:137} INFO - [2023-04-14T14:35:59.022+0000] {dag.py:3444} INFO - Setting next_dagrun for tutorial_dag to None, run_after=None
[2023-04-14T14:35:59.037+0000] {processor.py:175} INFO - Processing /home/airflow/.local/lib/python3.7/site-packages/airflow/example_dags/tutorial_dag.py took 0.068 seconds
[2023-04-14T14:36:30.268+0000] {processor.py:153} INFO - Started process (PID=330) to work on /home/airflow/.local/lib/python3.7/site-packages/airflow/example_dags/tutorial_dag.py
[2023-04-14T14:36:30.270+0000] {processor.py:743} INFO - Processing file /home/airflow/.local/lib/python3.7/site-packages/airflow/example_dags/tutorial_dag.py for tasks to queue
[2023-04-14T14:36:30.272+0000] {logging_mixin.py:137} INFO - [2023-04-14T14:36:30.272+0000] {dagbag.py:532} INFO - Filling up the DagBag from /home/airflow/.local/lib/python3.7/site-packages/airflow/example_dags/tutorial_dag.py
[2023-04-14T14:36:30.294+0000] {processor.py:753} INFO - DAG(s) dict_keys(['tutorial_dag']) retrieved from /home/airflow/.local/lib/python3.7/site-packages/airflow/example_dags/tutorial_dag.py
[2023-04-14T14:36:30.349+0000] {logging_mixin.py:137} INFO - [2023-04-14T14:36:30.349+0000] {dag.py:2693} INFO - Sync 1 DAGs
[2023-04-14T14:36:30.379+0000] {logging_mixin.py:137} INFO - [2023-04-14T14:36:30.379+0000] {dag.py:3444} INFO - Setting next_dagrun for tutorial_dag to None, run_after=None
[2023-04-14T14:36:30.411+0000] {processor.py:175} INFO - Processing /home/airflow/.local/lib/python3.7/site-packages/airflow/example_dags/tutorial_dag.py took 0.151 seconds
[2023-04-14T14:37:00.987+0000] {processor.py:153} INFO - Started process (PID=390) to work on /home/airflow/.local/lib/python3.7/site-packages/airflow/example_dags/tutorial_dag.py
[2023-04-14T14:37:00.989+0000] {processor.py:743} INFO - Processing file /home/airflow/.local/lib/python3.7/site-packages/airflow/example_dags/tutorial_dag.py for tasks to queue
[2023-04-14T14:37:00.991+0000] {logging_mixin.py:137} INFO - [2023-04-14T14:37:00.991+0000] {dagbag.py:532} INFO - Filling up the DagBag from /home/airflow/.local/lib/python3.7/site-packages/airflow/example_dags/tutorial_dag.py
[2023-04-14T14:37:01.007+0000] {processor.py:753} INFO - DAG(s) dict_keys(['tutorial_dag']) retrieved from /home/airflow/.local/lib/python3.7/site-packages/airflow/example_dags/tutorial_dag.py
[2023-04-14T14:37:01.048+0000] {logging_mixin.py:137} INFO - [2023-04-14T14:37:01.048+0000] {dag.py:2693} INFO - Sync 1 DAGs
[2023-04-14T14:37:01.101+0000] {logging_mixin.py:137} INFO - [2023-04-14T14:37:01.101+0000] {dag.py:3444} INFO - Setting next_dagrun for tutorial_dag to None, run_after=None
[2023-04-14T14:37:01.136+0000] {processor.py:175} INFO - Processing /home/airflow/.local/lib/python3.7/site-packages/airflow/example_dags/tutorial_dag.py took 0.153 seconds
[2023-04-14T14:37:31.243+0000] {processor.py:153} INFO - Started process (PID=443) to work on /home/airflow/.local/lib/python3.7/site-packages/airflow/example_dags/tutorial_dag.py
[2023-04-14T14:37:31.244+0000] {processor.py:743} INFO - Processing file /home/airflow/.local/lib/python3.7/site-packages/airflow/example_dags/tutorial_dag.py for tasks to queue
[2023-04-14T14:37:31.245+0000] {logging_mixin.py:137} INFO - [2023-04-14T14:37:31.245+0000] {dagbag.py:532} INFO - Filling up the DagBag from /home/airflow/.local/lib/python3.7/site-packages/airflow/example_dags/tutorial_dag.py
[2023-04-14T14:37:31.263+0000] {processor.py:753} INFO - DAG(s) dict_keys(['tutorial_dag']) retrieved from /home/airflow/.local/lib/python3.7/site-packages/airflow/example_dags/tutorial_dag.py
[2023-04-14T14:37:31.288+0000] {logging_mixin.py:137} INFO - [2023-04-14T14:37:31.288+0000] {dag.py:2693} INFO - Sync 1 DAGs
[2023-04-14T14:37:31.305+0000] {logging_mixin.py:137} INFO - [2023-04-14T14:37:31.305+0000] {dag.py:3444} INFO - Setting next_dagrun for tutorial_dag to None, run_after=None
[2023-04-14T14:37:31.317+0000] {processor.py:175} INFO - Processing /home/airflow/.local/lib/python3.7/site-packages/airflow/example_dags/tutorial_dag.py took 0.079 seconds
[2023-04-14T14:38:01.592+0000] {processor.py:153} INFO - Started process (PID=495) to work on /home/airflow/.local/lib/python3.7/site-packages/airflow/example_dags/tutorial_dag.py
[2023-04-14T14:38:01.594+0000] {processor.py:743} INFO - Processing file /home/airflow/.local/lib/python3.7/site-packages/airflow/example_dags/tutorial_dag.py for tasks to queue
[2023-04-14T14:38:01.595+0000] {logging_mixin.py:137} INFO - [2023-04-14T14:38:01.595+0000] {dagbag.py:532} INFO - Filling up the DagBag from /home/airflow/.local/lib/python3.7/site-packages/airflow/example_dags/tutorial_dag.py
[2023-04-14T14:38:01.612+0000] {processor.py:753} INFO - DAG(s) dict_keys(['tutorial_dag']) retrieved from /home/airflow/.local/lib/python3.7/site-packages/airflow/example_dags/tutorial_dag.py
[2023-04-14T14:38:01.634+0000] {logging_mixin.py:137} INFO - [2023-04-14T14:38:01.634+0000] {dag.py:2693} INFO - Sync 1 DAGs
[2023-04-14T14:38:01.652+0000] {logging_mixin.py:137} INFO - [2023-04-14T14:38:01.652+0000] {dag.py:3444} INFO - Setting next_dagrun for tutorial_dag to None, run_after=None
[2023-04-14T14:38:01.664+0000] {processor.py:175} INFO - Processing /home/airflow/.local/lib/python3.7/site-packages/airflow/example_dags/tutorial_dag.py took 0.076 seconds
[2023-04-14T14:38:32.826+0000] {processor.py:153} INFO - Started process (PID=552) to work on /home/airflow/.local/lib/python3.7/site-packages/airflow/example_dags/tutorial_dag.py
[2023-04-14T14:38:32.830+0000] {processor.py:743} INFO - Processing file /home/airflow/.local/lib/python3.7/site-packages/airflow/example_dags/tutorial_dag.py for tasks to queue
[2023-04-14T14:38:32.831+0000] {logging_mixin.py:137} INFO - [2023-04-14T14:38:32.831+0000] {dagbag.py:532} INFO - Filling up the DagBag from /home/airflow/.local/lib/python3.7/site-packages/airflow/example_dags/tutorial_dag.py
[2023-04-14T14:38:32.848+0000] {processor.py:753} INFO - DAG(s) dict_keys(['tutorial_dag']) retrieved from /home/airflow/.local/lib/python3.7/site-packages/airflow/example_dags/tutorial_dag.py
[2023-04-14T14:38:32.892+0000] {logging_mixin.py:137} INFO - [2023-04-14T14:38:32.892+0000] {dag.py:2693} INFO - Sync 1 DAGs
[2023-04-14T14:38:32.912+0000] {logging_mixin.py:137} INFO - [2023-04-14T14:38:32.912+0000] {dag.py:3444} INFO - Setting next_dagrun for tutorial_dag to None, run_after=None
[2023-04-14T14:38:32.927+0000] {processor.py:175} INFO - Processing /home/airflow/.local/lib/python3.7/site-packages/airflow/example_dags/tutorial_dag.py took 0.106 seconds
[2023-04-14T14:39:03.869+0000] {processor.py:153} INFO - Started process (PID=605) to work on /home/airflow/.local/lib/python3.7/site-packages/airflow/example_dags/tutorial_dag.py
[2023-04-14T14:39:03.870+0000] {processor.py:743} INFO - Processing file /home/airflow/.local/lib/python3.7/site-packages/airflow/example_dags/tutorial_dag.py for tasks to queue
[2023-04-14T14:39:03.871+0000] {logging_mixin.py:137} INFO - [2023-04-14T14:39:03.871+0000] {dagbag.py:532} INFO - Filling up the DagBag from /home/airflow/.local/lib/python3.7/site-packages/airflow/example_dags/tutorial_dag.py
[2023-04-14T14:39:03.882+0000] {processor.py:753} INFO - DAG(s) dict_keys(['tutorial_dag']) retrieved from /home/airflow/.local/lib/python3.7/site-packages/airflow/example_dags/tutorial_dag.py
[2023-04-14T14:39:03.909+0000] {logging_mixin.py:137} INFO - [2023-04-14T14:39:03.909+0000] {dag.py:2693} INFO - Sync 1 DAGs
[2023-04-14T14:39:03.927+0000] {logging_mixin.py:137} INFO - [2023-04-14T14:39:03.927+0000] {dag.py:3444} INFO - Setting next_dagrun for tutorial_dag to None, run_after=None
[2023-04-14T14:39:03.939+0000] {processor.py:175} INFO - Processing /home/airflow/.local/lib/python3.7/site-packages/airflow/example_dags/tutorial_dag.py took 0.074 seconds
[2023-04-14T14:39:34.511+0000] {processor.py:153} INFO - Started process (PID=658) to work on /home/airflow/.local/lib/python3.7/site-packages/airflow/example_dags/tutorial_dag.py
[2023-04-14T14:39:34.513+0000] {processor.py:743} INFO - Processing file /home/airflow/.local/lib/python3.7/site-packages/airflow/example_dags/tutorial_dag.py for tasks to queue
[2023-04-14T14:39:34.513+0000] {logging_mixin.py:137} INFO - [2023-04-14T14:39:34.513+0000] {dagbag.py:532} INFO - Filling up the DagBag from /home/airflow/.local/lib/python3.7/site-packages/airflow/example_dags/tutorial_dag.py
[2023-04-14T14:39:34.524+0000] {processor.py:753} INFO - DAG(s) dict_keys(['tutorial_dag']) retrieved from /home/airflow/.local/lib/python3.7/site-packages/airflow/example_dags/tutorial_dag.py
[2023-04-14T14:39:34.575+0000] {logging_mixin.py:137} INFO - [2023-04-14T14:39:34.575+0000] {dag.py:2693} INFO - Sync 1 DAGs
[2023-04-14T14:39:34.611+0000] {logging_mixin.py:137} INFO - [2023-04-14T14:39:34.610+0000] {dag.py:3444} INFO - Setting next_dagrun for tutorial_dag to None, run_after=None
[2023-04-14T14:39:34.634+0000] {processor.py:175} INFO - Processing /home/airflow/.local/lib/python3.7/site-packages/airflow/example_dags/tutorial_dag.py took 0.126 seconds
[2023-04-14T14:40:05.356+0000] {processor.py:153} INFO - Started process (PID=711) to work on /home/airflow/.local/lib/python3.7/site-packages/airflow/example_dags/tutorial_dag.py
[2023-04-14T14:40:05.357+0000] {processor.py:743} INFO - Processing file /home/airflow/.local/lib/python3.7/site-packages/airflow/example_dags/tutorial_dag.py for tasks to queue
[2023-04-14T14:40:05.358+0000] {logging_mixin.py:137} INFO - [2023-04-14T14:40:05.358+0000] {dagbag.py:532} INFO - Filling up the DagBag from /home/airflow/.local/lib/python3.7/site-packages/airflow/example_dags/tutorial_dag.py
[2023-04-14T14:40:05.368+0000] {processor.py:753} INFO - DAG(s) dict_keys(['tutorial_dag']) retrieved from /home/airflow/.local/lib/python3.7/site-packages/airflow/example_dags/tutorial_dag.py
[2023-04-14T14:40:05.391+0000] {logging_mixin.py:137} INFO - [2023-04-14T14:40:05.390+0000] {dag.py:2693} INFO - Sync 1 DAGs
[2023-04-14T14:40:05.419+0000] {logging_mixin.py:137} INFO - [2023-04-14T14:40:05.418+0000] {dag.py:3444} INFO - Setting next_dagrun for tutorial_dag to None, run_after=None
[2023-04-14T14:40:05.441+0000] {processor.py:175} INFO - Processing /home/airflow/.local/lib/python3.7/site-packages/airflow/example_dags/tutorial_dag.py took 0.087 seconds
[2023-04-14T14:40:35.576+0000] {processor.py:153} INFO - Started process (PID=762) to work on /home/airflow/.local/lib/python3.7/site-packages/airflow/example_dags/tutorial_dag.py
[2023-04-14T14:40:35.577+0000] {processor.py:743} INFO - Processing file /home/airflow/.local/lib/python3.7/site-packages/airflow/example_dags/tutorial_dag.py for tasks to queue
[2023-04-14T14:40:35.578+0000] {logging_mixin.py:137} INFO - [2023-04-14T14:40:35.578+0000] {dagbag.py:532} INFO - Filling up the DagBag from /home/airflow/.local/lib/python3.7/site-packages/airflow/example_dags/tutorial_dag.py
[2023-04-14T14:40:35.588+0000] {processor.py:753} INFO - DAG(s) dict_keys(['tutorial_dag']) retrieved from /home/airflow/.local/lib/python3.7/site-packages/airflow/example_dags/tutorial_dag.py
[2023-04-14T14:40:35.609+0000] {logging_mixin.py:137} INFO - [2023-04-14T14:40:35.609+0000] {dag.py:2693} INFO - Sync 1 DAGs
[2023-04-14T14:40:35.634+0000] {logging_mixin.py:137} INFO - [2023-04-14T14:40:35.634+0000] {dag.py:3444} INFO - Setting next_dagrun for tutorial_dag to None, run_after=None
[2023-04-14T14:40:35.649+0000] {processor.py:175} INFO - Processing /home/airflow/.local/lib/python3.7/site-packages/airflow/example_dags/tutorial_dag.py took 0.076 seconds
[2023-04-14T14:41:06.383+0000] {processor.py:153} INFO - Started process (PID=815) to work on /home/airflow/.local/lib/python3.7/site-packages/airflow/example_dags/tutorial_dag.py
[2023-04-14T14:41:06.385+0000] {processor.py:743} INFO - Processing file /home/airflow/.local/lib/python3.7/site-packages/airflow/example_dags/tutorial_dag.py for tasks to queue
[2023-04-14T14:41:06.386+0000] {logging_mixin.py:137} INFO - [2023-04-14T14:41:06.386+0000] {dagbag.py:532} INFO - Filling up the DagBag from /home/airflow/.local/lib/python3.7/site-packages/airflow/example_dags/tutorial_dag.py
[2023-04-14T14:41:06.407+0000] {processor.py:753} INFO - DAG(s) dict_keys(['tutorial_dag']) retrieved from /home/airflow/.local/lib/python3.7/site-packages/airflow/example_dags/tutorial_dag.py
[2023-04-14T14:41:06.444+0000] {logging_mixin.py:137} INFO - [2023-04-14T14:41:06.444+0000] {dag.py:2693} INFO - Sync 1 DAGs
[2023-04-14T14:41:06.469+0000] {logging_mixin.py:137} INFO - [2023-04-14T14:41:06.469+0000] {dag.py:3444} INFO - Setting next_dagrun for tutorial_dag to None, run_after=None
[2023-04-14T14:41:06.498+0000] {processor.py:175} INFO - Processing /home/airflow/.local/lib/python3.7/site-packages/airflow/example_dags/tutorial_dag.py took 0.120 seconds
[2023-04-14T14:42:16.485+0000] {processor.py:153} INFO - Started process (PID=66) to work on /home/airflow/.local/lib/python3.7/site-packages/airflow/example_dags/tutorial_dag.py
[2023-04-14T14:42:16.487+0000] {processor.py:743} INFO - Processing file /home/airflow/.local/lib/python3.7/site-packages/airflow/example_dags/tutorial_dag.py for tasks to queue
[2023-04-14T14:42:16.488+0000] {logging_mixin.py:137} INFO - [2023-04-14T14:42:16.488+0000] {dagbag.py:532} INFO - Filling up the DagBag from /home/airflow/.local/lib/python3.7/site-packages/airflow/example_dags/tutorial_dag.py
[2023-04-14T14:42:16.499+0000] {processor.py:753} INFO - DAG(s) dict_keys(['tutorial_dag']) retrieved from /home/airflow/.local/lib/python3.7/site-packages/airflow/example_dags/tutorial_dag.py
[2023-04-14T14:42:16.513+0000] {logging_mixin.py:137} INFO - [2023-04-14T14:42:16.513+0000] {dag.py:2693} INFO - Sync 1 DAGs
[2023-04-14T14:42:16.545+0000] {logging_mixin.py:137} INFO - [2023-04-14T14:42:16.544+0000] {dag.py:3444} INFO - Setting next_dagrun for tutorial_dag to None, run_after=None
[2023-04-14T14:42:16.576+0000] {processor.py:175} INFO - Processing /home/airflow/.local/lib/python3.7/site-packages/airflow/example_dags/tutorial_dag.py took 0.094 seconds
[2023-04-14T14:42:47.196+0000] {processor.py:153} INFO - Started process (PID=119) to work on /home/airflow/.local/lib/python3.7/site-packages/airflow/example_dags/tutorial_dag.py
[2023-04-14T14:42:47.197+0000] {processor.py:743} INFO - Processing file /home/airflow/.local/lib/python3.7/site-packages/airflow/example_dags/tutorial_dag.py for tasks to queue
[2023-04-14T14:42:47.198+0000] {logging_mixin.py:137} INFO - [2023-04-14T14:42:47.198+0000] {dagbag.py:532} INFO - Filling up the DagBag from /home/airflow/.local/lib/python3.7/site-packages/airflow/example_dags/tutorial_dag.py
[2023-04-14T14:42:47.208+0000] {processor.py:753} INFO - DAG(s) dict_keys(['tutorial_dag']) retrieved from /home/airflow/.local/lib/python3.7/site-packages/airflow/example_dags/tutorial_dag.py
[2023-04-14T14:42:47.227+0000] {logging_mixin.py:137} INFO - [2023-04-14T14:42:47.227+0000] {dag.py:2693} INFO - Sync 1 DAGs
[2023-04-14T14:42:47.244+0000] {logging_mixin.py:137} INFO - [2023-04-14T14:42:47.243+0000] {dag.py:3444} INFO - Setting next_dagrun for tutorial_dag to None, run_after=None
[2023-04-14T14:42:47.256+0000] {processor.py:175} INFO - Processing /home/airflow/.local/lib/python3.7/site-packages/airflow/example_dags/tutorial_dag.py took 0.063 seconds
[2023-04-14T14:43:17.564+0000] {processor.py:153} INFO - Started process (PID=172) to work on /home/airflow/.local/lib/python3.7/site-packages/airflow/example_dags/tutorial_dag.py
[2023-04-14T14:43:17.565+0000] {processor.py:743} INFO - Processing file /home/airflow/.local/lib/python3.7/site-packages/airflow/example_dags/tutorial_dag.py for tasks to queue
[2023-04-14T14:43:17.566+0000] {logging_mixin.py:137} INFO - [2023-04-14T14:43:17.566+0000] {dagbag.py:532} INFO - Filling up the DagBag from /home/airflow/.local/lib/python3.7/site-packages/airflow/example_dags/tutorial_dag.py
[2023-04-14T14:43:17.576+0000] {processor.py:753} INFO - DAG(s) dict_keys(['tutorial_dag']) retrieved from /home/airflow/.local/lib/python3.7/site-packages/airflow/example_dags/tutorial_dag.py
[2023-04-14T14:43:17.595+0000] {logging_mixin.py:137} INFO - [2023-04-14T14:43:17.595+0000] {dag.py:2693} INFO - Sync 1 DAGs
[2023-04-14T14:43:17.611+0000] {logging_mixin.py:137} INFO - [2023-04-14T14:43:17.610+0000] {dag.py:3444} INFO - Setting next_dagrun for tutorial_dag to None, run_after=None
[2023-04-14T14:43:17.622+0000] {processor.py:175} INFO - Processing /home/airflow/.local/lib/python3.7/site-packages/airflow/example_dags/tutorial_dag.py took 0.061 seconds
[2023-04-14T14:43:49.139+0000] {processor.py:153} INFO - Started process (PID=225) to work on /home/airflow/.local/lib/python3.7/site-packages/airflow/example_dags/tutorial_dag.py
[2023-04-14T14:43:49.142+0000] {processor.py:743} INFO - Processing file /home/airflow/.local/lib/python3.7/site-packages/airflow/example_dags/tutorial_dag.py for tasks to queue
[2023-04-14T14:43:49.143+0000] {logging_mixin.py:137} INFO - [2023-04-14T14:43:49.143+0000] {dagbag.py:532} INFO - Filling up the DagBag from /home/airflow/.local/lib/python3.7/site-packages/airflow/example_dags/tutorial_dag.py
[2023-04-14T14:43:49.167+0000] {processor.py:753} INFO - DAG(s) dict_keys(['tutorial_dag']) retrieved from /home/airflow/.local/lib/python3.7/site-packages/airflow/example_dags/tutorial_dag.py
[2023-04-14T14:43:49.223+0000] {logging_mixin.py:137} INFO - [2023-04-14T14:43:49.223+0000] {dag.py:2693} INFO - Sync 1 DAGs
[2023-04-14T14:43:49.271+0000] {logging_mixin.py:137} INFO - [2023-04-14T14:43:49.270+0000] {dag.py:3444} INFO - Setting next_dagrun for tutorial_dag to None, run_after=None
[2023-04-14T14:43:49.290+0000] {processor.py:175} INFO - Processing /home/airflow/.local/lib/python3.7/site-packages/airflow/example_dags/tutorial_dag.py took 0.155 seconds
[2023-04-14T14:44:19.918+0000] {processor.py:153} INFO - Started process (PID=278) to work on /home/airflow/.local/lib/python3.7/site-packages/airflow/example_dags/tutorial_dag.py
[2023-04-14T14:44:19.919+0000] {processor.py:743} INFO - Processing file /home/airflow/.local/lib/python3.7/site-packages/airflow/example_dags/tutorial_dag.py for tasks to queue
[2023-04-14T14:44:19.920+0000] {logging_mixin.py:137} INFO - [2023-04-14T14:44:19.920+0000] {dagbag.py:532} INFO - Filling up the DagBag from /home/airflow/.local/lib/python3.7/site-packages/airflow/example_dags/tutorial_dag.py
[2023-04-14T14:44:19.929+0000] {processor.py:753} INFO - DAG(s) dict_keys(['tutorial_dag']) retrieved from /home/airflow/.local/lib/python3.7/site-packages/airflow/example_dags/tutorial_dag.py
[2023-04-14T14:44:19.948+0000] {logging_mixin.py:137} INFO - [2023-04-14T14:44:19.948+0000] {dag.py:2693} INFO - Sync 1 DAGs
[2023-04-14T14:44:19.964+0000] {logging_mixin.py:137} INFO - [2023-04-14T14:44:19.964+0000] {dag.py:3444} INFO - Setting next_dagrun for tutorial_dag to None, run_after=None
[2023-04-14T14:44:19.976+0000] {processor.py:175} INFO - Processing /home/airflow/.local/lib/python3.7/site-packages/airflow/example_dags/tutorial_dag.py took 0.061 seconds
[2023-04-14T14:44:50.279+0000] {processor.py:153} INFO - Started process (PID=331) to work on /home/airflow/.local/lib/python3.7/site-packages/airflow/example_dags/tutorial_dag.py
[2023-04-14T14:44:50.280+0000] {processor.py:743} INFO - Processing file /home/airflow/.local/lib/python3.7/site-packages/airflow/example_dags/tutorial_dag.py for tasks to queue
[2023-04-14T14:44:50.281+0000] {logging_mixin.py:137} INFO - [2023-04-14T14:44:50.281+0000] {dagbag.py:532} INFO - Filling up the DagBag from /home/airflow/.local/lib/python3.7/site-packages/airflow/example_dags/tutorial_dag.py
[2023-04-14T14:44:50.291+0000] {processor.py:753} INFO - DAG(s) dict_keys(['tutorial_dag']) retrieved from /home/airflow/.local/lib/python3.7/site-packages/airflow/example_dags/tutorial_dag.py
[2023-04-14T14:44:50.315+0000] {logging_mixin.py:137} INFO - [2023-04-14T14:44:50.315+0000] {dag.py:2693} INFO - Sync 1 DAGs
[2023-04-14T14:44:50.334+0000] {logging_mixin.py:137} INFO - [2023-04-14T14:44:50.334+0000] {dag.py:3444} INFO - Setting next_dagrun for tutorial_dag to None, run_after=None
[2023-04-14T14:44:50.345+0000] {processor.py:175} INFO - Processing /home/airflow/.local/lib/python3.7/site-packages/airflow/example_dags/tutorial_dag.py took 0.069 seconds
[2023-04-14T14:45:20.635+0000] {processor.py:153} INFO - Started process (PID=384) to work on /home/airflow/.local/lib/python3.7/site-packages/airflow/example_dags/tutorial_dag.py
[2023-04-14T14:45:20.636+0000] {processor.py:743} INFO - Processing file /home/airflow/.local/lib/python3.7/site-packages/airflow/example_dags/tutorial_dag.py for tasks to queue
[2023-04-14T14:45:20.637+0000] {logging_mixin.py:137} INFO - [2023-04-14T14:45:20.637+0000] {dagbag.py:532} INFO - Filling up the DagBag from /home/airflow/.local/lib/python3.7/site-packages/airflow/example_dags/tutorial_dag.py
[2023-04-14T14:45:20.646+0000] {processor.py:753} INFO - DAG(s) dict_keys(['tutorial_dag']) retrieved from /home/airflow/.local/lib/python3.7/site-packages/airflow/example_dags/tutorial_dag.py
[2023-04-14T14:45:20.666+0000] {logging_mixin.py:137} INFO - [2023-04-14T14:45:20.666+0000] {dag.py:2693} INFO - Sync 1 DAGs
[2023-04-14T14:45:20.681+0000] {logging_mixin.py:137} INFO - [2023-04-14T14:45:20.681+0000] {dag.py:3444} INFO - Setting next_dagrun for tutorial_dag to None, run_after=None
[2023-04-14T14:45:20.693+0000] {processor.py:175} INFO - Processing /home/airflow/.local/lib/python3.7/site-packages/airflow/example_dags/tutorial_dag.py took 0.061 seconds
[2023-04-14T14:45:51.379+0000] {processor.py:153} INFO - Started process (PID=437) to work on /home/airflow/.local/lib/python3.7/site-packages/airflow/example_dags/tutorial_dag.py
[2023-04-14T14:45:51.380+0000] {processor.py:743} INFO - Processing file /home/airflow/.local/lib/python3.7/site-packages/airflow/example_dags/tutorial_dag.py for tasks to queue
[2023-04-14T14:45:51.381+0000] {logging_mixin.py:137} INFO - [2023-04-14T14:45:51.381+0000] {dagbag.py:532} INFO - Filling up the DagBag from /home/airflow/.local/lib/python3.7/site-packages/airflow/example_dags/tutorial_dag.py
[2023-04-14T14:45:51.392+0000] {processor.py:753} INFO - DAG(s) dict_keys(['tutorial_dag']) retrieved from /home/airflow/.local/lib/python3.7/site-packages/airflow/example_dags/tutorial_dag.py
[2023-04-14T14:45:51.412+0000] {logging_mixin.py:137} INFO - [2023-04-14T14:45:51.412+0000] {dag.py:2693} INFO - Sync 1 DAGs
[2023-04-14T14:45:51.432+0000] {logging_mixin.py:137} INFO - [2023-04-14T14:45:51.432+0000] {dag.py:3444} INFO - Setting next_dagrun for tutorial_dag to None, run_after=None
[2023-04-14T14:45:51.444+0000] {processor.py:175} INFO - Processing /home/airflow/.local/lib/python3.7/site-packages/airflow/example_dags/tutorial_dag.py took 0.069 seconds
[2023-04-14T14:46:22.478+0000] {processor.py:153} INFO - Started process (PID=490) to work on /home/airflow/.local/lib/python3.7/site-packages/airflow/example_dags/tutorial_dag.py
[2023-04-14T14:46:22.479+0000] {processor.py:743} INFO - Processing file /home/airflow/.local/lib/python3.7/site-packages/airflow/example_dags/tutorial_dag.py for tasks to queue
[2023-04-14T14:46:22.480+0000] {logging_mixin.py:137} INFO - [2023-04-14T14:46:22.479+0000] {dagbag.py:532} INFO - Filling up the DagBag from /home/airflow/.local/lib/python3.7/site-packages/airflow/example_dags/tutorial_dag.py
[2023-04-14T14:46:22.489+0000] {processor.py:753} INFO - DAG(s) dict_keys(['tutorial_dag']) retrieved from /home/airflow/.local/lib/python3.7/site-packages/airflow/example_dags/tutorial_dag.py
[2023-04-14T14:46:22.528+0000] {logging_mixin.py:137} INFO - [2023-04-14T14:46:22.528+0000] {dag.py:2693} INFO - Sync 1 DAGs
[2023-04-14T14:46:22.554+0000] {logging_mixin.py:137} INFO - [2023-04-14T14:46:22.554+0000] {dag.py:3444} INFO - Setting next_dagrun for tutorial_dag to None, run_after=None
[2023-04-14T14:46:22.569+0000] {processor.py:175} INFO - Processing /home/airflow/.local/lib/python3.7/site-packages/airflow/example_dags/tutorial_dag.py took 0.094 seconds
[2023-04-14T14:46:53.684+0000] {processor.py:153} INFO - Started process (PID=543) to work on /home/airflow/.local/lib/python3.7/site-packages/airflow/example_dags/tutorial_dag.py
[2023-04-14T14:46:53.685+0000] {processor.py:743} INFO - Processing file /home/airflow/.local/lib/python3.7/site-packages/airflow/example_dags/tutorial_dag.py for tasks to queue
[2023-04-14T14:46:53.686+0000] {logging_mixin.py:137} INFO - [2023-04-14T14:46:53.686+0000] {dagbag.py:532} INFO - Filling up the DagBag from /home/airflow/.local/lib/python3.7/site-packages/airflow/example_dags/tutorial_dag.py
[2023-04-14T14:46:53.695+0000] {processor.py:753} INFO - DAG(s) dict_keys(['tutorial_dag']) retrieved from /home/airflow/.local/lib/python3.7/site-packages/airflow/example_dags/tutorial_dag.py
[2023-04-14T14:46:53.720+0000] {logging_mixin.py:137} INFO - [2023-04-14T14:46:53.720+0000] {dag.py:2693} INFO - Sync 1 DAGs
[2023-04-14T14:46:53.743+0000] {logging_mixin.py:137} INFO - [2023-04-14T14:46:53.743+0000] {dag.py:3444} INFO - Setting next_dagrun for tutorial_dag to None, run_after=None
[2023-04-14T14:46:53.758+0000] {processor.py:175} INFO - Processing /home/airflow/.local/lib/python3.7/site-packages/airflow/example_dags/tutorial_dag.py took 0.077 seconds
[2023-04-14T14:47:24.409+0000] {processor.py:153} INFO - Started process (PID=597) to work on /home/airflow/.local/lib/python3.7/site-packages/airflow/example_dags/tutorial_dag.py
[2023-04-14T14:47:24.410+0000] {processor.py:743} INFO - Processing file /home/airflow/.local/lib/python3.7/site-packages/airflow/example_dags/tutorial_dag.py for tasks to queue
[2023-04-14T14:47:24.411+0000] {logging_mixin.py:137} INFO - [2023-04-14T14:47:24.411+0000] {dagbag.py:532} INFO - Filling up the DagBag from /home/airflow/.local/lib/python3.7/site-packages/airflow/example_dags/tutorial_dag.py
[2023-04-14T14:47:24.423+0000] {processor.py:753} INFO - DAG(s) dict_keys(['tutorial_dag']) retrieved from /home/airflow/.local/lib/python3.7/site-packages/airflow/example_dags/tutorial_dag.py
[2023-04-14T14:47:24.444+0000] {logging_mixin.py:137} INFO - [2023-04-14T14:47:24.444+0000] {dag.py:2693} INFO - Sync 1 DAGs
[2023-04-14T14:47:24.461+0000] {logging_mixin.py:137} INFO - [2023-04-14T14:47:24.461+0000] {dag.py:3444} INFO - Setting next_dagrun for tutorial_dag to None, run_after=None
[2023-04-14T14:47:24.474+0000] {processor.py:175} INFO - Processing /home/airflow/.local/lib/python3.7/site-packages/airflow/example_dags/tutorial_dag.py took 0.068 seconds
[2023-04-14T14:47:56.981+0000] {processor.py:153} INFO - Started process (PID=652) to work on /home/airflow/.local/lib/python3.7/site-packages/airflow/example_dags/tutorial_dag.py
[2023-04-14T14:47:56.986+0000] {processor.py:743} INFO - Processing file /home/airflow/.local/lib/python3.7/site-packages/airflow/example_dags/tutorial_dag.py for tasks to queue
[2023-04-14T14:47:56.989+0000] {logging_mixin.py:137} INFO - [2023-04-14T14:47:56.988+0000] {dagbag.py:532} INFO - Filling up the DagBag from /home/airflow/.local/lib/python3.7/site-packages/airflow/example_dags/tutorial_dag.py
[2023-04-14T14:47:57.011+0000] {processor.py:753} INFO - DAG(s) dict_keys(['tutorial_dag']) retrieved from /home/airflow/.local/lib/python3.7/site-packages/airflow/example_dags/tutorial_dag.py
[2023-04-14T14:47:57.053+0000] {logging_mixin.py:137} INFO - [2023-04-14T14:47:57.052+0000] {dag.py:2693} INFO - Sync 1 DAGs
[2023-04-14T14:47:57.087+0000] {logging_mixin.py:137} INFO - [2023-04-14T14:47:57.087+0000] {dag.py:3444} INFO - Setting next_dagrun for tutorial_dag to None, run_after=None
[2023-04-14T14:47:57.109+0000] {processor.py:175} INFO - Processing /home/airflow/.local/lib/python3.7/site-packages/airflow/example_dags/tutorial_dag.py took 0.135 seconds
[2023-04-14T14:48:27.300+0000] {processor.py:153} INFO - Started process (PID=704) to work on /home/airflow/.local/lib/python3.7/site-packages/airflow/example_dags/tutorial_dag.py
[2023-04-14T14:48:27.302+0000] {processor.py:743} INFO - Processing file /home/airflow/.local/lib/python3.7/site-packages/airflow/example_dags/tutorial_dag.py for tasks to queue
[2023-04-14T14:48:27.303+0000] {logging_mixin.py:137} INFO - [2023-04-14T14:48:27.303+0000] {dagbag.py:532} INFO - Filling up the DagBag from /home/airflow/.local/lib/python3.7/site-packages/airflow/example_dags/tutorial_dag.py
[2023-04-14T14:48:27.322+0000] {processor.py:753} INFO - DAG(s) dict_keys(['tutorial_dag']) retrieved from /home/airflow/.local/lib/python3.7/site-packages/airflow/example_dags/tutorial_dag.py
[2023-04-14T14:48:27.358+0000] {logging_mixin.py:137} INFO - [2023-04-14T14:48:27.357+0000] {dag.py:2693} INFO - Sync 1 DAGs
[2023-04-14T14:48:27.385+0000] {logging_mixin.py:137} INFO - [2023-04-14T14:48:27.385+0000] {dag.py:3444} INFO - Setting next_dagrun for tutorial_dag to None, run_after=None
[2023-04-14T14:48:27.397+0000] {processor.py:175} INFO - Processing /home/airflow/.local/lib/python3.7/site-packages/airflow/example_dags/tutorial_dag.py took 0.101 seconds
[2023-04-14T14:48:57.497+0000] {processor.py:153} INFO - Started process (PID=756) to work on /home/airflow/.local/lib/python3.7/site-packages/airflow/example_dags/tutorial_dag.py
[2023-04-14T14:48:57.499+0000] {processor.py:743} INFO - Processing file /home/airflow/.local/lib/python3.7/site-packages/airflow/example_dags/tutorial_dag.py for tasks to queue
[2023-04-14T14:48:57.501+0000] {logging_mixin.py:137} INFO - [2023-04-14T14:48:57.500+0000] {dagbag.py:532} INFO - Filling up the DagBag from /home/airflow/.local/lib/python3.7/site-packages/airflow/example_dags/tutorial_dag.py
[2023-04-14T14:48:57.520+0000] {processor.py:753} INFO - DAG(s) dict_keys(['tutorial_dag']) retrieved from /home/airflow/.local/lib/python3.7/site-packages/airflow/example_dags/tutorial_dag.py
[2023-04-14T14:48:57.549+0000] {logging_mixin.py:137} INFO - [2023-04-14T14:48:57.548+0000] {dag.py:2693} INFO - Sync 1 DAGs
[2023-04-14T14:48:57.569+0000] {logging_mixin.py:137} INFO - [2023-04-14T14:48:57.569+0000] {dag.py:3444} INFO - Setting next_dagrun for tutorial_dag to None, run_after=None
[2023-04-14T14:48:57.599+0000] {processor.py:175} INFO - Processing /home/airflow/.local/lib/python3.7/site-packages/airflow/example_dags/tutorial_dag.py took 0.106 seconds
[2023-04-14T14:49:27.630+0000] {processor.py:153} INFO - Started process (PID=808) to work on /home/airflow/.local/lib/python3.7/site-packages/airflow/example_dags/tutorial_dag.py
[2023-04-14T14:49:27.632+0000] {processor.py:743} INFO - Processing file /home/airflow/.local/lib/python3.7/site-packages/airflow/example_dags/tutorial_dag.py for tasks to queue
[2023-04-14T14:49:27.632+0000] {logging_mixin.py:137} INFO - [2023-04-14T14:49:27.632+0000] {dagbag.py:532} INFO - Filling up the DagBag from /home/airflow/.local/lib/python3.7/site-packages/airflow/example_dags/tutorial_dag.py
[2023-04-14T14:49:27.641+0000] {processor.py:753} INFO - DAG(s) dict_keys(['tutorial_dag']) retrieved from /home/airflow/.local/lib/python3.7/site-packages/airflow/example_dags/tutorial_dag.py
[2023-04-14T14:49:27.660+0000] {logging_mixin.py:137} INFO - [2023-04-14T14:49:27.660+0000] {dag.py:2693} INFO - Sync 1 DAGs
[2023-04-14T14:49:27.675+0000] {logging_mixin.py:137} INFO - [2023-04-14T14:49:27.674+0000] {dag.py:3444} INFO - Setting next_dagrun for tutorial_dag to None, run_after=None
[2023-04-14T14:49:27.685+0000] {processor.py:175} INFO - Processing /home/airflow/.local/lib/python3.7/site-packages/airflow/example_dags/tutorial_dag.py took 0.057 seconds
[2023-04-14T14:49:58.014+0000] {processor.py:153} INFO - Started process (PID=861) to work on /home/airflow/.local/lib/python3.7/site-packages/airflow/example_dags/tutorial_dag.py
[2023-04-14T14:49:58.018+0000] {processor.py:743} INFO - Processing file /home/airflow/.local/lib/python3.7/site-packages/airflow/example_dags/tutorial_dag.py for tasks to queue
[2023-04-14T14:49:58.025+0000] {logging_mixin.py:137} INFO - [2023-04-14T14:49:58.025+0000] {dagbag.py:532} INFO - Filling up the DagBag from /home/airflow/.local/lib/python3.7/site-packages/airflow/example_dags/tutorial_dag.py
[2023-04-14T14:49:58.043+0000] {processor.py:753} INFO - DAG(s) dict_keys(['tutorial_dag']) retrieved from /home/airflow/.local/lib/python3.7/site-packages/airflow/example_dags/tutorial_dag.py
[2023-04-14T14:49:58.064+0000] {logging_mixin.py:137} INFO - [2023-04-14T14:49:58.064+0000] {dag.py:2693} INFO - Sync 1 DAGs
[2023-04-14T14:49:58.085+0000] {logging_mixin.py:137} INFO - [2023-04-14T14:49:58.085+0000] {dag.py:3444} INFO - Setting next_dagrun for tutorial_dag to None, run_after=None
[2023-04-14T14:49:58.099+0000] {processor.py:175} INFO - Processing /home/airflow/.local/lib/python3.7/site-packages/airflow/example_dags/tutorial_dag.py took 0.088 seconds
[2023-04-14T14:50:28.606+0000] {processor.py:153} INFO - Started process (PID=914) to work on /home/airflow/.local/lib/python3.7/site-packages/airflow/example_dags/tutorial_dag.py
[2023-04-14T14:50:28.608+0000] {processor.py:743} INFO - Processing file /home/airflow/.local/lib/python3.7/site-packages/airflow/example_dags/tutorial_dag.py for tasks to queue
[2023-04-14T14:50:28.608+0000] {logging_mixin.py:137} INFO - [2023-04-14T14:50:28.608+0000] {dagbag.py:532} INFO - Filling up the DagBag from /home/airflow/.local/lib/python3.7/site-packages/airflow/example_dags/tutorial_dag.py
[2023-04-14T14:50:28.618+0000] {processor.py:753} INFO - DAG(s) dict_keys(['tutorial_dag']) retrieved from /home/airflow/.local/lib/python3.7/site-packages/airflow/example_dags/tutorial_dag.py
[2023-04-14T14:50:28.637+0000] {logging_mixin.py:137} INFO - [2023-04-14T14:50:28.637+0000] {dag.py:2693} INFO - Sync 1 DAGs
[2023-04-14T14:50:28.652+0000] {logging_mixin.py:137} INFO - [2023-04-14T14:50:28.651+0000] {dag.py:3444} INFO - Setting next_dagrun for tutorial_dag to None, run_after=None
[2023-04-14T14:50:28.662+0000] {processor.py:175} INFO - Processing /home/airflow/.local/lib/python3.7/site-packages/airflow/example_dags/tutorial_dag.py took 0.058 seconds
[2023-04-14T14:50:59.099+0000] {processor.py:153} INFO - Started process (PID=968) to work on /home/airflow/.local/lib/python3.7/site-packages/airflow/example_dags/tutorial_dag.py
[2023-04-14T14:50:59.100+0000] {processor.py:743} INFO - Processing file /home/airflow/.local/lib/python3.7/site-packages/airflow/example_dags/tutorial_dag.py for tasks to queue
[2023-04-14T14:50:59.101+0000] {logging_mixin.py:137} INFO - [2023-04-14T14:50:59.101+0000] {dagbag.py:532} INFO - Filling up the DagBag from /home/airflow/.local/lib/python3.7/site-packages/airflow/example_dags/tutorial_dag.py
[2023-04-14T14:50:59.112+0000] {processor.py:753} INFO - DAG(s) dict_keys(['tutorial_dag']) retrieved from /home/airflow/.local/lib/python3.7/site-packages/airflow/example_dags/tutorial_dag.py
[2023-04-14T14:50:59.131+0000] {logging_mixin.py:137} INFO - [2023-04-14T14:50:59.131+0000] {dag.py:2693} INFO - Sync 1 DAGs
[2023-04-14T14:50:59.145+0000] {logging_mixin.py:137} INFO - [2023-04-14T14:50:59.145+0000] {dag.py:3444} INFO - Setting next_dagrun for tutorial_dag to None, run_after=None
[2023-04-14T14:50:59.156+0000] {processor.py:175} INFO - Processing /home/airflow/.local/lib/python3.7/site-packages/airflow/example_dags/tutorial_dag.py took 0.060 seconds
[2023-04-14T14:51:29.284+0000] {processor.py:153} INFO - Started process (PID=1020) to work on /home/airflow/.local/lib/python3.7/site-packages/airflow/example_dags/tutorial_dag.py
[2023-04-14T14:51:29.285+0000] {processor.py:743} INFO - Processing file /home/airflow/.local/lib/python3.7/site-packages/airflow/example_dags/tutorial_dag.py for tasks to queue
[2023-04-14T14:51:29.286+0000] {logging_mixin.py:137} INFO - [2023-04-14T14:51:29.286+0000] {dagbag.py:532} INFO - Filling up the DagBag from /home/airflow/.local/lib/python3.7/site-packages/airflow/example_dags/tutorial_dag.py
[2023-04-14T14:51:29.296+0000] {processor.py:753} INFO - DAG(s) dict_keys(['tutorial_dag']) retrieved from /home/airflow/.local/lib/python3.7/site-packages/airflow/example_dags/tutorial_dag.py
[2023-04-14T14:51:29.314+0000] {logging_mixin.py:137} INFO - [2023-04-14T14:51:29.314+0000] {dag.py:2693} INFO - Sync 1 DAGs
[2023-04-14T14:51:29.330+0000] {logging_mixin.py:137} INFO - [2023-04-14T14:51:29.330+0000] {dag.py:3444} INFO - Setting next_dagrun for tutorial_dag to None, run_after=None
[2023-04-14T14:51:29.340+0000] {processor.py:175} INFO - Processing /home/airflow/.local/lib/python3.7/site-packages/airflow/example_dags/tutorial_dag.py took 0.058 seconds
[2023-04-14T14:51:59.510+0000] {processor.py:153} INFO - Started process (PID=1074) to work on /home/airflow/.local/lib/python3.7/site-packages/airflow/example_dags/tutorial_dag.py
[2023-04-14T14:51:59.512+0000] {processor.py:743} INFO - Processing file /home/airflow/.local/lib/python3.7/site-packages/airflow/example_dags/tutorial_dag.py for tasks to queue
[2023-04-14T14:51:59.513+0000] {logging_mixin.py:137} INFO - [2023-04-14T14:51:59.513+0000] {dagbag.py:532} INFO - Filling up the DagBag from /home/airflow/.local/lib/python3.7/site-packages/airflow/example_dags/tutorial_dag.py
[2023-04-14T14:51:59.525+0000] {processor.py:753} INFO - DAG(s) dict_keys(['tutorial_dag']) retrieved from /home/airflow/.local/lib/python3.7/site-packages/airflow/example_dags/tutorial_dag.py
[2023-04-14T14:51:59.547+0000] {logging_mixin.py:137} INFO - [2023-04-14T14:51:59.546+0000] {dag.py:2693} INFO - Sync 1 DAGs
[2023-04-14T14:51:59.563+0000] {logging_mixin.py:137} INFO - [2023-04-14T14:51:59.563+0000] {dag.py:3444} INFO - Setting next_dagrun for tutorial_dag to None, run_after=None
[2023-04-14T14:51:59.574+0000] {processor.py:175} INFO - Processing /home/airflow/.local/lib/python3.7/site-packages/airflow/example_dags/tutorial_dag.py took 0.067 seconds
[2023-04-14T14:52:29.641+0000] {processor.py:153} INFO - Started process (PID=1126) to work on /home/airflow/.local/lib/python3.7/site-packages/airflow/example_dags/tutorial_dag.py
[2023-04-14T14:52:29.642+0000] {processor.py:743} INFO - Processing file /home/airflow/.local/lib/python3.7/site-packages/airflow/example_dags/tutorial_dag.py for tasks to queue
[2023-04-14T14:52:29.642+0000] {logging_mixin.py:137} INFO - [2023-04-14T14:52:29.642+0000] {dagbag.py:532} INFO - Filling up the DagBag from /home/airflow/.local/lib/python3.7/site-packages/airflow/example_dags/tutorial_dag.py
[2023-04-14T14:52:29.652+0000] {processor.py:753} INFO - DAG(s) dict_keys(['tutorial_dag']) retrieved from /home/airflow/.local/lib/python3.7/site-packages/airflow/example_dags/tutorial_dag.py
[2023-04-14T14:52:29.672+0000] {logging_mixin.py:137} INFO - [2023-04-14T14:52:29.672+0000] {dag.py:2693} INFO - Sync 1 DAGs
[2023-04-14T14:52:29.686+0000] {logging_mixin.py:137} INFO - [2023-04-14T14:52:29.686+0000] {dag.py:3444} INFO - Setting next_dagrun for tutorial_dag to None, run_after=None
[2023-04-14T14:52:29.696+0000] {processor.py:175} INFO - Processing /home/airflow/.local/lib/python3.7/site-packages/airflow/example_dags/tutorial_dag.py took 0.058 seconds
[2023-04-14T14:53:00.339+0000] {processor.py:153} INFO - Started process (PID=1179) to work on /home/airflow/.local/lib/python3.7/site-packages/airflow/example_dags/tutorial_dag.py
[2023-04-14T14:53:00.340+0000] {processor.py:743} INFO - Processing file /home/airflow/.local/lib/python3.7/site-packages/airflow/example_dags/tutorial_dag.py for tasks to queue
[2023-04-14T14:53:00.341+0000] {logging_mixin.py:137} INFO - [2023-04-14T14:53:00.341+0000] {dagbag.py:532} INFO - Filling up the DagBag from /home/airflow/.local/lib/python3.7/site-packages/airflow/example_dags/tutorial_dag.py
[2023-04-14T14:53:00.351+0000] {processor.py:753} INFO - DAG(s) dict_keys(['tutorial_dag']) retrieved from /home/airflow/.local/lib/python3.7/site-packages/airflow/example_dags/tutorial_dag.py
[2023-04-14T14:53:00.369+0000] {logging_mixin.py:137} INFO - [2023-04-14T14:53:00.369+0000] {dag.py:2693} INFO - Sync 1 DAGs
[2023-04-14T14:53:00.384+0000] {logging_mixin.py:137} INFO - [2023-04-14T14:53:00.384+0000] {dag.py:3444} INFO - Setting next_dagrun for tutorial_dag to None, run_after=None
[2023-04-14T14:53:00.394+0000] {processor.py:175} INFO - Processing /home/airflow/.local/lib/python3.7/site-packages/airflow/example_dags/tutorial_dag.py took 0.058 seconds
[2023-04-14T14:53:30.760+0000] {processor.py:153} INFO - Started process (PID=1231) to work on /home/airflow/.local/lib/python3.7/site-packages/airflow/example_dags/tutorial_dag.py
[2023-04-14T14:53:30.761+0000] {processor.py:743} INFO - Processing file /home/airflow/.local/lib/python3.7/site-packages/airflow/example_dags/tutorial_dag.py for tasks to queue
[2023-04-14T14:53:30.762+0000] {logging_mixin.py:137} INFO - [2023-04-14T14:53:30.762+0000] {dagbag.py:532} INFO - Filling up the DagBag from /home/airflow/.local/lib/python3.7/site-packages/airflow/example_dags/tutorial_dag.py
[2023-04-14T14:53:30.772+0000] {processor.py:753} INFO - DAG(s) dict_keys(['tutorial_dag']) retrieved from /home/airflow/.local/lib/python3.7/site-packages/airflow/example_dags/tutorial_dag.py
[2023-04-14T14:53:30.790+0000] {logging_mixin.py:137} INFO - [2023-04-14T14:53:30.790+0000] {dag.py:2693} INFO - Sync 1 DAGs
[2023-04-14T14:53:30.805+0000] {logging_mixin.py:137} INFO - [2023-04-14T14:53:30.805+0000] {dag.py:3444} INFO - Setting next_dagrun for tutorial_dag to None, run_after=None
[2023-04-14T14:53:30.815+0000] {processor.py:175} INFO - Processing /home/airflow/.local/lib/python3.7/site-packages/airflow/example_dags/tutorial_dag.py took 0.058 seconds
[2023-04-14T14:54:01.038+0000] {processor.py:153} INFO - Started process (PID=1283) to work on /home/airflow/.local/lib/python3.7/site-packages/airflow/example_dags/tutorial_dag.py
[2023-04-14T14:54:01.039+0000] {processor.py:743} INFO - Processing file /home/airflow/.local/lib/python3.7/site-packages/airflow/example_dags/tutorial_dag.py for tasks to queue
[2023-04-14T14:54:01.040+0000] {logging_mixin.py:137} INFO - [2023-04-14T14:54:01.039+0000] {dagbag.py:532} INFO - Filling up the DagBag from /home/airflow/.local/lib/python3.7/site-packages/airflow/example_dags/tutorial_dag.py
[2023-04-14T14:54:01.050+0000] {processor.py:753} INFO - DAG(s) dict_keys(['tutorial_dag']) retrieved from /home/airflow/.local/lib/python3.7/site-packages/airflow/example_dags/tutorial_dag.py
[2023-04-14T14:54:01.069+0000] {logging_mixin.py:137} INFO - [2023-04-14T14:54:01.069+0000] {dag.py:2693} INFO - Sync 1 DAGs
[2023-04-14T14:54:01.083+0000] {logging_mixin.py:137} INFO - [2023-04-14T14:54:01.083+0000] {dag.py:3444} INFO - Setting next_dagrun for tutorial_dag to None, run_after=None
[2023-04-14T14:54:01.093+0000] {processor.py:175} INFO - Processing /home/airflow/.local/lib/python3.7/site-packages/airflow/example_dags/tutorial_dag.py took 0.058 seconds
[2023-04-14T14:54:31.186+0000] {processor.py:153} INFO - Started process (PID=1336) to work on /home/airflow/.local/lib/python3.7/site-packages/airflow/example_dags/tutorial_dag.py
[2023-04-14T14:54:31.187+0000] {processor.py:743} INFO - Processing file /home/airflow/.local/lib/python3.7/site-packages/airflow/example_dags/tutorial_dag.py for tasks to queue
[2023-04-14T14:54:31.188+0000] {logging_mixin.py:137} INFO - [2023-04-14T14:54:31.188+0000] {dagbag.py:532} INFO - Filling up the DagBag from /home/airflow/.local/lib/python3.7/site-packages/airflow/example_dags/tutorial_dag.py
[2023-04-14T14:54:31.198+0000] {processor.py:753} INFO - DAG(s) dict_keys(['tutorial_dag']) retrieved from /home/airflow/.local/lib/python3.7/site-packages/airflow/example_dags/tutorial_dag.py
[2023-04-14T14:54:31.216+0000] {logging_mixin.py:137} INFO - [2023-04-14T14:54:31.216+0000] {dag.py:2693} INFO - Sync 1 DAGs
[2023-04-14T14:54:31.230+0000] {logging_mixin.py:137} INFO - [2023-04-14T14:54:31.230+0000] {dag.py:3444} INFO - Setting next_dagrun for tutorial_dag to None, run_after=None
[2023-04-14T14:54:31.240+0000] {processor.py:175} INFO - Processing /home/airflow/.local/lib/python3.7/site-packages/airflow/example_dags/tutorial_dag.py took 0.057 seconds
[2023-04-14T14:55:01.794+0000] {processor.py:153} INFO - Started process (PID=1389) to work on /home/airflow/.local/lib/python3.7/site-packages/airflow/example_dags/tutorial_dag.py
[2023-04-14T14:55:01.795+0000] {processor.py:743} INFO - Processing file /home/airflow/.local/lib/python3.7/site-packages/airflow/example_dags/tutorial_dag.py for tasks to queue
[2023-04-14T14:55:01.795+0000] {logging_mixin.py:137} INFO - [2023-04-14T14:55:01.795+0000] {dagbag.py:532} INFO - Filling up the DagBag from /home/airflow/.local/lib/python3.7/site-packages/airflow/example_dags/tutorial_dag.py
[2023-04-14T14:55:01.805+0000] {processor.py:753} INFO - DAG(s) dict_keys(['tutorial_dag']) retrieved from /home/airflow/.local/lib/python3.7/site-packages/airflow/example_dags/tutorial_dag.py
[2023-04-14T14:55:01.831+0000] {logging_mixin.py:137} INFO - [2023-04-14T14:55:01.831+0000] {dag.py:2693} INFO - Sync 1 DAGs
[2023-04-14T14:55:01.849+0000] {logging_mixin.py:137} INFO - [2023-04-14T14:55:01.849+0000] {dag.py:3444} INFO - Setting next_dagrun for tutorial_dag to None, run_after=None
[2023-04-14T14:55:01.861+0000] {processor.py:175} INFO - Processing /home/airflow/.local/lib/python3.7/site-packages/airflow/example_dags/tutorial_dag.py took 0.070 seconds
[2023-04-14T14:55:32.194+0000] {processor.py:153} INFO - Started process (PID=1441) to work on /home/airflow/.local/lib/python3.7/site-packages/airflow/example_dags/tutorial_dag.py
[2023-04-14T14:55:32.195+0000] {processor.py:743} INFO - Processing file /home/airflow/.local/lib/python3.7/site-packages/airflow/example_dags/tutorial_dag.py for tasks to queue
[2023-04-14T14:55:32.196+0000] {logging_mixin.py:137} INFO - [2023-04-14T14:55:32.196+0000] {dagbag.py:532} INFO - Filling up the DagBag from /home/airflow/.local/lib/python3.7/site-packages/airflow/example_dags/tutorial_dag.py
[2023-04-14T14:55:32.207+0000] {processor.py:753} INFO - DAG(s) dict_keys(['tutorial_dag']) retrieved from /home/airflow/.local/lib/python3.7/site-packages/airflow/example_dags/tutorial_dag.py
[2023-04-14T14:55:32.235+0000] {logging_mixin.py:137} INFO - [2023-04-14T14:55:32.235+0000] {dag.py:2693} INFO - Sync 1 DAGs
[2023-04-14T14:55:32.251+0000] {logging_mixin.py:137} INFO - [2023-04-14T14:55:32.251+0000] {dag.py:3444} INFO - Setting next_dagrun for tutorial_dag to None, run_after=None
[2023-04-14T14:55:32.262+0000] {processor.py:175} INFO - Processing /home/airflow/.local/lib/python3.7/site-packages/airflow/example_dags/tutorial_dag.py took 0.070 seconds
[2023-04-14T14:56:02.638+0000] {processor.py:153} INFO - Started process (PID=1493) to work on /home/airflow/.local/lib/python3.7/site-packages/airflow/example_dags/tutorial_dag.py
[2023-04-14T14:56:02.639+0000] {processor.py:743} INFO - Processing file /home/airflow/.local/lib/python3.7/site-packages/airflow/example_dags/tutorial_dag.py for tasks to queue
[2023-04-14T14:56:02.639+0000] {logging_mixin.py:137} INFO - [2023-04-14T14:56:02.639+0000] {dagbag.py:532} INFO - Filling up the DagBag from /home/airflow/.local/lib/python3.7/site-packages/airflow/example_dags/tutorial_dag.py
[2023-04-14T14:56:02.650+0000] {processor.py:753} INFO - DAG(s) dict_keys(['tutorial_dag']) retrieved from /home/airflow/.local/lib/python3.7/site-packages/airflow/example_dags/tutorial_dag.py
[2023-04-14T14:56:02.667+0000] {logging_mixin.py:137} INFO - [2023-04-14T14:56:02.667+0000] {dag.py:2693} INFO - Sync 1 DAGs
[2023-04-14T14:56:02.681+0000] {logging_mixin.py:137} INFO - [2023-04-14T14:56:02.681+0000] {dag.py:3444} INFO - Setting next_dagrun for tutorial_dag to None, run_after=None
[2023-04-14T14:56:02.692+0000] {processor.py:175} INFO - Processing /home/airflow/.local/lib/python3.7/site-packages/airflow/example_dags/tutorial_dag.py took 0.057 seconds
[2023-04-14T14:56:33.096+0000] {processor.py:153} INFO - Started process (PID=1546) to work on /home/airflow/.local/lib/python3.7/site-packages/airflow/example_dags/tutorial_dag.py
[2023-04-14T14:56:33.097+0000] {processor.py:743} INFO - Processing file /home/airflow/.local/lib/python3.7/site-packages/airflow/example_dags/tutorial_dag.py for tasks to queue
[2023-04-14T14:56:33.098+0000] {logging_mixin.py:137} INFO - [2023-04-14T14:56:33.097+0000] {dagbag.py:532} INFO - Filling up the DagBag from /home/airflow/.local/lib/python3.7/site-packages/airflow/example_dags/tutorial_dag.py
[2023-04-14T14:56:33.110+0000] {processor.py:753} INFO - DAG(s) dict_keys(['tutorial_dag']) retrieved from /home/airflow/.local/lib/python3.7/site-packages/airflow/example_dags/tutorial_dag.py
[2023-04-14T14:56:33.136+0000] {logging_mixin.py:137} INFO - [2023-04-14T14:56:33.136+0000] {dag.py:2693} INFO - Sync 1 DAGs
[2023-04-14T14:56:33.155+0000] {logging_mixin.py:137} INFO - [2023-04-14T14:56:33.155+0000] {dag.py:3444} INFO - Setting next_dagrun for tutorial_dag to None, run_after=None
[2023-04-14T14:56:33.169+0000] {processor.py:175} INFO - Processing /home/airflow/.local/lib/python3.7/site-packages/airflow/example_dags/tutorial_dag.py took 0.076 seconds
[2023-04-14T14:57:03.561+0000] {processor.py:153} INFO - Started process (PID=1599) to work on /home/airflow/.local/lib/python3.7/site-packages/airflow/example_dags/tutorial_dag.py
[2023-04-14T14:57:03.563+0000] {processor.py:743} INFO - Processing file /home/airflow/.local/lib/python3.7/site-packages/airflow/example_dags/tutorial_dag.py for tasks to queue
[2023-04-14T14:57:03.564+0000] {logging_mixin.py:137} INFO - [2023-04-14T14:57:03.563+0000] {dagbag.py:532} INFO - Filling up the DagBag from /home/airflow/.local/lib/python3.7/site-packages/airflow/example_dags/tutorial_dag.py
[2023-04-14T14:57:03.575+0000] {processor.py:753} INFO - DAG(s) dict_keys(['tutorial_dag']) retrieved from /home/airflow/.local/lib/python3.7/site-packages/airflow/example_dags/tutorial_dag.py
[2023-04-14T14:57:03.604+0000] {logging_mixin.py:137} INFO - [2023-04-14T14:57:03.603+0000] {dag.py:2693} INFO - Sync 1 DAGs
[2023-04-14T14:57:03.619+0000] {logging_mixin.py:137} INFO - [2023-04-14T14:57:03.619+0000] {dag.py:3444} INFO - Setting next_dagrun for tutorial_dag to None, run_after=None
[2023-04-14T14:57:03.629+0000] {processor.py:175} INFO - Processing /home/airflow/.local/lib/python3.7/site-packages/airflow/example_dags/tutorial_dag.py took 0.071 seconds
