[2023-04-16T14:21:47.103+0000] {processor.py:153} INFO - Started process (PID=48) to work on /home/airflow/.local/lib/python3.7/site-packages/airflow/example_dags/example_xcomargs.py
[2023-04-16T14:21:47.107+0000] {processor.py:743} INFO - Processing file /home/airflow/.local/lib/python3.7/site-packages/airflow/example_dags/example_xcomargs.py for tasks to queue
[2023-04-16T14:21:47.112+0000] {logging_mixin.py:137} INFO - [2023-04-16T14:21:47.111+0000] {dagbag.py:532} INFO - Filling up the DagBag from /home/airflow/.local/lib/python3.7/site-packages/airflow/example_dags/example_xcomargs.py
[2023-04-16T14:21:47.160+0000] {processor.py:753} INFO - DAG(s) dict_keys(['example_xcom_args', 'example_xcom_args_with_operators']) retrieved from /home/airflow/.local/lib/python3.7/site-packages/airflow/example_dags/example_xcomargs.py
[2023-04-16T14:21:47.213+0000] {logging_mixin.py:137} INFO - [2023-04-16T14:21:47.212+0000] {dag.py:2693} INFO - Sync 2 DAGs
[2023-04-16T14:21:47.244+0000] {logging_mixin.py:137} INFO - [2023-04-16T14:21:47.244+0000] {dag.py:3444} INFO - Setting next_dagrun for example_xcom_args to None, run_after=None
[2023-04-16T14:21:47.250+0000] {logging_mixin.py:137} INFO - [2023-04-16T14:21:47.250+0000] {dag.py:3444} INFO - Setting next_dagrun for example_xcom_args_with_operators to None, run_after=None
[2023-04-16T14:21:47.286+0000] {processor.py:175} INFO - Processing /home/airflow/.local/lib/python3.7/site-packages/airflow/example_dags/example_xcomargs.py took 0.188 seconds
[2023-04-16T14:22:18.355+0000] {processor.py:153} INFO - Started process (PID=96) to work on /home/airflow/.local/lib/python3.7/site-packages/airflow/example_dags/example_xcomargs.py
[2023-04-16T14:22:18.356+0000] {processor.py:743} INFO - Processing file /home/airflow/.local/lib/python3.7/site-packages/airflow/example_dags/example_xcomargs.py for tasks to queue
[2023-04-16T14:22:18.357+0000] {logging_mixin.py:137} INFO - [2023-04-16T14:22:18.357+0000] {dagbag.py:532} INFO - Filling up the DagBag from /home/airflow/.local/lib/python3.7/site-packages/airflow/example_dags/example_xcomargs.py
[2023-04-16T14:22:18.383+0000] {processor.py:753} INFO - DAG(s) dict_keys(['example_xcom_args', 'example_xcom_args_with_operators']) retrieved from /home/airflow/.local/lib/python3.7/site-packages/airflow/example_dags/example_xcomargs.py
[2023-04-16T14:22:18.416+0000] {logging_mixin.py:137} INFO - [2023-04-16T14:22:18.416+0000] {dag.py:2693} INFO - Sync 2 DAGs
[2023-04-16T14:22:18.436+0000] {logging_mixin.py:137} INFO - [2023-04-16T14:22:18.436+0000] {dag.py:3444} INFO - Setting next_dagrun for example_xcom_args to None, run_after=None
[2023-04-16T14:22:18.438+0000] {logging_mixin.py:137} INFO - [2023-04-16T14:22:18.438+0000] {dag.py:3444} INFO - Setting next_dagrun for example_xcom_args_with_operators to None, run_after=None
[2023-04-16T14:22:18.452+0000] {processor.py:175} INFO - Processing /home/airflow/.local/lib/python3.7/site-packages/airflow/example_dags/example_xcomargs.py took 0.100 seconds
[2023-04-16T14:22:48.590+0000] {processor.py:153} INFO - Started process (PID=144) to work on /home/airflow/.local/lib/python3.7/site-packages/airflow/example_dags/example_xcomargs.py
[2023-04-16T14:22:48.591+0000] {processor.py:743} INFO - Processing file /home/airflow/.local/lib/python3.7/site-packages/airflow/example_dags/example_xcomargs.py for tasks to queue
[2023-04-16T14:22:48.592+0000] {logging_mixin.py:137} INFO - [2023-04-16T14:22:48.592+0000] {dagbag.py:532} INFO - Filling up the DagBag from /home/airflow/.local/lib/python3.7/site-packages/airflow/example_dags/example_xcomargs.py
[2023-04-16T14:22:48.608+0000] {processor.py:753} INFO - DAG(s) dict_keys(['example_xcom_args_with_operators', 'example_xcom_args']) retrieved from /home/airflow/.local/lib/python3.7/site-packages/airflow/example_dags/example_xcomargs.py
[2023-04-16T14:22:48.630+0000] {logging_mixin.py:137} INFO - [2023-04-16T14:22:48.630+0000] {dag.py:2693} INFO - Sync 2 DAGs
[2023-04-16T14:22:48.646+0000] {logging_mixin.py:137} INFO - [2023-04-16T14:22:48.646+0000] {dag.py:3444} INFO - Setting next_dagrun for example_xcom_args to None, run_after=None
[2023-04-16T14:22:48.649+0000] {logging_mixin.py:137} INFO - [2023-04-16T14:22:48.649+0000] {dag.py:3444} INFO - Setting next_dagrun for example_xcom_args_with_operators to None, run_after=None
[2023-04-16T14:22:48.661+0000] {processor.py:175} INFO - Processing /home/airflow/.local/lib/python3.7/site-packages/airflow/example_dags/example_xcomargs.py took 0.074 seconds
[2023-04-16T14:23:19.426+0000] {processor.py:153} INFO - Started process (PID=193) to work on /home/airflow/.local/lib/python3.7/site-packages/airflow/example_dags/example_xcomargs.py
[2023-04-16T14:23:19.428+0000] {processor.py:743} INFO - Processing file /home/airflow/.local/lib/python3.7/site-packages/airflow/example_dags/example_xcomargs.py for tasks to queue
[2023-04-16T14:23:19.429+0000] {logging_mixin.py:137} INFO - [2023-04-16T14:23:19.428+0000] {dagbag.py:532} INFO - Filling up the DagBag from /home/airflow/.local/lib/python3.7/site-packages/airflow/example_dags/example_xcomargs.py
[2023-04-16T14:23:19.445+0000] {processor.py:753} INFO - DAG(s) dict_keys(['example_xcom_args_with_operators', 'example_xcom_args']) retrieved from /home/airflow/.local/lib/python3.7/site-packages/airflow/example_dags/example_xcomargs.py
[2023-04-16T14:23:19.466+0000] {logging_mixin.py:137} INFO - [2023-04-16T14:23:19.465+0000] {dag.py:2693} INFO - Sync 2 DAGs
[2023-04-16T14:23:19.480+0000] {logging_mixin.py:137} INFO - [2023-04-16T14:23:19.480+0000] {dag.py:3444} INFO - Setting next_dagrun for example_xcom_args to None, run_after=None
[2023-04-16T14:23:19.482+0000] {logging_mixin.py:137} INFO - [2023-04-16T14:23:19.482+0000] {dag.py:3444} INFO - Setting next_dagrun for example_xcom_args_with_operators to None, run_after=None
[2023-04-16T14:23:19.492+0000] {processor.py:175} INFO - Processing /home/airflow/.local/lib/python3.7/site-packages/airflow/example_dags/example_xcomargs.py took 0.069 seconds
[2023-04-16T14:23:50.049+0000] {processor.py:153} INFO - Started process (PID=241) to work on /home/airflow/.local/lib/python3.7/site-packages/airflow/example_dags/example_xcomargs.py
[2023-04-16T14:23:50.050+0000] {processor.py:743} INFO - Processing file /home/airflow/.local/lib/python3.7/site-packages/airflow/example_dags/example_xcomargs.py for tasks to queue
[2023-04-16T14:23:50.051+0000] {logging_mixin.py:137} INFO - [2023-04-16T14:23:50.050+0000] {dagbag.py:532} INFO - Filling up the DagBag from /home/airflow/.local/lib/python3.7/site-packages/airflow/example_dags/example_xcomargs.py
[2023-04-16T14:23:50.066+0000] {processor.py:753} INFO - DAG(s) dict_keys(['example_xcom_args_with_operators', 'example_xcom_args']) retrieved from /home/airflow/.local/lib/python3.7/site-packages/airflow/example_dags/example_xcomargs.py
[2023-04-16T14:23:50.088+0000] {logging_mixin.py:137} INFO - [2023-04-16T14:23:50.087+0000] {dag.py:2693} INFO - Sync 2 DAGs
[2023-04-16T14:23:50.104+0000] {logging_mixin.py:137} INFO - [2023-04-16T14:23:50.104+0000] {dag.py:3444} INFO - Setting next_dagrun for example_xcom_args to None, run_after=None
[2023-04-16T14:23:50.107+0000] {logging_mixin.py:137} INFO - [2023-04-16T14:23:50.107+0000] {dag.py:3444} INFO - Setting next_dagrun for example_xcom_args_with_operators to None, run_after=None
[2023-04-16T14:23:50.117+0000] {processor.py:175} INFO - Processing /home/airflow/.local/lib/python3.7/site-packages/airflow/example_dags/example_xcomargs.py took 0.071 seconds
[2023-04-16T14:24:20.603+0000] {processor.py:153} INFO - Started process (PID=291) to work on /home/airflow/.local/lib/python3.7/site-packages/airflow/example_dags/example_xcomargs.py
[2023-04-16T14:24:20.606+0000] {processor.py:743} INFO - Processing file /home/airflow/.local/lib/python3.7/site-packages/airflow/example_dags/example_xcomargs.py for tasks to queue
[2023-04-16T14:24:20.607+0000] {logging_mixin.py:137} INFO - [2023-04-16T14:24:20.606+0000] {dagbag.py:532} INFO - Filling up the DagBag from /home/airflow/.local/lib/python3.7/site-packages/airflow/example_dags/example_xcomargs.py
[2023-04-16T14:24:20.623+0000] {processor.py:753} INFO - DAG(s) dict_keys(['example_xcom_args', 'example_xcom_args_with_operators']) retrieved from /home/airflow/.local/lib/python3.7/site-packages/airflow/example_dags/example_xcomargs.py
[2023-04-16T14:24:20.645+0000] {logging_mixin.py:137} INFO - [2023-04-16T14:24:20.645+0000] {dag.py:2693} INFO - Sync 2 DAGs
[2023-04-16T14:24:20.664+0000] {logging_mixin.py:137} INFO - [2023-04-16T14:24:20.664+0000] {dag.py:3444} INFO - Setting next_dagrun for example_xcom_args to None, run_after=None
[2023-04-16T14:24:20.667+0000] {logging_mixin.py:137} INFO - [2023-04-16T14:24:20.666+0000] {dag.py:3444} INFO - Setting next_dagrun for example_xcom_args_with_operators to None, run_after=None
[2023-04-16T14:24:20.678+0000] {processor.py:175} INFO - Processing /home/airflow/.local/lib/python3.7/site-packages/airflow/example_dags/example_xcomargs.py took 0.078 seconds
[2023-04-16T14:24:51.230+0000] {processor.py:153} INFO - Started process (PID=340) to work on /home/airflow/.local/lib/python3.7/site-packages/airflow/example_dags/example_xcomargs.py
[2023-04-16T14:24:51.231+0000] {processor.py:743} INFO - Processing file /home/airflow/.local/lib/python3.7/site-packages/airflow/example_dags/example_xcomargs.py for tasks to queue
[2023-04-16T14:24:51.232+0000] {logging_mixin.py:137} INFO - [2023-04-16T14:24:51.232+0000] {dagbag.py:532} INFO - Filling up the DagBag from /home/airflow/.local/lib/python3.7/site-packages/airflow/example_dags/example_xcomargs.py
[2023-04-16T14:24:51.255+0000] {processor.py:753} INFO - DAG(s) dict_keys(['example_xcom_args', 'example_xcom_args_with_operators']) retrieved from /home/airflow/.local/lib/python3.7/site-packages/airflow/example_dags/example_xcomargs.py
[2023-04-16T14:24:51.285+0000] {logging_mixin.py:137} INFO - [2023-04-16T14:24:51.285+0000] {dag.py:2693} INFO - Sync 2 DAGs
[2023-04-16T14:24:51.309+0000] {logging_mixin.py:137} INFO - [2023-04-16T14:24:51.309+0000] {dag.py:3444} INFO - Setting next_dagrun for example_xcom_args to None, run_after=None
[2023-04-16T14:24:51.313+0000] {logging_mixin.py:137} INFO - [2023-04-16T14:24:51.313+0000] {dag.py:3444} INFO - Setting next_dagrun for example_xcom_args_with_operators to None, run_after=None
[2023-04-16T14:24:51.328+0000] {processor.py:175} INFO - Processing /home/airflow/.local/lib/python3.7/site-packages/airflow/example_dags/example_xcomargs.py took 0.100 seconds
[2023-04-16T14:25:22.141+0000] {processor.py:153} INFO - Started process (PID=389) to work on /home/airflow/.local/lib/python3.7/site-packages/airflow/example_dags/example_xcomargs.py
[2023-04-16T14:25:22.142+0000] {processor.py:743} INFO - Processing file /home/airflow/.local/lib/python3.7/site-packages/airflow/example_dags/example_xcomargs.py for tasks to queue
[2023-04-16T14:25:22.143+0000] {logging_mixin.py:137} INFO - [2023-04-16T14:25:22.143+0000] {dagbag.py:532} INFO - Filling up the DagBag from /home/airflow/.local/lib/python3.7/site-packages/airflow/example_dags/example_xcomargs.py
[2023-04-16T14:25:22.159+0000] {processor.py:753} INFO - DAG(s) dict_keys(['example_xcom_args', 'example_xcom_args_with_operators']) retrieved from /home/airflow/.local/lib/python3.7/site-packages/airflow/example_dags/example_xcomargs.py
[2023-04-16T14:25:22.184+0000] {logging_mixin.py:137} INFO - [2023-04-16T14:25:22.183+0000] {dag.py:2693} INFO - Sync 2 DAGs
[2023-04-16T14:25:22.201+0000] {logging_mixin.py:137} INFO - [2023-04-16T14:25:22.201+0000] {dag.py:3444} INFO - Setting next_dagrun for example_xcom_args to None, run_after=None
[2023-04-16T14:25:22.204+0000] {logging_mixin.py:137} INFO - [2023-04-16T14:25:22.204+0000] {dag.py:3444} INFO - Setting next_dagrun for example_xcom_args_with_operators to None, run_after=None
[2023-04-16T14:25:22.216+0000] {processor.py:175} INFO - Processing /home/airflow/.local/lib/python3.7/site-packages/airflow/example_dags/example_xcomargs.py took 0.078 seconds
[2023-04-16T14:26:13.154+0000] {processor.py:153} INFO - Started process (PID=48) to work on /home/airflow/.local/lib/python3.7/site-packages/airflow/example_dags/example_xcomargs.py
[2023-04-16T14:26:13.156+0000] {processor.py:743} INFO - Processing file /home/airflow/.local/lib/python3.7/site-packages/airflow/example_dags/example_xcomargs.py for tasks to queue
[2023-04-16T14:26:13.158+0000] {logging_mixin.py:137} INFO - [2023-04-16T14:26:13.158+0000] {dagbag.py:532} INFO - Filling up the DagBag from /home/airflow/.local/lib/python3.7/site-packages/airflow/example_dags/example_xcomargs.py
[2023-04-16T14:26:13.208+0000] {processor.py:753} INFO - DAG(s) dict_keys(['example_xcom_args', 'example_xcom_args_with_operators']) retrieved from /home/airflow/.local/lib/python3.7/site-packages/airflow/example_dags/example_xcomargs.py
[2023-04-16T14:26:13.232+0000] {logging_mixin.py:137} INFO - [2023-04-16T14:26:13.232+0000] {dag.py:2693} INFO - Sync 2 DAGs
[2023-04-16T14:26:13.326+0000] {logging_mixin.py:137} INFO - [2023-04-16T14:26:13.325+0000] {dag.py:3444} INFO - Setting next_dagrun for example_xcom_args to None, run_after=None
[2023-04-16T14:26:13.340+0000] {logging_mixin.py:137} INFO - [2023-04-16T14:26:13.339+0000] {dag.py:3444} INFO - Setting next_dagrun for example_xcom_args_with_operators to None, run_after=None
[2023-04-16T14:26:13.360+0000] {processor.py:175} INFO - Processing /home/airflow/.local/lib/python3.7/site-packages/airflow/example_dags/example_xcomargs.py took 0.216 seconds
[2023-04-16T14:26:43.915+0000] {processor.py:153} INFO - Started process (PID=102) to work on /home/airflow/.local/lib/python3.7/site-packages/airflow/example_dags/example_xcomargs.py
[2023-04-16T14:26:43.916+0000] {processor.py:743} INFO - Processing file /home/airflow/.local/lib/python3.7/site-packages/airflow/example_dags/example_xcomargs.py for tasks to queue
[2023-04-16T14:26:43.917+0000] {logging_mixin.py:137} INFO - [2023-04-16T14:26:43.917+0000] {dagbag.py:532} INFO - Filling up the DagBag from /home/airflow/.local/lib/python3.7/site-packages/airflow/example_dags/example_xcomargs.py
[2023-04-16T14:26:43.934+0000] {processor.py:753} INFO - DAG(s) dict_keys(['example_xcom_args_with_operators', 'example_xcom_args']) retrieved from /home/airflow/.local/lib/python3.7/site-packages/airflow/example_dags/example_xcomargs.py
[2023-04-16T14:26:43.958+0000] {logging_mixin.py:137} INFO - [2023-04-16T14:26:43.958+0000] {dag.py:2693} INFO - Sync 2 DAGs
[2023-04-16T14:26:43.974+0000] {logging_mixin.py:137} INFO - [2023-04-16T14:26:43.974+0000] {dag.py:3444} INFO - Setting next_dagrun for example_xcom_args to None, run_after=None
[2023-04-16T14:26:43.977+0000] {logging_mixin.py:137} INFO - [2023-04-16T14:26:43.977+0000] {dag.py:3444} INFO - Setting next_dagrun for example_xcom_args_with_operators to None, run_after=None
[2023-04-16T14:26:43.986+0000] {processor.py:175} INFO - Processing /home/airflow/.local/lib/python3.7/site-packages/airflow/example_dags/example_xcomargs.py took 0.075 seconds
[2023-04-16T14:27:14.691+0000] {processor.py:153} INFO - Started process (PID=152) to work on /home/airflow/.local/lib/python3.7/site-packages/airflow/example_dags/example_xcomargs.py
[2023-04-16T14:27:14.692+0000] {processor.py:743} INFO - Processing file /home/airflow/.local/lib/python3.7/site-packages/airflow/example_dags/example_xcomargs.py for tasks to queue
[2023-04-16T14:27:14.693+0000] {logging_mixin.py:137} INFO - [2023-04-16T14:27:14.693+0000] {dagbag.py:532} INFO - Filling up the DagBag from /home/airflow/.local/lib/python3.7/site-packages/airflow/example_dags/example_xcomargs.py
[2023-04-16T14:27:14.712+0000] {processor.py:753} INFO - DAG(s) dict_keys(['example_xcom_args_with_operators', 'example_xcom_args']) retrieved from /home/airflow/.local/lib/python3.7/site-packages/airflow/example_dags/example_xcomargs.py
[2023-04-16T14:27:14.734+0000] {logging_mixin.py:137} INFO - [2023-04-16T14:27:14.734+0000] {dag.py:2693} INFO - Sync 2 DAGs
[2023-04-16T14:27:14.750+0000] {logging_mixin.py:137} INFO - [2023-04-16T14:27:14.750+0000] {dag.py:3444} INFO - Setting next_dagrun for example_xcom_args to None, run_after=None
[2023-04-16T14:27:14.753+0000] {logging_mixin.py:137} INFO - [2023-04-16T14:27:14.753+0000] {dag.py:3444} INFO - Setting next_dagrun for example_xcom_args_with_operators to None, run_after=None
[2023-04-16T14:27:14.764+0000] {processor.py:175} INFO - Processing /home/airflow/.local/lib/python3.7/site-packages/airflow/example_dags/example_xcomargs.py took 0.076 seconds
[2023-04-16T14:27:45.546+0000] {processor.py:153} INFO - Started process (PID=202) to work on /home/airflow/.local/lib/python3.7/site-packages/airflow/example_dags/example_xcomargs.py
[2023-04-16T14:27:45.548+0000] {processor.py:743} INFO - Processing file /home/airflow/.local/lib/python3.7/site-packages/airflow/example_dags/example_xcomargs.py for tasks to queue
[2023-04-16T14:27:45.548+0000] {logging_mixin.py:137} INFO - [2023-04-16T14:27:45.548+0000] {dagbag.py:532} INFO - Filling up the DagBag from /home/airflow/.local/lib/python3.7/site-packages/airflow/example_dags/example_xcomargs.py
[2023-04-16T14:27:45.566+0000] {processor.py:753} INFO - DAG(s) dict_keys(['example_xcom_args_with_operators', 'example_xcom_args']) retrieved from /home/airflow/.local/lib/python3.7/site-packages/airflow/example_dags/example_xcomargs.py
[2023-04-16T14:27:45.587+0000] {logging_mixin.py:137} INFO - [2023-04-16T14:27:45.587+0000] {dag.py:2693} INFO - Sync 2 DAGs
[2023-04-16T14:27:45.608+0000] {logging_mixin.py:137} INFO - [2023-04-16T14:27:45.608+0000] {dag.py:3444} INFO - Setting next_dagrun for example_xcom_args to None, run_after=None
[2023-04-16T14:27:45.611+0000] {logging_mixin.py:137} INFO - [2023-04-16T14:27:45.611+0000] {dag.py:3444} INFO - Setting next_dagrun for example_xcom_args_with_operators to None, run_after=None
[2023-04-16T14:27:45.626+0000] {processor.py:175} INFO - Processing /home/airflow/.local/lib/python3.7/site-packages/airflow/example_dags/example_xcomargs.py took 0.083 seconds
[2023-04-16T14:28:16.371+0000] {processor.py:153} INFO - Started process (PID=252) to work on /home/airflow/.local/lib/python3.7/site-packages/airflow/example_dags/example_xcomargs.py
[2023-04-16T14:28:16.373+0000] {processor.py:743} INFO - Processing file /home/airflow/.local/lib/python3.7/site-packages/airflow/example_dags/example_xcomargs.py for tasks to queue
[2023-04-16T14:28:16.373+0000] {logging_mixin.py:137} INFO - [2023-04-16T14:28:16.373+0000] {dagbag.py:532} INFO - Filling up the DagBag from /home/airflow/.local/lib/python3.7/site-packages/airflow/example_dags/example_xcomargs.py
[2023-04-16T14:28:16.390+0000] {processor.py:753} INFO - DAG(s) dict_keys(['example_xcom_args_with_operators', 'example_xcom_args']) retrieved from /home/airflow/.local/lib/python3.7/site-packages/airflow/example_dags/example_xcomargs.py
[2023-04-16T14:28:16.412+0000] {logging_mixin.py:137} INFO - [2023-04-16T14:28:16.411+0000] {dag.py:2693} INFO - Sync 2 DAGs
[2023-04-16T14:28:16.428+0000] {logging_mixin.py:137} INFO - [2023-04-16T14:28:16.428+0000] {dag.py:3444} INFO - Setting next_dagrun for example_xcom_args to None, run_after=None
[2023-04-16T14:28:16.431+0000] {logging_mixin.py:137} INFO - [2023-04-16T14:28:16.431+0000] {dag.py:3444} INFO - Setting next_dagrun for example_xcom_args_with_operators to None, run_after=None
[2023-04-16T14:28:16.443+0000] {processor.py:175} INFO - Processing /home/airflow/.local/lib/python3.7/site-packages/airflow/example_dags/example_xcomargs.py took 0.075 seconds
[2023-04-16T14:28:47.083+0000] {processor.py:153} INFO - Started process (PID=303) to work on /home/airflow/.local/lib/python3.7/site-packages/airflow/example_dags/example_xcomargs.py
[2023-04-16T14:28:47.084+0000] {processor.py:743} INFO - Processing file /home/airflow/.local/lib/python3.7/site-packages/airflow/example_dags/example_xcomargs.py for tasks to queue
[2023-04-16T14:28:47.085+0000] {logging_mixin.py:137} INFO - [2023-04-16T14:28:47.085+0000] {dagbag.py:532} INFO - Filling up the DagBag from /home/airflow/.local/lib/python3.7/site-packages/airflow/example_dags/example_xcomargs.py
[2023-04-16T14:28:47.106+0000] {processor.py:753} INFO - DAG(s) dict_keys(['example_xcom_args', 'example_xcom_args_with_operators']) retrieved from /home/airflow/.local/lib/python3.7/site-packages/airflow/example_dags/example_xcomargs.py
[2023-04-16T14:28:47.130+0000] {logging_mixin.py:137} INFO - [2023-04-16T14:28:47.130+0000] {dag.py:2693} INFO - Sync 2 DAGs
[2023-04-16T14:28:47.147+0000] {logging_mixin.py:137} INFO - [2023-04-16T14:28:47.147+0000] {dag.py:3444} INFO - Setting next_dagrun for example_xcom_args to None, run_after=None
[2023-04-16T14:28:47.150+0000] {logging_mixin.py:137} INFO - [2023-04-16T14:28:47.150+0000] {dag.py:3444} INFO - Setting next_dagrun for example_xcom_args_with_operators to None, run_after=None
[2023-04-16T14:28:47.162+0000] {processor.py:175} INFO - Processing /home/airflow/.local/lib/python3.7/site-packages/airflow/example_dags/example_xcomargs.py took 0.083 seconds
[2023-04-16T14:29:17.916+0000] {processor.py:153} INFO - Started process (PID=353) to work on /home/airflow/.local/lib/python3.7/site-packages/airflow/example_dags/example_xcomargs.py
[2023-04-16T14:29:17.918+0000] {processor.py:743} INFO - Processing file /home/airflow/.local/lib/python3.7/site-packages/airflow/example_dags/example_xcomargs.py for tasks to queue
[2023-04-16T14:29:17.918+0000] {logging_mixin.py:137} INFO - [2023-04-16T14:29:17.918+0000] {dagbag.py:532} INFO - Filling up the DagBag from /home/airflow/.local/lib/python3.7/site-packages/airflow/example_dags/example_xcomargs.py
[2023-04-16T14:29:17.935+0000] {processor.py:753} INFO - DAG(s) dict_keys(['example_xcom_args', 'example_xcom_args_with_operators']) retrieved from /home/airflow/.local/lib/python3.7/site-packages/airflow/example_dags/example_xcomargs.py
[2023-04-16T14:29:17.956+0000] {logging_mixin.py:137} INFO - [2023-04-16T14:29:17.956+0000] {dag.py:2693} INFO - Sync 2 DAGs
[2023-04-16T14:29:17.972+0000] {logging_mixin.py:137} INFO - [2023-04-16T14:29:17.972+0000] {dag.py:3444} INFO - Setting next_dagrun for example_xcom_args to None, run_after=None
[2023-04-16T14:29:17.974+0000] {logging_mixin.py:137} INFO - [2023-04-16T14:29:17.974+0000] {dag.py:3444} INFO - Setting next_dagrun for example_xcom_args_with_operators to None, run_after=None
[2023-04-16T14:29:17.985+0000] {processor.py:175} INFO - Processing /home/airflow/.local/lib/python3.7/site-packages/airflow/example_dags/example_xcomargs.py took 0.072 seconds
[2023-04-16T14:30:25.178+0000] {processor.py:153} INFO - Started process (PID=48) to work on /home/airflow/.local/lib/python3.7/site-packages/airflow/example_dags/example_xcomargs.py
[2023-04-16T14:30:25.182+0000] {processor.py:743} INFO - Processing file /home/airflow/.local/lib/python3.7/site-packages/airflow/example_dags/example_xcomargs.py for tasks to queue
[2023-04-16T14:30:25.184+0000] {logging_mixin.py:137} INFO - [2023-04-16T14:30:25.184+0000] {dagbag.py:532} INFO - Filling up the DagBag from /home/airflow/.local/lib/python3.7/site-packages/airflow/example_dags/example_xcomargs.py
[2023-04-16T14:30:25.257+0000] {processor.py:753} INFO - DAG(s) dict_keys(['example_xcom_args', 'example_xcom_args_with_operators']) retrieved from /home/airflow/.local/lib/python3.7/site-packages/airflow/example_dags/example_xcomargs.py
[2023-04-16T14:30:25.301+0000] {logging_mixin.py:137} INFO - [2023-04-16T14:30:25.301+0000] {dag.py:2693} INFO - Sync 2 DAGs
[2023-04-16T14:30:25.352+0000] {logging_mixin.py:137} INFO - [2023-04-16T14:30:25.352+0000] {dag.py:3444} INFO - Setting next_dagrun for example_xcom_args to None, run_after=None
[2023-04-16T14:30:25.358+0000] {logging_mixin.py:137} INFO - [2023-04-16T14:30:25.358+0000] {dag.py:3444} INFO - Setting next_dagrun for example_xcom_args_with_operators to None, run_after=None
[2023-04-16T14:30:25.375+0000] {processor.py:175} INFO - Processing /home/airflow/.local/lib/python3.7/site-packages/airflow/example_dags/example_xcomargs.py took 0.206 seconds
[2023-04-16T14:30:56.264+0000] {processor.py:153} INFO - Started process (PID=98) to work on /home/airflow/.local/lib/python3.7/site-packages/airflow/example_dags/example_xcomargs.py
[2023-04-16T14:30:56.266+0000] {processor.py:743} INFO - Processing file /home/airflow/.local/lib/python3.7/site-packages/airflow/example_dags/example_xcomargs.py for tasks to queue
[2023-04-16T14:30:56.267+0000] {logging_mixin.py:137} INFO - [2023-04-16T14:30:56.267+0000] {dagbag.py:532} INFO - Filling up the DagBag from /home/airflow/.local/lib/python3.7/site-packages/airflow/example_dags/example_xcomargs.py
[2023-04-16T14:30:56.291+0000] {processor.py:753} INFO - DAG(s) dict_keys(['example_xcom_args', 'example_xcom_args_with_operators']) retrieved from /home/airflow/.local/lib/python3.7/site-packages/airflow/example_dags/example_xcomargs.py
[2023-04-16T14:30:56.316+0000] {logging_mixin.py:137} INFO - [2023-04-16T14:30:56.316+0000] {dag.py:2693} INFO - Sync 2 DAGs
[2023-04-16T14:30:56.332+0000] {logging_mixin.py:137} INFO - [2023-04-16T14:30:56.332+0000] {dag.py:3444} INFO - Setting next_dagrun for example_xcom_args to None, run_after=None
[2023-04-16T14:30:56.335+0000] {logging_mixin.py:137} INFO - [2023-04-16T14:30:56.335+0000] {dag.py:3444} INFO - Setting next_dagrun for example_xcom_args_with_operators to None, run_after=None
[2023-04-16T14:30:56.346+0000] {processor.py:175} INFO - Processing /home/airflow/.local/lib/python3.7/site-packages/airflow/example_dags/example_xcomargs.py took 0.087 seconds
[2023-04-16T14:31:26.609+0000] {processor.py:153} INFO - Started process (PID=152) to work on /home/airflow/.local/lib/python3.7/site-packages/airflow/example_dags/example_xcomargs.py
[2023-04-16T14:31:26.611+0000] {processor.py:743} INFO - Processing file /home/airflow/.local/lib/python3.7/site-packages/airflow/example_dags/example_xcomargs.py for tasks to queue
[2023-04-16T14:31:26.612+0000] {logging_mixin.py:137} INFO - [2023-04-16T14:31:26.612+0000] {dagbag.py:532} INFO - Filling up the DagBag from /home/airflow/.local/lib/python3.7/site-packages/airflow/example_dags/example_xcomargs.py
[2023-04-16T14:31:26.637+0000] {processor.py:753} INFO - DAG(s) dict_keys(['example_xcom_args', 'example_xcom_args_with_operators']) retrieved from /home/airflow/.local/lib/python3.7/site-packages/airflow/example_dags/example_xcomargs.py
[2023-04-16T14:31:26.665+0000] {logging_mixin.py:137} INFO - [2023-04-16T14:31:26.664+0000] {dag.py:2693} INFO - Sync 2 DAGs
[2023-04-16T14:31:26.688+0000] {logging_mixin.py:137} INFO - [2023-04-16T14:31:26.688+0000] {dag.py:3444} INFO - Setting next_dagrun for example_xcom_args to None, run_after=None
[2023-04-16T14:31:26.693+0000] {logging_mixin.py:137} INFO - [2023-04-16T14:31:26.692+0000] {dag.py:3444} INFO - Setting next_dagrun for example_xcom_args_with_operators to None, run_after=None
[2023-04-16T14:31:26.709+0000] {processor.py:175} INFO - Processing /home/airflow/.local/lib/python3.7/site-packages/airflow/example_dags/example_xcomargs.py took 0.107 seconds
[2023-04-16T14:31:57.436+0000] {processor.py:153} INFO - Started process (PID=202) to work on /home/airflow/.local/lib/python3.7/site-packages/airflow/example_dags/example_xcomargs.py
[2023-04-16T14:31:57.446+0000] {processor.py:743} INFO - Processing file /home/airflow/.local/lib/python3.7/site-packages/airflow/example_dags/example_xcomargs.py for tasks to queue
[2023-04-16T14:31:57.450+0000] {logging_mixin.py:137} INFO - [2023-04-16T14:31:57.449+0000] {dagbag.py:532} INFO - Filling up the DagBag from /home/airflow/.local/lib/python3.7/site-packages/airflow/example_dags/example_xcomargs.py
[2023-04-16T14:31:57.497+0000] {processor.py:753} INFO - DAG(s) dict_keys(['example_xcom_args_with_operators', 'example_xcom_args']) retrieved from /home/airflow/.local/lib/python3.7/site-packages/airflow/example_dags/example_xcomargs.py
[2023-04-16T14:31:57.545+0000] {logging_mixin.py:137} INFO - [2023-04-16T14:31:57.544+0000] {dag.py:2693} INFO - Sync 2 DAGs
[2023-04-16T14:31:57.595+0000] {logging_mixin.py:137} INFO - [2023-04-16T14:31:57.595+0000] {dag.py:3444} INFO - Setting next_dagrun for example_xcom_args to None, run_after=None
[2023-04-16T14:31:57.605+0000] {logging_mixin.py:137} INFO - [2023-04-16T14:31:57.605+0000] {dag.py:3444} INFO - Setting next_dagrun for example_xcom_args_with_operators to None, run_after=None
[2023-04-16T14:31:57.634+0000] {processor.py:175} INFO - Processing /home/airflow/.local/lib/python3.7/site-packages/airflow/example_dags/example_xcomargs.py took 0.202 seconds
[2023-04-16T14:32:27.730+0000] {processor.py:153} INFO - Started process (PID=252) to work on /home/airflow/.local/lib/python3.7/site-packages/airflow/example_dags/example_xcomargs.py
[2023-04-16T14:32:27.732+0000] {processor.py:743} INFO - Processing file /home/airflow/.local/lib/python3.7/site-packages/airflow/example_dags/example_xcomargs.py for tasks to queue
[2023-04-16T14:32:27.734+0000] {logging_mixin.py:137} INFO - [2023-04-16T14:32:27.734+0000] {dagbag.py:532} INFO - Filling up the DagBag from /home/airflow/.local/lib/python3.7/site-packages/airflow/example_dags/example_xcomargs.py
[2023-04-16T14:32:27.770+0000] {processor.py:753} INFO - DAG(s) dict_keys(['example_xcom_args', 'example_xcom_args_with_operators']) retrieved from /home/airflow/.local/lib/python3.7/site-packages/airflow/example_dags/example_xcomargs.py
[2023-04-16T14:32:27.801+0000] {logging_mixin.py:137} INFO - [2023-04-16T14:32:27.801+0000] {dag.py:2693} INFO - Sync 2 DAGs
[2023-04-16T14:32:27.822+0000] {logging_mixin.py:137} INFO - [2023-04-16T14:32:27.822+0000] {dag.py:3444} INFO - Setting next_dagrun for example_xcom_args to None, run_after=None
[2023-04-16T14:32:27.826+0000] {logging_mixin.py:137} INFO - [2023-04-16T14:32:27.825+0000] {dag.py:3444} INFO - Setting next_dagrun for example_xcom_args_with_operators to None, run_after=None
[2023-04-16T14:32:27.843+0000] {processor.py:175} INFO - Processing /home/airflow/.local/lib/python3.7/site-packages/airflow/example_dags/example_xcomargs.py took 0.119 seconds
[2023-04-16T14:33:08.951+0000] {processor.py:153} INFO - Started process (PID=48) to work on /home/airflow/.local/lib/python3.7/site-packages/airflow/example_dags/example_xcomargs.py
[2023-04-16T14:33:08.963+0000] {processor.py:743} INFO - Processing file /home/airflow/.local/lib/python3.7/site-packages/airflow/example_dags/example_xcomargs.py for tasks to queue
[2023-04-16T14:33:08.971+0000] {logging_mixin.py:137} INFO - [2023-04-16T14:33:08.967+0000] {dagbag.py:532} INFO - Filling up the DagBag from /home/airflow/.local/lib/python3.7/site-packages/airflow/example_dags/example_xcomargs.py
[2023-04-16T14:33:09.032+0000] {processor.py:753} INFO - DAG(s) dict_keys(['example_xcom_args_with_operators', 'example_xcom_args']) retrieved from /home/airflow/.local/lib/python3.7/site-packages/airflow/example_dags/example_xcomargs.py
[2023-04-16T14:33:09.057+0000] {logging_mixin.py:137} INFO - [2023-04-16T14:33:09.057+0000] {dag.py:2693} INFO - Sync 2 DAGs
[2023-04-16T14:33:09.105+0000] {logging_mixin.py:137} INFO - [2023-04-16T14:33:09.105+0000] {dag.py:3444} INFO - Setting next_dagrun for example_xcom_args to None, run_after=None
[2023-04-16T14:33:09.111+0000] {logging_mixin.py:137} INFO - [2023-04-16T14:33:09.111+0000] {dag.py:3444} INFO - Setting next_dagrun for example_xcom_args_with_operators to None, run_after=None
[2023-04-16T14:33:09.152+0000] {processor.py:175} INFO - Processing /home/airflow/.local/lib/python3.7/site-packages/airflow/example_dags/example_xcomargs.py took 0.208 seconds
[2023-04-16T14:33:39.231+0000] {processor.py:153} INFO - Started process (PID=102) to work on /home/airflow/.local/lib/python3.7/site-packages/airflow/example_dags/example_xcomargs.py
[2023-04-16T14:33:39.233+0000] {processor.py:743} INFO - Processing file /home/airflow/.local/lib/python3.7/site-packages/airflow/example_dags/example_xcomargs.py for tasks to queue
[2023-04-16T14:33:39.233+0000] {logging_mixin.py:137} INFO - [2023-04-16T14:33:39.233+0000] {dagbag.py:532} INFO - Filling up the DagBag from /home/airflow/.local/lib/python3.7/site-packages/airflow/example_dags/example_xcomargs.py
[2023-04-16T14:33:39.250+0000] {processor.py:753} INFO - DAG(s) dict_keys(['example_xcom_args_with_operators', 'example_xcom_args']) retrieved from /home/airflow/.local/lib/python3.7/site-packages/airflow/example_dags/example_xcomargs.py
[2023-04-16T14:33:39.277+0000] {logging_mixin.py:137} INFO - [2023-04-16T14:33:39.277+0000] {dag.py:2693} INFO - Sync 2 DAGs
[2023-04-16T14:33:39.296+0000] {logging_mixin.py:137} INFO - [2023-04-16T14:33:39.296+0000] {dag.py:3444} INFO - Setting next_dagrun for example_xcom_args to None, run_after=None
[2023-04-16T14:33:39.300+0000] {logging_mixin.py:137} INFO - [2023-04-16T14:33:39.300+0000] {dag.py:3444} INFO - Setting next_dagrun for example_xcom_args_with_operators to None, run_after=None
[2023-04-16T14:33:39.311+0000] {processor.py:175} INFO - Processing /home/airflow/.local/lib/python3.7/site-packages/airflow/example_dags/example_xcomargs.py took 0.083 seconds
[2023-04-16T14:34:09.414+0000] {processor.py:153} INFO - Started process (PID=156) to work on /home/airflow/.local/lib/python3.7/site-packages/airflow/example_dags/example_xcomargs.py
[2023-04-16T14:34:09.416+0000] {processor.py:743} INFO - Processing file /home/airflow/.local/lib/python3.7/site-packages/airflow/example_dags/example_xcomargs.py for tasks to queue
[2023-04-16T14:34:09.417+0000] {logging_mixin.py:137} INFO - [2023-04-16T14:34:09.417+0000] {dagbag.py:532} INFO - Filling up the DagBag from /home/airflow/.local/lib/python3.7/site-packages/airflow/example_dags/example_xcomargs.py
[2023-04-16T14:34:09.432+0000] {processor.py:753} INFO - DAG(s) dict_keys(['example_xcom_args_with_operators', 'example_xcom_args']) retrieved from /home/airflow/.local/lib/python3.7/site-packages/airflow/example_dags/example_xcomargs.py
[2023-04-16T14:34:09.453+0000] {logging_mixin.py:137} INFO - [2023-04-16T14:34:09.453+0000] {dag.py:2693} INFO - Sync 2 DAGs
[2023-04-16T14:34:09.467+0000] {logging_mixin.py:137} INFO - [2023-04-16T14:34:09.467+0000] {dag.py:3444} INFO - Setting next_dagrun for example_xcom_args to None, run_after=None
[2023-04-16T14:34:09.470+0000] {logging_mixin.py:137} INFO - [2023-04-16T14:34:09.470+0000] {dag.py:3444} INFO - Setting next_dagrun for example_xcom_args_with_operators to None, run_after=None
[2023-04-16T14:34:09.478+0000] {processor.py:175} INFO - Processing /home/airflow/.local/lib/python3.7/site-packages/airflow/example_dags/example_xcomargs.py took 0.067 seconds
[2023-04-16T14:34:39.831+0000] {processor.py:153} INFO - Started process (PID=206) to work on /home/airflow/.local/lib/python3.7/site-packages/airflow/example_dags/example_xcomargs.py
[2023-04-16T14:34:39.832+0000] {processor.py:743} INFO - Processing file /home/airflow/.local/lib/python3.7/site-packages/airflow/example_dags/example_xcomargs.py for tasks to queue
[2023-04-16T14:34:39.833+0000] {logging_mixin.py:137} INFO - [2023-04-16T14:34:39.833+0000] {dagbag.py:532} INFO - Filling up the DagBag from /home/airflow/.local/lib/python3.7/site-packages/airflow/example_dags/example_xcomargs.py
[2023-04-16T14:34:39.850+0000] {processor.py:753} INFO - DAG(s) dict_keys(['example_xcom_args', 'example_xcom_args_with_operators']) retrieved from /home/airflow/.local/lib/python3.7/site-packages/airflow/example_dags/example_xcomargs.py
[2023-04-16T14:34:39.872+0000] {logging_mixin.py:137} INFO - [2023-04-16T14:34:39.872+0000] {dag.py:2693} INFO - Sync 2 DAGs
[2023-04-16T14:34:39.890+0000] {logging_mixin.py:137} INFO - [2023-04-16T14:34:39.889+0000] {dag.py:3444} INFO - Setting next_dagrun for example_xcom_args to None, run_after=None
[2023-04-16T14:34:39.892+0000] {logging_mixin.py:137} INFO - [2023-04-16T14:34:39.892+0000] {dag.py:3444} INFO - Setting next_dagrun for example_xcom_args_with_operators to None, run_after=None
[2023-04-16T14:34:39.902+0000] {processor.py:175} INFO - Processing /home/airflow/.local/lib/python3.7/site-packages/airflow/example_dags/example_xcomargs.py took 0.074 seconds
[2023-04-16T14:35:10.503+0000] {processor.py:153} INFO - Started process (PID=256) to work on /home/airflow/.local/lib/python3.7/site-packages/airflow/example_dags/example_xcomargs.py
[2023-04-16T14:35:10.504+0000] {processor.py:743} INFO - Processing file /home/airflow/.local/lib/python3.7/site-packages/airflow/example_dags/example_xcomargs.py for tasks to queue
[2023-04-16T14:35:10.505+0000] {logging_mixin.py:137} INFO - [2023-04-16T14:35:10.505+0000] {dagbag.py:532} INFO - Filling up the DagBag from /home/airflow/.local/lib/python3.7/site-packages/airflow/example_dags/example_xcomargs.py
[2023-04-16T14:35:10.523+0000] {processor.py:753} INFO - DAG(s) dict_keys(['example_xcom_args_with_operators', 'example_xcom_args']) retrieved from /home/airflow/.local/lib/python3.7/site-packages/airflow/example_dags/example_xcomargs.py
[2023-04-16T14:35:10.547+0000] {logging_mixin.py:137} INFO - [2023-04-16T14:35:10.547+0000] {dag.py:2693} INFO - Sync 2 DAGs
[2023-04-16T14:35:10.573+0000] {logging_mixin.py:137} INFO - [2023-04-16T14:35:10.573+0000] {dag.py:3444} INFO - Setting next_dagrun for example_xcom_args to None, run_after=None
[2023-04-16T14:35:10.581+0000] {logging_mixin.py:137} INFO - [2023-04-16T14:35:10.581+0000] {dag.py:3444} INFO - Setting next_dagrun for example_xcom_args_with_operators to None, run_after=None
[2023-04-16T14:35:10.652+0000] {processor.py:175} INFO - Processing /home/airflow/.local/lib/python3.7/site-packages/airflow/example_dags/example_xcomargs.py took 0.152 seconds
[2023-04-16T14:35:41.886+0000] {processor.py:153} INFO - Started process (PID=306) to work on /home/airflow/.local/lib/python3.7/site-packages/airflow/example_dags/example_xcomargs.py
[2023-04-16T14:35:41.887+0000] {processor.py:743} INFO - Processing file /home/airflow/.local/lib/python3.7/site-packages/airflow/example_dags/example_xcomargs.py for tasks to queue
[2023-04-16T14:35:41.887+0000] {logging_mixin.py:137} INFO - [2023-04-16T14:35:41.887+0000] {dagbag.py:532} INFO - Filling up the DagBag from /home/airflow/.local/lib/python3.7/site-packages/airflow/example_dags/example_xcomargs.py
[2023-04-16T14:35:41.911+0000] {processor.py:753} INFO - DAG(s) dict_keys(['example_xcom_args', 'example_xcom_args_with_operators']) retrieved from /home/airflow/.local/lib/python3.7/site-packages/airflow/example_dags/example_xcomargs.py
[2023-04-16T14:35:41.946+0000] {logging_mixin.py:137} INFO - [2023-04-16T14:35:41.946+0000] {dag.py:2693} INFO - Sync 2 DAGs
[2023-04-16T14:35:41.964+0000] {logging_mixin.py:137} INFO - [2023-04-16T14:35:41.964+0000] {dag.py:3444} INFO - Setting next_dagrun for example_xcom_args to None, run_after=None
[2023-04-16T14:35:41.966+0000] {logging_mixin.py:137} INFO - [2023-04-16T14:35:41.966+0000] {dag.py:3444} INFO - Setting next_dagrun for example_xcom_args_with_operators to None, run_after=None
[2023-04-16T14:35:41.988+0000] {processor.py:175} INFO - Processing /home/airflow/.local/lib/python3.7/site-packages/airflow/example_dags/example_xcomargs.py took 0.104 seconds
[2023-04-16T14:36:13.192+0000] {processor.py:153} INFO - Started process (PID=356) to work on /home/airflow/.local/lib/python3.7/site-packages/airflow/example_dags/example_xcomargs.py
[2023-04-16T14:36:13.194+0000] {processor.py:743} INFO - Processing file /home/airflow/.local/lib/python3.7/site-packages/airflow/example_dags/example_xcomargs.py for tasks to queue
[2023-04-16T14:36:13.195+0000] {logging_mixin.py:137} INFO - [2023-04-16T14:36:13.195+0000] {dagbag.py:532} INFO - Filling up the DagBag from /home/airflow/.local/lib/python3.7/site-packages/airflow/example_dags/example_xcomargs.py
[2023-04-16T14:36:13.242+0000] {processor.py:753} INFO - DAG(s) dict_keys(['example_xcom_args_with_operators', 'example_xcom_args']) retrieved from /home/airflow/.local/lib/python3.7/site-packages/airflow/example_dags/example_xcomargs.py
[2023-04-16T14:36:13.303+0000] {logging_mixin.py:137} INFO - [2023-04-16T14:36:13.303+0000] {dag.py:2693} INFO - Sync 2 DAGs
[2023-04-16T14:36:13.338+0000] {logging_mixin.py:137} INFO - [2023-04-16T14:36:13.338+0000] {dag.py:3444} INFO - Setting next_dagrun for example_xcom_args to None, run_after=None
[2023-04-16T14:36:13.343+0000] {logging_mixin.py:137} INFO - [2023-04-16T14:36:13.343+0000] {dag.py:3444} INFO - Setting next_dagrun for example_xcom_args_with_operators to None, run_after=None
[2023-04-16T14:36:13.366+0000] {processor.py:175} INFO - Processing /home/airflow/.local/lib/python3.7/site-packages/airflow/example_dags/example_xcomargs.py took 0.180 seconds
[2023-04-16T14:36:43.491+0000] {processor.py:153} INFO - Started process (PID=407) to work on /home/airflow/.local/lib/python3.7/site-packages/airflow/example_dags/example_xcomargs.py
[2023-04-16T14:36:43.493+0000] {processor.py:743} INFO - Processing file /home/airflow/.local/lib/python3.7/site-packages/airflow/example_dags/example_xcomargs.py for tasks to queue
[2023-04-16T14:36:43.494+0000] {logging_mixin.py:137} INFO - [2023-04-16T14:36:43.494+0000] {dagbag.py:532} INFO - Filling up the DagBag from /home/airflow/.local/lib/python3.7/site-packages/airflow/example_dags/example_xcomargs.py
[2023-04-16T14:36:43.511+0000] {processor.py:753} INFO - DAG(s) dict_keys(['example_xcom_args', 'example_xcom_args_with_operators']) retrieved from /home/airflow/.local/lib/python3.7/site-packages/airflow/example_dags/example_xcomargs.py
[2023-04-16T14:36:43.537+0000] {logging_mixin.py:137} INFO - [2023-04-16T14:36:43.537+0000] {dag.py:2693} INFO - Sync 2 DAGs
[2023-04-16T14:36:43.555+0000] {logging_mixin.py:137} INFO - [2023-04-16T14:36:43.555+0000] {dag.py:3444} INFO - Setting next_dagrun for example_xcom_args to None, run_after=None
[2023-04-16T14:36:43.558+0000] {logging_mixin.py:137} INFO - [2023-04-16T14:36:43.558+0000] {dag.py:3444} INFO - Setting next_dagrun for example_xcom_args_with_operators to None, run_after=None
[2023-04-16T14:36:43.571+0000] {processor.py:175} INFO - Processing /home/airflow/.local/lib/python3.7/site-packages/airflow/example_dags/example_xcomargs.py took 0.083 seconds
[2023-04-16T14:37:21.991+0000] {processor.py:153} INFO - Started process (PID=48) to work on /home/airflow/.local/lib/python3.7/site-packages/airflow/example_dags/example_xcomargs.py
[2023-04-16T14:37:21.994+0000] {processor.py:743} INFO - Processing file /home/airflow/.local/lib/python3.7/site-packages/airflow/example_dags/example_xcomargs.py for tasks to queue
[2023-04-16T14:37:21.996+0000] {logging_mixin.py:137} INFO - [2023-04-16T14:37:21.995+0000] {dagbag.py:532} INFO - Filling up the DagBag from /home/airflow/.local/lib/python3.7/site-packages/airflow/example_dags/example_xcomargs.py
[2023-04-16T14:37:22.039+0000] {processor.py:753} INFO - DAG(s) dict_keys(['example_xcom_args_with_operators', 'example_xcom_args']) retrieved from /home/airflow/.local/lib/python3.7/site-packages/airflow/example_dags/example_xcomargs.py
[2023-04-16T14:37:22.064+0000] {logging_mixin.py:137} INFO - [2023-04-16T14:37:22.064+0000] {dag.py:2693} INFO - Sync 2 DAGs
[2023-04-16T14:37:22.102+0000] {logging_mixin.py:137} INFO - [2023-04-16T14:37:22.101+0000] {dag.py:3444} INFO - Setting next_dagrun for example_xcom_args to None, run_after=None
[2023-04-16T14:37:22.107+0000] {logging_mixin.py:137} INFO - [2023-04-16T14:37:22.107+0000] {dag.py:3444} INFO - Setting next_dagrun for example_xcom_args_with_operators to None, run_after=None
[2023-04-16T14:37:22.146+0000] {processor.py:175} INFO - Processing /home/airflow/.local/lib/python3.7/site-packages/airflow/example_dags/example_xcomargs.py took 0.159 seconds
[2023-04-16T14:37:53.128+0000] {processor.py:153} INFO - Started process (PID=103) to work on /home/airflow/.local/lib/python3.7/site-packages/airflow/example_dags/example_xcomargs.py
[2023-04-16T14:37:53.130+0000] {processor.py:743} INFO - Processing file /home/airflow/.local/lib/python3.7/site-packages/airflow/example_dags/example_xcomargs.py for tasks to queue
[2023-04-16T14:37:53.131+0000] {logging_mixin.py:137} INFO - [2023-04-16T14:37:53.131+0000] {dagbag.py:532} INFO - Filling up the DagBag from /home/airflow/.local/lib/python3.7/site-packages/airflow/example_dags/example_xcomargs.py
[2023-04-16T14:37:53.156+0000] {processor.py:753} INFO - DAG(s) dict_keys(['example_xcom_args_with_operators', 'example_xcom_args']) retrieved from /home/airflow/.local/lib/python3.7/site-packages/airflow/example_dags/example_xcomargs.py
[2023-04-16T14:37:53.179+0000] {logging_mixin.py:137} INFO - [2023-04-16T14:37:53.179+0000] {dag.py:2693} INFO - Sync 2 DAGs
[2023-04-16T14:37:53.194+0000] {logging_mixin.py:137} INFO - [2023-04-16T14:37:53.194+0000] {dag.py:3444} INFO - Setting next_dagrun for example_xcom_args to None, run_after=None
[2023-04-16T14:37:53.196+0000] {logging_mixin.py:137} INFO - [2023-04-16T14:37:53.196+0000] {dag.py:3444} INFO - Setting next_dagrun for example_xcom_args_with_operators to None, run_after=None
[2023-04-16T14:37:53.206+0000] {processor.py:175} INFO - Processing /home/airflow/.local/lib/python3.7/site-packages/airflow/example_dags/example_xcomargs.py took 0.085 seconds
[2023-04-16T14:38:57.701+0000] {processor.py:153} INFO - Started process (PID=48) to work on /home/airflow/.local/lib/python3.7/site-packages/airflow/example_dags/example_xcomargs.py
[2023-04-16T14:38:57.704+0000] {processor.py:743} INFO - Processing file /home/airflow/.local/lib/python3.7/site-packages/airflow/example_dags/example_xcomargs.py for tasks to queue
[2023-04-16T14:38:57.705+0000] {logging_mixin.py:137} INFO - [2023-04-16T14:38:57.705+0000] {dagbag.py:532} INFO - Filling up the DagBag from /home/airflow/.local/lib/python3.7/site-packages/airflow/example_dags/example_xcomargs.py
[2023-04-16T14:38:57.756+0000] {processor.py:753} INFO - DAG(s) dict_keys(['example_xcom_args_with_operators', 'example_xcom_args']) retrieved from /home/airflow/.local/lib/python3.7/site-packages/airflow/example_dags/example_xcomargs.py
[2023-04-16T14:38:57.790+0000] {logging_mixin.py:137} INFO - [2023-04-16T14:38:57.790+0000] {dag.py:2693} INFO - Sync 2 DAGs
[2023-04-16T14:38:57.831+0000] {logging_mixin.py:137} INFO - [2023-04-16T14:38:57.831+0000] {dag.py:3444} INFO - Setting next_dagrun for example_xcom_args to None, run_after=None
[2023-04-16T14:38:57.835+0000] {logging_mixin.py:137} INFO - [2023-04-16T14:38:57.835+0000] {dag.py:3444} INFO - Setting next_dagrun for example_xcom_args_with_operators to None, run_after=None
[2023-04-16T14:38:57.853+0000] {processor.py:175} INFO - Processing /home/airflow/.local/lib/python3.7/site-packages/airflow/example_dags/example_xcomargs.py took 0.157 seconds
[2023-04-16T14:39:27.922+0000] {processor.py:153} INFO - Started process (PID=102) to work on /home/airflow/.local/lib/python3.7/site-packages/airflow/example_dags/example_xcomargs.py
[2023-04-16T14:39:27.923+0000] {processor.py:743} INFO - Processing file /home/airflow/.local/lib/python3.7/site-packages/airflow/example_dags/example_xcomargs.py for tasks to queue
[2023-04-16T14:39:27.923+0000] {logging_mixin.py:137} INFO - [2023-04-16T14:39:27.923+0000] {dagbag.py:532} INFO - Filling up the DagBag from /home/airflow/.local/lib/python3.7/site-packages/airflow/example_dags/example_xcomargs.py
[2023-04-16T14:39:27.938+0000] {processor.py:753} INFO - DAG(s) dict_keys(['example_xcom_args_with_operators', 'example_xcom_args']) retrieved from /home/airflow/.local/lib/python3.7/site-packages/airflow/example_dags/example_xcomargs.py
[2023-04-16T14:39:27.959+0000] {logging_mixin.py:137} INFO - [2023-04-16T14:39:27.959+0000] {dag.py:2693} INFO - Sync 2 DAGs
[2023-04-16T14:39:27.973+0000] {logging_mixin.py:137} INFO - [2023-04-16T14:39:27.973+0000] {dag.py:3444} INFO - Setting next_dagrun for example_xcom_args to None, run_after=None
[2023-04-16T14:39:27.975+0000] {logging_mixin.py:137} INFO - [2023-04-16T14:39:27.975+0000] {dag.py:3444} INFO - Setting next_dagrun for example_xcom_args_with_operators to None, run_after=None
[2023-04-16T14:39:27.984+0000] {processor.py:175} INFO - Processing /home/airflow/.local/lib/python3.7/site-packages/airflow/example_dags/example_xcomargs.py took 0.065 seconds
[2023-04-16T14:39:58.543+0000] {processor.py:153} INFO - Started process (PID=151) to work on /home/airflow/.local/lib/python3.7/site-packages/airflow/example_dags/example_xcomargs.py
[2023-04-16T14:39:58.545+0000] {processor.py:743} INFO - Processing file /home/airflow/.local/lib/python3.7/site-packages/airflow/example_dags/example_xcomargs.py for tasks to queue
[2023-04-16T14:39:58.548+0000] {logging_mixin.py:137} INFO - [2023-04-16T14:39:58.548+0000] {dagbag.py:532} INFO - Filling up the DagBag from /home/airflow/.local/lib/python3.7/site-packages/airflow/example_dags/example_xcomargs.py
[2023-04-16T14:39:58.568+0000] {processor.py:753} INFO - DAG(s) dict_keys(['example_xcom_args_with_operators', 'example_xcom_args']) retrieved from /home/airflow/.local/lib/python3.7/site-packages/airflow/example_dags/example_xcomargs.py
[2023-04-16T14:39:58.590+0000] {logging_mixin.py:137} INFO - [2023-04-16T14:39:58.590+0000] {dag.py:2693} INFO - Sync 2 DAGs
[2023-04-16T14:39:58.605+0000] {logging_mixin.py:137} INFO - [2023-04-16T14:39:58.605+0000] {dag.py:3444} INFO - Setting next_dagrun for example_xcom_args to None, run_after=None
[2023-04-16T14:39:58.607+0000] {logging_mixin.py:137} INFO - [2023-04-16T14:39:58.607+0000] {dag.py:3444} INFO - Setting next_dagrun for example_xcom_args_with_operators to None, run_after=None
[2023-04-16T14:39:58.617+0000] {processor.py:175} INFO - Processing /home/airflow/.local/lib/python3.7/site-packages/airflow/example_dags/example_xcomargs.py took 0.078 seconds
[2023-04-16T14:40:29.100+0000] {processor.py:153} INFO - Started process (PID=201) to work on /home/airflow/.local/lib/python3.7/site-packages/airflow/example_dags/example_xcomargs.py
[2023-04-16T14:40:29.102+0000] {processor.py:743} INFO - Processing file /home/airflow/.local/lib/python3.7/site-packages/airflow/example_dags/example_xcomargs.py for tasks to queue
[2023-04-16T14:40:29.103+0000] {logging_mixin.py:137} INFO - [2023-04-16T14:40:29.103+0000] {dagbag.py:532} INFO - Filling up the DagBag from /home/airflow/.local/lib/python3.7/site-packages/airflow/example_dags/example_xcomargs.py
[2023-04-16T14:40:29.120+0000] {processor.py:753} INFO - DAG(s) dict_keys(['example_xcom_args_with_operators', 'example_xcom_args']) retrieved from /home/airflow/.local/lib/python3.7/site-packages/airflow/example_dags/example_xcomargs.py
[2023-04-16T14:40:29.141+0000] {logging_mixin.py:137} INFO - [2023-04-16T14:40:29.141+0000] {dag.py:2693} INFO - Sync 2 DAGs
[2023-04-16T14:40:29.157+0000] {logging_mixin.py:137} INFO - [2023-04-16T14:40:29.157+0000] {dag.py:3444} INFO - Setting next_dagrun for example_xcom_args to None, run_after=None
[2023-04-16T14:40:29.160+0000] {logging_mixin.py:137} INFO - [2023-04-16T14:40:29.160+0000] {dag.py:3444} INFO - Setting next_dagrun for example_xcom_args_with_operators to None, run_after=None
[2023-04-16T14:40:29.171+0000] {processor.py:175} INFO - Processing /home/airflow/.local/lib/python3.7/site-packages/airflow/example_dags/example_xcomargs.py took 0.074 seconds
[2023-04-16T14:40:59.749+0000] {processor.py:153} INFO - Started process (PID=251) to work on /home/airflow/.local/lib/python3.7/site-packages/airflow/example_dags/example_xcomargs.py
[2023-04-16T14:40:59.750+0000] {processor.py:743} INFO - Processing file /home/airflow/.local/lib/python3.7/site-packages/airflow/example_dags/example_xcomargs.py for tasks to queue
[2023-04-16T14:40:59.751+0000] {logging_mixin.py:137} INFO - [2023-04-16T14:40:59.751+0000] {dagbag.py:532} INFO - Filling up the DagBag from /home/airflow/.local/lib/python3.7/site-packages/airflow/example_dags/example_xcomargs.py
[2023-04-16T14:40:59.768+0000] {processor.py:753} INFO - DAG(s) dict_keys(['example_xcom_args_with_operators', 'example_xcom_args']) retrieved from /home/airflow/.local/lib/python3.7/site-packages/airflow/example_dags/example_xcomargs.py
[2023-04-16T14:40:59.790+0000] {logging_mixin.py:137} INFO - [2023-04-16T14:40:59.790+0000] {dag.py:2693} INFO - Sync 2 DAGs
[2023-04-16T14:40:59.806+0000] {logging_mixin.py:137} INFO - [2023-04-16T14:40:59.806+0000] {dag.py:3444} INFO - Setting next_dagrun for example_xcom_args to None, run_after=None
[2023-04-16T14:40:59.808+0000] {logging_mixin.py:137} INFO - [2023-04-16T14:40:59.808+0000] {dag.py:3444} INFO - Setting next_dagrun for example_xcom_args_with_operators to None, run_after=None
[2023-04-16T14:40:59.818+0000] {processor.py:175} INFO - Processing /home/airflow/.local/lib/python3.7/site-packages/airflow/example_dags/example_xcomargs.py took 0.071 seconds
[2023-04-16T14:41:30.813+0000] {processor.py:153} INFO - Started process (PID=301) to work on /home/airflow/.local/lib/python3.7/site-packages/airflow/example_dags/example_xcomargs.py
[2023-04-16T14:41:30.815+0000] {processor.py:743} INFO - Processing file /home/airflow/.local/lib/python3.7/site-packages/airflow/example_dags/example_xcomargs.py for tasks to queue
[2023-04-16T14:41:30.817+0000] {logging_mixin.py:137} INFO - [2023-04-16T14:41:30.816+0000] {dagbag.py:532} INFO - Filling up the DagBag from /home/airflow/.local/lib/python3.7/site-packages/airflow/example_dags/example_xcomargs.py
[2023-04-16T14:41:30.842+0000] {processor.py:753} INFO - DAG(s) dict_keys(['example_xcom_args', 'example_xcom_args_with_operators']) retrieved from /home/airflow/.local/lib/python3.7/site-packages/airflow/example_dags/example_xcomargs.py
[2023-04-16T14:41:30.866+0000] {logging_mixin.py:137} INFO - [2023-04-16T14:41:30.866+0000] {dag.py:2693} INFO - Sync 2 DAGs
[2023-04-16T14:41:30.883+0000] {logging_mixin.py:137} INFO - [2023-04-16T14:41:30.883+0000] {dag.py:3444} INFO - Setting next_dagrun for example_xcom_args to None, run_after=None
[2023-04-16T14:41:30.886+0000] {logging_mixin.py:137} INFO - [2023-04-16T14:41:30.886+0000] {dag.py:3444} INFO - Setting next_dagrun for example_xcom_args_with_operators to None, run_after=None
[2023-04-16T14:41:30.913+0000] {processor.py:175} INFO - Processing /home/airflow/.local/lib/python3.7/site-packages/airflow/example_dags/example_xcomargs.py took 0.109 seconds
[2023-04-16T14:42:02.012+0000] {processor.py:153} INFO - Started process (PID=351) to work on /home/airflow/.local/lib/python3.7/site-packages/airflow/example_dags/example_xcomargs.py
[2023-04-16T14:42:02.014+0000] {processor.py:743} INFO - Processing file /home/airflow/.local/lib/python3.7/site-packages/airflow/example_dags/example_xcomargs.py for tasks to queue
[2023-04-16T14:42:02.015+0000] {logging_mixin.py:137} INFO - [2023-04-16T14:42:02.015+0000] {dagbag.py:532} INFO - Filling up the DagBag from /home/airflow/.local/lib/python3.7/site-packages/airflow/example_dags/example_xcomargs.py
[2023-04-16T14:42:02.051+0000] {processor.py:753} INFO - DAG(s) dict_keys(['example_xcom_args_with_operators', 'example_xcom_args']) retrieved from /home/airflow/.local/lib/python3.7/site-packages/airflow/example_dags/example_xcomargs.py
[2023-04-16T14:42:02.087+0000] {logging_mixin.py:137} INFO - [2023-04-16T14:42:02.087+0000] {dag.py:2693} INFO - Sync 2 DAGs
[2023-04-16T14:42:02.118+0000] {logging_mixin.py:137} INFO - [2023-04-16T14:42:02.118+0000] {dag.py:3444} INFO - Setting next_dagrun for example_xcom_args to None, run_after=None
[2023-04-16T14:42:02.122+0000] {logging_mixin.py:137} INFO - [2023-04-16T14:42:02.122+0000] {dag.py:3444} INFO - Setting next_dagrun for example_xcom_args_with_operators to None, run_after=None
[2023-04-16T14:42:02.135+0000] {processor.py:175} INFO - Processing /home/airflow/.local/lib/python3.7/site-packages/airflow/example_dags/example_xcomargs.py took 0.127 seconds
[2023-04-16T14:43:09.452+0000] {processor.py:153} INFO - Started process (PID=47) to work on /home/airflow/.local/lib/python3.7/site-packages/airflow/example_dags/example_xcomargs.py
[2023-04-16T14:43:09.453+0000] {processor.py:743} INFO - Processing file /home/airflow/.local/lib/python3.7/site-packages/airflow/example_dags/example_xcomargs.py for tasks to queue
[2023-04-16T14:43:09.455+0000] {logging_mixin.py:137} INFO - [2023-04-16T14:43:09.455+0000] {dagbag.py:532} INFO - Filling up the DagBag from /home/airflow/.local/lib/python3.7/site-packages/airflow/example_dags/example_xcomargs.py
[2023-04-16T14:43:09.569+0000] {processor.py:753} INFO - DAG(s) dict_keys(['example_xcom_args', 'example_xcom_args_with_operators']) retrieved from /home/airflow/.local/lib/python3.7/site-packages/airflow/example_dags/example_xcomargs.py
[2023-04-16T14:43:09.723+0000] {logging_mixin.py:137} INFO - [2023-04-16T14:43:09.722+0000] {dag.py:2693} INFO - Sync 2 DAGs
[2023-04-16T14:43:09.810+0000] {logging_mixin.py:137} INFO - [2023-04-16T14:43:09.810+0000] {dag.py:3444} INFO - Setting next_dagrun for example_xcom_args to None, run_after=None
[2023-04-16T14:43:09.819+0000] {logging_mixin.py:137} INFO - [2023-04-16T14:43:09.819+0000] {dag.py:3444} INFO - Setting next_dagrun for example_xcom_args_with_operators to None, run_after=None
[2023-04-16T14:43:09.867+0000] {processor.py:175} INFO - Processing /home/airflow/.local/lib/python3.7/site-packages/airflow/example_dags/example_xcomargs.py took 0.421 seconds
[2023-04-16T14:43:40.299+0000] {processor.py:153} INFO - Started process (PID=97) to work on /home/airflow/.local/lib/python3.7/site-packages/airflow/example_dags/example_xcomargs.py
[2023-04-16T14:43:40.301+0000] {processor.py:743} INFO - Processing file /home/airflow/.local/lib/python3.7/site-packages/airflow/example_dags/example_xcomargs.py for tasks to queue
[2023-04-16T14:43:40.301+0000] {logging_mixin.py:137} INFO - [2023-04-16T14:43:40.301+0000] {dagbag.py:532} INFO - Filling up the DagBag from /home/airflow/.local/lib/python3.7/site-packages/airflow/example_dags/example_xcomargs.py
[2023-04-16T14:43:40.318+0000] {processor.py:753} INFO - DAG(s) dict_keys(['example_xcom_args_with_operators', 'example_xcom_args']) retrieved from /home/airflow/.local/lib/python3.7/site-packages/airflow/example_dags/example_xcomargs.py
[2023-04-16T14:43:40.339+0000] {logging_mixin.py:137} INFO - [2023-04-16T14:43:40.339+0000] {dag.py:2693} INFO - Sync 2 DAGs
[2023-04-16T14:43:40.354+0000] {logging_mixin.py:137} INFO - [2023-04-16T14:43:40.354+0000] {dag.py:3444} INFO - Setting next_dagrun for example_xcom_args to None, run_after=None
[2023-04-16T14:43:40.358+0000] {logging_mixin.py:137} INFO - [2023-04-16T14:43:40.358+0000] {dag.py:3444} INFO - Setting next_dagrun for example_xcom_args_with_operators to None, run_after=None
[2023-04-16T14:43:40.368+0000] {processor.py:175} INFO - Processing /home/airflow/.local/lib/python3.7/site-packages/airflow/example_dags/example_xcomargs.py took 0.071 seconds
[2023-04-16T14:44:11.128+0000] {processor.py:153} INFO - Started process (PID=147) to work on /home/airflow/.local/lib/python3.7/site-packages/airflow/example_dags/example_xcomargs.py
[2023-04-16T14:44:11.129+0000] {processor.py:743} INFO - Processing file /home/airflow/.local/lib/python3.7/site-packages/airflow/example_dags/example_xcomargs.py for tasks to queue
[2023-04-16T14:44:11.130+0000] {logging_mixin.py:137} INFO - [2023-04-16T14:44:11.130+0000] {dagbag.py:532} INFO - Filling up the DagBag from /home/airflow/.local/lib/python3.7/site-packages/airflow/example_dags/example_xcomargs.py
[2023-04-16T14:44:11.147+0000] {processor.py:753} INFO - DAG(s) dict_keys(['example_xcom_args', 'example_xcom_args_with_operators']) retrieved from /home/airflow/.local/lib/python3.7/site-packages/airflow/example_dags/example_xcomargs.py
[2023-04-16T14:44:11.168+0000] {logging_mixin.py:137} INFO - [2023-04-16T14:44:11.168+0000] {dag.py:2693} INFO - Sync 2 DAGs
[2023-04-16T14:44:11.182+0000] {logging_mixin.py:137} INFO - [2023-04-16T14:44:11.182+0000] {dag.py:3444} INFO - Setting next_dagrun for example_xcom_args to None, run_after=None
[2023-04-16T14:44:11.185+0000] {logging_mixin.py:137} INFO - [2023-04-16T14:44:11.185+0000] {dag.py:3444} INFO - Setting next_dagrun for example_xcom_args_with_operators to None, run_after=None
[2023-04-16T14:44:11.194+0000] {processor.py:175} INFO - Processing /home/airflow/.local/lib/python3.7/site-packages/airflow/example_dags/example_xcomargs.py took 0.068 seconds
[2023-04-16T14:44:41.800+0000] {processor.py:153} INFO - Started process (PID=197) to work on /home/airflow/.local/lib/python3.7/site-packages/airflow/example_dags/example_xcomargs.py
[2023-04-16T14:44:41.801+0000] {processor.py:743} INFO - Processing file /home/airflow/.local/lib/python3.7/site-packages/airflow/example_dags/example_xcomargs.py for tasks to queue
[2023-04-16T14:44:41.802+0000] {logging_mixin.py:137} INFO - [2023-04-16T14:44:41.802+0000] {dagbag.py:532} INFO - Filling up the DagBag from /home/airflow/.local/lib/python3.7/site-packages/airflow/example_dags/example_xcomargs.py
[2023-04-16T14:44:41.821+0000] {processor.py:753} INFO - DAG(s) dict_keys(['example_xcom_args_with_operators', 'example_xcom_args']) retrieved from /home/airflow/.local/lib/python3.7/site-packages/airflow/example_dags/example_xcomargs.py
[2023-04-16T14:44:41.851+0000] {logging_mixin.py:137} INFO - [2023-04-16T14:44:41.850+0000] {dag.py:2693} INFO - Sync 2 DAGs
[2023-04-16T14:44:41.868+0000] {logging_mixin.py:137} INFO - [2023-04-16T14:44:41.868+0000] {dag.py:3444} INFO - Setting next_dagrun for example_xcom_args to None, run_after=None
[2023-04-16T14:44:41.871+0000] {logging_mixin.py:137} INFO - [2023-04-16T14:44:41.871+0000] {dag.py:3444} INFO - Setting next_dagrun for example_xcom_args_with_operators to None, run_after=None
[2023-04-16T14:44:41.881+0000] {processor.py:175} INFO - Processing /home/airflow/.local/lib/python3.7/site-packages/airflow/example_dags/example_xcomargs.py took 0.085 seconds
[2023-04-16T14:45:11.931+0000] {processor.py:153} INFO - Started process (PID=247) to work on /home/airflow/.local/lib/python3.7/site-packages/airflow/example_dags/example_xcomargs.py
[2023-04-16T14:45:11.933+0000] {processor.py:743} INFO - Processing file /home/airflow/.local/lib/python3.7/site-packages/airflow/example_dags/example_xcomargs.py for tasks to queue
[2023-04-16T14:45:11.934+0000] {logging_mixin.py:137} INFO - [2023-04-16T14:45:11.934+0000] {dagbag.py:532} INFO - Filling up the DagBag from /home/airflow/.local/lib/python3.7/site-packages/airflow/example_dags/example_xcomargs.py
[2023-04-16T14:45:11.963+0000] {processor.py:753} INFO - DAG(s) dict_keys(['example_xcom_args_with_operators', 'example_xcom_args']) retrieved from /home/airflow/.local/lib/python3.7/site-packages/airflow/example_dags/example_xcomargs.py
[2023-04-16T14:45:11.992+0000] {logging_mixin.py:137} INFO - [2023-04-16T14:45:11.992+0000] {dag.py:2693} INFO - Sync 2 DAGs
[2023-04-16T14:45:12.017+0000] {logging_mixin.py:137} INFO - [2023-04-16T14:45:12.017+0000] {dag.py:3444} INFO - Setting next_dagrun for example_xcom_args to None, run_after=None
[2023-04-16T14:45:12.022+0000] {logging_mixin.py:137} INFO - [2023-04-16T14:45:12.022+0000] {dag.py:3444} INFO - Setting next_dagrun for example_xcom_args_with_operators to None, run_after=None
[2023-04-16T14:45:12.038+0000] {processor.py:175} INFO - Processing /home/airflow/.local/lib/python3.7/site-packages/airflow/example_dags/example_xcomargs.py took 0.110 seconds
[2023-04-16T14:45:42.682+0000] {processor.py:153} INFO - Started process (PID=297) to work on /home/airflow/.local/lib/python3.7/site-packages/airflow/example_dags/example_xcomargs.py
[2023-04-16T14:45:42.685+0000] {processor.py:743} INFO - Processing file /home/airflow/.local/lib/python3.7/site-packages/airflow/example_dags/example_xcomargs.py for tasks to queue
[2023-04-16T14:45:42.686+0000] {logging_mixin.py:137} INFO - [2023-04-16T14:45:42.686+0000] {dagbag.py:532} INFO - Filling up the DagBag from /home/airflow/.local/lib/python3.7/site-packages/airflow/example_dags/example_xcomargs.py
[2023-04-16T14:45:42.709+0000] {processor.py:753} INFO - DAG(s) dict_keys(['example_xcom_args_with_operators', 'example_xcom_args']) retrieved from /home/airflow/.local/lib/python3.7/site-packages/airflow/example_dags/example_xcomargs.py
[2023-04-16T14:45:42.734+0000] {logging_mixin.py:137} INFO - [2023-04-16T14:45:42.734+0000] {dag.py:2693} INFO - Sync 2 DAGs
[2023-04-16T14:45:42.764+0000] {logging_mixin.py:137} INFO - [2023-04-16T14:45:42.764+0000] {dag.py:3444} INFO - Setting next_dagrun for example_xcom_args to None, run_after=None
[2023-04-16T14:45:42.770+0000] {logging_mixin.py:137} INFO - [2023-04-16T14:45:42.769+0000] {dag.py:3444} INFO - Setting next_dagrun for example_xcom_args_with_operators to None, run_after=None
[2023-04-16T14:45:42.786+0000] {processor.py:175} INFO - Processing /home/airflow/.local/lib/python3.7/site-packages/airflow/example_dags/example_xcomargs.py took 0.110 seconds
[2023-04-16T14:46:26.034+0000] {processor.py:153} INFO - Started process (PID=48) to work on /home/airflow/.local/lib/python3.7/site-packages/airflow/example_dags/example_xcomargs.py
[2023-04-16T14:46:26.037+0000] {processor.py:743} INFO - Processing file /home/airflow/.local/lib/python3.7/site-packages/airflow/example_dags/example_xcomargs.py for tasks to queue
[2023-04-16T14:46:26.038+0000] {logging_mixin.py:137} INFO - [2023-04-16T14:46:26.038+0000] {dagbag.py:532} INFO - Filling up the DagBag from /home/airflow/.local/lib/python3.7/site-packages/airflow/example_dags/example_xcomargs.py
[2023-04-16T14:46:26.064+0000] {processor.py:753} INFO - DAG(s) dict_keys(['example_xcom_args', 'example_xcom_args_with_operators']) retrieved from /home/airflow/.local/lib/python3.7/site-packages/airflow/example_dags/example_xcomargs.py
[2023-04-16T14:46:26.085+0000] {logging_mixin.py:137} INFO - [2023-04-16T14:46:26.085+0000] {dag.py:2693} INFO - Sync 2 DAGs
[2023-04-16T14:46:26.133+0000] {logging_mixin.py:137} INFO - [2023-04-16T14:46:26.133+0000] {dag.py:3444} INFO - Setting next_dagrun for example_xcom_args to None, run_after=None
[2023-04-16T14:46:26.138+0000] {logging_mixin.py:137} INFO - [2023-04-16T14:46:26.138+0000] {dag.py:3444} INFO - Setting next_dagrun for example_xcom_args_with_operators to None, run_after=None
[2023-04-16T14:46:26.173+0000] {processor.py:175} INFO - Processing /home/airflow/.local/lib/python3.7/site-packages/airflow/example_dags/example_xcomargs.py took 0.150 seconds
[2023-04-16T14:46:56.643+0000] {processor.py:153} INFO - Started process (PID=102) to work on /home/airflow/.local/lib/python3.7/site-packages/airflow/example_dags/example_xcomargs.py
[2023-04-16T14:46:56.644+0000] {processor.py:743} INFO - Processing file /home/airflow/.local/lib/python3.7/site-packages/airflow/example_dags/example_xcomargs.py for tasks to queue
[2023-04-16T14:46:56.645+0000] {logging_mixin.py:137} INFO - [2023-04-16T14:46:56.645+0000] {dagbag.py:532} INFO - Filling up the DagBag from /home/airflow/.local/lib/python3.7/site-packages/airflow/example_dags/example_xcomargs.py
[2023-04-16T14:46:56.661+0000] {processor.py:753} INFO - DAG(s) dict_keys(['example_xcom_args_with_operators', 'example_xcom_args']) retrieved from /home/airflow/.local/lib/python3.7/site-packages/airflow/example_dags/example_xcomargs.py
[2023-04-16T14:46:56.683+0000] {logging_mixin.py:137} INFO - [2023-04-16T14:46:56.683+0000] {dag.py:2693} INFO - Sync 2 DAGs
[2023-04-16T14:46:56.705+0000] {logging_mixin.py:137} INFO - [2023-04-16T14:46:56.704+0000] {dag.py:3444} INFO - Setting next_dagrun for example_xcom_args to None, run_after=None
[2023-04-16T14:46:56.709+0000] {logging_mixin.py:137} INFO - [2023-04-16T14:46:56.709+0000] {dag.py:3444} INFO - Setting next_dagrun for example_xcom_args_with_operators to None, run_after=None
[2023-04-16T14:46:56.722+0000] {processor.py:175} INFO - Processing /home/airflow/.local/lib/python3.7/site-packages/airflow/example_dags/example_xcomargs.py took 0.082 seconds
[2023-04-16T14:47:27.406+0000] {processor.py:153} INFO - Started process (PID=152) to work on /home/airflow/.local/lib/python3.7/site-packages/airflow/example_dags/example_xcomargs.py
[2023-04-16T14:47:27.408+0000] {processor.py:743} INFO - Processing file /home/airflow/.local/lib/python3.7/site-packages/airflow/example_dags/example_xcomargs.py for tasks to queue
[2023-04-16T14:47:27.409+0000] {logging_mixin.py:137} INFO - [2023-04-16T14:47:27.409+0000] {dagbag.py:532} INFO - Filling up the DagBag from /home/airflow/.local/lib/python3.7/site-packages/airflow/example_dags/example_xcomargs.py
[2023-04-16T14:47:27.427+0000] {processor.py:753} INFO - DAG(s) dict_keys(['example_xcom_args_with_operators', 'example_xcom_args']) retrieved from /home/airflow/.local/lib/python3.7/site-packages/airflow/example_dags/example_xcomargs.py
[2023-04-16T14:47:27.448+0000] {logging_mixin.py:137} INFO - [2023-04-16T14:47:27.448+0000] {dag.py:2693} INFO - Sync 2 DAGs
[2023-04-16T14:47:27.468+0000] {logging_mixin.py:137} INFO - [2023-04-16T14:47:27.468+0000] {dag.py:3444} INFO - Setting next_dagrun for example_xcom_args to None, run_after=None
[2023-04-16T14:47:27.471+0000] {logging_mixin.py:137} INFO - [2023-04-16T14:47:27.471+0000] {dag.py:3444} INFO - Setting next_dagrun for example_xcom_args_with_operators to None, run_after=None
[2023-04-16T14:47:27.481+0000] {processor.py:175} INFO - Processing /home/airflow/.local/lib/python3.7/site-packages/airflow/example_dags/example_xcomargs.py took 0.080 seconds
[2023-04-16T14:47:58.129+0000] {processor.py:153} INFO - Started process (PID=202) to work on /home/airflow/.local/lib/python3.7/site-packages/airflow/example_dags/example_xcomargs.py
[2023-04-16T14:47:58.131+0000] {processor.py:743} INFO - Processing file /home/airflow/.local/lib/python3.7/site-packages/airflow/example_dags/example_xcomargs.py for tasks to queue
[2023-04-16T14:47:58.132+0000] {logging_mixin.py:137} INFO - [2023-04-16T14:47:58.132+0000] {dagbag.py:532} INFO - Filling up the DagBag from /home/airflow/.local/lib/python3.7/site-packages/airflow/example_dags/example_xcomargs.py
[2023-04-16T14:47:58.148+0000] {processor.py:753} INFO - DAG(s) dict_keys(['example_xcom_args', 'example_xcom_args_with_operators']) retrieved from /home/airflow/.local/lib/python3.7/site-packages/airflow/example_dags/example_xcomargs.py
[2023-04-16T14:47:58.169+0000] {logging_mixin.py:137} INFO - [2023-04-16T14:47:58.169+0000] {dag.py:2693} INFO - Sync 2 DAGs
[2023-04-16T14:47:58.186+0000] {logging_mixin.py:137} INFO - [2023-04-16T14:47:58.186+0000] {dag.py:3444} INFO - Setting next_dagrun for example_xcom_args to None, run_after=None
[2023-04-16T14:47:58.189+0000] {logging_mixin.py:137} INFO - [2023-04-16T14:47:58.189+0000] {dag.py:3444} INFO - Setting next_dagrun for example_xcom_args_with_operators to None, run_after=None
[2023-04-16T14:47:58.200+0000] {processor.py:175} INFO - Processing /home/airflow/.local/lib/python3.7/site-packages/airflow/example_dags/example_xcomargs.py took 0.073 seconds
[2023-04-16T14:48:28.816+0000] {processor.py:153} INFO - Started process (PID=252) to work on /home/airflow/.local/lib/python3.7/site-packages/airflow/example_dags/example_xcomargs.py
[2023-04-16T14:48:28.818+0000] {processor.py:743} INFO - Processing file /home/airflow/.local/lib/python3.7/site-packages/airflow/example_dags/example_xcomargs.py for tasks to queue
[2023-04-16T14:48:28.819+0000] {logging_mixin.py:137} INFO - [2023-04-16T14:48:28.818+0000] {dagbag.py:532} INFO - Filling up the DagBag from /home/airflow/.local/lib/python3.7/site-packages/airflow/example_dags/example_xcomargs.py
[2023-04-16T14:48:28.835+0000] {processor.py:753} INFO - DAG(s) dict_keys(['example_xcom_args_with_operators', 'example_xcom_args']) retrieved from /home/airflow/.local/lib/python3.7/site-packages/airflow/example_dags/example_xcomargs.py
[2023-04-16T14:48:28.857+0000] {logging_mixin.py:137} INFO - [2023-04-16T14:48:28.857+0000] {dag.py:2693} INFO - Sync 2 DAGs
[2023-04-16T14:48:28.876+0000] {logging_mixin.py:137} INFO - [2023-04-16T14:48:28.876+0000] {dag.py:3444} INFO - Setting next_dagrun for example_xcom_args to None, run_after=None
[2023-04-16T14:48:28.879+0000] {logging_mixin.py:137} INFO - [2023-04-16T14:48:28.879+0000] {dag.py:3444} INFO - Setting next_dagrun for example_xcom_args_with_operators to None, run_after=None
[2023-04-16T14:48:28.891+0000] {processor.py:175} INFO - Processing /home/airflow/.local/lib/python3.7/site-packages/airflow/example_dags/example_xcomargs.py took 0.077 seconds
[2023-04-16T14:48:59.524+0000] {processor.py:153} INFO - Started process (PID=302) to work on /home/airflow/.local/lib/python3.7/site-packages/airflow/example_dags/example_xcomargs.py
[2023-04-16T14:48:59.527+0000] {processor.py:743} INFO - Processing file /home/airflow/.local/lib/python3.7/site-packages/airflow/example_dags/example_xcomargs.py for tasks to queue
[2023-04-16T14:48:59.528+0000] {logging_mixin.py:137} INFO - [2023-04-16T14:48:59.528+0000] {dagbag.py:532} INFO - Filling up the DagBag from /home/airflow/.local/lib/python3.7/site-packages/airflow/example_dags/example_xcomargs.py
[2023-04-16T14:48:59.545+0000] {processor.py:753} INFO - DAG(s) dict_keys(['example_xcom_args_with_operators', 'example_xcom_args']) retrieved from /home/airflow/.local/lib/python3.7/site-packages/airflow/example_dags/example_xcomargs.py
[2023-04-16T14:48:59.567+0000] {logging_mixin.py:137} INFO - [2023-04-16T14:48:59.567+0000] {dag.py:2693} INFO - Sync 2 DAGs
[2023-04-16T14:48:59.583+0000] {logging_mixin.py:137} INFO - [2023-04-16T14:48:59.583+0000] {dag.py:3444} INFO - Setting next_dagrun for example_xcom_args to None, run_after=None
[2023-04-16T14:48:59.585+0000] {logging_mixin.py:137} INFO - [2023-04-16T14:48:59.585+0000] {dag.py:3444} INFO - Setting next_dagrun for example_xcom_args_with_operators to None, run_after=None
[2023-04-16T14:48:59.598+0000] {processor.py:175} INFO - Processing /home/airflow/.local/lib/python3.7/site-packages/airflow/example_dags/example_xcomargs.py took 0.077 seconds
[2023-04-16T14:49:30.489+0000] {processor.py:153} INFO - Started process (PID=352) to work on /home/airflow/.local/lib/python3.7/site-packages/airflow/example_dags/example_xcomargs.py
[2023-04-16T14:49:30.490+0000] {processor.py:743} INFO - Processing file /home/airflow/.local/lib/python3.7/site-packages/airflow/example_dags/example_xcomargs.py for tasks to queue
[2023-04-16T14:49:30.491+0000] {logging_mixin.py:137} INFO - [2023-04-16T14:49:30.490+0000] {dagbag.py:532} INFO - Filling up the DagBag from /home/airflow/.local/lib/python3.7/site-packages/airflow/example_dags/example_xcomargs.py
[2023-04-16T14:49:30.509+0000] {processor.py:753} INFO - DAG(s) dict_keys(['example_xcom_args_with_operators', 'example_xcom_args']) retrieved from /home/airflow/.local/lib/python3.7/site-packages/airflow/example_dags/example_xcomargs.py
[2023-04-16T14:49:30.531+0000] {logging_mixin.py:137} INFO - [2023-04-16T14:49:30.530+0000] {dag.py:2693} INFO - Sync 2 DAGs
[2023-04-16T14:49:30.547+0000] {logging_mixin.py:137} INFO - [2023-04-16T14:49:30.547+0000] {dag.py:3444} INFO - Setting next_dagrun for example_xcom_args to None, run_after=None
[2023-04-16T14:49:30.549+0000] {logging_mixin.py:137} INFO - [2023-04-16T14:49:30.549+0000] {dag.py:3444} INFO - Setting next_dagrun for example_xcom_args_with_operators to None, run_after=None
[2023-04-16T14:49:30.561+0000] {processor.py:175} INFO - Processing /home/airflow/.local/lib/python3.7/site-packages/airflow/example_dags/example_xcomargs.py took 0.076 seconds
