[2023-04-16T14:21:49.513+0000] {processor.py:153} INFO - Started process (PID=64) to work on /home/airflow/.local/lib/python3.7/site-packages/airflow/example_dags/example_latest_only_with_trigger.py
[2023-04-16T14:21:49.515+0000] {processor.py:743} INFO - Processing file /home/airflow/.local/lib/python3.7/site-packages/airflow/example_dags/example_latest_only_with_trigger.py for tasks to queue
[2023-04-16T14:21:49.516+0000] {logging_mixin.py:137} INFO - [2023-04-16T14:21:49.516+0000] {dagbag.py:532} INFO - Filling up the DagBag from /home/airflow/.local/lib/python3.7/site-packages/airflow/example_dags/example_latest_only_with_trigger.py
[2023-04-16T14:21:49.553+0000] {processor.py:753} INFO - DAG(s) dict_keys(['latest_only_with_trigger']) retrieved from /home/airflow/.local/lib/python3.7/site-packages/airflow/example_dags/example_latest_only_with_trigger.py
[2023-04-16T14:21:49.598+0000] {logging_mixin.py:137} INFO - [2023-04-16T14:21:49.598+0000] {dag.py:2693} INFO - Sync 1 DAGs
[2023-04-16T14:21:49.635+0000] {logging_mixin.py:137} INFO - [2023-04-16T14:21:49.635+0000] {dag.py:3444} INFO - Setting next_dagrun for latest_only_with_trigger to 2023-04-16T10:21:49.635068+00:00, run_after=2023-04-16T14:21:49.635068+00:00
[2023-04-16T14:21:49.658+0000] {processor.py:175} INFO - Processing /home/airflow/.local/lib/python3.7/site-packages/airflow/example_dags/example_latest_only_with_trigger.py took 0.150 seconds
[2023-04-16T14:22:20.288+0000] {processor.py:153} INFO - Started process (PID=112) to work on /home/airflow/.local/lib/python3.7/site-packages/airflow/example_dags/example_latest_only_with_trigger.py
[2023-04-16T14:22:20.289+0000] {processor.py:743} INFO - Processing file /home/airflow/.local/lib/python3.7/site-packages/airflow/example_dags/example_latest_only_with_trigger.py for tasks to queue
[2023-04-16T14:22:20.294+0000] {logging_mixin.py:137} INFO - [2023-04-16T14:22:20.294+0000] {dagbag.py:532} INFO - Filling up the DagBag from /home/airflow/.local/lib/python3.7/site-packages/airflow/example_dags/example_latest_only_with_trigger.py
[2023-04-16T14:22:20.306+0000] {processor.py:753} INFO - DAG(s) dict_keys(['latest_only_with_trigger']) retrieved from /home/airflow/.local/lib/python3.7/site-packages/airflow/example_dags/example_latest_only_with_trigger.py
[2023-04-16T14:22:20.330+0000] {logging_mixin.py:137} INFO - [2023-04-16T14:22:20.330+0000] {dag.py:2693} INFO - Sync 1 DAGs
[2023-04-16T14:22:20.348+0000] {logging_mixin.py:137} INFO - [2023-04-16T14:22:20.348+0000] {dag.py:3444} INFO - Setting next_dagrun for latest_only_with_trigger to 2023-04-16T10:22:20.348199+00:00, run_after=2023-04-16T14:22:20.348199+00:00
[2023-04-16T14:22:20.367+0000] {processor.py:175} INFO - Processing /home/airflow/.local/lib/python3.7/site-packages/airflow/example_dags/example_latest_only_with_trigger.py took 0.083 seconds
[2023-04-16T14:22:50.564+0000] {processor.py:153} INFO - Started process (PID=160) to work on /home/airflow/.local/lib/python3.7/site-packages/airflow/example_dags/example_latest_only_with_trigger.py
[2023-04-16T14:22:50.565+0000] {processor.py:743} INFO - Processing file /home/airflow/.local/lib/python3.7/site-packages/airflow/example_dags/example_latest_only_with_trigger.py for tasks to queue
[2023-04-16T14:22:50.566+0000] {logging_mixin.py:137} INFO - [2023-04-16T14:22:50.566+0000] {dagbag.py:532} INFO - Filling up the DagBag from /home/airflow/.local/lib/python3.7/site-packages/airflow/example_dags/example_latest_only_with_trigger.py
[2023-04-16T14:22:50.576+0000] {processor.py:753} INFO - DAG(s) dict_keys(['latest_only_with_trigger']) retrieved from /home/airflow/.local/lib/python3.7/site-packages/airflow/example_dags/example_latest_only_with_trigger.py
[2023-04-16T14:22:50.596+0000] {logging_mixin.py:137} INFO - [2023-04-16T14:22:50.596+0000] {dag.py:2693} INFO - Sync 1 DAGs
[2023-04-16T14:22:50.611+0000] {logging_mixin.py:137} INFO - [2023-04-16T14:22:50.611+0000] {dag.py:3444} INFO - Setting next_dagrun for latest_only_with_trigger to 2023-04-16T10:22:50.611284+00:00, run_after=2023-04-16T14:22:50.611284+00:00
[2023-04-16T14:22:50.624+0000] {processor.py:175} INFO - Processing /home/airflow/.local/lib/python3.7/site-packages/airflow/example_dags/example_latest_only_with_trigger.py took 0.063 seconds
[2023-04-16T14:23:21.359+0000] {processor.py:153} INFO - Started process (PID=209) to work on /home/airflow/.local/lib/python3.7/site-packages/airflow/example_dags/example_latest_only_with_trigger.py
[2023-04-16T14:23:21.360+0000] {processor.py:743} INFO - Processing file /home/airflow/.local/lib/python3.7/site-packages/airflow/example_dags/example_latest_only_with_trigger.py for tasks to queue
[2023-04-16T14:23:21.361+0000] {logging_mixin.py:137} INFO - [2023-04-16T14:23:21.361+0000] {dagbag.py:532} INFO - Filling up the DagBag from /home/airflow/.local/lib/python3.7/site-packages/airflow/example_dags/example_latest_only_with_trigger.py
[2023-04-16T14:23:21.372+0000] {processor.py:753} INFO - DAG(s) dict_keys(['latest_only_with_trigger']) retrieved from /home/airflow/.local/lib/python3.7/site-packages/airflow/example_dags/example_latest_only_with_trigger.py
[2023-04-16T14:23:21.398+0000] {logging_mixin.py:137} INFO - [2023-04-16T14:23:21.397+0000] {dag.py:2693} INFO - Sync 1 DAGs
[2023-04-16T14:23:21.418+0000] {logging_mixin.py:137} INFO - [2023-04-16T14:23:21.417+0000] {dag.py:3444} INFO - Setting next_dagrun for latest_only_with_trigger to 2023-04-16T10:23:21.417775+00:00, run_after=2023-04-16T14:23:21.417775+00:00
[2023-04-16T14:23:21.433+0000] {processor.py:175} INFO - Processing /home/airflow/.local/lib/python3.7/site-packages/airflow/example_dags/example_latest_only_with_trigger.py took 0.078 seconds
[2023-04-16T14:23:51.885+0000] {processor.py:153} INFO - Started process (PID=257) to work on /home/airflow/.local/lib/python3.7/site-packages/airflow/example_dags/example_latest_only_with_trigger.py
[2023-04-16T14:23:51.886+0000] {processor.py:743} INFO - Processing file /home/airflow/.local/lib/python3.7/site-packages/airflow/example_dags/example_latest_only_with_trigger.py for tasks to queue
[2023-04-16T14:23:51.886+0000] {logging_mixin.py:137} INFO - [2023-04-16T14:23:51.886+0000] {dagbag.py:532} INFO - Filling up the DagBag from /home/airflow/.local/lib/python3.7/site-packages/airflow/example_dags/example_latest_only_with_trigger.py
[2023-04-16T14:23:51.896+0000] {processor.py:753} INFO - DAG(s) dict_keys(['latest_only_with_trigger']) retrieved from /home/airflow/.local/lib/python3.7/site-packages/airflow/example_dags/example_latest_only_with_trigger.py
[2023-04-16T14:23:51.915+0000] {logging_mixin.py:137} INFO - [2023-04-16T14:23:51.915+0000] {dag.py:2693} INFO - Sync 1 DAGs
[2023-04-16T14:23:51.929+0000] {logging_mixin.py:137} INFO - [2023-04-16T14:23:51.929+0000] {dag.py:3444} INFO - Setting next_dagrun for latest_only_with_trigger to 2023-04-16T10:23:51.929430+00:00, run_after=2023-04-16T14:23:51.929430+00:00
[2023-04-16T14:23:51.943+0000] {processor.py:175} INFO - Processing /home/airflow/.local/lib/python3.7/site-packages/airflow/example_dags/example_latest_only_with_trigger.py took 0.061 seconds
[2023-04-16T14:24:22.488+0000] {processor.py:153} INFO - Started process (PID=307) to work on /home/airflow/.local/lib/python3.7/site-packages/airflow/example_dags/example_latest_only_with_trigger.py
[2023-04-16T14:24:22.489+0000] {processor.py:743} INFO - Processing file /home/airflow/.local/lib/python3.7/site-packages/airflow/example_dags/example_latest_only_with_trigger.py for tasks to queue
[2023-04-16T14:24:22.490+0000] {logging_mixin.py:137} INFO - [2023-04-16T14:24:22.490+0000] {dagbag.py:532} INFO - Filling up the DagBag from /home/airflow/.local/lib/python3.7/site-packages/airflow/example_dags/example_latest_only_with_trigger.py
[2023-04-16T14:24:22.501+0000] {processor.py:753} INFO - DAG(s) dict_keys(['latest_only_with_trigger']) retrieved from /home/airflow/.local/lib/python3.7/site-packages/airflow/example_dags/example_latest_only_with_trigger.py
[2023-04-16T14:24:22.525+0000] {logging_mixin.py:137} INFO - [2023-04-16T14:24:22.525+0000] {dag.py:2693} INFO - Sync 1 DAGs
[2023-04-16T14:24:22.542+0000] {logging_mixin.py:137} INFO - [2023-04-16T14:24:22.542+0000] {dag.py:3444} INFO - Setting next_dagrun for latest_only_with_trigger to 2023-04-16T10:24:22.542224+00:00, run_after=2023-04-16T14:24:22.542224+00:00
[2023-04-16T14:24:22.556+0000] {processor.py:175} INFO - Processing /home/airflow/.local/lib/python3.7/site-packages/airflow/example_dags/example_latest_only_with_trigger.py took 0.071 seconds
[2023-04-16T14:24:53.156+0000] {processor.py:153} INFO - Started process (PID=356) to work on /home/airflow/.local/lib/python3.7/site-packages/airflow/example_dags/example_latest_only_with_trigger.py
[2023-04-16T14:24:53.157+0000] {processor.py:743} INFO - Processing file /home/airflow/.local/lib/python3.7/site-packages/airflow/example_dags/example_latest_only_with_trigger.py for tasks to queue
[2023-04-16T14:24:53.158+0000] {logging_mixin.py:137} INFO - [2023-04-16T14:24:53.158+0000] {dagbag.py:532} INFO - Filling up the DagBag from /home/airflow/.local/lib/python3.7/site-packages/airflow/example_dags/example_latest_only_with_trigger.py
[2023-04-16T14:24:53.168+0000] {processor.py:753} INFO - DAG(s) dict_keys(['latest_only_with_trigger']) retrieved from /home/airflow/.local/lib/python3.7/site-packages/airflow/example_dags/example_latest_only_with_trigger.py
[2023-04-16T14:24:53.188+0000] {logging_mixin.py:137} INFO - [2023-04-16T14:24:53.187+0000] {dag.py:2693} INFO - Sync 1 DAGs
[2023-04-16T14:24:53.202+0000] {logging_mixin.py:137} INFO - [2023-04-16T14:24:53.202+0000] {dag.py:3444} INFO - Setting next_dagrun for latest_only_with_trigger to 2023-04-16T10:24:53.202551+00:00, run_after=2023-04-16T14:24:53.202551+00:00
[2023-04-16T14:24:53.214+0000] {processor.py:175} INFO - Processing /home/airflow/.local/lib/python3.7/site-packages/airflow/example_dags/example_latest_only_with_trigger.py took 0.061 seconds
[2023-04-16T14:25:24.059+0000] {processor.py:153} INFO - Started process (PID=405) to work on /home/airflow/.local/lib/python3.7/site-packages/airflow/example_dags/example_latest_only_with_trigger.py
[2023-04-16T14:25:24.061+0000] {processor.py:743} INFO - Processing file /home/airflow/.local/lib/python3.7/site-packages/airflow/example_dags/example_latest_only_with_trigger.py for tasks to queue
[2023-04-16T14:25:24.061+0000] {logging_mixin.py:137} INFO - [2023-04-16T14:25:24.061+0000] {dagbag.py:532} INFO - Filling up the DagBag from /home/airflow/.local/lib/python3.7/site-packages/airflow/example_dags/example_latest_only_with_trigger.py
[2023-04-16T14:25:24.072+0000] {processor.py:753} INFO - DAG(s) dict_keys(['latest_only_with_trigger']) retrieved from /home/airflow/.local/lib/python3.7/site-packages/airflow/example_dags/example_latest_only_with_trigger.py
[2023-04-16T14:25:24.095+0000] {logging_mixin.py:137} INFO - [2023-04-16T14:25:24.095+0000] {dag.py:2693} INFO - Sync 1 DAGs
[2023-04-16T14:25:24.113+0000] {logging_mixin.py:137} INFO - [2023-04-16T14:25:24.113+0000] {dag.py:3444} INFO - Setting next_dagrun for latest_only_with_trigger to 2023-04-16T10:25:24.113312+00:00, run_after=2023-04-16T14:25:24.113312+00:00
[2023-04-16T14:25:24.126+0000] {processor.py:175} INFO - Processing /home/airflow/.local/lib/python3.7/site-packages/airflow/example_dags/example_latest_only_with_trigger.py took 0.069 seconds
[2023-04-16T14:26:16.572+0000] {processor.py:153} INFO - Started process (PID=64) to work on /home/airflow/.local/lib/python3.7/site-packages/airflow/example_dags/example_latest_only_with_trigger.py
[2023-04-16T14:26:16.575+0000] {processor.py:743} INFO - Processing file /home/airflow/.local/lib/python3.7/site-packages/airflow/example_dags/example_latest_only_with_trigger.py for tasks to queue
[2023-04-16T14:26:16.579+0000] {logging_mixin.py:137} INFO - [2023-04-16T14:26:16.578+0000] {dagbag.py:532} INFO - Filling up the DagBag from /home/airflow/.local/lib/python3.7/site-packages/airflow/example_dags/example_latest_only_with_trigger.py
[2023-04-16T14:26:16.610+0000] {processor.py:753} INFO - DAG(s) dict_keys(['latest_only_with_trigger']) retrieved from /home/airflow/.local/lib/python3.7/site-packages/airflow/example_dags/example_latest_only_with_trigger.py
[2023-04-16T14:26:16.651+0000] {logging_mixin.py:137} INFO - [2023-04-16T14:26:16.651+0000] {dag.py:2693} INFO - Sync 1 DAGs
[2023-04-16T14:26:16.692+0000] {logging_mixin.py:137} INFO - [2023-04-16T14:26:16.692+0000] {dag.py:3444} INFO - Setting next_dagrun for latest_only_with_trigger to 2023-04-16T10:26:16.691145+00:00, run_after=2023-04-16T14:26:16.691145+00:00
[2023-04-16T14:26:16.751+0000] {processor.py:175} INFO - Processing /home/airflow/.local/lib/python3.7/site-packages/airflow/example_dags/example_latest_only_with_trigger.py took 0.193 seconds
[2023-04-16T14:26:47.725+0000] {processor.py:153} INFO - Started process (PID=118) to work on /home/airflow/.local/lib/python3.7/site-packages/airflow/example_dags/example_latest_only_with_trigger.py
[2023-04-16T14:26:47.727+0000] {processor.py:743} INFO - Processing file /home/airflow/.local/lib/python3.7/site-packages/airflow/example_dags/example_latest_only_with_trigger.py for tasks to queue
[2023-04-16T14:26:47.728+0000] {logging_mixin.py:137} INFO - [2023-04-16T14:26:47.728+0000] {dagbag.py:532} INFO - Filling up the DagBag from /home/airflow/.local/lib/python3.7/site-packages/airflow/example_dags/example_latest_only_with_trigger.py
[2023-04-16T14:26:47.744+0000] {processor.py:753} INFO - DAG(s) dict_keys(['latest_only_with_trigger']) retrieved from /home/airflow/.local/lib/python3.7/site-packages/airflow/example_dags/example_latest_only_with_trigger.py
[2023-04-16T14:26:47.769+0000] {logging_mixin.py:137} INFO - [2023-04-16T14:26:47.768+0000] {dag.py:2693} INFO - Sync 1 DAGs
[2023-04-16T14:26:47.787+0000] {logging_mixin.py:137} INFO - [2023-04-16T14:26:47.787+0000] {dag.py:3444} INFO - Setting next_dagrun for latest_only_with_trigger to 2023-04-16T10:26:47.787039+00:00, run_after=2023-04-16T14:26:47.787039+00:00
[2023-04-16T14:26:47.798+0000] {processor.py:175} INFO - Processing /home/airflow/.local/lib/python3.7/site-packages/airflow/example_dags/example_latest_only_with_trigger.py took 0.079 seconds
[2023-04-16T14:27:18.541+0000] {processor.py:153} INFO - Started process (PID=168) to work on /home/airflow/.local/lib/python3.7/site-packages/airflow/example_dags/example_latest_only_with_trigger.py
[2023-04-16T14:27:18.543+0000] {processor.py:743} INFO - Processing file /home/airflow/.local/lib/python3.7/site-packages/airflow/example_dags/example_latest_only_with_trigger.py for tasks to queue
[2023-04-16T14:27:18.544+0000] {logging_mixin.py:137} INFO - [2023-04-16T14:27:18.544+0000] {dagbag.py:532} INFO - Filling up the DagBag from /home/airflow/.local/lib/python3.7/site-packages/airflow/example_dags/example_latest_only_with_trigger.py
[2023-04-16T14:27:18.559+0000] {processor.py:753} INFO - DAG(s) dict_keys(['latest_only_with_trigger']) retrieved from /home/airflow/.local/lib/python3.7/site-packages/airflow/example_dags/example_latest_only_with_trigger.py
[2023-04-16T14:27:18.582+0000] {logging_mixin.py:137} INFO - [2023-04-16T14:27:18.582+0000] {dag.py:2693} INFO - Sync 1 DAGs
[2023-04-16T14:27:18.600+0000] {logging_mixin.py:137} INFO - [2023-04-16T14:27:18.600+0000] {dag.py:3444} INFO - Setting next_dagrun for latest_only_with_trigger to 2023-04-16T10:27:18.599949+00:00, run_after=2023-04-16T14:27:18.599949+00:00
[2023-04-16T14:27:18.612+0000] {processor.py:175} INFO - Processing /home/airflow/.local/lib/python3.7/site-packages/airflow/example_dags/example_latest_only_with_trigger.py took 0.076 seconds
[2023-04-16T14:27:49.384+0000] {processor.py:153} INFO - Started process (PID=218) to work on /home/airflow/.local/lib/python3.7/site-packages/airflow/example_dags/example_latest_only_with_trigger.py
[2023-04-16T14:27:49.385+0000] {processor.py:743} INFO - Processing file /home/airflow/.local/lib/python3.7/site-packages/airflow/example_dags/example_latest_only_with_trigger.py for tasks to queue
[2023-04-16T14:27:49.387+0000] {logging_mixin.py:137} INFO - [2023-04-16T14:27:49.386+0000] {dagbag.py:532} INFO - Filling up the DagBag from /home/airflow/.local/lib/python3.7/site-packages/airflow/example_dags/example_latest_only_with_trigger.py
[2023-04-16T14:27:49.402+0000] {processor.py:753} INFO - DAG(s) dict_keys(['latest_only_with_trigger']) retrieved from /home/airflow/.local/lib/python3.7/site-packages/airflow/example_dags/example_latest_only_with_trigger.py
[2023-04-16T14:27:49.426+0000] {logging_mixin.py:137} INFO - [2023-04-16T14:27:49.426+0000] {dag.py:2693} INFO - Sync 1 DAGs
[2023-04-16T14:27:49.443+0000] {logging_mixin.py:137} INFO - [2023-04-16T14:27:49.443+0000] {dag.py:3444} INFO - Setting next_dagrun for latest_only_with_trigger to 2023-04-16T10:27:49.443024+00:00, run_after=2023-04-16T14:27:49.443024+00:00
[2023-04-16T14:27:49.457+0000] {processor.py:175} INFO - Processing /home/airflow/.local/lib/python3.7/site-packages/airflow/example_dags/example_latest_only_with_trigger.py took 0.079 seconds
[2023-04-16T14:28:20.204+0000] {processor.py:153} INFO - Started process (PID=268) to work on /home/airflow/.local/lib/python3.7/site-packages/airflow/example_dags/example_latest_only_with_trigger.py
[2023-04-16T14:28:20.206+0000] {processor.py:743} INFO - Processing file /home/airflow/.local/lib/python3.7/site-packages/airflow/example_dags/example_latest_only_with_trigger.py for tasks to queue
[2023-04-16T14:28:20.207+0000] {logging_mixin.py:137} INFO - [2023-04-16T14:28:20.207+0000] {dagbag.py:532} INFO - Filling up the DagBag from /home/airflow/.local/lib/python3.7/site-packages/airflow/example_dags/example_latest_only_with_trigger.py
[2023-04-16T14:28:20.223+0000] {processor.py:753} INFO - DAG(s) dict_keys(['latest_only_with_trigger']) retrieved from /home/airflow/.local/lib/python3.7/site-packages/airflow/example_dags/example_latest_only_with_trigger.py
[2023-04-16T14:28:20.248+0000] {logging_mixin.py:137} INFO - [2023-04-16T14:28:20.248+0000] {dag.py:2693} INFO - Sync 1 DAGs
[2023-04-16T14:28:20.265+0000] {logging_mixin.py:137} INFO - [2023-04-16T14:28:20.265+0000] {dag.py:3444} INFO - Setting next_dagrun for latest_only_with_trigger to 2023-04-16T10:28:20.265622+00:00, run_after=2023-04-16T14:28:20.265622+00:00
[2023-04-16T14:28:20.280+0000] {processor.py:175} INFO - Processing /home/airflow/.local/lib/python3.7/site-packages/airflow/example_dags/example_latest_only_with_trigger.py took 0.082 seconds
[2023-04-16T14:28:51.121+0000] {processor.py:153} INFO - Started process (PID=319) to work on /home/airflow/.local/lib/python3.7/site-packages/airflow/example_dags/example_latest_only_with_trigger.py
[2023-04-16T14:28:51.123+0000] {processor.py:743} INFO - Processing file /home/airflow/.local/lib/python3.7/site-packages/airflow/example_dags/example_latest_only_with_trigger.py for tasks to queue
[2023-04-16T14:28:51.125+0000] {logging_mixin.py:137} INFO - [2023-04-16T14:28:51.125+0000] {dagbag.py:532} INFO - Filling up the DagBag from /home/airflow/.local/lib/python3.7/site-packages/airflow/example_dags/example_latest_only_with_trigger.py
[2023-04-16T14:28:51.141+0000] {processor.py:753} INFO - DAG(s) dict_keys(['latest_only_with_trigger']) retrieved from /home/airflow/.local/lib/python3.7/site-packages/airflow/example_dags/example_latest_only_with_trigger.py
[2023-04-16T14:28:51.163+0000] {logging_mixin.py:137} INFO - [2023-04-16T14:28:51.163+0000] {dag.py:2693} INFO - Sync 1 DAGs
[2023-04-16T14:28:51.181+0000] {logging_mixin.py:137} INFO - [2023-04-16T14:28:51.181+0000] {dag.py:3444} INFO - Setting next_dagrun for latest_only_with_trigger to 2023-04-16T10:28:51.181161+00:00, run_after=2023-04-16T14:28:51.181161+00:00
[2023-04-16T14:28:51.196+0000] {processor.py:175} INFO - Processing /home/airflow/.local/lib/python3.7/site-packages/airflow/example_dags/example_latest_only_with_trigger.py took 0.079 seconds
[2023-04-16T14:29:21.844+0000] {processor.py:153} INFO - Started process (PID=369) to work on /home/airflow/.local/lib/python3.7/site-packages/airflow/example_dags/example_latest_only_with_trigger.py
[2023-04-16T14:29:21.847+0000] {processor.py:743} INFO - Processing file /home/airflow/.local/lib/python3.7/site-packages/airflow/example_dags/example_latest_only_with_trigger.py for tasks to queue
[2023-04-16T14:29:21.848+0000] {logging_mixin.py:137} INFO - [2023-04-16T14:29:21.848+0000] {dagbag.py:532} INFO - Filling up the DagBag from /home/airflow/.local/lib/python3.7/site-packages/airflow/example_dags/example_latest_only_with_trigger.py
[2023-04-16T14:29:21.868+0000] {processor.py:753} INFO - DAG(s) dict_keys(['latest_only_with_trigger']) retrieved from /home/airflow/.local/lib/python3.7/site-packages/airflow/example_dags/example_latest_only_with_trigger.py
[2023-04-16T14:29:21.896+0000] {logging_mixin.py:137} INFO - [2023-04-16T14:29:21.896+0000] {dag.py:2693} INFO - Sync 1 DAGs
[2023-04-16T14:29:21.917+0000] {logging_mixin.py:137} INFO - [2023-04-16T14:29:21.917+0000] {dag.py:3444} INFO - Setting next_dagrun for latest_only_with_trigger to 2023-04-16T10:29:21.916920+00:00, run_after=2023-04-16T14:29:21.916920+00:00
[2023-04-16T14:29:21.931+0000] {processor.py:175} INFO - Processing /home/airflow/.local/lib/python3.7/site-packages/airflow/example_dags/example_latest_only_with_trigger.py took 0.094 seconds
[2023-04-16T14:30:28.257+0000] {processor.py:153} INFO - Started process (PID=64) to work on /home/airflow/.local/lib/python3.7/site-packages/airflow/example_dags/example_latest_only_with_trigger.py
[2023-04-16T14:30:28.268+0000] {processor.py:743} INFO - Processing file /home/airflow/.local/lib/python3.7/site-packages/airflow/example_dags/example_latest_only_with_trigger.py for tasks to queue
[2023-04-16T14:30:28.271+0000] {logging_mixin.py:137} INFO - [2023-04-16T14:30:28.271+0000] {dagbag.py:532} INFO - Filling up the DagBag from /home/airflow/.local/lib/python3.7/site-packages/airflow/example_dags/example_latest_only_with_trigger.py
[2023-04-16T14:30:28.327+0000] {processor.py:753} INFO - DAG(s) dict_keys(['latest_only_with_trigger']) retrieved from /home/airflow/.local/lib/python3.7/site-packages/airflow/example_dags/example_latest_only_with_trigger.py
[2023-04-16T14:30:28.650+0000] {logging_mixin.py:137} INFO - [2023-04-16T14:30:28.650+0000] {dag.py:2693} INFO - Sync 1 DAGs
[2023-04-16T14:30:28.746+0000] {logging_mixin.py:137} INFO - [2023-04-16T14:30:28.745+0000] {dag.py:3444} INFO - Setting next_dagrun for latest_only_with_trigger to 2023-04-16T10:30:28.743080+00:00, run_after=2023-04-16T14:30:28.743080+00:00
[2023-04-16T14:30:28.841+0000] {processor.py:175} INFO - Processing /home/airflow/.local/lib/python3.7/site-packages/airflow/example_dags/example_latest_only_with_trigger.py took 0.639 seconds
[2023-04-16T14:30:59.193+0000] {processor.py:153} INFO - Started process (PID=118) to work on /home/airflow/.local/lib/python3.7/site-packages/airflow/example_dags/example_latest_only_with_trigger.py
[2023-04-16T14:30:59.195+0000] {processor.py:743} INFO - Processing file /home/airflow/.local/lib/python3.7/site-packages/airflow/example_dags/example_latest_only_with_trigger.py for tasks to queue
[2023-04-16T14:30:59.198+0000] {logging_mixin.py:137} INFO - [2023-04-16T14:30:59.198+0000] {dagbag.py:532} INFO - Filling up the DagBag from /home/airflow/.local/lib/python3.7/site-packages/airflow/example_dags/example_latest_only_with_trigger.py
[2023-04-16T14:30:59.218+0000] {processor.py:753} INFO - DAG(s) dict_keys(['latest_only_with_trigger']) retrieved from /home/airflow/.local/lib/python3.7/site-packages/airflow/example_dags/example_latest_only_with_trigger.py
[2023-04-16T14:30:59.264+0000] {logging_mixin.py:137} INFO - [2023-04-16T14:30:59.264+0000] {dag.py:2693} INFO - Sync 1 DAGs
[2023-04-16T14:30:59.305+0000] {logging_mixin.py:137} INFO - [2023-04-16T14:30:59.305+0000] {dag.py:3444} INFO - Setting next_dagrun for latest_only_with_trigger to 2023-04-16T10:30:59.304660+00:00, run_after=2023-04-16T14:30:59.304660+00:00
[2023-04-16T14:30:59.327+0000] {processor.py:175} INFO - Processing /home/airflow/.local/lib/python3.7/site-packages/airflow/example_dags/example_latest_only_with_trigger.py took 0.139 seconds
[2023-04-16T14:31:29.976+0000] {processor.py:153} INFO - Started process (PID=168) to work on /home/airflow/.local/lib/python3.7/site-packages/airflow/example_dags/example_latest_only_with_trigger.py
[2023-04-16T14:31:29.978+0000] {processor.py:743} INFO - Processing file /home/airflow/.local/lib/python3.7/site-packages/airflow/example_dags/example_latest_only_with_trigger.py for tasks to queue
[2023-04-16T14:31:29.980+0000] {logging_mixin.py:137} INFO - [2023-04-16T14:31:29.980+0000] {dagbag.py:532} INFO - Filling up the DagBag from /home/airflow/.local/lib/python3.7/site-packages/airflow/example_dags/example_latest_only_with_trigger.py
[2023-04-16T14:31:29.994+0000] {processor.py:753} INFO - DAG(s) dict_keys(['latest_only_with_trigger']) retrieved from /home/airflow/.local/lib/python3.7/site-packages/airflow/example_dags/example_latest_only_with_trigger.py
[2023-04-16T14:31:30.016+0000] {logging_mixin.py:137} INFO - [2023-04-16T14:31:30.016+0000] {dag.py:2693} INFO - Sync 1 DAGs
[2023-04-16T14:31:30.033+0000] {logging_mixin.py:137} INFO - [2023-04-16T14:31:30.033+0000] {dag.py:3444} INFO - Setting next_dagrun for latest_only_with_trigger to 2023-04-16T10:31:30.033479+00:00, run_after=2023-04-16T14:31:30.033479+00:00
[2023-04-16T14:31:30.045+0000] {processor.py:175} INFO - Processing /home/airflow/.local/lib/python3.7/site-packages/airflow/example_dags/example_latest_only_with_trigger.py took 0.072 seconds
[2023-04-16T14:32:00.928+0000] {processor.py:153} INFO - Started process (PID=218) to work on /home/airflow/.local/lib/python3.7/site-packages/airflow/example_dags/example_latest_only_with_trigger.py
[2023-04-16T14:32:00.929+0000] {processor.py:743} INFO - Processing file /home/airflow/.local/lib/python3.7/site-packages/airflow/example_dags/example_latest_only_with_trigger.py for tasks to queue
[2023-04-16T14:32:00.930+0000] {logging_mixin.py:137} INFO - [2023-04-16T14:32:00.930+0000] {dagbag.py:532} INFO - Filling up the DagBag from /home/airflow/.local/lib/python3.7/site-packages/airflow/example_dags/example_latest_only_with_trigger.py
[2023-04-16T14:32:00.943+0000] {processor.py:753} INFO - DAG(s) dict_keys(['latest_only_with_trigger']) retrieved from /home/airflow/.local/lib/python3.7/site-packages/airflow/example_dags/example_latest_only_with_trigger.py
[2023-04-16T14:32:00.964+0000] {logging_mixin.py:137} INFO - [2023-04-16T14:32:00.964+0000] {dag.py:2693} INFO - Sync 1 DAGs
[2023-04-16T14:32:00.982+0000] {logging_mixin.py:137} INFO - [2023-04-16T14:32:00.982+0000] {dag.py:3444} INFO - Setting next_dagrun for latest_only_with_trigger to 2023-04-16T10:32:00.982070+00:00, run_after=2023-04-16T14:32:00.982070+00:00
[2023-04-16T14:32:00.994+0000] {processor.py:175} INFO - Processing /home/airflow/.local/lib/python3.7/site-packages/airflow/example_dags/example_latest_only_with_trigger.py took 0.070 seconds
[2023-04-16T14:32:31.543+0000] {processor.py:153} INFO - Started process (PID=268) to work on /home/airflow/.local/lib/python3.7/site-packages/airflow/example_dags/example_latest_only_with_trigger.py
[2023-04-16T14:32:31.552+0000] {processor.py:743} INFO - Processing file /home/airflow/.local/lib/python3.7/site-packages/airflow/example_dags/example_latest_only_with_trigger.py for tasks to queue
[2023-04-16T14:32:31.553+0000] {logging_mixin.py:137} INFO - [2023-04-16T14:32:31.553+0000] {dagbag.py:532} INFO - Filling up the DagBag from /home/airflow/.local/lib/python3.7/site-packages/airflow/example_dags/example_latest_only_with_trigger.py
[2023-04-16T14:32:31.575+0000] {processor.py:753} INFO - DAG(s) dict_keys(['latest_only_with_trigger']) retrieved from /home/airflow/.local/lib/python3.7/site-packages/airflow/example_dags/example_latest_only_with_trigger.py
[2023-04-16T14:32:31.636+0000] {logging_mixin.py:137} INFO - [2023-04-16T14:32:31.636+0000] {dag.py:2693} INFO - Sync 1 DAGs
[2023-04-16T14:32:31.704+0000] {logging_mixin.py:137} INFO - [2023-04-16T14:32:31.703+0000] {dag.py:3444} INFO - Setting next_dagrun for latest_only_with_trigger to 2023-04-16T10:32:31.702374+00:00, run_after=2023-04-16T14:32:31.702374+00:00
[2023-04-16T14:32:31.741+0000] {processor.py:175} INFO - Processing /home/airflow/.local/lib/python3.7/site-packages/airflow/example_dags/example_latest_only_with_trigger.py took 0.203 seconds
[2023-04-16T14:33:11.724+0000] {processor.py:153} INFO - Started process (PID=64) to work on /home/airflow/.local/lib/python3.7/site-packages/airflow/example_dags/example_latest_only_with_trigger.py
[2023-04-16T14:33:11.731+0000] {processor.py:743} INFO - Processing file /home/airflow/.local/lib/python3.7/site-packages/airflow/example_dags/example_latest_only_with_trigger.py for tasks to queue
[2023-04-16T14:33:11.734+0000] {logging_mixin.py:137} INFO - [2023-04-16T14:33:11.734+0000] {dagbag.py:532} INFO - Filling up the DagBag from /home/airflow/.local/lib/python3.7/site-packages/airflow/example_dags/example_latest_only_with_trigger.py
[2023-04-16T14:33:11.764+0000] {processor.py:753} INFO - DAG(s) dict_keys(['latest_only_with_trigger']) retrieved from /home/airflow/.local/lib/python3.7/site-packages/airflow/example_dags/example_latest_only_with_trigger.py
[2023-04-16T14:33:11.811+0000] {logging_mixin.py:137} INFO - [2023-04-16T14:33:11.811+0000] {dag.py:2693} INFO - Sync 1 DAGs
[2023-04-16T14:33:11.847+0000] {logging_mixin.py:137} INFO - [2023-04-16T14:33:11.847+0000] {dag.py:3444} INFO - Setting next_dagrun for latest_only_with_trigger to 2023-04-16T10:33:11.847385+00:00, run_after=2023-04-16T14:33:11.847385+00:00
[2023-04-16T14:33:11.864+0000] {processor.py:175} INFO - Processing /home/airflow/.local/lib/python3.7/site-packages/airflow/example_dags/example_latest_only_with_trigger.py took 0.146 seconds
[2023-04-16T14:33:42.608+0000] {processor.py:153} INFO - Started process (PID=118) to work on /home/airflow/.local/lib/python3.7/site-packages/airflow/example_dags/example_latest_only_with_trigger.py
[2023-04-16T14:33:42.609+0000] {processor.py:743} INFO - Processing file /home/airflow/.local/lib/python3.7/site-packages/airflow/example_dags/example_latest_only_with_trigger.py for tasks to queue
[2023-04-16T14:33:42.610+0000] {logging_mixin.py:137} INFO - [2023-04-16T14:33:42.610+0000] {dagbag.py:532} INFO - Filling up the DagBag from /home/airflow/.local/lib/python3.7/site-packages/airflow/example_dags/example_latest_only_with_trigger.py
[2023-04-16T14:33:42.622+0000] {processor.py:753} INFO - DAG(s) dict_keys(['latest_only_with_trigger']) retrieved from /home/airflow/.local/lib/python3.7/site-packages/airflow/example_dags/example_latest_only_with_trigger.py
[2023-04-16T14:33:42.649+0000] {logging_mixin.py:137} INFO - [2023-04-16T14:33:42.649+0000] {dag.py:2693} INFO - Sync 1 DAGs
[2023-04-16T14:33:42.666+0000] {logging_mixin.py:137} INFO - [2023-04-16T14:33:42.666+0000] {dag.py:3444} INFO - Setting next_dagrun for latest_only_with_trigger to 2023-04-16T10:33:42.665836+00:00, run_after=2023-04-16T14:33:42.665836+00:00
[2023-04-16T14:33:42.678+0000] {processor.py:175} INFO - Processing /home/airflow/.local/lib/python3.7/site-packages/airflow/example_dags/example_latest_only_with_trigger.py took 0.072 seconds
[2023-04-16T14:34:13.166+0000] {processor.py:153} INFO - Started process (PID=172) to work on /home/airflow/.local/lib/python3.7/site-packages/airflow/example_dags/example_latest_only_with_trigger.py
[2023-04-16T14:34:13.167+0000] {processor.py:743} INFO - Processing file /home/airflow/.local/lib/python3.7/site-packages/airflow/example_dags/example_latest_only_with_trigger.py for tasks to queue
[2023-04-16T14:34:13.168+0000] {logging_mixin.py:137} INFO - [2023-04-16T14:34:13.168+0000] {dagbag.py:532} INFO - Filling up the DagBag from /home/airflow/.local/lib/python3.7/site-packages/airflow/example_dags/example_latest_only_with_trigger.py
[2023-04-16T14:34:13.179+0000] {processor.py:753} INFO - DAG(s) dict_keys(['latest_only_with_trigger']) retrieved from /home/airflow/.local/lib/python3.7/site-packages/airflow/example_dags/example_latest_only_with_trigger.py
[2023-04-16T14:34:13.198+0000] {logging_mixin.py:137} INFO - [2023-04-16T14:34:13.198+0000] {dag.py:2693} INFO - Sync 1 DAGs
[2023-04-16T14:34:13.215+0000] {logging_mixin.py:137} INFO - [2023-04-16T14:34:13.215+0000] {dag.py:3444} INFO - Setting next_dagrun for latest_only_with_trigger to 2023-04-16T10:34:13.215041+00:00, run_after=2023-04-16T14:34:13.215041+00:00
[2023-04-16T14:34:13.227+0000] {processor.py:175} INFO - Processing /home/airflow/.local/lib/python3.7/site-packages/airflow/example_dags/example_latest_only_with_trigger.py took 0.063 seconds
[2023-04-16T14:34:43.647+0000] {processor.py:153} INFO - Started process (PID=222) to work on /home/airflow/.local/lib/python3.7/site-packages/airflow/example_dags/example_latest_only_with_trigger.py
[2023-04-16T14:34:43.648+0000] {processor.py:743} INFO - Processing file /home/airflow/.local/lib/python3.7/site-packages/airflow/example_dags/example_latest_only_with_trigger.py for tasks to queue
[2023-04-16T14:34:43.649+0000] {logging_mixin.py:137} INFO - [2023-04-16T14:34:43.648+0000] {dagbag.py:532} INFO - Filling up the DagBag from /home/airflow/.local/lib/python3.7/site-packages/airflow/example_dags/example_latest_only_with_trigger.py
[2023-04-16T14:34:43.659+0000] {processor.py:753} INFO - DAG(s) dict_keys(['latest_only_with_trigger']) retrieved from /home/airflow/.local/lib/python3.7/site-packages/airflow/example_dags/example_latest_only_with_trigger.py
[2023-04-16T14:34:43.678+0000] {logging_mixin.py:137} INFO - [2023-04-16T14:34:43.678+0000] {dag.py:2693} INFO - Sync 1 DAGs
[2023-04-16T14:34:43.694+0000] {logging_mixin.py:137} INFO - [2023-04-16T14:34:43.694+0000] {dag.py:3444} INFO - Setting next_dagrun for latest_only_with_trigger to 2023-04-16T10:34:43.694470+00:00, run_after=2023-04-16T14:34:43.694470+00:00
[2023-04-16T14:34:43.707+0000] {processor.py:175} INFO - Processing /home/airflow/.local/lib/python3.7/site-packages/airflow/example_dags/example_latest_only_with_trigger.py took 0.063 seconds
[2023-04-16T14:35:14.516+0000] {processor.py:153} INFO - Started process (PID=272) to work on /home/airflow/.local/lib/python3.7/site-packages/airflow/example_dags/example_latest_only_with_trigger.py
[2023-04-16T14:35:14.518+0000] {processor.py:743} INFO - Processing file /home/airflow/.local/lib/python3.7/site-packages/airflow/example_dags/example_latest_only_with_trigger.py for tasks to queue
[2023-04-16T14:35:14.519+0000] {logging_mixin.py:137} INFO - [2023-04-16T14:35:14.518+0000] {dagbag.py:532} INFO - Filling up the DagBag from /home/airflow/.local/lib/python3.7/site-packages/airflow/example_dags/example_latest_only_with_trigger.py
[2023-04-16T14:35:14.528+0000] {processor.py:753} INFO - DAG(s) dict_keys(['latest_only_with_trigger']) retrieved from /home/airflow/.local/lib/python3.7/site-packages/airflow/example_dags/example_latest_only_with_trigger.py
[2023-04-16T14:35:14.547+0000] {logging_mixin.py:137} INFO - [2023-04-16T14:35:14.547+0000] {dag.py:2693} INFO - Sync 1 DAGs
[2023-04-16T14:35:14.563+0000] {logging_mixin.py:137} INFO - [2023-04-16T14:35:14.563+0000] {dag.py:3444} INFO - Setting next_dagrun for latest_only_with_trigger to 2023-04-16T10:35:14.563482+00:00, run_after=2023-04-16T14:35:14.563482+00:00
[2023-04-16T14:35:14.575+0000] {processor.py:175} INFO - Processing /home/airflow/.local/lib/python3.7/site-packages/airflow/example_dags/example_latest_only_with_trigger.py took 0.062 seconds
[2023-04-16T14:35:44.814+0000] {processor.py:153} INFO - Started process (PID=322) to work on /home/airflow/.local/lib/python3.7/site-packages/airflow/example_dags/example_latest_only_with_trigger.py
[2023-04-16T14:35:44.816+0000] {processor.py:743} INFO - Processing file /home/airflow/.local/lib/python3.7/site-packages/airflow/example_dags/example_latest_only_with_trigger.py for tasks to queue
[2023-04-16T14:35:44.817+0000] {logging_mixin.py:137} INFO - [2023-04-16T14:35:44.817+0000] {dagbag.py:532} INFO - Filling up the DagBag from /home/airflow/.local/lib/python3.7/site-packages/airflow/example_dags/example_latest_only_with_trigger.py
[2023-04-16T14:35:44.829+0000] {processor.py:753} INFO - DAG(s) dict_keys(['latest_only_with_trigger']) retrieved from /home/airflow/.local/lib/python3.7/site-packages/airflow/example_dags/example_latest_only_with_trigger.py
[2023-04-16T14:35:44.850+0000] {logging_mixin.py:137} INFO - [2023-04-16T14:35:44.850+0000] {dag.py:2693} INFO - Sync 1 DAGs
[2023-04-16T14:35:44.875+0000] {logging_mixin.py:137} INFO - [2023-04-16T14:35:44.875+0000] {dag.py:3444} INFO - Setting next_dagrun for latest_only_with_trigger to 2023-04-16T10:35:44.874537+00:00, run_after=2023-04-16T14:35:44.874537+00:00
[2023-04-16T14:35:44.892+0000] {processor.py:175} INFO - Processing /home/airflow/.local/lib/python3.7/site-packages/airflow/example_dags/example_latest_only_with_trigger.py took 0.082 seconds
[2023-04-16T14:36:15.429+0000] {processor.py:153} INFO - Started process (PID=372) to work on /home/airflow/.local/lib/python3.7/site-packages/airflow/example_dags/example_latest_only_with_trigger.py
[2023-04-16T14:36:15.430+0000] {processor.py:743} INFO - Processing file /home/airflow/.local/lib/python3.7/site-packages/airflow/example_dags/example_latest_only_with_trigger.py for tasks to queue
[2023-04-16T14:36:15.431+0000] {logging_mixin.py:137} INFO - [2023-04-16T14:36:15.431+0000] {dagbag.py:532} INFO - Filling up the DagBag from /home/airflow/.local/lib/python3.7/site-packages/airflow/example_dags/example_latest_only_with_trigger.py
[2023-04-16T14:36:15.441+0000] {processor.py:753} INFO - DAG(s) dict_keys(['latest_only_with_trigger']) retrieved from /home/airflow/.local/lib/python3.7/site-packages/airflow/example_dags/example_latest_only_with_trigger.py
[2023-04-16T14:36:15.463+0000] {logging_mixin.py:137} INFO - [2023-04-16T14:36:15.463+0000] {dag.py:2693} INFO - Sync 1 DAGs
[2023-04-16T14:36:15.486+0000] {logging_mixin.py:137} INFO - [2023-04-16T14:36:15.486+0000] {dag.py:3444} INFO - Setting next_dagrun for latest_only_with_trigger to 2023-04-16T10:36:15.486223+00:00, run_after=2023-04-16T14:36:15.486223+00:00
[2023-04-16T14:36:15.505+0000] {processor.py:175} INFO - Processing /home/airflow/.local/lib/python3.7/site-packages/airflow/example_dags/example_latest_only_with_trigger.py took 0.079 seconds
[2023-04-16T14:37:24.363+0000] {processor.py:153} INFO - Started process (PID=64) to work on /home/airflow/.local/lib/python3.7/site-packages/airflow/example_dags/example_latest_only_with_trigger.py
[2023-04-16T14:37:24.368+0000] {processor.py:743} INFO - Processing file /home/airflow/.local/lib/python3.7/site-packages/airflow/example_dags/example_latest_only_with_trigger.py for tasks to queue
[2023-04-16T14:37:24.370+0000] {logging_mixin.py:137} INFO - [2023-04-16T14:37:24.369+0000] {dagbag.py:532} INFO - Filling up the DagBag from /home/airflow/.local/lib/python3.7/site-packages/airflow/example_dags/example_latest_only_with_trigger.py
[2023-04-16T14:37:24.397+0000] {processor.py:753} INFO - DAG(s) dict_keys(['latest_only_with_trigger']) retrieved from /home/airflow/.local/lib/python3.7/site-packages/airflow/example_dags/example_latest_only_with_trigger.py
[2023-04-16T14:37:24.441+0000] {logging_mixin.py:137} INFO - [2023-04-16T14:37:24.441+0000] {dag.py:2693} INFO - Sync 1 DAGs
[2023-04-16T14:37:24.490+0000] {logging_mixin.py:137} INFO - [2023-04-16T14:37:24.490+0000] {dag.py:3444} INFO - Setting next_dagrun for latest_only_with_trigger to 2023-04-16T10:37:24.489773+00:00, run_after=2023-04-16T14:37:24.489773+00:00
[2023-04-16T14:37:24.516+0000] {processor.py:175} INFO - Processing /home/airflow/.local/lib/python3.7/site-packages/airflow/example_dags/example_latest_only_with_trigger.py took 0.164 seconds
[2023-04-16T14:37:54.931+0000] {processor.py:153} INFO - Started process (PID=119) to work on /home/airflow/.local/lib/python3.7/site-packages/airflow/example_dags/example_latest_only_with_trigger.py
[2023-04-16T14:37:54.932+0000] {processor.py:743} INFO - Processing file /home/airflow/.local/lib/python3.7/site-packages/airflow/example_dags/example_latest_only_with_trigger.py for tasks to queue
[2023-04-16T14:37:54.933+0000] {logging_mixin.py:137} INFO - [2023-04-16T14:37:54.933+0000] {dagbag.py:532} INFO - Filling up the DagBag from /home/airflow/.local/lib/python3.7/site-packages/airflow/example_dags/example_latest_only_with_trigger.py
[2023-04-16T14:37:54.943+0000] {processor.py:753} INFO - DAG(s) dict_keys(['latest_only_with_trigger']) retrieved from /home/airflow/.local/lib/python3.7/site-packages/airflow/example_dags/example_latest_only_with_trigger.py
[2023-04-16T14:37:54.963+0000] {logging_mixin.py:137} INFO - [2023-04-16T14:37:54.963+0000] {dag.py:2693} INFO - Sync 1 DAGs
[2023-04-16T14:37:54.979+0000] {logging_mixin.py:137} INFO - [2023-04-16T14:37:54.979+0000] {dag.py:3444} INFO - Setting next_dagrun for latest_only_with_trigger to 2023-04-16T10:37:54.979266+00:00, run_after=2023-04-16T14:37:54.979266+00:00
[2023-04-16T14:37:54.992+0000] {processor.py:175} INFO - Processing /home/airflow/.local/lib/python3.7/site-packages/airflow/example_dags/example_latest_only_with_trigger.py took 0.063 seconds
[2023-04-16T14:38:59.622+0000] {processor.py:153} INFO - Started process (PID=64) to work on /home/airflow/.local/lib/python3.7/site-packages/airflow/example_dags/example_latest_only_with_trigger.py
[2023-04-16T14:38:59.624+0000] {processor.py:743} INFO - Processing file /home/airflow/.local/lib/python3.7/site-packages/airflow/example_dags/example_latest_only_with_trigger.py for tasks to queue
[2023-04-16T14:38:59.625+0000] {logging_mixin.py:137} INFO - [2023-04-16T14:38:59.625+0000] {dagbag.py:532} INFO - Filling up the DagBag from /home/airflow/.local/lib/python3.7/site-packages/airflow/example_dags/example_latest_only_with_trigger.py
[2023-04-16T14:38:59.653+0000] {processor.py:753} INFO - DAG(s) dict_keys(['latest_only_with_trigger']) retrieved from /home/airflow/.local/lib/python3.7/site-packages/airflow/example_dags/example_latest_only_with_trigger.py
[2023-04-16T14:38:59.677+0000] {logging_mixin.py:137} INFO - [2023-04-16T14:38:59.676+0000] {dag.py:2693} INFO - Sync 1 DAGs
[2023-04-16T14:38:59.717+0000] {logging_mixin.py:137} INFO - [2023-04-16T14:38:59.717+0000] {dag.py:3444} INFO - Setting next_dagrun for latest_only_with_trigger to 2023-04-16T10:38:59.717218+00:00, run_after=2023-04-16T14:38:59.717218+00:00
[2023-04-16T14:38:59.737+0000] {processor.py:175} INFO - Processing /home/airflow/.local/lib/python3.7/site-packages/airflow/example_dags/example_latest_only_with_trigger.py took 0.119 seconds
[2023-04-16T14:39:29.800+0000] {processor.py:153} INFO - Started process (PID=118) to work on /home/airflow/.local/lib/python3.7/site-packages/airflow/example_dags/example_latest_only_with_trigger.py
[2023-04-16T14:39:29.801+0000] {processor.py:743} INFO - Processing file /home/airflow/.local/lib/python3.7/site-packages/airflow/example_dags/example_latest_only_with_trigger.py for tasks to queue
[2023-04-16T14:39:29.802+0000] {logging_mixin.py:137} INFO - [2023-04-16T14:39:29.802+0000] {dagbag.py:532} INFO - Filling up the DagBag from /home/airflow/.local/lib/python3.7/site-packages/airflow/example_dags/example_latest_only_with_trigger.py
[2023-04-16T14:39:29.812+0000] {processor.py:753} INFO - DAG(s) dict_keys(['latest_only_with_trigger']) retrieved from /home/airflow/.local/lib/python3.7/site-packages/airflow/example_dags/example_latest_only_with_trigger.py
[2023-04-16T14:39:29.832+0000] {logging_mixin.py:137} INFO - [2023-04-16T14:39:29.832+0000] {dag.py:2693} INFO - Sync 1 DAGs
[2023-04-16T14:39:29.848+0000] {logging_mixin.py:137} INFO - [2023-04-16T14:39:29.848+0000] {dag.py:3444} INFO - Setting next_dagrun for latest_only_with_trigger to 2023-04-16T10:39:29.848274+00:00, run_after=2023-04-16T14:39:29.848274+00:00
[2023-04-16T14:39:29.859+0000] {processor.py:175} INFO - Processing /home/airflow/.local/lib/python3.7/site-packages/airflow/example_dags/example_latest_only_with_trigger.py took 0.062 seconds
[2023-04-16T14:40:00.404+0000] {processor.py:153} INFO - Started process (PID=167) to work on /home/airflow/.local/lib/python3.7/site-packages/airflow/example_dags/example_latest_only_with_trigger.py
[2023-04-16T14:40:00.405+0000] {processor.py:743} INFO - Processing file /home/airflow/.local/lib/python3.7/site-packages/airflow/example_dags/example_latest_only_with_trigger.py for tasks to queue
[2023-04-16T14:40:00.406+0000] {logging_mixin.py:137} INFO - [2023-04-16T14:40:00.406+0000] {dagbag.py:532} INFO - Filling up the DagBag from /home/airflow/.local/lib/python3.7/site-packages/airflow/example_dags/example_latest_only_with_trigger.py
[2023-04-16T14:40:00.415+0000] {processor.py:753} INFO - DAG(s) dict_keys(['latest_only_with_trigger']) retrieved from /home/airflow/.local/lib/python3.7/site-packages/airflow/example_dags/example_latest_only_with_trigger.py
[2023-04-16T14:40:00.434+0000] {logging_mixin.py:137} INFO - [2023-04-16T14:40:00.434+0000] {dag.py:2693} INFO - Sync 1 DAGs
[2023-04-16T14:40:00.448+0000] {logging_mixin.py:137} INFO - [2023-04-16T14:40:00.448+0000] {dag.py:3444} INFO - Setting next_dagrun for latest_only_with_trigger to 2023-04-16T10:40:00.448211+00:00, run_after=2023-04-16T14:40:00.448211+00:00
[2023-04-16T14:40:00.459+0000] {processor.py:175} INFO - Processing /home/airflow/.local/lib/python3.7/site-packages/airflow/example_dags/example_latest_only_with_trigger.py took 0.057 seconds
[2023-04-16T14:40:30.965+0000] {processor.py:153} INFO - Started process (PID=217) to work on /home/airflow/.local/lib/python3.7/site-packages/airflow/example_dags/example_latest_only_with_trigger.py
[2023-04-16T14:40:30.966+0000] {processor.py:743} INFO - Processing file /home/airflow/.local/lib/python3.7/site-packages/airflow/example_dags/example_latest_only_with_trigger.py for tasks to queue
[2023-04-16T14:40:30.967+0000] {logging_mixin.py:137} INFO - [2023-04-16T14:40:30.967+0000] {dagbag.py:532} INFO - Filling up the DagBag from /home/airflow/.local/lib/python3.7/site-packages/airflow/example_dags/example_latest_only_with_trigger.py
[2023-04-16T14:40:30.977+0000] {processor.py:753} INFO - DAG(s) dict_keys(['latest_only_with_trigger']) retrieved from /home/airflow/.local/lib/python3.7/site-packages/airflow/example_dags/example_latest_only_with_trigger.py
[2023-04-16T14:40:30.998+0000] {logging_mixin.py:137} INFO - [2023-04-16T14:40:30.998+0000] {dag.py:2693} INFO - Sync 1 DAGs
[2023-04-16T14:40:31.015+0000] {logging_mixin.py:137} INFO - [2023-04-16T14:40:31.015+0000] {dag.py:3444} INFO - Setting next_dagrun for latest_only_with_trigger to 2023-04-16T10:40:31.015197+00:00, run_after=2023-04-16T14:40:31.015197+00:00
[2023-04-16T14:40:31.027+0000] {processor.py:175} INFO - Processing /home/airflow/.local/lib/python3.7/site-packages/airflow/example_dags/example_latest_only_with_trigger.py took 0.065 seconds
[2023-04-16T14:41:01.609+0000] {processor.py:153} INFO - Started process (PID=267) to work on /home/airflow/.local/lib/python3.7/site-packages/airflow/example_dags/example_latest_only_with_trigger.py
[2023-04-16T14:41:01.611+0000] {processor.py:743} INFO - Processing file /home/airflow/.local/lib/python3.7/site-packages/airflow/example_dags/example_latest_only_with_trigger.py for tasks to queue
[2023-04-16T14:41:01.612+0000] {logging_mixin.py:137} INFO - [2023-04-16T14:41:01.612+0000] {dagbag.py:532} INFO - Filling up the DagBag from /home/airflow/.local/lib/python3.7/site-packages/airflow/example_dags/example_latest_only_with_trigger.py
[2023-04-16T14:41:01.622+0000] {processor.py:753} INFO - DAG(s) dict_keys(['latest_only_with_trigger']) retrieved from /home/airflow/.local/lib/python3.7/site-packages/airflow/example_dags/example_latest_only_with_trigger.py
[2023-04-16T14:41:01.643+0000] {logging_mixin.py:137} INFO - [2023-04-16T14:41:01.642+0000] {dag.py:2693} INFO - Sync 1 DAGs
[2023-04-16T14:41:01.658+0000] {logging_mixin.py:137} INFO - [2023-04-16T14:41:01.658+0000] {dag.py:3444} INFO - Setting next_dagrun for latest_only_with_trigger to 2023-04-16T10:41:01.658632+00:00, run_after=2023-04-16T14:41:01.658632+00:00
[2023-04-16T14:41:01.670+0000] {processor.py:175} INFO - Processing /home/airflow/.local/lib/python3.7/site-packages/airflow/example_dags/example_latest_only_with_trigger.py took 0.063 seconds
[2023-04-16T14:41:32.838+0000] {processor.py:153} INFO - Started process (PID=317) to work on /home/airflow/.local/lib/python3.7/site-packages/airflow/example_dags/example_latest_only_with_trigger.py
[2023-04-16T14:41:32.841+0000] {processor.py:743} INFO - Processing file /home/airflow/.local/lib/python3.7/site-packages/airflow/example_dags/example_latest_only_with_trigger.py for tasks to queue
[2023-04-16T14:41:32.842+0000] {logging_mixin.py:137} INFO - [2023-04-16T14:41:32.842+0000] {dagbag.py:532} INFO - Filling up the DagBag from /home/airflow/.local/lib/python3.7/site-packages/airflow/example_dags/example_latest_only_with_trigger.py
[2023-04-16T14:41:32.869+0000] {processor.py:753} INFO - DAG(s) dict_keys(['latest_only_with_trigger']) retrieved from /home/airflow/.local/lib/python3.7/site-packages/airflow/example_dags/example_latest_only_with_trigger.py
[2023-04-16T14:41:32.898+0000] {logging_mixin.py:137} INFO - [2023-04-16T14:41:32.898+0000] {dag.py:2693} INFO - Sync 1 DAGs
[2023-04-16T14:41:32.916+0000] {logging_mixin.py:137} INFO - [2023-04-16T14:41:32.916+0000] {dag.py:3444} INFO - Setting next_dagrun for latest_only_with_trigger to 2023-04-16T10:41:32.916300+00:00, run_after=2023-04-16T14:41:32.916300+00:00
[2023-04-16T14:41:32.927+0000] {processor.py:175} INFO - Processing /home/airflow/.local/lib/python3.7/site-packages/airflow/example_dags/example_latest_only_with_trigger.py took 0.095 seconds
[2023-04-16T14:42:03.040+0000] {processor.py:153} INFO - Started process (PID=367) to work on /home/airflow/.local/lib/python3.7/site-packages/airflow/example_dags/example_latest_only_with_trigger.py
[2023-04-16T14:42:03.041+0000] {processor.py:743} INFO - Processing file /home/airflow/.local/lib/python3.7/site-packages/airflow/example_dags/example_latest_only_with_trigger.py for tasks to queue
[2023-04-16T14:42:03.042+0000] {logging_mixin.py:137} INFO - [2023-04-16T14:42:03.042+0000] {dagbag.py:532} INFO - Filling up the DagBag from /home/airflow/.local/lib/python3.7/site-packages/airflow/example_dags/example_latest_only_with_trigger.py
[2023-04-16T14:42:03.053+0000] {processor.py:753} INFO - DAG(s) dict_keys(['latest_only_with_trigger']) retrieved from /home/airflow/.local/lib/python3.7/site-packages/airflow/example_dags/example_latest_only_with_trigger.py
[2023-04-16T14:42:03.073+0000] {logging_mixin.py:137} INFO - [2023-04-16T14:42:03.073+0000] {dag.py:2693} INFO - Sync 1 DAGs
[2023-04-16T14:42:03.093+0000] {logging_mixin.py:137} INFO - [2023-04-16T14:42:03.093+0000] {dag.py:3444} INFO - Setting next_dagrun for latest_only_with_trigger to 2023-04-16T10:42:03.092903+00:00, run_after=2023-04-16T14:42:03.092903+00:00
[2023-04-16T14:42:03.107+0000] {processor.py:175} INFO - Processing /home/airflow/.local/lib/python3.7/site-packages/airflow/example_dags/example_latest_only_with_trigger.py took 0.071 seconds
[2023-04-16T14:43:12.370+0000] {processor.py:153} INFO - Started process (PID=63) to work on /home/airflow/.local/lib/python3.7/site-packages/airflow/example_dags/example_latest_only_with_trigger.py
[2023-04-16T14:43:12.371+0000] {processor.py:743} INFO - Processing file /home/airflow/.local/lib/python3.7/site-packages/airflow/example_dags/example_latest_only_with_trigger.py for tasks to queue
[2023-04-16T14:43:12.372+0000] {logging_mixin.py:137} INFO - [2023-04-16T14:43:12.372+0000] {dagbag.py:532} INFO - Filling up the DagBag from /home/airflow/.local/lib/python3.7/site-packages/airflow/example_dags/example_latest_only_with_trigger.py
[2023-04-16T14:43:12.382+0000] {processor.py:753} INFO - DAG(s) dict_keys(['latest_only_with_trigger']) retrieved from /home/airflow/.local/lib/python3.7/site-packages/airflow/example_dags/example_latest_only_with_trigger.py
[2023-04-16T14:43:12.399+0000] {logging_mixin.py:137} INFO - [2023-04-16T14:43:12.399+0000] {dag.py:2693} INFO - Sync 1 DAGs
[2023-04-16T14:43:12.432+0000] {logging_mixin.py:137} INFO - [2023-04-16T14:43:12.432+0000] {dag.py:3444} INFO - Setting next_dagrun for latest_only_with_trigger to 2023-04-16T10:43:12.431799+00:00, run_after=2023-04-16T14:43:12.431799+00:00
[2023-04-16T14:43:12.461+0000] {processor.py:175} INFO - Processing /home/airflow/.local/lib/python3.7/site-packages/airflow/example_dags/example_latest_only_with_trigger.py took 0.094 seconds
[2023-04-16T14:43:43.392+0000] {processor.py:153} INFO - Started process (PID=113) to work on /home/airflow/.local/lib/python3.7/site-packages/airflow/example_dags/example_latest_only_with_trigger.py
[2023-04-16T14:43:43.393+0000] {processor.py:743} INFO - Processing file /home/airflow/.local/lib/python3.7/site-packages/airflow/example_dags/example_latest_only_with_trigger.py for tasks to queue
[2023-04-16T14:43:43.395+0000] {logging_mixin.py:137} INFO - [2023-04-16T14:43:43.394+0000] {dagbag.py:532} INFO - Filling up the DagBag from /home/airflow/.local/lib/python3.7/site-packages/airflow/example_dags/example_latest_only_with_trigger.py
[2023-04-16T14:43:43.408+0000] {processor.py:753} INFO - DAG(s) dict_keys(['latest_only_with_trigger']) retrieved from /home/airflow/.local/lib/python3.7/site-packages/airflow/example_dags/example_latest_only_with_trigger.py
[2023-04-16T14:43:43.429+0000] {logging_mixin.py:137} INFO - [2023-04-16T14:43:43.429+0000] {dag.py:2693} INFO - Sync 1 DAGs
[2023-04-16T14:43:43.445+0000] {logging_mixin.py:137} INFO - [2023-04-16T14:43:43.445+0000] {dag.py:3444} INFO - Setting next_dagrun for latest_only_with_trigger to 2023-04-16T10:43:43.445331+00:00, run_after=2023-04-16T14:43:43.445331+00:00
[2023-04-16T14:43:43.458+0000] {processor.py:175} INFO - Processing /home/airflow/.local/lib/python3.7/site-packages/airflow/example_dags/example_latest_only_with_trigger.py took 0.068 seconds
[2023-04-16T14:44:13.992+0000] {processor.py:153} INFO - Started process (PID=163) to work on /home/airflow/.local/lib/python3.7/site-packages/airflow/example_dags/example_latest_only_with_trigger.py
[2023-04-16T14:44:13.993+0000] {processor.py:743} INFO - Processing file /home/airflow/.local/lib/python3.7/site-packages/airflow/example_dags/example_latest_only_with_trigger.py for tasks to queue
[2023-04-16T14:44:13.994+0000] {logging_mixin.py:137} INFO - [2023-04-16T14:44:13.994+0000] {dagbag.py:532} INFO - Filling up the DagBag from /home/airflow/.local/lib/python3.7/site-packages/airflow/example_dags/example_latest_only_with_trigger.py
[2023-04-16T14:44:14.005+0000] {processor.py:753} INFO - DAG(s) dict_keys(['latest_only_with_trigger']) retrieved from /home/airflow/.local/lib/python3.7/site-packages/airflow/example_dags/example_latest_only_with_trigger.py
[2023-04-16T14:44:14.024+0000] {logging_mixin.py:137} INFO - [2023-04-16T14:44:14.023+0000] {dag.py:2693} INFO - Sync 1 DAGs
[2023-04-16T14:44:14.038+0000] {logging_mixin.py:137} INFO - [2023-04-16T14:44:14.038+0000] {dag.py:3444} INFO - Setting next_dagrun for latest_only_with_trigger to 2023-04-16T10:44:14.038521+00:00, run_after=2023-04-16T14:44:14.038521+00:00
[2023-04-16T14:44:14.049+0000] {processor.py:175} INFO - Processing /home/airflow/.local/lib/python3.7/site-packages/airflow/example_dags/example_latest_only_with_trigger.py took 0.060 seconds
[2023-04-16T14:44:45.001+0000] {processor.py:153} INFO - Started process (PID=213) to work on /home/airflow/.local/lib/python3.7/site-packages/airflow/example_dags/example_latest_only_with_trigger.py
[2023-04-16T14:44:45.002+0000] {processor.py:743} INFO - Processing file /home/airflow/.local/lib/python3.7/site-packages/airflow/example_dags/example_latest_only_with_trigger.py for tasks to queue
[2023-04-16T14:44:45.003+0000] {logging_mixin.py:137} INFO - [2023-04-16T14:44:45.003+0000] {dagbag.py:532} INFO - Filling up the DagBag from /home/airflow/.local/lib/python3.7/site-packages/airflow/example_dags/example_latest_only_with_trigger.py
[2023-04-16T14:44:45.013+0000] {processor.py:753} INFO - DAG(s) dict_keys(['latest_only_with_trigger']) retrieved from /home/airflow/.local/lib/python3.7/site-packages/airflow/example_dags/example_latest_only_with_trigger.py
[2023-04-16T14:44:45.036+0000] {logging_mixin.py:137} INFO - [2023-04-16T14:44:45.036+0000] {dag.py:2693} INFO - Sync 1 DAGs
[2023-04-16T14:44:45.055+0000] {logging_mixin.py:137} INFO - [2023-04-16T14:44:45.055+0000] {dag.py:3444} INFO - Setting next_dagrun for latest_only_with_trigger to 2023-04-16T10:44:45.054917+00:00, run_after=2023-04-16T14:44:45.054917+00:00
[2023-04-16T14:44:45.067+0000] {processor.py:175} INFO - Processing /home/airflow/.local/lib/python3.7/site-packages/airflow/example_dags/example_latest_only_with_trigger.py took 0.068 seconds
[2023-04-16T14:45:15.928+0000] {processor.py:153} INFO - Started process (PID=263) to work on /home/airflow/.local/lib/python3.7/site-packages/airflow/example_dags/example_latest_only_with_trigger.py
[2023-04-16T14:45:15.930+0000] {processor.py:743} INFO - Processing file /home/airflow/.local/lib/python3.7/site-packages/airflow/example_dags/example_latest_only_with_trigger.py for tasks to queue
[2023-04-16T14:45:15.931+0000] {logging_mixin.py:137} INFO - [2023-04-16T14:45:15.930+0000] {dagbag.py:532} INFO - Filling up the DagBag from /home/airflow/.local/lib/python3.7/site-packages/airflow/example_dags/example_latest_only_with_trigger.py
[2023-04-16T14:45:15.940+0000] {processor.py:753} INFO - DAG(s) dict_keys(['latest_only_with_trigger']) retrieved from /home/airflow/.local/lib/python3.7/site-packages/airflow/example_dags/example_latest_only_with_trigger.py
[2023-04-16T14:45:15.959+0000] {logging_mixin.py:137} INFO - [2023-04-16T14:45:15.959+0000] {dag.py:2693} INFO - Sync 1 DAGs
[2023-04-16T14:45:15.974+0000] {logging_mixin.py:137} INFO - [2023-04-16T14:45:15.974+0000] {dag.py:3444} INFO - Setting next_dagrun for latest_only_with_trigger to 2023-04-16T10:45:15.974277+00:00, run_after=2023-04-16T14:45:15.974277+00:00
[2023-04-16T14:45:15.984+0000] {processor.py:175} INFO - Processing /home/airflow/.local/lib/python3.7/site-packages/airflow/example_dags/example_latest_only_with_trigger.py took 0.059 seconds
[2023-04-16T14:46:28.670+0000] {processor.py:153} INFO - Started process (PID=64) to work on /home/airflow/.local/lib/python3.7/site-packages/airflow/example_dags/example_latest_only_with_trigger.py
[2023-04-16T14:46:28.673+0000] {processor.py:743} INFO - Processing file /home/airflow/.local/lib/python3.7/site-packages/airflow/example_dags/example_latest_only_with_trigger.py for tasks to queue
[2023-04-16T14:46:28.674+0000] {logging_mixin.py:137} INFO - [2023-04-16T14:46:28.674+0000] {dagbag.py:532} INFO - Filling up the DagBag from /home/airflow/.local/lib/python3.7/site-packages/airflow/example_dags/example_latest_only_with_trigger.py
[2023-04-16T14:46:28.694+0000] {processor.py:753} INFO - DAG(s) dict_keys(['latest_only_with_trigger']) retrieved from /home/airflow/.local/lib/python3.7/site-packages/airflow/example_dags/example_latest_only_with_trigger.py
[2023-04-16T14:46:28.734+0000] {logging_mixin.py:137} INFO - [2023-04-16T14:46:28.734+0000] {dag.py:2693} INFO - Sync 1 DAGs
[2023-04-16T14:46:28.771+0000] {logging_mixin.py:137} INFO - [2023-04-16T14:46:28.771+0000] {dag.py:3444} INFO - Setting next_dagrun for latest_only_with_trigger to 2023-04-16T10:46:28.770602+00:00, run_after=2023-04-16T14:46:28.770602+00:00
[2023-04-16T14:46:28.810+0000] {processor.py:175} INFO - Processing /home/airflow/.local/lib/python3.7/site-packages/airflow/example_dags/example_latest_only_with_trigger.py took 0.144 seconds
[2023-04-16T14:46:59.676+0000] {processor.py:153} INFO - Started process (PID=118) to work on /home/airflow/.local/lib/python3.7/site-packages/airflow/example_dags/example_latest_only_with_trigger.py
[2023-04-16T14:46:59.677+0000] {processor.py:743} INFO - Processing file /home/airflow/.local/lib/python3.7/site-packages/airflow/example_dags/example_latest_only_with_trigger.py for tasks to queue
[2023-04-16T14:46:59.678+0000] {logging_mixin.py:137} INFO - [2023-04-16T14:46:59.678+0000] {dagbag.py:532} INFO - Filling up the DagBag from /home/airflow/.local/lib/python3.7/site-packages/airflow/example_dags/example_latest_only_with_trigger.py
[2023-04-16T14:46:59.688+0000] {processor.py:753} INFO - DAG(s) dict_keys(['latest_only_with_trigger']) retrieved from /home/airflow/.local/lib/python3.7/site-packages/airflow/example_dags/example_latest_only_with_trigger.py
[2023-04-16T14:46:59.708+0000] {logging_mixin.py:137} INFO - [2023-04-16T14:46:59.708+0000] {dag.py:2693} INFO - Sync 1 DAGs
[2023-04-16T14:46:59.726+0000] {logging_mixin.py:137} INFO - [2023-04-16T14:46:59.726+0000] {dag.py:3444} INFO - Setting next_dagrun for latest_only_with_trigger to 2023-04-16T10:46:59.725760+00:00, run_after=2023-04-16T14:46:59.725760+00:00
[2023-04-16T14:46:59.738+0000] {processor.py:175} INFO - Processing /home/airflow/.local/lib/python3.7/site-packages/airflow/example_dags/example_latest_only_with_trigger.py took 0.065 seconds
[2023-04-16T14:47:30.158+0000] {processor.py:153} INFO - Started process (PID=168) to work on /home/airflow/.local/lib/python3.7/site-packages/airflow/example_dags/example_latest_only_with_trigger.py
[2023-04-16T14:47:30.159+0000] {processor.py:743} INFO - Processing file /home/airflow/.local/lib/python3.7/site-packages/airflow/example_dags/example_latest_only_with_trigger.py for tasks to queue
[2023-04-16T14:47:30.160+0000] {logging_mixin.py:137} INFO - [2023-04-16T14:47:30.160+0000] {dagbag.py:532} INFO - Filling up the DagBag from /home/airflow/.local/lib/python3.7/site-packages/airflow/example_dags/example_latest_only_with_trigger.py
[2023-04-16T14:47:30.170+0000] {processor.py:753} INFO - DAG(s) dict_keys(['latest_only_with_trigger']) retrieved from /home/airflow/.local/lib/python3.7/site-packages/airflow/example_dags/example_latest_only_with_trigger.py
[2023-04-16T14:47:30.190+0000] {logging_mixin.py:137} INFO - [2023-04-16T14:47:30.190+0000] {dag.py:2693} INFO - Sync 1 DAGs
[2023-04-16T14:47:30.206+0000] {logging_mixin.py:137} INFO - [2023-04-16T14:47:30.206+0000] {dag.py:3444} INFO - Setting next_dagrun for latest_only_with_trigger to 2023-04-16T10:47:30.206270+00:00, run_after=2023-04-16T14:47:30.206270+00:00
[2023-04-16T14:47:30.225+0000] {processor.py:175} INFO - Processing /home/airflow/.local/lib/python3.7/site-packages/airflow/example_dags/example_latest_only_with_trigger.py took 0.070 seconds
[2023-04-16T14:48:00.982+0000] {processor.py:153} INFO - Started process (PID=218) to work on /home/airflow/.local/lib/python3.7/site-packages/airflow/example_dags/example_latest_only_with_trigger.py
[2023-04-16T14:48:00.983+0000] {processor.py:743} INFO - Processing file /home/airflow/.local/lib/python3.7/site-packages/airflow/example_dags/example_latest_only_with_trigger.py for tasks to queue
[2023-04-16T14:48:00.984+0000] {logging_mixin.py:137} INFO - [2023-04-16T14:48:00.984+0000] {dagbag.py:532} INFO - Filling up the DagBag from /home/airflow/.local/lib/python3.7/site-packages/airflow/example_dags/example_latest_only_with_trigger.py
[2023-04-16T14:48:00.994+0000] {processor.py:753} INFO - DAG(s) dict_keys(['latest_only_with_trigger']) retrieved from /home/airflow/.local/lib/python3.7/site-packages/airflow/example_dags/example_latest_only_with_trigger.py
[2023-04-16T14:48:01.014+0000] {logging_mixin.py:137} INFO - [2023-04-16T14:48:01.014+0000] {dag.py:2693} INFO - Sync 1 DAGs
[2023-04-16T14:48:01.029+0000] {logging_mixin.py:137} INFO - [2023-04-16T14:48:01.029+0000] {dag.py:3444} INFO - Setting next_dagrun for latest_only_with_trigger to 2023-04-16T10:48:01.029569+00:00, run_after=2023-04-16T14:48:01.029569+00:00
[2023-04-16T14:48:01.043+0000] {processor.py:175} INFO - Processing /home/airflow/.local/lib/python3.7/site-packages/airflow/example_dags/example_latest_only_with_trigger.py took 0.063 seconds
[2023-04-16T14:48:31.639+0000] {processor.py:153} INFO - Started process (PID=268) to work on /home/airflow/.local/lib/python3.7/site-packages/airflow/example_dags/example_latest_only_with_trigger.py
[2023-04-16T14:48:31.640+0000] {processor.py:743} INFO - Processing file /home/airflow/.local/lib/python3.7/site-packages/airflow/example_dags/example_latest_only_with_trigger.py for tasks to queue
[2023-04-16T14:48:31.641+0000] {logging_mixin.py:137} INFO - [2023-04-16T14:48:31.641+0000] {dagbag.py:532} INFO - Filling up the DagBag from /home/airflow/.local/lib/python3.7/site-packages/airflow/example_dags/example_latest_only_with_trigger.py
[2023-04-16T14:48:31.651+0000] {processor.py:753} INFO - DAG(s) dict_keys(['latest_only_with_trigger']) retrieved from /home/airflow/.local/lib/python3.7/site-packages/airflow/example_dags/example_latest_only_with_trigger.py
[2023-04-16T14:48:31.675+0000] {logging_mixin.py:137} INFO - [2023-04-16T14:48:31.675+0000] {dag.py:2693} INFO - Sync 1 DAGs
[2023-04-16T14:48:31.693+0000] {logging_mixin.py:137} INFO - [2023-04-16T14:48:31.692+0000] {dag.py:3444} INFO - Setting next_dagrun for latest_only_with_trigger to 2023-04-16T10:48:31.692519+00:00, run_after=2023-04-16T14:48:31.692519+00:00
[2023-04-16T14:48:31.705+0000] {processor.py:175} INFO - Processing /home/airflow/.local/lib/python3.7/site-packages/airflow/example_dags/example_latest_only_with_trigger.py took 0.070 seconds
[2023-04-16T14:49:02.546+0000] {processor.py:153} INFO - Started process (PID=318) to work on /home/airflow/.local/lib/python3.7/site-packages/airflow/example_dags/example_latest_only_with_trigger.py
[2023-04-16T14:49:02.547+0000] {processor.py:743} INFO - Processing file /home/airflow/.local/lib/python3.7/site-packages/airflow/example_dags/example_latest_only_with_trigger.py for tasks to queue
[2023-04-16T14:49:02.547+0000] {logging_mixin.py:137} INFO - [2023-04-16T14:49:02.547+0000] {dagbag.py:532} INFO - Filling up the DagBag from /home/airflow/.local/lib/python3.7/site-packages/airflow/example_dags/example_latest_only_with_trigger.py
[2023-04-16T14:49:02.558+0000] {processor.py:753} INFO - DAG(s) dict_keys(['latest_only_with_trigger']) retrieved from /home/airflow/.local/lib/python3.7/site-packages/airflow/example_dags/example_latest_only_with_trigger.py
[2023-04-16T14:49:02.578+0000] {logging_mixin.py:137} INFO - [2023-04-16T14:49:02.578+0000] {dag.py:2693} INFO - Sync 1 DAGs
[2023-04-16T14:49:02.596+0000] {logging_mixin.py:137} INFO - [2023-04-16T14:49:02.596+0000] {dag.py:3444} INFO - Setting next_dagrun for latest_only_with_trigger to 2023-04-16T10:49:02.595915+00:00, run_after=2023-04-16T14:49:02.595915+00:00
[2023-04-16T14:49:02.610+0000] {processor.py:175} INFO - Processing /home/airflow/.local/lib/python3.7/site-packages/airflow/example_dags/example_latest_only_with_trigger.py took 0.067 seconds
[2023-04-16T14:49:33.321+0000] {processor.py:153} INFO - Started process (PID=368) to work on /home/airflow/.local/lib/python3.7/site-packages/airflow/example_dags/example_latest_only_with_trigger.py
[2023-04-16T14:49:33.322+0000] {processor.py:743} INFO - Processing file /home/airflow/.local/lib/python3.7/site-packages/airflow/example_dags/example_latest_only_with_trigger.py for tasks to queue
[2023-04-16T14:49:33.323+0000] {logging_mixin.py:137} INFO - [2023-04-16T14:49:33.323+0000] {dagbag.py:532} INFO - Filling up the DagBag from /home/airflow/.local/lib/python3.7/site-packages/airflow/example_dags/example_latest_only_with_trigger.py
[2023-04-16T14:49:33.336+0000] {processor.py:753} INFO - DAG(s) dict_keys(['latest_only_with_trigger']) retrieved from /home/airflow/.local/lib/python3.7/site-packages/airflow/example_dags/example_latest_only_with_trigger.py
[2023-04-16T14:49:33.357+0000] {logging_mixin.py:137} INFO - [2023-04-16T14:49:33.357+0000] {dag.py:2693} INFO - Sync 1 DAGs
[2023-04-16T14:49:33.373+0000] {logging_mixin.py:137} INFO - [2023-04-16T14:49:33.373+0000] {dag.py:3444} INFO - Setting next_dagrun for latest_only_with_trigger to 2023-04-16T10:49:33.373538+00:00, run_after=2023-04-16T14:49:33.373538+00:00
[2023-04-16T14:49:33.386+0000] {processor.py:175} INFO - Processing /home/airflow/.local/lib/python3.7/site-packages/airflow/example_dags/example_latest_only_with_trigger.py took 0.069 seconds
