[2023-04-16T14:21:47.075+0000] {processor.py:153} INFO - Started process (PID=47) to work on /home/airflow/.local/lib/python3.7/site-packages/airflow/example_dags/example_task_group.py
[2023-04-16T14:21:47.084+0000] {processor.py:743} INFO - Processing file /home/airflow/.local/lib/python3.7/site-packages/airflow/example_dags/example_task_group.py for tasks to queue
[2023-04-16T14:21:47.093+0000] {logging_mixin.py:137} INFO - [2023-04-16T14:21:47.092+0000] {dagbag.py:532} INFO - Filling up the DagBag from /home/airflow/.local/lib/python3.7/site-packages/airflow/example_dags/example_task_group.py
[2023-04-16T14:21:47.127+0000] {processor.py:753} INFO - DAG(s) dict_keys(['example_task_group']) retrieved from /home/airflow/.local/lib/python3.7/site-packages/airflow/example_dags/example_task_group.py
[2023-04-16T14:21:47.157+0000] {logging_mixin.py:137} INFO - [2023-04-16T14:21:47.157+0000] {dag.py:2693} INFO - Sync 1 DAGs
[2023-04-16T14:21:47.201+0000] {logging_mixin.py:137} INFO - [2023-04-16T14:21:47.201+0000] {dag.py:3444} INFO - Setting next_dagrun for example_task_group to 2023-04-15T14:21:47.201124+00:00, run_after=2023-04-16T14:21:47.201124+00:00
[2023-04-16T14:21:47.221+0000] {processor.py:175} INFO - Processing /home/airflow/.local/lib/python3.7/site-packages/airflow/example_dags/example_task_group.py took 0.151 seconds
[2023-04-16T14:22:18.126+0000] {processor.py:153} INFO - Started process (PID=95) to work on /home/airflow/.local/lib/python3.7/site-packages/airflow/example_dags/example_task_group.py
[2023-04-16T14:22:18.131+0000] {processor.py:743} INFO - Processing file /home/airflow/.local/lib/python3.7/site-packages/airflow/example_dags/example_task_group.py for tasks to queue
[2023-04-16T14:22:18.135+0000] {logging_mixin.py:137} INFO - [2023-04-16T14:22:18.134+0000] {dagbag.py:532} INFO - Filling up the DagBag from /home/airflow/.local/lib/python3.7/site-packages/airflow/example_dags/example_task_group.py
[2023-04-16T14:22:18.229+0000] {processor.py:753} INFO - DAG(s) dict_keys(['example_task_group']) retrieved from /home/airflow/.local/lib/python3.7/site-packages/airflow/example_dags/example_task_group.py
[2023-04-16T14:22:18.289+0000] {logging_mixin.py:137} INFO - [2023-04-16T14:22:18.289+0000] {dag.py:2693} INFO - Sync 1 DAGs
[2023-04-16T14:22:18.311+0000] {logging_mixin.py:137} INFO - [2023-04-16T14:22:18.311+0000] {dag.py:3444} INFO - Setting next_dagrun for example_task_group to 2023-04-15T14:22:18.310940+00:00, run_after=2023-04-16T14:22:18.310940+00:00
[2023-04-16T14:22:18.324+0000] {processor.py:175} INFO - Processing /home/airflow/.local/lib/python3.7/site-packages/airflow/example_dags/example_task_group.py took 0.217 seconds
[2023-04-16T14:22:48.500+0000] {processor.py:153} INFO - Started process (PID=143) to work on /home/airflow/.local/lib/python3.7/site-packages/airflow/example_dags/example_task_group.py
[2023-04-16T14:22:48.501+0000] {processor.py:743} INFO - Processing file /home/airflow/.local/lib/python3.7/site-packages/airflow/example_dags/example_task_group.py for tasks to queue
[2023-04-16T14:22:48.502+0000] {logging_mixin.py:137} INFO - [2023-04-16T14:22:48.502+0000] {dagbag.py:532} INFO - Filling up the DagBag from /home/airflow/.local/lib/python3.7/site-packages/airflow/example_dags/example_task_group.py
[2023-04-16T14:22:48.514+0000] {processor.py:753} INFO - DAG(s) dict_keys(['example_task_group']) retrieved from /home/airflow/.local/lib/python3.7/site-packages/airflow/example_dags/example_task_group.py
[2023-04-16T14:22:48.536+0000] {logging_mixin.py:137} INFO - [2023-04-16T14:22:48.536+0000] {dag.py:2693} INFO - Sync 1 DAGs
[2023-04-16T14:22:48.553+0000] {logging_mixin.py:137} INFO - [2023-04-16T14:22:48.553+0000] {dag.py:3444} INFO - Setting next_dagrun for example_task_group to 2023-04-15T14:22:48.553326+00:00, run_after=2023-04-16T14:22:48.553326+00:00
[2023-04-16T14:22:48.565+0000] {processor.py:175} INFO - Processing /home/airflow/.local/lib/python3.7/site-packages/airflow/example_dags/example_task_group.py took 0.068 seconds
[2023-04-16T14:23:19.344+0000] {processor.py:153} INFO - Started process (PID=192) to work on /home/airflow/.local/lib/python3.7/site-packages/airflow/example_dags/example_task_group.py
[2023-04-16T14:23:19.345+0000] {processor.py:743} INFO - Processing file /home/airflow/.local/lib/python3.7/site-packages/airflow/example_dags/example_task_group.py for tasks to queue
[2023-04-16T14:23:19.346+0000] {logging_mixin.py:137} INFO - [2023-04-16T14:23:19.346+0000] {dagbag.py:532} INFO - Filling up the DagBag from /home/airflow/.local/lib/python3.7/site-packages/airflow/example_dags/example_task_group.py
[2023-04-16T14:23:19.357+0000] {processor.py:753} INFO - DAG(s) dict_keys(['example_task_group']) retrieved from /home/airflow/.local/lib/python3.7/site-packages/airflow/example_dags/example_task_group.py
[2023-04-16T14:23:19.377+0000] {logging_mixin.py:137} INFO - [2023-04-16T14:23:19.377+0000] {dag.py:2693} INFO - Sync 1 DAGs
[2023-04-16T14:23:19.394+0000] {logging_mixin.py:137} INFO - [2023-04-16T14:23:19.394+0000] {dag.py:3444} INFO - Setting next_dagrun for example_task_group to 2023-04-15T14:23:19.394033+00:00, run_after=2023-04-16T14:23:19.394033+00:00
[2023-04-16T14:23:19.405+0000] {processor.py:175} INFO - Processing /home/airflow/.local/lib/python3.7/site-packages/airflow/example_dags/example_task_group.py took 0.064 seconds
[2023-04-16T14:23:50.039+0000] {processor.py:153} INFO - Started process (PID=240) to work on /home/airflow/.local/lib/python3.7/site-packages/airflow/example_dags/example_task_group.py
[2023-04-16T14:23:50.041+0000] {processor.py:743} INFO - Processing file /home/airflow/.local/lib/python3.7/site-packages/airflow/example_dags/example_task_group.py for tasks to queue
[2023-04-16T14:23:50.042+0000] {logging_mixin.py:137} INFO - [2023-04-16T14:23:50.041+0000] {dagbag.py:532} INFO - Filling up the DagBag from /home/airflow/.local/lib/python3.7/site-packages/airflow/example_dags/example_task_group.py
[2023-04-16T14:23:50.054+0000] {processor.py:753} INFO - DAG(s) dict_keys(['example_task_group']) retrieved from /home/airflow/.local/lib/python3.7/site-packages/airflow/example_dags/example_task_group.py
[2023-04-16T14:23:50.073+0000] {logging_mixin.py:137} INFO - [2023-04-16T14:23:50.073+0000] {dag.py:2693} INFO - Sync 1 DAGs
[2023-04-16T14:23:50.089+0000] {logging_mixin.py:137} INFO - [2023-04-16T14:23:50.088+0000] {dag.py:3444} INFO - Setting next_dagrun for example_task_group to 2023-04-15T14:23:50.088783+00:00, run_after=2023-04-16T14:23:50.088783+00:00
[2023-04-16T14:23:50.100+0000] {processor.py:175} INFO - Processing /home/airflow/.local/lib/python3.7/site-packages/airflow/example_dags/example_task_group.py took 0.063 seconds
[2023-04-16T14:24:20.594+0000] {processor.py:153} INFO - Started process (PID=290) to work on /home/airflow/.local/lib/python3.7/site-packages/airflow/example_dags/example_task_group.py
[2023-04-16T14:24:20.595+0000] {processor.py:743} INFO - Processing file /home/airflow/.local/lib/python3.7/site-packages/airflow/example_dags/example_task_group.py for tasks to queue
[2023-04-16T14:24:20.596+0000] {logging_mixin.py:137} INFO - [2023-04-16T14:24:20.596+0000] {dagbag.py:532} INFO - Filling up the DagBag from /home/airflow/.local/lib/python3.7/site-packages/airflow/example_dags/example_task_group.py
[2023-04-16T14:24:20.610+0000] {processor.py:753} INFO - DAG(s) dict_keys(['example_task_group']) retrieved from /home/airflow/.local/lib/python3.7/site-packages/airflow/example_dags/example_task_group.py
[2023-04-16T14:24:20.630+0000] {logging_mixin.py:137} INFO - [2023-04-16T14:24:20.630+0000] {dag.py:2693} INFO - Sync 1 DAGs
[2023-04-16T14:24:20.646+0000] {logging_mixin.py:137} INFO - [2023-04-16T14:24:20.646+0000] {dag.py:3444} INFO - Setting next_dagrun for example_task_group to 2023-04-15T14:24:20.646214+00:00, run_after=2023-04-16T14:24:20.646214+00:00
[2023-04-16T14:24:20.658+0000] {processor.py:175} INFO - Processing /home/airflow/.local/lib/python3.7/site-packages/airflow/example_dags/example_task_group.py took 0.066 seconds
[2023-04-16T14:24:51.217+0000] {processor.py:153} INFO - Started process (PID=339) to work on /home/airflow/.local/lib/python3.7/site-packages/airflow/example_dags/example_task_group.py
[2023-04-16T14:24:51.219+0000] {processor.py:743} INFO - Processing file /home/airflow/.local/lib/python3.7/site-packages/airflow/example_dags/example_task_group.py for tasks to queue
[2023-04-16T14:24:51.219+0000] {logging_mixin.py:137} INFO - [2023-04-16T14:24:51.219+0000] {dagbag.py:532} INFO - Filling up the DagBag from /home/airflow/.local/lib/python3.7/site-packages/airflow/example_dags/example_task_group.py
[2023-04-16T14:24:51.232+0000] {processor.py:753} INFO - DAG(s) dict_keys(['example_task_group']) retrieved from /home/airflow/.local/lib/python3.7/site-packages/airflow/example_dags/example_task_group.py
[2023-04-16T14:24:51.260+0000] {logging_mixin.py:137} INFO - [2023-04-16T14:24:51.260+0000] {dag.py:2693} INFO - Sync 1 DAGs
[2023-04-16T14:24:51.281+0000] {logging_mixin.py:137} INFO - [2023-04-16T14:24:51.281+0000] {dag.py:3444} INFO - Setting next_dagrun for example_task_group to 2023-04-15T14:24:51.281085+00:00, run_after=2023-04-16T14:24:51.281085+00:00
[2023-04-16T14:24:51.302+0000] {processor.py:175} INFO - Processing /home/airflow/.local/lib/python3.7/site-packages/airflow/example_dags/example_task_group.py took 0.092 seconds
[2023-04-16T14:25:22.132+0000] {processor.py:153} INFO - Started process (PID=388) to work on /home/airflow/.local/lib/python3.7/site-packages/airflow/example_dags/example_task_group.py
[2023-04-16T14:25:22.134+0000] {processor.py:743} INFO - Processing file /home/airflow/.local/lib/python3.7/site-packages/airflow/example_dags/example_task_group.py for tasks to queue
[2023-04-16T14:25:22.135+0000] {logging_mixin.py:137} INFO - [2023-04-16T14:25:22.135+0000] {dagbag.py:532} INFO - Filling up the DagBag from /home/airflow/.local/lib/python3.7/site-packages/airflow/example_dags/example_task_group.py
[2023-04-16T14:25:22.146+0000] {processor.py:753} INFO - DAG(s) dict_keys(['example_task_group']) retrieved from /home/airflow/.local/lib/python3.7/site-packages/airflow/example_dags/example_task_group.py
[2023-04-16T14:25:22.167+0000] {logging_mixin.py:137} INFO - [2023-04-16T14:25:22.166+0000] {dag.py:2693} INFO - Sync 1 DAGs
[2023-04-16T14:25:22.184+0000] {logging_mixin.py:137} INFO - [2023-04-16T14:25:22.184+0000] {dag.py:3444} INFO - Setting next_dagrun for example_task_group to 2023-04-15T14:25:22.184594+00:00, run_after=2023-04-16T14:25:22.184594+00:00
[2023-04-16T14:25:22.196+0000] {processor.py:175} INFO - Processing /home/airflow/.local/lib/python3.7/site-packages/airflow/example_dags/example_task_group.py took 0.066 seconds
[2023-04-16T14:26:13.023+0000] {processor.py:153} INFO - Started process (PID=47) to work on /home/airflow/.local/lib/python3.7/site-packages/airflow/example_dags/example_task_group.py
[2023-04-16T14:26:13.025+0000] {processor.py:743} INFO - Processing file /home/airflow/.local/lib/python3.7/site-packages/airflow/example_dags/example_task_group.py for tasks to queue
[2023-04-16T14:26:13.026+0000] {logging_mixin.py:137} INFO - [2023-04-16T14:26:13.026+0000] {dagbag.py:532} INFO - Filling up the DagBag from /home/airflow/.local/lib/python3.7/site-packages/airflow/example_dags/example_task_group.py
[2023-04-16T14:26:13.048+0000] {processor.py:753} INFO - DAG(s) dict_keys(['example_task_group']) retrieved from /home/airflow/.local/lib/python3.7/site-packages/airflow/example_dags/example_task_group.py
[2023-04-16T14:26:13.106+0000] {logging_mixin.py:137} INFO - [2023-04-16T14:26:13.106+0000] {dag.py:2693} INFO - Sync 1 DAGs
[2023-04-16T14:26:13.152+0000] {logging_mixin.py:137} INFO - [2023-04-16T14:26:13.152+0000] {dag.py:3444} INFO - Setting next_dagrun for example_task_group to 2023-04-15T14:26:13.151719+00:00, run_after=2023-04-16T14:26:13.151719+00:00
[2023-04-16T14:26:13.173+0000] {processor.py:175} INFO - Processing /home/airflow/.local/lib/python3.7/site-packages/airflow/example_dags/example_task_group.py took 0.156 seconds
[2023-04-16T14:26:43.842+0000] {processor.py:153} INFO - Started process (PID=101) to work on /home/airflow/.local/lib/python3.7/site-packages/airflow/example_dags/example_task_group.py
[2023-04-16T14:26:43.843+0000] {processor.py:743} INFO - Processing file /home/airflow/.local/lib/python3.7/site-packages/airflow/example_dags/example_task_group.py for tasks to queue
[2023-04-16T14:26:43.844+0000] {logging_mixin.py:137} INFO - [2023-04-16T14:26:43.844+0000] {dagbag.py:532} INFO - Filling up the DagBag from /home/airflow/.local/lib/python3.7/site-packages/airflow/example_dags/example_task_group.py
[2023-04-16T14:26:43.856+0000] {processor.py:753} INFO - DAG(s) dict_keys(['example_task_group']) retrieved from /home/airflow/.local/lib/python3.7/site-packages/airflow/example_dags/example_task_group.py
[2023-04-16T14:26:43.875+0000] {logging_mixin.py:137} INFO - [2023-04-16T14:26:43.875+0000] {dag.py:2693} INFO - Sync 1 DAGs
[2023-04-16T14:26:43.891+0000] {logging_mixin.py:137} INFO - [2023-04-16T14:26:43.891+0000] {dag.py:3444} INFO - Setting next_dagrun for example_task_group to 2023-04-15T14:26:43.891565+00:00, run_after=2023-04-16T14:26:43.891565+00:00
[2023-04-16T14:26:43.904+0000] {processor.py:175} INFO - Processing /home/airflow/.local/lib/python3.7/site-packages/airflow/example_dags/example_task_group.py took 0.066 seconds
[2023-04-16T14:27:14.585+0000] {processor.py:153} INFO - Started process (PID=151) to work on /home/airflow/.local/lib/python3.7/site-packages/airflow/example_dags/example_task_group.py
[2023-04-16T14:27:14.587+0000] {processor.py:743} INFO - Processing file /home/airflow/.local/lib/python3.7/site-packages/airflow/example_dags/example_task_group.py for tasks to queue
[2023-04-16T14:27:14.588+0000] {logging_mixin.py:137} INFO - [2023-04-16T14:27:14.588+0000] {dagbag.py:532} INFO - Filling up the DagBag from /home/airflow/.local/lib/python3.7/site-packages/airflow/example_dags/example_task_group.py
[2023-04-16T14:27:14.619+0000] {processor.py:753} INFO - DAG(s) dict_keys(['example_task_group']) retrieved from /home/airflow/.local/lib/python3.7/site-packages/airflow/example_dags/example_task_group.py
[2023-04-16T14:27:14.653+0000] {logging_mixin.py:137} INFO - [2023-04-16T14:27:14.653+0000] {dag.py:2693} INFO - Sync 1 DAGs
[2023-04-16T14:27:14.671+0000] {logging_mixin.py:137} INFO - [2023-04-16T14:27:14.671+0000] {dag.py:3444} INFO - Setting next_dagrun for example_task_group to 2023-04-15T14:27:14.670978+00:00, run_after=2023-04-16T14:27:14.670978+00:00
[2023-04-16T14:27:14.684+0000] {processor.py:175} INFO - Processing /home/airflow/.local/lib/python3.7/site-packages/airflow/example_dags/example_task_group.py took 0.102 seconds
[2023-04-16T14:27:45.472+0000] {processor.py:153} INFO - Started process (PID=201) to work on /home/airflow/.local/lib/python3.7/site-packages/airflow/example_dags/example_task_group.py
[2023-04-16T14:27:45.473+0000] {processor.py:743} INFO - Processing file /home/airflow/.local/lib/python3.7/site-packages/airflow/example_dags/example_task_group.py for tasks to queue
[2023-04-16T14:27:45.474+0000] {logging_mixin.py:137} INFO - [2023-04-16T14:27:45.474+0000] {dagbag.py:532} INFO - Filling up the DagBag from /home/airflow/.local/lib/python3.7/site-packages/airflow/example_dags/example_task_group.py
[2023-04-16T14:27:45.486+0000] {processor.py:753} INFO - DAG(s) dict_keys(['example_task_group']) retrieved from /home/airflow/.local/lib/python3.7/site-packages/airflow/example_dags/example_task_group.py
[2023-04-16T14:27:45.511+0000] {logging_mixin.py:137} INFO - [2023-04-16T14:27:45.510+0000] {dag.py:2693} INFO - Sync 1 DAGs
[2023-04-16T14:27:45.529+0000] {logging_mixin.py:137} INFO - [2023-04-16T14:27:45.529+0000] {dag.py:3444} INFO - Setting next_dagrun for example_task_group to 2023-04-15T14:27:45.529420+00:00, run_after=2023-04-16T14:27:45.529420+00:00
[2023-04-16T14:27:45.544+0000] {processor.py:175} INFO - Processing /home/airflow/.local/lib/python3.7/site-packages/airflow/example_dags/example_task_group.py took 0.074 seconds
[2023-04-16T14:28:16.287+0000] {processor.py:153} INFO - Started process (PID=251) to work on /home/airflow/.local/lib/python3.7/site-packages/airflow/example_dags/example_task_group.py
[2023-04-16T14:28:16.288+0000] {processor.py:743} INFO - Processing file /home/airflow/.local/lib/python3.7/site-packages/airflow/example_dags/example_task_group.py for tasks to queue
[2023-04-16T14:28:16.289+0000] {logging_mixin.py:137} INFO - [2023-04-16T14:28:16.289+0000] {dagbag.py:532} INFO - Filling up the DagBag from /home/airflow/.local/lib/python3.7/site-packages/airflow/example_dags/example_task_group.py
[2023-04-16T14:28:16.301+0000] {processor.py:753} INFO - DAG(s) dict_keys(['example_task_group']) retrieved from /home/airflow/.local/lib/python3.7/site-packages/airflow/example_dags/example_task_group.py
[2023-04-16T14:28:16.327+0000] {logging_mixin.py:137} INFO - [2023-04-16T14:28:16.326+0000] {dag.py:2693} INFO - Sync 1 DAGs
[2023-04-16T14:28:16.345+0000] {logging_mixin.py:137} INFO - [2023-04-16T14:28:16.345+0000] {dag.py:3444} INFO - Setting next_dagrun for example_task_group to 2023-04-15T14:28:16.345228+00:00, run_after=2023-04-16T14:28:16.345228+00:00
[2023-04-16T14:28:16.361+0000] {processor.py:175} INFO - Processing /home/airflow/.local/lib/python3.7/site-packages/airflow/example_dags/example_task_group.py took 0.077 seconds
[2023-04-16T14:28:47.005+0000] {processor.py:153} INFO - Started process (PID=302) to work on /home/airflow/.local/lib/python3.7/site-packages/airflow/example_dags/example_task_group.py
[2023-04-16T14:28:47.006+0000] {processor.py:743} INFO - Processing file /home/airflow/.local/lib/python3.7/site-packages/airflow/example_dags/example_task_group.py for tasks to queue
[2023-04-16T14:28:47.007+0000] {logging_mixin.py:137} INFO - [2023-04-16T14:28:47.007+0000] {dagbag.py:532} INFO - Filling up the DagBag from /home/airflow/.local/lib/python3.7/site-packages/airflow/example_dags/example_task_group.py
[2023-04-16T14:28:47.018+0000] {processor.py:753} INFO - DAG(s) dict_keys(['example_task_group']) retrieved from /home/airflow/.local/lib/python3.7/site-packages/airflow/example_dags/example_task_group.py
[2023-04-16T14:28:47.039+0000] {logging_mixin.py:137} INFO - [2023-04-16T14:28:47.039+0000] {dag.py:2693} INFO - Sync 1 DAGs
[2023-04-16T14:28:47.056+0000] {logging_mixin.py:137} INFO - [2023-04-16T14:28:47.056+0000] {dag.py:3444} INFO - Setting next_dagrun for example_task_group to 2023-04-15T14:28:47.056002+00:00, run_after=2023-04-16T14:28:47.056002+00:00
[2023-04-16T14:28:47.070+0000] {processor.py:175} INFO - Processing /home/airflow/.local/lib/python3.7/site-packages/airflow/example_dags/example_task_group.py took 0.068 seconds
[2023-04-16T14:29:17.844+0000] {processor.py:153} INFO - Started process (PID=352) to work on /home/airflow/.local/lib/python3.7/site-packages/airflow/example_dags/example_task_group.py
[2023-04-16T14:29:17.846+0000] {processor.py:743} INFO - Processing file /home/airflow/.local/lib/python3.7/site-packages/airflow/example_dags/example_task_group.py for tasks to queue
[2023-04-16T14:29:17.846+0000] {logging_mixin.py:137} INFO - [2023-04-16T14:29:17.846+0000] {dagbag.py:532} INFO - Filling up the DagBag from /home/airflow/.local/lib/python3.7/site-packages/airflow/example_dags/example_task_group.py
[2023-04-16T14:29:17.858+0000] {processor.py:753} INFO - DAG(s) dict_keys(['example_task_group']) retrieved from /home/airflow/.local/lib/python3.7/site-packages/airflow/example_dags/example_task_group.py
[2023-04-16T14:29:17.879+0000] {logging_mixin.py:137} INFO - [2023-04-16T14:29:17.879+0000] {dag.py:2693} INFO - Sync 1 DAGs
[2023-04-16T14:29:17.895+0000] {logging_mixin.py:137} INFO - [2023-04-16T14:29:17.895+0000] {dag.py:3444} INFO - Setting next_dagrun for example_task_group to 2023-04-15T14:29:17.895631+00:00, run_after=2023-04-16T14:29:17.895631+00:00
[2023-04-16T14:29:17.908+0000] {processor.py:175} INFO - Processing /home/airflow/.local/lib/python3.7/site-packages/airflow/example_dags/example_task_group.py took 0.066 seconds
[2023-04-16T14:30:25.118+0000] {processor.py:153} INFO - Started process (PID=47) to work on /home/airflow/.local/lib/python3.7/site-packages/airflow/example_dags/example_task_group.py
[2023-04-16T14:30:25.129+0000] {processor.py:743} INFO - Processing file /home/airflow/.local/lib/python3.7/site-packages/airflow/example_dags/example_task_group.py for tasks to queue
[2023-04-16T14:30:25.131+0000] {logging_mixin.py:137} INFO - [2023-04-16T14:30:25.131+0000] {dagbag.py:532} INFO - Filling up the DagBag from /home/airflow/.local/lib/python3.7/site-packages/airflow/example_dags/example_task_group.py
[2023-04-16T14:30:25.224+0000] {processor.py:753} INFO - DAG(s) dict_keys(['example_task_group']) retrieved from /home/airflow/.local/lib/python3.7/site-packages/airflow/example_dags/example_task_group.py
[2023-04-16T14:30:25.266+0000] {logging_mixin.py:137} INFO - [2023-04-16T14:30:25.266+0000] {dag.py:2693} INFO - Sync 1 DAGs
[2023-04-16T14:30:25.314+0000] {logging_mixin.py:137} INFO - [2023-04-16T14:30:25.313+0000] {dag.py:3444} INFO - Setting next_dagrun for example_task_group to 2023-04-15T14:30:25.313560+00:00, run_after=2023-04-16T14:30:25.313560+00:00
[2023-04-16T14:30:25.348+0000] {processor.py:175} INFO - Processing /home/airflow/.local/lib/python3.7/site-packages/airflow/example_dags/example_task_group.py took 0.236 seconds
[2023-04-16T14:30:56.259+0000] {processor.py:153} INFO - Started process (PID=97) to work on /home/airflow/.local/lib/python3.7/site-packages/airflow/example_dags/example_task_group.py
[2023-04-16T14:30:56.261+0000] {processor.py:743} INFO - Processing file /home/airflow/.local/lib/python3.7/site-packages/airflow/example_dags/example_task_group.py for tasks to queue
[2023-04-16T14:30:56.262+0000] {logging_mixin.py:137} INFO - [2023-04-16T14:30:56.262+0000] {dagbag.py:532} INFO - Filling up the DagBag from /home/airflow/.local/lib/python3.7/site-packages/airflow/example_dags/example_task_group.py
[2023-04-16T14:30:56.281+0000] {processor.py:753} INFO - DAG(s) dict_keys(['example_task_group']) retrieved from /home/airflow/.local/lib/python3.7/site-packages/airflow/example_dags/example_task_group.py
[2023-04-16T14:30:56.308+0000] {logging_mixin.py:137} INFO - [2023-04-16T14:30:56.308+0000] {dag.py:2693} INFO - Sync 1 DAGs
[2023-04-16T14:30:56.325+0000] {logging_mixin.py:137} INFO - [2023-04-16T14:30:56.325+0000] {dag.py:3444} INFO - Setting next_dagrun for example_task_group to 2023-04-15T14:30:56.324821+00:00, run_after=2023-04-16T14:30:56.324821+00:00
[2023-04-16T14:30:56.337+0000] {processor.py:175} INFO - Processing /home/airflow/.local/lib/python3.7/site-packages/airflow/example_dags/example_task_group.py took 0.085 seconds
[2023-04-16T14:31:26.595+0000] {processor.py:153} INFO - Started process (PID=151) to work on /home/airflow/.local/lib/python3.7/site-packages/airflow/example_dags/example_task_group.py
[2023-04-16T14:31:26.600+0000] {processor.py:743} INFO - Processing file /home/airflow/.local/lib/python3.7/site-packages/airflow/example_dags/example_task_group.py for tasks to queue
[2023-04-16T14:31:26.603+0000] {logging_mixin.py:137} INFO - [2023-04-16T14:31:26.603+0000] {dagbag.py:532} INFO - Filling up the DagBag from /home/airflow/.local/lib/python3.7/site-packages/airflow/example_dags/example_task_group.py
[2023-04-16T14:31:26.624+0000] {processor.py:753} INFO - DAG(s) dict_keys(['example_task_group']) retrieved from /home/airflow/.local/lib/python3.7/site-packages/airflow/example_dags/example_task_group.py
[2023-04-16T14:31:26.652+0000] {logging_mixin.py:137} INFO - [2023-04-16T14:31:26.652+0000] {dag.py:2693} INFO - Sync 1 DAGs
[2023-04-16T14:31:26.673+0000] {logging_mixin.py:137} INFO - [2023-04-16T14:31:26.673+0000] {dag.py:3444} INFO - Setting next_dagrun for example_task_group to 2023-04-15T14:31:26.673394+00:00, run_after=2023-04-16T14:31:26.673394+00:00
[2023-04-16T14:31:26.692+0000] {processor.py:175} INFO - Processing /home/airflow/.local/lib/python3.7/site-packages/airflow/example_dags/example_task_group.py took 0.103 seconds
[2023-04-16T14:31:57.433+0000] {processor.py:153} INFO - Started process (PID=201) to work on /home/airflow/.local/lib/python3.7/site-packages/airflow/example_dags/example_task_group.py
[2023-04-16T14:31:57.444+0000] {processor.py:743} INFO - Processing file /home/airflow/.local/lib/python3.7/site-packages/airflow/example_dags/example_task_group.py for tasks to queue
[2023-04-16T14:31:57.450+0000] {logging_mixin.py:137} INFO - [2023-04-16T14:31:57.450+0000] {dagbag.py:532} INFO - Filling up the DagBag from /home/airflow/.local/lib/python3.7/site-packages/airflow/example_dags/example_task_group.py
[2023-04-16T14:31:57.485+0000] {processor.py:753} INFO - DAG(s) dict_keys(['example_task_group']) retrieved from /home/airflow/.local/lib/python3.7/site-packages/airflow/example_dags/example_task_group.py
[2023-04-16T14:31:57.541+0000] {logging_mixin.py:137} INFO - [2023-04-16T14:31:57.541+0000] {dag.py:2693} INFO - Sync 1 DAGs
[2023-04-16T14:31:57.575+0000] {logging_mixin.py:137} INFO - [2023-04-16T14:31:57.574+0000] {dag.py:3444} INFO - Setting next_dagrun for example_task_group to 2023-04-15T14:31:57.572877+00:00, run_after=2023-04-16T14:31:57.572877+00:00
[2023-04-16T14:31:57.624+0000] {processor.py:175} INFO - Processing /home/airflow/.local/lib/python3.7/site-packages/airflow/example_dags/example_task_group.py took 0.198 seconds
[2023-04-16T14:32:27.724+0000] {processor.py:153} INFO - Started process (PID=251) to work on /home/airflow/.local/lib/python3.7/site-packages/airflow/example_dags/example_task_group.py
[2023-04-16T14:32:27.726+0000] {processor.py:743} INFO - Processing file /home/airflow/.local/lib/python3.7/site-packages/airflow/example_dags/example_task_group.py for tasks to queue
[2023-04-16T14:32:27.728+0000] {logging_mixin.py:137} INFO - [2023-04-16T14:32:27.727+0000] {dagbag.py:532} INFO - Filling up the DagBag from /home/airflow/.local/lib/python3.7/site-packages/airflow/example_dags/example_task_group.py
[2023-04-16T14:32:27.759+0000] {processor.py:753} INFO - DAG(s) dict_keys(['example_task_group']) retrieved from /home/airflow/.local/lib/python3.7/site-packages/airflow/example_dags/example_task_group.py
[2023-04-16T14:32:27.790+0000] {logging_mixin.py:137} INFO - [2023-04-16T14:32:27.790+0000] {dag.py:2693} INFO - Sync 1 DAGs
[2023-04-16T14:32:27.814+0000] {logging_mixin.py:137} INFO - [2023-04-16T14:32:27.814+0000] {dag.py:3444} INFO - Setting next_dagrun for example_task_group to 2023-04-15T14:32:27.814184+00:00, run_after=2023-04-16T14:32:27.814184+00:00
[2023-04-16T14:32:27.829+0000] {processor.py:175} INFO - Processing /home/airflow/.local/lib/python3.7/site-packages/airflow/example_dags/example_task_group.py took 0.109 seconds
[2023-04-16T14:33:08.834+0000] {processor.py:153} INFO - Started process (PID=47) to work on /home/airflow/.local/lib/python3.7/site-packages/airflow/example_dags/example_task_group.py
[2023-04-16T14:33:08.837+0000] {processor.py:743} INFO - Processing file /home/airflow/.local/lib/python3.7/site-packages/airflow/example_dags/example_task_group.py for tasks to queue
[2023-04-16T14:33:08.841+0000] {logging_mixin.py:137} INFO - [2023-04-16T14:33:08.841+0000] {dagbag.py:532} INFO - Filling up the DagBag from /home/airflow/.local/lib/python3.7/site-packages/airflow/example_dags/example_task_group.py
[2023-04-16T14:33:08.882+0000] {processor.py:753} INFO - DAG(s) dict_keys(['example_task_group']) retrieved from /home/airflow/.local/lib/python3.7/site-packages/airflow/example_dags/example_task_group.py
[2023-04-16T14:33:08.922+0000] {logging_mixin.py:137} INFO - [2023-04-16T14:33:08.922+0000] {dag.py:2693} INFO - Sync 1 DAGs
[2023-04-16T14:33:08.992+0000] {logging_mixin.py:137} INFO - [2023-04-16T14:33:08.991+0000] {dag.py:3444} INFO - Setting next_dagrun for example_task_group to 2023-04-15T14:33:08.991422+00:00, run_after=2023-04-16T14:33:08.991422+00:00
[2023-04-16T14:33:09.016+0000] {processor.py:175} INFO - Processing /home/airflow/.local/lib/python3.7/site-packages/airflow/example_dags/example_task_group.py took 0.190 seconds
[2023-04-16T14:33:39.182+0000] {processor.py:153} INFO - Started process (PID=101) to work on /home/airflow/.local/lib/python3.7/site-packages/airflow/example_dags/example_task_group.py
[2023-04-16T14:33:39.183+0000] {processor.py:743} INFO - Processing file /home/airflow/.local/lib/python3.7/site-packages/airflow/example_dags/example_task_group.py for tasks to queue
[2023-04-16T14:33:39.185+0000] {logging_mixin.py:137} INFO - [2023-04-16T14:33:39.184+0000] {dagbag.py:532} INFO - Filling up the DagBag from /home/airflow/.local/lib/python3.7/site-packages/airflow/example_dags/example_task_group.py
[2023-04-16T14:33:39.197+0000] {processor.py:753} INFO - DAG(s) dict_keys(['example_task_group']) retrieved from /home/airflow/.local/lib/python3.7/site-packages/airflow/example_dags/example_task_group.py
[2023-04-16T14:33:39.219+0000] {logging_mixin.py:137} INFO - [2023-04-16T14:33:39.219+0000] {dag.py:2693} INFO - Sync 1 DAGs
[2023-04-16T14:33:39.237+0000] {logging_mixin.py:137} INFO - [2023-04-16T14:33:39.237+0000] {dag.py:3444} INFO - Setting next_dagrun for example_task_group to 2023-04-15T14:33:39.237267+00:00, run_after=2023-04-16T14:33:39.237267+00:00
[2023-04-16T14:33:39.250+0000] {processor.py:175} INFO - Processing /home/airflow/.local/lib/python3.7/site-packages/airflow/example_dags/example_task_group.py took 0.071 seconds
[2023-04-16T14:34:09.338+0000] {processor.py:153} INFO - Started process (PID=155) to work on /home/airflow/.local/lib/python3.7/site-packages/airflow/example_dags/example_task_group.py
[2023-04-16T14:34:09.339+0000] {processor.py:743} INFO - Processing file /home/airflow/.local/lib/python3.7/site-packages/airflow/example_dags/example_task_group.py for tasks to queue
[2023-04-16T14:34:09.340+0000] {logging_mixin.py:137} INFO - [2023-04-16T14:34:09.340+0000] {dagbag.py:532} INFO - Filling up the DagBag from /home/airflow/.local/lib/python3.7/site-packages/airflow/example_dags/example_task_group.py
[2023-04-16T14:34:09.350+0000] {processor.py:753} INFO - DAG(s) dict_keys(['example_task_group']) retrieved from /home/airflow/.local/lib/python3.7/site-packages/airflow/example_dags/example_task_group.py
[2023-04-16T14:34:09.369+0000] {logging_mixin.py:137} INFO - [2023-04-16T14:34:09.369+0000] {dag.py:2693} INFO - Sync 1 DAGs
[2023-04-16T14:34:09.384+0000] {logging_mixin.py:137} INFO - [2023-04-16T14:34:09.384+0000] {dag.py:3444} INFO - Setting next_dagrun for example_task_group to 2023-04-15T14:34:09.384136+00:00, run_after=2023-04-16T14:34:09.384136+00:00
[2023-04-16T14:34:09.394+0000] {processor.py:175} INFO - Processing /home/airflow/.local/lib/python3.7/site-packages/airflow/example_dags/example_task_group.py took 0.059 seconds
[2023-04-16T14:34:39.740+0000] {processor.py:153} INFO - Started process (PID=205) to work on /home/airflow/.local/lib/python3.7/site-packages/airflow/example_dags/example_task_group.py
[2023-04-16T14:34:39.741+0000] {processor.py:743} INFO - Processing file /home/airflow/.local/lib/python3.7/site-packages/airflow/example_dags/example_task_group.py for tasks to queue
[2023-04-16T14:34:39.742+0000] {logging_mixin.py:137} INFO - [2023-04-16T14:34:39.742+0000] {dagbag.py:532} INFO - Filling up the DagBag from /home/airflow/.local/lib/python3.7/site-packages/airflow/example_dags/example_task_group.py
[2023-04-16T14:34:39.754+0000] {processor.py:753} INFO - DAG(s) dict_keys(['example_task_group']) retrieved from /home/airflow/.local/lib/python3.7/site-packages/airflow/example_dags/example_task_group.py
[2023-04-16T14:34:39.775+0000] {logging_mixin.py:137} INFO - [2023-04-16T14:34:39.775+0000] {dag.py:2693} INFO - Sync 1 DAGs
[2023-04-16T14:34:39.796+0000] {logging_mixin.py:137} INFO - [2023-04-16T14:34:39.796+0000] {dag.py:3444} INFO - Setting next_dagrun for example_task_group to 2023-04-15T14:34:39.796377+00:00, run_after=2023-04-16T14:34:39.796377+00:00
[2023-04-16T14:34:39.808+0000] {processor.py:175} INFO - Processing /home/airflow/.local/lib/python3.7/site-packages/airflow/example_dags/example_task_group.py took 0.072 seconds
[2023-04-16T14:35:10.431+0000] {processor.py:153} INFO - Started process (PID=255) to work on /home/airflow/.local/lib/python3.7/site-packages/airflow/example_dags/example_task_group.py
[2023-04-16T14:35:10.432+0000] {processor.py:743} INFO - Processing file /home/airflow/.local/lib/python3.7/site-packages/airflow/example_dags/example_task_group.py for tasks to queue
[2023-04-16T14:35:10.433+0000] {logging_mixin.py:137} INFO - [2023-04-16T14:35:10.433+0000] {dagbag.py:532} INFO - Filling up the DagBag from /home/airflow/.local/lib/python3.7/site-packages/airflow/example_dags/example_task_group.py
[2023-04-16T14:35:10.444+0000] {processor.py:753} INFO - DAG(s) dict_keys(['example_task_group']) retrieved from /home/airflow/.local/lib/python3.7/site-packages/airflow/example_dags/example_task_group.py
[2023-04-16T14:35:10.466+0000] {logging_mixin.py:137} INFO - [2023-04-16T14:35:10.466+0000] {dag.py:2693} INFO - Sync 1 DAGs
[2023-04-16T14:35:10.490+0000] {logging_mixin.py:137} INFO - [2023-04-16T14:35:10.490+0000] {dag.py:3444} INFO - Setting next_dagrun for example_task_group to 2023-04-15T14:35:10.489926+00:00, run_after=2023-04-16T14:35:10.489926+00:00
[2023-04-16T14:35:10.503+0000] {processor.py:175} INFO - Processing /home/airflow/.local/lib/python3.7/site-packages/airflow/example_dags/example_task_group.py took 0.074 seconds
[2023-04-16T14:35:41.789+0000] {processor.py:153} INFO - Started process (PID=305) to work on /home/airflow/.local/lib/python3.7/site-packages/airflow/example_dags/example_task_group.py
[2023-04-16T14:35:41.791+0000] {processor.py:743} INFO - Processing file /home/airflow/.local/lib/python3.7/site-packages/airflow/example_dags/example_task_group.py for tasks to queue
[2023-04-16T14:35:41.792+0000] {logging_mixin.py:137} INFO - [2023-04-16T14:35:41.792+0000] {dagbag.py:532} INFO - Filling up the DagBag from /home/airflow/.local/lib/python3.7/site-packages/airflow/example_dags/example_task_group.py
[2023-04-16T14:35:41.807+0000] {processor.py:753} INFO - DAG(s) dict_keys(['example_task_group']) retrieved from /home/airflow/.local/lib/python3.7/site-packages/airflow/example_dags/example_task_group.py
[2023-04-16T14:35:41.831+0000] {logging_mixin.py:137} INFO - [2023-04-16T14:35:41.831+0000] {dag.py:2693} INFO - Sync 1 DAGs
[2023-04-16T14:35:41.848+0000] {logging_mixin.py:137} INFO - [2023-04-16T14:35:41.848+0000] {dag.py:3444} INFO - Setting next_dagrun for example_task_group to 2023-04-15T14:35:41.848500+00:00, run_after=2023-04-16T14:35:41.848500+00:00
[2023-04-16T14:35:41.861+0000] {processor.py:175} INFO - Processing /home/airflow/.local/lib/python3.7/site-packages/airflow/example_dags/example_task_group.py took 0.075 seconds
[2023-04-16T14:36:13.027+0000] {processor.py:153} INFO - Started process (PID=355) to work on /home/airflow/.local/lib/python3.7/site-packages/airflow/example_dags/example_task_group.py
[2023-04-16T14:36:13.029+0000] {processor.py:743} INFO - Processing file /home/airflow/.local/lib/python3.7/site-packages/airflow/example_dags/example_task_group.py for tasks to queue
[2023-04-16T14:36:13.031+0000] {logging_mixin.py:137} INFO - [2023-04-16T14:36:13.031+0000] {dagbag.py:532} INFO - Filling up the DagBag from /home/airflow/.local/lib/python3.7/site-packages/airflow/example_dags/example_task_group.py
[2023-04-16T14:36:13.066+0000] {processor.py:753} INFO - DAG(s) dict_keys(['example_task_group']) retrieved from /home/airflow/.local/lib/python3.7/site-packages/airflow/example_dags/example_task_group.py
[2023-04-16T14:36:13.098+0000] {logging_mixin.py:137} INFO - [2023-04-16T14:36:13.098+0000] {dag.py:2693} INFO - Sync 1 DAGs
[2023-04-16T14:36:13.121+0000] {logging_mixin.py:137} INFO - [2023-04-16T14:36:13.121+0000] {dag.py:3444} INFO - Setting next_dagrun for example_task_group to 2023-04-15T14:36:13.121114+00:00, run_after=2023-04-16T14:36:13.121114+00:00
[2023-04-16T14:36:13.157+0000] {processor.py:175} INFO - Processing /home/airflow/.local/lib/python3.7/site-packages/airflow/example_dags/example_task_group.py took 0.137 seconds
[2023-04-16T14:36:43.242+0000] {processor.py:153} INFO - Started process (PID=405) to work on /home/airflow/.local/lib/python3.7/site-packages/airflow/example_dags/example_task_group.py
[2023-04-16T14:36:43.245+0000] {processor.py:743} INFO - Processing file /home/airflow/.local/lib/python3.7/site-packages/airflow/example_dags/example_task_group.py for tasks to queue
[2023-04-16T14:36:43.247+0000] {logging_mixin.py:137} INFO - [2023-04-16T14:36:43.246+0000] {dagbag.py:532} INFO - Filling up the DagBag from /home/airflow/.local/lib/python3.7/site-packages/airflow/example_dags/example_task_group.py
[2023-04-16T14:36:43.270+0000] {processor.py:753} INFO - DAG(s) dict_keys(['example_task_group']) retrieved from /home/airflow/.local/lib/python3.7/site-packages/airflow/example_dags/example_task_group.py
[2023-04-16T14:36:43.314+0000] {logging_mixin.py:137} INFO - [2023-04-16T14:36:43.314+0000] {dag.py:2693} INFO - Sync 1 DAGs
[2023-04-16T14:36:43.343+0000] {logging_mixin.py:137} INFO - [2023-04-16T14:36:43.343+0000] {dag.py:3444} INFO - Setting next_dagrun for example_task_group to 2023-04-15T14:36:43.342754+00:00, run_after=2023-04-16T14:36:43.342754+00:00
[2023-04-16T14:36:43.364+0000] {processor.py:175} INFO - Processing /home/airflow/.local/lib/python3.7/site-packages/airflow/example_dags/example_task_group.py took 0.127 seconds
[2023-04-16T14:37:21.855+0000] {processor.py:153} INFO - Started process (PID=47) to work on /home/airflow/.local/lib/python3.7/site-packages/airflow/example_dags/example_task_group.py
[2023-04-16T14:37:21.862+0000] {processor.py:743} INFO - Processing file /home/airflow/.local/lib/python3.7/site-packages/airflow/example_dags/example_task_group.py for tasks to queue
[2023-04-16T14:37:21.864+0000] {logging_mixin.py:137} INFO - [2023-04-16T14:37:21.864+0000] {dagbag.py:532} INFO - Filling up the DagBag from /home/airflow/.local/lib/python3.7/site-packages/airflow/example_dags/example_task_group.py
[2023-04-16T14:37:21.904+0000] {processor.py:753} INFO - DAG(s) dict_keys(['example_task_group']) retrieved from /home/airflow/.local/lib/python3.7/site-packages/airflow/example_dags/example_task_group.py
[2023-04-16T14:37:21.963+0000] {logging_mixin.py:137} INFO - [2023-04-16T14:37:21.962+0000] {dag.py:2693} INFO - Sync 1 DAGs
[2023-04-16T14:37:22.001+0000] {logging_mixin.py:137} INFO - [2023-04-16T14:37:22.000+0000] {dag.py:3444} INFO - Setting next_dagrun for example_task_group to 2023-04-15T14:37:22.000593+00:00, run_after=2023-04-16T14:37:22.000593+00:00
[2023-04-16T14:37:22.023+0000] {processor.py:175} INFO - Processing /home/airflow/.local/lib/python3.7/site-packages/airflow/example_dags/example_task_group.py took 0.174 seconds
[2023-04-16T14:37:52.084+0000] {processor.py:153} INFO - Started process (PID=102) to work on /home/airflow/.local/lib/python3.7/site-packages/airflow/example_dags/example_task_group.py
[2023-04-16T14:37:52.085+0000] {processor.py:743} INFO - Processing file /home/airflow/.local/lib/python3.7/site-packages/airflow/example_dags/example_task_group.py for tasks to queue
[2023-04-16T14:37:52.086+0000] {logging_mixin.py:137} INFO - [2023-04-16T14:37:52.086+0000] {dagbag.py:532} INFO - Filling up the DagBag from /home/airflow/.local/lib/python3.7/site-packages/airflow/example_dags/example_task_group.py
[2023-04-16T14:37:52.098+0000] {processor.py:753} INFO - DAG(s) dict_keys(['example_task_group']) retrieved from /home/airflow/.local/lib/python3.7/site-packages/airflow/example_dags/example_task_group.py
[2023-04-16T14:37:52.117+0000] {logging_mixin.py:137} INFO - [2023-04-16T14:37:52.117+0000] {dag.py:2693} INFO - Sync 1 DAGs
[2023-04-16T14:37:52.132+0000] {logging_mixin.py:137} INFO - [2023-04-16T14:37:52.132+0000] {dag.py:3444} INFO - Setting next_dagrun for example_task_group to 2023-04-15T14:37:52.132608+00:00, run_after=2023-04-16T14:37:52.132608+00:00
[2023-04-16T14:37:52.144+0000] {processor.py:175} INFO - Processing /home/airflow/.local/lib/python3.7/site-packages/airflow/example_dags/example_task_group.py took 0.063 seconds
[2023-04-16T14:38:57.604+0000] {processor.py:153} INFO - Started process (PID=47) to work on /home/airflow/.local/lib/python3.7/site-packages/airflow/example_dags/example_task_group.py
[2023-04-16T14:38:57.606+0000] {processor.py:743} INFO - Processing file /home/airflow/.local/lib/python3.7/site-packages/airflow/example_dags/example_task_group.py for tasks to queue
[2023-04-16T14:38:57.607+0000] {logging_mixin.py:137} INFO - [2023-04-16T14:38:57.607+0000] {dagbag.py:532} INFO - Filling up the DagBag from /home/airflow/.local/lib/python3.7/site-packages/airflow/example_dags/example_task_group.py
[2023-04-16T14:38:57.632+0000] {processor.py:753} INFO - DAG(s) dict_keys(['example_task_group']) retrieved from /home/airflow/.local/lib/python3.7/site-packages/airflow/example_dags/example_task_group.py
[2023-04-16T14:38:57.678+0000] {logging_mixin.py:137} INFO - [2023-04-16T14:38:57.678+0000] {dag.py:2693} INFO - Sync 1 DAGs
[2023-04-16T14:38:57.741+0000] {logging_mixin.py:137} INFO - [2023-04-16T14:38:57.741+0000] {dag.py:3444} INFO - Setting next_dagrun for example_task_group to 2023-04-15T14:38:57.741175+00:00, run_after=2023-04-16T14:38:57.741175+00:00
[2023-04-16T14:38:57.769+0000] {processor.py:175} INFO - Processing /home/airflow/.local/lib/python3.7/site-packages/airflow/example_dags/example_task_group.py took 0.167 seconds
[2023-04-16T14:39:27.842+0000] {processor.py:153} INFO - Started process (PID=101) to work on /home/airflow/.local/lib/python3.7/site-packages/airflow/example_dags/example_task_group.py
[2023-04-16T14:39:27.844+0000] {processor.py:743} INFO - Processing file /home/airflow/.local/lib/python3.7/site-packages/airflow/example_dags/example_task_group.py for tasks to queue
[2023-04-16T14:39:27.844+0000] {logging_mixin.py:137} INFO - [2023-04-16T14:39:27.844+0000] {dagbag.py:532} INFO - Filling up the DagBag from /home/airflow/.local/lib/python3.7/site-packages/airflow/example_dags/example_task_group.py
[2023-04-16T14:39:27.855+0000] {processor.py:753} INFO - DAG(s) dict_keys(['example_task_group']) retrieved from /home/airflow/.local/lib/python3.7/site-packages/airflow/example_dags/example_task_group.py
[2023-04-16T14:39:27.874+0000] {logging_mixin.py:137} INFO - [2023-04-16T14:39:27.874+0000] {dag.py:2693} INFO - Sync 1 DAGs
[2023-04-16T14:39:27.889+0000] {logging_mixin.py:137} INFO - [2023-04-16T14:39:27.888+0000] {dag.py:3444} INFO - Setting next_dagrun for example_task_group to 2023-04-15T14:39:27.888764+00:00, run_after=2023-04-16T14:39:27.888764+00:00
[2023-04-16T14:39:27.899+0000] {processor.py:175} INFO - Processing /home/airflow/.local/lib/python3.7/site-packages/airflow/example_dags/example_task_group.py took 0.060 seconds
[2023-04-16T14:39:58.482+0000] {processor.py:153} INFO - Started process (PID=150) to work on /home/airflow/.local/lib/python3.7/site-packages/airflow/example_dags/example_task_group.py
[2023-04-16T14:39:58.483+0000] {processor.py:743} INFO - Processing file /home/airflow/.local/lib/python3.7/site-packages/airflow/example_dags/example_task_group.py for tasks to queue
[2023-04-16T14:39:58.484+0000] {logging_mixin.py:137} INFO - [2023-04-16T14:39:58.484+0000] {dagbag.py:532} INFO - Filling up the DagBag from /home/airflow/.local/lib/python3.7/site-packages/airflow/example_dags/example_task_group.py
[2023-04-16T14:39:58.495+0000] {processor.py:753} INFO - DAG(s) dict_keys(['example_task_group']) retrieved from /home/airflow/.local/lib/python3.7/site-packages/airflow/example_dags/example_task_group.py
[2023-04-16T14:39:58.515+0000] {logging_mixin.py:137} INFO - [2023-04-16T14:39:58.515+0000] {dag.py:2693} INFO - Sync 1 DAGs
[2023-04-16T14:39:58.531+0000] {logging_mixin.py:137} INFO - [2023-04-16T14:39:58.531+0000] {dag.py:3444} INFO - Setting next_dagrun for example_task_group to 2023-04-15T14:39:58.531195+00:00, run_after=2023-04-16T14:39:58.531195+00:00
[2023-04-16T14:39:58.545+0000] {processor.py:175} INFO - Processing /home/airflow/.local/lib/python3.7/site-packages/airflow/example_dags/example_task_group.py took 0.066 seconds
[2023-04-16T14:40:29.032+0000] {processor.py:153} INFO - Started process (PID=200) to work on /home/airflow/.local/lib/python3.7/site-packages/airflow/example_dags/example_task_group.py
[2023-04-16T14:40:29.033+0000] {processor.py:743} INFO - Processing file /home/airflow/.local/lib/python3.7/site-packages/airflow/example_dags/example_task_group.py for tasks to queue
[2023-04-16T14:40:29.034+0000] {logging_mixin.py:137} INFO - [2023-04-16T14:40:29.034+0000] {dagbag.py:532} INFO - Filling up the DagBag from /home/airflow/.local/lib/python3.7/site-packages/airflow/example_dags/example_task_group.py
[2023-04-16T14:40:29.046+0000] {processor.py:753} INFO - DAG(s) dict_keys(['example_task_group']) retrieved from /home/airflow/.local/lib/python3.7/site-packages/airflow/example_dags/example_task_group.py
[2023-04-16T14:40:29.066+0000] {logging_mixin.py:137} INFO - [2023-04-16T14:40:29.065+0000] {dag.py:2693} INFO - Sync 1 DAGs
[2023-04-16T14:40:29.081+0000] {logging_mixin.py:137} INFO - [2023-04-16T14:40:29.081+0000] {dag.py:3444} INFO - Setting next_dagrun for example_task_group to 2023-04-15T14:40:29.081260+00:00, run_after=2023-04-16T14:40:29.081260+00:00
[2023-04-16T14:40:29.093+0000] {processor.py:175} INFO - Processing /home/airflow/.local/lib/python3.7/site-packages/airflow/example_dags/example_task_group.py took 0.064 seconds
[2023-04-16T14:40:59.684+0000] {processor.py:153} INFO - Started process (PID=250) to work on /home/airflow/.local/lib/python3.7/site-packages/airflow/example_dags/example_task_group.py
[2023-04-16T14:40:59.686+0000] {processor.py:743} INFO - Processing file /home/airflow/.local/lib/python3.7/site-packages/airflow/example_dags/example_task_group.py for tasks to queue
[2023-04-16T14:40:59.687+0000] {logging_mixin.py:137} INFO - [2023-04-16T14:40:59.687+0000] {dagbag.py:532} INFO - Filling up the DagBag from /home/airflow/.local/lib/python3.7/site-packages/airflow/example_dags/example_task_group.py
[2023-04-16T14:40:59.699+0000] {processor.py:753} INFO - DAG(s) dict_keys(['example_task_group']) retrieved from /home/airflow/.local/lib/python3.7/site-packages/airflow/example_dags/example_task_group.py
[2023-04-16T14:40:59.721+0000] {logging_mixin.py:137} INFO - [2023-04-16T14:40:59.721+0000] {dag.py:2693} INFO - Sync 1 DAGs
[2023-04-16T14:40:59.740+0000] {logging_mixin.py:137} INFO - [2023-04-16T14:40:59.740+0000] {dag.py:3444} INFO - Setting next_dagrun for example_task_group to 2023-04-15T14:40:59.739834+00:00, run_after=2023-04-16T14:40:59.739834+00:00
[2023-04-16T14:40:59.753+0000] {processor.py:175} INFO - Processing /home/airflow/.local/lib/python3.7/site-packages/airflow/example_dags/example_task_group.py took 0.073 seconds
[2023-04-16T14:41:30.562+0000] {processor.py:153} INFO - Started process (PID=300) to work on /home/airflow/.local/lib/python3.7/site-packages/airflow/example_dags/example_task_group.py
[2023-04-16T14:41:30.564+0000] {processor.py:743} INFO - Processing file /home/airflow/.local/lib/python3.7/site-packages/airflow/example_dags/example_task_group.py for tasks to queue
[2023-04-16T14:41:30.565+0000] {logging_mixin.py:137} INFO - [2023-04-16T14:41:30.565+0000] {dagbag.py:532} INFO - Filling up the DagBag from /home/airflow/.local/lib/python3.7/site-packages/airflow/example_dags/example_task_group.py
[2023-04-16T14:41:30.580+0000] {processor.py:753} INFO - DAG(s) dict_keys(['example_task_group']) retrieved from /home/airflow/.local/lib/python3.7/site-packages/airflow/example_dags/example_task_group.py
[2023-04-16T14:41:30.606+0000] {logging_mixin.py:137} INFO - [2023-04-16T14:41:30.606+0000] {dag.py:2693} INFO - Sync 1 DAGs
[2023-04-16T14:41:30.631+0000] {logging_mixin.py:137} INFO - [2023-04-16T14:41:30.631+0000] {dag.py:3444} INFO - Setting next_dagrun for example_task_group to 2023-04-15T14:41:30.630821+00:00, run_after=2023-04-16T14:41:30.630821+00:00
[2023-04-16T14:41:30.732+0000] {processor.py:175} INFO - Processing /home/airflow/.local/lib/python3.7/site-packages/airflow/example_dags/example_task_group.py took 0.173 seconds
[2023-04-16T14:42:01.987+0000] {processor.py:153} INFO - Started process (PID=350) to work on /home/airflow/.local/lib/python3.7/site-packages/airflow/example_dags/example_task_group.py
[2023-04-16T14:42:01.989+0000] {processor.py:743} INFO - Processing file /home/airflow/.local/lib/python3.7/site-packages/airflow/example_dags/example_task_group.py for tasks to queue
[2023-04-16T14:42:01.990+0000] {logging_mixin.py:137} INFO - [2023-04-16T14:42:01.990+0000] {dagbag.py:532} INFO - Filling up the DagBag from /home/airflow/.local/lib/python3.7/site-packages/airflow/example_dags/example_task_group.py
[2023-04-16T14:42:02.013+0000] {processor.py:753} INFO - DAG(s) dict_keys(['example_task_group']) retrieved from /home/airflow/.local/lib/python3.7/site-packages/airflow/example_dags/example_task_group.py
[2023-04-16T14:42:02.056+0000] {logging_mixin.py:137} INFO - [2023-04-16T14:42:02.055+0000] {dag.py:2693} INFO - Sync 1 DAGs
[2023-04-16T14:42:02.081+0000] {logging_mixin.py:137} INFO - [2023-04-16T14:42:02.081+0000] {dag.py:3444} INFO - Setting next_dagrun for example_task_group to 2023-04-15T14:42:02.081534+00:00, run_after=2023-04-16T14:42:02.081534+00:00
[2023-04-16T14:42:02.116+0000] {processor.py:175} INFO - Processing /home/airflow/.local/lib/python3.7/site-packages/airflow/example_dags/example_task_group.py took 0.133 seconds
[2023-04-16T14:43:09.196+0000] {processor.py:153} INFO - Started process (PID=46) to work on /home/airflow/.local/lib/python3.7/site-packages/airflow/example_dags/example_task_group.py
[2023-04-16T14:43:09.205+0000] {processor.py:743} INFO - Processing file /home/airflow/.local/lib/python3.7/site-packages/airflow/example_dags/example_task_group.py for tasks to queue
[2023-04-16T14:43:09.210+0000] {logging_mixin.py:137} INFO - [2023-04-16T14:43:09.210+0000] {dagbag.py:532} INFO - Filling up the DagBag from /home/airflow/.local/lib/python3.7/site-packages/airflow/example_dags/example_task_group.py
[2023-04-16T14:43:09.253+0000] {processor.py:753} INFO - DAG(s) dict_keys(['example_task_group']) retrieved from /home/airflow/.local/lib/python3.7/site-packages/airflow/example_dags/example_task_group.py
[2023-04-16T14:43:09.317+0000] {logging_mixin.py:137} INFO - [2023-04-16T14:43:09.316+0000] {dag.py:2693} INFO - Sync 1 DAGs
[2023-04-16T14:43:09.359+0000] {logging_mixin.py:137} INFO - [2023-04-16T14:43:09.358+0000] {dag.py:3444} INFO - Setting next_dagrun for example_task_group to 2023-04-15T14:43:09.358104+00:00, run_after=2023-04-16T14:43:09.358104+00:00
[2023-04-16T14:43:09.406+0000] {processor.py:175} INFO - Processing /home/airflow/.local/lib/python3.7/site-packages/airflow/example_dags/example_task_group.py took 0.218 seconds
[2023-04-16T14:43:40.209+0000] {processor.py:153} INFO - Started process (PID=96) to work on /home/airflow/.local/lib/python3.7/site-packages/airflow/example_dags/example_task_group.py
[2023-04-16T14:43:40.211+0000] {processor.py:743} INFO - Processing file /home/airflow/.local/lib/python3.7/site-packages/airflow/example_dags/example_task_group.py for tasks to queue
[2023-04-16T14:43:40.212+0000] {logging_mixin.py:137} INFO - [2023-04-16T14:43:40.212+0000] {dagbag.py:532} INFO - Filling up the DagBag from /home/airflow/.local/lib/python3.7/site-packages/airflow/example_dags/example_task_group.py
[2023-04-16T14:43:40.227+0000] {processor.py:753} INFO - DAG(s) dict_keys(['example_task_group']) retrieved from /home/airflow/.local/lib/python3.7/site-packages/airflow/example_dags/example_task_group.py
[2023-04-16T14:43:40.249+0000] {logging_mixin.py:137} INFO - [2023-04-16T14:43:40.249+0000] {dag.py:2693} INFO - Sync 1 DAGs
[2023-04-16T14:43:40.266+0000] {logging_mixin.py:137} INFO - [2023-04-16T14:43:40.266+0000] {dag.py:3444} INFO - Setting next_dagrun for example_task_group to 2023-04-15T14:43:40.265838+00:00, run_after=2023-04-16T14:43:40.265838+00:00
[2023-04-16T14:43:40.278+0000] {processor.py:175} INFO - Processing /home/airflow/.local/lib/python3.7/site-packages/airflow/example_dags/example_task_group.py took 0.073 seconds
[2023-04-16T14:44:11.041+0000] {processor.py:153} INFO - Started process (PID=146) to work on /home/airflow/.local/lib/python3.7/site-packages/airflow/example_dags/example_task_group.py
[2023-04-16T14:44:11.043+0000] {processor.py:743} INFO - Processing file /home/airflow/.local/lib/python3.7/site-packages/airflow/example_dags/example_task_group.py for tasks to queue
[2023-04-16T14:44:11.044+0000] {logging_mixin.py:137} INFO - [2023-04-16T14:44:11.044+0000] {dagbag.py:532} INFO - Filling up the DagBag from /home/airflow/.local/lib/python3.7/site-packages/airflow/example_dags/example_task_group.py
[2023-04-16T14:44:11.060+0000] {processor.py:753} INFO - DAG(s) dict_keys(['example_task_group']) retrieved from /home/airflow/.local/lib/python3.7/site-packages/airflow/example_dags/example_task_group.py
[2023-04-16T14:44:11.083+0000] {logging_mixin.py:137} INFO - [2023-04-16T14:44:11.083+0000] {dag.py:2693} INFO - Sync 1 DAGs
[2023-04-16T14:44:11.099+0000] {logging_mixin.py:137} INFO - [2023-04-16T14:44:11.098+0000] {dag.py:3444} INFO - Setting next_dagrun for example_task_group to 2023-04-15T14:44:11.098712+00:00, run_after=2023-04-16T14:44:11.098712+00:00
[2023-04-16T14:44:11.110+0000] {processor.py:175} INFO - Processing /home/airflow/.local/lib/python3.7/site-packages/airflow/example_dags/example_task_group.py took 0.073 seconds
[2023-04-16T14:44:41.663+0000] {processor.py:153} INFO - Started process (PID=196) to work on /home/airflow/.local/lib/python3.7/site-packages/airflow/example_dags/example_task_group.py
[2023-04-16T14:44:41.666+0000] {processor.py:743} INFO - Processing file /home/airflow/.local/lib/python3.7/site-packages/airflow/example_dags/example_task_group.py for tasks to queue
[2023-04-16T14:44:41.667+0000] {logging_mixin.py:137} INFO - [2023-04-16T14:44:41.667+0000] {dagbag.py:532} INFO - Filling up the DagBag from /home/airflow/.local/lib/python3.7/site-packages/airflow/example_dags/example_task_group.py
[2023-04-16T14:44:41.685+0000] {processor.py:753} INFO - DAG(s) dict_keys(['example_task_group']) retrieved from /home/airflow/.local/lib/python3.7/site-packages/airflow/example_dags/example_task_group.py
[2023-04-16T14:44:41.716+0000] {logging_mixin.py:137} INFO - [2023-04-16T14:44:41.716+0000] {dag.py:2693} INFO - Sync 1 DAGs
[2023-04-16T14:44:41.739+0000] {logging_mixin.py:137} INFO - [2023-04-16T14:44:41.739+0000] {dag.py:3444} INFO - Setting next_dagrun for example_task_group to 2023-04-15T14:44:41.738980+00:00, run_after=2023-04-16T14:44:41.738980+00:00
[2023-04-16T14:44:41.759+0000] {processor.py:175} INFO - Processing /home/airflow/.local/lib/python3.7/site-packages/airflow/example_dags/example_task_group.py took 0.100 seconds
[2023-04-16T14:45:11.833+0000] {processor.py:153} INFO - Started process (PID=246) to work on /home/airflow/.local/lib/python3.7/site-packages/airflow/example_dags/example_task_group.py
[2023-04-16T14:45:11.835+0000] {processor.py:743} INFO - Processing file /home/airflow/.local/lib/python3.7/site-packages/airflow/example_dags/example_task_group.py for tasks to queue
[2023-04-16T14:45:11.836+0000] {logging_mixin.py:137} INFO - [2023-04-16T14:45:11.836+0000] {dagbag.py:532} INFO - Filling up the DagBag from /home/airflow/.local/lib/python3.7/site-packages/airflow/example_dags/example_task_group.py
[2023-04-16T14:45:11.851+0000] {processor.py:753} INFO - DAG(s) dict_keys(['example_task_group']) retrieved from /home/airflow/.local/lib/python3.7/site-packages/airflow/example_dags/example_task_group.py
[2023-04-16T14:45:11.874+0000] {logging_mixin.py:137} INFO - [2023-04-16T14:45:11.874+0000] {dag.py:2693} INFO - Sync 1 DAGs
[2023-04-16T14:45:11.893+0000] {logging_mixin.py:137} INFO - [2023-04-16T14:45:11.893+0000] {dag.py:3444} INFO - Setting next_dagrun for example_task_group to 2023-04-15T14:45:11.892878+00:00, run_after=2023-04-16T14:45:11.892878+00:00
[2023-04-16T14:45:11.905+0000] {processor.py:175} INFO - Processing /home/airflow/.local/lib/python3.7/site-packages/airflow/example_dags/example_task_group.py took 0.075 seconds
[2023-04-16T14:45:42.661+0000] {processor.py:153} INFO - Started process (PID=296) to work on /home/airflow/.local/lib/python3.7/site-packages/airflow/example_dags/example_task_group.py
[2023-04-16T14:45:42.663+0000] {processor.py:743} INFO - Processing file /home/airflow/.local/lib/python3.7/site-packages/airflow/example_dags/example_task_group.py for tasks to queue
[2023-04-16T14:45:42.665+0000] {logging_mixin.py:137} INFO - [2023-04-16T14:45:42.665+0000] {dagbag.py:532} INFO - Filling up the DagBag from /home/airflow/.local/lib/python3.7/site-packages/airflow/example_dags/example_task_group.py
[2023-04-16T14:45:42.686+0000] {processor.py:753} INFO - DAG(s) dict_keys(['example_task_group']) retrieved from /home/airflow/.local/lib/python3.7/site-packages/airflow/example_dags/example_task_group.py
[2023-04-16T14:45:42.713+0000] {logging_mixin.py:137} INFO - [2023-04-16T14:45:42.713+0000] {dag.py:2693} INFO - Sync 1 DAGs
[2023-04-16T14:45:42.731+0000] {logging_mixin.py:137} INFO - [2023-04-16T14:45:42.731+0000] {dag.py:3444} INFO - Setting next_dagrun for example_task_group to 2023-04-15T14:45:42.731438+00:00, run_after=2023-04-16T14:45:42.731438+00:00
[2023-04-16T14:45:42.748+0000] {processor.py:175} INFO - Processing /home/airflow/.local/lib/python3.7/site-packages/airflow/example_dags/example_task_group.py took 0.090 seconds
[2023-04-16T14:46:25.937+0000] {processor.py:153} INFO - Started process (PID=47) to work on /home/airflow/.local/lib/python3.7/site-packages/airflow/example_dags/example_task_group.py
[2023-04-16T14:46:25.939+0000] {processor.py:743} INFO - Processing file /home/airflow/.local/lib/python3.7/site-packages/airflow/example_dags/example_task_group.py for tasks to queue
[2023-04-16T14:46:25.941+0000] {logging_mixin.py:137} INFO - [2023-04-16T14:46:25.940+0000] {dagbag.py:532} INFO - Filling up the DagBag from /home/airflow/.local/lib/python3.7/site-packages/airflow/example_dags/example_task_group.py
[2023-04-16T14:46:25.971+0000] {processor.py:753} INFO - DAG(s) dict_keys(['example_task_group']) retrieved from /home/airflow/.local/lib/python3.7/site-packages/airflow/example_dags/example_task_group.py
[2023-04-16T14:46:25.993+0000] {logging_mixin.py:137} INFO - [2023-04-16T14:46:25.993+0000] {dag.py:2693} INFO - Sync 1 DAGs
[2023-04-16T14:46:26.030+0000] {logging_mixin.py:137} INFO - [2023-04-16T14:46:26.030+0000] {dag.py:3444} INFO - Setting next_dagrun for example_task_group to 2023-04-15T14:46:26.029219+00:00, run_after=2023-04-16T14:46:26.029219+00:00
[2023-04-16T14:46:26.050+0000] {processor.py:175} INFO - Processing /home/airflow/.local/lib/python3.7/site-packages/airflow/example_dags/example_task_group.py took 0.118 seconds
[2023-04-16T14:46:56.630+0000] {processor.py:153} INFO - Started process (PID=101) to work on /home/airflow/.local/lib/python3.7/site-packages/airflow/example_dags/example_task_group.py
[2023-04-16T14:46:56.631+0000] {processor.py:743} INFO - Processing file /home/airflow/.local/lib/python3.7/site-packages/airflow/example_dags/example_task_group.py for tasks to queue
[2023-04-16T14:46:56.632+0000] {logging_mixin.py:137} INFO - [2023-04-16T14:46:56.632+0000] {dagbag.py:532} INFO - Filling up the DagBag from /home/airflow/.local/lib/python3.7/site-packages/airflow/example_dags/example_task_group.py
[2023-04-16T14:46:56.647+0000] {processor.py:753} INFO - DAG(s) dict_keys(['example_task_group']) retrieved from /home/airflow/.local/lib/python3.7/site-packages/airflow/example_dags/example_task_group.py
[2023-04-16T14:46:56.666+0000] {logging_mixin.py:137} INFO - [2023-04-16T14:46:56.666+0000] {dag.py:2693} INFO - Sync 1 DAGs
[2023-04-16T14:46:56.682+0000] {logging_mixin.py:137} INFO - [2023-04-16T14:46:56.682+0000] {dag.py:3444} INFO - Setting next_dagrun for example_task_group to 2023-04-15T14:46:56.682094+00:00, run_after=2023-04-16T14:46:56.682094+00:00
[2023-04-16T14:46:56.695+0000] {processor.py:175} INFO - Processing /home/airflow/.local/lib/python3.7/site-packages/airflow/example_dags/example_task_group.py took 0.067 seconds
[2023-04-16T14:47:27.392+0000] {processor.py:153} INFO - Started process (PID=151) to work on /home/airflow/.local/lib/python3.7/site-packages/airflow/example_dags/example_task_group.py
[2023-04-16T14:47:27.393+0000] {processor.py:743} INFO - Processing file /home/airflow/.local/lib/python3.7/site-packages/airflow/example_dags/example_task_group.py for tasks to queue
[2023-04-16T14:47:27.394+0000] {logging_mixin.py:137} INFO - [2023-04-16T14:47:27.394+0000] {dagbag.py:532} INFO - Filling up the DagBag from /home/airflow/.local/lib/python3.7/site-packages/airflow/example_dags/example_task_group.py
[2023-04-16T14:47:27.409+0000] {processor.py:753} INFO - DAG(s) dict_keys(['example_task_group']) retrieved from /home/airflow/.local/lib/python3.7/site-packages/airflow/example_dags/example_task_group.py
[2023-04-16T14:47:27.430+0000] {logging_mixin.py:137} INFO - [2023-04-16T14:47:27.430+0000] {dag.py:2693} INFO - Sync 1 DAGs
[2023-04-16T14:47:27.446+0000] {logging_mixin.py:137} INFO - [2023-04-16T14:47:27.446+0000] {dag.py:3444} INFO - Setting next_dagrun for example_task_group to 2023-04-15T14:47:27.445821+00:00, run_after=2023-04-16T14:47:27.445821+00:00
[2023-04-16T14:47:27.458+0000] {processor.py:175} INFO - Processing /home/airflow/.local/lib/python3.7/site-packages/airflow/example_dags/example_task_group.py took 0.069 seconds
[2023-04-16T14:47:58.041+0000] {processor.py:153} INFO - Started process (PID=201) to work on /home/airflow/.local/lib/python3.7/site-packages/airflow/example_dags/example_task_group.py
[2023-04-16T14:47:58.043+0000] {processor.py:743} INFO - Processing file /home/airflow/.local/lib/python3.7/site-packages/airflow/example_dags/example_task_group.py for tasks to queue
[2023-04-16T14:47:58.045+0000] {logging_mixin.py:137} INFO - [2023-04-16T14:47:58.045+0000] {dagbag.py:532} INFO - Filling up the DagBag from /home/airflow/.local/lib/python3.7/site-packages/airflow/example_dags/example_task_group.py
[2023-04-16T14:47:58.060+0000] {processor.py:753} INFO - DAG(s) dict_keys(['example_task_group']) retrieved from /home/airflow/.local/lib/python3.7/site-packages/airflow/example_dags/example_task_group.py
[2023-04-16T14:47:58.082+0000] {logging_mixin.py:137} INFO - [2023-04-16T14:47:58.082+0000] {dag.py:2693} INFO - Sync 1 DAGs
[2023-04-16T14:47:58.103+0000] {logging_mixin.py:137} INFO - [2023-04-16T14:47:58.103+0000] {dag.py:3444} INFO - Setting next_dagrun for example_task_group to 2023-04-15T14:47:58.102798+00:00, run_after=2023-04-16T14:47:58.102798+00:00
[2023-04-16T14:47:58.116+0000] {processor.py:175} INFO - Processing /home/airflow/.local/lib/python3.7/site-packages/airflow/example_dags/example_task_group.py took 0.079 seconds
[2023-04-16T14:48:28.752+0000] {processor.py:153} INFO - Started process (PID=251) to work on /home/airflow/.local/lib/python3.7/site-packages/airflow/example_dags/example_task_group.py
[2023-04-16T14:48:28.753+0000] {processor.py:743} INFO - Processing file /home/airflow/.local/lib/python3.7/site-packages/airflow/example_dags/example_task_group.py for tasks to queue
[2023-04-16T14:48:28.754+0000] {logging_mixin.py:137} INFO - [2023-04-16T14:48:28.754+0000] {dagbag.py:532} INFO - Filling up the DagBag from /home/airflow/.local/lib/python3.7/site-packages/airflow/example_dags/example_task_group.py
[2023-04-16T14:48:28.765+0000] {processor.py:753} INFO - DAG(s) dict_keys(['example_task_group']) retrieved from /home/airflow/.local/lib/python3.7/site-packages/airflow/example_dags/example_task_group.py
[2023-04-16T14:48:28.788+0000] {logging_mixin.py:137} INFO - [2023-04-16T14:48:28.788+0000] {dag.py:2693} INFO - Sync 1 DAGs
[2023-04-16T14:48:28.807+0000] {logging_mixin.py:137} INFO - [2023-04-16T14:48:28.807+0000] {dag.py:3444} INFO - Setting next_dagrun for example_task_group to 2023-04-15T14:48:28.807076+00:00, run_after=2023-04-16T14:48:28.807076+00:00
[2023-04-16T14:48:28.821+0000] {processor.py:175} INFO - Processing /home/airflow/.local/lib/python3.7/site-packages/airflow/example_dags/example_task_group.py took 0.072 seconds
[2023-04-16T14:48:59.398+0000] {processor.py:153} INFO - Started process (PID=301) to work on /home/airflow/.local/lib/python3.7/site-packages/airflow/example_dags/example_task_group.py
[2023-04-16T14:48:59.400+0000] {processor.py:743} INFO - Processing file /home/airflow/.local/lib/python3.7/site-packages/airflow/example_dags/example_task_group.py for tasks to queue
[2023-04-16T14:48:59.402+0000] {logging_mixin.py:137} INFO - [2023-04-16T14:48:59.402+0000] {dagbag.py:532} INFO - Filling up the DagBag from /home/airflow/.local/lib/python3.7/site-packages/airflow/example_dags/example_task_group.py
[2023-04-16T14:48:59.417+0000] {processor.py:753} INFO - DAG(s) dict_keys(['example_task_group']) retrieved from /home/airflow/.local/lib/python3.7/site-packages/airflow/example_dags/example_task_group.py
[2023-04-16T14:48:59.451+0000] {logging_mixin.py:137} INFO - [2023-04-16T14:48:59.450+0000] {dag.py:2693} INFO - Sync 1 DAGs
[2023-04-16T14:48:59.481+0000] {logging_mixin.py:137} INFO - [2023-04-16T14:48:59.481+0000] {dag.py:3444} INFO - Setting next_dagrun for example_task_group to 2023-04-15T14:48:59.480787+00:00, run_after=2023-04-16T14:48:59.480787+00:00
[2023-04-16T14:48:59.495+0000] {processor.py:175} INFO - Processing /home/airflow/.local/lib/python3.7/site-packages/airflow/example_dags/example_task_group.py took 0.100 seconds
[2023-04-16T14:49:30.365+0000] {processor.py:153} INFO - Started process (PID=351) to work on /home/airflow/.local/lib/python3.7/site-packages/airflow/example_dags/example_task_group.py
[2023-04-16T14:49:30.372+0000] {processor.py:743} INFO - Processing file /home/airflow/.local/lib/python3.7/site-packages/airflow/example_dags/example_task_group.py for tasks to queue
[2023-04-16T14:49:30.372+0000] {logging_mixin.py:137} INFO - [2023-04-16T14:49:30.372+0000] {dagbag.py:532} INFO - Filling up the DagBag from /home/airflow/.local/lib/python3.7/site-packages/airflow/example_dags/example_task_group.py
[2023-04-16T14:49:30.387+0000] {processor.py:753} INFO - DAG(s) dict_keys(['example_task_group']) retrieved from /home/airflow/.local/lib/python3.7/site-packages/airflow/example_dags/example_task_group.py
[2023-04-16T14:49:30.423+0000] {logging_mixin.py:137} INFO - [2023-04-16T14:49:30.423+0000] {dag.py:2693} INFO - Sync 1 DAGs
[2023-04-16T14:49:30.449+0000] {logging_mixin.py:137} INFO - [2023-04-16T14:49:30.449+0000] {dag.py:3444} INFO - Setting next_dagrun for example_task_group to 2023-04-15T14:49:30.449590+00:00, run_after=2023-04-16T14:49:30.449590+00:00
[2023-04-16T14:49:30.462+0000] {processor.py:175} INFO - Processing /home/airflow/.local/lib/python3.7/site-packages/airflow/example_dags/example_task_group.py took 0.100 seconds
