[2023-04-16T14:21:45.627+0000] {processor.py:153} INFO - Started process (PID=36) to work on /home/airflow/.local/lib/python3.7/site-packages/airflow/example_dags/example_short_circuit_operator.py
[2023-04-16T14:21:45.628+0000] {processor.py:743} INFO - Processing file /home/airflow/.local/lib/python3.7/site-packages/airflow/example_dags/example_short_circuit_operator.py for tasks to queue
[2023-04-16T14:21:45.629+0000] {logging_mixin.py:137} INFO - [2023-04-16T14:21:45.629+0000] {dagbag.py:532} INFO - Filling up the DagBag from /home/airflow/.local/lib/python3.7/site-packages/airflow/example_dags/example_short_circuit_operator.py
[2023-04-16T14:21:45.672+0000] {processor.py:753} INFO - DAG(s) dict_keys(['example_short_circuit_operator']) retrieved from /home/airflow/.local/lib/python3.7/site-packages/airflow/example_dags/example_short_circuit_operator.py
[2023-04-16T14:21:45.714+0000] {logging_mixin.py:137} INFO - [2023-04-16T14:21:45.713+0000] {dag.py:2693} INFO - Sync 1 DAGs
[2023-04-16T14:21:45.741+0000] {logging_mixin.py:137} INFO - [2023-04-16T14:21:45.741+0000] {dag.py:3444} INFO - Setting next_dagrun for example_short_circuit_operator to 2023-04-15T14:21:45.741014+00:00, run_after=2023-04-16T14:21:45.741014+00:00
[2023-04-16T14:21:45.765+0000] {processor.py:175} INFO - Processing /home/airflow/.local/lib/python3.7/site-packages/airflow/example_dags/example_short_circuit_operator.py took 0.145 seconds
[2023-04-16T14:22:15.981+0000] {processor.py:153} INFO - Started process (PID=84) to work on /home/airflow/.local/lib/python3.7/site-packages/airflow/example_dags/example_short_circuit_operator.py
[2023-04-16T14:22:15.990+0000] {processor.py:743} INFO - Processing file /home/airflow/.local/lib/python3.7/site-packages/airflow/example_dags/example_short_circuit_operator.py for tasks to queue
[2023-04-16T14:22:15.994+0000] {logging_mixin.py:137} INFO - [2023-04-16T14:22:15.993+0000] {dagbag.py:532} INFO - Filling up the DagBag from /home/airflow/.local/lib/python3.7/site-packages/airflow/example_dags/example_short_circuit_operator.py
[2023-04-16T14:22:16.025+0000] {processor.py:753} INFO - DAG(s) dict_keys(['example_short_circuit_operator']) retrieved from /home/airflow/.local/lib/python3.7/site-packages/airflow/example_dags/example_short_circuit_operator.py
[2023-04-16T14:22:16.078+0000] {logging_mixin.py:137} INFO - [2023-04-16T14:22:16.078+0000] {dag.py:2693} INFO - Sync 1 DAGs
[2023-04-16T14:22:16.104+0000] {logging_mixin.py:137} INFO - [2023-04-16T14:22:16.104+0000] {dag.py:3444} INFO - Setting next_dagrun for example_short_circuit_operator to 2023-04-15T14:22:16.104349+00:00, run_after=2023-04-16T14:22:16.104349+00:00
[2023-04-16T14:22:16.121+0000] {processor.py:175} INFO - Processing /home/airflow/.local/lib/python3.7/site-packages/airflow/example_dags/example_short_circuit_operator.py took 0.148 seconds
[2023-04-16T14:22:46.334+0000] {processor.py:153} INFO - Started process (PID=132) to work on /home/airflow/.local/lib/python3.7/site-packages/airflow/example_dags/example_short_circuit_operator.py
[2023-04-16T14:22:46.337+0000] {processor.py:743} INFO - Processing file /home/airflow/.local/lib/python3.7/site-packages/airflow/example_dags/example_short_circuit_operator.py for tasks to queue
[2023-04-16T14:22:46.339+0000] {logging_mixin.py:137} INFO - [2023-04-16T14:22:46.338+0000] {dagbag.py:532} INFO - Filling up the DagBag from /home/airflow/.local/lib/python3.7/site-packages/airflow/example_dags/example_short_circuit_operator.py
[2023-04-16T14:22:46.387+0000] {processor.py:753} INFO - DAG(s) dict_keys(['example_short_circuit_operator']) retrieved from /home/airflow/.local/lib/python3.7/site-packages/airflow/example_dags/example_short_circuit_operator.py
[2023-04-16T14:22:46.609+0000] {logging_mixin.py:137} INFO - [2023-04-16T14:22:46.608+0000] {dag.py:2693} INFO - Sync 1 DAGs
[2023-04-16T14:22:46.657+0000] {logging_mixin.py:137} INFO - [2023-04-16T14:22:46.657+0000] {dag.py:3444} INFO - Setting next_dagrun for example_short_circuit_operator to 2023-04-15T14:22:46.656809+00:00, run_after=2023-04-16T14:22:46.656809+00:00
[2023-04-16T14:22:46.685+0000] {processor.py:175} INFO - Processing /home/airflow/.local/lib/python3.7/site-packages/airflow/example_dags/example_short_circuit_operator.py took 0.359 seconds
[2023-04-16T14:23:17.722+0000] {processor.py:153} INFO - Started process (PID=181) to work on /home/airflow/.local/lib/python3.7/site-packages/airflow/example_dags/example_short_circuit_operator.py
[2023-04-16T14:23:17.724+0000] {processor.py:743} INFO - Processing file /home/airflow/.local/lib/python3.7/site-packages/airflow/example_dags/example_short_circuit_operator.py for tasks to queue
[2023-04-16T14:23:17.726+0000] {logging_mixin.py:137} INFO - [2023-04-16T14:23:17.726+0000] {dagbag.py:532} INFO - Filling up the DagBag from /home/airflow/.local/lib/python3.7/site-packages/airflow/example_dags/example_short_circuit_operator.py
[2023-04-16T14:23:17.752+0000] {processor.py:753} INFO - DAG(s) dict_keys(['example_short_circuit_operator']) retrieved from /home/airflow/.local/lib/python3.7/site-packages/airflow/example_dags/example_short_circuit_operator.py
[2023-04-16T14:23:17.784+0000] {logging_mixin.py:137} INFO - [2023-04-16T14:23:17.783+0000] {dag.py:2693} INFO - Sync 1 DAGs
[2023-04-16T14:23:17.806+0000] {logging_mixin.py:137} INFO - [2023-04-16T14:23:17.806+0000] {dag.py:3444} INFO - Setting next_dagrun for example_short_circuit_operator to 2023-04-15T14:23:17.806060+00:00, run_after=2023-04-16T14:23:17.806060+00:00
[2023-04-16T14:23:17.820+0000] {processor.py:175} INFO - Processing /home/airflow/.local/lib/python3.7/site-packages/airflow/example_dags/example_short_circuit_operator.py took 0.102 seconds
[2023-04-16T14:23:48.344+0000] {processor.py:153} INFO - Started process (PID=229) to work on /home/airflow/.local/lib/python3.7/site-packages/airflow/example_dags/example_short_circuit_operator.py
[2023-04-16T14:23:48.346+0000] {processor.py:743} INFO - Processing file /home/airflow/.local/lib/python3.7/site-packages/airflow/example_dags/example_short_circuit_operator.py for tasks to queue
[2023-04-16T14:23:48.348+0000] {logging_mixin.py:137} INFO - [2023-04-16T14:23:48.348+0000] {dagbag.py:532} INFO - Filling up the DagBag from /home/airflow/.local/lib/python3.7/site-packages/airflow/example_dags/example_short_circuit_operator.py
[2023-04-16T14:23:48.372+0000] {processor.py:753} INFO - DAG(s) dict_keys(['example_short_circuit_operator']) retrieved from /home/airflow/.local/lib/python3.7/site-packages/airflow/example_dags/example_short_circuit_operator.py
[2023-04-16T14:23:48.418+0000] {logging_mixin.py:137} INFO - [2023-04-16T14:23:48.418+0000] {dag.py:2693} INFO - Sync 1 DAGs
[2023-04-16T14:23:48.441+0000] {logging_mixin.py:137} INFO - [2023-04-16T14:23:48.441+0000] {dag.py:3444} INFO - Setting next_dagrun for example_short_circuit_operator to 2023-04-15T14:23:48.440872+00:00, run_after=2023-04-16T14:23:48.440872+00:00
[2023-04-16T14:23:48.456+0000] {processor.py:175} INFO - Processing /home/airflow/.local/lib/python3.7/site-packages/airflow/example_dags/example_short_circuit_operator.py took 0.116 seconds
[2023-04-16T14:24:18.980+0000] {processor.py:153} INFO - Started process (PID=279) to work on /home/airflow/.local/lib/python3.7/site-packages/airflow/example_dags/example_short_circuit_operator.py
[2023-04-16T14:24:18.982+0000] {processor.py:743} INFO - Processing file /home/airflow/.local/lib/python3.7/site-packages/airflow/example_dags/example_short_circuit_operator.py for tasks to queue
[2023-04-16T14:24:18.984+0000] {logging_mixin.py:137} INFO - [2023-04-16T14:24:18.983+0000] {dagbag.py:532} INFO - Filling up the DagBag from /home/airflow/.local/lib/python3.7/site-packages/airflow/example_dags/example_short_circuit_operator.py
[2023-04-16T14:24:19.009+0000] {processor.py:753} INFO - DAG(s) dict_keys(['example_short_circuit_operator']) retrieved from /home/airflow/.local/lib/python3.7/site-packages/airflow/example_dags/example_short_circuit_operator.py
[2023-04-16T14:24:19.038+0000] {logging_mixin.py:137} INFO - [2023-04-16T14:24:19.038+0000] {dag.py:2693} INFO - Sync 1 DAGs
[2023-04-16T14:24:19.060+0000] {logging_mixin.py:137} INFO - [2023-04-16T14:24:19.060+0000] {dag.py:3444} INFO - Setting next_dagrun for example_short_circuit_operator to 2023-04-15T14:24:19.060286+00:00, run_after=2023-04-16T14:24:19.060286+00:00
[2023-04-16T14:24:19.074+0000] {processor.py:175} INFO - Processing /home/airflow/.local/lib/python3.7/site-packages/airflow/example_dags/example_short_circuit_operator.py took 0.100 seconds
[2023-04-16T14:24:49.480+0000] {processor.py:153} INFO - Started process (PID=328) to work on /home/airflow/.local/lib/python3.7/site-packages/airflow/example_dags/example_short_circuit_operator.py
[2023-04-16T14:24:49.482+0000] {processor.py:743} INFO - Processing file /home/airflow/.local/lib/python3.7/site-packages/airflow/example_dags/example_short_circuit_operator.py for tasks to queue
[2023-04-16T14:24:49.483+0000] {logging_mixin.py:137} INFO - [2023-04-16T14:24:49.483+0000] {dagbag.py:532} INFO - Filling up the DagBag from /home/airflow/.local/lib/python3.7/site-packages/airflow/example_dags/example_short_circuit_operator.py
[2023-04-16T14:24:49.509+0000] {processor.py:753} INFO - DAG(s) dict_keys(['example_short_circuit_operator']) retrieved from /home/airflow/.local/lib/python3.7/site-packages/airflow/example_dags/example_short_circuit_operator.py
[2023-04-16T14:24:49.549+0000] {logging_mixin.py:137} INFO - [2023-04-16T14:24:49.549+0000] {dag.py:2693} INFO - Sync 1 DAGs
[2023-04-16T14:24:49.572+0000] {logging_mixin.py:137} INFO - [2023-04-16T14:24:49.572+0000] {dag.py:3444} INFO - Setting next_dagrun for example_short_circuit_operator to 2023-04-15T14:24:49.572451+00:00, run_after=2023-04-16T14:24:49.572451+00:00
[2023-04-16T14:24:49.588+0000] {processor.py:175} INFO - Processing /home/airflow/.local/lib/python3.7/site-packages/airflow/example_dags/example_short_circuit_operator.py took 0.112 seconds
[2023-04-16T14:25:20.335+0000] {processor.py:153} INFO - Started process (PID=377) to work on /home/airflow/.local/lib/python3.7/site-packages/airflow/example_dags/example_short_circuit_operator.py
[2023-04-16T14:25:20.337+0000] {processor.py:743} INFO - Processing file /home/airflow/.local/lib/python3.7/site-packages/airflow/example_dags/example_short_circuit_operator.py for tasks to queue
[2023-04-16T14:25:20.339+0000] {logging_mixin.py:137} INFO - [2023-04-16T14:25:20.339+0000] {dagbag.py:532} INFO - Filling up the DagBag from /home/airflow/.local/lib/python3.7/site-packages/airflow/example_dags/example_short_circuit_operator.py
[2023-04-16T14:25:20.384+0000] {processor.py:753} INFO - DAG(s) dict_keys(['example_short_circuit_operator']) retrieved from /home/airflow/.local/lib/python3.7/site-packages/airflow/example_dags/example_short_circuit_operator.py
[2023-04-16T14:25:20.443+0000] {logging_mixin.py:137} INFO - [2023-04-16T14:25:20.442+0000] {dag.py:2693} INFO - Sync 1 DAGs
[2023-04-16T14:25:20.471+0000] {logging_mixin.py:137} INFO - [2023-04-16T14:25:20.471+0000] {dag.py:3444} INFO - Setting next_dagrun for example_short_circuit_operator to 2023-04-15T14:25:20.470735+00:00, run_after=2023-04-16T14:25:20.470735+00:00
[2023-04-16T14:25:20.488+0000] {processor.py:175} INFO - Processing /home/airflow/.local/lib/python3.7/site-packages/airflow/example_dags/example_short_circuit_operator.py took 0.159 seconds
[2023-04-16T14:26:11.137+0000] {processor.py:153} INFO - Started process (PID=36) to work on /home/airflow/.local/lib/python3.7/site-packages/airflow/example_dags/example_short_circuit_operator.py
[2023-04-16T14:26:11.139+0000] {processor.py:743} INFO - Processing file /home/airflow/.local/lib/python3.7/site-packages/airflow/example_dags/example_short_circuit_operator.py for tasks to queue
[2023-04-16T14:26:11.141+0000] {logging_mixin.py:137} INFO - [2023-04-16T14:26:11.140+0000] {dagbag.py:532} INFO - Filling up the DagBag from /home/airflow/.local/lib/python3.7/site-packages/airflow/example_dags/example_short_circuit_operator.py
[2023-04-16T14:26:11.167+0000] {processor.py:753} INFO - DAG(s) dict_keys(['example_short_circuit_operator']) retrieved from /home/airflow/.local/lib/python3.7/site-packages/airflow/example_dags/example_short_circuit_operator.py
[2023-04-16T14:26:11.221+0000] {logging_mixin.py:137} INFO - [2023-04-16T14:26:11.221+0000] {dag.py:2693} INFO - Sync 1 DAGs
[2023-04-16T14:26:11.284+0000] {logging_mixin.py:137} INFO - [2023-04-16T14:26:11.284+0000] {dag.py:3444} INFO - Setting next_dagrun for example_short_circuit_operator to 2023-04-15T14:26:11.284017+00:00, run_after=2023-04-16T14:26:11.284017+00:00
[2023-04-16T14:26:11.309+0000] {processor.py:175} INFO - Processing /home/airflow/.local/lib/python3.7/site-packages/airflow/example_dags/example_short_circuit_operator.py took 0.177 seconds
[2023-04-16T14:26:42.247+0000] {processor.py:153} INFO - Started process (PID=90) to work on /home/airflow/.local/lib/python3.7/site-packages/airflow/example_dags/example_short_circuit_operator.py
[2023-04-16T14:26:42.249+0000] {processor.py:743} INFO - Processing file /home/airflow/.local/lib/python3.7/site-packages/airflow/example_dags/example_short_circuit_operator.py for tasks to queue
[2023-04-16T14:26:42.249+0000] {logging_mixin.py:137} INFO - [2023-04-16T14:26:42.249+0000] {dagbag.py:532} INFO - Filling up the DagBag from /home/airflow/.local/lib/python3.7/site-packages/airflow/example_dags/example_short_circuit_operator.py
[2023-04-16T14:26:42.261+0000] {processor.py:753} INFO - DAG(s) dict_keys(['example_short_circuit_operator']) retrieved from /home/airflow/.local/lib/python3.7/site-packages/airflow/example_dags/example_short_circuit_operator.py
[2023-04-16T14:26:42.283+0000] {logging_mixin.py:137} INFO - [2023-04-16T14:26:42.283+0000] {dag.py:2693} INFO - Sync 1 DAGs
[2023-04-16T14:26:42.300+0000] {logging_mixin.py:137} INFO - [2023-04-16T14:26:42.300+0000] {dag.py:3444} INFO - Setting next_dagrun for example_short_circuit_operator to 2023-04-15T14:26:42.300506+00:00, run_after=2023-04-16T14:26:42.300506+00:00
[2023-04-16T14:26:42.322+0000] {processor.py:175} INFO - Processing /home/airflow/.local/lib/python3.7/site-packages/airflow/example_dags/example_short_circuit_operator.py took 0.077 seconds
[2023-04-16T14:27:13.073+0000] {processor.py:153} INFO - Started process (PID=140) to work on /home/airflow/.local/lib/python3.7/site-packages/airflow/example_dags/example_short_circuit_operator.py
[2023-04-16T14:27:13.074+0000] {processor.py:743} INFO - Processing file /home/airflow/.local/lib/python3.7/site-packages/airflow/example_dags/example_short_circuit_operator.py for tasks to queue
[2023-04-16T14:27:13.075+0000] {logging_mixin.py:137} INFO - [2023-04-16T14:27:13.075+0000] {dagbag.py:532} INFO - Filling up the DagBag from /home/airflow/.local/lib/python3.7/site-packages/airflow/example_dags/example_short_circuit_operator.py
[2023-04-16T14:27:13.089+0000] {processor.py:753} INFO - DAG(s) dict_keys(['example_short_circuit_operator']) retrieved from /home/airflow/.local/lib/python3.7/site-packages/airflow/example_dags/example_short_circuit_operator.py
[2023-04-16T14:27:13.113+0000] {logging_mixin.py:137} INFO - [2023-04-16T14:27:13.113+0000] {dag.py:2693} INFO - Sync 1 DAGs
[2023-04-16T14:27:13.129+0000] {logging_mixin.py:137} INFO - [2023-04-16T14:27:13.129+0000] {dag.py:3444} INFO - Setting next_dagrun for example_short_circuit_operator to 2023-04-15T14:27:13.129066+00:00, run_after=2023-04-16T14:27:13.129066+00:00
[2023-04-16T14:27:13.141+0000] {processor.py:175} INFO - Processing /home/airflow/.local/lib/python3.7/site-packages/airflow/example_dags/example_short_circuit_operator.py took 0.072 seconds
[2023-04-16T14:27:43.902+0000] {processor.py:153} INFO - Started process (PID=190) to work on /home/airflow/.local/lib/python3.7/site-packages/airflow/example_dags/example_short_circuit_operator.py
[2023-04-16T14:27:43.903+0000] {processor.py:743} INFO - Processing file /home/airflow/.local/lib/python3.7/site-packages/airflow/example_dags/example_short_circuit_operator.py for tasks to queue
[2023-04-16T14:27:43.904+0000] {logging_mixin.py:137} INFO - [2023-04-16T14:27:43.904+0000] {dagbag.py:532} INFO - Filling up the DagBag from /home/airflow/.local/lib/python3.7/site-packages/airflow/example_dags/example_short_circuit_operator.py
[2023-04-16T14:27:43.917+0000] {processor.py:753} INFO - DAG(s) dict_keys(['example_short_circuit_operator']) retrieved from /home/airflow/.local/lib/python3.7/site-packages/airflow/example_dags/example_short_circuit_operator.py
[2023-04-16T14:27:43.942+0000] {logging_mixin.py:137} INFO - [2023-04-16T14:27:43.942+0000] {dag.py:2693} INFO - Sync 1 DAGs
[2023-04-16T14:27:43.961+0000] {logging_mixin.py:137} INFO - [2023-04-16T14:27:43.961+0000] {dag.py:3444} INFO - Setting next_dagrun for example_short_circuit_operator to 2023-04-15T14:27:43.959295+00:00, run_after=2023-04-16T14:27:43.959295+00:00
[2023-04-16T14:27:43.977+0000] {processor.py:175} INFO - Processing /home/airflow/.local/lib/python3.7/site-packages/airflow/example_dags/example_short_circuit_operator.py took 0.079 seconds
[2023-04-16T14:28:14.686+0000] {processor.py:153} INFO - Started process (PID=240) to work on /home/airflow/.local/lib/python3.7/site-packages/airflow/example_dags/example_short_circuit_operator.py
[2023-04-16T14:28:14.687+0000] {processor.py:743} INFO - Processing file /home/airflow/.local/lib/python3.7/site-packages/airflow/example_dags/example_short_circuit_operator.py for tasks to queue
[2023-04-16T14:28:14.688+0000] {logging_mixin.py:137} INFO - [2023-04-16T14:28:14.688+0000] {dagbag.py:532} INFO - Filling up the DagBag from /home/airflow/.local/lib/python3.7/site-packages/airflow/example_dags/example_short_circuit_operator.py
[2023-04-16T14:28:14.699+0000] {processor.py:753} INFO - DAG(s) dict_keys(['example_short_circuit_operator']) retrieved from /home/airflow/.local/lib/python3.7/site-packages/airflow/example_dags/example_short_circuit_operator.py
[2023-04-16T14:28:14.721+0000] {logging_mixin.py:137} INFO - [2023-04-16T14:28:14.721+0000] {dag.py:2693} INFO - Sync 1 DAGs
[2023-04-16T14:28:14.738+0000] {logging_mixin.py:137} INFO - [2023-04-16T14:28:14.738+0000] {dag.py:3444} INFO - Setting next_dagrun for example_short_circuit_operator to 2023-04-15T14:28:14.737883+00:00, run_after=2023-04-16T14:28:14.737883+00:00
[2023-04-16T14:28:14.750+0000] {processor.py:175} INFO - Processing /home/airflow/.local/lib/python3.7/site-packages/airflow/example_dags/example_short_circuit_operator.py took 0.066 seconds
[2023-04-16T14:28:45.461+0000] {processor.py:153} INFO - Started process (PID=291) to work on /home/airflow/.local/lib/python3.7/site-packages/airflow/example_dags/example_short_circuit_operator.py
[2023-04-16T14:28:45.464+0000] {processor.py:743} INFO - Processing file /home/airflow/.local/lib/python3.7/site-packages/airflow/example_dags/example_short_circuit_operator.py for tasks to queue
[2023-04-16T14:28:45.466+0000] {logging_mixin.py:137} INFO - [2023-04-16T14:28:45.465+0000] {dagbag.py:532} INFO - Filling up the DagBag from /home/airflow/.local/lib/python3.7/site-packages/airflow/example_dags/example_short_circuit_operator.py
[2023-04-16T14:28:45.489+0000] {processor.py:753} INFO - DAG(s) dict_keys(['example_short_circuit_operator']) retrieved from /home/airflow/.local/lib/python3.7/site-packages/airflow/example_dags/example_short_circuit_operator.py
[2023-04-16T14:28:45.516+0000] {logging_mixin.py:137} INFO - [2023-04-16T14:28:45.515+0000] {dag.py:2693} INFO - Sync 1 DAGs
[2023-04-16T14:28:45.533+0000] {logging_mixin.py:137} INFO - [2023-04-16T14:28:45.533+0000] {dag.py:3444} INFO - Setting next_dagrun for example_short_circuit_operator to 2023-04-15T14:28:45.533081+00:00, run_after=2023-04-16T14:28:45.533081+00:00
[2023-04-16T14:28:45.545+0000] {processor.py:175} INFO - Processing /home/airflow/.local/lib/python3.7/site-packages/airflow/example_dags/example_short_circuit_operator.py took 0.088 seconds
[2023-04-16T14:29:16.253+0000] {processor.py:153} INFO - Started process (PID=341) to work on /home/airflow/.local/lib/python3.7/site-packages/airflow/example_dags/example_short_circuit_operator.py
[2023-04-16T14:29:16.255+0000] {processor.py:743} INFO - Processing file /home/airflow/.local/lib/python3.7/site-packages/airflow/example_dags/example_short_circuit_operator.py for tasks to queue
[2023-04-16T14:29:16.256+0000] {logging_mixin.py:137} INFO - [2023-04-16T14:29:16.256+0000] {dagbag.py:532} INFO - Filling up the DagBag from /home/airflow/.local/lib/python3.7/site-packages/airflow/example_dags/example_short_circuit_operator.py
[2023-04-16T14:29:16.270+0000] {processor.py:753} INFO - DAG(s) dict_keys(['example_short_circuit_operator']) retrieved from /home/airflow/.local/lib/python3.7/site-packages/airflow/example_dags/example_short_circuit_operator.py
[2023-04-16T14:29:16.295+0000] {logging_mixin.py:137} INFO - [2023-04-16T14:29:16.295+0000] {dag.py:2693} INFO - Sync 1 DAGs
[2023-04-16T14:29:16.317+0000] {logging_mixin.py:137} INFO - [2023-04-16T14:29:16.317+0000] {dag.py:3444} INFO - Setting next_dagrun for example_short_circuit_operator to 2023-04-15T14:29:16.316806+00:00, run_after=2023-04-16T14:29:16.316806+00:00
[2023-04-16T14:29:16.336+0000] {processor.py:175} INFO - Processing /home/airflow/.local/lib/python3.7/site-packages/airflow/example_dags/example_short_circuit_operator.py took 0.086 seconds
[2023-04-16T14:30:24.079+0000] {processor.py:153} INFO - Started process (PID=36) to work on /home/airflow/.local/lib/python3.7/site-packages/airflow/example_dags/example_short_circuit_operator.py
[2023-04-16T14:30:24.081+0000] {processor.py:743} INFO - Processing file /home/airflow/.local/lib/python3.7/site-packages/airflow/example_dags/example_short_circuit_operator.py for tasks to queue
[2023-04-16T14:30:24.082+0000] {logging_mixin.py:137} INFO - [2023-04-16T14:30:24.082+0000] {dagbag.py:532} INFO - Filling up the DagBag from /home/airflow/.local/lib/python3.7/site-packages/airflow/example_dags/example_short_circuit_operator.py
[2023-04-16T14:30:24.096+0000] {processor.py:753} INFO - DAG(s) dict_keys(['example_short_circuit_operator']) retrieved from /home/airflow/.local/lib/python3.7/site-packages/airflow/example_dags/example_short_circuit_operator.py
[2023-04-16T14:30:24.116+0000] {logging_mixin.py:137} INFO - [2023-04-16T14:30:24.116+0000] {dag.py:2693} INFO - Sync 1 DAGs
[2023-04-16T14:30:24.143+0000] {logging_mixin.py:137} INFO - [2023-04-16T14:30:24.143+0000] {dag.py:3444} INFO - Setting next_dagrun for example_short_circuit_operator to 2023-04-15T14:30:24.143357+00:00, run_after=2023-04-16T14:30:24.143357+00:00
[2023-04-16T14:30:24.170+0000] {processor.py:175} INFO - Processing /home/airflow/.local/lib/python3.7/site-packages/airflow/example_dags/example_short_circuit_operator.py took 0.094 seconds
[2023-04-16T14:30:54.319+0000] {processor.py:153} INFO - Started process (PID=86) to work on /home/airflow/.local/lib/python3.7/site-packages/airflow/example_dags/example_short_circuit_operator.py
[2023-04-16T14:30:54.320+0000] {processor.py:743} INFO - Processing file /home/airflow/.local/lib/python3.7/site-packages/airflow/example_dags/example_short_circuit_operator.py for tasks to queue
[2023-04-16T14:30:54.321+0000] {logging_mixin.py:137} INFO - [2023-04-16T14:30:54.321+0000] {dagbag.py:532} INFO - Filling up the DagBag from /home/airflow/.local/lib/python3.7/site-packages/airflow/example_dags/example_short_circuit_operator.py
[2023-04-16T14:30:54.332+0000] {processor.py:753} INFO - DAG(s) dict_keys(['example_short_circuit_operator']) retrieved from /home/airflow/.local/lib/python3.7/site-packages/airflow/example_dags/example_short_circuit_operator.py
[2023-04-16T14:30:54.352+0000] {logging_mixin.py:137} INFO - [2023-04-16T14:30:54.352+0000] {dag.py:2693} INFO - Sync 1 DAGs
[2023-04-16T14:30:54.367+0000] {logging_mixin.py:137} INFO - [2023-04-16T14:30:54.367+0000] {dag.py:3444} INFO - Setting next_dagrun for example_short_circuit_operator to 2023-04-15T14:30:54.367358+00:00, run_after=2023-04-16T14:30:54.367358+00:00
[2023-04-16T14:30:54.378+0000] {processor.py:175} INFO - Processing /home/airflow/.local/lib/python3.7/site-packages/airflow/example_dags/example_short_circuit_operator.py took 0.062 seconds
[2023-04-16T14:31:24.612+0000] {processor.py:153} INFO - Started process (PID=140) to work on /home/airflow/.local/lib/python3.7/site-packages/airflow/example_dags/example_short_circuit_operator.py
[2023-04-16T14:31:24.615+0000] {processor.py:743} INFO - Processing file /home/airflow/.local/lib/python3.7/site-packages/airflow/example_dags/example_short_circuit_operator.py for tasks to queue
[2023-04-16T14:31:24.621+0000] {logging_mixin.py:137} INFO - [2023-04-16T14:31:24.621+0000] {dagbag.py:532} INFO - Filling up the DagBag from /home/airflow/.local/lib/python3.7/site-packages/airflow/example_dags/example_short_circuit_operator.py
[2023-04-16T14:31:24.658+0000] {processor.py:753} INFO - DAG(s) dict_keys(['example_short_circuit_operator']) retrieved from /home/airflow/.local/lib/python3.7/site-packages/airflow/example_dags/example_short_circuit_operator.py
[2023-04-16T14:31:24.800+0000] {logging_mixin.py:137} INFO - [2023-04-16T14:31:24.799+0000] {dag.py:2693} INFO - Sync 1 DAGs
[2023-04-16T14:31:24.826+0000] {logging_mixin.py:137} INFO - [2023-04-16T14:31:24.826+0000] {dag.py:3444} INFO - Setting next_dagrun for example_short_circuit_operator to 2023-04-15T14:31:24.826145+00:00, run_after=2023-04-16T14:31:24.826145+00:00
[2023-04-16T14:31:24.847+0000] {processor.py:175} INFO - Processing /home/airflow/.local/lib/python3.7/site-packages/airflow/example_dags/example_short_circuit_operator.py took 0.249 seconds
[2023-04-16T14:31:55.101+0000] {processor.py:153} INFO - Started process (PID=190) to work on /home/airflow/.local/lib/python3.7/site-packages/airflow/example_dags/example_short_circuit_operator.py
[2023-04-16T14:31:55.103+0000] {processor.py:743} INFO - Processing file /home/airflow/.local/lib/python3.7/site-packages/airflow/example_dags/example_short_circuit_operator.py for tasks to queue
[2023-04-16T14:31:55.104+0000] {logging_mixin.py:137} INFO - [2023-04-16T14:31:55.104+0000] {dagbag.py:532} INFO - Filling up the DagBag from /home/airflow/.local/lib/python3.7/site-packages/airflow/example_dags/example_short_circuit_operator.py
[2023-04-16T14:31:55.118+0000] {processor.py:753} INFO - DAG(s) dict_keys(['example_short_circuit_operator']) retrieved from /home/airflow/.local/lib/python3.7/site-packages/airflow/example_dags/example_short_circuit_operator.py
[2023-04-16T14:31:55.147+0000] {logging_mixin.py:137} INFO - [2023-04-16T14:31:55.146+0000] {dag.py:2693} INFO - Sync 1 DAGs
[2023-04-16T14:31:55.168+0000] {logging_mixin.py:137} INFO - [2023-04-16T14:31:55.168+0000] {dag.py:3444} INFO - Setting next_dagrun for example_short_circuit_operator to 2023-04-15T14:31:55.168456+00:00, run_after=2023-04-16T14:31:55.168456+00:00
[2023-04-16T14:31:55.191+0000] {processor.py:175} INFO - Processing /home/airflow/.local/lib/python3.7/site-packages/airflow/example_dags/example_short_circuit_operator.py took 0.094 seconds
[2023-04-16T14:32:26.175+0000] {processor.py:153} INFO - Started process (PID=240) to work on /home/airflow/.local/lib/python3.7/site-packages/airflow/example_dags/example_short_circuit_operator.py
[2023-04-16T14:32:26.176+0000] {processor.py:743} INFO - Processing file /home/airflow/.local/lib/python3.7/site-packages/airflow/example_dags/example_short_circuit_operator.py for tasks to queue
[2023-04-16T14:32:26.177+0000] {logging_mixin.py:137} INFO - [2023-04-16T14:32:26.177+0000] {dagbag.py:532} INFO - Filling up the DagBag from /home/airflow/.local/lib/python3.7/site-packages/airflow/example_dags/example_short_circuit_operator.py
[2023-04-16T14:32:26.188+0000] {processor.py:753} INFO - DAG(s) dict_keys(['example_short_circuit_operator']) retrieved from /home/airflow/.local/lib/python3.7/site-packages/airflow/example_dags/example_short_circuit_operator.py
[2023-04-16T14:32:26.208+0000] {logging_mixin.py:137} INFO - [2023-04-16T14:32:26.208+0000] {dag.py:2693} INFO - Sync 1 DAGs
[2023-04-16T14:32:26.223+0000] {logging_mixin.py:137} INFO - [2023-04-16T14:32:26.223+0000] {dag.py:3444} INFO - Setting next_dagrun for example_short_circuit_operator to 2023-04-15T14:32:26.223449+00:00, run_after=2023-04-16T14:32:26.223449+00:00
[2023-04-16T14:32:26.234+0000] {processor.py:175} INFO - Processing /home/airflow/.local/lib/python3.7/site-packages/airflow/example_dags/example_short_circuit_operator.py took 0.062 seconds
[2023-04-16T14:33:07.262+0000] {processor.py:153} INFO - Started process (PID=36) to work on /home/airflow/.local/lib/python3.7/site-packages/airflow/example_dags/example_short_circuit_operator.py
[2023-04-16T14:33:07.265+0000] {processor.py:743} INFO - Processing file /home/airflow/.local/lib/python3.7/site-packages/airflow/example_dags/example_short_circuit_operator.py for tasks to queue
[2023-04-16T14:33:07.266+0000] {logging_mixin.py:137} INFO - [2023-04-16T14:33:07.266+0000] {dagbag.py:532} INFO - Filling up the DagBag from /home/airflow/.local/lib/python3.7/site-packages/airflow/example_dags/example_short_circuit_operator.py
[2023-04-16T14:33:07.306+0000] {processor.py:753} INFO - DAG(s) dict_keys(['example_short_circuit_operator']) retrieved from /home/airflow/.local/lib/python3.7/site-packages/airflow/example_dags/example_short_circuit_operator.py
[2023-04-16T14:33:07.325+0000] {logging_mixin.py:137} INFO - [2023-04-16T14:33:07.325+0000] {dag.py:2693} INFO - Sync 1 DAGs
[2023-04-16T14:33:07.369+0000] {logging_mixin.py:137} INFO - [2023-04-16T14:33:07.369+0000] {dag.py:3444} INFO - Setting next_dagrun for example_short_circuit_operator to 2023-04-15T14:33:07.368750+00:00, run_after=2023-04-16T14:33:07.368750+00:00
[2023-04-16T14:33:07.395+0000] {processor.py:175} INFO - Processing /home/airflow/.local/lib/python3.7/site-packages/airflow/example_dags/example_short_circuit_operator.py took 0.139 seconds
[2023-04-16T14:33:37.489+0000] {processor.py:153} INFO - Started process (PID=90) to work on /home/airflow/.local/lib/python3.7/site-packages/airflow/example_dags/example_short_circuit_operator.py
[2023-04-16T14:33:37.493+0000] {processor.py:743} INFO - Processing file /home/airflow/.local/lib/python3.7/site-packages/airflow/example_dags/example_short_circuit_operator.py for tasks to queue
[2023-04-16T14:33:37.494+0000] {logging_mixin.py:137} INFO - [2023-04-16T14:33:37.494+0000] {dagbag.py:532} INFO - Filling up the DagBag from /home/airflow/.local/lib/python3.7/site-packages/airflow/example_dags/example_short_circuit_operator.py
[2023-04-16T14:33:37.510+0000] {processor.py:753} INFO - DAG(s) dict_keys(['example_short_circuit_operator']) retrieved from /home/airflow/.local/lib/python3.7/site-packages/airflow/example_dags/example_short_circuit_operator.py
[2023-04-16T14:33:37.536+0000] {logging_mixin.py:137} INFO - [2023-04-16T14:33:37.536+0000] {dag.py:2693} INFO - Sync 1 DAGs
[2023-04-16T14:33:37.553+0000] {logging_mixin.py:137} INFO - [2023-04-16T14:33:37.553+0000] {dag.py:3444} INFO - Setting next_dagrun for example_short_circuit_operator to 2023-04-15T14:33:37.553381+00:00, run_after=2023-04-16T14:33:37.553381+00:00
[2023-04-16T14:33:37.565+0000] {processor.py:175} INFO - Processing /home/airflow/.local/lib/python3.7/site-packages/airflow/example_dags/example_short_circuit_operator.py took 0.081 seconds
[2023-04-16T14:34:07.716+0000] {processor.py:153} INFO - Started process (PID=144) to work on /home/airflow/.local/lib/python3.7/site-packages/airflow/example_dags/example_short_circuit_operator.py
[2023-04-16T14:34:07.718+0000] {processor.py:743} INFO - Processing file /home/airflow/.local/lib/python3.7/site-packages/airflow/example_dags/example_short_circuit_operator.py for tasks to queue
[2023-04-16T14:34:07.718+0000] {logging_mixin.py:137} INFO - [2023-04-16T14:34:07.718+0000] {dagbag.py:532} INFO - Filling up the DagBag from /home/airflow/.local/lib/python3.7/site-packages/airflow/example_dags/example_short_circuit_operator.py
[2023-04-16T14:34:07.733+0000] {processor.py:753} INFO - DAG(s) dict_keys(['example_short_circuit_operator']) retrieved from /home/airflow/.local/lib/python3.7/site-packages/airflow/example_dags/example_short_circuit_operator.py
[2023-04-16T14:34:07.754+0000] {logging_mixin.py:137} INFO - [2023-04-16T14:34:07.754+0000] {dag.py:2693} INFO - Sync 1 DAGs
[2023-04-16T14:34:07.769+0000] {logging_mixin.py:137} INFO - [2023-04-16T14:34:07.769+0000] {dag.py:3444} INFO - Setting next_dagrun for example_short_circuit_operator to 2023-04-15T14:34:07.768998+00:00, run_after=2023-04-16T14:34:07.768998+00:00
[2023-04-16T14:34:07.779+0000] {processor.py:175} INFO - Processing /home/airflow/.local/lib/python3.7/site-packages/airflow/example_dags/example_short_circuit_operator.py took 0.066 seconds
[2023-04-16T14:34:38.171+0000] {processor.py:153} INFO - Started process (PID=194) to work on /home/airflow/.local/lib/python3.7/site-packages/airflow/example_dags/example_short_circuit_operator.py
[2023-04-16T14:34:38.172+0000] {processor.py:743} INFO - Processing file /home/airflow/.local/lib/python3.7/site-packages/airflow/example_dags/example_short_circuit_operator.py for tasks to queue
[2023-04-16T14:34:38.173+0000] {logging_mixin.py:137} INFO - [2023-04-16T14:34:38.173+0000] {dagbag.py:532} INFO - Filling up the DagBag from /home/airflow/.local/lib/python3.7/site-packages/airflow/example_dags/example_short_circuit_operator.py
[2023-04-16T14:34:38.185+0000] {processor.py:753} INFO - DAG(s) dict_keys(['example_short_circuit_operator']) retrieved from /home/airflow/.local/lib/python3.7/site-packages/airflow/example_dags/example_short_circuit_operator.py
[2023-04-16T14:34:38.206+0000] {logging_mixin.py:137} INFO - [2023-04-16T14:34:38.206+0000] {dag.py:2693} INFO - Sync 1 DAGs
[2023-04-16T14:34:38.221+0000] {logging_mixin.py:137} INFO - [2023-04-16T14:34:38.221+0000] {dag.py:3444} INFO - Setting next_dagrun for example_short_circuit_operator to 2023-04-15T14:34:38.221406+00:00, run_after=2023-04-16T14:34:38.221406+00:00
[2023-04-16T14:34:38.232+0000] {processor.py:175} INFO - Processing /home/airflow/.local/lib/python3.7/site-packages/airflow/example_dags/example_short_circuit_operator.py took 0.064 seconds
[2023-04-16T14:35:08.812+0000] {processor.py:153} INFO - Started process (PID=244) to work on /home/airflow/.local/lib/python3.7/site-packages/airflow/example_dags/example_short_circuit_operator.py
[2023-04-16T14:35:08.813+0000] {processor.py:743} INFO - Processing file /home/airflow/.local/lib/python3.7/site-packages/airflow/example_dags/example_short_circuit_operator.py for tasks to queue
[2023-04-16T14:35:08.814+0000] {logging_mixin.py:137} INFO - [2023-04-16T14:35:08.814+0000] {dagbag.py:532} INFO - Filling up the DagBag from /home/airflow/.local/lib/python3.7/site-packages/airflow/example_dags/example_short_circuit_operator.py
[2023-04-16T14:35:08.828+0000] {processor.py:753} INFO - DAG(s) dict_keys(['example_short_circuit_operator']) retrieved from /home/airflow/.local/lib/python3.7/site-packages/airflow/example_dags/example_short_circuit_operator.py
[2023-04-16T14:35:08.853+0000] {logging_mixin.py:137} INFO - [2023-04-16T14:35:08.852+0000] {dag.py:2693} INFO - Sync 1 DAGs
[2023-04-16T14:35:08.878+0000] {logging_mixin.py:137} INFO - [2023-04-16T14:35:08.878+0000] {dag.py:3444} INFO - Setting next_dagrun for example_short_circuit_operator to 2023-04-15T14:35:08.877786+00:00, run_after=2023-04-16T14:35:08.877786+00:00
[2023-04-16T14:35:08.894+0000] {processor.py:175} INFO - Processing /home/airflow/.local/lib/python3.7/site-packages/airflow/example_dags/example_short_circuit_operator.py took 0.086 seconds
[2023-04-16T14:35:39.611+0000] {processor.py:153} INFO - Started process (PID=294) to work on /home/airflow/.local/lib/python3.7/site-packages/airflow/example_dags/example_short_circuit_operator.py
[2023-04-16T14:35:39.614+0000] {processor.py:743} INFO - Processing file /home/airflow/.local/lib/python3.7/site-packages/airflow/example_dags/example_short_circuit_operator.py for tasks to queue
[2023-04-16T14:35:39.615+0000] {logging_mixin.py:137} INFO - [2023-04-16T14:35:39.615+0000] {dagbag.py:532} INFO - Filling up the DagBag from /home/airflow/.local/lib/python3.7/site-packages/airflow/example_dags/example_short_circuit_operator.py
[2023-04-16T14:35:39.631+0000] {processor.py:753} INFO - DAG(s) dict_keys(['example_short_circuit_operator']) retrieved from /home/airflow/.local/lib/python3.7/site-packages/airflow/example_dags/example_short_circuit_operator.py
[2023-04-16T14:35:39.655+0000] {logging_mixin.py:137} INFO - [2023-04-16T14:35:39.655+0000] {dag.py:2693} INFO - Sync 1 DAGs
[2023-04-16T14:35:39.672+0000] {logging_mixin.py:137} INFO - [2023-04-16T14:35:39.672+0000] {dag.py:3444} INFO - Setting next_dagrun for example_short_circuit_operator to 2023-04-15T14:35:39.672328+00:00, run_after=2023-04-16T14:35:39.672328+00:00
[2023-04-16T14:35:39.688+0000] {processor.py:175} INFO - Processing /home/airflow/.local/lib/python3.7/site-packages/airflow/example_dags/example_short_circuit_operator.py took 0.083 seconds
[2023-04-16T14:36:09.932+0000] {processor.py:153} INFO - Started process (PID=344) to work on /home/airflow/.local/lib/python3.7/site-packages/airflow/example_dags/example_short_circuit_operator.py
[2023-04-16T14:36:09.934+0000] {processor.py:743} INFO - Processing file /home/airflow/.local/lib/python3.7/site-packages/airflow/example_dags/example_short_circuit_operator.py for tasks to queue
[2023-04-16T14:36:09.935+0000] {logging_mixin.py:137} INFO - [2023-04-16T14:36:09.934+0000] {dagbag.py:532} INFO - Filling up the DagBag from /home/airflow/.local/lib/python3.7/site-packages/airflow/example_dags/example_short_circuit_operator.py
[2023-04-16T14:36:09.947+0000] {processor.py:753} INFO - DAG(s) dict_keys(['example_short_circuit_operator']) retrieved from /home/airflow/.local/lib/python3.7/site-packages/airflow/example_dags/example_short_circuit_operator.py
[2023-04-16T14:36:09.967+0000] {logging_mixin.py:137} INFO - [2023-04-16T14:36:09.967+0000] {dag.py:2693} INFO - Sync 1 DAGs
[2023-04-16T14:36:09.983+0000] {logging_mixin.py:137} INFO - [2023-04-16T14:36:09.983+0000] {dag.py:3444} INFO - Setting next_dagrun for example_short_circuit_operator to 2023-04-15T14:36:09.982778+00:00, run_after=2023-04-16T14:36:09.982778+00:00
[2023-04-16T14:36:09.993+0000] {processor.py:175} INFO - Processing /home/airflow/.local/lib/python3.7/site-packages/airflow/example_dags/example_short_circuit_operator.py took 0.064 seconds
[2023-04-16T14:36:40.563+0000] {processor.py:153} INFO - Started process (PID=394) to work on /home/airflow/.local/lib/python3.7/site-packages/airflow/example_dags/example_short_circuit_operator.py
[2023-04-16T14:36:40.564+0000] {processor.py:743} INFO - Processing file /home/airflow/.local/lib/python3.7/site-packages/airflow/example_dags/example_short_circuit_operator.py for tasks to queue
[2023-04-16T14:36:40.565+0000] {logging_mixin.py:137} INFO - [2023-04-16T14:36:40.565+0000] {dagbag.py:532} INFO - Filling up the DagBag from /home/airflow/.local/lib/python3.7/site-packages/airflow/example_dags/example_short_circuit_operator.py
[2023-04-16T14:36:40.577+0000] {processor.py:753} INFO - DAG(s) dict_keys(['example_short_circuit_operator']) retrieved from /home/airflow/.local/lib/python3.7/site-packages/airflow/example_dags/example_short_circuit_operator.py
[2023-04-16T14:36:40.598+0000] {logging_mixin.py:137} INFO - [2023-04-16T14:36:40.598+0000] {dag.py:2693} INFO - Sync 1 DAGs
[2023-04-16T14:36:40.614+0000] {logging_mixin.py:137} INFO - [2023-04-16T14:36:40.614+0000] {dag.py:3444} INFO - Setting next_dagrun for example_short_circuit_operator to 2023-04-15T14:36:40.613819+00:00, run_after=2023-04-16T14:36:40.613819+00:00
[2023-04-16T14:36:40.625+0000] {processor.py:175} INFO - Processing /home/airflow/.local/lib/python3.7/site-packages/airflow/example_dags/example_short_circuit_operator.py took 0.064 seconds
[2023-04-16T14:37:20.641+0000] {processor.py:153} INFO - Started process (PID=36) to work on /home/airflow/.local/lib/python3.7/site-packages/airflow/example_dags/example_short_circuit_operator.py
[2023-04-16T14:37:20.643+0000] {processor.py:743} INFO - Processing file /home/airflow/.local/lib/python3.7/site-packages/airflow/example_dags/example_short_circuit_operator.py for tasks to queue
[2023-04-16T14:37:20.644+0000] {logging_mixin.py:137} INFO - [2023-04-16T14:37:20.644+0000] {dagbag.py:532} INFO - Filling up the DagBag from /home/airflow/.local/lib/python3.7/site-packages/airflow/example_dags/example_short_circuit_operator.py
[2023-04-16T14:37:20.677+0000] {processor.py:753} INFO - DAG(s) dict_keys(['example_short_circuit_operator']) retrieved from /home/airflow/.local/lib/python3.7/site-packages/airflow/example_dags/example_short_circuit_operator.py
[2023-04-16T14:37:20.705+0000] {logging_mixin.py:137} INFO - [2023-04-16T14:37:20.704+0000] {dag.py:2693} INFO - Sync 1 DAGs
[2023-04-16T14:37:20.745+0000] {logging_mixin.py:137} INFO - [2023-04-16T14:37:20.744+0000] {dag.py:3444} INFO - Setting next_dagrun for example_short_circuit_operator to 2023-04-15T14:37:20.744091+00:00, run_after=2023-04-16T14:37:20.744091+00:00
[2023-04-16T14:37:20.767+0000] {processor.py:175} INFO - Processing /home/airflow/.local/lib/python3.7/site-packages/airflow/example_dags/example_short_circuit_operator.py took 0.132 seconds
[2023-04-16T14:37:51.524+0000] {processor.py:153} INFO - Started process (PID=91) to work on /home/airflow/.local/lib/python3.7/site-packages/airflow/example_dags/example_short_circuit_operator.py
[2023-04-16T14:37:51.526+0000] {processor.py:743} INFO - Processing file /home/airflow/.local/lib/python3.7/site-packages/airflow/example_dags/example_short_circuit_operator.py for tasks to queue
[2023-04-16T14:37:51.527+0000] {logging_mixin.py:137} INFO - [2023-04-16T14:37:51.526+0000] {dagbag.py:532} INFO - Filling up the DagBag from /home/airflow/.local/lib/python3.7/site-packages/airflow/example_dags/example_short_circuit_operator.py
[2023-04-16T14:37:51.538+0000] {processor.py:753} INFO - DAG(s) dict_keys(['example_short_circuit_operator']) retrieved from /home/airflow/.local/lib/python3.7/site-packages/airflow/example_dags/example_short_circuit_operator.py
[2023-04-16T14:37:51.559+0000] {logging_mixin.py:137} INFO - [2023-04-16T14:37:51.559+0000] {dag.py:2693} INFO - Sync 1 DAGs
[2023-04-16T14:37:51.576+0000] {logging_mixin.py:137} INFO - [2023-04-16T14:37:51.576+0000] {dag.py:3444} INFO - Setting next_dagrun for example_short_circuit_operator to 2023-04-15T14:37:51.576114+00:00, run_after=2023-04-16T14:37:51.576114+00:00
[2023-04-16T14:37:51.587+0000] {processor.py:175} INFO - Processing /home/airflow/.local/lib/python3.7/site-packages/airflow/example_dags/example_short_circuit_operator.py took 0.065 seconds
[2023-04-16T14:38:56.463+0000] {processor.py:153} INFO - Started process (PID=36) to work on /home/airflow/.local/lib/python3.7/site-packages/airflow/example_dags/example_short_circuit_operator.py
[2023-04-16T14:38:56.465+0000] {processor.py:743} INFO - Processing file /home/airflow/.local/lib/python3.7/site-packages/airflow/example_dags/example_short_circuit_operator.py for tasks to queue
[2023-04-16T14:38:56.466+0000] {logging_mixin.py:137} INFO - [2023-04-16T14:38:56.466+0000] {dagbag.py:532} INFO - Filling up the DagBag from /home/airflow/.local/lib/python3.7/site-packages/airflow/example_dags/example_short_circuit_operator.py
[2023-04-16T14:38:56.486+0000] {processor.py:753} INFO - DAG(s) dict_keys(['example_short_circuit_operator']) retrieved from /home/airflow/.local/lib/python3.7/site-packages/airflow/example_dags/example_short_circuit_operator.py
[2023-04-16T14:38:56.509+0000] {logging_mixin.py:137} INFO - [2023-04-16T14:38:56.508+0000] {dag.py:2693} INFO - Sync 1 DAGs
[2023-04-16T14:38:56.537+0000] {logging_mixin.py:137} INFO - [2023-04-16T14:38:56.537+0000] {dag.py:3444} INFO - Setting next_dagrun for example_short_circuit_operator to 2023-04-15T14:38:56.537096+00:00, run_after=2023-04-16T14:38:56.537096+00:00
[2023-04-16T14:38:56.559+0000] {processor.py:175} INFO - Processing /home/airflow/.local/lib/python3.7/site-packages/airflow/example_dags/example_short_circuit_operator.py took 0.099 seconds
[2023-04-16T14:39:27.251+0000] {processor.py:153} INFO - Started process (PID=90) to work on /home/airflow/.local/lib/python3.7/site-packages/airflow/example_dags/example_short_circuit_operator.py
[2023-04-16T14:39:27.252+0000] {processor.py:743} INFO - Processing file /home/airflow/.local/lib/python3.7/site-packages/airflow/example_dags/example_short_circuit_operator.py for tasks to queue
[2023-04-16T14:39:27.253+0000] {logging_mixin.py:137} INFO - [2023-04-16T14:39:27.253+0000] {dagbag.py:532} INFO - Filling up the DagBag from /home/airflow/.local/lib/python3.7/site-packages/airflow/example_dags/example_short_circuit_operator.py
[2023-04-16T14:39:27.265+0000] {processor.py:753} INFO - DAG(s) dict_keys(['example_short_circuit_operator']) retrieved from /home/airflow/.local/lib/python3.7/site-packages/airflow/example_dags/example_short_circuit_operator.py
[2023-04-16T14:39:27.287+0000] {logging_mixin.py:137} INFO - [2023-04-16T14:39:27.287+0000] {dag.py:2693} INFO - Sync 1 DAGs
[2023-04-16T14:39:27.303+0000] {logging_mixin.py:137} INFO - [2023-04-16T14:39:27.303+0000] {dag.py:3444} INFO - Setting next_dagrun for example_short_circuit_operator to 2023-04-15T14:39:27.302756+00:00, run_after=2023-04-16T14:39:27.302756+00:00
[2023-04-16T14:39:27.315+0000] {processor.py:175} INFO - Processing /home/airflow/.local/lib/python3.7/site-packages/airflow/example_dags/example_short_circuit_operator.py took 0.067 seconds
[2023-04-16T14:39:57.956+0000] {processor.py:153} INFO - Started process (PID=139) to work on /home/airflow/.local/lib/python3.7/site-packages/airflow/example_dags/example_short_circuit_operator.py
[2023-04-16T14:39:57.957+0000] {processor.py:743} INFO - Processing file /home/airflow/.local/lib/python3.7/site-packages/airflow/example_dags/example_short_circuit_operator.py for tasks to queue
[2023-04-16T14:39:57.958+0000] {logging_mixin.py:137} INFO - [2023-04-16T14:39:57.958+0000] {dagbag.py:532} INFO - Filling up the DagBag from /home/airflow/.local/lib/python3.7/site-packages/airflow/example_dags/example_short_circuit_operator.py
[2023-04-16T14:39:57.971+0000] {processor.py:753} INFO - DAG(s) dict_keys(['example_short_circuit_operator']) retrieved from /home/airflow/.local/lib/python3.7/site-packages/airflow/example_dags/example_short_circuit_operator.py
[2023-04-16T14:39:57.993+0000] {logging_mixin.py:137} INFO - [2023-04-16T14:39:57.993+0000] {dag.py:2693} INFO - Sync 1 DAGs
[2023-04-16T14:39:58.008+0000] {logging_mixin.py:137} INFO - [2023-04-16T14:39:58.008+0000] {dag.py:3444} INFO - Setting next_dagrun for example_short_circuit_operator to 2023-04-15T14:39:58.008452+00:00, run_after=2023-04-16T14:39:58.008452+00:00
[2023-04-16T14:39:58.019+0000] {processor.py:175} INFO - Processing /home/airflow/.local/lib/python3.7/site-packages/airflow/example_dags/example_short_circuit_operator.py took 0.067 seconds
[2023-04-16T14:40:28.483+0000] {processor.py:153} INFO - Started process (PID=189) to work on /home/airflow/.local/lib/python3.7/site-packages/airflow/example_dags/example_short_circuit_operator.py
[2023-04-16T14:40:28.484+0000] {processor.py:743} INFO - Processing file /home/airflow/.local/lib/python3.7/site-packages/airflow/example_dags/example_short_circuit_operator.py for tasks to queue
[2023-04-16T14:40:28.485+0000] {logging_mixin.py:137} INFO - [2023-04-16T14:40:28.485+0000] {dagbag.py:532} INFO - Filling up the DagBag from /home/airflow/.local/lib/python3.7/site-packages/airflow/example_dags/example_short_circuit_operator.py
[2023-04-16T14:40:28.503+0000] {processor.py:753} INFO - DAG(s) dict_keys(['example_short_circuit_operator']) retrieved from /home/airflow/.local/lib/python3.7/site-packages/airflow/example_dags/example_short_circuit_operator.py
[2023-04-16T14:40:28.526+0000] {logging_mixin.py:137} INFO - [2023-04-16T14:40:28.526+0000] {dag.py:2693} INFO - Sync 1 DAGs
[2023-04-16T14:40:28.542+0000] {logging_mixin.py:137} INFO - [2023-04-16T14:40:28.542+0000] {dag.py:3444} INFO - Setting next_dagrun for example_short_circuit_operator to 2023-04-15T14:40:28.542326+00:00, run_after=2023-04-16T14:40:28.542326+00:00
[2023-04-16T14:40:28.553+0000] {processor.py:175} INFO - Processing /home/airflow/.local/lib/python3.7/site-packages/airflow/example_dags/example_short_circuit_operator.py took 0.073 seconds
[2023-04-16T14:40:59.118+0000] {processor.py:153} INFO - Started process (PID=239) to work on /home/airflow/.local/lib/python3.7/site-packages/airflow/example_dags/example_short_circuit_operator.py
[2023-04-16T14:40:59.119+0000] {processor.py:743} INFO - Processing file /home/airflow/.local/lib/python3.7/site-packages/airflow/example_dags/example_short_circuit_operator.py for tasks to queue
[2023-04-16T14:40:59.120+0000] {logging_mixin.py:137} INFO - [2023-04-16T14:40:59.120+0000] {dagbag.py:532} INFO - Filling up the DagBag from /home/airflow/.local/lib/python3.7/site-packages/airflow/example_dags/example_short_circuit_operator.py
[2023-04-16T14:40:59.131+0000] {processor.py:753} INFO - DAG(s) dict_keys(['example_short_circuit_operator']) retrieved from /home/airflow/.local/lib/python3.7/site-packages/airflow/example_dags/example_short_circuit_operator.py
[2023-04-16T14:40:59.151+0000] {logging_mixin.py:137} INFO - [2023-04-16T14:40:59.151+0000] {dag.py:2693} INFO - Sync 1 DAGs
[2023-04-16T14:40:59.166+0000] {logging_mixin.py:137} INFO - [2023-04-16T14:40:59.166+0000] {dag.py:3444} INFO - Setting next_dagrun for example_short_circuit_operator to 2023-04-15T14:40:59.166535+00:00, run_after=2023-04-16T14:40:59.166535+00:00
[2023-04-16T14:40:59.177+0000] {processor.py:175} INFO - Processing /home/airflow/.local/lib/python3.7/site-packages/airflow/example_dags/example_short_circuit_operator.py took 0.062 seconds
[2023-04-16T14:41:29.844+0000] {processor.py:153} INFO - Started process (PID=289) to work on /home/airflow/.local/lib/python3.7/site-packages/airflow/example_dags/example_short_circuit_operator.py
[2023-04-16T14:41:29.845+0000] {processor.py:743} INFO - Processing file /home/airflow/.local/lib/python3.7/site-packages/airflow/example_dags/example_short_circuit_operator.py for tasks to queue
[2023-04-16T14:41:29.846+0000] {logging_mixin.py:137} INFO - [2023-04-16T14:41:29.846+0000] {dagbag.py:532} INFO - Filling up the DagBag from /home/airflow/.local/lib/python3.7/site-packages/airflow/example_dags/example_short_circuit_operator.py
[2023-04-16T14:41:29.858+0000] {processor.py:753} INFO - DAG(s) dict_keys(['example_short_circuit_operator']) retrieved from /home/airflow/.local/lib/python3.7/site-packages/airflow/example_dags/example_short_circuit_operator.py
[2023-04-16T14:41:29.886+0000] {logging_mixin.py:137} INFO - [2023-04-16T14:41:29.886+0000] {dag.py:2693} INFO - Sync 1 DAGs
[2023-04-16T14:41:29.904+0000] {logging_mixin.py:137} INFO - [2023-04-16T14:41:29.904+0000] {dag.py:3444} INFO - Setting next_dagrun for example_short_circuit_operator to 2023-04-15T14:41:29.904285+00:00, run_after=2023-04-16T14:41:29.904285+00:00
[2023-04-16T14:41:29.918+0000] {processor.py:175} INFO - Processing /home/airflow/.local/lib/python3.7/site-packages/airflow/example_dags/example_short_circuit_operator.py took 0.077 seconds
[2023-04-16T14:42:01.038+0000] {processor.py:153} INFO - Started process (PID=339) to work on /home/airflow/.local/lib/python3.7/site-packages/airflow/example_dags/example_short_circuit_operator.py
[2023-04-16T14:42:01.040+0000] {processor.py:743} INFO - Processing file /home/airflow/.local/lib/python3.7/site-packages/airflow/example_dags/example_short_circuit_operator.py for tasks to queue
[2023-04-16T14:42:01.041+0000] {logging_mixin.py:137} INFO - [2023-04-16T14:42:01.041+0000] {dagbag.py:532} INFO - Filling up the DagBag from /home/airflow/.local/lib/python3.7/site-packages/airflow/example_dags/example_short_circuit_operator.py
[2023-04-16T14:42:01.057+0000] {processor.py:753} INFO - DAG(s) dict_keys(['example_short_circuit_operator']) retrieved from /home/airflow/.local/lib/python3.7/site-packages/airflow/example_dags/example_short_circuit_operator.py
[2023-04-16T14:42:01.083+0000] {logging_mixin.py:137} INFO - [2023-04-16T14:42:01.083+0000] {dag.py:2693} INFO - Sync 1 DAGs
[2023-04-16T14:42:01.101+0000] {logging_mixin.py:137} INFO - [2023-04-16T14:42:01.101+0000] {dag.py:3444} INFO - Setting next_dagrun for example_short_circuit_operator to 2023-04-15T14:42:01.101406+00:00, run_after=2023-04-16T14:42:01.101406+00:00
[2023-04-16T14:42:01.115+0000] {processor.py:175} INFO - Processing /home/airflow/.local/lib/python3.7/site-packages/airflow/example_dags/example_short_circuit_operator.py took 0.080 seconds
[2023-04-16T14:43:07.121+0000] {processor.py:153} INFO - Started process (PID=35) to work on /home/airflow/.local/lib/python3.7/site-packages/airflow/example_dags/example_short_circuit_operator.py
[2023-04-16T14:43:07.123+0000] {processor.py:743} INFO - Processing file /home/airflow/.local/lib/python3.7/site-packages/airflow/example_dags/example_short_circuit_operator.py for tasks to queue
[2023-04-16T14:43:07.125+0000] {logging_mixin.py:137} INFO - [2023-04-16T14:43:07.125+0000] {dagbag.py:532} INFO - Filling up the DagBag from /home/airflow/.local/lib/python3.7/site-packages/airflow/example_dags/example_short_circuit_operator.py
[2023-04-16T14:43:07.160+0000] {processor.py:753} INFO - DAG(s) dict_keys(['example_short_circuit_operator']) retrieved from /home/airflow/.local/lib/python3.7/site-packages/airflow/example_dags/example_short_circuit_operator.py
[2023-04-16T14:43:07.283+0000] {logging_mixin.py:137} INFO - [2023-04-16T14:43:07.283+0000] {dag.py:2693} INFO - Sync 1 DAGs
[2023-04-16T14:43:07.395+0000] {logging_mixin.py:137} INFO - [2023-04-16T14:43:07.395+0000] {dag.py:3444} INFO - Setting next_dagrun for example_short_circuit_operator to 2023-04-15T14:43:07.395013+00:00, run_after=2023-04-16T14:43:07.395013+00:00
[2023-04-16T14:43:07.424+0000] {processor.py:175} INFO - Processing /home/airflow/.local/lib/python3.7/site-packages/airflow/example_dags/example_short_circuit_operator.py took 0.309 seconds
[2023-04-16T14:43:37.668+0000] {processor.py:153} INFO - Started process (PID=85) to work on /home/airflow/.local/lib/python3.7/site-packages/airflow/example_dags/example_short_circuit_operator.py
[2023-04-16T14:43:37.670+0000] {processor.py:743} INFO - Processing file /home/airflow/.local/lib/python3.7/site-packages/airflow/example_dags/example_short_circuit_operator.py for tasks to queue
[2023-04-16T14:43:37.670+0000] {logging_mixin.py:137} INFO - [2023-04-16T14:43:37.670+0000] {dagbag.py:532} INFO - Filling up the DagBag from /home/airflow/.local/lib/python3.7/site-packages/airflow/example_dags/example_short_circuit_operator.py
[2023-04-16T14:43:37.684+0000] {processor.py:753} INFO - DAG(s) dict_keys(['example_short_circuit_operator']) retrieved from /home/airflow/.local/lib/python3.7/site-packages/airflow/example_dags/example_short_circuit_operator.py
[2023-04-16T14:43:37.711+0000] {logging_mixin.py:137} INFO - [2023-04-16T14:43:37.711+0000] {dag.py:2693} INFO - Sync 1 DAGs
[2023-04-16T14:43:37.727+0000] {logging_mixin.py:137} INFO - [2023-04-16T14:43:37.727+0000] {dag.py:3444} INFO - Setting next_dagrun for example_short_circuit_operator to 2023-04-15T14:43:37.727557+00:00, run_after=2023-04-16T14:43:37.727557+00:00
[2023-04-16T14:43:37.738+0000] {processor.py:175} INFO - Processing /home/airflow/.local/lib/python3.7/site-packages/airflow/example_dags/example_short_circuit_operator.py took 0.074 seconds
[2023-04-16T14:44:08.456+0000] {processor.py:153} INFO - Started process (PID=135) to work on /home/airflow/.local/lib/python3.7/site-packages/airflow/example_dags/example_short_circuit_operator.py
[2023-04-16T14:44:08.457+0000] {processor.py:743} INFO - Processing file /home/airflow/.local/lib/python3.7/site-packages/airflow/example_dags/example_short_circuit_operator.py for tasks to queue
[2023-04-16T14:44:08.458+0000] {logging_mixin.py:137} INFO - [2023-04-16T14:44:08.458+0000] {dagbag.py:532} INFO - Filling up the DagBag from /home/airflow/.local/lib/python3.7/site-packages/airflow/example_dags/example_short_circuit_operator.py
[2023-04-16T14:44:08.470+0000] {processor.py:753} INFO - DAG(s) dict_keys(['example_short_circuit_operator']) retrieved from /home/airflow/.local/lib/python3.7/site-packages/airflow/example_dags/example_short_circuit_operator.py
[2023-04-16T14:44:08.492+0000] {logging_mixin.py:137} INFO - [2023-04-16T14:44:08.492+0000] {dag.py:2693} INFO - Sync 1 DAGs
[2023-04-16T14:44:08.508+0000] {logging_mixin.py:137} INFO - [2023-04-16T14:44:08.508+0000] {dag.py:3444} INFO - Setting next_dagrun for example_short_circuit_operator to 2023-04-15T14:44:08.508550+00:00, run_after=2023-04-16T14:44:08.508550+00:00
[2023-04-16T14:44:08.519+0000] {processor.py:175} INFO - Processing /home/airflow/.local/lib/python3.7/site-packages/airflow/example_dags/example_short_circuit_operator.py took 0.066 seconds
[2023-04-16T14:44:39.013+0000] {processor.py:153} INFO - Started process (PID=185) to work on /home/airflow/.local/lib/python3.7/site-packages/airflow/example_dags/example_short_circuit_operator.py
[2023-04-16T14:44:39.014+0000] {processor.py:743} INFO - Processing file /home/airflow/.local/lib/python3.7/site-packages/airflow/example_dags/example_short_circuit_operator.py for tasks to queue
[2023-04-16T14:44:39.015+0000] {logging_mixin.py:137} INFO - [2023-04-16T14:44:39.015+0000] {dagbag.py:532} INFO - Filling up the DagBag from /home/airflow/.local/lib/python3.7/site-packages/airflow/example_dags/example_short_circuit_operator.py
[2023-04-16T14:44:39.030+0000] {processor.py:753} INFO - DAG(s) dict_keys(['example_short_circuit_operator']) retrieved from /home/airflow/.local/lib/python3.7/site-packages/airflow/example_dags/example_short_circuit_operator.py
[2023-04-16T14:44:39.056+0000] {logging_mixin.py:137} INFO - [2023-04-16T14:44:39.056+0000] {dag.py:2693} INFO - Sync 1 DAGs
[2023-04-16T14:44:39.073+0000] {logging_mixin.py:137} INFO - [2023-04-16T14:44:39.072+0000] {dag.py:3444} INFO - Setting next_dagrun for example_short_circuit_operator to 2023-04-15T14:44:39.072711+00:00, run_after=2023-04-16T14:44:39.072711+00:00
[2023-04-16T14:44:39.086+0000] {processor.py:175} INFO - Processing /home/airflow/.local/lib/python3.7/site-packages/airflow/example_dags/example_short_circuit_operator.py took 0.076 seconds
[2023-04-16T14:45:10.113+0000] {processor.py:153} INFO - Started process (PID=235) to work on /home/airflow/.local/lib/python3.7/site-packages/airflow/example_dags/example_short_circuit_operator.py
[2023-04-16T14:45:10.115+0000] {processor.py:743} INFO - Processing file /home/airflow/.local/lib/python3.7/site-packages/airflow/example_dags/example_short_circuit_operator.py for tasks to queue
[2023-04-16T14:45:10.116+0000] {logging_mixin.py:137} INFO - [2023-04-16T14:45:10.116+0000] {dagbag.py:532} INFO - Filling up the DagBag from /home/airflow/.local/lib/python3.7/site-packages/airflow/example_dags/example_short_circuit_operator.py
[2023-04-16T14:45:10.137+0000] {processor.py:753} INFO - DAG(s) dict_keys(['example_short_circuit_operator']) retrieved from /home/airflow/.local/lib/python3.7/site-packages/airflow/example_dags/example_short_circuit_operator.py
[2023-04-16T14:45:10.160+0000] {logging_mixin.py:137} INFO - [2023-04-16T14:45:10.160+0000] {dag.py:2693} INFO - Sync 1 DAGs
[2023-04-16T14:45:10.177+0000] {logging_mixin.py:137} INFO - [2023-04-16T14:45:10.177+0000] {dag.py:3444} INFO - Setting next_dagrun for example_short_circuit_operator to 2023-04-15T14:45:10.177265+00:00, run_after=2023-04-16T14:45:10.177265+00:00
[2023-04-16T14:45:10.188+0000] {processor.py:175} INFO - Processing /home/airflow/.local/lib/python3.7/site-packages/airflow/example_dags/example_short_circuit_operator.py took 0.081 seconds
[2023-04-16T14:45:41.002+0000] {processor.py:153} INFO - Started process (PID=285) to work on /home/airflow/.local/lib/python3.7/site-packages/airflow/example_dags/example_short_circuit_operator.py
[2023-04-16T14:45:41.004+0000] {processor.py:743} INFO - Processing file /home/airflow/.local/lib/python3.7/site-packages/airflow/example_dags/example_short_circuit_operator.py for tasks to queue
[2023-04-16T14:45:41.005+0000] {logging_mixin.py:137} INFO - [2023-04-16T14:45:41.005+0000] {dagbag.py:532} INFO - Filling up the DagBag from /home/airflow/.local/lib/python3.7/site-packages/airflow/example_dags/example_short_circuit_operator.py
[2023-04-16T14:45:41.020+0000] {processor.py:753} INFO - DAG(s) dict_keys(['example_short_circuit_operator']) retrieved from /home/airflow/.local/lib/python3.7/site-packages/airflow/example_dags/example_short_circuit_operator.py
[2023-04-16T14:45:41.045+0000] {logging_mixin.py:137} INFO - [2023-04-16T14:45:41.045+0000] {dag.py:2693} INFO - Sync 1 DAGs
[2023-04-16T14:45:41.063+0000] {logging_mixin.py:137} INFO - [2023-04-16T14:45:41.063+0000] {dag.py:3444} INFO - Setting next_dagrun for example_short_circuit_operator to 2023-04-15T14:45:41.062815+00:00, run_after=2023-04-16T14:45:41.062815+00:00
[2023-04-16T14:45:41.074+0000] {processor.py:175} INFO - Processing /home/airflow/.local/lib/python3.7/site-packages/airflow/example_dags/example_short_circuit_operator.py took 0.076 seconds
[2023-04-16T14:46:24.705+0000] {processor.py:153} INFO - Started process (PID=36) to work on /home/airflow/.local/lib/python3.7/site-packages/airflow/example_dags/example_short_circuit_operator.py
[2023-04-16T14:46:24.707+0000] {processor.py:743} INFO - Processing file /home/airflow/.local/lib/python3.7/site-packages/airflow/example_dags/example_short_circuit_operator.py for tasks to queue
[2023-04-16T14:46:24.709+0000] {logging_mixin.py:137} INFO - [2023-04-16T14:46:24.709+0000] {dagbag.py:532} INFO - Filling up the DagBag from /home/airflow/.local/lib/python3.7/site-packages/airflow/example_dags/example_short_circuit_operator.py
[2023-04-16T14:46:24.746+0000] {processor.py:753} INFO - DAG(s) dict_keys(['example_short_circuit_operator']) retrieved from /home/airflow/.local/lib/python3.7/site-packages/airflow/example_dags/example_short_circuit_operator.py
[2023-04-16T14:46:24.768+0000] {logging_mixin.py:137} INFO - [2023-04-16T14:46:24.767+0000] {dag.py:2693} INFO - Sync 1 DAGs
[2023-04-16T14:46:24.792+0000] {logging_mixin.py:137} INFO - [2023-04-16T14:46:24.792+0000] {dag.py:3444} INFO - Setting next_dagrun for example_short_circuit_operator to 2023-04-15T14:46:24.791660+00:00, run_after=2023-04-16T14:46:24.791660+00:00
[2023-04-16T14:46:24.820+0000] {processor.py:175} INFO - Processing /home/airflow/.local/lib/python3.7/site-packages/airflow/example_dags/example_short_circuit_operator.py took 0.119 seconds
[2023-04-16T14:46:55.891+0000] {processor.py:153} INFO - Started process (PID=90) to work on /home/airflow/.local/lib/python3.7/site-packages/airflow/example_dags/example_short_circuit_operator.py
[2023-04-16T14:46:55.893+0000] {processor.py:743} INFO - Processing file /home/airflow/.local/lib/python3.7/site-packages/airflow/example_dags/example_short_circuit_operator.py for tasks to queue
[2023-04-16T14:46:55.895+0000] {logging_mixin.py:137} INFO - [2023-04-16T14:46:55.895+0000] {dagbag.py:532} INFO - Filling up the DagBag from /home/airflow/.local/lib/python3.7/site-packages/airflow/example_dags/example_short_circuit_operator.py
[2023-04-16T14:46:55.915+0000] {processor.py:753} INFO - DAG(s) dict_keys(['example_short_circuit_operator']) retrieved from /home/airflow/.local/lib/python3.7/site-packages/airflow/example_dags/example_short_circuit_operator.py
[2023-04-16T14:46:55.960+0000] {logging_mixin.py:137} INFO - [2023-04-16T14:46:55.960+0000] {dag.py:2693} INFO - Sync 1 DAGs
[2023-04-16T14:46:55.981+0000] {logging_mixin.py:137} INFO - [2023-04-16T14:46:55.981+0000] {dag.py:3444} INFO - Setting next_dagrun for example_short_circuit_operator to 2023-04-15T14:46:55.981019+00:00, run_after=2023-04-16T14:46:55.981019+00:00
[2023-04-16T14:46:55.993+0000] {processor.py:175} INFO - Processing /home/airflow/.local/lib/python3.7/site-packages/airflow/example_dags/example_short_circuit_operator.py took 0.105 seconds
[2023-04-16T14:47:26.789+0000] {processor.py:153} INFO - Started process (PID=140) to work on /home/airflow/.local/lib/python3.7/site-packages/airflow/example_dags/example_short_circuit_operator.py
[2023-04-16T14:47:26.790+0000] {processor.py:743} INFO - Processing file /home/airflow/.local/lib/python3.7/site-packages/airflow/example_dags/example_short_circuit_operator.py for tasks to queue
[2023-04-16T14:47:26.791+0000] {logging_mixin.py:137} INFO - [2023-04-16T14:47:26.791+0000] {dagbag.py:532} INFO - Filling up the DagBag from /home/airflow/.local/lib/python3.7/site-packages/airflow/example_dags/example_short_circuit_operator.py
[2023-04-16T14:47:26.803+0000] {processor.py:753} INFO - DAG(s) dict_keys(['example_short_circuit_operator']) retrieved from /home/airflow/.local/lib/python3.7/site-packages/airflow/example_dags/example_short_circuit_operator.py
[2023-04-16T14:47:26.824+0000] {logging_mixin.py:137} INFO - [2023-04-16T14:47:26.824+0000] {dag.py:2693} INFO - Sync 1 DAGs
[2023-04-16T14:47:26.840+0000] {logging_mixin.py:137} INFO - [2023-04-16T14:47:26.840+0000] {dag.py:3444} INFO - Setting next_dagrun for example_short_circuit_operator to 2023-04-15T14:47:26.839884+00:00, run_after=2023-04-16T14:47:26.839884+00:00
[2023-04-16T14:47:26.853+0000] {processor.py:175} INFO - Processing /home/airflow/.local/lib/python3.7/site-packages/airflow/example_dags/example_short_circuit_operator.py took 0.068 seconds
[2023-04-16T14:47:57.366+0000] {processor.py:153} INFO - Started process (PID=190) to work on /home/airflow/.local/lib/python3.7/site-packages/airflow/example_dags/example_short_circuit_operator.py
[2023-04-16T14:47:57.368+0000] {processor.py:743} INFO - Processing file /home/airflow/.local/lib/python3.7/site-packages/airflow/example_dags/example_short_circuit_operator.py for tasks to queue
[2023-04-16T14:47:57.368+0000] {logging_mixin.py:137} INFO - [2023-04-16T14:47:57.368+0000] {dagbag.py:532} INFO - Filling up the DagBag from /home/airflow/.local/lib/python3.7/site-packages/airflow/example_dags/example_short_circuit_operator.py
[2023-04-16T14:47:57.380+0000] {processor.py:753} INFO - DAG(s) dict_keys(['example_short_circuit_operator']) retrieved from /home/airflow/.local/lib/python3.7/site-packages/airflow/example_dags/example_short_circuit_operator.py
[2023-04-16T14:47:57.401+0000] {logging_mixin.py:137} INFO - [2023-04-16T14:47:57.401+0000] {dag.py:2693} INFO - Sync 1 DAGs
[2023-04-16T14:47:57.417+0000] {logging_mixin.py:137} INFO - [2023-04-16T14:47:57.417+0000] {dag.py:3444} INFO - Setting next_dagrun for example_short_circuit_operator to 2023-04-15T14:47:57.417171+00:00, run_after=2023-04-16T14:47:57.417171+00:00
[2023-04-16T14:47:57.429+0000] {processor.py:175} INFO - Processing /home/airflow/.local/lib/python3.7/site-packages/airflow/example_dags/example_short_circuit_operator.py took 0.065 seconds
[2023-04-16T14:48:28.187+0000] {processor.py:153} INFO - Started process (PID=240) to work on /home/airflow/.local/lib/python3.7/site-packages/airflow/example_dags/example_short_circuit_operator.py
[2023-04-16T14:48:28.189+0000] {processor.py:743} INFO - Processing file /home/airflow/.local/lib/python3.7/site-packages/airflow/example_dags/example_short_circuit_operator.py for tasks to queue
[2023-04-16T14:48:28.189+0000] {logging_mixin.py:137} INFO - [2023-04-16T14:48:28.189+0000] {dagbag.py:532} INFO - Filling up the DagBag from /home/airflow/.local/lib/python3.7/site-packages/airflow/example_dags/example_short_circuit_operator.py
[2023-04-16T14:48:28.201+0000] {processor.py:753} INFO - DAG(s) dict_keys(['example_short_circuit_operator']) retrieved from /home/airflow/.local/lib/python3.7/site-packages/airflow/example_dags/example_short_circuit_operator.py
[2023-04-16T14:48:28.222+0000] {logging_mixin.py:137} INFO - [2023-04-16T14:48:28.222+0000] {dag.py:2693} INFO - Sync 1 DAGs
[2023-04-16T14:48:28.238+0000] {logging_mixin.py:137} INFO - [2023-04-16T14:48:28.238+0000] {dag.py:3444} INFO - Setting next_dagrun for example_short_circuit_operator to 2023-04-15T14:48:28.238161+00:00, run_after=2023-04-16T14:48:28.238161+00:00
[2023-04-16T14:48:28.250+0000] {processor.py:175} INFO - Processing /home/airflow/.local/lib/python3.7/site-packages/airflow/example_dags/example_short_circuit_operator.py took 0.065 seconds
[2023-04-16T14:48:58.743+0000] {processor.py:153} INFO - Started process (PID=290) to work on /home/airflow/.local/lib/python3.7/site-packages/airflow/example_dags/example_short_circuit_operator.py
[2023-04-16T14:48:58.744+0000] {processor.py:743} INFO - Processing file /home/airflow/.local/lib/python3.7/site-packages/airflow/example_dags/example_short_circuit_operator.py for tasks to queue
[2023-04-16T14:48:58.745+0000] {logging_mixin.py:137} INFO - [2023-04-16T14:48:58.745+0000] {dagbag.py:532} INFO - Filling up the DagBag from /home/airflow/.local/lib/python3.7/site-packages/airflow/example_dags/example_short_circuit_operator.py
[2023-04-16T14:48:58.758+0000] {processor.py:753} INFO - DAG(s) dict_keys(['example_short_circuit_operator']) retrieved from /home/airflow/.local/lib/python3.7/site-packages/airflow/example_dags/example_short_circuit_operator.py
[2023-04-16T14:48:58.782+0000] {logging_mixin.py:137} INFO - [2023-04-16T14:48:58.782+0000] {dag.py:2693} INFO - Sync 1 DAGs
[2023-04-16T14:48:58.800+0000] {logging_mixin.py:137} INFO - [2023-04-16T14:48:58.800+0000] {dag.py:3444} INFO - Setting next_dagrun for example_short_circuit_operator to 2023-04-15T14:48:58.800462+00:00, run_after=2023-04-16T14:48:58.800462+00:00
[2023-04-16T14:48:58.813+0000] {processor.py:175} INFO - Processing /home/airflow/.local/lib/python3.7/site-packages/airflow/example_dags/example_short_circuit_operator.py took 0.074 seconds
[2023-04-16T14:49:29.724+0000] {processor.py:153} INFO - Started process (PID=340) to work on /home/airflow/.local/lib/python3.7/site-packages/airflow/example_dags/example_short_circuit_operator.py
[2023-04-16T14:49:29.726+0000] {processor.py:743} INFO - Processing file /home/airflow/.local/lib/python3.7/site-packages/airflow/example_dags/example_short_circuit_operator.py for tasks to queue
[2023-04-16T14:49:29.727+0000] {logging_mixin.py:137} INFO - [2023-04-16T14:49:29.727+0000] {dagbag.py:532} INFO - Filling up the DagBag from /home/airflow/.local/lib/python3.7/site-packages/airflow/example_dags/example_short_circuit_operator.py
[2023-04-16T14:49:29.746+0000] {processor.py:753} INFO - DAG(s) dict_keys(['example_short_circuit_operator']) retrieved from /home/airflow/.local/lib/python3.7/site-packages/airflow/example_dags/example_short_circuit_operator.py
[2023-04-16T14:49:29.774+0000] {logging_mixin.py:137} INFO - [2023-04-16T14:49:29.774+0000] {dag.py:2693} INFO - Sync 1 DAGs
[2023-04-16T14:49:29.806+0000] {logging_mixin.py:137} INFO - [2023-04-16T14:49:29.806+0000] {dag.py:3444} INFO - Setting next_dagrun for example_short_circuit_operator to 2023-04-15T14:49:29.805528+00:00, run_after=2023-04-16T14:49:29.805528+00:00
[2023-04-16T14:49:29.832+0000] {processor.py:175} INFO - Processing /home/airflow/.local/lib/python3.7/site-packages/airflow/example_dags/example_short_circuit_operator.py took 0.112 seconds
