[2023-04-16T14:21:48.688+0000] {processor.py:153} INFO - Started process (PID=61) to work on /home/airflow/.local/lib/python3.7/site-packages/airflow/example_dags/example_dynamic_task_mapping.py
[2023-04-16T14:21:48.701+0000] {processor.py:743} INFO - Processing file /home/airflow/.local/lib/python3.7/site-packages/airflow/example_dags/example_dynamic_task_mapping.py for tasks to queue
[2023-04-16T14:21:48.709+0000] {logging_mixin.py:137} INFO - [2023-04-16T14:21:48.709+0000] {dagbag.py:532} INFO - Filling up the DagBag from /home/airflow/.local/lib/python3.7/site-packages/airflow/example_dags/example_dynamic_task_mapping.py
[2023-04-16T14:21:48.887+0000] {processor.py:753} INFO - DAG(s) dict_keys(['example_dynamic_task_mapping']) retrieved from /home/airflow/.local/lib/python3.7/site-packages/airflow/example_dags/example_dynamic_task_mapping.py
[2023-04-16T14:21:49.048+0000] {logging_mixin.py:137} INFO - [2023-04-16T14:21:49.047+0000] {dag.py:2693} INFO - Sync 1 DAGs
[2023-04-16T14:21:49.171+0000] {logging_mixin.py:137} INFO - [2023-04-16T14:21:49.170+0000] {dag.py:3444} INFO - Setting next_dagrun for example_dynamic_task_mapping to 2022-03-04T00:00:00+00:00, run_after=2022-03-05T00:00:00+00:00
[2023-04-16T14:21:49.203+0000] {processor.py:175} INFO - Processing /home/airflow/.local/lib/python3.7/site-packages/airflow/example_dags/example_dynamic_task_mapping.py took 0.538 seconds
[2023-04-16T14:22:20.078+0000] {processor.py:153} INFO - Started process (PID=109) to work on /home/airflow/.local/lib/python3.7/site-packages/airflow/example_dags/example_dynamic_task_mapping.py
[2023-04-16T14:22:20.080+0000] {processor.py:743} INFO - Processing file /home/airflow/.local/lib/python3.7/site-packages/airflow/example_dags/example_dynamic_task_mapping.py for tasks to queue
[2023-04-16T14:22:20.081+0000] {logging_mixin.py:137} INFO - [2023-04-16T14:22:20.081+0000] {dagbag.py:532} INFO - Filling up the DagBag from /home/airflow/.local/lib/python3.7/site-packages/airflow/example_dags/example_dynamic_task_mapping.py
[2023-04-16T14:22:20.107+0000] {processor.py:753} INFO - DAG(s) dict_keys(['example_dynamic_task_mapping']) retrieved from /home/airflow/.local/lib/python3.7/site-packages/airflow/example_dags/example_dynamic_task_mapping.py
[2023-04-16T14:22:20.128+0000] {logging_mixin.py:137} INFO - [2023-04-16T14:22:20.128+0000] {dag.py:2693} INFO - Sync 1 DAGs
[2023-04-16T14:22:20.145+0000] {logging_mixin.py:137} INFO - [2023-04-16T14:22:20.144+0000] {dag.py:3444} INFO - Setting next_dagrun for example_dynamic_task_mapping to 2022-03-04T00:00:00+00:00, run_after=2022-03-05T00:00:00+00:00
[2023-04-16T14:22:20.157+0000] {processor.py:175} INFO - Processing /home/airflow/.local/lib/python3.7/site-packages/airflow/example_dags/example_dynamic_task_mapping.py took 0.084 seconds
[2023-04-16T14:22:50.322+0000] {processor.py:153} INFO - Started process (PID=157) to work on /home/airflow/.local/lib/python3.7/site-packages/airflow/example_dags/example_dynamic_task_mapping.py
[2023-04-16T14:22:50.323+0000] {processor.py:743} INFO - Processing file /home/airflow/.local/lib/python3.7/site-packages/airflow/example_dags/example_dynamic_task_mapping.py for tasks to queue
[2023-04-16T14:22:50.325+0000] {logging_mixin.py:137} INFO - [2023-04-16T14:22:50.325+0000] {dagbag.py:532} INFO - Filling up the DagBag from /home/airflow/.local/lib/python3.7/site-packages/airflow/example_dags/example_dynamic_task_mapping.py
[2023-04-16T14:22:50.352+0000] {processor.py:753} INFO - DAG(s) dict_keys(['example_dynamic_task_mapping']) retrieved from /home/airflow/.local/lib/python3.7/site-packages/airflow/example_dags/example_dynamic_task_mapping.py
[2023-04-16T14:22:50.376+0000] {logging_mixin.py:137} INFO - [2023-04-16T14:22:50.376+0000] {dag.py:2693} INFO - Sync 1 DAGs
[2023-04-16T14:22:50.395+0000] {logging_mixin.py:137} INFO - [2023-04-16T14:22:50.395+0000] {dag.py:3444} INFO - Setting next_dagrun for example_dynamic_task_mapping to 2022-03-04T00:00:00+00:00, run_after=2022-03-05T00:00:00+00:00
[2023-04-16T14:22:50.411+0000] {processor.py:175} INFO - Processing /home/airflow/.local/lib/python3.7/site-packages/airflow/example_dags/example_dynamic_task_mapping.py took 0.095 seconds
[2023-04-16T14:23:21.166+0000] {processor.py:153} INFO - Started process (PID=206) to work on /home/airflow/.local/lib/python3.7/site-packages/airflow/example_dags/example_dynamic_task_mapping.py
[2023-04-16T14:23:21.168+0000] {processor.py:743} INFO - Processing file /home/airflow/.local/lib/python3.7/site-packages/airflow/example_dags/example_dynamic_task_mapping.py for tasks to queue
[2023-04-16T14:23:21.169+0000] {logging_mixin.py:137} INFO - [2023-04-16T14:23:21.169+0000] {dagbag.py:532} INFO - Filling up the DagBag from /home/airflow/.local/lib/python3.7/site-packages/airflow/example_dags/example_dynamic_task_mapping.py
[2023-04-16T14:23:21.193+0000] {processor.py:753} INFO - DAG(s) dict_keys(['example_dynamic_task_mapping']) retrieved from /home/airflow/.local/lib/python3.7/site-packages/airflow/example_dags/example_dynamic_task_mapping.py
[2023-04-16T14:23:21.213+0000] {logging_mixin.py:137} INFO - [2023-04-16T14:23:21.213+0000] {dag.py:2693} INFO - Sync 1 DAGs
[2023-04-16T14:23:21.229+0000] {logging_mixin.py:137} INFO - [2023-04-16T14:23:21.229+0000] {dag.py:3444} INFO - Setting next_dagrun for example_dynamic_task_mapping to 2022-03-04T00:00:00+00:00, run_after=2022-03-05T00:00:00+00:00
[2023-04-16T14:23:21.241+0000] {processor.py:175} INFO - Processing /home/airflow/.local/lib/python3.7/site-packages/airflow/example_dags/example_dynamic_task_mapping.py took 0.080 seconds
[2023-04-16T14:23:51.693+0000] {processor.py:153} INFO - Started process (PID=254) to work on /home/airflow/.local/lib/python3.7/site-packages/airflow/example_dags/example_dynamic_task_mapping.py
[2023-04-16T14:23:51.695+0000] {processor.py:743} INFO - Processing file /home/airflow/.local/lib/python3.7/site-packages/airflow/example_dags/example_dynamic_task_mapping.py for tasks to queue
[2023-04-16T14:23:51.696+0000] {logging_mixin.py:137} INFO - [2023-04-16T14:23:51.696+0000] {dagbag.py:532} INFO - Filling up the DagBag from /home/airflow/.local/lib/python3.7/site-packages/airflow/example_dags/example_dynamic_task_mapping.py
[2023-04-16T14:23:51.719+0000] {processor.py:753} INFO - DAG(s) dict_keys(['example_dynamic_task_mapping']) retrieved from /home/airflow/.local/lib/python3.7/site-packages/airflow/example_dags/example_dynamic_task_mapping.py
[2023-04-16T14:23:51.739+0000] {logging_mixin.py:137} INFO - [2023-04-16T14:23:51.738+0000] {dag.py:2693} INFO - Sync 1 DAGs
[2023-04-16T14:23:51.755+0000] {logging_mixin.py:137} INFO - [2023-04-16T14:23:51.755+0000] {dag.py:3444} INFO - Setting next_dagrun for example_dynamic_task_mapping to 2022-03-04T00:00:00+00:00, run_after=2022-03-05T00:00:00+00:00
[2023-04-16T14:23:51.768+0000] {processor.py:175} INFO - Processing /home/airflow/.local/lib/python3.7/site-packages/airflow/example_dags/example_dynamic_task_mapping.py took 0.079 seconds
[2023-04-16T14:24:22.294+0000] {processor.py:153} INFO - Started process (PID=304) to work on /home/airflow/.local/lib/python3.7/site-packages/airflow/example_dags/example_dynamic_task_mapping.py
[2023-04-16T14:24:22.296+0000] {processor.py:743} INFO - Processing file /home/airflow/.local/lib/python3.7/site-packages/airflow/example_dags/example_dynamic_task_mapping.py for tasks to queue
[2023-04-16T14:24:22.298+0000] {logging_mixin.py:137} INFO - [2023-04-16T14:24:22.297+0000] {dagbag.py:532} INFO - Filling up the DagBag from /home/airflow/.local/lib/python3.7/site-packages/airflow/example_dags/example_dynamic_task_mapping.py
[2023-04-16T14:24:22.319+0000] {processor.py:753} INFO - DAG(s) dict_keys(['example_dynamic_task_mapping']) retrieved from /home/airflow/.local/lib/python3.7/site-packages/airflow/example_dags/example_dynamic_task_mapping.py
[2023-04-16T14:24:22.340+0000] {logging_mixin.py:137} INFO - [2023-04-16T14:24:22.340+0000] {dag.py:2693} INFO - Sync 1 DAGs
[2023-04-16T14:24:22.356+0000] {logging_mixin.py:137} INFO - [2023-04-16T14:24:22.356+0000] {dag.py:3444} INFO - Setting next_dagrun for example_dynamic_task_mapping to 2022-03-04T00:00:00+00:00, run_after=2022-03-05T00:00:00+00:00
[2023-04-16T14:24:22.368+0000] {processor.py:175} INFO - Processing /home/airflow/.local/lib/python3.7/site-packages/airflow/example_dags/example_dynamic_task_mapping.py took 0.080 seconds
[2023-04-16T14:24:52.960+0000] {processor.py:153} INFO - Started process (PID=353) to work on /home/airflow/.local/lib/python3.7/site-packages/airflow/example_dags/example_dynamic_task_mapping.py
[2023-04-16T14:24:52.962+0000] {processor.py:743} INFO - Processing file /home/airflow/.local/lib/python3.7/site-packages/airflow/example_dags/example_dynamic_task_mapping.py for tasks to queue
[2023-04-16T14:24:52.963+0000] {logging_mixin.py:137} INFO - [2023-04-16T14:24:52.963+0000] {dagbag.py:532} INFO - Filling up the DagBag from /home/airflow/.local/lib/python3.7/site-packages/airflow/example_dags/example_dynamic_task_mapping.py
[2023-04-16T14:24:52.991+0000] {processor.py:753} INFO - DAG(s) dict_keys(['example_dynamic_task_mapping']) retrieved from /home/airflow/.local/lib/python3.7/site-packages/airflow/example_dags/example_dynamic_task_mapping.py
[2023-04-16T14:24:53.012+0000] {logging_mixin.py:137} INFO - [2023-04-16T14:24:53.011+0000] {dag.py:2693} INFO - Sync 1 DAGs
[2023-04-16T14:24:53.028+0000] {logging_mixin.py:137} INFO - [2023-04-16T14:24:53.028+0000] {dag.py:3444} INFO - Setting next_dagrun for example_dynamic_task_mapping to 2022-03-04T00:00:00+00:00, run_after=2022-03-05T00:00:00+00:00
[2023-04-16T14:24:53.039+0000] {processor.py:175} INFO - Processing /home/airflow/.local/lib/python3.7/site-packages/airflow/example_dags/example_dynamic_task_mapping.py took 0.084 seconds
[2023-04-16T14:25:23.825+0000] {processor.py:153} INFO - Started process (PID=402) to work on /home/airflow/.local/lib/python3.7/site-packages/airflow/example_dags/example_dynamic_task_mapping.py
[2023-04-16T14:25:23.828+0000] {processor.py:743} INFO - Processing file /home/airflow/.local/lib/python3.7/site-packages/airflow/example_dags/example_dynamic_task_mapping.py for tasks to queue
[2023-04-16T14:25:23.829+0000] {logging_mixin.py:137} INFO - [2023-04-16T14:25:23.829+0000] {dagbag.py:532} INFO - Filling up the DagBag from /home/airflow/.local/lib/python3.7/site-packages/airflow/example_dags/example_dynamic_task_mapping.py
[2023-04-16T14:25:23.857+0000] {processor.py:753} INFO - DAG(s) dict_keys(['example_dynamic_task_mapping']) retrieved from /home/airflow/.local/lib/python3.7/site-packages/airflow/example_dags/example_dynamic_task_mapping.py
[2023-04-16T14:25:23.893+0000] {logging_mixin.py:137} INFO - [2023-04-16T14:25:23.893+0000] {dag.py:2693} INFO - Sync 1 DAGs
[2023-04-16T14:25:23.918+0000] {logging_mixin.py:137} INFO - [2023-04-16T14:25:23.918+0000] {dag.py:3444} INFO - Setting next_dagrun for example_dynamic_task_mapping to 2022-03-04T00:00:00+00:00, run_after=2022-03-05T00:00:00+00:00
[2023-04-16T14:25:23.932+0000] {processor.py:175} INFO - Processing /home/airflow/.local/lib/python3.7/site-packages/airflow/example_dags/example_dynamic_task_mapping.py took 0.111 seconds
[2023-04-16T14:26:16.297+0000] {processor.py:153} INFO - Started process (PID=61) to work on /home/airflow/.local/lib/python3.7/site-packages/airflow/example_dags/example_dynamic_task_mapping.py
[2023-04-16T14:26:16.300+0000] {processor.py:743} INFO - Processing file /home/airflow/.local/lib/python3.7/site-packages/airflow/example_dags/example_dynamic_task_mapping.py for tasks to queue
[2023-04-16T14:26:16.303+0000] {logging_mixin.py:137} INFO - [2023-04-16T14:26:16.302+0000] {dagbag.py:532} INFO - Filling up the DagBag from /home/airflow/.local/lib/python3.7/site-packages/airflow/example_dags/example_dynamic_task_mapping.py
[2023-04-16T14:26:16.379+0000] {processor.py:753} INFO - DAG(s) dict_keys(['example_dynamic_task_mapping']) retrieved from /home/airflow/.local/lib/python3.7/site-packages/airflow/example_dags/example_dynamic_task_mapping.py
[2023-04-16T14:26:16.401+0000] {logging_mixin.py:137} INFO - [2023-04-16T14:26:16.401+0000] {dag.py:2693} INFO - Sync 1 DAGs
[2023-04-16T14:26:16.445+0000] {logging_mixin.py:137} INFO - [2023-04-16T14:26:16.445+0000] {dag.py:3444} INFO - Setting next_dagrun for example_dynamic_task_mapping to 2022-03-04T00:00:00+00:00, run_after=2022-03-05T00:00:00+00:00
[2023-04-16T14:26:16.472+0000] {processor.py:175} INFO - Processing /home/airflow/.local/lib/python3.7/site-packages/airflow/example_dags/example_dynamic_task_mapping.py took 0.181 seconds
[2023-04-16T14:26:46.569+0000] {processor.py:153} INFO - Started process (PID=115) to work on /home/airflow/.local/lib/python3.7/site-packages/airflow/example_dags/example_dynamic_task_mapping.py
[2023-04-16T14:26:46.571+0000] {processor.py:743} INFO - Processing file /home/airflow/.local/lib/python3.7/site-packages/airflow/example_dags/example_dynamic_task_mapping.py for tasks to queue
[2023-04-16T14:26:46.571+0000] {logging_mixin.py:137} INFO - [2023-04-16T14:26:46.571+0000] {dagbag.py:532} INFO - Filling up the DagBag from /home/airflow/.local/lib/python3.7/site-packages/airflow/example_dags/example_dynamic_task_mapping.py
[2023-04-16T14:26:46.587+0000] {processor.py:753} INFO - DAG(s) dict_keys(['example_dynamic_task_mapping']) retrieved from /home/airflow/.local/lib/python3.7/site-packages/airflow/example_dags/example_dynamic_task_mapping.py
[2023-04-16T14:26:46.613+0000] {logging_mixin.py:137} INFO - [2023-04-16T14:26:46.613+0000] {dag.py:2693} INFO - Sync 1 DAGs
[2023-04-16T14:26:46.633+0000] {logging_mixin.py:137} INFO - [2023-04-16T14:26:46.633+0000] {dag.py:3444} INFO - Setting next_dagrun for example_dynamic_task_mapping to 2022-03-04T00:00:00+00:00, run_after=2022-03-05T00:00:00+00:00
[2023-04-16T14:26:46.646+0000] {processor.py:175} INFO - Processing /home/airflow/.local/lib/python3.7/site-packages/airflow/example_dags/example_dynamic_task_mapping.py took 0.079 seconds
[2023-04-16T14:27:17.411+0000] {processor.py:153} INFO - Started process (PID=165) to work on /home/airflow/.local/lib/python3.7/site-packages/airflow/example_dags/example_dynamic_task_mapping.py
[2023-04-16T14:27:17.413+0000] {processor.py:743} INFO - Processing file /home/airflow/.local/lib/python3.7/site-packages/airflow/example_dags/example_dynamic_task_mapping.py for tasks to queue
[2023-04-16T14:27:17.413+0000] {logging_mixin.py:137} INFO - [2023-04-16T14:27:17.413+0000] {dagbag.py:532} INFO - Filling up the DagBag from /home/airflow/.local/lib/python3.7/site-packages/airflow/example_dags/example_dynamic_task_mapping.py
[2023-04-16T14:27:17.429+0000] {processor.py:753} INFO - DAG(s) dict_keys(['example_dynamic_task_mapping']) retrieved from /home/airflow/.local/lib/python3.7/site-packages/airflow/example_dags/example_dynamic_task_mapping.py
[2023-04-16T14:27:17.449+0000] {logging_mixin.py:137} INFO - [2023-04-16T14:27:17.449+0000] {dag.py:2693} INFO - Sync 1 DAGs
[2023-04-16T14:27:17.464+0000] {logging_mixin.py:137} INFO - [2023-04-16T14:27:17.464+0000] {dag.py:3444} INFO - Setting next_dagrun for example_dynamic_task_mapping to 2022-03-04T00:00:00+00:00, run_after=2022-03-05T00:00:00+00:00
[2023-04-16T14:27:17.475+0000] {processor.py:175} INFO - Processing /home/airflow/.local/lib/python3.7/site-packages/airflow/example_dags/example_dynamic_task_mapping.py took 0.066 seconds
[2023-04-16T14:27:48.256+0000] {processor.py:153} INFO - Started process (PID=215) to work on /home/airflow/.local/lib/python3.7/site-packages/airflow/example_dags/example_dynamic_task_mapping.py
[2023-04-16T14:27:48.257+0000] {processor.py:743} INFO - Processing file /home/airflow/.local/lib/python3.7/site-packages/airflow/example_dags/example_dynamic_task_mapping.py for tasks to queue
[2023-04-16T14:27:48.258+0000] {logging_mixin.py:137} INFO - [2023-04-16T14:27:48.258+0000] {dagbag.py:532} INFO - Filling up the DagBag from /home/airflow/.local/lib/python3.7/site-packages/airflow/example_dags/example_dynamic_task_mapping.py
[2023-04-16T14:27:48.273+0000] {processor.py:753} INFO - DAG(s) dict_keys(['example_dynamic_task_mapping']) retrieved from /home/airflow/.local/lib/python3.7/site-packages/airflow/example_dags/example_dynamic_task_mapping.py
[2023-04-16T14:27:48.292+0000] {logging_mixin.py:137} INFO - [2023-04-16T14:27:48.292+0000] {dag.py:2693} INFO - Sync 1 DAGs
[2023-04-16T14:27:48.308+0000] {logging_mixin.py:137} INFO - [2023-04-16T14:27:48.308+0000] {dag.py:3444} INFO - Setting next_dagrun for example_dynamic_task_mapping to 2022-03-04T00:00:00+00:00, run_after=2022-03-05T00:00:00+00:00
[2023-04-16T14:27:48.320+0000] {processor.py:175} INFO - Processing /home/airflow/.local/lib/python3.7/site-packages/airflow/example_dags/example_dynamic_task_mapping.py took 0.067 seconds
[2023-04-16T14:28:19.050+0000] {processor.py:153} INFO - Started process (PID=265) to work on /home/airflow/.local/lib/python3.7/site-packages/airflow/example_dags/example_dynamic_task_mapping.py
[2023-04-16T14:28:19.051+0000] {processor.py:743} INFO - Processing file /home/airflow/.local/lib/python3.7/site-packages/airflow/example_dags/example_dynamic_task_mapping.py for tasks to queue
[2023-04-16T14:28:19.052+0000] {logging_mixin.py:137} INFO - [2023-04-16T14:28:19.052+0000] {dagbag.py:532} INFO - Filling up the DagBag from /home/airflow/.local/lib/python3.7/site-packages/airflow/example_dags/example_dynamic_task_mapping.py
[2023-04-16T14:28:19.075+0000] {processor.py:753} INFO - DAG(s) dict_keys(['example_dynamic_task_mapping']) retrieved from /home/airflow/.local/lib/python3.7/site-packages/airflow/example_dags/example_dynamic_task_mapping.py
[2023-04-16T14:28:19.098+0000] {logging_mixin.py:137} INFO - [2023-04-16T14:28:19.097+0000] {dag.py:2693} INFO - Sync 1 DAGs
[2023-04-16T14:28:19.114+0000] {logging_mixin.py:137} INFO - [2023-04-16T14:28:19.114+0000] {dag.py:3444} INFO - Setting next_dagrun for example_dynamic_task_mapping to 2022-03-04T00:00:00+00:00, run_after=2022-03-05T00:00:00+00:00
[2023-04-16T14:28:19.125+0000] {processor.py:175} INFO - Processing /home/airflow/.local/lib/python3.7/site-packages/airflow/example_dags/example_dynamic_task_mapping.py took 0.078 seconds
[2023-04-16T14:28:49.992+0000] {processor.py:153} INFO - Started process (PID=316) to work on /home/airflow/.local/lib/python3.7/site-packages/airflow/example_dags/example_dynamic_task_mapping.py
[2023-04-16T14:28:49.993+0000] {processor.py:743} INFO - Processing file /home/airflow/.local/lib/python3.7/site-packages/airflow/example_dags/example_dynamic_task_mapping.py for tasks to queue
[2023-04-16T14:28:49.994+0000] {logging_mixin.py:137} INFO - [2023-04-16T14:28:49.993+0000] {dagbag.py:532} INFO - Filling up the DagBag from /home/airflow/.local/lib/python3.7/site-packages/airflow/example_dags/example_dynamic_task_mapping.py
[2023-04-16T14:28:50.016+0000] {processor.py:753} INFO - DAG(s) dict_keys(['example_dynamic_task_mapping']) retrieved from /home/airflow/.local/lib/python3.7/site-packages/airflow/example_dags/example_dynamic_task_mapping.py
[2023-04-16T14:28:50.041+0000] {logging_mixin.py:137} INFO - [2023-04-16T14:28:50.041+0000] {dag.py:2693} INFO - Sync 1 DAGs
[2023-04-16T14:28:50.058+0000] {logging_mixin.py:137} INFO - [2023-04-16T14:28:50.057+0000] {dag.py:3444} INFO - Setting next_dagrun for example_dynamic_task_mapping to 2022-03-04T00:00:00+00:00, run_after=2022-03-05T00:00:00+00:00
[2023-04-16T14:28:50.068+0000] {processor.py:175} INFO - Processing /home/airflow/.local/lib/python3.7/site-packages/airflow/example_dags/example_dynamic_task_mapping.py took 0.080 seconds
[2023-04-16T14:29:20.697+0000] {processor.py:153} INFO - Started process (PID=366) to work on /home/airflow/.local/lib/python3.7/site-packages/airflow/example_dags/example_dynamic_task_mapping.py
[2023-04-16T14:29:20.699+0000] {processor.py:743} INFO - Processing file /home/airflow/.local/lib/python3.7/site-packages/airflow/example_dags/example_dynamic_task_mapping.py for tasks to queue
[2023-04-16T14:29:20.700+0000] {logging_mixin.py:137} INFO - [2023-04-16T14:29:20.700+0000] {dagbag.py:532} INFO - Filling up the DagBag from /home/airflow/.local/lib/python3.7/site-packages/airflow/example_dags/example_dynamic_task_mapping.py
[2023-04-16T14:29:20.717+0000] {processor.py:753} INFO - DAG(s) dict_keys(['example_dynamic_task_mapping']) retrieved from /home/airflow/.local/lib/python3.7/site-packages/airflow/example_dags/example_dynamic_task_mapping.py
[2023-04-16T14:29:20.736+0000] {logging_mixin.py:137} INFO - [2023-04-16T14:29:20.736+0000] {dag.py:2693} INFO - Sync 1 DAGs
[2023-04-16T14:29:20.752+0000] {logging_mixin.py:137} INFO - [2023-04-16T14:29:20.752+0000] {dag.py:3444} INFO - Setting next_dagrun for example_dynamic_task_mapping to 2022-03-04T00:00:00+00:00, run_after=2022-03-05T00:00:00+00:00
[2023-04-16T14:29:20.765+0000] {processor.py:175} INFO - Processing /home/airflow/.local/lib/python3.7/site-packages/airflow/example_dags/example_dynamic_task_mapping.py took 0.072 seconds
[2023-04-16T14:30:27.460+0000] {processor.py:153} INFO - Started process (PID=61) to work on /home/airflow/.local/lib/python3.7/site-packages/airflow/example_dags/example_dynamic_task_mapping.py
[2023-04-16T14:30:27.464+0000] {processor.py:743} INFO - Processing file /home/airflow/.local/lib/python3.7/site-packages/airflow/example_dags/example_dynamic_task_mapping.py for tasks to queue
[2023-04-16T14:30:27.468+0000] {logging_mixin.py:137} INFO - [2023-04-16T14:30:27.468+0000] {dagbag.py:532} INFO - Filling up the DagBag from /home/airflow/.local/lib/python3.7/site-packages/airflow/example_dags/example_dynamic_task_mapping.py
[2023-04-16T14:30:27.523+0000] {processor.py:753} INFO - DAG(s) dict_keys(['example_dynamic_task_mapping']) retrieved from /home/airflow/.local/lib/python3.7/site-packages/airflow/example_dags/example_dynamic_task_mapping.py
[2023-04-16T14:30:27.574+0000] {logging_mixin.py:137} INFO - [2023-04-16T14:30:27.574+0000] {dag.py:2693} INFO - Sync 1 DAGs
[2023-04-16T14:30:27.720+0000] {logging_mixin.py:137} INFO - [2023-04-16T14:30:27.720+0000] {dag.py:3444} INFO - Setting next_dagrun for example_dynamic_task_mapping to 2022-03-04T00:00:00+00:00, run_after=2022-03-05T00:00:00+00:00
[2023-04-16T14:30:27.814+0000] {processor.py:175} INFO - Processing /home/airflow/.local/lib/python3.7/site-packages/airflow/example_dags/example_dynamic_task_mapping.py took 0.364 seconds
[2023-04-16T14:30:57.990+0000] {processor.py:153} INFO - Started process (PID=111) to work on /home/airflow/.local/lib/python3.7/site-packages/airflow/example_dags/example_dynamic_task_mapping.py
[2023-04-16T14:30:57.991+0000] {processor.py:743} INFO - Processing file /home/airflow/.local/lib/python3.7/site-packages/airflow/example_dags/example_dynamic_task_mapping.py for tasks to queue
[2023-04-16T14:30:57.992+0000] {logging_mixin.py:137} INFO - [2023-04-16T14:30:57.992+0000] {dagbag.py:532} INFO - Filling up the DagBag from /home/airflow/.local/lib/python3.7/site-packages/airflow/example_dags/example_dynamic_task_mapping.py
[2023-04-16T14:30:58.008+0000] {processor.py:753} INFO - DAG(s) dict_keys(['example_dynamic_task_mapping']) retrieved from /home/airflow/.local/lib/python3.7/site-packages/airflow/example_dags/example_dynamic_task_mapping.py
[2023-04-16T14:30:58.032+0000] {logging_mixin.py:137} INFO - [2023-04-16T14:30:58.032+0000] {dag.py:2693} INFO - Sync 1 DAGs
[2023-04-16T14:30:58.050+0000] {logging_mixin.py:137} INFO - [2023-04-16T14:30:58.050+0000] {dag.py:3444} INFO - Setting next_dagrun for example_dynamic_task_mapping to 2022-03-04T00:00:00+00:00, run_after=2022-03-05T00:00:00+00:00
[2023-04-16T14:30:58.062+0000] {processor.py:175} INFO - Processing /home/airflow/.local/lib/python3.7/site-packages/airflow/example_dags/example_dynamic_task_mapping.py took 0.074 seconds
[2023-04-16T14:31:28.792+0000] {processor.py:153} INFO - Started process (PID=165) to work on /home/airflow/.local/lib/python3.7/site-packages/airflow/example_dags/example_dynamic_task_mapping.py
[2023-04-16T14:31:28.793+0000] {processor.py:743} INFO - Processing file /home/airflow/.local/lib/python3.7/site-packages/airflow/example_dags/example_dynamic_task_mapping.py for tasks to queue
[2023-04-16T14:31:28.794+0000] {logging_mixin.py:137} INFO - [2023-04-16T14:31:28.794+0000] {dagbag.py:532} INFO - Filling up the DagBag from /home/airflow/.local/lib/python3.7/site-packages/airflow/example_dags/example_dynamic_task_mapping.py
[2023-04-16T14:31:28.829+0000] {processor.py:753} INFO - DAG(s) dict_keys(['example_dynamic_task_mapping']) retrieved from /home/airflow/.local/lib/python3.7/site-packages/airflow/example_dags/example_dynamic_task_mapping.py
[2023-04-16T14:31:28.863+0000] {logging_mixin.py:137} INFO - [2023-04-16T14:31:28.863+0000] {dag.py:2693} INFO - Sync 1 DAGs
[2023-04-16T14:31:28.904+0000] {logging_mixin.py:137} INFO - [2023-04-16T14:31:28.903+0000] {dag.py:3444} INFO - Setting next_dagrun for example_dynamic_task_mapping to 2022-03-04T00:00:00+00:00, run_after=2022-03-05T00:00:00+00:00
[2023-04-16T14:31:28.946+0000] {processor.py:175} INFO - Processing /home/airflow/.local/lib/python3.7/site-packages/airflow/example_dags/example_dynamic_task_mapping.py took 0.157 seconds
[2023-04-16T14:31:59.634+0000] {processor.py:153} INFO - Started process (PID=215) to work on /home/airflow/.local/lib/python3.7/site-packages/airflow/example_dags/example_dynamic_task_mapping.py
[2023-04-16T14:31:59.636+0000] {processor.py:743} INFO - Processing file /home/airflow/.local/lib/python3.7/site-packages/airflow/example_dags/example_dynamic_task_mapping.py for tasks to queue
[2023-04-16T14:31:59.636+0000] {logging_mixin.py:137} INFO - [2023-04-16T14:31:59.636+0000] {dagbag.py:532} INFO - Filling up the DagBag from /home/airflow/.local/lib/python3.7/site-packages/airflow/example_dags/example_dynamic_task_mapping.py
[2023-04-16T14:31:59.655+0000] {processor.py:753} INFO - DAG(s) dict_keys(['example_dynamic_task_mapping']) retrieved from /home/airflow/.local/lib/python3.7/site-packages/airflow/example_dags/example_dynamic_task_mapping.py
[2023-04-16T14:31:59.677+0000] {logging_mixin.py:137} INFO - [2023-04-16T14:31:59.677+0000] {dag.py:2693} INFO - Sync 1 DAGs
[2023-04-16T14:31:59.697+0000] {logging_mixin.py:137} INFO - [2023-04-16T14:31:59.696+0000] {dag.py:3444} INFO - Setting next_dagrun for example_dynamic_task_mapping to 2022-03-04T00:00:00+00:00, run_after=2022-03-05T00:00:00+00:00
[2023-04-16T14:31:59.710+0000] {processor.py:175} INFO - Processing /home/airflow/.local/lib/python3.7/site-packages/airflow/example_dags/example_dynamic_task_mapping.py took 0.078 seconds
[2023-04-16T14:32:29.937+0000] {processor.py:153} INFO - Started process (PID=265) to work on /home/airflow/.local/lib/python3.7/site-packages/airflow/example_dags/example_dynamic_task_mapping.py
[2023-04-16T14:32:29.941+0000] {processor.py:743} INFO - Processing file /home/airflow/.local/lib/python3.7/site-packages/airflow/example_dags/example_dynamic_task_mapping.py for tasks to queue
[2023-04-16T14:32:29.943+0000] {logging_mixin.py:137} INFO - [2023-04-16T14:32:29.943+0000] {dagbag.py:532} INFO - Filling up the DagBag from /home/airflow/.local/lib/python3.7/site-packages/airflow/example_dags/example_dynamic_task_mapping.py
[2023-04-16T14:32:29.969+0000] {processor.py:753} INFO - DAG(s) dict_keys(['example_dynamic_task_mapping']) retrieved from /home/airflow/.local/lib/python3.7/site-packages/airflow/example_dags/example_dynamic_task_mapping.py
[2023-04-16T14:32:29.991+0000] {logging_mixin.py:137} INFO - [2023-04-16T14:32:29.991+0000] {dag.py:2693} INFO - Sync 1 DAGs
[2023-04-16T14:32:30.012+0000] {logging_mixin.py:137} INFO - [2023-04-16T14:32:30.012+0000] {dag.py:3444} INFO - Setting next_dagrun for example_dynamic_task_mapping to 2022-03-04T00:00:00+00:00, run_after=2022-03-05T00:00:00+00:00
[2023-04-16T14:32:30.027+0000] {processor.py:175} INFO - Processing /home/airflow/.local/lib/python3.7/site-packages/airflow/example_dags/example_dynamic_task_mapping.py took 0.098 seconds
[2023-04-16T14:33:11.476+0000] {processor.py:153} INFO - Started process (PID=61) to work on /home/airflow/.local/lib/python3.7/site-packages/airflow/example_dags/example_dynamic_task_mapping.py
[2023-04-16T14:33:11.480+0000] {processor.py:743} INFO - Processing file /home/airflow/.local/lib/python3.7/site-packages/airflow/example_dags/example_dynamic_task_mapping.py for tasks to queue
[2023-04-16T14:33:11.483+0000] {logging_mixin.py:137} INFO - [2023-04-16T14:33:11.483+0000] {dagbag.py:532} INFO - Filling up the DagBag from /home/airflow/.local/lib/python3.7/site-packages/airflow/example_dags/example_dynamic_task_mapping.py
[2023-04-16T14:33:11.511+0000] {processor.py:753} INFO - DAG(s) dict_keys(['example_dynamic_task_mapping']) retrieved from /home/airflow/.local/lib/python3.7/site-packages/airflow/example_dags/example_dynamic_task_mapping.py
[2023-04-16T14:33:11.531+0000] {logging_mixin.py:137} INFO - [2023-04-16T14:33:11.531+0000] {dag.py:2693} INFO - Sync 1 DAGs
[2023-04-16T14:33:11.578+0000] {logging_mixin.py:137} INFO - [2023-04-16T14:33:11.577+0000] {dag.py:3444} INFO - Setting next_dagrun for example_dynamic_task_mapping to 2022-03-04T00:00:00+00:00, run_after=2022-03-05T00:00:00+00:00
[2023-04-16T14:33:11.605+0000] {processor.py:175} INFO - Processing /home/airflow/.local/lib/python3.7/site-packages/airflow/example_dags/example_dynamic_task_mapping.py took 0.144 seconds
[2023-04-16T14:33:42.489+0000] {processor.py:153} INFO - Started process (PID=115) to work on /home/airflow/.local/lib/python3.7/site-packages/airflow/example_dags/example_dynamic_task_mapping.py
[2023-04-16T14:33:42.491+0000] {processor.py:743} INFO - Processing file /home/airflow/.local/lib/python3.7/site-packages/airflow/example_dags/example_dynamic_task_mapping.py for tasks to queue
[2023-04-16T14:33:42.492+0000] {logging_mixin.py:137} INFO - [2023-04-16T14:33:42.492+0000] {dagbag.py:532} INFO - Filling up the DagBag from /home/airflow/.local/lib/python3.7/site-packages/airflow/example_dags/example_dynamic_task_mapping.py
[2023-04-16T14:33:42.509+0000] {processor.py:753} INFO - DAG(s) dict_keys(['example_dynamic_task_mapping']) retrieved from /home/airflow/.local/lib/python3.7/site-packages/airflow/example_dags/example_dynamic_task_mapping.py
[2023-04-16T14:33:42.527+0000] {logging_mixin.py:137} INFO - [2023-04-16T14:33:42.527+0000] {dag.py:2693} INFO - Sync 1 DAGs
[2023-04-16T14:33:42.544+0000] {logging_mixin.py:137} INFO - [2023-04-16T14:33:42.544+0000] {dag.py:3444} INFO - Setting next_dagrun for example_dynamic_task_mapping to 2022-03-04T00:00:00+00:00, run_after=2022-03-05T00:00:00+00:00
[2023-04-16T14:33:42.555+0000] {processor.py:175} INFO - Processing /home/airflow/.local/lib/python3.7/site-packages/airflow/example_dags/example_dynamic_task_mapping.py took 0.069 seconds
[2023-04-16T14:34:13.046+0000] {processor.py:153} INFO - Started process (PID=169) to work on /home/airflow/.local/lib/python3.7/site-packages/airflow/example_dags/example_dynamic_task_mapping.py
[2023-04-16T14:34:13.047+0000] {processor.py:743} INFO - Processing file /home/airflow/.local/lib/python3.7/site-packages/airflow/example_dags/example_dynamic_task_mapping.py for tasks to queue
[2023-04-16T14:34:13.047+0000] {logging_mixin.py:137} INFO - [2023-04-16T14:34:13.047+0000] {dagbag.py:532} INFO - Filling up the DagBag from /home/airflow/.local/lib/python3.7/site-packages/airflow/example_dags/example_dynamic_task_mapping.py
[2023-04-16T14:34:13.064+0000] {processor.py:753} INFO - DAG(s) dict_keys(['example_dynamic_task_mapping']) retrieved from /home/airflow/.local/lib/python3.7/site-packages/airflow/example_dags/example_dynamic_task_mapping.py
[2023-04-16T14:34:13.082+0000] {logging_mixin.py:137} INFO - [2023-04-16T14:34:13.082+0000] {dag.py:2693} INFO - Sync 1 DAGs
[2023-04-16T14:34:13.098+0000] {logging_mixin.py:137} INFO - [2023-04-16T14:34:13.098+0000] {dag.py:3444} INFO - Setting next_dagrun for example_dynamic_task_mapping to 2022-03-04T00:00:00+00:00, run_after=2022-03-05T00:00:00+00:00
[2023-04-16T14:34:13.109+0000] {processor.py:175} INFO - Processing /home/airflow/.local/lib/python3.7/site-packages/airflow/example_dags/example_dynamic_task_mapping.py took 0.067 seconds
[2023-04-16T14:34:43.519+0000] {processor.py:153} INFO - Started process (PID=219) to work on /home/airflow/.local/lib/python3.7/site-packages/airflow/example_dags/example_dynamic_task_mapping.py
[2023-04-16T14:34:43.520+0000] {processor.py:743} INFO - Processing file /home/airflow/.local/lib/python3.7/site-packages/airflow/example_dags/example_dynamic_task_mapping.py for tasks to queue
[2023-04-16T14:34:43.521+0000] {logging_mixin.py:137} INFO - [2023-04-16T14:34:43.521+0000] {dagbag.py:532} INFO - Filling up the DagBag from /home/airflow/.local/lib/python3.7/site-packages/airflow/example_dags/example_dynamic_task_mapping.py
[2023-04-16T14:34:43.537+0000] {processor.py:753} INFO - DAG(s) dict_keys(['example_dynamic_task_mapping']) retrieved from /home/airflow/.local/lib/python3.7/site-packages/airflow/example_dags/example_dynamic_task_mapping.py
[2023-04-16T14:34:43.565+0000] {logging_mixin.py:137} INFO - [2023-04-16T14:34:43.565+0000] {dag.py:2693} INFO - Sync 1 DAGs
[2023-04-16T14:34:43.584+0000] {logging_mixin.py:137} INFO - [2023-04-16T14:34:43.584+0000] {dag.py:3444} INFO - Setting next_dagrun for example_dynamic_task_mapping to 2022-03-04T00:00:00+00:00, run_after=2022-03-05T00:00:00+00:00
[2023-04-16T14:34:43.596+0000] {processor.py:175} INFO - Processing /home/airflow/.local/lib/python3.7/site-packages/airflow/example_dags/example_dynamic_task_mapping.py took 0.080 seconds
[2023-04-16T14:35:14.407+0000] {processor.py:153} INFO - Started process (PID=269) to work on /home/airflow/.local/lib/python3.7/site-packages/airflow/example_dags/example_dynamic_task_mapping.py
[2023-04-16T14:35:14.408+0000] {processor.py:743} INFO - Processing file /home/airflow/.local/lib/python3.7/site-packages/airflow/example_dags/example_dynamic_task_mapping.py for tasks to queue
[2023-04-16T14:35:14.409+0000] {logging_mixin.py:137} INFO - [2023-04-16T14:35:14.409+0000] {dagbag.py:532} INFO - Filling up the DagBag from /home/airflow/.local/lib/python3.7/site-packages/airflow/example_dags/example_dynamic_task_mapping.py
[2023-04-16T14:35:14.425+0000] {processor.py:753} INFO - DAG(s) dict_keys(['example_dynamic_task_mapping']) retrieved from /home/airflow/.local/lib/python3.7/site-packages/airflow/example_dags/example_dynamic_task_mapping.py
[2023-04-16T14:35:14.447+0000] {logging_mixin.py:137} INFO - [2023-04-16T14:35:14.447+0000] {dag.py:2693} INFO - Sync 1 DAGs
[2023-04-16T14:35:14.466+0000] {logging_mixin.py:137} INFO - [2023-04-16T14:35:14.466+0000] {dag.py:3444} INFO - Setting next_dagrun for example_dynamic_task_mapping to 2022-03-04T00:00:00+00:00, run_after=2022-03-05T00:00:00+00:00
[2023-04-16T14:35:14.478+0000] {processor.py:175} INFO - Processing /home/airflow/.local/lib/python3.7/site-packages/airflow/example_dags/example_dynamic_task_mapping.py took 0.073 seconds
[2023-04-16T14:35:44.694+0000] {processor.py:153} INFO - Started process (PID=319) to work on /home/airflow/.local/lib/python3.7/site-packages/airflow/example_dags/example_dynamic_task_mapping.py
[2023-04-16T14:35:44.696+0000] {processor.py:743} INFO - Processing file /home/airflow/.local/lib/python3.7/site-packages/airflow/example_dags/example_dynamic_task_mapping.py for tasks to queue
[2023-04-16T14:35:44.696+0000] {logging_mixin.py:137} INFO - [2023-04-16T14:35:44.696+0000] {dagbag.py:532} INFO - Filling up the DagBag from /home/airflow/.local/lib/python3.7/site-packages/airflow/example_dags/example_dynamic_task_mapping.py
[2023-04-16T14:35:44.714+0000] {processor.py:753} INFO - DAG(s) dict_keys(['example_dynamic_task_mapping']) retrieved from /home/airflow/.local/lib/python3.7/site-packages/airflow/example_dags/example_dynamic_task_mapping.py
[2023-04-16T14:35:44.732+0000] {logging_mixin.py:137} INFO - [2023-04-16T14:35:44.732+0000] {dag.py:2693} INFO - Sync 1 DAGs
[2023-04-16T14:35:44.748+0000] {logging_mixin.py:137} INFO - [2023-04-16T14:35:44.748+0000] {dag.py:3444} INFO - Setting next_dagrun for example_dynamic_task_mapping to 2022-03-04T00:00:00+00:00, run_after=2022-03-05T00:00:00+00:00
[2023-04-16T14:35:44.758+0000] {processor.py:175} INFO - Processing /home/airflow/.local/lib/python3.7/site-packages/airflow/example_dags/example_dynamic_task_mapping.py took 0.067 seconds
[2023-04-16T14:36:15.303+0000] {processor.py:153} INFO - Started process (PID=369) to work on /home/airflow/.local/lib/python3.7/site-packages/airflow/example_dags/example_dynamic_task_mapping.py
[2023-04-16T14:36:15.305+0000] {processor.py:743} INFO - Processing file /home/airflow/.local/lib/python3.7/site-packages/airflow/example_dags/example_dynamic_task_mapping.py for tasks to queue
[2023-04-16T14:36:15.306+0000] {logging_mixin.py:137} INFO - [2023-04-16T14:36:15.306+0000] {dagbag.py:532} INFO - Filling up the DagBag from /home/airflow/.local/lib/python3.7/site-packages/airflow/example_dags/example_dynamic_task_mapping.py
[2023-04-16T14:36:15.324+0000] {processor.py:753} INFO - DAG(s) dict_keys(['example_dynamic_task_mapping']) retrieved from /home/airflow/.local/lib/python3.7/site-packages/airflow/example_dags/example_dynamic_task_mapping.py
[2023-04-16T14:36:15.349+0000] {logging_mixin.py:137} INFO - [2023-04-16T14:36:15.349+0000] {dag.py:2693} INFO - Sync 1 DAGs
[2023-04-16T14:36:15.368+0000] {logging_mixin.py:137} INFO - [2023-04-16T14:36:15.368+0000] {dag.py:3444} INFO - Setting next_dagrun for example_dynamic_task_mapping to 2022-03-04T00:00:00+00:00, run_after=2022-03-05T00:00:00+00:00
[2023-04-16T14:36:15.381+0000] {processor.py:175} INFO - Processing /home/airflow/.local/lib/python3.7/site-packages/airflow/example_dags/example_dynamic_task_mapping.py took 0.080 seconds
[2023-04-16T14:37:24.033+0000] {processor.py:153} INFO - Started process (PID=61) to work on /home/airflow/.local/lib/python3.7/site-packages/airflow/example_dags/example_dynamic_task_mapping.py
[2023-04-16T14:37:24.051+0000] {processor.py:743} INFO - Processing file /home/airflow/.local/lib/python3.7/site-packages/airflow/example_dags/example_dynamic_task_mapping.py for tasks to queue
[2023-04-16T14:37:24.062+0000] {logging_mixin.py:137} INFO - [2023-04-16T14:37:24.061+0000] {dagbag.py:532} INFO - Filling up the DagBag from /home/airflow/.local/lib/python3.7/site-packages/airflow/example_dags/example_dynamic_task_mapping.py
[2023-04-16T14:37:24.110+0000] {processor.py:753} INFO - DAG(s) dict_keys(['example_dynamic_task_mapping']) retrieved from /home/airflow/.local/lib/python3.7/site-packages/airflow/example_dags/example_dynamic_task_mapping.py
[2023-04-16T14:37:24.142+0000] {logging_mixin.py:137} INFO - [2023-04-16T14:37:24.141+0000] {dag.py:2693} INFO - Sync 1 DAGs
[2023-04-16T14:37:24.210+0000] {logging_mixin.py:137} INFO - [2023-04-16T14:37:24.210+0000] {dag.py:3444} INFO - Setting next_dagrun for example_dynamic_task_mapping to 2022-03-04T00:00:00+00:00, run_after=2022-03-05T00:00:00+00:00
[2023-04-16T14:37:24.233+0000] {processor.py:175} INFO - Processing /home/airflow/.local/lib/python3.7/site-packages/airflow/example_dags/example_dynamic_task_mapping.py took 0.215 seconds
[2023-04-16T14:37:54.766+0000] {processor.py:153} INFO - Started process (PID=116) to work on /home/airflow/.local/lib/python3.7/site-packages/airflow/example_dags/example_dynamic_task_mapping.py
[2023-04-16T14:37:54.768+0000] {processor.py:743} INFO - Processing file /home/airflow/.local/lib/python3.7/site-packages/airflow/example_dags/example_dynamic_task_mapping.py for tasks to queue
[2023-04-16T14:37:54.768+0000] {logging_mixin.py:137} INFO - [2023-04-16T14:37:54.768+0000] {dagbag.py:532} INFO - Filling up the DagBag from /home/airflow/.local/lib/python3.7/site-packages/airflow/example_dags/example_dynamic_task_mapping.py
[2023-04-16T14:37:54.783+0000] {processor.py:753} INFO - DAG(s) dict_keys(['example_dynamic_task_mapping']) retrieved from /home/airflow/.local/lib/python3.7/site-packages/airflow/example_dags/example_dynamic_task_mapping.py
[2023-04-16T14:37:54.804+0000] {logging_mixin.py:137} INFO - [2023-04-16T14:37:54.803+0000] {dag.py:2693} INFO - Sync 1 DAGs
[2023-04-16T14:37:54.818+0000] {logging_mixin.py:137} INFO - [2023-04-16T14:37:54.818+0000] {dag.py:3444} INFO - Setting next_dagrun for example_dynamic_task_mapping to 2022-03-04T00:00:00+00:00, run_after=2022-03-05T00:00:00+00:00
[2023-04-16T14:37:54.830+0000] {processor.py:175} INFO - Processing /home/airflow/.local/lib/python3.7/site-packages/airflow/example_dags/example_dynamic_task_mapping.py took 0.066 seconds
[2023-04-16T14:38:59.194+0000] {processor.py:153} INFO - Started process (PID=61) to work on /home/airflow/.local/lib/python3.7/site-packages/airflow/example_dags/example_dynamic_task_mapping.py
[2023-04-16T14:38:59.197+0000] {processor.py:743} INFO - Processing file /home/airflow/.local/lib/python3.7/site-packages/airflow/example_dags/example_dynamic_task_mapping.py for tasks to queue
[2023-04-16T14:38:59.203+0000] {logging_mixin.py:137} INFO - [2023-04-16T14:38:59.202+0000] {dagbag.py:532} INFO - Filling up the DagBag from /home/airflow/.local/lib/python3.7/site-packages/airflow/example_dags/example_dynamic_task_mapping.py
[2023-04-16T14:38:59.236+0000] {processor.py:753} INFO - DAG(s) dict_keys(['example_dynamic_task_mapping']) retrieved from /home/airflow/.local/lib/python3.7/site-packages/airflow/example_dags/example_dynamic_task_mapping.py
[2023-04-16T14:38:59.257+0000] {logging_mixin.py:137} INFO - [2023-04-16T14:38:59.257+0000] {dag.py:2693} INFO - Sync 1 DAGs
[2023-04-16T14:38:59.314+0000] {logging_mixin.py:137} INFO - [2023-04-16T14:38:59.313+0000] {dag.py:3444} INFO - Setting next_dagrun for example_dynamic_task_mapping to 2022-03-04T00:00:00+00:00, run_after=2022-03-05T00:00:00+00:00
[2023-04-16T14:38:59.386+0000] {processor.py:175} INFO - Processing /home/airflow/.local/lib/python3.7/site-packages/airflow/example_dags/example_dynamic_task_mapping.py took 0.217 seconds
[2023-04-16T14:39:29.663+0000] {processor.py:153} INFO - Started process (PID=115) to work on /home/airflow/.local/lib/python3.7/site-packages/airflow/example_dags/example_dynamic_task_mapping.py
[2023-04-16T14:39:29.664+0000] {processor.py:743} INFO - Processing file /home/airflow/.local/lib/python3.7/site-packages/airflow/example_dags/example_dynamic_task_mapping.py for tasks to queue
[2023-04-16T14:39:29.665+0000] {logging_mixin.py:137} INFO - [2023-04-16T14:39:29.665+0000] {dagbag.py:532} INFO - Filling up the DagBag from /home/airflow/.local/lib/python3.7/site-packages/airflow/example_dags/example_dynamic_task_mapping.py
[2023-04-16T14:39:29.680+0000] {processor.py:753} INFO - DAG(s) dict_keys(['example_dynamic_task_mapping']) retrieved from /home/airflow/.local/lib/python3.7/site-packages/airflow/example_dags/example_dynamic_task_mapping.py
[2023-04-16T14:39:29.699+0000] {logging_mixin.py:137} INFO - [2023-04-16T14:39:29.699+0000] {dag.py:2693} INFO - Sync 1 DAGs
[2023-04-16T14:39:29.715+0000] {logging_mixin.py:137} INFO - [2023-04-16T14:39:29.715+0000] {dag.py:3444} INFO - Setting next_dagrun for example_dynamic_task_mapping to 2022-03-04T00:00:00+00:00, run_after=2022-03-05T00:00:00+00:00
[2023-04-16T14:39:29.725+0000] {processor.py:175} INFO - Processing /home/airflow/.local/lib/python3.7/site-packages/airflow/example_dags/example_dynamic_task_mapping.py took 0.065 seconds
[2023-04-16T14:40:00.233+0000] {processor.py:153} INFO - Started process (PID=164) to work on /home/airflow/.local/lib/python3.7/site-packages/airflow/example_dags/example_dynamic_task_mapping.py
[2023-04-16T14:40:00.234+0000] {processor.py:743} INFO - Processing file /home/airflow/.local/lib/python3.7/site-packages/airflow/example_dags/example_dynamic_task_mapping.py for tasks to queue
[2023-04-16T14:40:00.235+0000] {logging_mixin.py:137} INFO - [2023-04-16T14:40:00.235+0000] {dagbag.py:532} INFO - Filling up the DagBag from /home/airflow/.local/lib/python3.7/site-packages/airflow/example_dags/example_dynamic_task_mapping.py
[2023-04-16T14:40:00.251+0000] {processor.py:753} INFO - DAG(s) dict_keys(['example_dynamic_task_mapping']) retrieved from /home/airflow/.local/lib/python3.7/site-packages/airflow/example_dags/example_dynamic_task_mapping.py
[2023-04-16T14:40:00.271+0000] {logging_mixin.py:137} INFO - [2023-04-16T14:40:00.271+0000] {dag.py:2693} INFO - Sync 1 DAGs
[2023-04-16T14:40:00.286+0000] {logging_mixin.py:137} INFO - [2023-04-16T14:40:00.286+0000] {dag.py:3444} INFO - Setting next_dagrun for example_dynamic_task_mapping to 2022-03-04T00:00:00+00:00, run_after=2022-03-05T00:00:00+00:00
[2023-04-16T14:40:00.296+0000] {processor.py:175} INFO - Processing /home/airflow/.local/lib/python3.7/site-packages/airflow/example_dags/example_dynamic_task_mapping.py took 0.066 seconds
[2023-04-16T14:40:30.818+0000] {processor.py:153} INFO - Started process (PID=214) to work on /home/airflow/.local/lib/python3.7/site-packages/airflow/example_dags/example_dynamic_task_mapping.py
[2023-04-16T14:40:30.820+0000] {processor.py:743} INFO - Processing file /home/airflow/.local/lib/python3.7/site-packages/airflow/example_dags/example_dynamic_task_mapping.py for tasks to queue
[2023-04-16T14:40:30.821+0000] {logging_mixin.py:137} INFO - [2023-04-16T14:40:30.821+0000] {dagbag.py:532} INFO - Filling up the DagBag from /home/airflow/.local/lib/python3.7/site-packages/airflow/example_dags/example_dynamic_task_mapping.py
[2023-04-16T14:40:30.838+0000] {processor.py:753} INFO - DAG(s) dict_keys(['example_dynamic_task_mapping']) retrieved from /home/airflow/.local/lib/python3.7/site-packages/airflow/example_dags/example_dynamic_task_mapping.py
[2023-04-16T14:40:30.861+0000] {logging_mixin.py:137} INFO - [2023-04-16T14:40:30.861+0000] {dag.py:2693} INFO - Sync 1 DAGs
[2023-04-16T14:40:30.878+0000] {logging_mixin.py:137} INFO - [2023-04-16T14:40:30.878+0000] {dag.py:3444} INFO - Setting next_dagrun for example_dynamic_task_mapping to 2022-03-04T00:00:00+00:00, run_after=2022-03-05T00:00:00+00:00
[2023-04-16T14:40:30.888+0000] {processor.py:175} INFO - Processing /home/airflow/.local/lib/python3.7/site-packages/airflow/example_dags/example_dynamic_task_mapping.py took 0.074 seconds
[2023-04-16T14:41:01.470+0000] {processor.py:153} INFO - Started process (PID=264) to work on /home/airflow/.local/lib/python3.7/site-packages/airflow/example_dags/example_dynamic_task_mapping.py
[2023-04-16T14:41:01.471+0000] {processor.py:743} INFO - Processing file /home/airflow/.local/lib/python3.7/site-packages/airflow/example_dags/example_dynamic_task_mapping.py for tasks to queue
[2023-04-16T14:41:01.472+0000] {logging_mixin.py:137} INFO - [2023-04-16T14:41:01.472+0000] {dagbag.py:532} INFO - Filling up the DagBag from /home/airflow/.local/lib/python3.7/site-packages/airflow/example_dags/example_dynamic_task_mapping.py
[2023-04-16T14:41:01.487+0000] {processor.py:753} INFO - DAG(s) dict_keys(['example_dynamic_task_mapping']) retrieved from /home/airflow/.local/lib/python3.7/site-packages/airflow/example_dags/example_dynamic_task_mapping.py
[2023-04-16T14:41:01.508+0000] {logging_mixin.py:137} INFO - [2023-04-16T14:41:01.508+0000] {dag.py:2693} INFO - Sync 1 DAGs
[2023-04-16T14:41:01.524+0000] {logging_mixin.py:137} INFO - [2023-04-16T14:41:01.524+0000] {dag.py:3444} INFO - Setting next_dagrun for example_dynamic_task_mapping to 2022-03-04T00:00:00+00:00, run_after=2022-03-05T00:00:00+00:00
[2023-04-16T14:41:01.535+0000] {processor.py:175} INFO - Processing /home/airflow/.local/lib/python3.7/site-packages/airflow/example_dags/example_dynamic_task_mapping.py took 0.068 seconds
[2023-04-16T14:41:32.637+0000] {processor.py:153} INFO - Started process (PID=314) to work on /home/airflow/.local/lib/python3.7/site-packages/airflow/example_dags/example_dynamic_task_mapping.py
[2023-04-16T14:41:32.639+0000] {processor.py:743} INFO - Processing file /home/airflow/.local/lib/python3.7/site-packages/airflow/example_dags/example_dynamic_task_mapping.py for tasks to queue
[2023-04-16T14:41:32.640+0000] {logging_mixin.py:137} INFO - [2023-04-16T14:41:32.639+0000] {dagbag.py:532} INFO - Filling up the DagBag from /home/airflow/.local/lib/python3.7/site-packages/airflow/example_dags/example_dynamic_task_mapping.py
[2023-04-16T14:41:32.656+0000] {processor.py:753} INFO - DAG(s) dict_keys(['example_dynamic_task_mapping']) retrieved from /home/airflow/.local/lib/python3.7/site-packages/airflow/example_dags/example_dynamic_task_mapping.py
[2023-04-16T14:41:32.675+0000] {logging_mixin.py:137} INFO - [2023-04-16T14:41:32.675+0000] {dag.py:2693} INFO - Sync 1 DAGs
[2023-04-16T14:41:32.692+0000] {logging_mixin.py:137} INFO - [2023-04-16T14:41:32.692+0000] {dag.py:3444} INFO - Setting next_dagrun for example_dynamic_task_mapping to 2022-03-04T00:00:00+00:00, run_after=2022-03-05T00:00:00+00:00
[2023-04-16T14:41:32.702+0000] {processor.py:175} INFO - Processing /home/airflow/.local/lib/python3.7/site-packages/airflow/example_dags/example_dynamic_task_mapping.py took 0.068 seconds
[2023-04-16T14:42:02.828+0000] {processor.py:153} INFO - Started process (PID=364) to work on /home/airflow/.local/lib/python3.7/site-packages/airflow/example_dags/example_dynamic_task_mapping.py
[2023-04-16T14:42:02.829+0000] {processor.py:743} INFO - Processing file /home/airflow/.local/lib/python3.7/site-packages/airflow/example_dags/example_dynamic_task_mapping.py for tasks to queue
[2023-04-16T14:42:02.830+0000] {logging_mixin.py:137} INFO - [2023-04-16T14:42:02.830+0000] {dagbag.py:532} INFO - Filling up the DagBag from /home/airflow/.local/lib/python3.7/site-packages/airflow/example_dags/example_dynamic_task_mapping.py
[2023-04-16T14:42:02.850+0000] {processor.py:753} INFO - DAG(s) dict_keys(['example_dynamic_task_mapping']) retrieved from /home/airflow/.local/lib/python3.7/site-packages/airflow/example_dags/example_dynamic_task_mapping.py
[2023-04-16T14:42:02.874+0000] {logging_mixin.py:137} INFO - [2023-04-16T14:42:02.873+0000] {dag.py:2693} INFO - Sync 1 DAGs
[2023-04-16T14:42:02.893+0000] {logging_mixin.py:137} INFO - [2023-04-16T14:42:02.893+0000] {dag.py:3444} INFO - Setting next_dagrun for example_dynamic_task_mapping to 2022-03-04T00:00:00+00:00, run_after=2022-03-05T00:00:00+00:00
[2023-04-16T14:42:02.910+0000] {processor.py:175} INFO - Processing /home/airflow/.local/lib/python3.7/site-packages/airflow/example_dags/example_dynamic_task_mapping.py took 0.086 seconds
[2023-04-16T14:43:12.122+0000] {processor.py:153} INFO - Started process (PID=60) to work on /home/airflow/.local/lib/python3.7/site-packages/airflow/example_dags/example_dynamic_task_mapping.py
[2023-04-16T14:43:12.124+0000] {processor.py:743} INFO - Processing file /home/airflow/.local/lib/python3.7/site-packages/airflow/example_dags/example_dynamic_task_mapping.py for tasks to queue
[2023-04-16T14:43:12.125+0000] {logging_mixin.py:137} INFO - [2023-04-16T14:43:12.125+0000] {dagbag.py:532} INFO - Filling up the DagBag from /home/airflow/.local/lib/python3.7/site-packages/airflow/example_dags/example_dynamic_task_mapping.py
[2023-04-16T14:43:12.175+0000] {processor.py:753} INFO - DAG(s) dict_keys(['example_dynamic_task_mapping']) retrieved from /home/airflow/.local/lib/python3.7/site-packages/airflow/example_dags/example_dynamic_task_mapping.py
[2023-04-16T14:43:12.193+0000] {logging_mixin.py:137} INFO - [2023-04-16T14:43:12.193+0000] {dag.py:2693} INFO - Sync 1 DAGs
[2023-04-16T14:43:12.215+0000] {logging_mixin.py:137} INFO - [2023-04-16T14:43:12.215+0000] {dag.py:3444} INFO - Setting next_dagrun for example_dynamic_task_mapping to 2022-03-04T00:00:00+00:00, run_after=2022-03-05T00:00:00+00:00
[2023-04-16T14:43:12.232+0000] {processor.py:175} INFO - Processing /home/airflow/.local/lib/python3.7/site-packages/airflow/example_dags/example_dynamic_task_mapping.py took 0.116 seconds
[2023-04-16T14:43:43.271+0000] {processor.py:153} INFO - Started process (PID=110) to work on /home/airflow/.local/lib/python3.7/site-packages/airflow/example_dags/example_dynamic_task_mapping.py
[2023-04-16T14:43:43.272+0000] {processor.py:743} INFO - Processing file /home/airflow/.local/lib/python3.7/site-packages/airflow/example_dags/example_dynamic_task_mapping.py for tasks to queue
[2023-04-16T14:43:43.272+0000] {logging_mixin.py:137} INFO - [2023-04-16T14:43:43.272+0000] {dagbag.py:532} INFO - Filling up the DagBag from /home/airflow/.local/lib/python3.7/site-packages/airflow/example_dags/example_dynamic_task_mapping.py
[2023-04-16T14:43:43.289+0000] {processor.py:753} INFO - DAG(s) dict_keys(['example_dynamic_task_mapping']) retrieved from /home/airflow/.local/lib/python3.7/site-packages/airflow/example_dags/example_dynamic_task_mapping.py
[2023-04-16T14:43:43.322+0000] {logging_mixin.py:137} INFO - [2023-04-16T14:43:43.322+0000] {dag.py:2693} INFO - Sync 1 DAGs
[2023-04-16T14:43:43.343+0000] {logging_mixin.py:137} INFO - [2023-04-16T14:43:43.342+0000] {dag.py:3444} INFO - Setting next_dagrun for example_dynamic_task_mapping to 2022-03-04T00:00:00+00:00, run_after=2022-03-05T00:00:00+00:00
[2023-04-16T14:43:43.354+0000] {processor.py:175} INFO - Processing /home/airflow/.local/lib/python3.7/site-packages/airflow/example_dags/example_dynamic_task_mapping.py took 0.086 seconds
[2023-04-16T14:44:13.815+0000] {processor.py:153} INFO - Started process (PID=160) to work on /home/airflow/.local/lib/python3.7/site-packages/airflow/example_dags/example_dynamic_task_mapping.py
[2023-04-16T14:44:13.816+0000] {processor.py:743} INFO - Processing file /home/airflow/.local/lib/python3.7/site-packages/airflow/example_dags/example_dynamic_task_mapping.py for tasks to queue
[2023-04-16T14:44:13.817+0000] {logging_mixin.py:137} INFO - [2023-04-16T14:44:13.817+0000] {dagbag.py:532} INFO - Filling up the DagBag from /home/airflow/.local/lib/python3.7/site-packages/airflow/example_dags/example_dynamic_task_mapping.py
[2023-04-16T14:44:13.831+0000] {processor.py:753} INFO - DAG(s) dict_keys(['example_dynamic_task_mapping']) retrieved from /home/airflow/.local/lib/python3.7/site-packages/airflow/example_dags/example_dynamic_task_mapping.py
[2023-04-16T14:44:13.850+0000] {logging_mixin.py:137} INFO - [2023-04-16T14:44:13.850+0000] {dag.py:2693} INFO - Sync 1 DAGs
[2023-04-16T14:44:13.865+0000] {logging_mixin.py:137} INFO - [2023-04-16T14:44:13.865+0000] {dag.py:3444} INFO - Setting next_dagrun for example_dynamic_task_mapping to 2022-03-04T00:00:00+00:00, run_after=2022-03-05T00:00:00+00:00
[2023-04-16T14:44:13.876+0000] {processor.py:175} INFO - Processing /home/airflow/.local/lib/python3.7/site-packages/airflow/example_dags/example_dynamic_task_mapping.py took 0.064 seconds
[2023-04-16T14:44:44.818+0000] {processor.py:153} INFO - Started process (PID=210) to work on /home/airflow/.local/lib/python3.7/site-packages/airflow/example_dags/example_dynamic_task_mapping.py
[2023-04-16T14:44:44.819+0000] {processor.py:743} INFO - Processing file /home/airflow/.local/lib/python3.7/site-packages/airflow/example_dags/example_dynamic_task_mapping.py for tasks to queue
[2023-04-16T14:44:44.820+0000] {logging_mixin.py:137} INFO - [2023-04-16T14:44:44.819+0000] {dagbag.py:532} INFO - Filling up the DagBag from /home/airflow/.local/lib/python3.7/site-packages/airflow/example_dags/example_dynamic_task_mapping.py
[2023-04-16T14:44:44.836+0000] {processor.py:753} INFO - DAG(s) dict_keys(['example_dynamic_task_mapping']) retrieved from /home/airflow/.local/lib/python3.7/site-packages/airflow/example_dags/example_dynamic_task_mapping.py
[2023-04-16T14:44:44.856+0000] {logging_mixin.py:137} INFO - [2023-04-16T14:44:44.855+0000] {dag.py:2693} INFO - Sync 1 DAGs
[2023-04-16T14:44:44.871+0000] {logging_mixin.py:137} INFO - [2023-04-16T14:44:44.871+0000] {dag.py:3444} INFO - Setting next_dagrun for example_dynamic_task_mapping to 2022-03-04T00:00:00+00:00, run_after=2022-03-05T00:00:00+00:00
[2023-04-16T14:44:44.882+0000] {processor.py:175} INFO - Processing /home/airflow/.local/lib/python3.7/site-packages/airflow/example_dags/example_dynamic_task_mapping.py took 0.068 seconds
[2023-04-16T14:45:15.759+0000] {processor.py:153} INFO - Started process (PID=260) to work on /home/airflow/.local/lib/python3.7/site-packages/airflow/example_dags/example_dynamic_task_mapping.py
[2023-04-16T14:45:15.760+0000] {processor.py:743} INFO - Processing file /home/airflow/.local/lib/python3.7/site-packages/airflow/example_dags/example_dynamic_task_mapping.py for tasks to queue
[2023-04-16T14:45:15.761+0000] {logging_mixin.py:137} INFO - [2023-04-16T14:45:15.761+0000] {dagbag.py:532} INFO - Filling up the DagBag from /home/airflow/.local/lib/python3.7/site-packages/airflow/example_dags/example_dynamic_task_mapping.py
[2023-04-16T14:45:15.776+0000] {processor.py:753} INFO - DAG(s) dict_keys(['example_dynamic_task_mapping']) retrieved from /home/airflow/.local/lib/python3.7/site-packages/airflow/example_dags/example_dynamic_task_mapping.py
[2023-04-16T14:45:15.796+0000] {logging_mixin.py:137} INFO - [2023-04-16T14:45:15.796+0000] {dag.py:2693} INFO - Sync 1 DAGs
[2023-04-16T14:45:15.811+0000] {logging_mixin.py:137} INFO - [2023-04-16T14:45:15.811+0000] {dag.py:3444} INFO - Setting next_dagrun for example_dynamic_task_mapping to 2022-03-04T00:00:00+00:00, run_after=2022-03-05T00:00:00+00:00
[2023-04-16T14:45:15.823+0000] {processor.py:175} INFO - Processing /home/airflow/.local/lib/python3.7/site-packages/airflow/example_dags/example_dynamic_task_mapping.py took 0.067 seconds
[2023-04-16T14:46:28.399+0000] {processor.py:153} INFO - Started process (PID=61) to work on /home/airflow/.local/lib/python3.7/site-packages/airflow/example_dags/example_dynamic_task_mapping.py
[2023-04-16T14:46:28.411+0000] {processor.py:743} INFO - Processing file /home/airflow/.local/lib/python3.7/site-packages/airflow/example_dags/example_dynamic_task_mapping.py for tasks to queue
[2023-04-16T14:46:28.413+0000] {logging_mixin.py:137} INFO - [2023-04-16T14:46:28.413+0000] {dagbag.py:532} INFO - Filling up the DagBag from /home/airflow/.local/lib/python3.7/site-packages/airflow/example_dags/example_dynamic_task_mapping.py
[2023-04-16T14:46:28.490+0000] {processor.py:753} INFO - DAG(s) dict_keys(['example_dynamic_task_mapping']) retrieved from /home/airflow/.local/lib/python3.7/site-packages/airflow/example_dags/example_dynamic_task_mapping.py
[2023-04-16T14:46:28.522+0000] {logging_mixin.py:137} INFO - [2023-04-16T14:46:28.522+0000] {dag.py:2693} INFO - Sync 1 DAGs
[2023-04-16T14:46:28.575+0000] {logging_mixin.py:137} INFO - [2023-04-16T14:46:28.575+0000] {dag.py:3444} INFO - Setting next_dagrun for example_dynamic_task_mapping to 2022-03-04T00:00:00+00:00, run_after=2022-03-05T00:00:00+00:00
[2023-04-16T14:46:28.605+0000] {processor.py:175} INFO - Processing /home/airflow/.local/lib/python3.7/site-packages/airflow/example_dags/example_dynamic_task_mapping.py took 0.215 seconds
[2023-04-16T14:46:59.559+0000] {processor.py:153} INFO - Started process (PID=115) to work on /home/airflow/.local/lib/python3.7/site-packages/airflow/example_dags/example_dynamic_task_mapping.py
[2023-04-16T14:46:59.561+0000] {processor.py:743} INFO - Processing file /home/airflow/.local/lib/python3.7/site-packages/airflow/example_dags/example_dynamic_task_mapping.py for tasks to queue
[2023-04-16T14:46:59.562+0000] {logging_mixin.py:137} INFO - [2023-04-16T14:46:59.562+0000] {dagbag.py:532} INFO - Filling up the DagBag from /home/airflow/.local/lib/python3.7/site-packages/airflow/example_dags/example_dynamic_task_mapping.py
[2023-04-16T14:46:59.587+0000] {processor.py:753} INFO - DAG(s) dict_keys(['example_dynamic_task_mapping']) retrieved from /home/airflow/.local/lib/python3.7/site-packages/airflow/example_dags/example_dynamic_task_mapping.py
[2023-04-16T14:46:59.609+0000] {logging_mixin.py:137} INFO - [2023-04-16T14:46:59.609+0000] {dag.py:2693} INFO - Sync 1 DAGs
[2023-04-16T14:46:59.627+0000] {logging_mixin.py:137} INFO - [2023-04-16T14:46:59.627+0000] {dag.py:3444} INFO - Setting next_dagrun for example_dynamic_task_mapping to 2022-03-04T00:00:00+00:00, run_after=2022-03-05T00:00:00+00:00
[2023-04-16T14:46:59.639+0000] {processor.py:175} INFO - Processing /home/airflow/.local/lib/python3.7/site-packages/airflow/example_dags/example_dynamic_task_mapping.py took 0.087 seconds
[2023-04-16T14:47:30.049+0000] {processor.py:153} INFO - Started process (PID=165) to work on /home/airflow/.local/lib/python3.7/site-packages/airflow/example_dags/example_dynamic_task_mapping.py
[2023-04-16T14:47:30.052+0000] {processor.py:743} INFO - Processing file /home/airflow/.local/lib/python3.7/site-packages/airflow/example_dags/example_dynamic_task_mapping.py for tasks to queue
[2023-04-16T14:47:30.053+0000] {logging_mixin.py:137} INFO - [2023-04-16T14:47:30.053+0000] {dagbag.py:532} INFO - Filling up the DagBag from /home/airflow/.local/lib/python3.7/site-packages/airflow/example_dags/example_dynamic_task_mapping.py
[2023-04-16T14:47:30.077+0000] {processor.py:753} INFO - DAG(s) dict_keys(['example_dynamic_task_mapping']) retrieved from /home/airflow/.local/lib/python3.7/site-packages/airflow/example_dags/example_dynamic_task_mapping.py
[2023-04-16T14:47:30.098+0000] {logging_mixin.py:137} INFO - [2023-04-16T14:47:30.097+0000] {dag.py:2693} INFO - Sync 1 DAGs
[2023-04-16T14:47:30.114+0000] {logging_mixin.py:137} INFO - [2023-04-16T14:47:30.114+0000] {dag.py:3444} INFO - Setting next_dagrun for example_dynamic_task_mapping to 2022-03-04T00:00:00+00:00, run_after=2022-03-05T00:00:00+00:00
[2023-04-16T14:47:30.125+0000] {processor.py:175} INFO - Processing /home/airflow/.local/lib/python3.7/site-packages/airflow/example_dags/example_dynamic_task_mapping.py took 0.082 seconds
[2023-04-16T14:48:00.869+0000] {processor.py:153} INFO - Started process (PID=215) to work on /home/airflow/.local/lib/python3.7/site-packages/airflow/example_dags/example_dynamic_task_mapping.py
[2023-04-16T14:48:00.871+0000] {processor.py:743} INFO - Processing file /home/airflow/.local/lib/python3.7/site-packages/airflow/example_dags/example_dynamic_task_mapping.py for tasks to queue
[2023-04-16T14:48:00.872+0000] {logging_mixin.py:137} INFO - [2023-04-16T14:48:00.872+0000] {dagbag.py:532} INFO - Filling up the DagBag from /home/airflow/.local/lib/python3.7/site-packages/airflow/example_dags/example_dynamic_task_mapping.py
[2023-04-16T14:48:00.895+0000] {processor.py:753} INFO - DAG(s) dict_keys(['example_dynamic_task_mapping']) retrieved from /home/airflow/.local/lib/python3.7/site-packages/airflow/example_dags/example_dynamic_task_mapping.py
[2023-04-16T14:48:00.918+0000] {logging_mixin.py:137} INFO - [2023-04-16T14:48:00.918+0000] {dag.py:2693} INFO - Sync 1 DAGs
[2023-04-16T14:48:00.935+0000] {logging_mixin.py:137} INFO - [2023-04-16T14:48:00.935+0000] {dag.py:3444} INFO - Setting next_dagrun for example_dynamic_task_mapping to 2022-03-04T00:00:00+00:00, run_after=2022-03-05T00:00:00+00:00
[2023-04-16T14:48:00.947+0000] {processor.py:175} INFO - Processing /home/airflow/.local/lib/python3.7/site-packages/airflow/example_dags/example_dynamic_task_mapping.py took 0.089 seconds
[2023-04-16T14:48:31.514+0000] {processor.py:153} INFO - Started process (PID=265) to work on /home/airflow/.local/lib/python3.7/site-packages/airflow/example_dags/example_dynamic_task_mapping.py
[2023-04-16T14:48:31.517+0000] {processor.py:743} INFO - Processing file /home/airflow/.local/lib/python3.7/site-packages/airflow/example_dags/example_dynamic_task_mapping.py for tasks to queue
[2023-04-16T14:48:31.518+0000] {logging_mixin.py:137} INFO - [2023-04-16T14:48:31.518+0000] {dagbag.py:532} INFO - Filling up the DagBag from /home/airflow/.local/lib/python3.7/site-packages/airflow/example_dags/example_dynamic_task_mapping.py
[2023-04-16T14:48:31.548+0000] {processor.py:753} INFO - DAG(s) dict_keys(['example_dynamic_task_mapping']) retrieved from /home/airflow/.local/lib/python3.7/site-packages/airflow/example_dags/example_dynamic_task_mapping.py
[2023-04-16T14:48:31.571+0000] {logging_mixin.py:137} INFO - [2023-04-16T14:48:31.571+0000] {dag.py:2693} INFO - Sync 1 DAGs
[2023-04-16T14:48:31.589+0000] {logging_mixin.py:137} INFO - [2023-04-16T14:48:31.589+0000] {dag.py:3444} INFO - Setting next_dagrun for example_dynamic_task_mapping to 2022-03-04T00:00:00+00:00, run_after=2022-03-05T00:00:00+00:00
[2023-04-16T14:48:31.602+0000] {processor.py:175} INFO - Processing /home/airflow/.local/lib/python3.7/site-packages/airflow/example_dags/example_dynamic_task_mapping.py took 0.095 seconds
[2023-04-16T14:49:02.424+0000] {processor.py:153} INFO - Started process (PID=315) to work on /home/airflow/.local/lib/python3.7/site-packages/airflow/example_dags/example_dynamic_task_mapping.py
[2023-04-16T14:49:02.426+0000] {processor.py:743} INFO - Processing file /home/airflow/.local/lib/python3.7/site-packages/airflow/example_dags/example_dynamic_task_mapping.py for tasks to queue
[2023-04-16T14:49:02.427+0000] {logging_mixin.py:137} INFO - [2023-04-16T14:49:02.427+0000] {dagbag.py:532} INFO - Filling up the DagBag from /home/airflow/.local/lib/python3.7/site-packages/airflow/example_dags/example_dynamic_task_mapping.py
[2023-04-16T14:49:02.447+0000] {processor.py:753} INFO - DAG(s) dict_keys(['example_dynamic_task_mapping']) retrieved from /home/airflow/.local/lib/python3.7/site-packages/airflow/example_dags/example_dynamic_task_mapping.py
[2023-04-16T14:49:02.468+0000] {logging_mixin.py:137} INFO - [2023-04-16T14:49:02.468+0000] {dag.py:2693} INFO - Sync 1 DAGs
[2023-04-16T14:49:02.491+0000] {logging_mixin.py:137} INFO - [2023-04-16T14:49:02.491+0000] {dag.py:3444} INFO - Setting next_dagrun for example_dynamic_task_mapping to 2022-03-04T00:00:00+00:00, run_after=2022-03-05T00:00:00+00:00
[2023-04-16T14:49:02.507+0000] {processor.py:175} INFO - Processing /home/airflow/.local/lib/python3.7/site-packages/airflow/example_dags/example_dynamic_task_mapping.py took 0.087 seconds
[2023-04-16T14:49:33.206+0000] {processor.py:153} INFO - Started process (PID=365) to work on /home/airflow/.local/lib/python3.7/site-packages/airflow/example_dags/example_dynamic_task_mapping.py
[2023-04-16T14:49:33.208+0000] {processor.py:743} INFO - Processing file /home/airflow/.local/lib/python3.7/site-packages/airflow/example_dags/example_dynamic_task_mapping.py for tasks to queue
[2023-04-16T14:49:33.210+0000] {logging_mixin.py:137} INFO - [2023-04-16T14:49:33.209+0000] {dagbag.py:532} INFO - Filling up the DagBag from /home/airflow/.local/lib/python3.7/site-packages/airflow/example_dags/example_dynamic_task_mapping.py
[2023-04-16T14:49:33.233+0000] {processor.py:753} INFO - DAG(s) dict_keys(['example_dynamic_task_mapping']) retrieved from /home/airflow/.local/lib/python3.7/site-packages/airflow/example_dags/example_dynamic_task_mapping.py
[2023-04-16T14:49:33.253+0000] {logging_mixin.py:137} INFO - [2023-04-16T14:49:33.253+0000] {dag.py:2693} INFO - Sync 1 DAGs
[2023-04-16T14:49:33.268+0000] {logging_mixin.py:137} INFO - [2023-04-16T14:49:33.268+0000] {dag.py:3444} INFO - Setting next_dagrun for example_dynamic_task_mapping to 2022-03-04T00:00:00+00:00, run_after=2022-03-05T00:00:00+00:00
[2023-04-16T14:49:33.280+0000] {processor.py:175} INFO - Processing /home/airflow/.local/lib/python3.7/site-packages/airflow/example_dags/example_dynamic_task_mapping.py took 0.081 seconds
