[2023-04-16T14:21:49.286+0000] {processor.py:153} INFO - Started process (PID=63) to work on /home/airflow/.local/lib/python3.7/site-packages/airflow/example_dags/tutorial_dag.py
[2023-04-16T14:21:49.290+0000] {processor.py:743} INFO - Processing file /home/airflow/.local/lib/python3.7/site-packages/airflow/example_dags/tutorial_dag.py for tasks to queue
[2023-04-16T14:21:49.294+0000] {logging_mixin.py:137} INFO - [2023-04-16T14:21:49.293+0000] {dagbag.py:532} INFO - Filling up the DagBag from /home/airflow/.local/lib/python3.7/site-packages/airflow/example_dags/tutorial_dag.py
[2023-04-16T14:21:49.338+0000] {processor.py:753} INFO - DAG(s) dict_keys(['tutorial_dag']) retrieved from /home/airflow/.local/lib/python3.7/site-packages/airflow/example_dags/tutorial_dag.py
[2023-04-16T14:21:49.375+0000] {logging_mixin.py:137} INFO - [2023-04-16T14:21:49.374+0000] {dag.py:2693} INFO - Sync 1 DAGs
[2023-04-16T14:21:49.419+0000] {logging_mixin.py:137} INFO - [2023-04-16T14:21:49.419+0000] {dag.py:3444} INFO - Setting next_dagrun for tutorial_dag to None, run_after=None
[2023-04-16T14:21:49.469+0000] {processor.py:175} INFO - Processing /home/airflow/.local/lib/python3.7/site-packages/airflow/example_dags/tutorial_dag.py took 0.189 seconds
[2023-04-16T14:22:20.283+0000] {processor.py:153} INFO - Started process (PID=111) to work on /home/airflow/.local/lib/python3.7/site-packages/airflow/example_dags/tutorial_dag.py
[2023-04-16T14:22:20.284+0000] {processor.py:743} INFO - Processing file /home/airflow/.local/lib/python3.7/site-packages/airflow/example_dags/tutorial_dag.py for tasks to queue
[2023-04-16T14:22:20.285+0000] {logging_mixin.py:137} INFO - [2023-04-16T14:22:20.285+0000] {dagbag.py:532} INFO - Filling up the DagBag from /home/airflow/.local/lib/python3.7/site-packages/airflow/example_dags/tutorial_dag.py
[2023-04-16T14:22:20.295+0000] {processor.py:753} INFO - DAG(s) dict_keys(['tutorial_dag']) retrieved from /home/airflow/.local/lib/python3.7/site-packages/airflow/example_dags/tutorial_dag.py
[2023-04-16T14:22:20.320+0000] {logging_mixin.py:137} INFO - [2023-04-16T14:22:20.320+0000] {dag.py:2693} INFO - Sync 1 DAGs
[2023-04-16T14:22:20.338+0000] {logging_mixin.py:137} INFO - [2023-04-16T14:22:20.338+0000] {dag.py:3444} INFO - Setting next_dagrun for tutorial_dag to None, run_after=None
[2023-04-16T14:22:20.354+0000] {processor.py:175} INFO - Processing /home/airflow/.local/lib/python3.7/site-packages/airflow/example_dags/tutorial_dag.py took 0.075 seconds
[2023-04-16T14:22:50.560+0000] {processor.py:153} INFO - Started process (PID=159) to work on /home/airflow/.local/lib/python3.7/site-packages/airflow/example_dags/tutorial_dag.py
[2023-04-16T14:22:50.562+0000] {processor.py:743} INFO - Processing file /home/airflow/.local/lib/python3.7/site-packages/airflow/example_dags/tutorial_dag.py for tasks to queue
[2023-04-16T14:22:50.563+0000] {logging_mixin.py:137} INFO - [2023-04-16T14:22:50.563+0000] {dagbag.py:532} INFO - Filling up the DagBag from /home/airflow/.local/lib/python3.7/site-packages/airflow/example_dags/tutorial_dag.py
[2023-04-16T14:22:50.573+0000] {processor.py:753} INFO - DAG(s) dict_keys(['tutorial_dag']) retrieved from /home/airflow/.local/lib/python3.7/site-packages/airflow/example_dags/tutorial_dag.py
[2023-04-16T14:22:50.594+0000] {logging_mixin.py:137} INFO - [2023-04-16T14:22:50.594+0000] {dag.py:2693} INFO - Sync 1 DAGs
[2023-04-16T14:22:50.610+0000] {logging_mixin.py:137} INFO - [2023-04-16T14:22:50.610+0000] {dag.py:3444} INFO - Setting next_dagrun for tutorial_dag to None, run_after=None
[2023-04-16T14:22:50.623+0000] {processor.py:175} INFO - Processing /home/airflow/.local/lib/python3.7/site-packages/airflow/example_dags/tutorial_dag.py took 0.066 seconds
[2023-04-16T14:23:21.275+0000] {processor.py:153} INFO - Started process (PID=208) to work on /home/airflow/.local/lib/python3.7/site-packages/airflow/example_dags/tutorial_dag.py
[2023-04-16T14:23:21.277+0000] {processor.py:743} INFO - Processing file /home/airflow/.local/lib/python3.7/site-packages/airflow/example_dags/tutorial_dag.py for tasks to queue
[2023-04-16T14:23:21.278+0000] {logging_mixin.py:137} INFO - [2023-04-16T14:23:21.278+0000] {dagbag.py:532} INFO - Filling up the DagBag from /home/airflow/.local/lib/python3.7/site-packages/airflow/example_dags/tutorial_dag.py
[2023-04-16T14:23:21.287+0000] {processor.py:753} INFO - DAG(s) dict_keys(['tutorial_dag']) retrieved from /home/airflow/.local/lib/python3.7/site-packages/airflow/example_dags/tutorial_dag.py
[2023-04-16T14:23:21.308+0000] {logging_mixin.py:137} INFO - [2023-04-16T14:23:21.308+0000] {dag.py:2693} INFO - Sync 1 DAGs
[2023-04-16T14:23:21.323+0000] {logging_mixin.py:137} INFO - [2023-04-16T14:23:21.323+0000] {dag.py:3444} INFO - Setting next_dagrun for tutorial_dag to None, run_after=None
[2023-04-16T14:23:21.335+0000] {processor.py:175} INFO - Processing /home/airflow/.local/lib/python3.7/site-packages/airflow/example_dags/tutorial_dag.py took 0.063 seconds
[2023-04-16T14:23:51.881+0000] {processor.py:153} INFO - Started process (PID=256) to work on /home/airflow/.local/lib/python3.7/site-packages/airflow/example_dags/tutorial_dag.py
[2023-04-16T14:23:51.883+0000] {processor.py:743} INFO - Processing file /home/airflow/.local/lib/python3.7/site-packages/airflow/example_dags/tutorial_dag.py for tasks to queue
[2023-04-16T14:23:51.883+0000] {logging_mixin.py:137} INFO - [2023-04-16T14:23:51.883+0000] {dagbag.py:532} INFO - Filling up the DagBag from /home/airflow/.local/lib/python3.7/site-packages/airflow/example_dags/tutorial_dag.py
[2023-04-16T14:23:51.892+0000] {processor.py:753} INFO - DAG(s) dict_keys(['tutorial_dag']) retrieved from /home/airflow/.local/lib/python3.7/site-packages/airflow/example_dags/tutorial_dag.py
[2023-04-16T14:23:51.913+0000] {logging_mixin.py:137} INFO - [2023-04-16T14:23:51.913+0000] {dag.py:2693} INFO - Sync 1 DAGs
[2023-04-16T14:23:51.929+0000] {logging_mixin.py:137} INFO - [2023-04-16T14:23:51.929+0000] {dag.py:3444} INFO - Setting next_dagrun for tutorial_dag to None, run_after=None
[2023-04-16T14:23:51.943+0000] {processor.py:175} INFO - Processing /home/airflow/.local/lib/python3.7/site-packages/airflow/example_dags/tutorial_dag.py took 0.065 seconds
[2023-04-16T14:24:22.399+0000] {processor.py:153} INFO - Started process (PID=306) to work on /home/airflow/.local/lib/python3.7/site-packages/airflow/example_dags/tutorial_dag.py
[2023-04-16T14:24:22.400+0000] {processor.py:743} INFO - Processing file /home/airflow/.local/lib/python3.7/site-packages/airflow/example_dags/tutorial_dag.py for tasks to queue
[2023-04-16T14:24:22.405+0000] {logging_mixin.py:137} INFO - [2023-04-16T14:24:22.405+0000] {dagbag.py:532} INFO - Filling up the DagBag from /home/airflow/.local/lib/python3.7/site-packages/airflow/example_dags/tutorial_dag.py
[2023-04-16T14:24:22.415+0000] {processor.py:753} INFO - DAG(s) dict_keys(['tutorial_dag']) retrieved from /home/airflow/.local/lib/python3.7/site-packages/airflow/example_dags/tutorial_dag.py
[2023-04-16T14:24:22.436+0000] {logging_mixin.py:137} INFO - [2023-04-16T14:24:22.436+0000] {dag.py:2693} INFO - Sync 1 DAGs
[2023-04-16T14:24:22.452+0000] {logging_mixin.py:137} INFO - [2023-04-16T14:24:22.452+0000] {dag.py:3444} INFO - Setting next_dagrun for tutorial_dag to None, run_after=None
[2023-04-16T14:24:22.464+0000] {processor.py:175} INFO - Processing /home/airflow/.local/lib/python3.7/site-packages/airflow/example_dags/tutorial_dag.py took 0.068 seconds
[2023-04-16T14:24:53.074+0000] {processor.py:153} INFO - Started process (PID=355) to work on /home/airflow/.local/lib/python3.7/site-packages/airflow/example_dags/tutorial_dag.py
[2023-04-16T14:24:53.075+0000] {processor.py:743} INFO - Processing file /home/airflow/.local/lib/python3.7/site-packages/airflow/example_dags/tutorial_dag.py for tasks to queue
[2023-04-16T14:24:53.076+0000] {logging_mixin.py:137} INFO - [2023-04-16T14:24:53.076+0000] {dagbag.py:532} INFO - Filling up the DagBag from /home/airflow/.local/lib/python3.7/site-packages/airflow/example_dags/tutorial_dag.py
[2023-04-16T14:24:53.087+0000] {processor.py:753} INFO - DAG(s) dict_keys(['tutorial_dag']) retrieved from /home/airflow/.local/lib/python3.7/site-packages/airflow/example_dags/tutorial_dag.py
[2023-04-16T14:24:53.107+0000] {logging_mixin.py:137} INFO - [2023-04-16T14:24:53.107+0000] {dag.py:2693} INFO - Sync 1 DAGs
[2023-04-16T14:24:53.122+0000] {logging_mixin.py:137} INFO - [2023-04-16T14:24:53.122+0000] {dag.py:3444} INFO - Setting next_dagrun for tutorial_dag to None, run_after=None
[2023-04-16T14:24:53.134+0000] {processor.py:175} INFO - Processing /home/airflow/.local/lib/python3.7/site-packages/airflow/example_dags/tutorial_dag.py took 0.062 seconds
[2023-04-16T14:25:24.055+0000] {processor.py:153} INFO - Started process (PID=404) to work on /home/airflow/.local/lib/python3.7/site-packages/airflow/example_dags/tutorial_dag.py
[2023-04-16T14:25:24.056+0000] {processor.py:743} INFO - Processing file /home/airflow/.local/lib/python3.7/site-packages/airflow/example_dags/tutorial_dag.py for tasks to queue
[2023-04-16T14:25:24.057+0000] {logging_mixin.py:137} INFO - [2023-04-16T14:25:24.056+0000] {dagbag.py:532} INFO - Filling up the DagBag from /home/airflow/.local/lib/python3.7/site-packages/airflow/example_dags/tutorial_dag.py
[2023-04-16T14:25:24.067+0000] {processor.py:753} INFO - DAG(s) dict_keys(['tutorial_dag']) retrieved from /home/airflow/.local/lib/python3.7/site-packages/airflow/example_dags/tutorial_dag.py
[2023-04-16T14:25:24.090+0000] {logging_mixin.py:137} INFO - [2023-04-16T14:25:24.090+0000] {dag.py:2693} INFO - Sync 1 DAGs
[2023-04-16T14:25:24.108+0000] {logging_mixin.py:137} INFO - [2023-04-16T14:25:24.108+0000] {dag.py:3444} INFO - Setting next_dagrun for tutorial_dag to None, run_after=None
[2023-04-16T14:25:24.121+0000] {processor.py:175} INFO - Processing /home/airflow/.local/lib/python3.7/site-packages/airflow/example_dags/tutorial_dag.py took 0.069 seconds
[2023-04-16T14:26:16.551+0000] {processor.py:153} INFO - Started process (PID=63) to work on /home/airflow/.local/lib/python3.7/site-packages/airflow/example_dags/tutorial_dag.py
[2023-04-16T14:26:16.554+0000] {processor.py:743} INFO - Processing file /home/airflow/.local/lib/python3.7/site-packages/airflow/example_dags/tutorial_dag.py for tasks to queue
[2023-04-16T14:26:16.555+0000] {logging_mixin.py:137} INFO - [2023-04-16T14:26:16.555+0000] {dagbag.py:532} INFO - Filling up the DagBag from /home/airflow/.local/lib/python3.7/site-packages/airflow/example_dags/tutorial_dag.py
[2023-04-16T14:26:16.589+0000] {processor.py:753} INFO - DAG(s) dict_keys(['tutorial_dag']) retrieved from /home/airflow/.local/lib/python3.7/site-packages/airflow/example_dags/tutorial_dag.py
[2023-04-16T14:26:16.608+0000] {logging_mixin.py:137} INFO - [2023-04-16T14:26:16.608+0000] {dag.py:2693} INFO - Sync 1 DAGs
[2023-04-16T14:26:16.682+0000] {logging_mixin.py:137} INFO - [2023-04-16T14:26:16.682+0000] {dag.py:3444} INFO - Setting next_dagrun for tutorial_dag to None, run_after=None
[2023-04-16T14:26:16.743+0000] {processor.py:175} INFO - Processing /home/airflow/.local/lib/python3.7/site-packages/airflow/example_dags/tutorial_dag.py took 0.198 seconds
[2023-04-16T14:26:47.718+0000] {processor.py:153} INFO - Started process (PID=117) to work on /home/airflow/.local/lib/python3.7/site-packages/airflow/example_dags/tutorial_dag.py
[2023-04-16T14:26:47.721+0000] {processor.py:743} INFO - Processing file /home/airflow/.local/lib/python3.7/site-packages/airflow/example_dags/tutorial_dag.py for tasks to queue
[2023-04-16T14:26:47.723+0000] {logging_mixin.py:137} INFO - [2023-04-16T14:26:47.722+0000] {dagbag.py:532} INFO - Filling up the DagBag from /home/airflow/.local/lib/python3.7/site-packages/airflow/example_dags/tutorial_dag.py
[2023-04-16T14:26:47.739+0000] {processor.py:753} INFO - DAG(s) dict_keys(['tutorial_dag']) retrieved from /home/airflow/.local/lib/python3.7/site-packages/airflow/example_dags/tutorial_dag.py
[2023-04-16T14:26:47.767+0000] {logging_mixin.py:137} INFO - [2023-04-16T14:26:47.767+0000] {dag.py:2693} INFO - Sync 1 DAGs
[2023-04-16T14:26:47.787+0000] {logging_mixin.py:137} INFO - [2023-04-16T14:26:47.787+0000] {dag.py:3444} INFO - Setting next_dagrun for tutorial_dag to None, run_after=None
[2023-04-16T14:26:47.798+0000] {processor.py:175} INFO - Processing /home/airflow/.local/lib/python3.7/site-packages/airflow/example_dags/tutorial_dag.py took 0.087 seconds
[2023-04-16T14:27:18.538+0000] {processor.py:153} INFO - Started process (PID=167) to work on /home/airflow/.local/lib/python3.7/site-packages/airflow/example_dags/tutorial_dag.py
[2023-04-16T14:27:18.540+0000] {processor.py:743} INFO - Processing file /home/airflow/.local/lib/python3.7/site-packages/airflow/example_dags/tutorial_dag.py for tasks to queue
[2023-04-16T14:27:18.542+0000] {logging_mixin.py:137} INFO - [2023-04-16T14:27:18.541+0000] {dagbag.py:532} INFO - Filling up the DagBag from /home/airflow/.local/lib/python3.7/site-packages/airflow/example_dags/tutorial_dag.py
[2023-04-16T14:27:18.558+0000] {processor.py:753} INFO - DAG(s) dict_keys(['tutorial_dag']) retrieved from /home/airflow/.local/lib/python3.7/site-packages/airflow/example_dags/tutorial_dag.py
[2023-04-16T14:27:18.582+0000] {logging_mixin.py:137} INFO - [2023-04-16T14:27:18.582+0000] {dag.py:2693} INFO - Sync 1 DAGs
[2023-04-16T14:27:18.600+0000] {logging_mixin.py:137} INFO - [2023-04-16T14:27:18.599+0000] {dag.py:3444} INFO - Setting next_dagrun for tutorial_dag to None, run_after=None
[2023-04-16T14:27:18.612+0000] {processor.py:175} INFO - Processing /home/airflow/.local/lib/python3.7/site-packages/airflow/example_dags/tutorial_dag.py took 0.082 seconds
[2023-04-16T14:27:49.378+0000] {processor.py:153} INFO - Started process (PID=217) to work on /home/airflow/.local/lib/python3.7/site-packages/airflow/example_dags/tutorial_dag.py
[2023-04-16T14:27:49.380+0000] {processor.py:743} INFO - Processing file /home/airflow/.local/lib/python3.7/site-packages/airflow/example_dags/tutorial_dag.py for tasks to queue
[2023-04-16T14:27:49.382+0000] {logging_mixin.py:137} INFO - [2023-04-16T14:27:49.381+0000] {dagbag.py:532} INFO - Filling up the DagBag from /home/airflow/.local/lib/python3.7/site-packages/airflow/example_dags/tutorial_dag.py
[2023-04-16T14:27:49.397+0000] {processor.py:753} INFO - DAG(s) dict_keys(['tutorial_dag']) retrieved from /home/airflow/.local/lib/python3.7/site-packages/airflow/example_dags/tutorial_dag.py
[2023-04-16T14:27:49.422+0000] {logging_mixin.py:137} INFO - [2023-04-16T14:27:49.422+0000] {dag.py:2693} INFO - Sync 1 DAGs
[2023-04-16T14:27:49.438+0000] {logging_mixin.py:137} INFO - [2023-04-16T14:27:49.438+0000] {dag.py:3444} INFO - Setting next_dagrun for tutorial_dag to None, run_after=None
[2023-04-16T14:27:49.453+0000] {processor.py:175} INFO - Processing /home/airflow/.local/lib/python3.7/site-packages/airflow/example_dags/tutorial_dag.py took 0.080 seconds
[2023-04-16T14:28:20.203+0000] {processor.py:153} INFO - Started process (PID=267) to work on /home/airflow/.local/lib/python3.7/site-packages/airflow/example_dags/tutorial_dag.py
[2023-04-16T14:28:20.205+0000] {processor.py:743} INFO - Processing file /home/airflow/.local/lib/python3.7/site-packages/airflow/example_dags/tutorial_dag.py for tasks to queue
[2023-04-16T14:28:20.207+0000] {logging_mixin.py:137} INFO - [2023-04-16T14:28:20.207+0000] {dagbag.py:532} INFO - Filling up the DagBag from /home/airflow/.local/lib/python3.7/site-packages/airflow/example_dags/tutorial_dag.py
[2023-04-16T14:28:20.222+0000] {processor.py:753} INFO - DAG(s) dict_keys(['tutorial_dag']) retrieved from /home/airflow/.local/lib/python3.7/site-packages/airflow/example_dags/tutorial_dag.py
[2023-04-16T14:28:20.248+0000] {logging_mixin.py:137} INFO - [2023-04-16T14:28:20.248+0000] {dag.py:2693} INFO - Sync 1 DAGs
[2023-04-16T14:28:20.265+0000] {logging_mixin.py:137} INFO - [2023-04-16T14:28:20.265+0000] {dag.py:3444} INFO - Setting next_dagrun for tutorial_dag to None, run_after=None
[2023-04-16T14:28:20.280+0000] {processor.py:175} INFO - Processing /home/airflow/.local/lib/python3.7/site-packages/airflow/example_dags/tutorial_dag.py took 0.084 seconds
[2023-04-16T14:28:51.110+0000] {processor.py:153} INFO - Started process (PID=318) to work on /home/airflow/.local/lib/python3.7/site-packages/airflow/example_dags/tutorial_dag.py
[2023-04-16T14:28:51.113+0000] {processor.py:743} INFO - Processing file /home/airflow/.local/lib/python3.7/site-packages/airflow/example_dags/tutorial_dag.py for tasks to queue
[2023-04-16T14:28:51.115+0000] {logging_mixin.py:137} INFO - [2023-04-16T14:28:51.115+0000] {dagbag.py:532} INFO - Filling up the DagBag from /home/airflow/.local/lib/python3.7/site-packages/airflow/example_dags/tutorial_dag.py
[2023-04-16T14:28:51.131+0000] {processor.py:753} INFO - DAG(s) dict_keys(['tutorial_dag']) retrieved from /home/airflow/.local/lib/python3.7/site-packages/airflow/example_dags/tutorial_dag.py
[2023-04-16T14:28:51.159+0000] {logging_mixin.py:137} INFO - [2023-04-16T14:28:51.158+0000] {dag.py:2693} INFO - Sync 1 DAGs
[2023-04-16T14:28:51.176+0000] {logging_mixin.py:137} INFO - [2023-04-16T14:28:51.176+0000] {dag.py:3444} INFO - Setting next_dagrun for tutorial_dag to None, run_after=None
[2023-04-16T14:28:51.190+0000] {processor.py:175} INFO - Processing /home/airflow/.local/lib/python3.7/site-packages/airflow/example_dags/tutorial_dag.py took 0.085 seconds
[2023-04-16T14:29:21.838+0000] {processor.py:153} INFO - Started process (PID=368) to work on /home/airflow/.local/lib/python3.7/site-packages/airflow/example_dags/tutorial_dag.py
[2023-04-16T14:29:21.841+0000] {processor.py:743} INFO - Processing file /home/airflow/.local/lib/python3.7/site-packages/airflow/example_dags/tutorial_dag.py for tasks to queue
[2023-04-16T14:29:21.843+0000] {logging_mixin.py:137} INFO - [2023-04-16T14:29:21.843+0000] {dagbag.py:532} INFO - Filling up the DagBag from /home/airflow/.local/lib/python3.7/site-packages/airflow/example_dags/tutorial_dag.py
[2023-04-16T14:29:21.864+0000] {processor.py:753} INFO - DAG(s) dict_keys(['tutorial_dag']) retrieved from /home/airflow/.local/lib/python3.7/site-packages/airflow/example_dags/tutorial_dag.py
[2023-04-16T14:29:21.897+0000] {logging_mixin.py:137} INFO - [2023-04-16T14:29:21.896+0000] {dag.py:2693} INFO - Sync 1 DAGs
[2023-04-16T14:29:21.917+0000] {logging_mixin.py:137} INFO - [2023-04-16T14:29:21.916+0000] {dag.py:3444} INFO - Setting next_dagrun for tutorial_dag to None, run_after=None
[2023-04-16T14:29:21.931+0000] {processor.py:175} INFO - Processing /home/airflow/.local/lib/python3.7/site-packages/airflow/example_dags/tutorial_dag.py took 0.101 seconds
[2023-04-16T14:30:27.895+0000] {processor.py:153} INFO - Started process (PID=63) to work on /home/airflow/.local/lib/python3.7/site-packages/airflow/example_dags/tutorial_dag.py
[2023-04-16T14:30:27.915+0000] {processor.py:743} INFO - Processing file /home/airflow/.local/lib/python3.7/site-packages/airflow/example_dags/tutorial_dag.py for tasks to queue
[2023-04-16T14:30:27.923+0000] {logging_mixin.py:137} INFO - [2023-04-16T14:30:27.922+0000] {dagbag.py:532} INFO - Filling up the DagBag from /home/airflow/.local/lib/python3.7/site-packages/airflow/example_dags/tutorial_dag.py
[2023-04-16T14:30:27.976+0000] {processor.py:753} INFO - DAG(s) dict_keys(['tutorial_dag']) retrieved from /home/airflow/.local/lib/python3.7/site-packages/airflow/example_dags/tutorial_dag.py
[2023-04-16T14:30:28.050+0000] {logging_mixin.py:137} INFO - [2023-04-16T14:30:28.049+0000] {dag.py:2693} INFO - Sync 1 DAGs
[2023-04-16T14:30:28.117+0000] {logging_mixin.py:137} INFO - [2023-04-16T14:30:28.116+0000] {dag.py:3444} INFO - Setting next_dagrun for tutorial_dag to None, run_after=None
[2023-04-16T14:30:28.225+0000] {processor.py:175} INFO - Processing /home/airflow/.local/lib/python3.7/site-packages/airflow/example_dags/tutorial_dag.py took 0.345 seconds
[2023-04-16T14:30:59.040+0000] {processor.py:153} INFO - Started process (PID=117) to work on /home/airflow/.local/lib/python3.7/site-packages/airflow/example_dags/tutorial_dag.py
[2023-04-16T14:30:59.041+0000] {processor.py:743} INFO - Processing file /home/airflow/.local/lib/python3.7/site-packages/airflow/example_dags/tutorial_dag.py for tasks to queue
[2023-04-16T14:30:59.042+0000] {logging_mixin.py:137} INFO - [2023-04-16T14:30:59.042+0000] {dagbag.py:532} INFO - Filling up the DagBag from /home/airflow/.local/lib/python3.7/site-packages/airflow/example_dags/tutorial_dag.py
[2023-04-16T14:30:59.058+0000] {processor.py:753} INFO - DAG(s) dict_keys(['tutorial_dag']) retrieved from /home/airflow/.local/lib/python3.7/site-packages/airflow/example_dags/tutorial_dag.py
[2023-04-16T14:30:59.107+0000] {logging_mixin.py:137} INFO - [2023-04-16T14:30:59.107+0000] {dag.py:2693} INFO - Sync 1 DAGs
[2023-04-16T14:30:59.133+0000] {logging_mixin.py:137} INFO - [2023-04-16T14:30:59.133+0000] {dag.py:3444} INFO - Setting next_dagrun for tutorial_dag to None, run_after=None
[2023-04-16T14:30:59.151+0000] {processor.py:175} INFO - Processing /home/airflow/.local/lib/python3.7/site-packages/airflow/example_dags/tutorial_dag.py took 0.117 seconds
[2023-04-16T14:31:29.834+0000] {processor.py:153} INFO - Started process (PID=167) to work on /home/airflow/.local/lib/python3.7/site-packages/airflow/example_dags/tutorial_dag.py
[2023-04-16T14:31:29.835+0000] {processor.py:743} INFO - Processing file /home/airflow/.local/lib/python3.7/site-packages/airflow/example_dags/tutorial_dag.py for tasks to queue
[2023-04-16T14:31:29.836+0000] {logging_mixin.py:137} INFO - [2023-04-16T14:31:29.836+0000] {dagbag.py:532} INFO - Filling up the DagBag from /home/airflow/.local/lib/python3.7/site-packages/airflow/example_dags/tutorial_dag.py
[2023-04-16T14:31:29.859+0000] {processor.py:753} INFO - DAG(s) dict_keys(['tutorial_dag']) retrieved from /home/airflow/.local/lib/python3.7/site-packages/airflow/example_dags/tutorial_dag.py
[2023-04-16T14:31:29.892+0000] {logging_mixin.py:137} INFO - [2023-04-16T14:31:29.892+0000] {dag.py:2693} INFO - Sync 1 DAGs
[2023-04-16T14:31:29.915+0000] {logging_mixin.py:137} INFO - [2023-04-16T14:31:29.915+0000] {dag.py:3444} INFO - Setting next_dagrun for tutorial_dag to None, run_after=None
[2023-04-16T14:31:29.932+0000] {processor.py:175} INFO - Processing /home/airflow/.local/lib/python3.7/site-packages/airflow/example_dags/tutorial_dag.py took 0.101 seconds
[2023-04-16T14:32:00.801+0000] {processor.py:153} INFO - Started process (PID=217) to work on /home/airflow/.local/lib/python3.7/site-packages/airflow/example_dags/tutorial_dag.py
[2023-04-16T14:32:00.802+0000] {processor.py:743} INFO - Processing file /home/airflow/.local/lib/python3.7/site-packages/airflow/example_dags/tutorial_dag.py for tasks to queue
[2023-04-16T14:32:00.803+0000] {logging_mixin.py:137} INFO - [2023-04-16T14:32:00.803+0000] {dagbag.py:532} INFO - Filling up the DagBag from /home/airflow/.local/lib/python3.7/site-packages/airflow/example_dags/tutorial_dag.py
[2023-04-16T14:32:00.820+0000] {processor.py:753} INFO - DAG(s) dict_keys(['tutorial_dag']) retrieved from /home/airflow/.local/lib/python3.7/site-packages/airflow/example_dags/tutorial_dag.py
[2023-04-16T14:32:00.857+0000] {logging_mixin.py:137} INFO - [2023-04-16T14:32:00.857+0000] {dag.py:2693} INFO - Sync 1 DAGs
[2023-04-16T14:32:00.878+0000] {logging_mixin.py:137} INFO - [2023-04-16T14:32:00.878+0000] {dag.py:3444} INFO - Setting next_dagrun for tutorial_dag to None, run_after=None
[2023-04-16T14:32:00.900+0000] {processor.py:175} INFO - Processing /home/airflow/.local/lib/python3.7/site-packages/airflow/example_dags/tutorial_dag.py took 0.103 seconds
[2023-04-16T14:32:31.239+0000] {processor.py:153} INFO - Started process (PID=267) to work on /home/airflow/.local/lib/python3.7/site-packages/airflow/example_dags/tutorial_dag.py
[2023-04-16T14:32:31.244+0000] {processor.py:743} INFO - Processing file /home/airflow/.local/lib/python3.7/site-packages/airflow/example_dags/tutorial_dag.py for tasks to queue
[2023-04-16T14:32:31.254+0000] {logging_mixin.py:137} INFO - [2023-04-16T14:32:31.250+0000] {dagbag.py:532} INFO - Filling up the DagBag from /home/airflow/.local/lib/python3.7/site-packages/airflow/example_dags/tutorial_dag.py
[2023-04-16T14:32:31.324+0000] {processor.py:753} INFO - DAG(s) dict_keys(['tutorial_dag']) retrieved from /home/airflow/.local/lib/python3.7/site-packages/airflow/example_dags/tutorial_dag.py
[2023-04-16T14:32:31.399+0000] {logging_mixin.py:137} INFO - [2023-04-16T14:32:31.398+0000] {dag.py:2693} INFO - Sync 1 DAGs
[2023-04-16T14:32:31.425+0000] {logging_mixin.py:137} INFO - [2023-04-16T14:32:31.424+0000] {dag.py:3444} INFO - Setting next_dagrun for tutorial_dag to None, run_after=None
[2023-04-16T14:32:31.474+0000] {processor.py:175} INFO - Processing /home/airflow/.local/lib/python3.7/site-packages/airflow/example_dags/tutorial_dag.py took 0.250 seconds
[2023-04-16T14:33:11.678+0000] {processor.py:153} INFO - Started process (PID=63) to work on /home/airflow/.local/lib/python3.7/site-packages/airflow/example_dags/tutorial_dag.py
[2023-04-16T14:33:11.682+0000] {processor.py:743} INFO - Processing file /home/airflow/.local/lib/python3.7/site-packages/airflow/example_dags/tutorial_dag.py for tasks to queue
[2023-04-16T14:33:11.685+0000] {logging_mixin.py:137} INFO - [2023-04-16T14:33:11.685+0000] {dagbag.py:532} INFO - Filling up the DagBag from /home/airflow/.local/lib/python3.7/site-packages/airflow/example_dags/tutorial_dag.py
[2023-04-16T14:33:11.705+0000] {processor.py:753} INFO - DAG(s) dict_keys(['tutorial_dag']) retrieved from /home/airflow/.local/lib/python3.7/site-packages/airflow/example_dags/tutorial_dag.py
[2023-04-16T14:33:11.723+0000] {logging_mixin.py:137} INFO - [2023-04-16T14:33:11.723+0000] {dag.py:2693} INFO - Sync 1 DAGs
[2023-04-16T14:33:11.765+0000] {logging_mixin.py:137} INFO - [2023-04-16T14:33:11.765+0000] {dag.py:3444} INFO - Setting next_dagrun for tutorial_dag to None, run_after=None
[2023-04-16T14:33:11.785+0000] {processor.py:175} INFO - Processing /home/airflow/.local/lib/python3.7/site-packages/airflow/example_dags/tutorial_dag.py took 0.117 seconds
[2023-04-16T14:33:42.582+0000] {processor.py:153} INFO - Started process (PID=117) to work on /home/airflow/.local/lib/python3.7/site-packages/airflow/example_dags/tutorial_dag.py
[2023-04-16T14:33:42.583+0000] {processor.py:743} INFO - Processing file /home/airflow/.local/lib/python3.7/site-packages/airflow/example_dags/tutorial_dag.py for tasks to queue
[2023-04-16T14:33:42.584+0000] {logging_mixin.py:137} INFO - [2023-04-16T14:33:42.584+0000] {dagbag.py:532} INFO - Filling up the DagBag from /home/airflow/.local/lib/python3.7/site-packages/airflow/example_dags/tutorial_dag.py
[2023-04-16T14:33:42.595+0000] {processor.py:753} INFO - DAG(s) dict_keys(['tutorial_dag']) retrieved from /home/airflow/.local/lib/python3.7/site-packages/airflow/example_dags/tutorial_dag.py
[2023-04-16T14:33:42.616+0000] {logging_mixin.py:137} INFO - [2023-04-16T14:33:42.616+0000] {dag.py:2693} INFO - Sync 1 DAGs
[2023-04-16T14:33:42.640+0000] {logging_mixin.py:137} INFO - [2023-04-16T14:33:42.640+0000] {dag.py:3444} INFO - Setting next_dagrun for tutorial_dag to None, run_after=None
[2023-04-16T14:33:42.652+0000] {processor.py:175} INFO - Processing /home/airflow/.local/lib/python3.7/site-packages/airflow/example_dags/tutorial_dag.py took 0.072 seconds
[2023-04-16T14:34:13.139+0000] {processor.py:153} INFO - Started process (PID=171) to work on /home/airflow/.local/lib/python3.7/site-packages/airflow/example_dags/tutorial_dag.py
[2023-04-16T14:34:13.141+0000] {processor.py:743} INFO - Processing file /home/airflow/.local/lib/python3.7/site-packages/airflow/example_dags/tutorial_dag.py for tasks to queue
[2023-04-16T14:34:13.142+0000] {logging_mixin.py:137} INFO - [2023-04-16T14:34:13.142+0000] {dagbag.py:532} INFO - Filling up the DagBag from /home/airflow/.local/lib/python3.7/site-packages/airflow/example_dags/tutorial_dag.py
[2023-04-16T14:34:13.154+0000] {processor.py:753} INFO - DAG(s) dict_keys(['tutorial_dag']) retrieved from /home/airflow/.local/lib/python3.7/site-packages/airflow/example_dags/tutorial_dag.py
[2023-04-16T14:34:13.176+0000] {logging_mixin.py:137} INFO - [2023-04-16T14:34:13.175+0000] {dag.py:2693} INFO - Sync 1 DAGs
[2023-04-16T14:34:13.192+0000] {logging_mixin.py:137} INFO - [2023-04-16T14:34:13.192+0000] {dag.py:3444} INFO - Setting next_dagrun for tutorial_dag to None, run_after=None
[2023-04-16T14:34:13.203+0000] {processor.py:175} INFO - Processing /home/airflow/.local/lib/python3.7/site-packages/airflow/example_dags/tutorial_dag.py took 0.067 seconds
[2023-04-16T14:34:43.622+0000] {processor.py:153} INFO - Started process (PID=221) to work on /home/airflow/.local/lib/python3.7/site-packages/airflow/example_dags/tutorial_dag.py
[2023-04-16T14:34:43.623+0000] {processor.py:743} INFO - Processing file /home/airflow/.local/lib/python3.7/site-packages/airflow/example_dags/tutorial_dag.py for tasks to queue
[2023-04-16T14:34:43.624+0000] {logging_mixin.py:137} INFO - [2023-04-16T14:34:43.624+0000] {dagbag.py:532} INFO - Filling up the DagBag from /home/airflow/.local/lib/python3.7/site-packages/airflow/example_dags/tutorial_dag.py
[2023-04-16T14:34:43.635+0000] {processor.py:753} INFO - DAG(s) dict_keys(['tutorial_dag']) retrieved from /home/airflow/.local/lib/python3.7/site-packages/airflow/example_dags/tutorial_dag.py
[2023-04-16T14:34:43.655+0000] {logging_mixin.py:137} INFO - [2023-04-16T14:34:43.655+0000] {dag.py:2693} INFO - Sync 1 DAGs
[2023-04-16T14:34:43.670+0000] {logging_mixin.py:137} INFO - [2023-04-16T14:34:43.670+0000] {dag.py:3444} INFO - Setting next_dagrun for tutorial_dag to None, run_after=None
[2023-04-16T14:34:43.682+0000] {processor.py:175} INFO - Processing /home/airflow/.local/lib/python3.7/site-packages/airflow/example_dags/tutorial_dag.py took 0.063 seconds
[2023-04-16T14:35:14.500+0000] {processor.py:153} INFO - Started process (PID=271) to work on /home/airflow/.local/lib/python3.7/site-packages/airflow/example_dags/tutorial_dag.py
[2023-04-16T14:35:14.502+0000] {processor.py:743} INFO - Processing file /home/airflow/.local/lib/python3.7/site-packages/airflow/example_dags/tutorial_dag.py for tasks to queue
[2023-04-16T14:35:14.503+0000] {logging_mixin.py:137} INFO - [2023-04-16T14:35:14.502+0000] {dagbag.py:532} INFO - Filling up the DagBag from /home/airflow/.local/lib/python3.7/site-packages/airflow/example_dags/tutorial_dag.py
[2023-04-16T14:35:14.513+0000] {processor.py:753} INFO - DAG(s) dict_keys(['tutorial_dag']) retrieved from /home/airflow/.local/lib/python3.7/site-packages/airflow/example_dags/tutorial_dag.py
[2023-04-16T14:35:14.532+0000] {logging_mixin.py:137} INFO - [2023-04-16T14:35:14.531+0000] {dag.py:2693} INFO - Sync 1 DAGs
[2023-04-16T14:35:14.547+0000] {logging_mixin.py:137} INFO - [2023-04-16T14:35:14.547+0000] {dag.py:3444} INFO - Setting next_dagrun for tutorial_dag to None, run_after=None
[2023-04-16T14:35:14.558+0000] {processor.py:175} INFO - Processing /home/airflow/.local/lib/python3.7/site-packages/airflow/example_dags/tutorial_dag.py took 0.060 seconds
[2023-04-16T14:35:44.782+0000] {processor.py:153} INFO - Started process (PID=321) to work on /home/airflow/.local/lib/python3.7/site-packages/airflow/example_dags/tutorial_dag.py
[2023-04-16T14:35:44.784+0000] {processor.py:743} INFO - Processing file /home/airflow/.local/lib/python3.7/site-packages/airflow/example_dags/tutorial_dag.py for tasks to queue
[2023-04-16T14:35:44.784+0000] {logging_mixin.py:137} INFO - [2023-04-16T14:35:44.784+0000] {dagbag.py:532} INFO - Filling up the DagBag from /home/airflow/.local/lib/python3.7/site-packages/airflow/example_dags/tutorial_dag.py
[2023-04-16T14:35:44.795+0000] {processor.py:753} INFO - DAG(s) dict_keys(['tutorial_dag']) retrieved from /home/airflow/.local/lib/python3.7/site-packages/airflow/example_dags/tutorial_dag.py
[2023-04-16T14:35:44.824+0000] {logging_mixin.py:137} INFO - [2023-04-16T14:35:44.823+0000] {dag.py:2693} INFO - Sync 1 DAGs
[2023-04-16T14:35:44.841+0000] {logging_mixin.py:137} INFO - [2023-04-16T14:35:44.841+0000] {dag.py:3444} INFO - Setting next_dagrun for tutorial_dag to None, run_after=None
[2023-04-16T14:35:44.852+0000] {processor.py:175} INFO - Processing /home/airflow/.local/lib/python3.7/site-packages/airflow/example_dags/tutorial_dag.py took 0.073 seconds
[2023-04-16T14:36:15.409+0000] {processor.py:153} INFO - Started process (PID=371) to work on /home/airflow/.local/lib/python3.7/site-packages/airflow/example_dags/tutorial_dag.py
[2023-04-16T14:36:15.411+0000] {processor.py:743} INFO - Processing file /home/airflow/.local/lib/python3.7/site-packages/airflow/example_dags/tutorial_dag.py for tasks to queue
[2023-04-16T14:36:15.412+0000] {logging_mixin.py:137} INFO - [2023-04-16T14:36:15.412+0000] {dagbag.py:532} INFO - Filling up the DagBag from /home/airflow/.local/lib/python3.7/site-packages/airflow/example_dags/tutorial_dag.py
[2023-04-16T14:36:15.422+0000] {processor.py:753} INFO - DAG(s) dict_keys(['tutorial_dag']) retrieved from /home/airflow/.local/lib/python3.7/site-packages/airflow/example_dags/tutorial_dag.py
[2023-04-16T14:36:15.443+0000] {logging_mixin.py:137} INFO - [2023-04-16T14:36:15.443+0000] {dag.py:2693} INFO - Sync 1 DAGs
[2023-04-16T14:36:15.459+0000] {logging_mixin.py:137} INFO - [2023-04-16T14:36:15.459+0000] {dag.py:3444} INFO - Setting next_dagrun for tutorial_dag to None, run_after=None
[2023-04-16T14:36:15.473+0000] {processor.py:175} INFO - Processing /home/airflow/.local/lib/python3.7/site-packages/airflow/example_dags/tutorial_dag.py took 0.067 seconds
[2023-04-16T14:37:24.300+0000] {processor.py:153} INFO - Started process (PID=63) to work on /home/airflow/.local/lib/python3.7/site-packages/airflow/example_dags/tutorial_dag.py
[2023-04-16T14:37:24.305+0000] {processor.py:743} INFO - Processing file /home/airflow/.local/lib/python3.7/site-packages/airflow/example_dags/tutorial_dag.py for tasks to queue
[2023-04-16T14:37:24.310+0000] {logging_mixin.py:137} INFO - [2023-04-16T14:37:24.310+0000] {dagbag.py:532} INFO - Filling up the DagBag from /home/airflow/.local/lib/python3.7/site-packages/airflow/example_dags/tutorial_dag.py
[2023-04-16T14:37:24.336+0000] {processor.py:753} INFO - DAG(s) dict_keys(['tutorial_dag']) retrieved from /home/airflow/.local/lib/python3.7/site-packages/airflow/example_dags/tutorial_dag.py
[2023-04-16T14:37:24.377+0000] {logging_mixin.py:137} INFO - [2023-04-16T14:37:24.376+0000] {dag.py:2693} INFO - Sync 1 DAGs
[2023-04-16T14:37:24.436+0000] {logging_mixin.py:137} INFO - [2023-04-16T14:37:24.436+0000] {dag.py:3444} INFO - Setting next_dagrun for tutorial_dag to None, run_after=None
[2023-04-16T14:37:24.492+0000] {processor.py:175} INFO - Processing /home/airflow/.local/lib/python3.7/site-packages/airflow/example_dags/tutorial_dag.py took 0.198 seconds
[2023-04-16T14:37:54.854+0000] {processor.py:153} INFO - Started process (PID=118) to work on /home/airflow/.local/lib/python3.7/site-packages/airflow/example_dags/tutorial_dag.py
[2023-04-16T14:37:54.855+0000] {processor.py:743} INFO - Processing file /home/airflow/.local/lib/python3.7/site-packages/airflow/example_dags/tutorial_dag.py for tasks to queue
[2023-04-16T14:37:54.856+0000] {logging_mixin.py:137} INFO - [2023-04-16T14:37:54.856+0000] {dagbag.py:532} INFO - Filling up the DagBag from /home/airflow/.local/lib/python3.7/site-packages/airflow/example_dags/tutorial_dag.py
[2023-04-16T14:37:54.865+0000] {processor.py:753} INFO - DAG(s) dict_keys(['tutorial_dag']) retrieved from /home/airflow/.local/lib/python3.7/site-packages/airflow/example_dags/tutorial_dag.py
[2023-04-16T14:37:54.884+0000] {logging_mixin.py:137} INFO - [2023-04-16T14:37:54.884+0000] {dag.py:2693} INFO - Sync 1 DAGs
[2023-04-16T14:37:54.900+0000] {logging_mixin.py:137} INFO - [2023-04-16T14:37:54.900+0000] {dag.py:3444} INFO - Setting next_dagrun for tutorial_dag to None, run_after=None
[2023-04-16T14:37:54.910+0000] {processor.py:175} INFO - Processing /home/airflow/.local/lib/python3.7/site-packages/airflow/example_dags/tutorial_dag.py took 0.058 seconds
[2023-04-16T14:38:59.453+0000] {processor.py:153} INFO - Started process (PID=63) to work on /home/airflow/.local/lib/python3.7/site-packages/airflow/example_dags/tutorial_dag.py
[2023-04-16T14:38:59.455+0000] {processor.py:743} INFO - Processing file /home/airflow/.local/lib/python3.7/site-packages/airflow/example_dags/tutorial_dag.py for tasks to queue
[2023-04-16T14:38:59.457+0000] {logging_mixin.py:137} INFO - [2023-04-16T14:38:59.457+0000] {dagbag.py:532} INFO - Filling up the DagBag from /home/airflow/.local/lib/python3.7/site-packages/airflow/example_dags/tutorial_dag.py
[2023-04-16T14:38:59.482+0000] {processor.py:753} INFO - DAG(s) dict_keys(['tutorial_dag']) retrieved from /home/airflow/.local/lib/python3.7/site-packages/airflow/example_dags/tutorial_dag.py
[2023-04-16T14:38:59.517+0000] {logging_mixin.py:137} INFO - [2023-04-16T14:38:59.517+0000] {dag.py:2693} INFO - Sync 1 DAGs
[2023-04-16T14:38:59.549+0000] {logging_mixin.py:137} INFO - [2023-04-16T14:38:59.549+0000] {dag.py:3444} INFO - Setting next_dagrun for tutorial_dag to None, run_after=None
[2023-04-16T14:38:59.574+0000] {processor.py:175} INFO - Processing /home/airflow/.local/lib/python3.7/site-packages/airflow/example_dags/tutorial_dag.py took 0.125 seconds
[2023-04-16T14:39:29.748+0000] {processor.py:153} INFO - Started process (PID=117) to work on /home/airflow/.local/lib/python3.7/site-packages/airflow/example_dags/tutorial_dag.py
[2023-04-16T14:39:29.749+0000] {processor.py:743} INFO - Processing file /home/airflow/.local/lib/python3.7/site-packages/airflow/example_dags/tutorial_dag.py for tasks to queue
[2023-04-16T14:39:29.750+0000] {logging_mixin.py:137} INFO - [2023-04-16T14:39:29.750+0000] {dagbag.py:532} INFO - Filling up the DagBag from /home/airflow/.local/lib/python3.7/site-packages/airflow/example_dags/tutorial_dag.py
[2023-04-16T14:39:29.759+0000] {processor.py:753} INFO - DAG(s) dict_keys(['tutorial_dag']) retrieved from /home/airflow/.local/lib/python3.7/site-packages/airflow/example_dags/tutorial_dag.py
[2023-04-16T14:39:29.778+0000] {logging_mixin.py:137} INFO - [2023-04-16T14:39:29.778+0000] {dag.py:2693} INFO - Sync 1 DAGs
[2023-04-16T14:39:29.794+0000] {logging_mixin.py:137} INFO - [2023-04-16T14:39:29.794+0000] {dag.py:3444} INFO - Setting next_dagrun for tutorial_dag to None, run_after=None
[2023-04-16T14:39:29.811+0000] {processor.py:175} INFO - Processing /home/airflow/.local/lib/python3.7/site-packages/airflow/example_dags/tutorial_dag.py took 0.066 seconds
[2023-04-16T14:40:00.400+0000] {processor.py:153} INFO - Started process (PID=166) to work on /home/airflow/.local/lib/python3.7/site-packages/airflow/example_dags/tutorial_dag.py
[2023-04-16T14:40:00.402+0000] {processor.py:743} INFO - Processing file /home/airflow/.local/lib/python3.7/site-packages/airflow/example_dags/tutorial_dag.py for tasks to queue
[2023-04-16T14:40:00.402+0000] {logging_mixin.py:137} INFO - [2023-04-16T14:40:00.402+0000] {dagbag.py:532} INFO - Filling up the DagBag from /home/airflow/.local/lib/python3.7/site-packages/airflow/example_dags/tutorial_dag.py
[2023-04-16T14:40:00.412+0000] {processor.py:753} INFO - DAG(s) dict_keys(['tutorial_dag']) retrieved from /home/airflow/.local/lib/python3.7/site-packages/airflow/example_dags/tutorial_dag.py
[2023-04-16T14:40:00.432+0000] {logging_mixin.py:137} INFO - [2023-04-16T14:40:00.432+0000] {dag.py:2693} INFO - Sync 1 DAGs
[2023-04-16T14:40:00.446+0000] {logging_mixin.py:137} INFO - [2023-04-16T14:40:00.446+0000] {dag.py:3444} INFO - Setting next_dagrun for tutorial_dag to None, run_after=None
[2023-04-16T14:40:00.458+0000] {processor.py:175} INFO - Processing /home/airflow/.local/lib/python3.7/site-packages/airflow/example_dags/tutorial_dag.py took 0.060 seconds
[2023-04-16T14:40:30.911+0000] {processor.py:153} INFO - Started process (PID=216) to work on /home/airflow/.local/lib/python3.7/site-packages/airflow/example_dags/tutorial_dag.py
[2023-04-16T14:40:30.913+0000] {processor.py:743} INFO - Processing file /home/airflow/.local/lib/python3.7/site-packages/airflow/example_dags/tutorial_dag.py for tasks to queue
[2023-04-16T14:40:30.914+0000] {logging_mixin.py:137} INFO - [2023-04-16T14:40:30.913+0000] {dagbag.py:532} INFO - Filling up the DagBag from /home/airflow/.local/lib/python3.7/site-packages/airflow/example_dags/tutorial_dag.py
[2023-04-16T14:40:30.923+0000] {processor.py:753} INFO - DAG(s) dict_keys(['tutorial_dag']) retrieved from /home/airflow/.local/lib/python3.7/site-packages/airflow/example_dags/tutorial_dag.py
[2023-04-16T14:40:30.943+0000] {logging_mixin.py:137} INFO - [2023-04-16T14:40:30.943+0000] {dag.py:2693} INFO - Sync 1 DAGs
[2023-04-16T14:40:30.959+0000] {logging_mixin.py:137} INFO - [2023-04-16T14:40:30.959+0000] {dag.py:3444} INFO - Setting next_dagrun for tutorial_dag to None, run_after=None
[2023-04-16T14:40:30.971+0000] {processor.py:175} INFO - Processing /home/airflow/.local/lib/python3.7/site-packages/airflow/example_dags/tutorial_dag.py took 0.063 seconds
[2023-04-16T14:41:01.559+0000] {processor.py:153} INFO - Started process (PID=266) to work on /home/airflow/.local/lib/python3.7/site-packages/airflow/example_dags/tutorial_dag.py
[2023-04-16T14:41:01.560+0000] {processor.py:743} INFO - Processing file /home/airflow/.local/lib/python3.7/site-packages/airflow/example_dags/tutorial_dag.py for tasks to queue
[2023-04-16T14:41:01.561+0000] {logging_mixin.py:137} INFO - [2023-04-16T14:41:01.561+0000] {dagbag.py:532} INFO - Filling up the DagBag from /home/airflow/.local/lib/python3.7/site-packages/airflow/example_dags/tutorial_dag.py
[2023-04-16T14:41:01.570+0000] {processor.py:753} INFO - DAG(s) dict_keys(['tutorial_dag']) retrieved from /home/airflow/.local/lib/python3.7/site-packages/airflow/example_dags/tutorial_dag.py
[2023-04-16T14:41:01.590+0000] {logging_mixin.py:137} INFO - [2023-04-16T14:41:01.590+0000] {dag.py:2693} INFO - Sync 1 DAGs
[2023-04-16T14:41:01.607+0000] {logging_mixin.py:137} INFO - [2023-04-16T14:41:01.607+0000] {dag.py:3444} INFO - Setting next_dagrun for tutorial_dag to None, run_after=None
[2023-04-16T14:41:01.618+0000] {processor.py:175} INFO - Processing /home/airflow/.local/lib/python3.7/site-packages/airflow/example_dags/tutorial_dag.py took 0.062 seconds
[2023-04-16T14:41:32.732+0000] {processor.py:153} INFO - Started process (PID=316) to work on /home/airflow/.local/lib/python3.7/site-packages/airflow/example_dags/tutorial_dag.py
[2023-04-16T14:41:32.735+0000] {processor.py:743} INFO - Processing file /home/airflow/.local/lib/python3.7/site-packages/airflow/example_dags/tutorial_dag.py for tasks to queue
[2023-04-16T14:41:32.736+0000] {logging_mixin.py:137} INFO - [2023-04-16T14:41:32.735+0000] {dagbag.py:532} INFO - Filling up the DagBag from /home/airflow/.local/lib/python3.7/site-packages/airflow/example_dags/tutorial_dag.py
[2023-04-16T14:41:32.756+0000] {processor.py:753} INFO - DAG(s) dict_keys(['tutorial_dag']) retrieved from /home/airflow/.local/lib/python3.7/site-packages/airflow/example_dags/tutorial_dag.py
[2023-04-16T14:41:32.802+0000] {logging_mixin.py:137} INFO - [2023-04-16T14:41:32.802+0000] {dag.py:2693} INFO - Sync 1 DAGs
[2023-04-16T14:41:32.837+0000] {logging_mixin.py:137} INFO - [2023-04-16T14:41:32.836+0000] {dag.py:3444} INFO - Setting next_dagrun for tutorial_dag to None, run_after=None
[2023-04-16T14:41:32.866+0000] {processor.py:175} INFO - Processing /home/airflow/.local/lib/python3.7/site-packages/airflow/example_dags/tutorial_dag.py took 0.138 seconds
[2023-04-16T14:42:02.939+0000] {processor.py:153} INFO - Started process (PID=366) to work on /home/airflow/.local/lib/python3.7/site-packages/airflow/example_dags/tutorial_dag.py
[2023-04-16T14:42:02.940+0000] {processor.py:743} INFO - Processing file /home/airflow/.local/lib/python3.7/site-packages/airflow/example_dags/tutorial_dag.py for tasks to queue
[2023-04-16T14:42:02.941+0000] {logging_mixin.py:137} INFO - [2023-04-16T14:42:02.941+0000] {dagbag.py:532} INFO - Filling up the DagBag from /home/airflow/.local/lib/python3.7/site-packages/airflow/example_dags/tutorial_dag.py
[2023-04-16T14:42:02.956+0000] {processor.py:753} INFO - DAG(s) dict_keys(['tutorial_dag']) retrieved from /home/airflow/.local/lib/python3.7/site-packages/airflow/example_dags/tutorial_dag.py
[2023-04-16T14:42:02.977+0000] {logging_mixin.py:137} INFO - [2023-04-16T14:42:02.977+0000] {dag.py:2693} INFO - Sync 1 DAGs
[2023-04-16T14:42:02.992+0000] {logging_mixin.py:137} INFO - [2023-04-16T14:42:02.992+0000] {dag.py:3444} INFO - Setting next_dagrun for tutorial_dag to None, run_after=None
[2023-04-16T14:42:03.011+0000] {processor.py:175} INFO - Processing /home/airflow/.local/lib/python3.7/site-packages/airflow/example_dags/tutorial_dag.py took 0.075 seconds
[2023-04-16T14:43:12.363+0000] {processor.py:153} INFO - Started process (PID=62) to work on /home/airflow/.local/lib/python3.7/site-packages/airflow/example_dags/tutorial_dag.py
[2023-04-16T14:43:12.366+0000] {processor.py:743} INFO - Processing file /home/airflow/.local/lib/python3.7/site-packages/airflow/example_dags/tutorial_dag.py for tasks to queue
[2023-04-16T14:43:12.367+0000] {logging_mixin.py:137} INFO - [2023-04-16T14:43:12.367+0000] {dagbag.py:532} INFO - Filling up the DagBag from /home/airflow/.local/lib/python3.7/site-packages/airflow/example_dags/tutorial_dag.py
[2023-04-16T14:43:12.377+0000] {processor.py:753} INFO - DAG(s) dict_keys(['tutorial_dag']) retrieved from /home/airflow/.local/lib/python3.7/site-packages/airflow/example_dags/tutorial_dag.py
[2023-04-16T14:43:12.393+0000] {logging_mixin.py:137} INFO - [2023-04-16T14:43:12.393+0000] {dag.py:2693} INFO - Sync 1 DAGs
[2023-04-16T14:43:12.425+0000] {logging_mixin.py:137} INFO - [2023-04-16T14:43:12.425+0000] {dag.py:3444} INFO - Setting next_dagrun for tutorial_dag to None, run_after=None
[2023-04-16T14:43:12.452+0000] {processor.py:175} INFO - Processing /home/airflow/.local/lib/python3.7/site-packages/airflow/example_dags/tutorial_dag.py took 0.093 seconds
[2023-04-16T14:43:43.380+0000] {processor.py:153} INFO - Started process (PID=112) to work on /home/airflow/.local/lib/python3.7/site-packages/airflow/example_dags/tutorial_dag.py
[2023-04-16T14:43:43.382+0000] {processor.py:743} INFO - Processing file /home/airflow/.local/lib/python3.7/site-packages/airflow/example_dags/tutorial_dag.py for tasks to queue
[2023-04-16T14:43:43.383+0000] {logging_mixin.py:137} INFO - [2023-04-16T14:43:43.383+0000] {dagbag.py:532} INFO - Filling up the DagBag from /home/airflow/.local/lib/python3.7/site-packages/airflow/example_dags/tutorial_dag.py
[2023-04-16T14:43:43.393+0000] {processor.py:753} INFO - DAG(s) dict_keys(['tutorial_dag']) retrieved from /home/airflow/.local/lib/python3.7/site-packages/airflow/example_dags/tutorial_dag.py
[2023-04-16T14:43:43.416+0000] {logging_mixin.py:137} INFO - [2023-04-16T14:43:43.416+0000] {dag.py:2693} INFO - Sync 1 DAGs
[2023-04-16T14:43:43.433+0000] {logging_mixin.py:137} INFO - [2023-04-16T14:43:43.433+0000] {dag.py:3444} INFO - Setting next_dagrun for tutorial_dag to None, run_after=None
[2023-04-16T14:43:43.444+0000] {processor.py:175} INFO - Processing /home/airflow/.local/lib/python3.7/site-packages/airflow/example_dags/tutorial_dag.py took 0.067 seconds
[2023-04-16T14:44:13.987+0000] {processor.py:153} INFO - Started process (PID=162) to work on /home/airflow/.local/lib/python3.7/site-packages/airflow/example_dags/tutorial_dag.py
[2023-04-16T14:44:13.989+0000] {processor.py:743} INFO - Processing file /home/airflow/.local/lib/python3.7/site-packages/airflow/example_dags/tutorial_dag.py for tasks to queue
[2023-04-16T14:44:13.990+0000] {logging_mixin.py:137} INFO - [2023-04-16T14:44:13.990+0000] {dagbag.py:532} INFO - Filling up the DagBag from /home/airflow/.local/lib/python3.7/site-packages/airflow/example_dags/tutorial_dag.py
[2023-04-16T14:44:14.000+0000] {processor.py:753} INFO - DAG(s) dict_keys(['tutorial_dag']) retrieved from /home/airflow/.local/lib/python3.7/site-packages/airflow/example_dags/tutorial_dag.py
[2023-04-16T14:44:14.019+0000] {logging_mixin.py:137} INFO - [2023-04-16T14:44:14.019+0000] {dag.py:2693} INFO - Sync 1 DAGs
[2023-04-16T14:44:14.034+0000] {logging_mixin.py:137} INFO - [2023-04-16T14:44:14.034+0000] {dag.py:3444} INFO - Setting next_dagrun for tutorial_dag to None, run_after=None
[2023-04-16T14:44:14.045+0000] {processor.py:175} INFO - Processing /home/airflow/.local/lib/python3.7/site-packages/airflow/example_dags/tutorial_dag.py took 0.061 seconds
[2023-04-16T14:44:44.915+0000] {processor.py:153} INFO - Started process (PID=212) to work on /home/airflow/.local/lib/python3.7/site-packages/airflow/example_dags/tutorial_dag.py
[2023-04-16T14:44:44.917+0000] {processor.py:743} INFO - Processing file /home/airflow/.local/lib/python3.7/site-packages/airflow/example_dags/tutorial_dag.py for tasks to queue
[2023-04-16T14:44:44.918+0000] {logging_mixin.py:137} INFO - [2023-04-16T14:44:44.918+0000] {dagbag.py:532} INFO - Filling up the DagBag from /home/airflow/.local/lib/python3.7/site-packages/airflow/example_dags/tutorial_dag.py
[2023-04-16T14:44:44.930+0000] {processor.py:753} INFO - DAG(s) dict_keys(['tutorial_dag']) retrieved from /home/airflow/.local/lib/python3.7/site-packages/airflow/example_dags/tutorial_dag.py
[2023-04-16T14:44:44.950+0000] {logging_mixin.py:137} INFO - [2023-04-16T14:44:44.950+0000] {dag.py:2693} INFO - Sync 1 DAGs
[2023-04-16T14:44:44.965+0000] {logging_mixin.py:137} INFO - [2023-04-16T14:44:44.965+0000] {dag.py:3444} INFO - Setting next_dagrun for tutorial_dag to None, run_after=None
[2023-04-16T14:44:44.978+0000] {processor.py:175} INFO - Processing /home/airflow/.local/lib/python3.7/site-packages/airflow/example_dags/tutorial_dag.py took 0.065 seconds
[2023-04-16T14:45:15.847+0000] {processor.py:153} INFO - Started process (PID=262) to work on /home/airflow/.local/lib/python3.7/site-packages/airflow/example_dags/tutorial_dag.py
[2023-04-16T14:45:15.848+0000] {processor.py:743} INFO - Processing file /home/airflow/.local/lib/python3.7/site-packages/airflow/example_dags/tutorial_dag.py for tasks to queue
[2023-04-16T14:45:15.849+0000] {logging_mixin.py:137} INFO - [2023-04-16T14:45:15.849+0000] {dagbag.py:532} INFO - Filling up the DagBag from /home/airflow/.local/lib/python3.7/site-packages/airflow/example_dags/tutorial_dag.py
[2023-04-16T14:45:15.858+0000] {processor.py:753} INFO - DAG(s) dict_keys(['tutorial_dag']) retrieved from /home/airflow/.local/lib/python3.7/site-packages/airflow/example_dags/tutorial_dag.py
[2023-04-16T14:45:15.878+0000] {logging_mixin.py:137} INFO - [2023-04-16T14:45:15.878+0000] {dag.py:2693} INFO - Sync 1 DAGs
[2023-04-16T14:45:15.893+0000] {logging_mixin.py:137} INFO - [2023-04-16T14:45:15.893+0000] {dag.py:3444} INFO - Setting next_dagrun for tutorial_dag to None, run_after=None
[2023-04-16T14:45:15.905+0000] {processor.py:175} INFO - Processing /home/airflow/.local/lib/python3.7/site-packages/airflow/example_dags/tutorial_dag.py took 0.062 seconds
[2023-04-16T14:46:28.645+0000] {processor.py:153} INFO - Started process (PID=63) to work on /home/airflow/.local/lib/python3.7/site-packages/airflow/example_dags/tutorial_dag.py
[2023-04-16T14:46:28.647+0000] {processor.py:743} INFO - Processing file /home/airflow/.local/lib/python3.7/site-packages/airflow/example_dags/tutorial_dag.py for tasks to queue
[2023-04-16T14:46:28.648+0000] {logging_mixin.py:137} INFO - [2023-04-16T14:46:28.648+0000] {dagbag.py:532} INFO - Filling up the DagBag from /home/airflow/.local/lib/python3.7/site-packages/airflow/example_dags/tutorial_dag.py
[2023-04-16T14:46:28.674+0000] {processor.py:753} INFO - DAG(s) dict_keys(['tutorial_dag']) retrieved from /home/airflow/.local/lib/python3.7/site-packages/airflow/example_dags/tutorial_dag.py
[2023-04-16T14:46:28.708+0000] {logging_mixin.py:137} INFO - [2023-04-16T14:46:28.708+0000] {dag.py:2693} INFO - Sync 1 DAGs
[2023-04-16T14:46:28.758+0000] {logging_mixin.py:137} INFO - [2023-04-16T14:46:28.757+0000] {dag.py:3444} INFO - Setting next_dagrun for tutorial_dag to None, run_after=None
[2023-04-16T14:46:28.792+0000] {processor.py:175} INFO - Processing /home/airflow/.local/lib/python3.7/site-packages/airflow/example_dags/tutorial_dag.py took 0.150 seconds
[2023-04-16T14:46:59.664+0000] {processor.py:153} INFO - Started process (PID=117) to work on /home/airflow/.local/lib/python3.7/site-packages/airflow/example_dags/tutorial_dag.py
[2023-04-16T14:46:59.665+0000] {processor.py:743} INFO - Processing file /home/airflow/.local/lib/python3.7/site-packages/airflow/example_dags/tutorial_dag.py for tasks to queue
[2023-04-16T14:46:59.665+0000] {logging_mixin.py:137} INFO - [2023-04-16T14:46:59.665+0000] {dagbag.py:532} INFO - Filling up the DagBag from /home/airflow/.local/lib/python3.7/site-packages/airflow/example_dags/tutorial_dag.py
[2023-04-16T14:46:59.676+0000] {processor.py:753} INFO - DAG(s) dict_keys(['tutorial_dag']) retrieved from /home/airflow/.local/lib/python3.7/site-packages/airflow/example_dags/tutorial_dag.py
[2023-04-16T14:46:59.696+0000] {logging_mixin.py:137} INFO - [2023-04-16T14:46:59.696+0000] {dag.py:2693} INFO - Sync 1 DAGs
[2023-04-16T14:46:59.712+0000] {logging_mixin.py:137} INFO - [2023-04-16T14:46:59.712+0000] {dag.py:3444} INFO - Setting next_dagrun for tutorial_dag to None, run_after=None
[2023-04-16T14:46:59.723+0000] {processor.py:175} INFO - Processing /home/airflow/.local/lib/python3.7/site-packages/airflow/example_dags/tutorial_dag.py took 0.063 seconds
[2023-04-16T14:47:30.147+0000] {processor.py:153} INFO - Started process (PID=167) to work on /home/airflow/.local/lib/python3.7/site-packages/airflow/example_dags/tutorial_dag.py
[2023-04-16T14:47:30.148+0000] {processor.py:743} INFO - Processing file /home/airflow/.local/lib/python3.7/site-packages/airflow/example_dags/tutorial_dag.py for tasks to queue
[2023-04-16T14:47:30.149+0000] {logging_mixin.py:137} INFO - [2023-04-16T14:47:30.149+0000] {dagbag.py:532} INFO - Filling up the DagBag from /home/airflow/.local/lib/python3.7/site-packages/airflow/example_dags/tutorial_dag.py
[2023-04-16T14:47:30.158+0000] {processor.py:753} INFO - DAG(s) dict_keys(['tutorial_dag']) retrieved from /home/airflow/.local/lib/python3.7/site-packages/airflow/example_dags/tutorial_dag.py
[2023-04-16T14:47:30.178+0000] {logging_mixin.py:137} INFO - [2023-04-16T14:47:30.178+0000] {dag.py:2693} INFO - Sync 1 DAGs
[2023-04-16T14:47:30.193+0000] {logging_mixin.py:137} INFO - [2023-04-16T14:47:30.193+0000] {dag.py:3444} INFO - Setting next_dagrun for tutorial_dag to None, run_after=None
[2023-04-16T14:47:30.208+0000] {processor.py:175} INFO - Processing /home/airflow/.local/lib/python3.7/site-packages/airflow/example_dags/tutorial_dag.py took 0.064 seconds
[2023-04-16T14:48:00.970+0000] {processor.py:153} INFO - Started process (PID=217) to work on /home/airflow/.local/lib/python3.7/site-packages/airflow/example_dags/tutorial_dag.py
[2023-04-16T14:48:00.972+0000] {processor.py:743} INFO - Processing file /home/airflow/.local/lib/python3.7/site-packages/airflow/example_dags/tutorial_dag.py for tasks to queue
[2023-04-16T14:48:00.972+0000] {logging_mixin.py:137} INFO - [2023-04-16T14:48:00.972+0000] {dagbag.py:532} INFO - Filling up the DagBag from /home/airflow/.local/lib/python3.7/site-packages/airflow/example_dags/tutorial_dag.py
[2023-04-16T14:48:00.982+0000] {processor.py:753} INFO - DAG(s) dict_keys(['tutorial_dag']) retrieved from /home/airflow/.local/lib/python3.7/site-packages/airflow/example_dags/tutorial_dag.py
[2023-04-16T14:48:01.002+0000] {logging_mixin.py:137} INFO - [2023-04-16T14:48:01.002+0000] {dag.py:2693} INFO - Sync 1 DAGs
[2023-04-16T14:48:01.017+0000] {logging_mixin.py:137} INFO - [2023-04-16T14:48:01.017+0000] {dag.py:3444} INFO - Setting next_dagrun for tutorial_dag to None, run_after=None
[2023-04-16T14:48:01.029+0000] {processor.py:175} INFO - Processing /home/airflow/.local/lib/python3.7/site-packages/airflow/example_dags/tutorial_dag.py took 0.061 seconds
[2023-04-16T14:48:31.627+0000] {processor.py:153} INFO - Started process (PID=267) to work on /home/airflow/.local/lib/python3.7/site-packages/airflow/example_dags/tutorial_dag.py
[2023-04-16T14:48:31.630+0000] {processor.py:743} INFO - Processing file /home/airflow/.local/lib/python3.7/site-packages/airflow/example_dags/tutorial_dag.py for tasks to queue
[2023-04-16T14:48:31.631+0000] {logging_mixin.py:137} INFO - [2023-04-16T14:48:31.631+0000] {dagbag.py:532} INFO - Filling up the DagBag from /home/airflow/.local/lib/python3.7/site-packages/airflow/example_dags/tutorial_dag.py
[2023-04-16T14:48:31.642+0000] {processor.py:753} INFO - DAG(s) dict_keys(['tutorial_dag']) retrieved from /home/airflow/.local/lib/python3.7/site-packages/airflow/example_dags/tutorial_dag.py
[2023-04-16T14:48:31.662+0000] {logging_mixin.py:137} INFO - [2023-04-16T14:48:31.662+0000] {dag.py:2693} INFO - Sync 1 DAGs
[2023-04-16T14:48:31.678+0000] {logging_mixin.py:137} INFO - [2023-04-16T14:48:31.678+0000] {dag.py:3444} INFO - Setting next_dagrun for tutorial_dag to None, run_after=None
[2023-04-16T14:48:31.690+0000] {processor.py:175} INFO - Processing /home/airflow/.local/lib/python3.7/site-packages/airflow/example_dags/tutorial_dag.py took 0.066 seconds
[2023-04-16T14:49:02.533+0000] {processor.py:153} INFO - Started process (PID=317) to work on /home/airflow/.local/lib/python3.7/site-packages/airflow/example_dags/tutorial_dag.py
[2023-04-16T14:49:02.534+0000] {processor.py:743} INFO - Processing file /home/airflow/.local/lib/python3.7/site-packages/airflow/example_dags/tutorial_dag.py for tasks to queue
[2023-04-16T14:49:02.535+0000] {logging_mixin.py:137} INFO - [2023-04-16T14:49:02.535+0000] {dagbag.py:532} INFO - Filling up the DagBag from /home/airflow/.local/lib/python3.7/site-packages/airflow/example_dags/tutorial_dag.py
[2023-04-16T14:49:02.545+0000] {processor.py:753} INFO - DAG(s) dict_keys(['tutorial_dag']) retrieved from /home/airflow/.local/lib/python3.7/site-packages/airflow/example_dags/tutorial_dag.py
[2023-04-16T14:49:02.565+0000] {logging_mixin.py:137} INFO - [2023-04-16T14:49:02.565+0000] {dag.py:2693} INFO - Sync 1 DAGs
[2023-04-16T14:49:02.581+0000] {logging_mixin.py:137} INFO - [2023-04-16T14:49:02.581+0000] {dag.py:3444} INFO - Setting next_dagrun for tutorial_dag to None, run_after=None
[2023-04-16T14:49:02.592+0000] {processor.py:175} INFO - Processing /home/airflow/.local/lib/python3.7/site-packages/airflow/example_dags/tutorial_dag.py took 0.062 seconds
[2023-04-16T14:49:33.303+0000] {processor.py:153} INFO - Started process (PID=367) to work on /home/airflow/.local/lib/python3.7/site-packages/airflow/example_dags/tutorial_dag.py
[2023-04-16T14:49:33.305+0000] {processor.py:743} INFO - Processing file /home/airflow/.local/lib/python3.7/site-packages/airflow/example_dags/tutorial_dag.py for tasks to queue
[2023-04-16T14:49:33.307+0000] {logging_mixin.py:137} INFO - [2023-04-16T14:49:33.307+0000] {dagbag.py:532} INFO - Filling up the DagBag from /home/airflow/.local/lib/python3.7/site-packages/airflow/example_dags/tutorial_dag.py
[2023-04-16T14:49:33.324+0000] {processor.py:753} INFO - DAG(s) dict_keys(['tutorial_dag']) retrieved from /home/airflow/.local/lib/python3.7/site-packages/airflow/example_dags/tutorial_dag.py
[2023-04-16T14:49:33.347+0000] {logging_mixin.py:137} INFO - [2023-04-16T14:49:33.347+0000] {dag.py:2693} INFO - Sync 1 DAGs
[2023-04-16T14:49:33.363+0000] {logging_mixin.py:137} INFO - [2023-04-16T14:49:33.363+0000] {dag.py:3444} INFO - Setting next_dagrun for tutorial_dag to None, run_after=None
[2023-04-16T14:49:33.375+0000] {processor.py:175} INFO - Processing /home/airflow/.local/lib/python3.7/site-packages/airflow/example_dags/tutorial_dag.py took 0.075 seconds
