[2023-03-31T12:42:37.575+0000] {taskinstance.py:1084} INFO - Dependencies all met for dep_context=non-requeueable deps ti=<TaskInstance: tutorial_executa_dag.capture_count_data manual__2023-03-31T12:42:35.009598+00:00 [queued]>
[2023-03-31T12:42:37.596+0000] {taskinstance.py:1084} INFO - Dependencies all met for dep_context=requeueable deps ti=<TaskInstance: tutorial_executa_dag.capture_count_data manual__2023-03-31T12:42:35.009598+00:00 [queued]>
[2023-03-31T12:42:37.600+0000] {taskinstance.py:1282} INFO - 
--------------------------------------------------------------------------------
[2023-03-31T12:42:37.601+0000] {taskinstance.py:1283} INFO - Starting attempt 1 of 1
[2023-03-31T12:42:37.603+0000] {taskinstance.py:1284} INFO - 
--------------------------------------------------------------------------------
[2023-03-31T12:42:37.630+0000] {taskinstance.py:1303} INFO - Executing <Task(PythonOperator): capture_count_data> on 2023-03-31 12:42:35.009598+00:00
[2023-03-31T12:42:37.639+0000] {standard_task_runner.py:55} INFO - Started process 133 to run task
[2023-03-31T12:42:37.648+0000] {standard_task_runner.py:82} INFO - Running: ['***', 'tasks', 'run', 'tutorial_executa_dag', 'capture_count_data', 'manual__2023-03-31T12:42:35.009598+00:00', '--job-id', '4', '--raw', '--subdir', 'DAGS_FOLDER/tutorial_executa_dag.py', '--cfg-path', '/tmp/tmpufcyksb2']
[2023-03-31T12:42:37.649+0000] {standard_task_runner.py:83} INFO - Job 4: Subtask capture_count_data
[2023-03-31T12:42:37.728+0000] {task_command.py:388} INFO - Running <TaskInstance: tutorial_executa_dag.capture_count_data manual__2023-03-31T12:42:35.009598+00:00 [running]> on host 7d652e404e13
[2023-03-31T12:42:37.800+0000] {taskinstance.py:1511} INFO - Exporting the following env vars:
AIRFLOW_CTX_DAG_OWNER=***
AIRFLOW_CTX_DAG_ID=tutorial_executa_dag
AIRFLOW_CTX_TASK_ID=capture_count_data
AIRFLOW_CTX_EXECUTION_DATE=2023-03-31T12:42:35.009598+00:00
AIRFLOW_CTX_TRY_NUMBER=1
AIRFLOW_CTX_DAG_RUN_ID=manual__2023-03-31T12:42:35.009598+00:00
[2023-03-31T12:42:38.831+0000] {python.py:177} INFO - Done. Returned value was: 1000
[2023-03-31T12:42:38.863+0000] {taskinstance.py:1326} INFO - Marking task as SUCCESS. dag_id=tutorial_executa_dag, task_id=capture_count_data, execution_date=20230331T124235, start_date=20230331T124237, end_date=20230331T124238
[2023-03-31T12:42:38.909+0000] {local_task_job.py:212} INFO - Task exited with return code 0
[2023-03-31T12:42:38.936+0000] {taskinstance.py:2585} INFO - 1 downstream tasks scheduled from follow-on schedule check
