[2023-04-15T10:49:43.410+0000] {taskinstance.py:1084} INFO - Dependencies all met for dep_context=non-requeueable deps ti=<TaskInstance: tutorial_executa_dag.is_suited scheduled__2023-04-15T09:30:00+00:00 [queued]>
[2023-04-15T10:49:43.421+0000] {taskinstance.py:1084} INFO - Dependencies all met for dep_context=requeueable deps ti=<TaskInstance: tutorial_executa_dag.is_suited scheduled__2023-04-15T09:30:00+00:00 [queued]>
[2023-04-15T10:49:43.422+0000] {taskinstance.py:1282} INFO - 
--------------------------------------------------------------------------------
[2023-04-15T10:49:43.422+0000] {taskinstance.py:1283} INFO - Starting attempt 1 of 1
[2023-04-15T10:49:43.423+0000] {taskinstance.py:1284} INFO - 
--------------------------------------------------------------------------------
[2023-04-15T10:49:43.433+0000] {taskinstance.py:1303} INFO - Executing <Task(BranchPythonOperator): is_suited> on 2023-04-15 09:30:00+00:00
[2023-04-15T10:49:43.442+0000] {standard_task_runner.py:55} INFO - Started process 722 to run task
[2023-04-15T10:49:43.448+0000] {standard_task_runner.py:82} INFO - Running: ['***', 'tasks', 'run', 'tutorial_executa_dag', 'is_suited', 'scheduled__2023-04-15T09:30:00+00:00', '--job-id', '109', '--raw', '--subdir', 'DAGS_FOLDER/tutorial_executa_dag.py', '--cfg-path', '/tmp/tmp3ahey12o']
[2023-04-15T10:49:43.449+0000] {standard_task_runner.py:83} INFO - Job 109: Subtask is_suited
[2023-04-15T10:49:43.534+0000] {task_command.py:388} INFO - Running <TaskInstance: tutorial_executa_dag.is_suited scheduled__2023-04-15T09:30:00+00:00 [running]> on host 229ecb906897
[2023-04-15T10:49:43.656+0000] {taskinstance.py:1511} INFO - Exporting the following env vars:
AIRFLOW_CTX_DAG_OWNER=***
AIRFLOW_CTX_DAG_ID=tutorial_executa_dag
AIRFLOW_CTX_TASK_ID=is_suited
AIRFLOW_CTX_EXECUTION_DATE=2023-04-15T09:30:00+00:00
AIRFLOW_CTX_TRY_NUMBER=1
AIRFLOW_CTX_DAG_RUN_ID=scheduled__2023-04-15T09:30:00+00:00
[2023-04-15T10:49:43.673+0000] {python.py:177} INFO - Done. Returned value was: unsuited
[2023-04-15T10:49:43.677+0000] {python.py:211} INFO - Branch callable return unsuited
[2023-04-15T10:49:43.678+0000] {skipmixin.py:155} INFO - Following branch unsuited
[2023-04-15T10:49:43.679+0000] {skipmixin.py:211} INFO - Skipping tasks ['suited']
[2023-04-15T10:49:43.730+0000] {taskinstance.py:1326} INFO - Marking task as SUCCESS. dag_id=tutorial_executa_dag, task_id=is_suited, execution_date=20230415T093000, start_date=20230415T104943, end_date=20230415T104943
[2023-04-15T10:49:43.779+0000] {local_task_job.py:212} INFO - Task exited with return code 0
[2023-04-15T10:49:43.805+0000] {taskinstance.py:2585} INFO - 1 downstream tasks scheduled from follow-on schedule check
